[2022-12-11 14:07:03,960] {taskinstance.py:1159} INFO - Dependencies all met for <TaskInstance: first_dag.generate_two_int_task scheduled__2022-12-11T14:06:00+00:00 [queued]>
[2022-12-11 14:07:03,974] {taskinstance.py:1159} INFO - Dependencies all met for <TaskInstance: first_dag.generate_two_int_task scheduled__2022-12-11T14:06:00+00:00 [queued]>
[2022-12-11 14:07:03,976] {taskinstance.py:1356} INFO - 
--------------------------------------------------------------------------------
[2022-12-11 14:07:03,976] {taskinstance.py:1357} INFO - Starting attempt 1 of 1
[2022-12-11 14:07:03,977] {taskinstance.py:1358} INFO - 
--------------------------------------------------------------------------------
[2022-12-11 14:07:03,997] {taskinstance.py:1377} INFO - Executing <Task(PythonOperator): generate_two_int_task> on 2022-12-11 14:06:00+00:00
[2022-12-11 14:07:04,003] {standard_task_runner.py:52} INFO - Started process 281 to run task
[2022-12-11 14:07:04,013] {standard_task_runner.py:79} INFO - Running: ['***', 'tasks', 'run', 'first_dag', 'generate_two_int_task', 'scheduled__2022-12-11T14:06:00+00:00', '--job-id', '354', '--raw', '--subdir', 'DAGS_FOLDER/first-dag.py', '--cfg-path', '/tmp/tmp1hbxev9i', '--error-file', '/tmp/tmpdk4kje4u']
[2022-12-11 14:07:04,016] {standard_task_runner.py:80} INFO - Job 354: Subtask generate_two_int_task
[2022-12-11 14:07:04,100] {task_command.py:369} INFO - Running <TaskInstance: first_dag.generate_two_int_task scheduled__2022-12-11T14:06:00+00:00 [running]> on host 7e39590a7807
[2022-12-11 14:07:04,223] {taskinstance.py:1571} INFO - Exporting the following env vars:
AIRFLOW_CTX_DAG_OWNER=***
AIRFLOW_CTX_DAG_ID=first_dag
AIRFLOW_CTX_TASK_ID=generate_two_int_task
AIRFLOW_CTX_EXECUTION_DATE=2022-12-11T14:06:00+00:00
AIRFLOW_CTX_TRY_NUMBER=1
AIRFLOW_CTX_DAG_RUN_ID=scheduled__2022-12-11T14:06:00+00:00
[2022-12-11 14:07:04,246] {python.py:173} INFO - Done. Returned value was: None
[2022-12-11 14:07:04,267] {taskinstance.py:1400} INFO - Marking task as SUCCESS. dag_id=first_dag, task_id=generate_two_int_task, execution_date=20221211T140600, start_date=20221211T140703, end_date=20221211T140704
[2022-12-11 14:07:04,309] {local_task_job.py:156} INFO - Task exited with return code 0
[2022-12-11 14:07:04,376] {local_task_job.py:273} INFO - 1 downstream tasks scheduled from follow-on schedule check
