[2022-12-11 19:12:25,365] {taskinstance.py:1159} INFO - Dependencies all met for <TaskInstance: first_dag.hello_task2 manual__2022-12-11T19:11:35.662211+00:00 [queued]>
[2022-12-11 19:12:25,381] {taskinstance.py:1159} INFO - Dependencies all met for <TaskInstance: first_dag.hello_task2 manual__2022-12-11T19:11:35.662211+00:00 [queued]>
[2022-12-11 19:12:25,383] {taskinstance.py:1356} INFO - 
--------------------------------------------------------------------------------
[2022-12-11 19:12:25,384] {taskinstance.py:1357} INFO - Starting attempt 1 of 1
[2022-12-11 19:12:25,385] {taskinstance.py:1358} INFO - 
--------------------------------------------------------------------------------
[2022-12-11 19:12:25,403] {taskinstance.py:1377} INFO - Executing <Task(BashOperator): hello_task2> on 2022-12-11 19:11:35.662211+00:00
[2022-12-11 19:12:25,409] {standard_task_runner.py:52} INFO - Started process 4726 to run task
[2022-12-11 19:12:25,417] {standard_task_runner.py:79} INFO - Running: ['***', 'tasks', 'run', 'first_dag', 'hello_task2', 'manual__2022-12-11T19:11:35.662211+00:00', '--job-id', '1248', '--raw', '--subdir', 'DAGS_FOLDER/first-dag.py', '--cfg-path', '/tmp/tmp7g6yjmwf', '--error-file', '/tmp/tmpi22ijqsk']
[2022-12-11 19:12:25,420] {standard_task_runner.py:80} INFO - Job 1248: Subtask hello_task2
[2022-12-11 19:12:25,500] {task_command.py:369} INFO - Running <TaskInstance: first_dag.hello_task2 manual__2022-12-11T19:11:35.662211+00:00 [running]> on host 7e39590a7807
[2022-12-11 19:12:25,611] {taskinstance.py:1571} INFO - Exporting the following env vars:
AIRFLOW_CTX_DAG_OWNER=***
AIRFLOW_CTX_DAG_ID=first_dag
AIRFLOW_CTX_TASK_ID=hello_task2
AIRFLOW_CTX_EXECUTION_DATE=2022-12-11T19:11:35.662211+00:00
AIRFLOW_CTX_TRY_NUMBER=1
AIRFLOW_CTX_DAG_RUN_ID=manual__2022-12-11T19:11:35.662211+00:00
[2022-12-11 19:12:25,614] {subprocess.py:62} INFO - Tmp dir root location: 
 /tmp
[2022-12-11 19:12:25,617] {subprocess.py:74} INFO - Running command: ['bash', '-c', 'echo hello']
[2022-12-11 19:12:25,631] {subprocess.py:85} INFO - Output:
[2022-12-11 19:12:25,635] {subprocess.py:92} INFO - hello
[2022-12-11 19:12:25,636] {subprocess.py:96} INFO - Command exited with return code 0
[2022-12-11 19:12:25,682] {taskinstance.py:1400} INFO - Marking task as SUCCESS. dag_id=first_dag, task_id=hello_task2, execution_date=20221211T191135, start_date=20221211T191225, end_date=20221211T191225
[2022-12-11 19:12:25,711] {local_task_job.py:156} INFO - Task exited with return code 0
[2022-12-11 19:12:25,758] {local_task_job.py:273} INFO - 0 downstream tasks scheduled from follow-on schedule check
