[2022-12-11 15:14:19,848] {taskinstance.py:1159} INFO - Dependencies all met for <TaskInstance: first_dag.generate_two_int_task manual__2022-12-11T15:14:16.636568+00:00 [queued]>
[2022-12-11 15:14:19,891] {taskinstance.py:1159} INFO - Dependencies all met for <TaskInstance: first_dag.generate_two_int_task manual__2022-12-11T15:14:16.636568+00:00 [queued]>
[2022-12-11 15:14:19,892] {taskinstance.py:1356} INFO - 
--------------------------------------------------------------------------------
[2022-12-11 15:14:19,893] {taskinstance.py:1357} INFO - Starting attempt 1 of 1
[2022-12-11 15:14:19,894] {taskinstance.py:1358} INFO - 
--------------------------------------------------------------------------------
[2022-12-11 15:14:19,926] {taskinstance.py:1377} INFO - Executing <Task(PythonOperator): generate_two_int_task> on 2022-12-11 15:14:16.636568+00:00
[2022-12-11 15:14:19,932] {standard_task_runner.py:52} INFO - Started process 2234 to run task
[2022-12-11 15:14:19,943] {standard_task_runner.py:79} INFO - Running: ['***', 'tasks', 'run', 'first_dag', 'generate_two_int_task', 'manual__2022-12-11T15:14:16.636568+00:00', '--job-id', '808', '--raw', '--subdir', 'DAGS_FOLDER/first-dag.py', '--cfg-path', '/tmp/tmpu4t4c58y', '--error-file', '/tmp/tmp6g82ffnx']
[2022-12-11 15:14:19,949] {standard_task_runner.py:80} INFO - Job 808: Subtask generate_two_int_task
[2022-12-11 15:14:20,062] {task_command.py:369} INFO - Running <TaskInstance: first_dag.generate_two_int_task manual__2022-12-11T15:14:16.636568+00:00 [running]> on host 7e39590a7807
[2022-12-11 15:14:20,200] {taskinstance.py:1571} INFO - Exporting the following env vars:
AIRFLOW_CTX_DAG_OWNER=***
AIRFLOW_CTX_DAG_ID=first_dag
AIRFLOW_CTX_TASK_ID=generate_two_int_task
AIRFLOW_CTX_EXECUTION_DATE=2022-12-11T15:14:16.636568+00:00
AIRFLOW_CTX_TRY_NUMBER=1
AIRFLOW_CTX_DAG_RUN_ID=manual__2022-12-11T15:14:16.636568+00:00
[2022-12-11 15:14:20,220] {python.py:173} INFO - Done. Returned value was: None
[2022-12-11 15:14:20,250] {taskinstance.py:1400} INFO - Marking task as SUCCESS. dag_id=first_dag, task_id=generate_two_int_task, execution_date=20221211T151416, start_date=20221211T151419, end_date=20221211T151420
[2022-12-11 15:14:20,281] {local_task_job.py:156} INFO - Task exited with return code 0
[2022-12-11 15:14:20,376] {local_task_job.py:273} INFO - 1 downstream tasks scheduled from follow-on schedule check
