[2022-12-11 14:15:04,131] {taskinstance.py:1159} INFO - Dependencies all met for <TaskInstance: first_dag.generate_two_int_task scheduled__2022-12-11T14:14:00+00:00 [queued]>
[2022-12-11 14:15:04,148] {taskinstance.py:1159} INFO - Dependencies all met for <TaskInstance: first_dag.generate_two_int_task scheduled__2022-12-11T14:14:00+00:00 [queued]>
[2022-12-11 14:15:04,149] {taskinstance.py:1356} INFO - 
--------------------------------------------------------------------------------
[2022-12-11 14:15:04,150] {taskinstance.py:1357} INFO - Starting attempt 1 of 1
[2022-12-11 14:15:04,151] {taskinstance.py:1358} INFO - 
--------------------------------------------------------------------------------
[2022-12-11 14:15:04,168] {taskinstance.py:1377} INFO - Executing <Task(PythonOperator): generate_two_int_task> on 2022-12-11 14:14:00+00:00
[2022-12-11 14:15:04,173] {standard_task_runner.py:52} INFO - Started process 472 to run task
[2022-12-11 14:15:04,184] {standard_task_runner.py:79} INFO - Running: ['***', 'tasks', 'run', 'first_dag', 'generate_two_int_task', 'scheduled__2022-12-11T14:14:00+00:00', '--job-id', '396', '--raw', '--subdir', 'DAGS_FOLDER/first-dag.py', '--cfg-path', '/tmp/tmpgc_ipa5e', '--error-file', '/tmp/tmpee66rs5z']
[2022-12-11 14:15:04,186] {standard_task_runner.py:80} INFO - Job 396: Subtask generate_two_int_task
[2022-12-11 14:15:04,274] {task_command.py:369} INFO - Running <TaskInstance: first_dag.generate_two_int_task scheduled__2022-12-11T14:14:00+00:00 [running]> on host 7e39590a7807
[2022-12-11 14:15:04,371] {taskinstance.py:1571} INFO - Exporting the following env vars:
AIRFLOW_CTX_DAG_OWNER=***
AIRFLOW_CTX_DAG_ID=first_dag
AIRFLOW_CTX_TASK_ID=generate_two_int_task
AIRFLOW_CTX_EXECUTION_DATE=2022-12-11T14:14:00+00:00
AIRFLOW_CTX_TRY_NUMBER=1
AIRFLOW_CTX_DAG_RUN_ID=scheduled__2022-12-11T14:14:00+00:00
[2022-12-11 14:15:04,386] {python.py:173} INFO - Done. Returned value was: None
[2022-12-11 14:15:04,403] {taskinstance.py:1400} INFO - Marking task as SUCCESS. dag_id=first_dag, task_id=generate_two_int_task, execution_date=20221211T141400, start_date=20221211T141504, end_date=20221211T141504
[2022-12-11 14:15:04,435] {local_task_job.py:156} INFO - Task exited with return code 0
[2022-12-11 14:15:04,477] {local_task_job.py:273} INFO - 0 downstream tasks scheduled from follow-on schedule check
