[2022-12-12 05:27:43,692] {taskinstance.py:1159} INFO - Dependencies all met for <TaskInstance: first_dag.hello_task manual__2022-12-12T05:27:42.228125+00:00 [queued]>
[2022-12-12 05:27:43,721] {taskinstance.py:1159} INFO - Dependencies all met for <TaskInstance: first_dag.hello_task manual__2022-12-12T05:27:42.228125+00:00 [queued]>
[2022-12-12 05:27:43,722] {taskinstance.py:1356} INFO - 
--------------------------------------------------------------------------------
[2022-12-12 05:27:43,723] {taskinstance.py:1357} INFO - Starting attempt 1 of 1
[2022-12-12 05:27:43,724] {taskinstance.py:1358} INFO - 
--------------------------------------------------------------------------------
[2022-12-12 05:27:43,768] {taskinstance.py:1377} INFO - Executing <Task(BashOperator): hello_task> on 2022-12-12 05:27:42.228125+00:00
[2022-12-12 05:27:43,782] {standard_task_runner.py:52} INFO - Started process 7874 to run task
[2022-12-12 05:27:43,810] {standard_task_runner.py:79} INFO - Running: ['***', 'tasks', 'run', 'first_dag', 'hello_task', 'manual__2022-12-12T05:27:42.228125+00:00', '--job-id', '1680', '--raw', '--subdir', 'DAGS_FOLDER/first-dag.py', '--cfg-path', '/tmp/tmp574qle67', '--error-file', '/tmp/tmpc8yoh9v6']
[2022-12-12 05:27:43,817] {standard_task_runner.py:80} INFO - Job 1680: Subtask hello_task
[2022-12-12 05:27:44,086] {task_command.py:369} INFO - Running <TaskInstance: first_dag.hello_task manual__2022-12-12T05:27:42.228125+00:00 [running]> on host 7e39590a7807
[2022-12-12 05:27:45,400] {taskinstance.py:1571} INFO - Exporting the following env vars:
AIRFLOW_CTX_DAG_OWNER=***
AIRFLOW_CTX_DAG_ID=first_dag
AIRFLOW_CTX_TASK_ID=hello_task
AIRFLOW_CTX_EXECUTION_DATE=2022-12-12T05:27:42.228125+00:00
AIRFLOW_CTX_TRY_NUMBER=1
AIRFLOW_CTX_DAG_RUN_ID=manual__2022-12-12T05:27:42.228125+00:00
[2022-12-12 05:27:45,414] {subprocess.py:62} INFO - Tmp dir root location: 
 /tmp
[2022-12-12 05:27:45,420] {subprocess.py:74} INFO - Running command: ['bash', '-c', 'echo hello']
[2022-12-12 05:27:45,577] {subprocess.py:85} INFO - Output:
[2022-12-12 05:27:45,904] {subprocess.py:92} INFO - hello
[2022-12-12 05:27:45,915] {subprocess.py:96} INFO - Command exited with return code 0
[2022-12-12 05:27:46,259] {taskinstance.py:1400} INFO - Marking task as SUCCESS. dag_id=first_dag, task_id=hello_task, execution_date=20221212T052742, start_date=20221212T052743, end_date=20221212T052746
[2022-12-12 05:27:46,529] {local_task_job.py:156} INFO - Task exited with return code 0
[2022-12-12 05:27:46,946] {local_task_job.py:273} INFO - 1 downstream tasks scheduled from follow-on schedule check
