[2022-12-04 19:20:36,640] {taskinstance.py:1159} INFO - Dependencies all met for <TaskInstance: first_dag.write_diff_task manual__2022-12-04T19:20:34.067265+00:00 [queued]>
[2022-12-04 19:20:36,739] {taskinstance.py:1159} INFO - Dependencies all met for <TaskInstance: first_dag.write_diff_task manual__2022-12-04T19:20:34.067265+00:00 [queued]>
[2022-12-04 19:20:36,749] {taskinstance.py:1356} INFO - 
--------------------------------------------------------------------------------
[2022-12-04 19:20:36,760] {taskinstance.py:1357} INFO - Starting attempt 1 of 1
[2022-12-04 19:20:36,763] {taskinstance.py:1358} INFO - 
--------------------------------------------------------------------------------
[2022-12-04 19:20:36,846] {taskinstance.py:1377} INFO - Executing <Task(PythonOperator): write_diff_task> on 2022-12-04 19:20:34.067265+00:00
[2022-12-04 19:20:36,869] {standard_task_runner.py:52} INFO - Started process 284 to run task
[2022-12-04 19:20:36,908] {standard_task_runner.py:79} INFO - Running: ['***', 'tasks', 'run', 'first_dag', 'write_diff_task', 'manual__2022-12-04T19:20:34.067265+00:00', '--job-id', '245', '--raw', '--subdir', 'DAGS_FOLDER/first-dag.py', '--cfg-path', '/tmp/tmpm4x9ja0h', '--error-file', '/tmp/tmpou7dx0lv']
[2022-12-04 19:20:36,918] {standard_task_runner.py:80} INFO - Job 245: Subtask write_diff_task
[2022-12-04 19:20:37,455] {task_command.py:369} INFO - Running <TaskInstance: first_dag.write_diff_task manual__2022-12-04T19:20:34.067265+00:00 [running]> on host 4393b4454aa8
[2022-12-04 19:20:37,926] {taskinstance.py:1571} INFO - Exporting the following env vars:
AIRFLOW_CTX_DAG_OWNER=***
AIRFLOW_CTX_DAG_ID=first_dag
AIRFLOW_CTX_TASK_ID=write_diff_task
AIRFLOW_CTX_EXECUTION_DATE=2022-12-04T19:20:34.067265+00:00
AIRFLOW_CTX_TRY_NUMBER=1
AIRFLOW_CTX_DAG_RUN_ID=manual__2022-12-04T19:20:34.067265+00:00
[2022-12-04 19:20:38,034] {taskinstance.py:1889} ERROR - Task failed with exception
Traceback (most recent call last):
  File "/home/airflow/.local/lib/python3.7/site-packages/airflow/operators/python.py", line 171, in execute
    return_value = self.execute_callable()
  File "/home/airflow/.local/lib/python3.7/site-packages/airflow/operators/python.py", line 189, in execute_callable
    return self.python_callable(*self.op_args, **self.op_kwargs)
  File "/opt/airflow/dags/first-dag.py", line 37, in write_diff
    with open(path_to_file, "rw") as file:
ValueError: must have exactly one of create/read/write/append mode
[2022-12-04 19:20:38,094] {taskinstance.py:1400} INFO - Marking task as FAILED. dag_id=first_dag, task_id=write_diff_task, execution_date=20221204T192034, start_date=20221204T192036, end_date=20221204T192038
[2022-12-04 19:20:38,157] {standard_task_runner.py:97} ERROR - Failed to execute job 245 for task write_diff_task (must have exactly one of create/read/write/append mode; 284)
[2022-12-04 19:20:38,214] {local_task_job.py:156} INFO - Task exited with return code 1
[2022-12-04 19:20:38,516] {local_task_job.py:273} INFO - 0 downstream tasks scheduled from follow-on schedule check
