[2022-12-04 19:26:32,717] {taskinstance.py:1159} INFO - Dependencies all met for <TaskInstance: first_dag.world manual__2022-12-04T19:26:29.252891+00:00 [queued]>
[2022-12-04 19:26:32,737] {taskinstance.py:1159} INFO - Dependencies all met for <TaskInstance: first_dag.world manual__2022-12-04T19:26:29.252891+00:00 [queued]>
[2022-12-04 19:26:32,738] {taskinstance.py:1356} INFO - 
--------------------------------------------------------------------------------
[2022-12-04 19:26:32,740] {taskinstance.py:1357} INFO - Starting attempt 1 of 1
[2022-12-04 19:26:32,741] {taskinstance.py:1358} INFO - 
--------------------------------------------------------------------------------
[2022-12-04 19:26:32,764] {taskinstance.py:1377} INFO - Executing <Task(PythonOperator): world> on 2022-12-04 19:26:29.252891+00:00
[2022-12-04 19:26:32,769] {standard_task_runner.py:52} INFO - Started process 390 to run task
[2022-12-04 19:26:32,784] {standard_task_runner.py:79} INFO - Running: ['***', 'tasks', 'run', 'first_dag', 'world', 'manual__2022-12-04T19:26:29.252891+00:00', '--job-id', '257', '--raw', '--subdir', 'DAGS_FOLDER/first-dag.py', '--cfg-path', '/tmp/tmpuvrlw5us', '--error-file', '/tmp/tmpchnfx2i1']
[2022-12-04 19:26:32,787] {standard_task_runner.py:80} INFO - Job 257: Subtask world
[2022-12-04 19:26:32,904] {task_command.py:369} INFO - Running <TaskInstance: first_dag.world manual__2022-12-04T19:26:29.252891+00:00 [running]> on host 4393b4454aa8
[2022-12-04 19:26:33,024] {taskinstance.py:1571} INFO - Exporting the following env vars:
AIRFLOW_CTX_DAG_OWNER=***
AIRFLOW_CTX_DAG_ID=first_dag
AIRFLOW_CTX_TASK_ID=world
AIRFLOW_CTX_EXECUTION_DATE=2022-12-04T19:26:29.252891+00:00
AIRFLOW_CTX_TRY_NUMBER=1
AIRFLOW_CTX_DAG_RUN_ID=manual__2022-12-04T19:26:29.252891+00:00
[2022-12-04 19:26:33,027] {logging_mixin.py:115} INFO - Airflow
[2022-12-04 19:26:33,029] {python.py:173} INFO - Done. Returned value was: None
[2022-12-04 19:26:33,058] {taskinstance.py:1400} INFO - Marking task as SUCCESS. dag_id=first_dag, task_id=world, execution_date=20221204T192629, start_date=20221204T192632, end_date=20221204T192633
[2022-12-04 19:26:33,114] {local_task_job.py:156} INFO - Task exited with return code 0
[2022-12-04 19:26:33,183] {local_task_job.py:273} INFO - 1 downstream tasks scheduled from follow-on schedule check
