[2022-12-11 14:08:03,508] {taskinstance.py:1159} INFO - Dependencies all met for <TaskInstance: first_dag.generate_two_int_task scheduled__2022-12-11T14:07:00+00:00 [queued]>
[2022-12-11 14:08:03,522] {taskinstance.py:1159} INFO - Dependencies all met for <TaskInstance: first_dag.generate_two_int_task scheduled__2022-12-11T14:07:00+00:00 [queued]>
[2022-12-11 14:08:03,523] {taskinstance.py:1356} INFO - 
--------------------------------------------------------------------------------
[2022-12-11 14:08:03,524] {taskinstance.py:1357} INFO - Starting attempt 1 of 1
[2022-12-11 14:08:03,525] {taskinstance.py:1358} INFO - 
--------------------------------------------------------------------------------
[2022-12-11 14:08:03,541] {taskinstance.py:1377} INFO - Executing <Task(PythonOperator): generate_two_int_task> on 2022-12-11 14:07:00+00:00
[2022-12-11 14:08:03,549] {standard_task_runner.py:52} INFO - Started process 302 to run task
[2022-12-11 14:08:03,560] {standard_task_runner.py:79} INFO - Running: ['***', 'tasks', 'run', 'first_dag', 'generate_two_int_task', 'scheduled__2022-12-11T14:07:00+00:00', '--job-id', '359', '--raw', '--subdir', 'DAGS_FOLDER/first-dag.py', '--cfg-path', '/tmp/tmp3mzmclk7', '--error-file', '/tmp/tmpjlturzy0']
[2022-12-11 14:08:03,563] {standard_task_runner.py:80} INFO - Job 359: Subtask generate_two_int_task
[2022-12-11 14:08:03,707] {task_command.py:369} INFO - Running <TaskInstance: first_dag.generate_two_int_task scheduled__2022-12-11T14:07:00+00:00 [running]> on host 7e39590a7807
[2022-12-11 14:08:03,893] {taskinstance.py:1571} INFO - Exporting the following env vars:
AIRFLOW_CTX_DAG_OWNER=***
AIRFLOW_CTX_DAG_ID=first_dag
AIRFLOW_CTX_TASK_ID=generate_two_int_task
AIRFLOW_CTX_EXECUTION_DATE=2022-12-11T14:07:00+00:00
AIRFLOW_CTX_TRY_NUMBER=1
AIRFLOW_CTX_DAG_RUN_ID=scheduled__2022-12-11T14:07:00+00:00
[2022-12-11 14:08:03,930] {python.py:173} INFO - Done. Returned value was: None
[2022-12-11 14:08:03,954] {taskinstance.py:1400} INFO - Marking task as SUCCESS. dag_id=first_dag, task_id=generate_two_int_task, execution_date=20221211T140700, start_date=20221211T140803, end_date=20221211T140803
[2022-12-11 14:08:04,014] {local_task_job.py:156} INFO - Task exited with return code 0
[2022-12-11 14:08:04,082] {local_task_job.py:273} INFO - 1 downstream tasks scheduled from follow-on schedule check
