[2022-12-11 19:44:22,785] {taskinstance.py:1159} INFO - Dependencies all met for <TaskInstance: first_dag.hello_task manual__2022-12-11T19:44:20.814427+00:00 [queued]>
[2022-12-11 19:44:22,801] {taskinstance.py:1159} INFO - Dependencies all met for <TaskInstance: first_dag.hello_task manual__2022-12-11T19:44:20.814427+00:00 [queued]>
[2022-12-11 19:44:22,802] {taskinstance.py:1356} INFO - 
--------------------------------------------------------------------------------
[2022-12-11 19:44:22,803] {taskinstance.py:1357} INFO - Starting attempt 1 of 1
[2022-12-11 19:44:22,803] {taskinstance.py:1358} INFO - 
--------------------------------------------------------------------------------
[2022-12-11 19:44:22,823] {taskinstance.py:1377} INFO - Executing <Task(BashOperator): hello_task> on 2022-12-11 19:44:20.814427+00:00
[2022-12-11 19:44:22,830] {standard_task_runner.py:52} INFO - Started process 5098 to run task
[2022-12-11 19:44:22,841] {standard_task_runner.py:79} INFO - Running: ['***', 'tasks', 'run', 'first_dag', 'hello_task', 'manual__2022-12-11T19:44:20.814427+00:00', '--job-id', '1264', '--raw', '--subdir', 'DAGS_FOLDER/first-dag.py', '--cfg-path', '/tmp/tmpmvtev8l4', '--error-file', '/tmp/tmpgtg4s5mo']
[2022-12-11 19:44:22,843] {standard_task_runner.py:80} INFO - Job 1264: Subtask hello_task
[2022-12-11 19:44:22,928] {task_command.py:369} INFO - Running <TaskInstance: first_dag.hello_task manual__2022-12-11T19:44:20.814427+00:00 [running]> on host 7e39590a7807
[2022-12-11 19:44:23,153] {taskinstance.py:1571} INFO - Exporting the following env vars:
AIRFLOW_CTX_DAG_OWNER=***
AIRFLOW_CTX_DAG_ID=first_dag
AIRFLOW_CTX_TASK_ID=hello_task
AIRFLOW_CTX_EXECUTION_DATE=2022-12-11T19:44:20.814427+00:00
AIRFLOW_CTX_TRY_NUMBER=1
AIRFLOW_CTX_DAG_RUN_ID=manual__2022-12-11T19:44:20.814427+00:00
[2022-12-11 19:44:23,156] {subprocess.py:62} INFO - Tmp dir root location: 
 /tmp
[2022-12-11 19:44:23,160] {subprocess.py:74} INFO - Running command: ['bash', '-c', 'echo hello']
[2022-12-11 19:44:23,203] {subprocess.py:85} INFO - Output:
[2022-12-11 19:44:23,231] {subprocess.py:92} INFO - hello
[2022-12-11 19:44:23,233] {subprocess.py:96} INFO - Command exited with return code 0
[2022-12-11 19:44:23,287] {taskinstance.py:1400} INFO - Marking task as SUCCESS. dag_id=first_dag, task_id=hello_task, execution_date=20221211T194420, start_date=20221211T194422, end_date=20221211T194423
[2022-12-11 19:44:23,387] {local_task_job.py:156} INFO - Task exited with return code 0
[2022-12-11 19:44:23,574] {local_task_job.py:273} INFO - 1 downstream tasks scheduled from follow-on schedule check
