[2022-12-11 15:17:59,828] {taskinstance.py:1159} INFO - Dependencies all met for <TaskInstance: first_dag.generate_two_int_task manual__2022-12-11T15:17:47.891332+00:00 [queued]>
[2022-12-11 15:17:59,880] {taskinstance.py:1159} INFO - Dependencies all met for <TaskInstance: first_dag.generate_two_int_task manual__2022-12-11T15:17:47.891332+00:00 [queued]>
[2022-12-11 15:17:59,881] {taskinstance.py:1356} INFO - 
--------------------------------------------------------------------------------
[2022-12-11 15:17:59,885] {taskinstance.py:1357} INFO - Starting attempt 1 of 1
[2022-12-11 15:17:59,886] {taskinstance.py:1358} INFO - 
--------------------------------------------------------------------------------
[2022-12-11 15:17:59,933] {taskinstance.py:1377} INFO - Executing <Task(PythonOperator): generate_two_int_task> on 2022-12-11 15:17:47.891332+00:00
[2022-12-11 15:17:59,939] {standard_task_runner.py:52} INFO - Started process 2362 to run task
[2022-12-11 15:17:59,955] {standard_task_runner.py:79} INFO - Running: ['***', 'tasks', 'run', 'first_dag', 'generate_two_int_task', 'manual__2022-12-11T15:17:47.891332+00:00', '--job-id', '842', '--raw', '--subdir', 'DAGS_FOLDER/first-dag.py', '--cfg-path', '/tmp/tmpmfs761em', '--error-file', '/tmp/tmpuepau19b']
[2022-12-11 15:17:59,964] {standard_task_runner.py:80} INFO - Job 842: Subtask generate_two_int_task
[2022-12-11 15:18:00,114] {task_command.py:369} INFO - Running <TaskInstance: first_dag.generate_two_int_task manual__2022-12-11T15:17:47.891332+00:00 [running]> on host 7e39590a7807
[2022-12-11 15:18:00,298] {taskinstance.py:1571} INFO - Exporting the following env vars:
AIRFLOW_CTX_DAG_OWNER=***
AIRFLOW_CTX_DAG_ID=first_dag
AIRFLOW_CTX_TASK_ID=generate_two_int_task
AIRFLOW_CTX_EXECUTION_DATE=2022-12-11T15:17:47.891332+00:00
AIRFLOW_CTX_TRY_NUMBER=1
AIRFLOW_CTX_DAG_RUN_ID=manual__2022-12-11T15:17:47.891332+00:00
[2022-12-11 15:18:00,328] {python.py:173} INFO - Done. Returned value was: None
[2022-12-11 15:18:00,356] {taskinstance.py:1400} INFO - Marking task as SUCCESS. dag_id=first_dag, task_id=generate_two_int_task, execution_date=20221211T151747, start_date=20221211T151759, end_date=20221211T151800
[2022-12-11 15:18:00,415] {local_task_job.py:156} INFO - Task exited with return code 0
[2022-12-11 15:18:00,557] {local_task_job.py:273} INFO - 1 downstream tasks scheduled from follow-on schedule check
