[2022-12-11 14:12:01,920] {taskinstance.py:1159} INFO - Dependencies all met for <TaskInstance: first_dag.write_diff_task scheduled__2022-12-11T14:11:00+00:00 [queued]>
[2022-12-11 14:12:01,963] {taskinstance.py:1159} INFO - Dependencies all met for <TaskInstance: first_dag.write_diff_task scheduled__2022-12-11T14:11:00+00:00 [queued]>
[2022-12-11 14:12:01,964] {taskinstance.py:1356} INFO - 
--------------------------------------------------------------------------------
[2022-12-11 14:12:01,964] {taskinstance.py:1357} INFO - Starting attempt 1 of 1
[2022-12-11 14:12:01,965] {taskinstance.py:1358} INFO - 
--------------------------------------------------------------------------------
[2022-12-11 14:12:02,013] {taskinstance.py:1377} INFO - Executing <Task(PythonOperator): write_diff_task> on 2022-12-11 14:11:00+00:00
[2022-12-11 14:12:02,020] {standard_task_runner.py:52} INFO - Started process 398 to run task
[2022-12-11 14:12:02,047] {standard_task_runner.py:79} INFO - Running: ['***', 'tasks', 'run', 'first_dag', 'write_diff_task', 'scheduled__2022-12-11T14:11:00+00:00', '--job-id', '379', '--raw', '--subdir', 'DAGS_FOLDER/first-dag.py', '--cfg-path', '/tmp/tmpx1i97tz5', '--error-file', '/tmp/tmp0a5px5jj']
[2022-12-11 14:12:02,053] {standard_task_runner.py:80} INFO - Job 379: Subtask write_diff_task
[2022-12-11 14:12:02,283] {task_command.py:369} INFO - Running <TaskInstance: first_dag.write_diff_task scheduled__2022-12-11T14:11:00+00:00 [running]> on host 7e39590a7807
[2022-12-11 14:12:02,477] {taskinstance.py:1571} INFO - Exporting the following env vars:
AIRFLOW_CTX_DAG_OWNER=***
AIRFLOW_CTX_DAG_ID=first_dag
AIRFLOW_CTX_TASK_ID=write_diff_task
AIRFLOW_CTX_EXECUTION_DATE=2022-12-11T14:11:00+00:00
AIRFLOW_CTX_TRY_NUMBER=1
AIRFLOW_CTX_DAG_RUN_ID=scheduled__2022-12-11T14:11:00+00:00
[2022-12-11 14:12:02,572] {python.py:173} INFO - Done. Returned value was: None
[2022-12-11 14:12:02,599] {taskinstance.py:1400} INFO - Marking task as SUCCESS. dag_id=first_dag, task_id=write_diff_task, execution_date=20221211T141100, start_date=20221211T141201, end_date=20221211T141202
[2022-12-11 14:12:02,671] {local_task_job.py:156} INFO - Task exited with return code 0
[2022-12-11 14:12:02,788] {local_task_job.py:273} INFO - 0 downstream tasks scheduled from follow-on schedule check
