[2022-12-11 16:51:17,249] {taskinstance.py:1159} INFO - Dependencies all met for <TaskInstance: first_dag.generate_two_int_task manual__2022-12-11T16:51:14.068449+00:00 [queued]>
[2022-12-11 16:51:17,262] {taskinstance.py:1159} INFO - Dependencies all met for <TaskInstance: first_dag.generate_two_int_task manual__2022-12-11T16:51:14.068449+00:00 [queued]>
[2022-12-11 16:51:17,263] {taskinstance.py:1356} INFO - 
--------------------------------------------------------------------------------
[2022-12-11 16:51:17,265] {taskinstance.py:1357} INFO - Starting attempt 1 of 1
[2022-12-11 16:51:17,267] {taskinstance.py:1358} INFO - 
--------------------------------------------------------------------------------
[2022-12-11 16:51:17,283] {taskinstance.py:1377} INFO - Executing <Task(PythonOperator): generate_two_int_task> on 2022-12-11 16:51:14.068449+00:00
[2022-12-11 16:51:17,291] {standard_task_runner.py:52} INFO - Started process 3445 to run task
[2022-12-11 16:51:17,295] {standard_task_runner.py:79} INFO - Running: ['***', 'tasks', 'run', 'first_dag', 'generate_two_int_task', 'manual__2022-12-11T16:51:14.068449+00:00', '--job-id', '1030', '--raw', '--subdir', 'DAGS_FOLDER/first-dag.py', '--cfg-path', '/tmp/tmpzd1b9xeg', '--error-file', '/tmp/tmpcmyieck8']
[2022-12-11 16:51:17,298] {standard_task_runner.py:80} INFO - Job 1030: Subtask generate_two_int_task
[2022-12-11 16:51:17,383] {task_command.py:369} INFO - Running <TaskInstance: first_dag.generate_two_int_task manual__2022-12-11T16:51:14.068449+00:00 [running]> on host 7e39590a7807
[2022-12-11 16:51:17,488] {taskinstance.py:1571} INFO - Exporting the following env vars:
AIRFLOW_CTX_DAG_OWNER=***
AIRFLOW_CTX_DAG_ID=first_dag
AIRFLOW_CTX_TASK_ID=generate_two_int_task
AIRFLOW_CTX_EXECUTION_DATE=2022-12-11T16:51:14.068449+00:00
AIRFLOW_CTX_TRY_NUMBER=1
AIRFLOW_CTX_DAG_RUN_ID=manual__2022-12-11T16:51:14.068449+00:00
[2022-12-11 16:51:17,515] {python.py:173} INFO - Done. Returned value was: None
[2022-12-11 16:51:17,539] {taskinstance.py:1400} INFO - Marking task as SUCCESS. dag_id=first_dag, task_id=generate_two_int_task, execution_date=20221211T165114, start_date=20221211T165117, end_date=20221211T165117
[2022-12-11 16:51:17,601] {local_task_job.py:156} INFO - Task exited with return code 0
[2022-12-11 16:51:17,711] {local_task_job.py:273} INFO - 1 downstream tasks scheduled from follow-on schedule check
