[2022-12-11 20:24:19,892] {taskinstance.py:1159} INFO - Dependencies all met for <TaskInstance: first_dag.insert_data manual__2022-12-11T20:23:27.842898+00:00 [queued]>
[2022-12-11 20:24:19,921] {taskinstance.py:1159} INFO - Dependencies all met for <TaskInstance: first_dag.insert_data manual__2022-12-11T20:23:27.842898+00:00 [queued]>
[2022-12-11 20:24:19,922] {taskinstance.py:1356} INFO - 
--------------------------------------------------------------------------------
[2022-12-11 20:24:19,923] {taskinstance.py:1357} INFO - Starting attempt 1 of 1
[2022-12-11 20:24:19,924] {taskinstance.py:1358} INFO - 
--------------------------------------------------------------------------------
[2022-12-11 20:24:19,959] {taskinstance.py:1377} INFO - Executing <Task(PythonOperator): insert_data> on 2022-12-11 20:23:27.842898+00:00
[2022-12-11 20:24:19,964] {standard_task_runner.py:52} INFO - Started process 5896 to run task
[2022-12-11 20:24:19,981] {standard_task_runner.py:79} INFO - Running: ['***', 'tasks', 'run', 'first_dag', 'insert_data', 'manual__2022-12-11T20:23:27.842898+00:00', '--job-id', '1424', '--raw', '--subdir', 'DAGS_FOLDER/first-dag.py', '--cfg-path', '/tmp/tmpu6zwnvrn', '--error-file', '/tmp/tmpm2v5aglt']
[2022-12-11 20:24:19,985] {standard_task_runner.py:80} INFO - Job 1424: Subtask insert_data
[2022-12-11 20:24:20,144] {task_command.py:369} INFO - Running <TaskInstance: first_dag.insert_data manual__2022-12-11T20:23:27.842898+00:00 [running]> on host 7e39590a7807
[2022-12-11 20:24:20,318] {taskinstance.py:1571} INFO - Exporting the following env vars:
AIRFLOW_CTX_DAG_OWNER=***
AIRFLOW_CTX_DAG_ID=first_dag
AIRFLOW_CTX_TASK_ID=insert_data
AIRFLOW_CTX_EXECUTION_DATE=2022-12-11T20:23:27.842898+00:00
AIRFLOW_CTX_TRY_NUMBER=1
AIRFLOW_CTX_DAG_RUN_ID=manual__2022-12-11T20:23:27.842898+00:00
[2022-12-11 20:24:20,342] {base.py:68} INFO - Using connection ID 'db' for task execution.
[2022-12-11 20:24:20,369] {python.py:173} INFO - Done. Returned value was: None
[2022-12-11 20:24:20,397] {taskinstance.py:1400} INFO - Marking task as SUCCESS. dag_id=first_dag, task_id=insert_data, execution_date=20221211T202327, start_date=20221211T202419, end_date=20221211T202420
[2022-12-11 20:24:20,481] {local_task_job.py:156} INFO - Task exited with return code 0
[2022-12-11 20:24:20,587] {local_task_job.py:273} INFO - 0 downstream tasks scheduled from follow-on schedule check
