[2022-12-11 14:33:04,184] {taskinstance.py:1159} INFO - Dependencies all met for <TaskInstance: first_dag.sum_column_task scheduled__2022-12-11T14:32:00+00:00 [queued]>
[2022-12-11 14:33:04,202] {taskinstance.py:1159} INFO - Dependencies all met for <TaskInstance: first_dag.sum_column_task scheduled__2022-12-11T14:32:00+00:00 [queued]>
[2022-12-11 14:33:04,205] {taskinstance.py:1356} INFO - 
--------------------------------------------------------------------------------
[2022-12-11 14:33:04,206] {taskinstance.py:1357} INFO - Starting attempt 1 of 1
[2022-12-11 14:33:04,207] {taskinstance.py:1358} INFO - 
--------------------------------------------------------------------------------
[2022-12-11 14:33:04,226] {taskinstance.py:1377} INFO - Executing <Task(PythonOperator): sum_column_task> on 2022-12-11 14:32:00+00:00
[2022-12-11 14:33:04,231] {standard_task_runner.py:52} INFO - Started process 884 to run task
[2022-12-11 14:33:04,236] {standard_task_runner.py:79} INFO - Running: ['***', 'tasks', 'run', 'first_dag', 'sum_column_task', 'scheduled__2022-12-11T14:32:00+00:00', '--job-id', '496', '--raw', '--subdir', 'DAGS_FOLDER/first-dag.py', '--cfg-path', '/tmp/tmp1ev1drk2', '--error-file', '/tmp/tmpx6h5r0wl']
[2022-12-11 14:33:04,238] {standard_task_runner.py:80} INFO - Job 496: Subtask sum_column_task
[2022-12-11 14:33:04,420] {task_command.py:369} INFO - Running <TaskInstance: first_dag.sum_column_task scheduled__2022-12-11T14:32:00+00:00 [running]> on host 7e39590a7807
[2022-12-11 14:33:04,626] {taskinstance.py:1571} INFO - Exporting the following env vars:
AIRFLOW_CTX_DAG_OWNER=***
AIRFLOW_CTX_DAG_ID=first_dag
AIRFLOW_CTX_TASK_ID=sum_column_task
AIRFLOW_CTX_EXECUTION_DATE=2022-12-11T14:32:00+00:00
AIRFLOW_CTX_TRY_NUMBER=1
AIRFLOW_CTX_DAG_RUN_ID=scheduled__2022-12-11T14:32:00+00:00
[2022-12-11 14:33:04,640] {python.py:173} INFO - Done. Returned value was: -208
[2022-12-11 14:33:04,678] {taskinstance.py:1400} INFO - Marking task as SUCCESS. dag_id=first_dag, task_id=sum_column_task, execution_date=20221211T143200, start_date=20221211T143304, end_date=20221211T143304
[2022-12-11 14:33:04,743] {local_task_job.py:156} INFO - Task exited with return code 0
[2022-12-11 14:33:04,804] {local_task_job.py:273} INFO - 0 downstream tasks scheduled from follow-on schedule check
