[2022-12-04 19:36:48,198] {taskinstance.py:1159} INFO - Dependencies all met for <TaskInstance: first_dag.printer manual__2022-12-04T19:36:47.297971+00:00 [queued]>
[2022-12-04 19:36:48,223] {taskinstance.py:1159} INFO - Dependencies all met for <TaskInstance: first_dag.printer manual__2022-12-04T19:36:47.297971+00:00 [queued]>
[2022-12-04 19:36:48,224] {taskinstance.py:1356} INFO - 
--------------------------------------------------------------------------------
[2022-12-04 19:36:48,225] {taskinstance.py:1357} INFO - Starting attempt 1 of 1
[2022-12-04 19:36:48,226] {taskinstance.py:1358} INFO - 
--------------------------------------------------------------------------------
[2022-12-04 19:36:48,255] {taskinstance.py:1377} INFO - Executing <Task(PythonOperator): printer> on 2022-12-04 19:36:47.297971+00:00
[2022-12-04 19:36:48,263] {standard_task_runner.py:52} INFO - Started process 616 to run task
[2022-12-04 19:36:48,278] {standard_task_runner.py:79} INFO - Running: ['***', 'tasks', 'run', 'first_dag', 'printer', 'manual__2022-12-04T19:36:47.297971+00:00', '--job-id', '298', '--raw', '--subdir', 'DAGS_FOLDER/first-dag.py', '--cfg-path', '/tmp/tmpoivch_d1', '--error-file', '/tmp/tmp_h4ysqxl']
[2022-12-04 19:36:48,280] {standard_task_runner.py:80} INFO - Job 298: Subtask printer
[2022-12-04 19:36:48,383] {task_command.py:369} INFO - Running <TaskInstance: first_dag.printer manual__2022-12-04T19:36:47.297971+00:00 [running]> on host 4393b4454aa8
[2022-12-04 19:36:48,569] {taskinstance.py:1571} INFO - Exporting the following env vars:
AIRFLOW_CTX_DAG_OWNER=***
AIRFLOW_CTX_DAG_ID=first_dag
AIRFLOW_CTX_TASK_ID=printer
AIRFLOW_CTX_EXECUTION_DATE=2022-12-04T19:36:47.297971+00:00
AIRFLOW_CTX_TRY_NUMBER=1
AIRFLOW_CTX_DAG_RUN_ID=manual__2022-12-04T19:36:47.297971+00:00
[2022-12-04 19:36:48,598] {logging_mixin.py:115} INFO - The value is: None
[2022-12-04 19:36:48,599] {python.py:173} INFO - Done. Returned value was: None
[2022-12-04 19:36:48,651] {taskinstance.py:1400} INFO - Marking task as SUCCESS. dag_id=first_dag, task_id=printer, execution_date=20221204T193647, start_date=20221204T193648, end_date=20221204T193648
[2022-12-04 19:36:48,692] {local_task_job.py:156} INFO - Task exited with return code 0
[2022-12-04 19:36:48,737] {local_task_job.py:273} INFO - 0 downstream tasks scheduled from follow-on schedule check
