[2022-12-11 20:29:39,451] {taskinstance.py:1159} INFO - Dependencies all met for <TaskInstance: first_dag.branch_operator manual__2022-12-11T20:29:04.151533+00:00 [queued]>
[2022-12-11 20:29:39,562] {taskinstance.py:1159} INFO - Dependencies all met for <TaskInstance: first_dag.branch_operator manual__2022-12-11T20:29:04.151533+00:00 [queued]>
[2022-12-11 20:29:39,569] {taskinstance.py:1356} INFO - 
--------------------------------------------------------------------------------
[2022-12-11 20:29:39,570] {taskinstance.py:1357} INFO - Starting attempt 1 of 1
[2022-12-11 20:29:39,572] {taskinstance.py:1358} INFO - 
--------------------------------------------------------------------------------
[2022-12-11 20:29:44,196] {taskinstance.py:1377} INFO - Executing <Task(BranchPythonOperator): branch_operator> on 2022-12-11 20:29:04.151533+00:00
[2022-12-11 20:29:44,224] {standard_task_runner.py:52} INFO - Started process 6028 to run task
[2022-12-11 20:29:44,243] {standard_task_runner.py:79} INFO - Running: ['***', 'tasks', 'run', 'first_dag', 'branch_operator', 'manual__2022-12-11T20:29:04.151533+00:00', '--job-id', '1457', '--raw', '--subdir', 'DAGS_FOLDER/first-dag.py', '--cfg-path', '/tmp/tmpg_42c4ul', '--error-file', '/tmp/tmpjn8njfnw']
[2022-12-11 20:29:44,247] {standard_task_runner.py:80} INFO - Job 1457: Subtask branch_operator
[2022-12-11 20:29:45,051] {task_command.py:369} INFO - Running <TaskInstance: first_dag.branch_operator manual__2022-12-11T20:29:04.151533+00:00 [running]> on host 7e39590a7807
[2022-12-11 20:29:45,484] {taskinstance.py:1571} INFO - Exporting the following env vars:
AIRFLOW_CTX_DAG_OWNER=***
AIRFLOW_CTX_DAG_ID=first_dag
AIRFLOW_CTX_TASK_ID=branch_operator
AIRFLOW_CTX_EXECUTION_DATE=2022-12-11T20:29:04.151533+00:00
AIRFLOW_CTX_TRY_NUMBER=1
AIRFLOW_CTX_DAG_RUN_ID=manual__2022-12-11T20:29:04.151533+00:00
[2022-12-11 20:29:45,572] {python.py:173} INFO - Done. Returned value was: create_task_table
[2022-12-11 20:29:45,574] {skipmixin.py:140} INFO - Following branch create_task_table
[2022-12-11 20:29:45,576] {skipmixin.py:175} INFO - Skipping tasks ['bash_error']
[2022-12-11 20:29:45,882] {taskinstance.py:1400} INFO - Marking task as SUCCESS. dag_id=first_dag, task_id=branch_operator, execution_date=20221211T202904, start_date=20221211T202939, end_date=20221211T202945
[2022-12-11 20:29:46,044] {local_task_job.py:156} INFO - Task exited with return code 0
[2022-12-11 20:29:46,239] {local_task_job.py:273} INFO - 1 downstream tasks scheduled from follow-on schedule check
