[2022-12-11 20:19:09,111] {taskinstance.py:1159} INFO - Dependencies all met for <TaskInstance: first_dag.write_diff_task manual__2022-12-11T20:18:58.394555+00:00 [queued]>
[2022-12-11 20:19:09,142] {taskinstance.py:1159} INFO - Dependencies all met for <TaskInstance: first_dag.write_diff_task manual__2022-12-11T20:18:58.394555+00:00 [queued]>
[2022-12-11 20:19:09,145] {taskinstance.py:1356} INFO - 
--------------------------------------------------------------------------------
[2022-12-11 20:19:09,146] {taskinstance.py:1357} INFO - Starting attempt 1 of 1
[2022-12-11 20:19:09,148] {taskinstance.py:1358} INFO - 
--------------------------------------------------------------------------------
[2022-12-11 20:19:09,224] {taskinstance.py:1377} INFO - Executing <Task(PythonOperator): write_diff_task> on 2022-12-11 20:18:58.394555+00:00
[2022-12-11 20:19:09,242] {standard_task_runner.py:52} INFO - Started process 5684 to run task
[2022-12-11 20:19:09,275] {standard_task_runner.py:79} INFO - Running: ['***', 'tasks', 'run', 'first_dag', 'write_diff_task', 'manual__2022-12-11T20:18:58.394555+00:00', '--job-id', '1350', '--raw', '--subdir', 'DAGS_FOLDER/first-dag.py', '--cfg-path', '/tmp/tmpoep9r0tx', '--error-file', '/tmp/tmpw6_kl9do']
[2022-12-11 20:19:09,285] {standard_task_runner.py:80} INFO - Job 1350: Subtask write_diff_task
[2022-12-11 20:19:09,735] {task_command.py:369} INFO - Running <TaskInstance: first_dag.write_diff_task manual__2022-12-11T20:18:58.394555+00:00 [running]> on host 7e39590a7807
[2022-12-11 20:19:44,850] {taskinstance.py:1571} INFO - Exporting the following env vars:
AIRFLOW_CTX_DAG_OWNER=***
AIRFLOW_CTX_DAG_ID=first_dag
AIRFLOW_CTX_TASK_ID=write_diff_task
AIRFLOW_CTX_EXECUTION_DATE=2022-12-11T20:18:58.394555+00:00
AIRFLOW_CTX_TRY_NUMBER=1
AIRFLOW_CTX_DAG_RUN_ID=manual__2022-12-11T20:18:58.394555+00:00
[2022-12-11 20:19:45,785] {python.py:173} INFO - Done. Returned value was: None
[2022-12-11 20:19:46,515] {taskinstance.py:1400} INFO - Marking task as SUCCESS. dag_id=first_dag, task_id=write_diff_task, execution_date=20221211T201858, start_date=20221211T201909, end_date=20221211T201946
[2022-12-11 20:19:46,689] {local_task_job.py:156} INFO - Task exited with return code 0
[2022-12-11 20:19:47,155] {local_task_job.py:273} INFO - 1 downstream tasks scheduled from follow-on schedule check
