[2022-12-11 15:27:34,790] {taskinstance.py:1159} INFO - Dependencies all met for <TaskInstance: first_dag.sum_column_task manual__2022-12-11T15:27:30.472640+00:00 [queued]>
[2022-12-11 15:27:34,814] {taskinstance.py:1159} INFO - Dependencies all met for <TaskInstance: first_dag.sum_column_task manual__2022-12-11T15:27:30.472640+00:00 [queued]>
[2022-12-11 15:27:34,816] {taskinstance.py:1356} INFO - 
--------------------------------------------------------------------------------
[2022-12-11 15:27:34,817] {taskinstance.py:1357} INFO - Starting attempt 1 of 1
[2022-12-11 15:27:34,818] {taskinstance.py:1358} INFO - 
--------------------------------------------------------------------------------
[2022-12-11 15:27:34,845] {taskinstance.py:1377} INFO - Executing <Task(PythonOperator): sum_column_task> on 2022-12-11 15:27:30.472640+00:00
[2022-12-11 15:27:34,857] {standard_task_runner.py:52} INFO - Started process 2641 to run task
[2022-12-11 15:27:34,870] {standard_task_runner.py:79} INFO - Running: ['***', 'tasks', 'run', 'first_dag', 'sum_column_task', 'manual__2022-12-11T15:27:30.472640+00:00', '--job-id', '917', '--raw', '--subdir', 'DAGS_FOLDER/first-dag.py', '--cfg-path', '/tmp/tmp51eyywjn', '--error-file', '/tmp/tmp_9vrifb9']
[2022-12-11 15:27:34,874] {standard_task_runner.py:80} INFO - Job 917: Subtask sum_column_task
[2022-12-11 15:27:35,017] {task_command.py:369} INFO - Running <TaskInstance: first_dag.sum_column_task manual__2022-12-11T15:27:30.472640+00:00 [running]> on host 7e39590a7807
[2022-12-11 15:27:35,167] {taskinstance.py:1571} INFO - Exporting the following env vars:
AIRFLOW_CTX_DAG_OWNER=***
AIRFLOW_CTX_DAG_ID=first_dag
AIRFLOW_CTX_TASK_ID=sum_column_task
AIRFLOW_CTX_EXECUTION_DATE=2022-12-11T15:27:30.472640+00:00
AIRFLOW_CTX_TRY_NUMBER=1
AIRFLOW_CTX_DAG_RUN_ID=manual__2022-12-11T15:27:30.472640+00:00
[2022-12-11 15:27:35,193] {logging_mixin.py:115} INFO - Different sum column is 0
[2022-12-11 15:27:35,194] {python.py:173} INFO - Done. Returned value was: 0
[2022-12-11 15:27:35,242] {taskinstance.py:1400} INFO - Marking task as SUCCESS. dag_id=first_dag, task_id=sum_column_task, execution_date=20221211T152730, start_date=20221211T152734, end_date=20221211T152735
[2022-12-11 15:27:35,292] {local_task_job.py:156} INFO - Task exited with return code 0
[2022-12-11 15:27:35,341] {local_task_job.py:273} INFO - 1 downstream tasks scheduled from follow-on schedule check
