[2022-12-11 18:16:15,612] {taskinstance.py:1159} INFO - Dependencies all met for <TaskInstance: first_dag.generate_two_int_task manual__2022-12-11T18:16:11.624927+00:00 [queued]>
[2022-12-11 18:16:15,629] {taskinstance.py:1159} INFO - Dependencies all met for <TaskInstance: first_dag.generate_two_int_task manual__2022-12-11T18:16:11.624927+00:00 [queued]>
[2022-12-11 18:16:15,631] {taskinstance.py:1356} INFO - 
--------------------------------------------------------------------------------
[2022-12-11 18:16:15,632] {taskinstance.py:1357} INFO - Starting attempt 1 of 1
[2022-12-11 18:16:15,633] {taskinstance.py:1358} INFO - 
--------------------------------------------------------------------------------
[2022-12-11 18:16:15,656] {taskinstance.py:1377} INFO - Executing <Task(PythonOperator): generate_two_int_task> on 2022-12-11 18:16:11.624927+00:00
[2022-12-11 18:16:15,665] {standard_task_runner.py:52} INFO - Started process 4213 to run task
[2022-12-11 18:16:15,676] {standard_task_runner.py:79} INFO - Running: ['***', 'tasks', 'run', 'first_dag', 'generate_two_int_task', 'manual__2022-12-11T18:16:11.624927+00:00', '--job-id', '1156', '--raw', '--subdir', 'DAGS_FOLDER/first-dag.py', '--cfg-path', '/tmp/tmpd11w6baj', '--error-file', '/tmp/tmp8a77wonm']
[2022-12-11 18:16:15,679] {standard_task_runner.py:80} INFO - Job 1156: Subtask generate_two_int_task
[2022-12-11 18:16:15,782] {task_command.py:369} INFO - Running <TaskInstance: first_dag.generate_two_int_task manual__2022-12-11T18:16:11.624927+00:00 [running]> on host 7e39590a7807
[2022-12-11 18:16:15,904] {taskinstance.py:1571} INFO - Exporting the following env vars:
AIRFLOW_CTX_DAG_OWNER=***
AIRFLOW_CTX_DAG_ID=first_dag
AIRFLOW_CTX_TASK_ID=generate_two_int_task
AIRFLOW_CTX_EXECUTION_DATE=2022-12-11T18:16:11.624927+00:00
AIRFLOW_CTX_TRY_NUMBER=1
AIRFLOW_CTX_DAG_RUN_ID=manual__2022-12-11T18:16:11.624927+00:00
[2022-12-11 18:16:15,930] {python.py:173} INFO - Done. Returned value was: None
[2022-12-11 18:16:15,955] {taskinstance.py:1400} INFO - Marking task as SUCCESS. dag_id=first_dag, task_id=generate_two_int_task, execution_date=20221211T181611, start_date=20221211T181615, end_date=20221211T181615
[2022-12-11 18:16:16,005] {local_task_job.py:156} INFO - Task exited with return code 0
[2022-12-11 18:16:16,070] {local_task_job.py:273} INFO - 1 downstream tasks scheduled from follow-on schedule check
