[2022-12-11 15:08:54,337] {taskinstance.py:1159} INFO - Dependencies all met for <TaskInstance: first_dag.sum_column_task manual__2022-12-11T15:08:47.522890+00:00 [queued]>
[2022-12-11 15:08:54,350] {taskinstance.py:1159} INFO - Dependencies all met for <TaskInstance: first_dag.sum_column_task manual__2022-12-11T15:08:47.522890+00:00 [queued]>
[2022-12-11 15:08:54,351] {taskinstance.py:1356} INFO - 
--------------------------------------------------------------------------------
[2022-12-11 15:08:54,353] {taskinstance.py:1357} INFO - Starting attempt 1 of 1
[2022-12-11 15:08:54,354] {taskinstance.py:1358} INFO - 
--------------------------------------------------------------------------------
[2022-12-11 15:08:54,388] {taskinstance.py:1377} INFO - Executing <Task(PythonOperator): sum_column_task> on 2022-12-11 15:08:47.522890+00:00
[2022-12-11 15:08:54,396] {standard_task_runner.py:52} INFO - Started process 1944 to run task
[2022-12-11 15:08:54,409] {standard_task_runner.py:79} INFO - Running: ['***', 'tasks', 'run', 'first_dag', 'sum_column_task', 'manual__2022-12-11T15:08:47.522890+00:00', '--job-id', '729', '--raw', '--subdir', 'DAGS_FOLDER/first-dag.py', '--cfg-path', '/tmp/tmp_kbzwue5', '--error-file', '/tmp/tmp1z5q7xw3']
[2022-12-11 15:08:54,412] {standard_task_runner.py:80} INFO - Job 729: Subtask sum_column_task
[2022-12-11 15:08:54,493] {task_command.py:369} INFO - Running <TaskInstance: first_dag.sum_column_task manual__2022-12-11T15:08:47.522890+00:00 [running]> on host 7e39590a7807
[2022-12-11 15:08:54,624] {taskinstance.py:1571} INFO - Exporting the following env vars:
AIRFLOW_CTX_DAG_OWNER=***
AIRFLOW_CTX_DAG_ID=first_dag
AIRFLOW_CTX_TASK_ID=sum_column_task
AIRFLOW_CTX_EXECUTION_DATE=2022-12-11T15:08:47.522890+00:00
AIRFLOW_CTX_TRY_NUMBER=1
AIRFLOW_CTX_DAG_RUN_ID=manual__2022-12-11T15:08:47.522890+00:00
[2022-12-11 15:08:54,656] {logging_mixin.py:115} INFO - Different sum column is -3
[2022-12-11 15:08:54,657] {python.py:173} INFO - Done. Returned value was: -3
[2022-12-11 15:08:54,699] {taskinstance.py:1400} INFO - Marking task as SUCCESS. dag_id=first_dag, task_id=sum_column_task, execution_date=20221211T150847, start_date=20221211T150854, end_date=20221211T150854
[2022-12-11 15:08:54,740] {local_task_job.py:156} INFO - Task exited with return code 0
[2022-12-11 15:08:54,804] {local_task_job.py:273} INFO - 1 downstream tasks scheduled from follow-on schedule check
