[2022-12-11 14:42:53,814] {taskinstance.py:1159} INFO - Dependencies all met for <TaskInstance: first_dag.generate_two_int_task manual__2022-12-11T14:42:50.286785+00:00 [queued]>
[2022-12-11 14:42:53,853] {taskinstance.py:1159} INFO - Dependencies all met for <TaskInstance: first_dag.generate_two_int_task manual__2022-12-11T14:42:50.286785+00:00 [queued]>
[2022-12-11 14:42:53,855] {taskinstance.py:1356} INFO - 
--------------------------------------------------------------------------------
[2022-12-11 14:42:53,857] {taskinstance.py:1357} INFO - Starting attempt 1 of 1
[2022-12-11 14:42:53,858] {taskinstance.py:1358} INFO - 
--------------------------------------------------------------------------------
[2022-12-11 14:42:53,909] {taskinstance.py:1377} INFO - Executing <Task(PythonOperator): generate_two_int_task> on 2022-12-11 14:42:50.286785+00:00
[2022-12-11 14:42:53,913] {standard_task_runner.py:52} INFO - Started process 1263 to run task
[2022-12-11 14:42:53,921] {standard_task_runner.py:79} INFO - Running: ['***', 'tasks', 'run', 'first_dag', 'generate_two_int_task', 'manual__2022-12-11T14:42:50.286785+00:00', '--job-id', '590', '--raw', '--subdir', 'DAGS_FOLDER/first-dag.py', '--cfg-path', '/tmp/tmptis8m80c', '--error-file', '/tmp/tmpza7ey6fe']
[2022-12-11 14:42:53,926] {standard_task_runner.py:80} INFO - Job 590: Subtask generate_two_int_task
[2022-12-11 14:42:54,325] {task_command.py:369} INFO - Running <TaskInstance: first_dag.generate_two_int_task manual__2022-12-11T14:42:50.286785+00:00 [running]> on host 7e39590a7807
[2022-12-11 14:42:54,489] {taskinstance.py:1571} INFO - Exporting the following env vars:
AIRFLOW_CTX_DAG_OWNER=***
AIRFLOW_CTX_DAG_ID=first_dag
AIRFLOW_CTX_TASK_ID=generate_two_int_task
AIRFLOW_CTX_EXECUTION_DATE=2022-12-11T14:42:50.286785+00:00
AIRFLOW_CTX_TRY_NUMBER=1
AIRFLOW_CTX_DAG_RUN_ID=manual__2022-12-11T14:42:50.286785+00:00
[2022-12-11 14:42:54,532] {python.py:173} INFO - Done. Returned value was: None
[2022-12-11 14:42:54,565] {taskinstance.py:1400} INFO - Marking task as SUCCESS. dag_id=first_dag, task_id=generate_two_int_task, execution_date=20221211T144250, start_date=20221211T144253, end_date=20221211T144254
[2022-12-11 14:42:54,612] {local_task_job.py:156} INFO - Task exited with return code 0
[2022-12-11 14:42:54,706] {local_task_job.py:273} INFO - 0 downstream tasks scheduled from follow-on schedule check
