[2022-12-11 16:09:49,965] {taskinstance.py:1159} INFO - Dependencies all met for <TaskInstance: first_dag.sum_column_task scheduled__2022-12-11T15:38:00+00:00 [queued]>
[2022-12-11 16:09:50,049] {taskinstance.py:1159} INFO - Dependencies all met for <TaskInstance: first_dag.sum_column_task scheduled__2022-12-11T15:38:00+00:00 [queued]>
[2022-12-11 16:09:50,064] {taskinstance.py:1356} INFO - 
--------------------------------------------------------------------------------
[2022-12-11 16:09:50,085] {taskinstance.py:1357} INFO - Starting attempt 1 of 1
[2022-12-11 16:09:50,089] {taskinstance.py:1358} INFO - 
--------------------------------------------------------------------------------
[2022-12-11 16:09:50,152] {taskinstance.py:1377} INFO - Executing <Task(PythonOperator): sum_column_task> on 2022-12-11 15:38:00+00:00
[2022-12-11 16:09:50,165] {standard_task_runner.py:52} INFO - Started process 2861 to run task
[2022-12-11 16:09:50,184] {standard_task_runner.py:79} INFO - Running: ['***', 'tasks', 'run', 'first_dag', 'sum_column_task', 'scheduled__2022-12-11T15:38:00+00:00', '--job-id', '978', '--raw', '--subdir', 'DAGS_FOLDER/first-dag.py', '--cfg-path', '/tmp/tmprh9ed5hq', '--error-file', '/tmp/tmpvteovf8_']
[2022-12-11 16:09:50,190] {standard_task_runner.py:80} INFO - Job 978: Subtask sum_column_task
[2022-12-11 16:09:50,387] {task_command.py:369} INFO - Running <TaskInstance: first_dag.sum_column_task scheduled__2022-12-11T15:38:00+00:00 [running]> on host 7e39590a7807
[2022-12-11 16:09:50,635] {taskinstance.py:1571} INFO - Exporting the following env vars:
AIRFLOW_CTX_DAG_OWNER=***
AIRFLOW_CTX_DAG_ID=first_dag
AIRFLOW_CTX_TASK_ID=sum_column_task
AIRFLOW_CTX_EXECUTION_DATE=2022-12-11T15:38:00+00:00
AIRFLOW_CTX_TRY_NUMBER=1
AIRFLOW_CTX_DAG_RUN_ID=scheduled__2022-12-11T15:38:00+00:00
[2022-12-11 16:09:50,662] {logging_mixin.py:115} INFO - Different sum column is -1
[2022-12-11 16:09:50,666] {python.py:173} INFO - Done. Returned value was: -1
[2022-12-11 16:09:50,725] {taskinstance.py:1400} INFO - Marking task as SUCCESS. dag_id=first_dag, task_id=sum_column_task, execution_date=20221211T153800, start_date=20221211T160949, end_date=20221211T160950
[2022-12-11 16:09:50,778] {local_task_job.py:156} INFO - Task exited with return code 0
[2022-12-11 16:09:50,854] {local_task_job.py:273} INFO - 1 downstream tasks scheduled from follow-on schedule check
