[2022-12-11 18:16:33,832] {taskinstance.py:1159} INFO - Dependencies all met for <TaskInstance: first_dag.hello_task manual__2022-12-11T18:16:30.357931+00:00 [queued]>
[2022-12-11 18:16:33,918] {taskinstance.py:1159} INFO - Dependencies all met for <TaskInstance: first_dag.hello_task manual__2022-12-11T18:16:30.357931+00:00 [queued]>
[2022-12-11 18:16:33,921] {taskinstance.py:1356} INFO - 
--------------------------------------------------------------------------------
[2022-12-11 18:16:33,922] {taskinstance.py:1357} INFO - Starting attempt 1 of 1
[2022-12-11 18:16:33,926] {taskinstance.py:1358} INFO - 
--------------------------------------------------------------------------------
[2022-12-11 18:16:34,003] {taskinstance.py:1377} INFO - Executing <Task(BashOperator): hello_task> on 2022-12-11 18:16:30.357931+00:00
[2022-12-11 18:16:34,029] {standard_task_runner.py:52} INFO - Started process 4230 to run task
[2022-12-11 18:16:34,065] {standard_task_runner.py:79} INFO - Running: ['***', 'tasks', 'run', 'first_dag', 'hello_task', 'manual__2022-12-11T18:16:30.357931+00:00', '--job-id', '1160', '--raw', '--subdir', 'DAGS_FOLDER/first-dag.py', '--cfg-path', '/tmp/tmp3tkwx59s', '--error-file', '/tmp/tmp595w6nxs']
[2022-12-11 18:16:34,071] {standard_task_runner.py:80} INFO - Job 1160: Subtask hello_task
[2022-12-11 18:16:35,512] {task_command.py:369} INFO - Running <TaskInstance: first_dag.hello_task manual__2022-12-11T18:16:30.357931+00:00 [running]> on host 7e39590a7807
[2022-12-11 18:16:36,666] {taskinstance.py:1571} INFO - Exporting the following env vars:
AIRFLOW_CTX_DAG_OWNER=***
AIRFLOW_CTX_DAG_ID=first_dag
AIRFLOW_CTX_TASK_ID=hello_task
AIRFLOW_CTX_EXECUTION_DATE=2022-12-11T18:16:30.357931+00:00
AIRFLOW_CTX_TRY_NUMBER=1
AIRFLOW_CTX_DAG_RUN_ID=manual__2022-12-11T18:16:30.357931+00:00
[2022-12-11 18:16:36,673] {subprocess.py:62} INFO - Tmp dir root location: 
 /tmp
[2022-12-11 18:16:36,692] {subprocess.py:74} INFO - Running command: ['bash', '-c', 'echo hello']
[2022-12-11 18:16:36,762] {subprocess.py:85} INFO - Output:
[2022-12-11 18:16:36,811] {subprocess.py:92} INFO - hello
[2022-12-11 18:16:36,813] {subprocess.py:96} INFO - Command exited with return code 0
[2022-12-11 18:16:36,933] {taskinstance.py:1400} INFO - Marking task as SUCCESS. dag_id=first_dag, task_id=hello_task, execution_date=20221211T181630, start_date=20221211T181633, end_date=20221211T181636
[2022-12-11 18:16:36,998] {local_task_job.py:156} INFO - Task exited with return code 0
[2022-12-11 18:16:37,077] {local_task_job.py:273} INFO - 1 downstream tasks scheduled from follow-on schedule check
