[2022-12-04 19:20:36,374] {taskinstance.py:1159} INFO - Dependencies all met for <TaskInstance: first_dag.hello_task manual__2022-12-04T19:20:34.067265+00:00 [queued]>
[2022-12-04 19:20:36,477] {taskinstance.py:1159} INFO - Dependencies all met for <TaskInstance: first_dag.hello_task manual__2022-12-04T19:20:34.067265+00:00 [queued]>
[2022-12-04 19:20:36,481] {taskinstance.py:1356} INFO - 
--------------------------------------------------------------------------------
[2022-12-04 19:20:36,485] {taskinstance.py:1357} INFO - Starting attempt 1 of 1
[2022-12-04 19:20:36,489] {taskinstance.py:1358} INFO - 
--------------------------------------------------------------------------------
[2022-12-04 19:20:36,530] {taskinstance.py:1377} INFO - Executing <Task(BashOperator): hello_task> on 2022-12-04 19:20:34.067265+00:00
[2022-12-04 19:20:36,543] {standard_task_runner.py:52} INFO - Started process 282 to run task
[2022-12-04 19:20:36,561] {standard_task_runner.py:79} INFO - Running: ['***', 'tasks', 'run', 'first_dag', 'hello_task', 'manual__2022-12-04T19:20:34.067265+00:00', '--job-id', '244', '--raw', '--subdir', 'DAGS_FOLDER/first-dag.py', '--cfg-path', '/tmp/tmp0hmqm7ha', '--error-file', '/tmp/tmp_j9mw9dg']
[2022-12-04 19:20:36,565] {standard_task_runner.py:80} INFO - Job 244: Subtask hello_task
[2022-12-04 19:20:36,793] {task_command.py:369} INFO - Running <TaskInstance: first_dag.hello_task manual__2022-12-04T19:20:34.067265+00:00 [running]> on host 4393b4454aa8
[2022-12-04 19:20:37,596] {taskinstance.py:1571} INFO - Exporting the following env vars:
AIRFLOW_CTX_DAG_OWNER=***
AIRFLOW_CTX_DAG_ID=first_dag
AIRFLOW_CTX_TASK_ID=hello_task
AIRFLOW_CTX_EXECUTION_DATE=2022-12-04T19:20:34.067265+00:00
AIRFLOW_CTX_TRY_NUMBER=1
AIRFLOW_CTX_DAG_RUN_ID=manual__2022-12-04T19:20:34.067265+00:00
[2022-12-04 19:20:37,602] {subprocess.py:62} INFO - Tmp dir root location: 
 /tmp
[2022-12-04 19:20:37,606] {subprocess.py:74} INFO - Running command: ['bash', '-c', 'echo hello']
[2022-12-04 19:20:37,714] {subprocess.py:85} INFO - Output:
[2022-12-04 19:20:37,786] {subprocess.py:92} INFO - hello
[2022-12-04 19:20:37,788] {subprocess.py:96} INFO - Command exited with return code 0
[2022-12-04 19:20:37,987] {taskinstance.py:1400} INFO - Marking task as SUCCESS. dag_id=first_dag, task_id=hello_task, execution_date=20221204T192034, start_date=20221204T192036, end_date=20221204T192037
[2022-12-04 19:20:38,110] {local_task_job.py:156} INFO - Task exited with return code 0
[2022-12-04 19:20:38,355] {local_task_job.py:273} INFO - 1 downstream tasks scheduled from follow-on schedule check
