[2022-12-12 05:14:06,403] {taskinstance.py:1159} INFO - Dependencies all met for <TaskInstance: first_dag.branch_operator manual__2022-12-12T05:13:44.422813+00:00 [queued]>
[2022-12-12 05:14:06,442] {taskinstance.py:1159} INFO - Dependencies all met for <TaskInstance: first_dag.branch_operator manual__2022-12-12T05:13:44.422813+00:00 [queued]>
[2022-12-12 05:14:06,446] {taskinstance.py:1356} INFO - 
--------------------------------------------------------------------------------
[2022-12-12 05:14:06,447] {taskinstance.py:1357} INFO - Starting attempt 1 of 1
[2022-12-12 05:14:06,448] {taskinstance.py:1358} INFO - 
--------------------------------------------------------------------------------
[2022-12-12 05:14:06,504] {taskinstance.py:1377} INFO - Executing <Task(BranchPythonOperator): branch_operator> on 2022-12-12 05:13:44.422813+00:00
[2022-12-12 05:14:06,518] {standard_task_runner.py:52} INFO - Started process 7576 to run task
[2022-12-12 05:14:06,543] {standard_task_runner.py:79} INFO - Running: ['***', 'tasks', 'run', 'first_dag', 'branch_operator', 'manual__2022-12-12T05:13:44.422813+00:00', '--job-id', '1608', '--raw', '--subdir', 'DAGS_FOLDER/first-dag.py', '--cfg-path', '/tmp/tmpt6tp30g0', '--error-file', '/tmp/tmproavzk7j']
[2022-12-12 05:14:06,559] {standard_task_runner.py:80} INFO - Job 1608: Subtask branch_operator
[2022-12-12 05:14:06,729] {task_command.py:369} INFO - Running <TaskInstance: first_dag.branch_operator manual__2022-12-12T05:13:44.422813+00:00 [running]> on host 7e39590a7807
[2022-12-12 05:14:06,968] {taskinstance.py:1571} INFO - Exporting the following env vars:
AIRFLOW_CTX_DAG_OWNER=***
AIRFLOW_CTX_DAG_ID=first_dag
AIRFLOW_CTX_TASK_ID=branch_operator
AIRFLOW_CTX_EXECUTION_DATE=2022-12-12T05:13:44.422813+00:00
AIRFLOW_CTX_TRY_NUMBER=1
AIRFLOW_CTX_DAG_RUN_ID=manual__2022-12-12T05:13:44.422813+00:00
[2022-12-12 05:14:07,010] {python.py:173} INFO - Done. Returned value was: create_task_table
[2022-12-12 05:14:07,011] {skipmixin.py:140} INFO - Following branch create_task_table
[2022-12-12 05:14:07,012] {skipmixin.py:175} INFO - Skipping tasks ['bash_error']
[2022-12-12 05:14:07,124] {taskinstance.py:1400} INFO - Marking task as SUCCESS. dag_id=first_dag, task_id=branch_operator, execution_date=20221212T051344, start_date=20221212T051406, end_date=20221212T051407
[2022-12-12 05:14:07,210] {local_task_job.py:156} INFO - Task exited with return code 0
[2022-12-12 05:14:07,279] {local_task_job.py:273} INFO - 1 downstream tasks scheduled from follow-on schedule check
