[2022-12-11 15:19:00,922] {taskinstance.py:1159} INFO - Dependencies all met for <TaskInstance: first_dag.hello_task scheduled__2022-12-11T15:18:00+00:00 [queued]>
[2022-12-11 15:19:00,934] {taskinstance.py:1159} INFO - Dependencies all met for <TaskInstance: first_dag.hello_task scheduled__2022-12-11T15:18:00+00:00 [queued]>
[2022-12-11 15:19:00,935] {taskinstance.py:1356} INFO - 
--------------------------------------------------------------------------------
[2022-12-11 15:19:00,936] {taskinstance.py:1357} INFO - Starting attempt 1 of 1
[2022-12-11 15:19:00,937] {taskinstance.py:1358} INFO - 
--------------------------------------------------------------------------------
[2022-12-11 15:19:00,954] {taskinstance.py:1377} INFO - Executing <Task(BashOperator): hello_task> on 2022-12-11 15:18:00+00:00
[2022-12-11 15:19:00,959] {standard_task_runner.py:52} INFO - Started process 2401 to run task
[2022-12-11 15:19:00,965] {standard_task_runner.py:79} INFO - Running: ['***', 'tasks', 'run', 'first_dag', 'hello_task', 'scheduled__2022-12-11T15:18:00+00:00', '--job-id', '852', '--raw', '--subdir', 'DAGS_FOLDER/first-dag.py', '--cfg-path', '/tmp/tmpc1g8r1kf', '--error-file', '/tmp/tmpir12fk5v']
[2022-12-11 15:19:00,967] {standard_task_runner.py:80} INFO - Job 852: Subtask hello_task
[2022-12-11 15:19:01,060] {task_command.py:369} INFO - Running <TaskInstance: first_dag.hello_task scheduled__2022-12-11T15:18:00+00:00 [running]> on host 7e39590a7807
[2022-12-11 15:19:01,155] {taskinstance.py:1571} INFO - Exporting the following env vars:
AIRFLOW_CTX_DAG_OWNER=***
AIRFLOW_CTX_DAG_ID=first_dag
AIRFLOW_CTX_TASK_ID=hello_task
AIRFLOW_CTX_EXECUTION_DATE=2022-12-11T15:18:00+00:00
AIRFLOW_CTX_TRY_NUMBER=1
AIRFLOW_CTX_DAG_RUN_ID=scheduled__2022-12-11T15:18:00+00:00
[2022-12-11 15:19:01,157] {subprocess.py:62} INFO - Tmp dir root location: 
 /tmp
[2022-12-11 15:19:01,159] {subprocess.py:74} INFO - Running command: ['bash', '-c', 'echo hello']
[2022-12-11 15:19:01,172] {subprocess.py:85} INFO - Output:
[2022-12-11 15:19:01,179] {subprocess.py:92} INFO - hello
[2022-12-11 15:19:01,180] {subprocess.py:96} INFO - Command exited with return code 0
[2022-12-11 15:19:01,231] {taskinstance.py:1400} INFO - Marking task as SUCCESS. dag_id=first_dag, task_id=hello_task, execution_date=20221211T151800, start_date=20221211T151900, end_date=20221211T151901
[2022-12-11 15:19:01,258] {local_task_job.py:156} INFO - Task exited with return code 0
[2022-12-11 15:19:01,311] {local_task_job.py:273} INFO - 1 downstream tasks scheduled from follow-on schedule check
