[2022-12-11 15:09:55,243] {taskinstance.py:1159} INFO - Dependencies all met for <TaskInstance: first_dag.write_diff_task manual__2022-12-11T15:09:49.498431+00:00 [queued]>
[2022-12-11 15:09:55,257] {taskinstance.py:1159} INFO - Dependencies all met for <TaskInstance: first_dag.write_diff_task manual__2022-12-11T15:09:49.498431+00:00 [queued]>
[2022-12-11 15:09:55,258] {taskinstance.py:1356} INFO - 
--------------------------------------------------------------------------------
[2022-12-11 15:09:55,259] {taskinstance.py:1357} INFO - Starting attempt 1 of 1
[2022-12-11 15:09:55,260] {taskinstance.py:1358} INFO - 
--------------------------------------------------------------------------------
[2022-12-11 15:09:55,279] {taskinstance.py:1377} INFO - Executing <Task(PythonOperator): write_diff_task> on 2022-12-11 15:09:49.498431+00:00
[2022-12-11 15:09:55,284] {standard_task_runner.py:52} INFO - Started process 1999 to run task
[2022-12-11 15:09:55,294] {standard_task_runner.py:79} INFO - Running: ['***', 'tasks', 'run', 'first_dag', 'write_diff_task', 'manual__2022-12-11T15:09:49.498431+00:00', '--job-id', '741', '--raw', '--subdir', 'DAGS_FOLDER/first-dag.py', '--cfg-path', '/tmp/tmpt_ls0aje', '--error-file', '/tmp/tmp8kxupp2z']
[2022-12-11 15:09:55,297] {standard_task_runner.py:80} INFO - Job 741: Subtask write_diff_task
[2022-12-11 15:09:55,376] {task_command.py:369} INFO - Running <TaskInstance: first_dag.write_diff_task manual__2022-12-11T15:09:49.498431+00:00 [running]> on host 7e39590a7807
[2022-12-11 15:09:55,483] {taskinstance.py:1571} INFO - Exporting the following env vars:
AIRFLOW_CTX_DAG_OWNER=***
AIRFLOW_CTX_DAG_ID=first_dag
AIRFLOW_CTX_TASK_ID=write_diff_task
AIRFLOW_CTX_EXECUTION_DATE=2022-12-11T15:09:49.498431+00:00
AIRFLOW_CTX_TRY_NUMBER=1
AIRFLOW_CTX_DAG_RUN_ID=manual__2022-12-11T15:09:49.498431+00:00
[2022-12-11 15:09:55,519] {python.py:173} INFO - Done. Returned value was: None
[2022-12-11 15:09:55,539] {taskinstance.py:1400} INFO - Marking task as SUCCESS. dag_id=first_dag, task_id=write_diff_task, execution_date=20221211T150949, start_date=20221211T150955, end_date=20221211T150955
[2022-12-11 15:09:55,586] {local_task_job.py:156} INFO - Task exited with return code 0
[2022-12-11 15:09:55,659] {local_task_job.py:273} INFO - 0 downstream tasks scheduled from follow-on schedule check
