[2022-12-04 19:32:32,617] {taskinstance.py:1159} INFO - Dependencies all met for <TaskInstance: first_dag.world manual__2022-12-04T19:32:29.235120+00:00 [queued]>
[2022-12-04 19:32:32,632] {taskinstance.py:1159} INFO - Dependencies all met for <TaskInstance: first_dag.world manual__2022-12-04T19:32:29.235120+00:00 [queued]>
[2022-12-04 19:32:32,633] {taskinstance.py:1356} INFO - 
--------------------------------------------------------------------------------
[2022-12-04 19:32:32,634] {taskinstance.py:1357} INFO - Starting attempt 1 of 1
[2022-12-04 19:32:32,634] {taskinstance.py:1358} INFO - 
--------------------------------------------------------------------------------
[2022-12-04 19:32:32,662] {taskinstance.py:1377} INFO - Executing <Task(PythonOperator): world> on 2022-12-04 19:32:29.235120+00:00
[2022-12-04 19:32:32,670] {standard_task_runner.py:52} INFO - Started process 467 to run task
[2022-12-04 19:32:32,682] {standard_task_runner.py:79} INFO - Running: ['***', 'tasks', 'run', 'first_dag', 'world', 'manual__2022-12-04T19:32:29.235120+00:00', '--job-id', '263', '--raw', '--subdir', 'DAGS_FOLDER/first-dag.py', '--cfg-path', '/tmp/tmp58on3t36', '--error-file', '/tmp/tmpak3zxave']
[2022-12-04 19:32:32,684] {standard_task_runner.py:80} INFO - Job 263: Subtask world
[2022-12-04 19:32:32,776] {task_command.py:369} INFO - Running <TaskInstance: first_dag.world manual__2022-12-04T19:32:29.235120+00:00 [running]> on host 4393b4454aa8
[2022-12-04 19:32:32,904] {taskinstance.py:1571} INFO - Exporting the following env vars:
AIRFLOW_CTX_DAG_OWNER=***
AIRFLOW_CTX_DAG_ID=first_dag
AIRFLOW_CTX_TASK_ID=world
AIRFLOW_CTX_EXECUTION_DATE=2022-12-04T19:32:29.235120+00:00
AIRFLOW_CTX_TRY_NUMBER=1
AIRFLOW_CTX_DAG_RUN_ID=manual__2022-12-04T19:32:29.235120+00:00
[2022-12-04 19:32:32,907] {logging_mixin.py:115} INFO - Airflow
[2022-12-04 19:32:32,909] {python.py:173} INFO - Done. Returned value was: None
[2022-12-04 19:32:32,931] {taskinstance.py:1400} INFO - Marking task as SUCCESS. dag_id=first_dag, task_id=world, execution_date=20221204T193229, start_date=20221204T193232, end_date=20221204T193232
[2022-12-04 19:32:32,978] {local_task_job.py:156} INFO - Task exited with return code 0
[2022-12-04 19:32:33,045] {local_task_job.py:273} INFO - 1 downstream tasks scheduled from follow-on schedule check
