[2022-12-11 14:35:03,555] {taskinstance.py:1159} INFO - Dependencies all met for <TaskInstance: first_dag.generate_two_int_task scheduled__2022-12-11T14:34:00+00:00 [queued]>
[2022-12-11 14:35:03,579] {taskinstance.py:1159} INFO - Dependencies all met for <TaskInstance: first_dag.generate_two_int_task scheduled__2022-12-11T14:34:00+00:00 [queued]>
[2022-12-11 14:35:03,581] {taskinstance.py:1356} INFO - 
--------------------------------------------------------------------------------
[2022-12-11 14:35:03,582] {taskinstance.py:1357} INFO - Starting attempt 1 of 1
[2022-12-11 14:35:03,583] {taskinstance.py:1358} INFO - 
--------------------------------------------------------------------------------
[2022-12-11 14:35:03,610] {taskinstance.py:1377} INFO - Executing <Task(PythonOperator): generate_two_int_task> on 2022-12-11 14:34:00+00:00
[2022-12-11 14:35:03,616] {standard_task_runner.py:52} INFO - Started process 940 to run task
[2022-12-11 14:35:03,628] {standard_task_runner.py:79} INFO - Running: ['***', 'tasks', 'run', 'first_dag', 'generate_two_int_task', 'scheduled__2022-12-11T14:34:00+00:00', '--job-id', '509', '--raw', '--subdir', 'DAGS_FOLDER/first-dag.py', '--cfg-path', '/tmp/tmphew_dttu', '--error-file', '/tmp/tmp7fg5jwhd']
[2022-12-11 14:35:03,630] {standard_task_runner.py:80} INFO - Job 509: Subtask generate_two_int_task
[2022-12-11 14:35:03,750] {task_command.py:369} INFO - Running <TaskInstance: first_dag.generate_two_int_task scheduled__2022-12-11T14:34:00+00:00 [running]> on host 7e39590a7807
[2022-12-11 14:35:03,899] {taskinstance.py:1571} INFO - Exporting the following env vars:
AIRFLOW_CTX_DAG_OWNER=***
AIRFLOW_CTX_DAG_ID=first_dag
AIRFLOW_CTX_TASK_ID=generate_two_int_task
AIRFLOW_CTX_EXECUTION_DATE=2022-12-11T14:34:00+00:00
AIRFLOW_CTX_TRY_NUMBER=1
AIRFLOW_CTX_DAG_RUN_ID=scheduled__2022-12-11T14:34:00+00:00
[2022-12-11 14:35:03,935] {python.py:173} INFO - Done. Returned value was: None
[2022-12-11 14:35:03,953] {taskinstance.py:1400} INFO - Marking task as SUCCESS. dag_id=first_dag, task_id=generate_two_int_task, execution_date=20221211T143400, start_date=20221211T143503, end_date=20221211T143503
[2022-12-11 14:35:03,998] {local_task_job.py:156} INFO - Task exited with return code 0
[2022-12-11 14:35:04,065] {local_task_job.py:273} INFO - 1 downstream tasks scheduled from follow-on schedule check
