[2022-12-11 15:01:03,274] {taskinstance.py:1159} INFO - Dependencies all met for <TaskInstance: first_dag.world scheduled__2022-12-11T15:00:00+00:00 [queued]>
[2022-12-11 15:01:03,292] {taskinstance.py:1159} INFO - Dependencies all met for <TaskInstance: first_dag.world scheduled__2022-12-11T15:00:00+00:00 [queued]>
[2022-12-11 15:01:03,293] {taskinstance.py:1356} INFO - 
--------------------------------------------------------------------------------
[2022-12-11 15:01:03,295] {taskinstance.py:1357} INFO - Starting attempt 1 of 1
[2022-12-11 15:01:03,296] {taskinstance.py:1358} INFO - 
--------------------------------------------------------------------------------
[2022-12-11 15:01:03,317] {taskinstance.py:1377} INFO - Executing <Task(PythonOperator): world> on 2022-12-11 15:00:00+00:00
[2022-12-11 15:01:03,322] {standard_task_runner.py:52} INFO - Started process 1710 to run task
[2022-12-11 15:01:03,330] {standard_task_runner.py:79} INFO - Running: ['***', 'tasks', 'run', 'first_dag', 'world', 'scheduled__2022-12-11T15:00:00+00:00', '--job-id', '671', '--raw', '--subdir', 'DAGS_FOLDER/first-dag.py', '--cfg-path', '/tmp/tmpf6gbmcsx', '--error-file', '/tmp/tmpqyb_plun']
[2022-12-11 15:01:03,332] {standard_task_runner.py:80} INFO - Job 671: Subtask world
[2022-12-11 15:01:03,416] {task_command.py:369} INFO - Running <TaskInstance: first_dag.world scheduled__2022-12-11T15:00:00+00:00 [running]> on host 7e39590a7807
[2022-12-11 15:01:03,515] {taskinstance.py:1571} INFO - Exporting the following env vars:
AIRFLOW_CTX_DAG_OWNER=***
AIRFLOW_CTX_DAG_ID=first_dag
AIRFLOW_CTX_TASK_ID=world
AIRFLOW_CTX_EXECUTION_DATE=2022-12-11T15:00:00+00:00
AIRFLOW_CTX_TRY_NUMBER=1
AIRFLOW_CTX_DAG_RUN_ID=scheduled__2022-12-11T15:00:00+00:00
[2022-12-11 15:01:03,518] {logging_mixin.py:115} INFO - Airflow
[2022-12-11 15:01:03,519] {python.py:173} INFO - Done. Returned value was: None
[2022-12-11 15:01:03,538] {taskinstance.py:1400} INFO - Marking task as SUCCESS. dag_id=first_dag, task_id=world, execution_date=20221211T150000, start_date=20221211T150103, end_date=20221211T150103
[2022-12-11 15:01:03,581] {local_task_job.py:156} INFO - Task exited with return code 0
[2022-12-11 15:01:03,641] {local_task_job.py:273} INFO - 1 downstream tasks scheduled from follow-on schedule check
