[2022-12-11 14:40:07,867] {taskinstance.py:1159} INFO - Dependencies all met for <TaskInstance: first_dag.hello_task manual__2022-12-11T14:40:06.974507+00:00 [queued]>
[2022-12-11 14:40:07,881] {taskinstance.py:1159} INFO - Dependencies all met for <TaskInstance: first_dag.hello_task manual__2022-12-11T14:40:06.974507+00:00 [queued]>
[2022-12-11 14:40:07,882] {taskinstance.py:1356} INFO - 
--------------------------------------------------------------------------------
[2022-12-11 14:40:07,883] {taskinstance.py:1357} INFO - Starting attempt 1 of 1
[2022-12-11 14:40:07,883] {taskinstance.py:1358} INFO - 
--------------------------------------------------------------------------------
[2022-12-11 14:40:07,903] {taskinstance.py:1377} INFO - Executing <Task(BashOperator): hello_task> on 2022-12-11 14:40:06.974507+00:00
[2022-12-11 14:40:07,908] {standard_task_runner.py:52} INFO - Started process 1184 to run task
[2022-12-11 14:40:07,915] {standard_task_runner.py:79} INFO - Running: ['***', 'tasks', 'run', 'first_dag', 'hello_task', 'manual__2022-12-11T14:40:06.974507+00:00', '--job-id', '572', '--raw', '--subdir', 'DAGS_FOLDER/first-dag.py', '--cfg-path', '/tmp/tmppypg1avv', '--error-file', '/tmp/tmps_xenwap']
[2022-12-11 14:40:07,917] {standard_task_runner.py:80} INFO - Job 572: Subtask hello_task
[2022-12-11 14:40:08,003] {task_command.py:369} INFO - Running <TaskInstance: first_dag.hello_task manual__2022-12-11T14:40:06.974507+00:00 [running]> on host 7e39590a7807
[2022-12-11 14:40:08,111] {taskinstance.py:1571} INFO - Exporting the following env vars:
AIRFLOW_CTX_DAG_OWNER=***
AIRFLOW_CTX_DAG_ID=first_dag
AIRFLOW_CTX_TASK_ID=hello_task
AIRFLOW_CTX_EXECUTION_DATE=2022-12-11T14:40:06.974507+00:00
AIRFLOW_CTX_TRY_NUMBER=1
AIRFLOW_CTX_DAG_RUN_ID=manual__2022-12-11T14:40:06.974507+00:00
[2022-12-11 14:40:08,115] {subprocess.py:62} INFO - Tmp dir root location: 
 /tmp
[2022-12-11 14:40:08,117] {subprocess.py:74} INFO - Running command: ['bash', '-c', 'echo hello']
[2022-12-11 14:40:08,129] {subprocess.py:85} INFO - Output:
[2022-12-11 14:40:08,132] {subprocess.py:92} INFO - hello
[2022-12-11 14:40:08,133] {subprocess.py:96} INFO - Command exited with return code 0
[2022-12-11 14:40:08,175] {taskinstance.py:1400} INFO - Marking task as SUCCESS. dag_id=first_dag, task_id=hello_task, execution_date=20221211T144006, start_date=20221211T144007, end_date=20221211T144008
[2022-12-11 14:40:08,211] {local_task_job.py:156} INFO - Task exited with return code 0
[2022-12-11 14:40:08,266] {local_task_job.py:273} INFO - 1 downstream tasks scheduled from follow-on schedule check
