[2022-12-11 18:17:22,992] {taskinstance.py:1159} INFO - Dependencies all met for <TaskInstance: first_dag.sum_column_task manual__2022-12-11T18:16:56.832698+00:00 [queued]>
[2022-12-11 18:17:23,027] {taskinstance.py:1159} INFO - Dependencies all met for <TaskInstance: first_dag.sum_column_task manual__2022-12-11T18:16:56.832698+00:00 [queued]>
[2022-12-11 18:17:23,031] {taskinstance.py:1356} INFO - 
--------------------------------------------------------------------------------
[2022-12-11 18:17:23,036] {taskinstance.py:1357} INFO - Starting attempt 1 of 1
[2022-12-11 18:17:23,039] {taskinstance.py:1358} INFO - 
--------------------------------------------------------------------------------
[2022-12-11 18:17:23,195] {taskinstance.py:1377} INFO - Executing <Task(PythonOperator): sum_column_task> on 2022-12-11 18:16:56.832698+00:00
[2022-12-11 18:17:23,229] {standard_task_runner.py:52} INFO - Started process 4294 to run task
[2022-12-11 18:17:23,312] {standard_task_runner.py:79} INFO - Running: ['***', 'tasks', 'run', 'first_dag', 'sum_column_task', 'manual__2022-12-11T18:16:56.832698+00:00', '--job-id', '1176', '--raw', '--subdir', 'DAGS_FOLDER/first-dag.py', '--cfg-path', '/tmp/tmps_j7zkdd', '--error-file', '/tmp/tmpq2l7gmt5']
[2022-12-11 18:17:23,320] {standard_task_runner.py:80} INFO - Job 1176: Subtask sum_column_task
[2022-12-11 18:17:26,678] {task_command.py:369} INFO - Running <TaskInstance: first_dag.sum_column_task manual__2022-12-11T18:16:56.832698+00:00 [running]> on host 7e39590a7807
[2022-12-11 18:17:27,325] {taskinstance.py:1571} INFO - Exporting the following env vars:
AIRFLOW_CTX_DAG_OWNER=***
AIRFLOW_CTX_DAG_ID=first_dag
AIRFLOW_CTX_TASK_ID=sum_column_task
AIRFLOW_CTX_EXECUTION_DATE=2022-12-11T18:16:56.832698+00:00
AIRFLOW_CTX_TRY_NUMBER=1
AIRFLOW_CTX_DAG_RUN_ID=manual__2022-12-11T18:16:56.832698+00:00
[2022-12-11 18:17:27,387] {logging_mixin.py:115} INFO - Different sum column is 3
[2022-12-11 18:17:27,388] {python.py:173} INFO - Done. Returned value was: 3
[2022-12-11 18:17:27,466] {taskinstance.py:1400} INFO - Marking task as SUCCESS. dag_id=first_dag, task_id=sum_column_task, execution_date=20221211T181656, start_date=20221211T181722, end_date=20221211T181727
[2022-12-11 18:17:27,590] {local_task_job.py:156} INFO - Task exited with return code 0
[2022-12-11 18:17:27,755] {local_task_job.py:273} INFO - 1 downstream tasks scheduled from follow-on schedule check
