[2022-12-12 05:01:45,540] {taskinstance.py:1159} INFO - Dependencies all met for <TaskInstance: first_dag.wait_for_file scheduled__2022-12-11T21:13:00+00:00 [queued]>
[2022-12-12 05:01:45,666] {taskinstance.py:1159} INFO - Dependencies all met for <TaskInstance: first_dag.wait_for_file scheduled__2022-12-11T21:13:00+00:00 [queued]>
[2022-12-12 05:01:45,669] {taskinstance.py:1356} INFO - 
--------------------------------------------------------------------------------
[2022-12-12 05:01:45,671] {taskinstance.py:1357} INFO - Starting attempt 2 of 3
[2022-12-12 05:01:45,673] {taskinstance.py:1358} INFO - 
--------------------------------------------------------------------------------
[2022-12-12 05:01:45,740] {taskinstance.py:1377} INFO - Executing <Task(PythonSensor): wait_for_file> on 2022-12-11 21:13:00+00:00
[2022-12-12 05:01:45,755] {standard_task_runner.py:52} INFO - Started process 7384 to run task
[2022-12-12 05:01:45,821] {standard_task_runner.py:79} INFO - Running: ['***', 'tasks', 'run', 'first_dag', 'wait_for_file', 'scheduled__2022-12-11T21:13:00+00:00', '--job-id', '1565', '--raw', '--subdir', 'DAGS_FOLDER/first-dag.py', '--cfg-path', '/tmp/tmpnf31czam', '--error-file', '/tmp/tmpnhtixuxr']
[2022-12-12 05:01:45,837] {standard_task_runner.py:80} INFO - Job 1565: Subtask wait_for_file
[2022-12-12 05:01:49,043] {task_command.py:369} INFO - Running <TaskInstance: first_dag.wait_for_file scheduled__2022-12-11T21:13:00+00:00 [running]> on host 7e39590a7807
[2022-12-12 05:01:52,356] {taskinstance.py:1571} INFO - Exporting the following env vars:
AIRFLOW_CTX_DAG_OWNER=***
AIRFLOW_CTX_DAG_ID=first_dag
AIRFLOW_CTX_TASK_ID=wait_for_file
AIRFLOW_CTX_EXECUTION_DATE=2022-12-11T21:13:00+00:00
AIRFLOW_CTX_TRY_NUMBER=2
AIRFLOW_CTX_DAG_RUN_ID=scheduled__2022-12-11T21:13:00+00:00
[2022-12-12 05:01:52,359] {python.py:66} INFO - Poking callable: <function _wait_for_file at 0x7f6cec7af4d0>
[2022-12-12 05:01:53,180] {logging_mixin.py:115} INFO - _wait_for_file True
[2022-12-12 05:02:13,900] {python.py:66} INFO - Poking callable: <function _wait_for_file at 0x7f6cec7af4d0>
[2022-12-12 05:02:16,781] {logging_mixin.py:115} INFO - _wait_for_file True
[2022-12-12 05:02:37,498] {python.py:66} INFO - Poking callable: <function _wait_for_file at 0x7f6cec7af4d0>
[2022-12-12 05:02:38,849] {logging_mixin.py:115} INFO - _wait_for_file True
[2022-12-12 05:02:58,247] {python.py:66} INFO - Poking callable: <function _wait_for_file at 0x7f6cec7af4d0>
[2022-12-12 05:02:58,585] {logging_mixin.py:115} INFO - _wait_for_file True
[2022-12-12 05:03:18,612] {python.py:66} INFO - Poking callable: <function _wait_for_file at 0x7f6cec7af4d0>
[2022-12-12 05:03:18,745] {logging_mixin.py:115} INFO - _wait_for_file True
[2022-12-12 05:03:39,228] {python.py:66} INFO - Poking callable: <function _wait_for_file at 0x7f6cec7af4d0>
[2022-12-12 05:03:39,780] {logging_mixin.py:115} INFO - _wait_for_file True
[2022-12-12 05:03:59,834] {python.py:66} INFO - Poking callable: <function _wait_for_file at 0x7f6cec7af4d0>
[2022-12-12 05:04:16,844] {logging_mixin.py:115} INFO - _wait_for_file True
[2022-12-12 05:04:36,830] {python.py:66} INFO - Poking callable: <function _wait_for_file at 0x7f6cec7af4d0>
[2022-12-12 05:04:37,937] {logging_mixin.py:115} INFO - _wait_for_file True
[2022-12-12 05:04:57,930] {python.py:66} INFO - Poking callable: <function _wait_for_file at 0x7f6cec7af4d0>
[2022-12-12 05:04:59,042] {logging_mixin.py:115} INFO - _wait_for_file True
[2022-12-12 05:05:19,066] {python.py:66} INFO - Poking callable: <function _wait_for_file at 0x7f6cec7af4d0>
[2022-12-12 05:05:19,151] {logging_mixin.py:115} INFO - _wait_for_file True
[2022-12-12 05:05:39,173] {python.py:66} INFO - Poking callable: <function _wait_for_file at 0x7f6cec7af4d0>
[2022-12-12 05:05:40,258] {logging_mixin.py:115} INFO - _wait_for_file True
[2022-12-12 05:06:00,385] {python.py:66} INFO - Poking callable: <function _wait_for_file at 0x7f6cec7af4d0>
[2022-12-12 05:06:01,753] {logging_mixin.py:115} INFO - _wait_for_file True
[2022-12-12 05:06:21,796] {python.py:66} INFO - Poking callable: <function _wait_for_file at 0x7f6cec7af4d0>
[2022-12-12 05:06:21,881] {logging_mixin.py:115} INFO - _wait_for_file True
[2022-12-12 05:06:41,872] {python.py:66} INFO - Poking callable: <function _wait_for_file at 0x7f6cec7af4d0>
[2022-12-12 05:06:42,202] {logging_mixin.py:115} INFO - _wait_for_file True
[2022-12-12 05:07:02,205] {python.py:66} INFO - Poking callable: <function _wait_for_file at 0x7f6cec7af4d0>
[2022-12-12 05:07:02,354] {logging_mixin.py:115} INFO - _wait_for_file True
[2022-12-12 05:07:22,377] {python.py:66} INFO - Poking callable: <function _wait_for_file at 0x7f6cec7af4d0>
[2022-12-12 05:07:22,500] {logging_mixin.py:115} INFO - _wait_for_file True
[2022-12-12 05:07:42,497] {python.py:66} INFO - Poking callable: <function _wait_for_file at 0x7f6cec7af4d0>
[2022-12-12 05:07:43,931] {logging_mixin.py:115} INFO - _wait_for_file True
[2022-12-12 05:08:03,932] {python.py:66} INFO - Poking callable: <function _wait_for_file at 0x7f6cec7af4d0>
[2022-12-12 05:08:04,089] {logging_mixin.py:115} INFO - _wait_for_file True
[2022-12-12 05:08:24,080] {python.py:66} INFO - Poking callable: <function _wait_for_file at 0x7f6cec7af4d0>
[2022-12-12 05:08:24,588] {logging_mixin.py:115} INFO - _wait_for_file True
[2022-12-12 05:08:47,889] {python.py:66} INFO - Poking callable: <function _wait_for_file at 0x7f6cec7af4d0>
[2022-12-12 05:08:51,764] {logging_mixin.py:115} INFO - _wait_for_file True
[2022-12-12 05:09:12,142] {python.py:66} INFO - Poking callable: <function _wait_for_file at 0x7f6cec7af4d0>
[2022-12-12 05:09:15,086] {logging_mixin.py:115} INFO - _wait_for_file True
[2022-12-12 05:09:35,079] {python.py:66} INFO - Poking callable: <function _wait_for_file at 0x7f6cec7af4d0>
[2022-12-12 05:09:35,180] {logging_mixin.py:115} INFO - _wait_for_file True
[2022-12-12 05:09:55,172] {python.py:66} INFO - Poking callable: <function _wait_for_file at 0x7f6cec7af4d0>
[2022-12-12 05:09:55,478] {logging_mixin.py:115} INFO - _wait_for_file False
[2022-12-12 05:10:15,534] {python.py:66} INFO - Poking callable: <function _wait_for_file at 0x7f6cec7af4d0>
[2022-12-12 05:10:17,870] {logging_mixin.py:115} INFO - _wait_for_file False
[2022-12-12 05:10:37,857] {python.py:66} INFO - Poking callable: <function _wait_for_file at 0x7f6cec7af4d0>
[2022-12-12 05:10:37,878] {logging_mixin.py:115} INFO - _wait_for_file False
[2022-12-12 05:10:57,303] {python.py:66} INFO - Poking callable: <function _wait_for_file at 0x7f6cec7af4d0>
[2022-12-12 05:10:57,338] {logging_mixin.py:115} INFO - _wait_for_file False
[2022-12-12 05:11:17,363] {python.py:66} INFO - Poking callable: <function _wait_for_file at 0x7f6cec7af4d0>
[2022-12-12 05:11:17,498] {logging_mixin.py:115} INFO - _wait_for_file False
[2022-12-12 05:11:37,485] {python.py:66} INFO - Poking callable: <function _wait_for_file at 0x7f6cec7af4d0>
[2022-12-12 05:11:37,508] {logging_mixin.py:115} INFO - _wait_for_file False
[2022-12-12 05:11:57,485] {python.py:66} INFO - Poking callable: <function _wait_for_file at 0x7f6cec7af4d0>
[2022-12-12 05:11:57,516] {logging_mixin.py:115} INFO - _wait_for_file False
[2022-12-12 05:12:17,540] {python.py:66} INFO - Poking callable: <function _wait_for_file at 0x7f6cec7af4d0>
[2022-12-12 05:12:17,785] {logging_mixin.py:115} INFO - _wait_for_file False
[2022-12-12 05:12:37,771] {python.py:66} INFO - Poking callable: <function _wait_for_file at 0x7f6cec7af4d0>
[2022-12-12 05:12:37,845] {logging_mixin.py:115} INFO - _wait_for_file False
[2022-12-12 05:12:58,076] {python.py:66} INFO - Poking callable: <function _wait_for_file at 0x7f6cec7af4d0>
[2022-12-12 05:13:11,934] {logging_mixin.py:115} INFO - _wait_for_file False
[2022-12-12 05:13:23,063] {local_task_job.py:221} WARNING - State of this instance has been externally set to None. Terminating instance.
[2022-12-12 05:13:24,197] {process_utils.py:129} INFO - Sending Signals.SIGTERM to group 7384. PIDs of all processes in the group: [7384]
[2022-12-12 05:13:24,313] {process_utils.py:80} INFO - Sending the signal Signals.SIGTERM to group 7384
[2022-12-12 05:13:24,382] {taskinstance.py:1541} ERROR - Received SIGTERM. Terminating subprocesses.
[2022-12-12 05:13:26,594] {taskinstance.py:1889} ERROR - Task failed with exception
Traceback (most recent call last):
  File "/home/airflow/.local/lib/python3.7/site-packages/airflow/sensors/base.py", line 299, in execute
    time.sleep(self._get_next_poke_interval(started_at, run_duration, try_number))
  File "/home/airflow/.local/lib/python3.7/site-packages/airflow/models/taskinstance.py", line 1543, in signal_handler
    raise AirflowException("Task received SIGTERM signal")
airflow.exceptions.AirflowException: Task received SIGTERM signal
[2022-12-12 05:13:26,984] {taskinstance.py:1400} INFO - Marking task as FAILED. dag_id=first_dag, task_id=wait_for_file, execution_date=20221211T211300, start_date=20221212T050145, end_date=20221212T051326
[2022-12-12 05:13:27,545] {standard_task_runner.py:97} ERROR - Failed to execute job 1565 for task wait_for_file ((psycopg2.errors.ForeignKeyViolation) insert or update on table "task_fail" violates foreign key constraint "task_fail_ti_fkey"
DETAIL:  Key (dag_id, task_id, run_id, map_index)=(first_dag, wait_for_file, scheduled__2022-12-11T21:13:00+00:00, -1) is not present in table "task_instance".

[SQL: INSERT INTO task_fail (task_id, dag_id, run_id, map_index, start_date, end_date, duration) VALUES (%(task_id)s, %(dag_id)s, %(run_id)s, %(map_index)s, %(start_date)s, %(end_date)s, %(duration)s) RETURNING task_fail.id]
[parameters: {'task_id': 'wait_for_file', 'dag_id': 'first_dag', 'run_id': 'scheduled__2022-12-11T21:13:00+00:00', 'map_index': -1, 'start_date': datetime.datetime(2022, 12, 12, 5, 1, 45, 571248, tzinfo=Timezone('UTC')), 'end_date': datetime.datetime(2022, 12, 12, 5, 13, 26, 911341, tzinfo=Timezone('UTC')), 'duration': 701}]
(Background on this error at: http://sqlalche.me/e/14/gkpj); 7384)
[2022-12-12 05:13:27,637] {process_utils.py:75} INFO - Process psutil.Process(pid=7384, status='terminated', exitcode=1, started='05:01:45') (7384) terminated with exit code 1
