[2022-12-11 21:21:51,552] {taskinstance.py:1159} INFO - Dependencies all met for <TaskInstance: first_dag.wait_for_file scheduled__2022-12-11T21:13:00+00:00 [queued]>
[2022-12-11 21:21:51,826] {taskinstance.py:1159} INFO - Dependencies all met for <TaskInstance: first_dag.wait_for_file scheduled__2022-12-11T21:13:00+00:00 [queued]>
[2022-12-11 21:21:51,837] {taskinstance.py:1356} INFO - 
--------------------------------------------------------------------------------
[2022-12-11 21:21:51,841] {taskinstance.py:1357} INFO - Starting attempt 1 of 3
[2022-12-11 21:21:51,846] {taskinstance.py:1358} INFO - 
--------------------------------------------------------------------------------
[2022-12-11 21:21:52,071] {taskinstance.py:1377} INFO - Executing <Task(PythonSensor): wait_for_file> on 2022-12-11 21:13:00+00:00
[2022-12-11 21:21:52,117] {standard_task_runner.py:52} INFO - Started process 6620 to run task
[2022-12-11 21:21:52,198] {standard_task_runner.py:79} INFO - Running: ['***', 'tasks', 'run', 'first_dag', 'wait_for_file', 'scheduled__2022-12-11T21:13:00+00:00', '--job-id', '1543', '--raw', '--subdir', 'DAGS_FOLDER/first-dag.py', '--cfg-path', '/tmp/tmp6qeexm96', '--error-file', '/tmp/tmpfxscn5yz']
[2022-12-11 21:21:52,219] {standard_task_runner.py:80} INFO - Job 1543: Subtask wait_for_file
[2022-12-11 21:21:52,892] {task_command.py:369} INFO - Running <TaskInstance: first_dag.wait_for_file scheduled__2022-12-11T21:13:00+00:00 [running]> on host 7e39590a7807
[2022-12-11 21:21:54,487] {taskinstance.py:1571} INFO - Exporting the following env vars:
AIRFLOW_CTX_DAG_OWNER=***
AIRFLOW_CTX_DAG_ID=first_dag
AIRFLOW_CTX_TASK_ID=wait_for_file
AIRFLOW_CTX_EXECUTION_DATE=2022-12-11T21:13:00+00:00
AIRFLOW_CTX_TRY_NUMBER=1
AIRFLOW_CTX_DAG_RUN_ID=scheduled__2022-12-11T21:13:00+00:00
[2022-12-11 21:21:54,527] {python.py:66} INFO - Poking callable: <function _wait_for_file at 0x7f6cec7ac560>
[2022-12-11 21:21:54,812] {logging_mixin.py:115} INFO - _wait_for_file True
[2022-12-11 21:22:14,839] {python.py:66} INFO - Poking callable: <function _wait_for_file at 0x7f6cec7ac560>
[2022-12-11 21:22:14,877] {logging_mixin.py:115} INFO - _wait_for_file True
[2022-12-11 21:22:34,901] {python.py:66} INFO - Poking callable: <function _wait_for_file at 0x7f6cec7ac560>
[2022-12-11 21:22:34,921] {logging_mixin.py:115} INFO - _wait_for_file True
[2022-12-11 21:22:54,908] {python.py:66} INFO - Poking callable: <function _wait_for_file at 0x7f6cec7ac560>
[2022-12-11 21:22:54,935] {logging_mixin.py:115} INFO - _wait_for_file True
[2022-12-11 21:23:14,910] {python.py:66} INFO - Poking callable: <function _wait_for_file at 0x7f6cec7ac560>
[2022-12-11 21:23:14,929] {logging_mixin.py:115} INFO - _wait_for_file True
[2022-12-11 21:23:34,942] {python.py:66} INFO - Poking callable: <function _wait_for_file at 0x7f6cec7ac560>
[2022-12-11 21:23:34,967] {logging_mixin.py:115} INFO - _wait_for_file True
[2022-12-11 21:23:54,941] {python.py:66} INFO - Poking callable: <function _wait_for_file at 0x7f6cec7ac560>
[2022-12-11 21:23:54,961] {logging_mixin.py:115} INFO - _wait_for_file True
[2022-12-11 21:24:14,949] {python.py:66} INFO - Poking callable: <function _wait_for_file at 0x7f6cec7ac560>
[2022-12-11 21:24:14,978] {logging_mixin.py:115} INFO - _wait_for_file True
[2022-12-11 21:24:35,003] {python.py:66} INFO - Poking callable: <function _wait_for_file at 0x7f6cec7ac560>
[2022-12-11 21:24:35,029] {logging_mixin.py:115} INFO - _wait_for_file True
[2022-12-11 21:24:55,015] {python.py:66} INFO - Poking callable: <function _wait_for_file at 0x7f6cec7ac560>
[2022-12-11 21:24:55,037] {logging_mixin.py:115} INFO - _wait_for_file True
[2022-12-11 21:25:15,026] {python.py:66} INFO - Poking callable: <function _wait_for_file at 0x7f6cec7ac560>
[2022-12-11 21:25:15,101] {logging_mixin.py:115} INFO - _wait_for_file True
[2022-12-11 21:25:35,108] {python.py:66} INFO - Poking callable: <function _wait_for_file at 0x7f6cec7ac560>
[2022-12-11 21:25:35,126] {logging_mixin.py:115} INFO - _wait_for_file True
[2022-12-11 21:25:55,099] {python.py:66} INFO - Poking callable: <function _wait_for_file at 0x7f6cec7ac560>
[2022-12-11 21:25:55,123] {logging_mixin.py:115} INFO - _wait_for_file True
[2022-12-11 21:26:15,115] {python.py:66} INFO - Poking callable: <function _wait_for_file at 0x7f6cec7ac560>
[2022-12-11 21:26:15,135] {logging_mixin.py:115} INFO - _wait_for_file True
[2022-12-11 21:26:35,158] {python.py:66} INFO - Poking callable: <function _wait_for_file at 0x7f6cec7ac560>
[2022-12-11 21:26:35,182] {logging_mixin.py:115} INFO - _wait_for_file True
[2022-12-11 21:26:55,170] {python.py:66} INFO - Poking callable: <function _wait_for_file at 0x7f6cec7ac560>
[2022-12-11 21:26:55,189] {logging_mixin.py:115} INFO - _wait_for_file True
[2022-12-11 21:27:15,171] {python.py:66} INFO - Poking callable: <function _wait_for_file at 0x7f6cec7ac560>
[2022-12-11 21:27:15,197] {logging_mixin.py:115} INFO - _wait_for_file True
[2022-12-11 21:27:35,211] {python.py:66} INFO - Poking callable: <function _wait_for_file at 0x7f6cec7ac560>
[2022-12-11 21:27:35,232] {logging_mixin.py:115} INFO - _wait_for_file True
[2022-12-11 21:27:55,223] {python.py:66} INFO - Poking callable: <function _wait_for_file at 0x7f6cec7ac560>
[2022-12-11 21:27:55,246] {logging_mixin.py:115} INFO - _wait_for_file True
[2022-12-11 21:28:15,236] {python.py:66} INFO - Poking callable: <function _wait_for_file at 0x7f6cec7ac560>
[2022-12-11 21:28:15,255] {logging_mixin.py:115} INFO - _wait_for_file True
[2022-12-11 21:28:35,234] {python.py:66} INFO - Poking callable: <function _wait_for_file at 0x7f6cec7ac560>
[2022-12-11 21:28:35,279] {logging_mixin.py:115} INFO - _wait_for_file True
[2022-12-11 21:28:55,296] {python.py:66} INFO - Poking callable: <function _wait_for_file at 0x7f6cec7ac560>
[2022-12-11 21:28:55,314] {logging_mixin.py:115} INFO - _wait_for_file True
[2022-12-11 21:29:15,300] {python.py:66} INFO - Poking callable: <function _wait_for_file at 0x7f6cec7ac560>
[2022-12-11 21:29:15,322] {logging_mixin.py:115} INFO - _wait_for_file True
[2022-12-11 21:29:35,309] {python.py:66} INFO - Poking callable: <function _wait_for_file at 0x7f6cec7ac560>
[2022-12-11 21:29:35,332] {logging_mixin.py:115} INFO - _wait_for_file True
[2022-12-11 21:29:55,354] {python.py:66} INFO - Poking callable: <function _wait_for_file at 0x7f6cec7ac560>
[2022-12-11 21:29:55,365] {logging_mixin.py:115} INFO - _wait_for_file True
[2022-12-11 21:30:15,355] {python.py:66} INFO - Poking callable: <function _wait_for_file at 0x7f6cec7ac560>
[2022-12-11 21:30:15,374] {logging_mixin.py:115} INFO - _wait_for_file True
[2022-12-11 21:30:35,351] {python.py:66} INFO - Poking callable: <function _wait_for_file at 0x7f6cec7ac560>
[2022-12-11 21:30:35,373] {logging_mixin.py:115} INFO - _wait_for_file True
[2022-12-11 21:30:55,398] {python.py:66} INFO - Poking callable: <function _wait_for_file at 0x7f6cec7ac560>
[2022-12-11 21:30:55,418] {logging_mixin.py:115} INFO - _wait_for_file True
[2022-12-11 21:31:15,406] {python.py:66} INFO - Poking callable: <function _wait_for_file at 0x7f6cec7ac560>
[2022-12-11 21:31:15,428] {logging_mixin.py:115} INFO - _wait_for_file True
[2022-12-11 21:31:35,416] {python.py:66} INFO - Poking callable: <function _wait_for_file at 0x7f6cec7ac560>
[2022-12-11 21:31:35,441] {logging_mixin.py:115} INFO - _wait_for_file True
[2022-12-11 21:31:55,470] {python.py:66} INFO - Poking callable: <function _wait_for_file at 0x7f6cec7ac560>
[2022-12-11 21:31:55,491] {logging_mixin.py:115} INFO - _wait_for_file True
[2022-12-11 21:32:15,475] {python.py:66} INFO - Poking callable: <function _wait_for_file at 0x7f6cec7ac560>
[2022-12-11 21:32:15,494] {logging_mixin.py:115} INFO - _wait_for_file True
[2022-12-11 21:32:35,482] {python.py:66} INFO - Poking callable: <function _wait_for_file at 0x7f6cec7ac560>
[2022-12-11 21:32:35,503] {logging_mixin.py:115} INFO - _wait_for_file True
[2022-12-11 21:32:55,510] {python.py:66} INFO - Poking callable: <function _wait_for_file at 0x7f6cec7ac560>
[2022-12-11 21:32:55,528] {logging_mixin.py:115} INFO - _wait_for_file True
[2022-12-11 21:33:15,509] {python.py:66} INFO - Poking callable: <function _wait_for_file at 0x7f6cec7ac560>
[2022-12-11 21:33:15,530] {logging_mixin.py:115} INFO - _wait_for_file True
[2022-12-11 21:33:35,513] {python.py:66} INFO - Poking callable: <function _wait_for_file at 0x7f6cec7ac560>
[2022-12-11 21:33:35,562] {logging_mixin.py:115} INFO - _wait_for_file True
[2022-12-11 21:33:55,571] {python.py:66} INFO - Poking callable: <function _wait_for_file at 0x7f6cec7ac560>
[2022-12-11 21:33:55,594] {logging_mixin.py:115} INFO - _wait_for_file True
[2022-12-11 21:34:15,567] {python.py:66} INFO - Poking callable: <function _wait_for_file at 0x7f6cec7ac560>
[2022-12-11 21:34:15,589] {logging_mixin.py:115} INFO - _wait_for_file True
[2022-12-11 21:34:35,578] {python.py:66} INFO - Poking callable: <function _wait_for_file at 0x7f6cec7ac560>
[2022-12-11 21:34:35,602] {logging_mixin.py:115} INFO - _wait_for_file True
[2022-12-11 21:34:56,245] {python.py:66} INFO - Poking callable: <function _wait_for_file at 0x7f6cec7ac560>
[2022-12-11 21:34:57,388] {logging_mixin.py:115} INFO - _wait_for_file True
[2022-12-11 21:37:45,319] {python.py:66} INFO - Poking callable: <function _wait_for_file at 0x7f6cec7ac560>
[2022-12-11 21:37:45,345] {logging_mixin.py:115} INFO - _wait_for_file True
[2022-12-11 21:38:05,456] {python.py:66} INFO - Poking callable: <function _wait_for_file at 0x7f6cec7ac560>
[2022-12-11 21:38:09,502] {logging_mixin.py:115} INFO - _wait_for_file True
[2022-12-11 21:38:29,526] {python.py:66} INFO - Poking callable: <function _wait_for_file at 0x7f6cec7ac560>
[2022-12-11 21:38:31,099] {logging_mixin.py:115} INFO - _wait_for_file True
[2022-12-11 21:38:51,939] {python.py:66} INFO - Poking callable: <function _wait_for_file at 0x7f6cec7ac560>
[2022-12-11 21:38:52,262] {logging_mixin.py:115} INFO - _wait_for_file True
[2022-12-11 21:39:12,641] {python.py:66} INFO - Poking callable: <function _wait_for_file at 0x7f6cec7ac560>
[2022-12-11 21:39:12,834] {logging_mixin.py:115} INFO - _wait_for_file True
[2022-12-11 21:39:32,826] {python.py:66} INFO - Poking callable: <function _wait_for_file at 0x7f6cec7ac560>
[2022-12-11 21:39:33,153] {logging_mixin.py:115} INFO - _wait_for_file True
[2022-12-11 21:39:53,192] {python.py:66} INFO - Poking callable: <function _wait_for_file at 0x7f6cec7ac560>
[2022-12-11 21:39:53,378] {logging_mixin.py:115} INFO - _wait_for_file True
[2022-12-11 21:40:13,366] {python.py:66} INFO - Poking callable: <function _wait_for_file at 0x7f6cec7ac560>
[2022-12-11 21:40:13,586] {logging_mixin.py:115} INFO - _wait_for_file True
[2022-12-11 21:40:33,619] {python.py:66} INFO - Poking callable: <function _wait_for_file at 0x7f6cec7ac560>
[2022-12-11 21:40:33,713] {logging_mixin.py:115} INFO - _wait_for_file True
[2022-12-11 21:40:53,752] {python.py:66} INFO - Poking callable: <function _wait_for_file at 0x7f6cec7ac560>
[2022-12-11 21:40:55,669] {logging_mixin.py:115} INFO - _wait_for_file True
[2022-12-11 21:41:19,273] {python.py:66} INFO - Poking callable: <function _wait_for_file at 0x7f6cec7ac560>
[2022-12-11 21:41:28,181] {logging_mixin.py:115} INFO - _wait_for_file True
[2022-12-11 21:41:48,181] {python.py:66} INFO - Poking callable: <function _wait_for_file at 0x7f6cec7ac560>
[2022-12-11 21:41:48,452] {logging_mixin.py:115} INFO - _wait_for_file True
[2022-12-11 21:42:08,488] {python.py:66} INFO - Poking callable: <function _wait_for_file at 0x7f6cec7ac560>
[2022-12-11 21:42:22,849] {logging_mixin.py:115} INFO - _wait_for_file True
[2022-12-11 21:42:42,832] {python.py:66} INFO - Poking callable: <function _wait_for_file at 0x7f6cec7ac560>
[2022-12-11 21:42:42,900] {logging_mixin.py:115} INFO - _wait_for_file True
[2022-12-11 21:43:02,882] {python.py:66} INFO - Poking callable: <function _wait_for_file at 0x7f6cec7ac560>
[2022-12-11 21:43:02,949] {logging_mixin.py:115} INFO - _wait_for_file True
[2022-12-11 21:43:22,985] {python.py:66} INFO - Poking callable: <function _wait_for_file at 0x7f6cec7ac560>
[2022-12-11 21:43:23,089] {logging_mixin.py:115} INFO - _wait_for_file True
[2022-12-11 21:43:43,058] {python.py:66} INFO - Poking callable: <function _wait_for_file at 0x7f6cec7ac560>
[2022-12-11 21:43:43,110] {logging_mixin.py:115} INFO - _wait_for_file True
[2022-12-11 21:44:03,094] {python.py:66} INFO - Poking callable: <function _wait_for_file at 0x7f6cec7ac560>
[2022-12-11 21:44:03,226] {logging_mixin.py:115} INFO - _wait_for_file True
[2022-12-11 21:44:23,275] {python.py:66} INFO - Poking callable: <function _wait_for_file at 0x7f6cec7ac560>
[2022-12-11 21:44:23,363] {logging_mixin.py:115} INFO - _wait_for_file True
[2022-12-11 21:44:43,348] {python.py:66} INFO - Poking callable: <function _wait_for_file at 0x7f6cec7ac560>
[2022-12-11 21:44:43,438] {logging_mixin.py:115} INFO - _wait_for_file True
[2022-12-11 21:45:03,424] {python.py:66} INFO - Poking callable: <function _wait_for_file at 0x7f6cec7ac560>
[2022-12-11 21:45:03,473] {logging_mixin.py:115} INFO - _wait_for_file True
[2022-12-11 21:45:23,496] {python.py:66} INFO - Poking callable: <function _wait_for_file at 0x7f6cec7ac560>
[2022-12-11 21:45:23,529] {logging_mixin.py:115} INFO - _wait_for_file True
[2022-12-11 21:45:43,525] {python.py:66} INFO - Poking callable: <function _wait_for_file at 0x7f6cec7ac560>
[2022-12-11 21:45:43,627] {logging_mixin.py:115} INFO - _wait_for_file True
[2022-12-11 21:46:03,644] {python.py:66} INFO - Poking callable: <function _wait_for_file at 0x7f6cec7ac560>
[2022-12-11 21:46:03,735] {logging_mixin.py:115} INFO - _wait_for_file True
[2022-12-11 21:46:23,759] {python.py:66} INFO - Poking callable: <function _wait_for_file at 0x7f6cec7ac560>
[2022-12-11 21:46:23,862] {logging_mixin.py:115} INFO - _wait_for_file True
[2022-12-11 21:46:43,854] {python.py:66} INFO - Poking callable: <function _wait_for_file at 0x7f6cec7ac560>
[2022-12-11 21:46:43,908] {logging_mixin.py:115} INFO - _wait_for_file True
[2022-12-11 21:47:03,911] {python.py:66} INFO - Poking callable: <function _wait_for_file at 0x7f6cec7ac560>
[2022-12-11 21:47:03,995] {logging_mixin.py:115} INFO - _wait_for_file True
[2022-12-11 21:47:24,024] {python.py:66} INFO - Poking callable: <function _wait_for_file at 0x7f6cec7ac560>
[2022-12-11 21:47:24,089] {logging_mixin.py:115} INFO - _wait_for_file True
[2022-12-11 21:47:44,079] {python.py:66} INFO - Poking callable: <function _wait_for_file at 0x7f6cec7ac560>
[2022-12-11 21:47:44,145] {logging_mixin.py:115} INFO - _wait_for_file True
[2022-12-11 21:48:04,155] {python.py:66} INFO - Poking callable: <function _wait_for_file at 0x7f6cec7ac560>
[2022-12-11 21:48:04,253] {logging_mixin.py:115} INFO - _wait_for_file True
[2022-12-11 21:48:24,289] {python.py:66} INFO - Poking callable: <function _wait_for_file at 0x7f6cec7ac560>
[2022-12-11 21:48:24,351] {logging_mixin.py:115} INFO - _wait_for_file True
[2022-12-11 21:48:44,322] {python.py:66} INFO - Poking callable: <function _wait_for_file at 0x7f6cec7ac560>
[2022-12-11 21:48:44,388] {logging_mixin.py:115} INFO - _wait_for_file True
[2022-12-11 21:49:04,376] {python.py:66} INFO - Poking callable: <function _wait_for_file at 0x7f6cec7ac560>
[2022-12-11 21:49:04,430] {logging_mixin.py:115} INFO - _wait_for_file True
[2022-12-11 21:49:24,450] {python.py:66} INFO - Poking callable: <function _wait_for_file at 0x7f6cec7ac560>
[2022-12-11 21:49:24,475] {logging_mixin.py:115} INFO - _wait_for_file True
[2022-12-11 21:49:44,463] {python.py:66} INFO - Poking callable: <function _wait_for_file at 0x7f6cec7ac560>
[2022-12-11 21:49:44,509] {logging_mixin.py:115} INFO - _wait_for_file True
[2022-12-11 21:50:04,503] {python.py:66} INFO - Poking callable: <function _wait_for_file at 0x7f6cec7ac560>
[2022-12-11 21:50:04,560] {logging_mixin.py:115} INFO - _wait_for_file True
[2022-12-11 21:50:24,590] {python.py:66} INFO - Poking callable: <function _wait_for_file at 0x7f6cec7ac560>
[2022-12-11 21:50:24,633] {logging_mixin.py:115} INFO - _wait_for_file True
[2022-12-11 21:50:44,625] {python.py:66} INFO - Poking callable: <function _wait_for_file at 0x7f6cec7ac560>
[2022-12-11 21:50:44,661] {logging_mixin.py:115} INFO - _wait_for_file True
[2022-12-11 21:51:04,644] {python.py:66} INFO - Poking callable: <function _wait_for_file at 0x7f6cec7ac560>
[2022-12-11 21:51:04,689] {logging_mixin.py:115} INFO - _wait_for_file True
[2022-12-11 21:51:24,713] {python.py:66} INFO - Poking callable: <function _wait_for_file at 0x7f6cec7ac560>
[2022-12-11 21:51:24,766] {logging_mixin.py:115} INFO - _wait_for_file True
[2022-12-11 21:51:44,766] {python.py:66} INFO - Poking callable: <function _wait_for_file at 0x7f6cec7ac560>
[2022-12-11 21:51:44,848] {logging_mixin.py:115} INFO - _wait_for_file True
[2022-12-11 21:52:04,830] {python.py:66} INFO - Poking callable: <function _wait_for_file at 0x7f6cec7ac560>
[2022-12-11 21:52:04,880] {logging_mixin.py:115} INFO - _wait_for_file True
[2022-12-11 21:52:24,902] {python.py:66} INFO - Poking callable: <function _wait_for_file at 0x7f6cec7ac560>
[2022-12-11 21:52:24,943] {logging_mixin.py:115} INFO - _wait_for_file True
[2022-12-11 21:52:44,937] {python.py:66} INFO - Poking callable: <function _wait_for_file at 0x7f6cec7ac560>
[2022-12-11 21:52:44,973] {logging_mixin.py:115} INFO - _wait_for_file True
[2022-12-11 21:53:04,951] {python.py:66} INFO - Poking callable: <function _wait_for_file at 0x7f6cec7ac560>
[2022-12-11 21:53:04,990] {logging_mixin.py:115} INFO - _wait_for_file True
[2022-12-11 21:53:25,018] {python.py:66} INFO - Poking callable: <function _wait_for_file at 0x7f6cec7ac560>
[2022-12-11 21:53:25,081] {logging_mixin.py:115} INFO - _wait_for_file True
[2022-12-11 21:53:45,054] {python.py:66} INFO - Poking callable: <function _wait_for_file at 0x7f6cec7ac560>
[2022-12-11 21:53:45,147] {logging_mixin.py:115} INFO - _wait_for_file True
[2022-12-11 21:54:05,118] {python.py:66} INFO - Poking callable: <function _wait_for_file at 0x7f6cec7ac560>
[2022-12-11 21:54:05,198] {logging_mixin.py:115} INFO - _wait_for_file True
[2022-12-11 21:54:25,222] {python.py:66} INFO - Poking callable: <function _wait_for_file at 0x7f6cec7ac560>
[2022-12-11 21:54:25,258] {logging_mixin.py:115} INFO - _wait_for_file True
[2022-12-11 21:54:45,248] {python.py:66} INFO - Poking callable: <function _wait_for_file at 0x7f6cec7ac560>
[2022-12-11 21:54:45,296] {logging_mixin.py:115} INFO - _wait_for_file True
[2022-12-11 21:55:05,281] {python.py:66} INFO - Poking callable: <function _wait_for_file at 0x7f6cec7ac560>
[2022-12-11 21:55:05,356] {logging_mixin.py:115} INFO - _wait_for_file True
[2022-12-11 21:55:25,380] {python.py:66} INFO - Poking callable: <function _wait_for_file at 0x7f6cec7ac560>
[2022-12-11 21:55:25,414] {logging_mixin.py:115} INFO - _wait_for_file True
[2022-12-11 21:55:45,400] {python.py:66} INFO - Poking callable: <function _wait_for_file at 0x7f6cec7ac560>
[2022-12-11 21:55:45,437] {logging_mixin.py:115} INFO - _wait_for_file True
[2022-12-11 21:56:05,444] {python.py:66} INFO - Poking callable: <function _wait_for_file at 0x7f6cec7ac560>
[2022-12-11 21:56:05,470] {logging_mixin.py:115} INFO - _wait_for_file True
[2022-12-11 21:56:25,494] {python.py:66} INFO - Poking callable: <function _wait_for_file at 0x7f6cec7ac560>
[2022-12-11 21:56:25,573] {logging_mixin.py:115} INFO - _wait_for_file True
[2022-12-11 21:57:47,571] {python.py:66} INFO - Poking callable: <function _wait_for_file at 0x7f6cec7ac560>
[2022-12-11 21:57:47,602] {logging_mixin.py:115} INFO - _wait_for_file True
[2022-12-11 21:58:08,454] {python.py:66} INFO - Poking callable: <function _wait_for_file at 0x7f6cec7ac560>
[2022-12-11 21:58:10,945] {logging_mixin.py:115} INFO - _wait_for_file True
[2022-12-11 21:58:30,975] {python.py:66} INFO - Poking callable: <function _wait_for_file at 0x7f6cec7ac560>
[2022-12-11 21:58:31,076] {logging_mixin.py:115} INFO - _wait_for_file True
[2022-12-11 21:58:51,076] {python.py:66} INFO - Poking callable: <function _wait_for_file at 0x7f6cec7ac560>
[2022-12-11 21:58:51,457] {logging_mixin.py:115} INFO - _wait_for_file True
[2022-12-11 21:59:11,453] {python.py:66} INFO - Poking callable: <function _wait_for_file at 0x7f6cec7ac560>
[2022-12-11 21:59:11,566] {logging_mixin.py:115} INFO - _wait_for_file True
[2022-12-11 21:59:31,613] {python.py:66} INFO - Poking callable: <function _wait_for_file at 0x7f6cec7ac560>
[2022-12-11 21:59:33,544] {logging_mixin.py:115} INFO - _wait_for_file True
[2022-12-11 21:59:53,536] {python.py:66} INFO - Poking callable: <function _wait_for_file at 0x7f6cec7ac560>
[2022-12-11 21:59:53,551] {logging_mixin.py:115} INFO - _wait_for_file True
[2022-12-11 22:00:13,550] {python.py:66} INFO - Poking callable: <function _wait_for_file at 0x7f6cec7ac560>
[2022-12-11 22:00:13,802] {logging_mixin.py:115} INFO - _wait_for_file True
[2022-12-11 22:00:33,889] {python.py:66} INFO - Poking callable: <function _wait_for_file at 0x7f6cec7ac560>
[2022-12-11 22:00:48,977] {logging_mixin.py:115} INFO - _wait_for_file True
[2022-12-11 22:01:09,052] {python.py:66} INFO - Poking callable: <function _wait_for_file at 0x7f6cec7ac560>
[2022-12-11 22:01:15,340] {logging_mixin.py:115} INFO - _wait_for_file True
[2022-12-11 22:01:35,388] {python.py:66} INFO - Poking callable: <function _wait_for_file at 0x7f6cec7ac560>
[2022-12-11 22:01:35,963] {logging_mixin.py:115} INFO - _wait_for_file True
[2022-12-11 22:01:56,408] {python.py:66} INFO - Poking callable: <function _wait_for_file at 0x7f6cec7ac560>
[2022-12-11 22:01:56,531] {logging_mixin.py:115} INFO - _wait_for_file True
[2022-12-11 22:02:16,520] {python.py:66} INFO - Poking callable: <function _wait_for_file at 0x7f6cec7ac560>
[2022-12-11 22:02:16,676] {logging_mixin.py:115} INFO - _wait_for_file True
[2022-12-11 22:02:36,667] {python.py:66} INFO - Poking callable: <function _wait_for_file at 0x7f6cec7ac560>
[2022-12-11 22:02:36,819] {logging_mixin.py:115} INFO - _wait_for_file True
[2022-12-11 22:02:56,849] {python.py:66} INFO - Poking callable: <function _wait_for_file at 0x7f6cec7ac560>
[2022-12-11 22:02:57,169] {logging_mixin.py:115} INFO - _wait_for_file True
[2022-12-11 22:03:17,159] {python.py:66} INFO - Poking callable: <function _wait_for_file at 0x7f6cec7ac560>
[2022-12-11 22:03:17,181] {logging_mixin.py:115} INFO - _wait_for_file True
[2022-12-11 22:03:37,743] {python.py:66} INFO - Poking callable: <function _wait_for_file at 0x7f6cec7ac560>
[2022-12-11 22:03:37,887] {logging_mixin.py:115} INFO - _wait_for_file True
[2022-12-11 22:03:57,911] {python.py:66} INFO - Poking callable: <function _wait_for_file at 0x7f6cec7ac560>
[2022-12-11 22:03:58,045] {logging_mixin.py:115} INFO - _wait_for_file True
[2022-12-11 22:04:18,031] {python.py:66} INFO - Poking callable: <function _wait_for_file at 0x7f6cec7ac560>
[2022-12-11 22:04:18,050] {logging_mixin.py:115} INFO - _wait_for_file True
[2022-12-11 22:04:38,037] {python.py:66} INFO - Poking callable: <function _wait_for_file at 0x7f6cec7ac560>
[2022-12-11 22:04:38,074] {logging_mixin.py:115} INFO - _wait_for_file True
[2022-12-11 22:04:58,106] {python.py:66} INFO - Poking callable: <function _wait_for_file at 0x7f6cec7ac560>
[2022-12-11 22:04:58,318] {logging_mixin.py:115} INFO - _wait_for_file True
[2022-12-11 22:05:18,307] {python.py:66} INFO - Poking callable: <function _wait_for_file at 0x7f6cec7ac560>
[2022-12-11 22:05:18,348] {logging_mixin.py:115} INFO - _wait_for_file True
[2022-12-11 22:05:38,912] {python.py:66} INFO - Poking callable: <function _wait_for_file at 0x7f6cec7ac560>
[2022-12-11 22:05:38,994] {logging_mixin.py:115} INFO - _wait_for_file True
[2022-12-11 22:05:59,848] {python.py:66} INFO - Poking callable: <function _wait_for_file at 0x7f6cec7ac560>
[2022-12-11 22:06:00,068] {logging_mixin.py:115} INFO - _wait_for_file True
[2022-12-11 22:06:20,059] {python.py:66} INFO - Poking callable: <function _wait_for_file at 0x7f6cec7ac560>
[2022-12-11 22:06:20,097] {logging_mixin.py:115} INFO - _wait_for_file True
[2022-12-11 22:06:40,085] {python.py:66} INFO - Poking callable: <function _wait_for_file at 0x7f6cec7ac560>
[2022-12-11 22:06:40,987] {logging_mixin.py:115} INFO - _wait_for_file True
[2022-12-11 22:07:01,020] {python.py:66} INFO - Poking callable: <function _wait_for_file at 0x7f6cec7ac560>
[2022-12-11 22:07:01,465] {logging_mixin.py:115} INFO - _wait_for_file True
[2022-12-11 22:07:21,460] {python.py:66} INFO - Poking callable: <function _wait_for_file at 0x7f6cec7ac560>
[2022-12-11 22:07:27,357] {logging_mixin.py:115} INFO - _wait_for_file True
[2022-12-11 22:07:47,373] {python.py:66} INFO - Poking callable: <function _wait_for_file at 0x7f6cec7ac560>
[2022-12-11 22:07:51,714] {logging_mixin.py:115} INFO - _wait_for_file True
[2022-12-11 22:08:11,700] {python.py:66} INFO - Poking callable: <function _wait_for_file at 0x7f6cec7ac560>
[2022-12-11 22:08:12,475] {logging_mixin.py:115} INFO - _wait_for_file True
[2022-12-11 22:08:32,687] {python.py:66} INFO - Poking callable: <function _wait_for_file at 0x7f6cec7ac560>
[2022-12-11 22:08:32,709] {logging_mixin.py:115} INFO - _wait_for_file True
[2022-12-11 22:08:52,726] {python.py:66} INFO - Poking callable: <function _wait_for_file at 0x7f6cec7ac560>
[2022-12-11 22:08:52,925] {logging_mixin.py:115} INFO - _wait_for_file True
[2022-12-11 22:09:12,935] {python.py:66} INFO - Poking callable: <function _wait_for_file at 0x7f6cec7ac560>
[2022-12-11 22:09:15,266] {logging_mixin.py:115} INFO - _wait_for_file True
[2022-12-11 22:09:35,701] {python.py:66} INFO - Poking callable: <function _wait_for_file at 0x7f6cec7ac560>
[2022-12-11 22:09:35,783] {logging_mixin.py:115} INFO - _wait_for_file True
[2022-12-11 22:09:55,804] {python.py:66} INFO - Poking callable: <function _wait_for_file at 0x7f6cec7ac560>
[2022-12-11 22:09:55,935] {logging_mixin.py:115} INFO - _wait_for_file True
[2022-12-11 22:10:15,553] {python.py:66} INFO - Poking callable: <function _wait_for_file at 0x7f6cec7ac560>
[2022-12-11 22:10:16,051] {logging_mixin.py:115} INFO - _wait_for_file True
[2022-12-11 22:10:36,302] {python.py:66} INFO - Poking callable: <function _wait_for_file at 0x7f6cec7ac560>
[2022-12-11 22:10:43,767] {logging_mixin.py:115} INFO - _wait_for_file True
[2022-12-11 22:11:03,878] {python.py:66} INFO - Poking callable: <function _wait_for_file at 0x7f6cec7ac560>
[2022-12-11 22:11:03,934] {logging_mixin.py:115} INFO - _wait_for_file True
[2022-12-11 22:11:25,794] {python.py:66} INFO - Poking callable: <function _wait_for_file at 0x7f6cec7ac560>
[2022-12-11 22:11:26,177] {logging_mixin.py:115} INFO - _wait_for_file True
[2022-12-11 22:11:46,169] {python.py:66} INFO - Poking callable: <function _wait_for_file at 0x7f6cec7ac560>
[2022-12-11 22:11:46,447] {logging_mixin.py:115} INFO - _wait_for_file True
[2022-12-11 22:12:06,432] {python.py:66} INFO - Poking callable: <function _wait_for_file at 0x7f6cec7ac560>
[2022-12-11 22:12:06,476] {logging_mixin.py:115} INFO - _wait_for_file True
[2022-12-11 22:12:26,505] {python.py:66} INFO - Poking callable: <function _wait_for_file at 0x7f6cec7ac560>
[2022-12-11 22:12:26,654] {logging_mixin.py:115} INFO - _wait_for_file True
[2022-12-11 22:12:47,300] {python.py:66} INFO - Poking callable: <function _wait_for_file at 0x7f6cec7ac560>
[2022-12-11 22:12:53,403] {logging_mixin.py:115} INFO - _wait_for_file True
[2022-12-11 22:13:13,450] {python.py:66} INFO - Poking callable: <function _wait_for_file at 0x7f6cec7ac560>
[2022-12-11 22:13:13,543] {logging_mixin.py:115} INFO - _wait_for_file True
[2022-12-11 22:13:33,572] {python.py:66} INFO - Poking callable: <function _wait_for_file at 0x7f6cec7ac560>
[2022-12-11 22:13:33,646] {logging_mixin.py:115} INFO - _wait_for_file True
[2022-12-11 22:13:53,642] {python.py:66} INFO - Poking callable: <function _wait_for_file at 0x7f6cec7ac560>
[2022-12-11 22:13:53,705] {logging_mixin.py:115} INFO - _wait_for_file True
[2022-12-11 22:14:13,696] {python.py:66} INFO - Poking callable: <function _wait_for_file at 0x7f6cec7ac560>
[2022-12-11 22:14:13,770] {logging_mixin.py:115} INFO - _wait_for_file True
[2022-12-11 22:14:33,791] {python.py:66} INFO - Poking callable: <function _wait_for_file at 0x7f6cec7ac560>
[2022-12-11 22:14:33,836] {logging_mixin.py:115} INFO - _wait_for_file True
[2022-12-11 22:14:53,820] {python.py:66} INFO - Poking callable: <function _wait_for_file at 0x7f6cec7ac560>
[2022-12-11 22:14:54,089] {logging_mixin.py:115} INFO - _wait_for_file True
[2022-12-11 22:15:14,082] {python.py:66} INFO - Poking callable: <function _wait_for_file at 0x7f6cec7ac560>
[2022-12-11 22:15:16,392] {logging_mixin.py:115} INFO - _wait_for_file True
[2022-12-11 22:15:37,028] {python.py:66} INFO - Poking callable: <function _wait_for_file at 0x7f6cec7ac560>
[2022-12-11 22:15:38,008] {logging_mixin.py:115} INFO - _wait_for_file True
[2022-12-11 22:15:58,107] {python.py:66} INFO - Poking callable: <function _wait_for_file at 0x7f6cec7ac560>
[2022-12-11 22:15:58,326] {logging_mixin.py:115} INFO - _wait_for_file True
[2022-12-11 22:16:18,417] {python.py:66} INFO - Poking callable: <function _wait_for_file at 0x7f6cec7ac560>
[2022-12-11 22:16:18,556] {logging_mixin.py:115} INFO - _wait_for_file True
[2022-12-11 22:16:38,550] {python.py:66} INFO - Poking callable: <function _wait_for_file at 0x7f6cec7ac560>
[2022-12-11 22:16:50,071] {logging_mixin.py:115} INFO - _wait_for_file True
[2022-12-11 22:17:10,427] {python.py:66} INFO - Poking callable: <function _wait_for_file at 0x7f6cec7ac560>
[2022-12-11 22:17:19,396] {logging_mixin.py:115} INFO - _wait_for_file True
[2022-12-11 22:17:39,385] {python.py:66} INFO - Poking callable: <function _wait_for_file at 0x7f6cec7ac560>
[2022-12-11 22:17:39,448] {logging_mixin.py:115} INFO - _wait_for_file True
[2022-12-11 22:17:59,476] {python.py:66} INFO - Poking callable: <function _wait_for_file at 0x7f6cec7ac560>
[2022-12-11 22:17:59,859] {logging_mixin.py:115} INFO - _wait_for_file True
[2022-12-11 22:18:20,285] {python.py:66} INFO - Poking callable: <function _wait_for_file at 0x7f6cec7ac560>
[2022-12-11 22:18:20,357] {logging_mixin.py:115} INFO - _wait_for_file True
[2022-12-11 22:18:40,345] {python.py:66} INFO - Poking callable: <function _wait_for_file at 0x7f6cec7ac560>
[2022-12-11 22:18:40,385] {logging_mixin.py:115} INFO - _wait_for_file True
[2022-12-11 22:19:00,428] {python.py:66} INFO - Poking callable: <function _wait_for_file at 0x7f6cec7ac560>
[2022-12-11 22:19:01,237] {logging_mixin.py:115} INFO - _wait_for_file True
[2022-12-11 22:19:22,017] {python.py:66} INFO - Poking callable: <function _wait_for_file at 0x7f6cec7ac560>
[2022-12-11 22:19:32,804] {logging_mixin.py:115} INFO - _wait_for_file True
[2022-12-11 22:19:53,247] {python.py:66} INFO - Poking callable: <function _wait_for_file at 0x7f6cec7ac560>
[2022-12-11 22:19:53,371] {logging_mixin.py:115} INFO - _wait_for_file True
[2022-12-11 22:20:13,369] {python.py:66} INFO - Poking callable: <function _wait_for_file at 0x7f6cec7ac560>
[2022-12-11 22:20:13,472] {logging_mixin.py:115} INFO - _wait_for_file True
[2022-12-11 22:20:33,505] {python.py:66} INFO - Poking callable: <function _wait_for_file at 0x7f6cec7ac560>
[2022-12-11 22:20:33,732] {logging_mixin.py:115} INFO - _wait_for_file True
[2022-12-11 22:20:53,790] {python.py:66} INFO - Poking callable: <function _wait_for_file at 0x7f6cec7ac560>
[2022-12-11 22:20:53,919] {logging_mixin.py:115} INFO - _wait_for_file True
[2022-12-11 22:21:13,916] {python.py:66} INFO - Poking callable: <function _wait_for_file at 0x7f6cec7ac560>
[2022-12-11 22:21:13,999] {logging_mixin.py:115} INFO - _wait_for_file True
[2022-12-11 22:21:34,022] {python.py:66} INFO - Poking callable: <function _wait_for_file at 0x7f6cec7ac560>
[2022-12-11 22:21:34,112] {logging_mixin.py:115} INFO - _wait_for_file True
[2022-12-11 22:21:54,107] {python.py:66} INFO - Poking callable: <function _wait_for_file at 0x7f6cec7ac560>
[2022-12-11 22:21:54,610] {logging_mixin.py:115} INFO - _wait_for_file True
[2022-12-11 22:22:14,680] {python.py:66} INFO - Poking callable: <function _wait_for_file at 0x7f6cec7ac560>
[2022-12-11 22:22:14,742] {logging_mixin.py:115} INFO - _wait_for_file True
[2022-12-11 22:22:34,765] {python.py:66} INFO - Poking callable: <function _wait_for_file at 0x7f6cec7ac560>
[2022-12-11 22:22:36,680] {logging_mixin.py:115} INFO - _wait_for_file True
[2022-12-11 22:22:56,711] {python.py:66} INFO - Poking callable: <function _wait_for_file at 0x7f6cec7ac560>
[2022-12-11 22:22:56,745] {logging_mixin.py:115} INFO - _wait_for_file True
[2022-12-11 22:23:16,731] {python.py:66} INFO - Poking callable: <function _wait_for_file at 0x7f6cec7ac560>
[2022-12-11 22:23:16,827] {logging_mixin.py:115} INFO - _wait_for_file True
[2022-12-11 22:23:36,813] {python.py:66} INFO - Poking callable: <function _wait_for_file at 0x7f6cec7ac560>
[2022-12-11 22:23:36,865] {logging_mixin.py:115} INFO - _wait_for_file True
[2022-12-11 22:23:56,885] {python.py:66} INFO - Poking callable: <function _wait_for_file at 0x7f6cec7ac560>
[2022-12-11 22:23:57,025] {logging_mixin.py:115} INFO - _wait_for_file True
[2022-12-11 22:24:17,035] {python.py:66} INFO - Poking callable: <function _wait_for_file at 0x7f6cec7ac560>
[2022-12-11 22:24:17,245] {logging_mixin.py:115} INFO - _wait_for_file True
[2022-12-11 22:24:37,372] {python.py:66} INFO - Poking callable: <function _wait_for_file at 0x7f6cec7ac560>
[2022-12-11 22:24:37,481] {logging_mixin.py:115} INFO - _wait_for_file True
[2022-12-11 22:24:57,518] {python.py:66} INFO - Poking callable: <function _wait_for_file at 0x7f6cec7ac560>
[2022-12-11 22:24:57,614] {logging_mixin.py:115} INFO - _wait_for_file True
[2022-12-11 22:25:17,484] {python.py:66} INFO - Poking callable: <function _wait_for_file at 0x7f6cec7ac560>
[2022-12-11 22:25:17,585] {logging_mixin.py:115} INFO - _wait_for_file True
[2022-12-11 22:25:37,603] {python.py:66} INFO - Poking callable: <function _wait_for_file at 0x7f6cec7ac560>
[2022-12-11 22:25:37,987] {logging_mixin.py:115} INFO - _wait_for_file True
[2022-12-11 22:25:58,017] {python.py:66} INFO - Poking callable: <function _wait_for_file at 0x7f6cec7ac560>
[2022-12-11 22:25:58,080] {logging_mixin.py:115} INFO - _wait_for_file True
[2022-12-11 22:26:18,231] {python.py:66} INFO - Poking callable: <function _wait_for_file at 0x7f6cec7ac560>
[2022-12-11 22:26:18,514] {logging_mixin.py:115} INFO - _wait_for_file True
[2022-12-11 22:26:38,505] {python.py:66} INFO - Poking callable: <function _wait_for_file at 0x7f6cec7ac560>
[2022-12-11 22:26:40,453] {logging_mixin.py:115} INFO - _wait_for_file True
[2022-12-11 22:27:00,485] {python.py:66} INFO - Poking callable: <function _wait_for_file at 0x7f6cec7ac560>
[2022-12-11 22:27:01,841] {logging_mixin.py:115} INFO - _wait_for_file True
[2022-12-11 22:27:21,821] {python.py:66} INFO - Poking callable: <function _wait_for_file at 0x7f6cec7ac560>
[2022-12-11 22:27:21,877] {logging_mixin.py:115} INFO - _wait_for_file True
[2022-12-11 22:27:41,888] {python.py:66} INFO - Poking callable: <function _wait_for_file at 0x7f6cec7ac560>
[2022-12-11 22:27:42,070] {logging_mixin.py:115} INFO - _wait_for_file True
[2022-12-11 22:28:02,093] {python.py:66} INFO - Poking callable: <function _wait_for_file at 0x7f6cec7ac560>
[2022-12-11 22:28:02,132] {logging_mixin.py:115} INFO - _wait_for_file True
[2022-12-11 22:28:22,559] {python.py:66} INFO - Poking callable: <function _wait_for_file at 0x7f6cec7ac560>
[2022-12-11 22:28:26,156] {logging_mixin.py:115} INFO - _wait_for_file True
[2022-12-11 22:28:46,151] {python.py:66} INFO - Poking callable: <function _wait_for_file at 0x7f6cec7ac560>
[2022-12-11 22:28:46,571] {logging_mixin.py:115} INFO - _wait_for_file True
[2022-12-11 22:29:06,576] {python.py:66} INFO - Poking callable: <function _wait_for_file at 0x7f6cec7ac560>
[2022-12-11 22:29:06,705] {logging_mixin.py:115} INFO - _wait_for_file True
[2022-12-11 22:29:26,728] {python.py:66} INFO - Poking callable: <function _wait_for_file at 0x7f6cec7ac560>
[2022-12-11 22:29:27,319] {logging_mixin.py:115} INFO - _wait_for_file True
[2022-12-11 22:29:47,916] {python.py:66} INFO - Poking callable: <function _wait_for_file at 0x7f6cec7ac560>
[2022-12-11 22:29:47,975] {logging_mixin.py:115} INFO - _wait_for_file True
[2022-12-11 22:30:07,761] {python.py:66} INFO - Poking callable: <function _wait_for_file at 0x7f6cec7ac560>
[2022-12-11 22:30:07,949] {logging_mixin.py:115} INFO - _wait_for_file True
[2022-12-11 22:30:27,982] {python.py:66} INFO - Poking callable: <function _wait_for_file at 0x7f6cec7ac560>
[2022-12-11 22:30:28,050] {logging_mixin.py:115} INFO - _wait_for_file True
[2022-12-11 22:30:48,093] {python.py:66} INFO - Poking callable: <function _wait_for_file at 0x7f6cec7ac560>
[2022-12-11 22:30:48,273] {logging_mixin.py:115} INFO - _wait_for_file True
[2022-12-11 22:31:08,296] {python.py:66} INFO - Poking callable: <function _wait_for_file at 0x7f6cec7ac560>
[2022-12-11 22:31:08,433] {logging_mixin.py:115} INFO - _wait_for_file True
[2022-12-11 22:31:28,494] {python.py:66} INFO - Poking callable: <function _wait_for_file at 0x7f6cec7ac560>
[2022-12-11 22:31:28,654] {logging_mixin.py:115} INFO - _wait_for_file True
[2022-12-11 22:31:48,658] {python.py:66} INFO - Poking callable: <function _wait_for_file at 0x7f6cec7ac560>
[2022-12-11 22:31:50,085] {logging_mixin.py:115} INFO - _wait_for_file True
[2022-12-11 22:32:10,087] {python.py:66} INFO - Poking callable: <function _wait_for_file at 0x7f6cec7ac560>
[2022-12-11 22:32:10,395] {logging_mixin.py:115} INFO - _wait_for_file True
[2022-12-11 22:32:30,420] {python.py:66} INFO - Poking callable: <function _wait_for_file at 0x7f6cec7ac560>
[2022-12-11 22:32:30,563] {logging_mixin.py:115} INFO - _wait_for_file True
[2022-12-11 22:32:50,561] {python.py:66} INFO - Poking callable: <function _wait_for_file at 0x7f6cec7ac560>
[2022-12-11 22:32:50,925] {logging_mixin.py:115} INFO - _wait_for_file True
[2022-12-11 22:33:10,916] {python.py:66} INFO - Poking callable: <function _wait_for_file at 0x7f6cec7ac560>
[2022-12-11 22:33:11,257] {logging_mixin.py:115} INFO - _wait_for_file True
[2022-12-11 22:33:31,308] {python.py:66} INFO - Poking callable: <function _wait_for_file at 0x7f6cec7ac560>
[2022-12-11 22:33:31,403] {logging_mixin.py:115} INFO - _wait_for_file True
[2022-12-11 22:33:52,707] {python.py:66} INFO - Poking callable: <function _wait_for_file at 0x7f6cec7ac560>
[2022-12-11 22:33:53,240] {logging_mixin.py:115} INFO - _wait_for_file True
[2022-12-11 22:34:13,332] {python.py:66} INFO - Poking callable: <function _wait_for_file at 0x7f6cec7ac560>
[2022-12-11 22:34:13,624] {logging_mixin.py:115} INFO - _wait_for_file True
[2022-12-11 22:34:33,702] {python.py:66} INFO - Poking callable: <function _wait_for_file at 0x7f6cec7ac560>
[2022-12-11 22:34:54,470] {logging_mixin.py:115} INFO - _wait_for_file True
[2022-12-11 22:35:14,453] {python.py:66} INFO - Poking callable: <function _wait_for_file at 0x7f6cec7ac560>
[2022-12-11 22:35:14,964] {logging_mixin.py:115} INFO - _wait_for_file True
[2022-12-11 22:35:35,068] {python.py:66} INFO - Poking callable: <function _wait_for_file at 0x7f6cec7ac560>
[2022-12-11 22:35:54,553] {logging_mixin.py:115} INFO - _wait_for_file True
[2022-12-11 22:36:14,627] {python.py:66} INFO - Poking callable: <function _wait_for_file at 0x7f6cec7ac560>
[2022-12-11 22:36:14,996] {logging_mixin.py:115} INFO - _wait_for_file True
[2022-12-11 22:36:35,123] {python.py:66} INFO - Poking callable: <function _wait_for_file at 0x7f6cec7ac560>
[2022-12-11 22:36:48,320] {logging_mixin.py:115} INFO - _wait_for_file True
[2022-12-11 22:37:08,307] {python.py:66} INFO - Poking callable: <function _wait_for_file at 0x7f6cec7ac560>
[2022-12-11 22:37:08,328] {logging_mixin.py:115} INFO - _wait_for_file True
[2022-12-11 22:37:28,358] {python.py:66} INFO - Poking callable: <function _wait_for_file at 0x7f6cec7ac560>
[2022-12-11 22:37:28,567] {logging_mixin.py:115} INFO - _wait_for_file True
[2022-12-11 22:37:48,677] {python.py:66} INFO - Poking callable: <function _wait_for_file at 0x7f6cec7ac560>
[2022-12-11 22:37:51,098] {logging_mixin.py:115} INFO - _wait_for_file True
[2022-12-11 22:38:11,110] {python.py:66} INFO - Poking callable: <function _wait_for_file at 0x7f6cec7ac560>
[2022-12-11 22:38:13,886] {logging_mixin.py:115} INFO - _wait_for_file True
[2022-12-11 22:38:33,914] {python.py:66} INFO - Poking callable: <function _wait_for_file at 0x7f6cec7ac560>
[2022-12-11 22:38:34,261] {logging_mixin.py:115} INFO - _wait_for_file True
[2022-12-11 22:38:54,304] {python.py:66} INFO - Poking callable: <function _wait_for_file at 0x7f6cec7ac560>
[2022-12-11 22:38:54,843] {logging_mixin.py:115} INFO - _wait_for_file True
[2022-12-11 22:39:16,040] {python.py:66} INFO - Poking callable: <function _wait_for_file at 0x7f6cec7ac560>
[2022-12-11 22:39:24,290] {logging_mixin.py:115} INFO - _wait_for_file True
[2022-12-11 22:39:44,316] {python.py:66} INFO - Poking callable: <function _wait_for_file at 0x7f6cec7ac560>
[2022-12-11 22:39:44,849] {logging_mixin.py:115} INFO - _wait_for_file True
[2022-12-11 22:40:04,911] {python.py:66} INFO - Poking callable: <function _wait_for_file at 0x7f6cec7ac560>
[2022-12-11 22:40:19,744] {logging_mixin.py:115} INFO - _wait_for_file True
[2022-12-11 22:40:39,750] {python.py:66} INFO - Poking callable: <function _wait_for_file at 0x7f6cec7ac560>
[2022-12-11 22:40:40,018] {logging_mixin.py:115} INFO - _wait_for_file True
[2022-12-11 22:41:00,062] {python.py:66} INFO - Poking callable: <function _wait_for_file at 0x7f6cec7ac560>
[2022-12-11 22:41:02,820] {logging_mixin.py:115} INFO - _wait_for_file True
[2022-12-11 22:41:23,589] {python.py:66} INFO - Poking callable: <function _wait_for_file at 0x7f6cec7ac560>
[2022-12-12 04:55:55,989] {logging_mixin.py:115} INFO - _wait_for_file True
[2022-12-12 04:56:16,624] {python.py:66} INFO - Poking callable: <function _wait_for_file at 0x7f6cec7ac560>
[2022-12-12 04:56:18,598] {logging_mixin.py:115} INFO - _wait_for_file True
[2022-12-12 04:56:34,836] {local_task_job.py:221} WARNING - State of this instance has been externally set to up_for_retry. Terminating instance.
[2022-12-12 04:56:35,115] {process_utils.py:129} INFO - Sending Signals.SIGTERM to group 6620. PIDs of all processes in the group: [6620]
[2022-12-12 04:56:35,276] {process_utils.py:80} INFO - Sending the signal Signals.SIGTERM to group 6620
[2022-12-12 04:56:35,326] {taskinstance.py:1541} ERROR - Received SIGTERM. Terminating subprocesses.
[2022-12-12 04:56:36,429] {taskinstance.py:1889} ERROR - Task failed with exception
Traceback (most recent call last):
  File "/home/airflow/.local/lib/python3.7/site-packages/airflow/sensors/base.py", line 299, in execute
    time.sleep(self._get_next_poke_interval(started_at, run_duration, try_number))
  File "/home/airflow/.local/lib/python3.7/site-packages/airflow/models/taskinstance.py", line 1543, in signal_handler
    raise AirflowException("Task received SIGTERM signal")
airflow.exceptions.AirflowException: Task received SIGTERM signal
[2022-12-12 04:56:36,848] {taskinstance.py:1400} INFO - Marking task as UP_FOR_RETRY. dag_id=first_dag, task_id=wait_for_file, execution_date=20221211T211300, start_date=20221211T212151, end_date=20221212T045636
[2022-12-12 04:56:37,361] {standard_task_runner.py:97} ERROR - Failed to execute job 1543 for task wait_for_file (Task received SIGTERM signal; 6620)
[2022-12-12 04:56:37,957] {process_utils.py:75} INFO - Process psutil.Process(pid=6620, status='terminated', exitcode=1, started='21:21:51') (6620) terminated with exit code 1
