[2022-12-11 14:38:11,754] {taskinstance.py:1159} INFO - Dependencies all met for <TaskInstance: first_dag.hello_task manual__2022-12-11T14:38:11.190061+00:00 [queued]>
[2022-12-11 14:38:11,766] {taskinstance.py:1159} INFO - Dependencies all met for <TaskInstance: first_dag.hello_task manual__2022-12-11T14:38:11.190061+00:00 [queued]>
[2022-12-11 14:38:11,767] {taskinstance.py:1356} INFO - 
--------------------------------------------------------------------------------
[2022-12-11 14:38:11,768] {taskinstance.py:1357} INFO - Starting attempt 1 of 1
[2022-12-11 14:38:11,769] {taskinstance.py:1358} INFO - 
--------------------------------------------------------------------------------
[2022-12-11 14:38:11,790] {taskinstance.py:1377} INFO - Executing <Task(BashOperator): hello_task> on 2022-12-11 14:38:11.190061+00:00
[2022-12-11 14:38:11,795] {standard_task_runner.py:52} INFO - Started process 1095 to run task
[2022-12-11 14:38:11,802] {standard_task_runner.py:79} INFO - Running: ['***', 'tasks', 'run', 'first_dag', 'hello_task', 'manual__2022-12-11T14:38:11.190061+00:00', '--job-id', '547', '--raw', '--subdir', 'DAGS_FOLDER/first-dag.py', '--cfg-path', '/tmp/tmp7a4an3_8', '--error-file', '/tmp/tmp_1r2tedm']
[2022-12-11 14:38:11,804] {standard_task_runner.py:80} INFO - Job 547: Subtask hello_task
[2022-12-11 14:38:11,888] {task_command.py:369} INFO - Running <TaskInstance: first_dag.hello_task manual__2022-12-11T14:38:11.190061+00:00 [running]> on host 7e39590a7807
[2022-12-11 14:38:12,001] {taskinstance.py:1571} INFO - Exporting the following env vars:
AIRFLOW_CTX_DAG_OWNER=***
AIRFLOW_CTX_DAG_ID=first_dag
AIRFLOW_CTX_TASK_ID=hello_task
AIRFLOW_CTX_EXECUTION_DATE=2022-12-11T14:38:11.190061+00:00
AIRFLOW_CTX_TRY_NUMBER=1
AIRFLOW_CTX_DAG_RUN_ID=manual__2022-12-11T14:38:11.190061+00:00
[2022-12-11 14:38:12,004] {subprocess.py:62} INFO - Tmp dir root location: 
 /tmp
[2022-12-11 14:38:12,006] {subprocess.py:74} INFO - Running command: ['bash', '-c', 'echo hello']
[2022-12-11 14:38:12,020] {subprocess.py:85} INFO - Output:
[2022-12-11 14:38:12,027] {subprocess.py:92} INFO - hello
[2022-12-11 14:38:12,028] {subprocess.py:96} INFO - Command exited with return code 0
[2022-12-11 14:38:12,075] {taskinstance.py:1400} INFO - Marking task as SUCCESS. dag_id=first_dag, task_id=hello_task, execution_date=20221211T143811, start_date=20221211T143811, end_date=20221211T143812
[2022-12-11 14:38:12,136] {local_task_job.py:156} INFO - Task exited with return code 0
[2022-12-11 14:38:12,203] {local_task_job.py:273} INFO - 1 downstream tasks scheduled from follow-on schedule check
