[2022-12-11 15:17:46,793] {taskinstance.py:1159} INFO - Dependencies all met for <TaskInstance: first_dag.hello_task manual__2022-12-11T15:17:45.914719+00:00 [queued]>
[2022-12-11 15:17:46,812] {taskinstance.py:1159} INFO - Dependencies all met for <TaskInstance: first_dag.hello_task manual__2022-12-11T15:17:45.914719+00:00 [queued]>
[2022-12-11 15:17:46,814] {taskinstance.py:1356} INFO - 
--------------------------------------------------------------------------------
[2022-12-11 15:17:46,815] {taskinstance.py:1357} INFO - Starting attempt 1 of 1
[2022-12-11 15:17:46,816] {taskinstance.py:1358} INFO - 
--------------------------------------------------------------------------------
[2022-12-11 15:17:46,857] {taskinstance.py:1377} INFO - Executing <Task(BashOperator): hello_task> on 2022-12-11 15:17:45.914719+00:00
[2022-12-11 15:17:46,873] {standard_task_runner.py:52} INFO - Started process 2333 to run task
[2022-12-11 15:17:46,893] {standard_task_runner.py:79} INFO - Running: ['***', 'tasks', 'run', 'first_dag', 'hello_task', 'manual__2022-12-11T15:17:45.914719+00:00', '--job-id', '833', '--raw', '--subdir', 'DAGS_FOLDER/first-dag.py', '--cfg-path', '/tmp/tmpoairl6xn', '--error-file', '/tmp/tmpf1e1ezu5']
[2022-12-11 15:17:46,896] {standard_task_runner.py:80} INFO - Job 833: Subtask hello_task
[2022-12-11 15:17:47,037] {task_command.py:369} INFO - Running <TaskInstance: first_dag.hello_task manual__2022-12-11T15:17:45.914719+00:00 [running]> on host 7e39590a7807
[2022-12-11 15:17:47,383] {taskinstance.py:1571} INFO - Exporting the following env vars:
AIRFLOW_CTX_DAG_OWNER=***
AIRFLOW_CTX_DAG_ID=first_dag
AIRFLOW_CTX_TASK_ID=hello_task
AIRFLOW_CTX_EXECUTION_DATE=2022-12-11T15:17:45.914719+00:00
AIRFLOW_CTX_TRY_NUMBER=1
AIRFLOW_CTX_DAG_RUN_ID=manual__2022-12-11T15:17:45.914719+00:00
[2022-12-11 15:17:47,387] {subprocess.py:62} INFO - Tmp dir root location: 
 /tmp
[2022-12-11 15:17:47,390] {subprocess.py:74} INFO - Running command: ['bash', '-c', 'echo hello']
[2022-12-11 15:17:47,517] {subprocess.py:85} INFO - Output:
[2022-12-11 15:17:47,534] {subprocess.py:92} INFO - hello
[2022-12-11 15:17:47,537] {subprocess.py:96} INFO - Command exited with return code 0
[2022-12-11 15:17:47,677] {taskinstance.py:1400} INFO - Marking task as SUCCESS. dag_id=first_dag, task_id=hello_task, execution_date=20221211T151745, start_date=20221211T151746, end_date=20221211T151747
[2022-12-11 15:17:47,811] {local_task_job.py:156} INFO - Task exited with return code 0
[2022-12-11 15:17:47,969] {local_task_job.py:273} INFO - 1 downstream tasks scheduled from follow-on schedule check
