[2022-12-11 17:43:26,585] {taskinstance.py:1159} INFO - Dependencies all met for <TaskInstance: first_dag.sum_column_task scheduled__2022-12-11T17:39:00+00:00 [queued]>
[2022-12-11 17:43:26,633] {taskinstance.py:1159} INFO - Dependencies all met for <TaskInstance: first_dag.sum_column_task scheduled__2022-12-11T17:39:00+00:00 [queued]>
[2022-12-11 17:43:26,634] {taskinstance.py:1356} INFO - 
--------------------------------------------------------------------------------
[2022-12-11 17:43:26,636] {taskinstance.py:1357} INFO - Starting attempt 1 of 1
[2022-12-11 17:43:26,637] {taskinstance.py:1358} INFO - 
--------------------------------------------------------------------------------
[2022-12-11 17:43:26,685] {taskinstance.py:1377} INFO - Executing <Task(PythonOperator): sum_column_task> on 2022-12-11 17:39:00+00:00
[2022-12-11 17:43:26,698] {standard_task_runner.py:52} INFO - Started process 3909 to run task
[2022-12-11 17:43:26,719] {standard_task_runner.py:79} INFO - Running: ['***', 'tasks', 'run', 'first_dag', 'sum_column_task', 'scheduled__2022-12-11T17:39:00+00:00', '--job-id', '1130', '--raw', '--subdir', 'DAGS_FOLDER/first-dag.py', '--cfg-path', '/tmp/tmpvmx66ct9', '--error-file', '/tmp/tmpbnf6exv_']
[2022-12-11 17:43:26,723] {standard_task_runner.py:80} INFO - Job 1130: Subtask sum_column_task
[2022-12-11 17:43:26,994] {task_command.py:369} INFO - Running <TaskInstance: first_dag.sum_column_task scheduled__2022-12-11T17:39:00+00:00 [running]> on host 7e39590a7807
[2022-12-11 17:43:30,249] {taskinstance.py:1571} INFO - Exporting the following env vars:
AIRFLOW_CTX_DAG_OWNER=***
AIRFLOW_CTX_DAG_ID=first_dag
AIRFLOW_CTX_TASK_ID=sum_column_task
AIRFLOW_CTX_EXECUTION_DATE=2022-12-11T17:39:00+00:00
AIRFLOW_CTX_TRY_NUMBER=1
AIRFLOW_CTX_DAG_RUN_ID=scheduled__2022-12-11T17:39:00+00:00
[2022-12-11 17:43:30,385] {logging_mixin.py:115} INFO - Different sum column is -15
[2022-12-11 17:43:30,386] {python.py:173} INFO - Done. Returned value was: -15
[2022-12-11 17:43:30,682] {taskinstance.py:1400} INFO - Marking task as SUCCESS. dag_id=first_dag, task_id=sum_column_task, execution_date=20221211T173900, start_date=20221211T174326, end_date=20221211T174330
[2022-12-11 17:43:30,819] {local_task_job.py:156} INFO - Task exited with return code 0
[2022-12-11 17:43:31,042] {local_task_job.py:273} INFO - 1 downstream tasks scheduled from follow-on schedule check
