[2022-12-04 16:41:58,058] {taskinstance.py:1159} INFO - Dependencies all met for <TaskInstance: first_dag.hello_task scheduled__2022-01-27T00:00:00+00:00 [queued]>
[2022-12-04 16:41:58,161] {taskinstance.py:1159} INFO - Dependencies all met for <TaskInstance: first_dag.hello_task scheduled__2022-01-27T00:00:00+00:00 [queued]>
[2022-12-04 16:41:58,171] {taskinstance.py:1356} INFO - 
--------------------------------------------------------------------------------
[2022-12-04 16:41:58,176] {taskinstance.py:1357} INFO - Starting attempt 1 of 1
[2022-12-04 16:41:58,181] {taskinstance.py:1358} INFO - 
--------------------------------------------------------------------------------
[2022-12-04 16:41:58,312] {taskinstance.py:1377} INFO - Executing <Task(BashOperator): hello_task> on 2022-01-27 00:00:00+00:00
[2022-12-04 16:41:58,341] {standard_task_runner.py:52} INFO - Started process 890 to run task
[2022-12-04 16:41:58,362] {standard_task_runner.py:79} INFO - Running: ['***', 'tasks', 'run', 'first_dag', 'hello_task', 'scheduled__2022-01-27T00:00:00+00:00', '--job-id', '153', '--raw', '--subdir', 'DAGS_FOLDER/first-dag.py', '--cfg-path', '/tmp/tmp1ht6wnc9', '--error-file', '/tmp/tmpqannjv53']
[2022-12-04 16:41:58,372] {standard_task_runner.py:80} INFO - Job 153: Subtask hello_task
[2022-12-04 16:41:58,852] {task_command.py:369} INFO - Running <TaskInstance: first_dag.hello_task scheduled__2022-01-27T00:00:00+00:00 [running]> on host fb90b48d1471
[2022-12-04 16:41:59,283] {taskinstance.py:1571} INFO - Exporting the following env vars:
AIRFLOW_CTX_DAG_OWNER=***
AIRFLOW_CTX_DAG_ID=first_dag
AIRFLOW_CTX_TASK_ID=hello_task
AIRFLOW_CTX_EXECUTION_DATE=2022-01-27T00:00:00+00:00
AIRFLOW_CTX_TRY_NUMBER=1
AIRFLOW_CTX_DAG_RUN_ID=scheduled__2022-01-27T00:00:00+00:00
[2022-12-04 16:41:59,285] {subprocess.py:62} INFO - Tmp dir root location: 
 /tmp
[2022-12-04 16:41:59,287] {subprocess.py:74} INFO - Running command: ['bash', '-c', 'echo hello']
[2022-12-04 16:41:59,353] {subprocess.py:85} INFO - Output:
[2022-12-04 16:41:59,368] {subprocess.py:92} INFO - hello
[2022-12-04 16:41:59,370] {subprocess.py:96} INFO - Command exited with return code 0
[2022-12-04 16:41:59,566] {taskinstance.py:1400} INFO - Marking task as SUCCESS. dag_id=first_dag, task_id=hello_task, execution_date=20220127T000000, start_date=20221204T164158, end_date=20221204T164159
[2022-12-04 16:41:59,797] {local_task_job.py:156} INFO - Task exited with return code 0
[2022-12-04 16:42:00,264] {local_task_job.py:273} INFO - 0 downstream tasks scheduled from follow-on schedule check
