[2022-12-11 19:11:24,757] {taskinstance.py:1159} INFO - Dependencies all met for <TaskInstance: first_dag.sum_column_task manual__2022-12-11T19:11:19.366812+00:00 [queued]>
[2022-12-11 19:11:24,778] {taskinstance.py:1159} INFO - Dependencies all met for <TaskInstance: first_dag.sum_column_task manual__2022-12-11T19:11:19.366812+00:00 [queued]>
[2022-12-11 19:11:24,779] {taskinstance.py:1356} INFO - 
--------------------------------------------------------------------------------
[2022-12-11 19:11:24,780] {taskinstance.py:1357} INFO - Starting attempt 1 of 1
[2022-12-11 19:11:24,782] {taskinstance.py:1358} INFO - 
--------------------------------------------------------------------------------
[2022-12-11 19:11:24,803] {taskinstance.py:1377} INFO - Executing <Task(PythonOperator): sum_column_task> on 2022-12-11 19:11:19.366812+00:00
[2022-12-11 19:11:24,812] {standard_task_runner.py:52} INFO - Started process 4658 to run task
[2022-12-11 19:11:24,820] {standard_task_runner.py:79} INFO - Running: ['***', 'tasks', 'run', 'first_dag', 'sum_column_task', 'manual__2022-12-11T19:11:19.366812+00:00', '--job-id', '1223', '--raw', '--subdir', 'DAGS_FOLDER/first-dag.py', '--cfg-path', '/tmp/tmpb_86ggvp', '--error-file', '/tmp/tmpww8hh1zn']
[2022-12-11 19:11:24,822] {standard_task_runner.py:80} INFO - Job 1223: Subtask sum_column_task
[2022-12-11 19:11:25,031] {task_command.py:369} INFO - Running <TaskInstance: first_dag.sum_column_task manual__2022-12-11T19:11:19.366812+00:00 [running]> on host 7e39590a7807
[2022-12-11 19:11:25,214] {taskinstance.py:1571} INFO - Exporting the following env vars:
AIRFLOW_CTX_DAG_OWNER=***
AIRFLOW_CTX_DAG_ID=first_dag
AIRFLOW_CTX_TASK_ID=sum_column_task
AIRFLOW_CTX_EXECUTION_DATE=2022-12-11T19:11:19.366812+00:00
AIRFLOW_CTX_TRY_NUMBER=1
AIRFLOW_CTX_DAG_RUN_ID=manual__2022-12-11T19:11:19.366812+00:00
[2022-12-11 19:11:25,247] {logging_mixin.py:115} INFO - Different sum column is -3
[2022-12-11 19:11:25,248] {python.py:173} INFO - Done. Returned value was: -3
[2022-12-11 19:11:25,362] {taskinstance.py:1400} INFO - Marking task as SUCCESS. dag_id=first_dag, task_id=sum_column_task, execution_date=20221211T191119, start_date=20221211T191124, end_date=20221211T191125
[2022-12-11 19:11:25,414] {local_task_job.py:156} INFO - Task exited with return code 0
[2022-12-11 19:11:25,501] {local_task_job.py:273} INFO - 0 downstream tasks scheduled from follow-on schedule check
