[2022-12-11 17:43:24,508] {taskinstance.py:1159} INFO - Dependencies all met for <TaskInstance: first_dag.generate_two_int_task scheduled__2022-12-11T17:42:00+00:00 [queued]>
[2022-12-11 17:43:24,557] {taskinstance.py:1159} INFO - Dependencies all met for <TaskInstance: first_dag.generate_two_int_task scheduled__2022-12-11T17:42:00+00:00 [queued]>
[2022-12-11 17:43:24,558] {taskinstance.py:1356} INFO - 
--------------------------------------------------------------------------------
[2022-12-11 17:43:24,559] {taskinstance.py:1357} INFO - Starting attempt 1 of 1
[2022-12-11 17:43:24,560] {taskinstance.py:1358} INFO - 
--------------------------------------------------------------------------------
[2022-12-11 17:43:24,625] {taskinstance.py:1377} INFO - Executing <Task(PythonOperator): generate_two_int_task> on 2022-12-11 17:42:00+00:00
[2022-12-11 17:43:24,633] {standard_task_runner.py:52} INFO - Started process 3906 to run task
[2022-12-11 17:43:24,652] {standard_task_runner.py:79} INFO - Running: ['***', 'tasks', 'run', 'first_dag', 'generate_two_int_task', 'scheduled__2022-12-11T17:42:00+00:00', '--job-id', '1128', '--raw', '--subdir', 'DAGS_FOLDER/first-dag.py', '--cfg-path', '/tmp/tmpavghzedx', '--error-file', '/tmp/tmp8p9pjw5g']
[2022-12-11 17:43:24,658] {standard_task_runner.py:80} INFO - Job 1128: Subtask generate_two_int_task
[2022-12-11 17:43:24,889] {task_command.py:369} INFO - Running <TaskInstance: first_dag.generate_two_int_task scheduled__2022-12-11T17:42:00+00:00 [running]> on host 7e39590a7807
[2022-12-11 17:43:25,253] {taskinstance.py:1571} INFO - Exporting the following env vars:
AIRFLOW_CTX_DAG_OWNER=***
AIRFLOW_CTX_DAG_ID=first_dag
AIRFLOW_CTX_TASK_ID=generate_two_int_task
AIRFLOW_CTX_EXECUTION_DATE=2022-12-11T17:42:00+00:00
AIRFLOW_CTX_TRY_NUMBER=1
AIRFLOW_CTX_DAG_RUN_ID=scheduled__2022-12-11T17:42:00+00:00
[2022-12-11 17:43:25,299] {python.py:173} INFO - Done. Returned value was: None
[2022-12-11 17:43:25,474] {taskinstance.py:1400} INFO - Marking task as SUCCESS. dag_id=first_dag, task_id=generate_two_int_task, execution_date=20221211T174200, start_date=20221211T174324, end_date=20221211T174325
[2022-12-11 17:43:25,599] {local_task_job.py:156} INFO - Task exited with return code 0
[2022-12-11 17:43:26,006] {local_task_job.py:273} INFO - 0 downstream tasks scheduled from follow-on schedule check
