[2022-12-04 16:02:24,915] {taskinstance.py:1159} INFO - Dependencies all met for <TaskInstance: first_dag.world scheduled__2022-02-06T00:00:00+00:00 [None]>
[2022-12-04 16:02:25,193] {taskinstance.py:1159} INFO - Dependencies all met for <TaskInstance: first_dag.world scheduled__2022-02-06T00:00:00+00:00 [None]>
[2022-12-04 16:02:25,221] {taskinstance.py:1356} INFO - 
--------------------------------------------------------------------------------
[2022-12-04 16:02:25,230] {taskinstance.py:1357} INFO - Starting attempt 1 of 1
[2022-12-04 16:02:25,245] {taskinstance.py:1358} INFO - 
--------------------------------------------------------------------------------
[2022-12-04 16:02:25,556] {taskinstance.py:1377} INFO - Executing <Task(PythonOperator): world> on 2022-02-06 00:00:00+00:00
[2022-12-04 16:02:25,699] {standard_task_runner.py:52} INFO - Started process 423 to run task
[2022-12-04 16:02:25,754] {standard_task_runner.py:79} INFO - Running: ['***', 'tasks', 'run', 'first_dag', 'world', 'scheduled__2022-02-06T00:00:00+00:00', '--job-id', '51', '--raw', '--subdir', 'DAGS_FOLDER/first-dag.py', '--cfg-path', '/tmp/tmpevfri9k4', '--error-file', '/tmp/tmplsua5kwc']
[2022-12-04 16:02:25,770] {standard_task_runner.py:80} INFO - Job 51: Subtask world
[2022-12-04 16:02:26,300] {task_command.py:369} INFO - Running <TaskInstance: first_dag.world scheduled__2022-02-06T00:00:00+00:00 [running]> on host fb90b48d1471
[2022-12-04 16:02:29,503] {taskinstance.py:1571} INFO - Exporting the following env vars:
AIRFLOW_CTX_DAG_OWNER=***
AIRFLOW_CTX_DAG_ID=first_dag
AIRFLOW_CTX_TASK_ID=world
AIRFLOW_CTX_EXECUTION_DATE=2022-02-06T00:00:00+00:00
AIRFLOW_CTX_TRY_NUMBER=1
AIRFLOW_CTX_DAG_RUN_ID=scheduled__2022-02-06T00:00:00+00:00
[2022-12-04 16:02:29,585] {logging_mixin.py:115} INFO - Airflow
[2022-12-04 16:02:29,612] {python.py:173} INFO - Done. Returned value was: None
[2022-12-04 16:02:30,040] {taskinstance.py:1400} INFO - Marking task as SUCCESS. dag_id=first_dag, task_id=world, execution_date=20220206T000000, start_date=20221204T160224, end_date=20221204T160230
[2022-12-04 16:02:30,293] {local_task_job.py:156} INFO - Task exited with return code 0
[2022-12-04 16:02:31,248] {local_task_job.py:273} INFO - 0 downstream tasks scheduled from follow-on schedule check
