[2022-12-04 19:33:48,718] {taskinstance.py:1159} INFO - Dependencies all met for <TaskInstance: first_dag.hello_task manual__2022-12-04T19:33:47.586266+00:00 [queued]>
[2022-12-04 19:33:48,743] {taskinstance.py:1159} INFO - Dependencies all met for <TaskInstance: first_dag.hello_task manual__2022-12-04T19:33:47.586266+00:00 [queued]>
[2022-12-04 19:33:48,744] {taskinstance.py:1356} INFO - 
--------------------------------------------------------------------------------
[2022-12-04 19:33:48,745] {taskinstance.py:1357} INFO - Starting attempt 1 of 1
[2022-12-04 19:33:48,746] {taskinstance.py:1358} INFO - 
--------------------------------------------------------------------------------
[2022-12-04 19:33:48,767] {taskinstance.py:1377} INFO - Executing <Task(BashOperator): hello_task> on 2022-12-04 19:33:47.586266+00:00
[2022-12-04 19:33:48,774] {standard_task_runner.py:52} INFO - Started process 496 to run task
[2022-12-04 19:33:48,789] {standard_task_runner.py:79} INFO - Running: ['***', 'tasks', 'run', 'first_dag', 'hello_task', 'manual__2022-12-04T19:33:47.586266+00:00', '--job-id', '267', '--raw', '--subdir', 'DAGS_FOLDER/first-dag.py', '--cfg-path', '/tmp/tmptwznv5cj', '--error-file', '/tmp/tmpvdqxgahh']
[2022-12-04 19:33:48,791] {standard_task_runner.py:80} INFO - Job 267: Subtask hello_task
[2022-12-04 19:33:48,876] {task_command.py:369} INFO - Running <TaskInstance: first_dag.hello_task manual__2022-12-04T19:33:47.586266+00:00 [running]> on host 4393b4454aa8
[2022-12-04 19:33:49,102] {taskinstance.py:1571} INFO - Exporting the following env vars:
AIRFLOW_CTX_DAG_OWNER=***
AIRFLOW_CTX_DAG_ID=first_dag
AIRFLOW_CTX_TASK_ID=hello_task
AIRFLOW_CTX_EXECUTION_DATE=2022-12-04T19:33:47.586266+00:00
AIRFLOW_CTX_TRY_NUMBER=1
AIRFLOW_CTX_DAG_RUN_ID=manual__2022-12-04T19:33:47.586266+00:00
[2022-12-04 19:33:49,103] {subprocess.py:62} INFO - Tmp dir root location: 
 /tmp
[2022-12-04 19:33:49,105] {subprocess.py:74} INFO - Running command: ['bash', '-c', 'echo hello']
[2022-12-04 19:33:49,117] {subprocess.py:85} INFO - Output:
[2022-12-04 19:33:49,120] {subprocess.py:92} INFO - hello
[2022-12-04 19:33:49,121] {subprocess.py:96} INFO - Command exited with return code 0
[2022-12-04 19:33:49,190] {taskinstance.py:1400} INFO - Marking task as SUCCESS. dag_id=first_dag, task_id=hello_task, execution_date=20221204T193347, start_date=20221204T193348, end_date=20221204T193349
[2022-12-04 19:33:49,240] {local_task_job.py:156} INFO - Task exited with return code 0
[2022-12-04 19:33:49,340] {local_task_job.py:273} INFO - 1 downstream tasks scheduled from follow-on schedule check
