[2022-12-11 19:11:41,964] {taskinstance.py:1159} INFO - Dependencies all met for <TaskInstance: first_dag.write_diff_task manual__2022-12-11T19:11:35.662211+00:00 [queued]>
[2022-12-11 19:11:41,981] {taskinstance.py:1159} INFO - Dependencies all met for <TaskInstance: first_dag.write_diff_task manual__2022-12-11T19:11:35.662211+00:00 [queued]>
[2022-12-11 19:11:41,982] {taskinstance.py:1356} INFO - 
--------------------------------------------------------------------------------
[2022-12-11 19:11:41,983] {taskinstance.py:1357} INFO - Starting attempt 1 of 1
[2022-12-11 19:11:41,985] {taskinstance.py:1358} INFO - 
--------------------------------------------------------------------------------
[2022-12-11 19:11:42,004] {taskinstance.py:1377} INFO - Executing <Task(PythonOperator): write_diff_task> on 2022-12-11 19:11:35.662211+00:00
[2022-12-11 19:11:42,010] {standard_task_runner.py:52} INFO - Started process 4679 to run task
[2022-12-11 19:11:42,021] {standard_task_runner.py:79} INFO - Running: ['***', 'tasks', 'run', 'first_dag', 'write_diff_task', 'manual__2022-12-11T19:11:35.662211+00:00', '--job-id', '1230', '--raw', '--subdir', 'DAGS_FOLDER/first-dag.py', '--cfg-path', '/tmp/tmpqzofeces', '--error-file', '/tmp/tmp_0juhkqh']
[2022-12-11 19:11:42,024] {standard_task_runner.py:80} INFO - Job 1230: Subtask write_diff_task
[2022-12-11 19:11:42,107] {task_command.py:369} INFO - Running <TaskInstance: first_dag.write_diff_task manual__2022-12-11T19:11:35.662211+00:00 [running]> on host 7e39590a7807
[2022-12-11 19:11:42,203] {taskinstance.py:1571} INFO - Exporting the following env vars:
AIRFLOW_CTX_DAG_OWNER=***
AIRFLOW_CTX_DAG_ID=first_dag
AIRFLOW_CTX_TASK_ID=write_diff_task
AIRFLOW_CTX_EXECUTION_DATE=2022-12-11T19:11:35.662211+00:00
AIRFLOW_CTX_TRY_NUMBER=1
AIRFLOW_CTX_DAG_RUN_ID=manual__2022-12-11T19:11:35.662211+00:00
[2022-12-11 19:11:42,238] {python.py:173} INFO - Done. Returned value was: None
[2022-12-11 19:11:42,259] {taskinstance.py:1400} INFO - Marking task as SUCCESS. dag_id=first_dag, task_id=write_diff_task, execution_date=20221211T191135, start_date=20221211T191141, end_date=20221211T191142
[2022-12-11 19:11:42,310] {local_task_job.py:156} INFO - Task exited with return code 0
[2022-12-11 19:11:42,369] {local_task_job.py:273} INFO - 1 downstream tasks scheduled from follow-on schedule check
