[2022-12-11 14:37:39,155] {taskinstance.py:1159} INFO - Dependencies all met for <TaskInstance: first_dag.write_diff_task manual__2022-12-11T14:37:32.433944+00:00 [queued]>
[2022-12-11 14:37:39,200] {taskinstance.py:1159} INFO - Dependencies all met for <TaskInstance: first_dag.write_diff_task manual__2022-12-11T14:37:32.433944+00:00 [queued]>
[2022-12-11 14:37:39,201] {taskinstance.py:1356} INFO - 
--------------------------------------------------------------------------------
[2022-12-11 14:37:39,203] {taskinstance.py:1357} INFO - Starting attempt 1 of 1
[2022-12-11 14:37:39,204] {taskinstance.py:1358} INFO - 
--------------------------------------------------------------------------------
[2022-12-11 14:37:39,326] {taskinstance.py:1377} INFO - Executing <Task(PythonOperator): write_diff_task> on 2022-12-11 14:37:32.433944+00:00
[2022-12-11 14:37:39,333] {standard_task_runner.py:52} INFO - Started process 1055 to run task
[2022-12-11 14:37:39,364] {standard_task_runner.py:79} INFO - Running: ['***', 'tasks', 'run', 'first_dag', 'write_diff_task', 'manual__2022-12-11T14:37:32.433944+00:00', '--job-id', '537', '--raw', '--subdir', 'DAGS_FOLDER/first-dag.py', '--cfg-path', '/tmp/tmpy00dwz91', '--error-file', '/tmp/tmpzmtraq3s']
[2022-12-11 14:37:39,388] {standard_task_runner.py:80} INFO - Job 537: Subtask write_diff_task
[2022-12-11 14:37:39,587] {task_command.py:369} INFO - Running <TaskInstance: first_dag.write_diff_task manual__2022-12-11T14:37:32.433944+00:00 [running]> on host 7e39590a7807
[2022-12-11 14:37:39,716] {taskinstance.py:1571} INFO - Exporting the following env vars:
AIRFLOW_CTX_DAG_OWNER=***
AIRFLOW_CTX_DAG_ID=first_dag
AIRFLOW_CTX_TASK_ID=write_diff_task
AIRFLOW_CTX_EXECUTION_DATE=2022-12-11T14:37:32.433944+00:00
AIRFLOW_CTX_TRY_NUMBER=1
AIRFLOW_CTX_DAG_RUN_ID=manual__2022-12-11T14:37:32.433944+00:00
[2022-12-11 14:37:39,852] {logging_mixin.py:115} INFO - res 4
[2022-12-11 14:37:39,856] {python.py:173} INFO - Done. Returned value was: None
[2022-12-11 14:37:39,916] {taskinstance.py:1400} INFO - Marking task as SUCCESS. dag_id=first_dag, task_id=write_diff_task, execution_date=20221211T143732, start_date=20221211T143739, end_date=20221211T143739
[2022-12-11 14:37:39,970] {local_task_job.py:156} INFO - Task exited with return code 0
[2022-12-11 14:37:40,063] {local_task_job.py:273} INFO - 0 downstream tasks scheduled from follow-on schedule check
