[2022-12-11 20:00:01,649] {taskinstance.py:1159} INFO - Dependencies all met for <TaskInstance: first_dag.world manual__2022-12-11T19:59:58.361670+00:00 [queued]>
[2022-12-11 20:00:01,691] {taskinstance.py:1159} INFO - Dependencies all met for <TaskInstance: first_dag.world manual__2022-12-11T19:59:58.361670+00:00 [queued]>
[2022-12-11 20:00:01,694] {taskinstance.py:1356} INFO - 
--------------------------------------------------------------------------------
[2022-12-11 20:00:01,696] {taskinstance.py:1357} INFO - Starting attempt 1 of 1
[2022-12-11 20:00:01,697] {taskinstance.py:1358} INFO - 
--------------------------------------------------------------------------------
[2022-12-11 20:00:01,748] {taskinstance.py:1377} INFO - Executing <Task(PythonOperator): world> on 2022-12-11 19:59:58.361670+00:00
[2022-12-11 20:00:01,765] {standard_task_runner.py:52} INFO - Started process 5379 to run task
[2022-12-11 20:00:01,791] {standard_task_runner.py:79} INFO - Running: ['***', 'tasks', 'run', 'first_dag', 'world', 'manual__2022-12-11T19:59:58.361670+00:00', '--job-id', '1309', '--raw', '--subdir', 'DAGS_FOLDER/first-dag.py', '--cfg-path', '/tmp/tmpaj5zf0l3', '--error-file', '/tmp/tmpqimrz6_y']
[2022-12-11 20:00:01,797] {standard_task_runner.py:80} INFO - Job 1309: Subtask world
[2022-12-11 20:00:01,948] {task_command.py:369} INFO - Running <TaskInstance: first_dag.world manual__2022-12-11T19:59:58.361670+00:00 [running]> on host 7e39590a7807
[2022-12-11 20:00:02,231] {taskinstance.py:1571} INFO - Exporting the following env vars:
AIRFLOW_CTX_DAG_OWNER=***
AIRFLOW_CTX_DAG_ID=first_dag
AIRFLOW_CTX_TASK_ID=world
AIRFLOW_CTX_EXECUTION_DATE=2022-12-11T19:59:58.361670+00:00
AIRFLOW_CTX_TRY_NUMBER=1
AIRFLOW_CTX_DAG_RUN_ID=manual__2022-12-11T19:59:58.361670+00:00
[2022-12-11 20:00:02,234] {logging_mixin.py:115} INFO - Airflow
[2022-12-11 20:00:02,244] {python.py:173} INFO - Done. Returned value was: None
[2022-12-11 20:00:02,284] {taskinstance.py:1400} INFO - Marking task as SUCCESS. dag_id=first_dag, task_id=world, execution_date=20221211T195958, start_date=20221211T200001, end_date=20221211T200002
[2022-12-11 20:00:02,385] {local_task_job.py:156} INFO - Task exited with return code 0
[2022-12-11 20:00:02,511] {local_task_job.py:273} INFO - 1 downstream tasks scheduled from follow-on schedule check
