[2022-12-11 17:08:43,175] {taskinstance.py:1159} INFO - Dependencies all met for <TaskInstance: first_dag.world manual__2022-12-11T17:08:37.071274+00:00 [queued]>
[2022-12-11 17:08:43,210] {taskinstance.py:1159} INFO - Dependencies all met for <TaskInstance: first_dag.world manual__2022-12-11T17:08:37.071274+00:00 [queued]>
[2022-12-11 17:08:43,213] {taskinstance.py:1356} INFO - 
--------------------------------------------------------------------------------
[2022-12-11 17:08:43,217] {taskinstance.py:1357} INFO - Starting attempt 1 of 1
[2022-12-11 17:08:43,220] {taskinstance.py:1358} INFO - 
--------------------------------------------------------------------------------
[2022-12-11 17:08:43,269] {taskinstance.py:1377} INFO - Executing <Task(PythonOperator): world> on 2022-12-11 17:08:37.071274+00:00
[2022-12-11 17:08:43,281] {standard_task_runner.py:52} INFO - Started process 3663 to run task
[2022-12-11 17:08:43,300] {standard_task_runner.py:79} INFO - Running: ['***', 'tasks', 'run', 'first_dag', 'world', 'manual__2022-12-11T17:08:37.071274+00:00', '--job-id', '1065', '--raw', '--subdir', 'DAGS_FOLDER/first-dag.py', '--cfg-path', '/tmp/tmpjmihuay1', '--error-file', '/tmp/tmpob8rxyre']
[2022-12-11 17:08:43,306] {standard_task_runner.py:80} INFO - Job 1065: Subtask world
[2022-12-11 17:08:43,506] {task_command.py:369} INFO - Running <TaskInstance: first_dag.world manual__2022-12-11T17:08:37.071274+00:00 [running]> on host 7e39590a7807
[2022-12-11 17:08:43,747] {taskinstance.py:1571} INFO - Exporting the following env vars:
AIRFLOW_CTX_DAG_OWNER=***
AIRFLOW_CTX_DAG_ID=first_dag
AIRFLOW_CTX_TASK_ID=world
AIRFLOW_CTX_EXECUTION_DATE=2022-12-11T17:08:37.071274+00:00
AIRFLOW_CTX_TRY_NUMBER=1
AIRFLOW_CTX_DAG_RUN_ID=manual__2022-12-11T17:08:37.071274+00:00
[2022-12-11 17:08:43,757] {logging_mixin.py:115} INFO - Airflow
[2022-12-11 17:08:43,760] {python.py:173} INFO - Done. Returned value was: None
[2022-12-11 17:08:43,808] {taskinstance.py:1400} INFO - Marking task as SUCCESS. dag_id=first_dag, task_id=world, execution_date=20221211T170837, start_date=20221211T170843, end_date=20221211T170843
[2022-12-11 17:08:43,874] {local_task_job.py:156} INFO - Task exited with return code 0
[2022-12-11 17:08:43,992] {local_task_job.py:273} INFO - 1 downstream tasks scheduled from follow-on schedule check
