[2022-12-11 14:35:34,760] {taskinstance.py:1159} INFO - Dependencies all met for <TaskInstance: first_dag.hello_task manual__2022-12-11T14:35:33.520021+00:00 [queued]>
[2022-12-11 14:35:34,777] {taskinstance.py:1159} INFO - Dependencies all met for <TaskInstance: first_dag.hello_task manual__2022-12-11T14:35:33.520021+00:00 [queued]>
[2022-12-11 14:35:34,778] {taskinstance.py:1356} INFO - 
--------------------------------------------------------------------------------
[2022-12-11 14:35:34,779] {taskinstance.py:1357} INFO - Starting attempt 1 of 1
[2022-12-11 14:35:34,781] {taskinstance.py:1358} INFO - 
--------------------------------------------------------------------------------
[2022-12-11 14:35:34,805] {taskinstance.py:1377} INFO - Executing <Task(BashOperator): hello_task> on 2022-12-11 14:35:33.520021+00:00
[2022-12-11 14:35:34,810] {standard_task_runner.py:52} INFO - Started process 951 to run task
[2022-12-11 14:35:34,822] {standard_task_runner.py:79} INFO - Running: ['***', 'tasks', 'run', 'first_dag', 'hello_task', 'manual__2022-12-11T14:35:33.520021+00:00', '--job-id', '512', '--raw', '--subdir', 'DAGS_FOLDER/first-dag.py', '--cfg-path', '/tmp/tmpxjyhbi9j', '--error-file', '/tmp/tmp93w_57vd']
[2022-12-11 14:35:34,826] {standard_task_runner.py:80} INFO - Job 512: Subtask hello_task
[2022-12-11 14:35:34,913] {task_command.py:369} INFO - Running <TaskInstance: first_dag.hello_task manual__2022-12-11T14:35:33.520021+00:00 [running]> on host 7e39590a7807
[2022-12-11 14:35:35,025] {taskinstance.py:1571} INFO - Exporting the following env vars:
AIRFLOW_CTX_DAG_OWNER=***
AIRFLOW_CTX_DAG_ID=first_dag
AIRFLOW_CTX_TASK_ID=hello_task
AIRFLOW_CTX_EXECUTION_DATE=2022-12-11T14:35:33.520021+00:00
AIRFLOW_CTX_TRY_NUMBER=1
AIRFLOW_CTX_DAG_RUN_ID=manual__2022-12-11T14:35:33.520021+00:00
[2022-12-11 14:35:35,028] {subprocess.py:62} INFO - Tmp dir root location: 
 /tmp
[2022-12-11 14:35:35,030] {subprocess.py:74} INFO - Running command: ['bash', '-c', 'echo hello']
[2022-12-11 14:35:35,045] {subprocess.py:85} INFO - Output:
[2022-12-11 14:35:35,049] {subprocess.py:92} INFO - hello
[2022-12-11 14:35:35,051] {subprocess.py:96} INFO - Command exited with return code 0
[2022-12-11 14:35:35,094] {taskinstance.py:1400} INFO - Marking task as SUCCESS. dag_id=first_dag, task_id=hello_task, execution_date=20221211T143533, start_date=20221211T143534, end_date=20221211T143535
[2022-12-11 14:35:35,149] {local_task_job.py:156} INFO - Task exited with return code 0
[2022-12-11 14:35:35,212] {local_task_job.py:273} INFO - 1 downstream tasks scheduled from follow-on schedule check
