[2022-12-11 17:11:34,379] {taskinstance.py:1159} INFO - Dependencies all met for <TaskInstance: first_dag.hello_task manual__2022-12-11T17:11:32.109189+00:00 [queued]>
[2022-12-11 17:11:34,424] {taskinstance.py:1159} INFO - Dependencies all met for <TaskInstance: first_dag.hello_task manual__2022-12-11T17:11:32.109189+00:00 [queued]>
[2022-12-11 17:11:34,427] {taskinstance.py:1356} INFO - 
--------------------------------------------------------------------------------
[2022-12-11 17:11:34,429] {taskinstance.py:1357} INFO - Starting attempt 1 of 1
[2022-12-11 17:11:34,432] {taskinstance.py:1358} INFO - 
--------------------------------------------------------------------------------
[2022-12-11 17:11:34,498] {taskinstance.py:1377} INFO - Executing <Task(BashOperator): hello_task> on 2022-12-11 17:11:32.109189+00:00
[2022-12-11 17:11:34,516] {standard_task_runner.py:52} INFO - Started process 3742 to run task
[2022-12-11 17:11:34,544] {standard_task_runner.py:79} INFO - Running: ['***', 'tasks', 'run', 'first_dag', 'hello_task', 'manual__2022-12-11T17:11:32.109189+00:00', '--job-id', '1088', '--raw', '--subdir', 'DAGS_FOLDER/first-dag.py', '--cfg-path', '/tmp/tmpy351ok76', '--error-file', '/tmp/tmp1b2t5yf3']
[2022-12-11 17:11:34,562] {standard_task_runner.py:80} INFO - Job 1088: Subtask hello_task
[2022-12-11 17:11:34,805] {task_command.py:369} INFO - Running <TaskInstance: first_dag.hello_task manual__2022-12-11T17:11:32.109189+00:00 [running]> on host 7e39590a7807
[2022-12-11 17:11:35,100] {taskinstance.py:1571} INFO - Exporting the following env vars:
AIRFLOW_CTX_DAG_OWNER=***
AIRFLOW_CTX_DAG_ID=first_dag
AIRFLOW_CTX_TASK_ID=hello_task
AIRFLOW_CTX_EXECUTION_DATE=2022-12-11T17:11:32.109189+00:00
AIRFLOW_CTX_TRY_NUMBER=1
AIRFLOW_CTX_DAG_RUN_ID=manual__2022-12-11T17:11:32.109189+00:00
[2022-12-11 17:11:35,110] {subprocess.py:62} INFO - Tmp dir root location: 
 /tmp
[2022-12-11 17:11:35,121] {subprocess.py:74} INFO - Running command: ['bash', '-c', 'echo hello']
[2022-12-11 17:11:35,181] {subprocess.py:85} INFO - Output:
[2022-12-11 17:11:35,238] {subprocess.py:92} INFO - hello
[2022-12-11 17:11:35,244] {subprocess.py:96} INFO - Command exited with return code 0
[2022-12-11 17:11:35,351] {taskinstance.py:1400} INFO - Marking task as SUCCESS. dag_id=first_dag, task_id=hello_task, execution_date=20221211T171132, start_date=20221211T171134, end_date=20221211T171135
[2022-12-11 17:11:35,450] {local_task_job.py:156} INFO - Task exited with return code 0
[2022-12-11 17:11:35,575] {local_task_job.py:273} INFO - 1 downstream tasks scheduled from follow-on schedule check
