[2022-12-11 21:21:51,907] {taskinstance.py:1159} INFO - Dependencies all met for <TaskInstance: first_dag.generate_two_int_task scheduled__2022-12-11T21:20:00+00:00 [queued]>
[2022-12-11 21:21:52,043] {taskinstance.py:1159} INFO - Dependencies all met for <TaskInstance: first_dag.generate_two_int_task scheduled__2022-12-11T21:20:00+00:00 [queued]>
[2022-12-11 21:21:52,045] {taskinstance.py:1356} INFO - 
--------------------------------------------------------------------------------
[2022-12-11 21:21:52,046] {taskinstance.py:1357} INFO - Starting attempt 1 of 1
[2022-12-11 21:21:52,047] {taskinstance.py:1358} INFO - 
--------------------------------------------------------------------------------
[2022-12-11 21:21:52,178] {taskinstance.py:1377} INFO - Executing <Task(PythonOperator): generate_two_int_task> on 2022-12-11 21:20:00+00:00
[2022-12-11 21:21:52,238] {standard_task_runner.py:52} INFO - Started process 6621 to run task
[2022-12-11 21:21:52,360] {standard_task_runner.py:79} INFO - Running: ['***', 'tasks', 'run', 'first_dag', 'generate_two_int_task', 'scheduled__2022-12-11T21:20:00+00:00', '--job-id', '1544', '--raw', '--subdir', 'DAGS_FOLDER/first-dag.py', '--cfg-path', '/tmp/tmpcey8g1e0', '--error-file', '/tmp/tmpgrvat6a5']
[2022-12-11 21:21:52,387] {standard_task_runner.py:80} INFO - Job 1544: Subtask generate_two_int_task
[2022-12-11 21:21:53,137] {task_command.py:369} INFO - Running <TaskInstance: first_dag.generate_two_int_task scheduled__2022-12-11T21:20:00+00:00 [running]> on host 7e39590a7807
[2022-12-11 21:21:54,234] {taskinstance.py:1571} INFO - Exporting the following env vars:
AIRFLOW_CTX_DAG_OWNER=***
AIRFLOW_CTX_DAG_ID=first_dag
AIRFLOW_CTX_TASK_ID=generate_two_int_task
AIRFLOW_CTX_EXECUTION_DATE=2022-12-11T21:20:00+00:00
AIRFLOW_CTX_TRY_NUMBER=1
AIRFLOW_CTX_DAG_RUN_ID=scheduled__2022-12-11T21:20:00+00:00
[2022-12-11 21:21:54,501] {python.py:173} INFO - Done. Returned value was: None
[2022-12-11 21:21:54,794] {taskinstance.py:1400} INFO - Marking task as SUCCESS. dag_id=first_dag, task_id=generate_two_int_task, execution_date=20221211T212000, start_date=20221211T212151, end_date=20221211T212154
[2022-12-11 21:21:54,934] {local_task_job.py:156} INFO - Task exited with return code 0
[2022-12-11 21:21:55,086] {local_task_job.py:273} INFO - 1 downstream tasks scheduled from follow-on schedule check
