[2022-12-11 20:24:00,427] {taskinstance.py:1159} INFO - Dependencies all met for <TaskInstance: first_dag.wait_for_file manual__2022-12-11T20:23:25.714226+00:00 [queued]>
[2022-12-11 20:24:00,546] {taskinstance.py:1159} INFO - Dependencies all met for <TaskInstance: first_dag.wait_for_file manual__2022-12-11T20:23:25.714226+00:00 [queued]>
[2022-12-11 20:24:00,547] {taskinstance.py:1356} INFO - 
--------------------------------------------------------------------------------
[2022-12-11 20:24:00,549] {taskinstance.py:1357} INFO - Starting attempt 1 of 3
[2022-12-11 20:24:00,552] {taskinstance.py:1358} INFO - 
--------------------------------------------------------------------------------
[2022-12-11 20:24:00,627] {taskinstance.py:1377} INFO - Executing <Task(PythonSensor): wait_for_file> on 2022-12-11 20:23:25.714226+00:00
[2022-12-11 20:24:00,657] {standard_task_runner.py:52} INFO - Started process 5873 to run task
[2022-12-11 20:24:00,681] {standard_task_runner.py:79} INFO - Running: ['***', 'tasks', 'run', 'first_dag', 'wait_for_file', 'manual__2022-12-11T20:23:25.714226+00:00', '--job-id', '1415', '--raw', '--subdir', 'DAGS_FOLDER/first-dag.py', '--cfg-path', '/tmp/tmpz6vj930e', '--error-file', '/tmp/tmp1e2vzooo']
[2022-12-11 20:24:00,685] {standard_task_runner.py:80} INFO - Job 1415: Subtask wait_for_file
[2022-12-11 20:24:09,025] {task_command.py:369} INFO - Running <TaskInstance: first_dag.wait_for_file manual__2022-12-11T20:23:25.714226+00:00 [running]> on host 7e39590a7807
[2022-12-11 20:24:10,041] {taskinstance.py:1571} INFO - Exporting the following env vars:
AIRFLOW_CTX_DAG_OWNER=***
AIRFLOW_CTX_DAG_ID=first_dag
AIRFLOW_CTX_TASK_ID=wait_for_file
AIRFLOW_CTX_EXECUTION_DATE=2022-12-11T20:23:25.714226+00:00
AIRFLOW_CTX_TRY_NUMBER=1
AIRFLOW_CTX_DAG_RUN_ID=manual__2022-12-11T20:23:25.714226+00:00
[2022-12-11 20:24:10,046] {python.py:66} INFO - Poking callable: <function _wait_for_file at 0x7f6cec7ac5f0>
[2022-12-11 20:24:10,225] {logging_mixin.py:115} INFO - _wait_for_file True
[2022-12-11 20:24:10,228] {base.py:301} INFO - Success criteria met. Exiting.
[2022-12-11 20:24:10,373] {taskinstance.py:1400} INFO - Marking task as SUCCESS. dag_id=first_dag, task_id=wait_for_file, execution_date=20221211T202325, start_date=20221211T202400, end_date=20221211T202410
[2022-12-11 20:24:10,634] {local_task_job.py:156} INFO - Task exited with return code 0
[2022-12-11 20:24:10,942] {local_task_job.py:273} INFO - 1 downstream tasks scheduled from follow-on schedule check
