[2022-12-11 20:23:27,228] {taskinstance.py:1159} INFO - Dependencies all met for <TaskInstance: first_dag.hello_task manual__2022-12-11T20:23:25.714226+00:00 [queued]>
[2022-12-11 20:23:27,277] {taskinstance.py:1159} INFO - Dependencies all met for <TaskInstance: first_dag.hello_task manual__2022-12-11T20:23:25.714226+00:00 [queued]>
[2022-12-11 20:23:27,280] {taskinstance.py:1356} INFO - 
--------------------------------------------------------------------------------
[2022-12-11 20:23:27,281] {taskinstance.py:1357} INFO - Starting attempt 1 of 1
[2022-12-11 20:23:27,282] {taskinstance.py:1358} INFO - 
--------------------------------------------------------------------------------
[2022-12-11 20:23:27,354] {taskinstance.py:1377} INFO - Executing <Task(BashOperator): hello_task> on 2022-12-11 20:23:25.714226+00:00
[2022-12-11 20:23:27,371] {standard_task_runner.py:52} INFO - Started process 5824 to run task
[2022-12-11 20:23:27,414] {standard_task_runner.py:79} INFO - Running: ['***', 'tasks', 'run', 'first_dag', 'hello_task', 'manual__2022-12-11T20:23:25.714226+00:00', '--job-id', '1393', '--raw', '--subdir', 'DAGS_FOLDER/first-dag.py', '--cfg-path', '/tmp/tmpptxbnng6', '--error-file', '/tmp/tmpq5cpvyaf']
[2022-12-11 20:23:27,427] {standard_task_runner.py:80} INFO - Job 1393: Subtask hello_task
[2022-12-11 20:23:28,057] {task_command.py:369} INFO - Running <TaskInstance: first_dag.hello_task manual__2022-12-11T20:23:25.714226+00:00 [running]> on host 7e39590a7807
[2022-12-11 20:23:28,901] {taskinstance.py:1571} INFO - Exporting the following env vars:
AIRFLOW_CTX_DAG_OWNER=***
AIRFLOW_CTX_DAG_ID=first_dag
AIRFLOW_CTX_TASK_ID=hello_task
AIRFLOW_CTX_EXECUTION_DATE=2022-12-11T20:23:25.714226+00:00
AIRFLOW_CTX_TRY_NUMBER=1
AIRFLOW_CTX_DAG_RUN_ID=manual__2022-12-11T20:23:25.714226+00:00
[2022-12-11 20:23:28,904] {subprocess.py:62} INFO - Tmp dir root location: 
 /tmp
[2022-12-11 20:23:28,915] {subprocess.py:74} INFO - Running command: ['bash', '-c', 'echo hello']
[2022-12-11 20:23:29,062] {subprocess.py:85} INFO - Output:
[2022-12-11 20:23:29,122] {subprocess.py:92} INFO - hello
[2022-12-11 20:23:29,125] {subprocess.py:96} INFO - Command exited with return code 0
[2022-12-11 20:23:29,458] {taskinstance.py:1400} INFO - Marking task as SUCCESS. dag_id=first_dag, task_id=hello_task, execution_date=20221211T202325, start_date=20221211T202327, end_date=20221211T202329
[2022-12-11 20:23:29,821] {local_task_job.py:156} INFO - Task exited with return code 0
[2022-12-11 20:23:30,079] {local_task_job.py:273} INFO - 0 downstream tasks scheduled from follow-on schedule check
