[2022-12-11 18:19:07,078] {taskinstance.py:1159} INFO - Dependencies all met for <TaskInstance: first_dag.hello_task manual__2022-12-11T18:18:52.504170+00:00 [queued]>
[2022-12-11 18:19:07,125] {taskinstance.py:1159} INFO - Dependencies all met for <TaskInstance: first_dag.hello_task manual__2022-12-11T18:18:52.504170+00:00 [queued]>
[2022-12-11 18:19:07,126] {taskinstance.py:1356} INFO - 
--------------------------------------------------------------------------------
[2022-12-11 18:19:07,128] {taskinstance.py:1357} INFO - Starting attempt 1 of 1
[2022-12-11 18:19:07,129] {taskinstance.py:1358} INFO - 
--------------------------------------------------------------------------------
[2022-12-11 18:19:07,185] {taskinstance.py:1377} INFO - Executing <Task(BashOperator): hello_task> on 2022-12-11 18:18:52.504170+00:00
[2022-12-11 18:19:07,191] {standard_task_runner.py:52} INFO - Started process 4340 to run task
[2022-12-11 18:19:07,259] {standard_task_runner.py:79} INFO - Running: ['***', 'tasks', 'run', 'first_dag', 'hello_task', 'manual__2022-12-11T18:18:52.504170+00:00', '--job-id', '1184', '--raw', '--subdir', 'DAGS_FOLDER/first-dag.py', '--cfg-path', '/tmp/tmp4zydcty6', '--error-file', '/tmp/tmpu2h1srnd']
[2022-12-11 18:19:07,262] {standard_task_runner.py:80} INFO - Job 1184: Subtask hello_task
[2022-12-11 18:19:08,061] {task_command.py:369} INFO - Running <TaskInstance: first_dag.hello_task manual__2022-12-11T18:18:52.504170+00:00 [running]> on host 7e39590a7807
[2022-12-11 18:19:09,758] {taskinstance.py:1571} INFO - Exporting the following env vars:
AIRFLOW_CTX_DAG_OWNER=***
AIRFLOW_CTX_DAG_ID=first_dag
AIRFLOW_CTX_TASK_ID=hello_task
AIRFLOW_CTX_EXECUTION_DATE=2022-12-11T18:18:52.504170+00:00
AIRFLOW_CTX_TRY_NUMBER=1
AIRFLOW_CTX_DAG_RUN_ID=manual__2022-12-11T18:18:52.504170+00:00
[2022-12-11 18:19:09,771] {subprocess.py:62} INFO - Tmp dir root location: 
 /tmp
[2022-12-11 18:19:09,790] {subprocess.py:74} INFO - Running command: ['bash', '-c', 'echo hello']
[2022-12-11 18:19:10,395] {subprocess.py:85} INFO - Output:
[2022-12-11 18:19:12,277] {subprocess.py:92} INFO - hello
[2022-12-11 18:19:12,341] {subprocess.py:96} INFO - Command exited with return code 0
[2022-12-11 18:19:13,066] {taskinstance.py:1400} INFO - Marking task as SUCCESS. dag_id=first_dag, task_id=hello_task, execution_date=20221211T181852, start_date=20221211T181907, end_date=20221211T181913
[2022-12-11 18:19:13,208] {local_task_job.py:156} INFO - Task exited with return code 0
[2022-12-11 18:19:13,325] {local_task_job.py:273} INFO - 1 downstream tasks scheduled from follow-on schedule check
