[2022-12-11 18:17:39,003] {taskinstance.py:1159} INFO - Dependencies all met for <TaskInstance: first_dag.wait_for_file manual__2022-12-11T18:16:53.193489+00:00 [queued]>
[2022-12-11 18:17:39,122] {taskinstance.py:1159} INFO - Dependencies all met for <TaskInstance: first_dag.wait_for_file manual__2022-12-11T18:16:53.193489+00:00 [queued]>
[2022-12-11 18:17:39,126] {taskinstance.py:1356} INFO - 
--------------------------------------------------------------------------------
[2022-12-11 18:17:39,129] {taskinstance.py:1357} INFO - Starting attempt 1 of 1
[2022-12-11 18:17:39,134] {taskinstance.py:1358} INFO - 
--------------------------------------------------------------------------------
[2022-12-11 18:17:39,258] {taskinstance.py:1377} INFO - Executing <Task(PythonSensor): wait_for_file> on 2022-12-11 18:16:53.193489+00:00
[2022-12-11 18:17:39,280] {standard_task_runner.py:52} INFO - Started process 4304 to run task
[2022-12-11 18:17:39,321] {standard_task_runner.py:79} INFO - Running: ['***', 'tasks', 'run', 'first_dag', 'wait_for_file', 'manual__2022-12-11T18:16:53.193489+00:00', '--job-id', '1179', '--raw', '--subdir', 'DAGS_FOLDER/first-dag.py', '--cfg-path', '/tmp/tmpsoacz3j1', '--error-file', '/tmp/tmpntkd3p5y']
[2022-12-11 18:17:39,326] {standard_task_runner.py:80} INFO - Job 1179: Subtask wait_for_file
[2022-12-11 18:17:39,789] {task_command.py:369} INFO - Running <TaskInstance: first_dag.wait_for_file manual__2022-12-11T18:16:53.193489+00:00 [running]> on host 7e39590a7807
[2022-12-11 18:17:40,339] {taskinstance.py:1571} INFO - Exporting the following env vars:
AIRFLOW_CTX_DAG_OWNER=***
AIRFLOW_CTX_DAG_ID=first_dag
AIRFLOW_CTX_TASK_ID=wait_for_file
AIRFLOW_CTX_EXECUTION_DATE=2022-12-11T18:16:53.193489+00:00
AIRFLOW_CTX_TRY_NUMBER=1
AIRFLOW_CTX_DAG_RUN_ID=manual__2022-12-11T18:16:53.193489+00:00
[2022-12-11 18:17:40,342] {python.py:66} INFO - Poking callable: <function _wait_for_file at 0x7f6cec7a5cb0>
[2022-12-11 18:17:40,408] {logging_mixin.py:115} INFO - _wait_for_file True
[2022-12-11 18:17:40,409] {logging_mixin.py:115} INFO - total attempt 0
[2022-12-11 18:18:39,961] {python.py:66} INFO - Poking callable: <function _wait_for_file at 0x7f6cec7a5cb0>
[2022-12-11 18:18:40,285] {logging_mixin.py:115} INFO - _wait_for_file True
[2022-12-11 18:18:40,286] {logging_mixin.py:115} INFO - total attempt 0
[2022-12-11 18:19:40,706] {python.py:66} INFO - Poking callable: <function _wait_for_file at 0x7f6cec7a5cb0>
[2022-12-11 18:19:40,838] {logging_mixin.py:115} INFO - _wait_for_file True
[2022-12-11 18:19:40,839] {logging_mixin.py:115} INFO - total attempt 0
[2022-12-11 18:19:40,854] {base.py:301} INFO - Success criteria met. Exiting.
[2022-12-11 18:19:41,287] {taskinstance.py:1400} INFO - Marking task as SUCCESS. dag_id=first_dag, task_id=wait_for_file, execution_date=20221211T181653, start_date=20221211T181739, end_date=20221211T181941
[2022-12-11 18:19:41,577] {local_task_job.py:221} WARNING - State of this instance has been externally set to success. Terminating instance.
[2022-12-11 18:19:41,600] {process_utils.py:129} INFO - Sending Signals.SIGTERM to group 4304. PIDs of all processes in the group: [4304]
[2022-12-11 18:19:41,603] {process_utils.py:80} INFO - Sending the signal Signals.SIGTERM to group 4304
[2022-12-11 18:19:41,606] {process_utils.py:75} INFO - Process psutil.Process(pid=4304, status='terminated', exitcode=0, started='18:17:38') (4304) terminated with exit code 0
