[2022-12-11 17:08:52,842] {taskinstance.py:1159} INFO - Dependencies all met for <TaskInstance: first_dag.wait_for_file manual__2022-12-11T17:08:37.071274+00:00 [queued]>
[2022-12-11 17:08:52,895] {taskinstance.py:1159} INFO - Dependencies all met for <TaskInstance: first_dag.wait_for_file manual__2022-12-11T17:08:37.071274+00:00 [queued]>
[2022-12-11 17:08:52,899] {taskinstance.py:1356} INFO - 
--------------------------------------------------------------------------------
[2022-12-11 17:08:52,902] {taskinstance.py:1357} INFO - Starting attempt 1 of 1
[2022-12-11 17:08:52,907] {taskinstance.py:1358} INFO - 
--------------------------------------------------------------------------------
[2022-12-11 17:08:52,966] {taskinstance.py:1377} INFO - Executing <Task(PythonSensor): wait_for_file> on 2022-12-11 17:08:37.071274+00:00
[2022-12-11 17:08:52,983] {standard_task_runner.py:52} INFO - Started process 3672 to run task
[2022-12-11 17:08:53,008] {standard_task_runner.py:79} INFO - Running: ['***', 'tasks', 'run', 'first_dag', 'wait_for_file', 'manual__2022-12-11T17:08:37.071274+00:00', '--job-id', '1069', '--raw', '--subdir', 'DAGS_FOLDER/first-dag.py', '--cfg-path', '/tmp/tmpm0y5kn49', '--error-file', '/tmp/tmpt58xxz_b']
[2022-12-11 17:08:53,013] {standard_task_runner.py:80} INFO - Job 1069: Subtask wait_for_file
[2022-12-11 17:08:53,364] {task_command.py:369} INFO - Running <TaskInstance: first_dag.wait_for_file manual__2022-12-11T17:08:37.071274+00:00 [running]> on host 7e39590a7807
[2022-12-11 17:08:53,957] {taskinstance.py:1571} INFO - Exporting the following env vars:
AIRFLOW_CTX_DAG_OWNER=***
AIRFLOW_CTX_DAG_ID=first_dag
AIRFLOW_CTX_TASK_ID=wait_for_file
AIRFLOW_CTX_EXECUTION_DATE=2022-12-11T17:08:37.071274+00:00
AIRFLOW_CTX_TRY_NUMBER=1
AIRFLOW_CTX_DAG_RUN_ID=manual__2022-12-11T17:08:37.071274+00:00
[2022-12-11 17:08:53,972] {python.py:66} INFO - Poking callable: <function _wait_for_file at 0x7f6cec7a5cb0>
[2022-12-11 17:08:54,130] {logging_mixin.py:115} INFO - _wait_for_file True
[2022-12-11 17:09:54,120] {python.py:66} INFO - Poking callable: <function _wait_for_file at 0x7f6cec7a5cb0>
[2022-12-11 17:09:54,162] {logging_mixin.py:115} INFO - _wait_for_file True
[2022-12-11 17:10:54,165] {python.py:66} INFO - Poking callable: <function _wait_for_file at 0x7f6cec7a5cb0>
[2022-12-11 17:10:54,286] {logging_mixin.py:115} INFO - _wait_for_file True
[2022-12-11 17:11:54,304] {python.py:66} INFO - Poking callable: <function _wait_for_file at 0x7f6cec7a5cb0>
[2022-12-11 17:11:54,646] {logging_mixin.py:115} INFO - _wait_for_file True
[2022-12-11 17:12:54,640] {python.py:66} INFO - Poking callable: <function _wait_for_file at 0x7f6cec7a5cb0>
[2022-12-11 17:12:54,670] {logging_mixin.py:115} INFO - _wait_for_file True
[2022-12-11 17:14:14,853] {python.py:66} INFO - Poking callable: <function _wait_for_file at 0x7f6cec7a5cb0>
[2022-12-11 17:14:34,035] {logging_mixin.py:115} INFO - _wait_for_file True
[2022-12-11 17:15:33,258] {python.py:66} INFO - Poking callable: <function _wait_for_file at 0x7f6cec7a5cb0>
[2022-12-11 17:15:33,726] {logging_mixin.py:115} INFO - _wait_for_file True
[2022-12-11 17:21:16,086] {python.py:66} INFO - Poking callable: <function _wait_for_file at 0x7f6cec7a5cb0>
[2022-12-11 17:21:24,336] {logging_mixin.py:115} INFO - _wait_for_file True
[2022-12-11 17:27:05,752] {python.py:66} INFO - Poking callable: <function _wait_for_file at 0x7f6cec7a5cb0>
[2022-12-11 17:27:06,594] {logging_mixin.py:115} INFO - _wait_for_file True
[2022-12-11 17:37:29,215] {python.py:66} INFO - Poking callable: <function _wait_for_file at 0x7f6cec7a5cb0>
[2022-12-11 17:37:29,235] {logging_mixin.py:115} INFO - _wait_for_file True
[2022-12-11 17:43:14,111] {python.py:66} INFO - Poking callable: <function _wait_for_file at 0x7f6cec7a5cb0>
[2022-12-11 17:43:16,430] {logging_mixin.py:115} INFO - _wait_for_file True
[2022-12-11 17:44:16,483] {python.py:66} INFO - Poking callable: <function _wait_for_file at 0x7f6cec7a5cb0>
[2022-12-11 17:44:16,837] {logging_mixin.py:115} INFO - _wait_for_file True
[2022-12-11 17:45:16,954] {python.py:66} INFO - Poking callable: <function _wait_for_file at 0x7f6cec7a5cb0>
[2022-12-11 17:45:17,207] {logging_mixin.py:115} INFO - _wait_for_file True
[2022-12-11 17:51:02,690] {python.py:66} INFO - Poking callable: <function _wait_for_file at 0x7f6cec7a5cb0>
[2022-12-11 17:51:03,985] {logging_mixin.py:115} INFO - _wait_for_file True
[2022-12-11 17:51:47,136] {local_task_job.py:221} WARNING - State of this instance has been externally set to failed. Terminating instance.
[2022-12-11 17:51:47,264] {process_utils.py:129} INFO - Sending Signals.SIGTERM to group 3672. PIDs of all processes in the group: [3672]
[2022-12-11 17:51:47,271] {process_utils.py:80} INFO - Sending the signal Signals.SIGTERM to group 3672
[2022-12-11 17:51:47,281] {taskinstance.py:1541} ERROR - Received SIGTERM. Terminating subprocesses.
[2022-12-11 17:51:49,245] {process_utils.py:75} INFO - Process psutil.Process(pid=3672, status='terminated', exitcode=0, started='17:08:52') (3672) terminated with exit code 0
