[2022-12-11 14:31:03,496] {taskinstance.py:1159} INFO - Dependencies all met for <TaskInstance: first_dag.generate_two_int_task scheduled__2022-12-11T14:30:00+00:00 [queued]>
[2022-12-11 14:31:03,512] {taskinstance.py:1159} INFO - Dependencies all met for <TaskInstance: first_dag.generate_two_int_task scheduled__2022-12-11T14:30:00+00:00 [queued]>
[2022-12-11 14:31:03,514] {taskinstance.py:1356} INFO - 
--------------------------------------------------------------------------------
[2022-12-11 14:31:03,515] {taskinstance.py:1357} INFO - Starting attempt 1 of 1
[2022-12-11 14:31:03,516] {taskinstance.py:1358} INFO - 
--------------------------------------------------------------------------------
[2022-12-11 14:31:03,534] {taskinstance.py:1377} INFO - Executing <Task(PythonOperator): generate_two_int_task> on 2022-12-11 14:30:00+00:00
[2022-12-11 14:31:03,540] {standard_task_runner.py:52} INFO - Started process 807 to run task
[2022-12-11 14:31:03,547] {standard_task_runner.py:79} INFO - Running: ['***', 'tasks', 'run', 'first_dag', 'generate_two_int_task', 'scheduled__2022-12-11T14:30:00+00:00', '--job-id', '475', '--raw', '--subdir', 'DAGS_FOLDER/first-dag.py', '--cfg-path', '/tmp/tmpyaz2kskd', '--error-file', '/tmp/tmpdrk66g5n']
[2022-12-11 14:31:03,549] {standard_task_runner.py:80} INFO - Job 475: Subtask generate_two_int_task
[2022-12-11 14:31:03,624] {task_command.py:369} INFO - Running <TaskInstance: first_dag.generate_two_int_task scheduled__2022-12-11T14:30:00+00:00 [running]> on host 7e39590a7807
[2022-12-11 14:31:03,722] {taskinstance.py:1571} INFO - Exporting the following env vars:
AIRFLOW_CTX_DAG_OWNER=***
AIRFLOW_CTX_DAG_ID=first_dag
AIRFLOW_CTX_TASK_ID=generate_two_int_task
AIRFLOW_CTX_EXECUTION_DATE=2022-12-11T14:30:00+00:00
AIRFLOW_CTX_TRY_NUMBER=1
AIRFLOW_CTX_DAG_RUN_ID=scheduled__2022-12-11T14:30:00+00:00
[2022-12-11 14:31:03,743] {python.py:173} INFO - Done. Returned value was: None
[2022-12-11 14:31:03,762] {taskinstance.py:1400} INFO - Marking task as SUCCESS. dag_id=first_dag, task_id=generate_two_int_task, execution_date=20221211T143000, start_date=20221211T143103, end_date=20221211T143103
[2022-12-11 14:31:03,801] {local_task_job.py:156} INFO - Task exited with return code 0
[2022-12-11 14:31:03,862] {local_task_job.py:273} INFO - 1 downstream tasks scheduled from follow-on schedule check
[2022-12-11 14:46:50,599] {taskinstance.py:1159} INFO - Dependencies all met for <TaskInstance: first_dag.generate_two_int_task scheduled__2022-12-11T14:30:00+00:00 [queued]>
[2022-12-11 14:46:50,617] {taskinstance.py:1159} INFO - Dependencies all met for <TaskInstance: first_dag.generate_two_int_task scheduled__2022-12-11T14:30:00+00:00 [queued]>
[2022-12-11 14:46:50,619] {taskinstance.py:1356} INFO - 
--------------------------------------------------------------------------------
[2022-12-11 14:46:50,620] {taskinstance.py:1357} INFO - Starting attempt 1 of 1
[2022-12-11 14:46:50,620] {taskinstance.py:1358} INFO - 
--------------------------------------------------------------------------------
[2022-12-11 14:46:50,652] {taskinstance.py:1377} INFO - Executing <Task(PythonOperator): generate_two_int_task> on 2022-12-11 14:30:00+00:00
[2022-12-11 14:46:50,657] {standard_task_runner.py:52} INFO - Started process 1379 to run task
[2022-12-11 14:46:50,668] {standard_task_runner.py:79} INFO - Running: ['***', 'tasks', 'run', 'first_dag', 'generate_two_int_task', 'scheduled__2022-12-11T14:30:00+00:00', '--job-id', '614', '--raw', '--subdir', 'DAGS_FOLDER/first-dag.py', '--cfg-path', '/tmp/tmpkua62k7_', '--error-file', '/tmp/tmpmay1ih51']
[2022-12-11 14:46:50,674] {standard_task_runner.py:80} INFO - Job 614: Subtask generate_two_int_task
[2022-12-11 14:46:50,779] {task_command.py:369} INFO - Running <TaskInstance: first_dag.generate_two_int_task scheduled__2022-12-11T14:30:00+00:00 [running]> on host 7e39590a7807
[2022-12-11 14:46:50,877] {taskinstance.py:1571} INFO - Exporting the following env vars:
AIRFLOW_CTX_DAG_OWNER=***
AIRFLOW_CTX_DAG_ID=first_dag
AIRFLOW_CTX_TASK_ID=generate_two_int_task
AIRFLOW_CTX_EXECUTION_DATE=2022-12-11T14:30:00+00:00
AIRFLOW_CTX_TRY_NUMBER=1
AIRFLOW_CTX_DAG_RUN_ID=scheduled__2022-12-11T14:30:00+00:00
[2022-12-11 14:46:50,899] {python.py:173} INFO - Done. Returned value was: None
[2022-12-11 14:46:50,921] {taskinstance.py:1400} INFO - Marking task as SUCCESS. dag_id=first_dag, task_id=generate_two_int_task, execution_date=20221211T143000, start_date=20221211T144650, end_date=20221211T144650
[2022-12-11 14:46:50,957] {local_task_job.py:156} INFO - Task exited with return code 0
[2022-12-11 14:46:51,035] {local_task_job.py:273} INFO - 0 downstream tasks scheduled from follow-on schedule check
