[2022-12-11 15:29:04,368] {taskinstance.py:1159} INFO - Dependencies all met for <TaskInstance: first_dag.sum_column_task scheduled__2022-12-11T15:28:00+00:00 [queued]>
[2022-12-11 15:29:04,390] {taskinstance.py:1159} INFO - Dependencies all met for <TaskInstance: first_dag.sum_column_task scheduled__2022-12-11T15:28:00+00:00 [queued]>
[2022-12-11 15:29:04,392] {taskinstance.py:1356} INFO - 
--------------------------------------------------------------------------------
[2022-12-11 15:29:04,392] {taskinstance.py:1357} INFO - Starting attempt 1 of 1
[2022-12-11 15:29:04,393] {taskinstance.py:1358} INFO - 
--------------------------------------------------------------------------------
[2022-12-11 15:29:04,414] {taskinstance.py:1377} INFO - Executing <Task(PythonOperator): sum_column_task> on 2022-12-11 15:28:00+00:00
[2022-12-11 15:29:04,419] {standard_task_runner.py:52} INFO - Started process 2721 to run task
[2022-12-11 15:29:04,428] {standard_task_runner.py:79} INFO - Running: ['***', 'tasks', 'run', 'first_dag', 'sum_column_task', 'scheduled__2022-12-11T15:28:00+00:00', '--job-id', '940', '--raw', '--subdir', 'DAGS_FOLDER/first-dag.py', '--cfg-path', '/tmp/tmprhylamdd', '--error-file', '/tmp/tmp6bw7jolk']
[2022-12-11 15:29:04,431] {standard_task_runner.py:80} INFO - Job 940: Subtask sum_column_task
[2022-12-11 15:29:04,524] {task_command.py:369} INFO - Running <TaskInstance: first_dag.sum_column_task scheduled__2022-12-11T15:28:00+00:00 [running]> on host 7e39590a7807
[2022-12-11 15:29:04,634] {taskinstance.py:1571} INFO - Exporting the following env vars:
AIRFLOW_CTX_DAG_OWNER=***
AIRFLOW_CTX_DAG_ID=first_dag
AIRFLOW_CTX_TASK_ID=sum_column_task
AIRFLOW_CTX_EXECUTION_DATE=2022-12-11T15:28:00+00:00
AIRFLOW_CTX_TRY_NUMBER=1
AIRFLOW_CTX_DAG_RUN_ID=scheduled__2022-12-11T15:28:00+00:00
[2022-12-11 15:29:04,650] {logging_mixin.py:115} INFO - Different sum column is 0
[2022-12-11 15:29:04,651] {python.py:173} INFO - Done. Returned value was: 0
[2022-12-11 15:29:04,691] {taskinstance.py:1400} INFO - Marking task as SUCCESS. dag_id=first_dag, task_id=sum_column_task, execution_date=20221211T152800, start_date=20221211T152904, end_date=20221211T152904
[2022-12-11 15:29:04,718] {local_task_job.py:156} INFO - Task exited with return code 0
[2022-12-11 15:29:04,765] {local_task_job.py:273} INFO - 1 downstream tasks scheduled from follow-on schedule check
[2022-12-11 15:29:35,676] {taskinstance.py:1159} INFO - Dependencies all met for <TaskInstance: first_dag.sum_column_task scheduled__2022-12-11T15:28:00+00:00 [queued]>
[2022-12-11 15:29:35,691] {taskinstance.py:1159} INFO - Dependencies all met for <TaskInstance: first_dag.sum_column_task scheduled__2022-12-11T15:28:00+00:00 [queued]>
[2022-12-11 15:29:35,692] {taskinstance.py:1356} INFO - 
--------------------------------------------------------------------------------
[2022-12-11 15:29:35,693] {taskinstance.py:1357} INFO - Starting attempt 1 of 1
[2022-12-11 15:29:35,695] {taskinstance.py:1358} INFO - 
--------------------------------------------------------------------------------
[2022-12-11 15:29:35,715] {taskinstance.py:1377} INFO - Executing <Task(PythonOperator): sum_column_task> on 2022-12-11 15:28:00+00:00
[2022-12-11 15:29:35,720] {standard_task_runner.py:52} INFO - Started process 2737 to run task
[2022-12-11 15:29:35,725] {standard_task_runner.py:79} INFO - Running: ['***', 'tasks', 'run', 'first_dag', 'sum_column_task', 'scheduled__2022-12-11T15:28:00+00:00', '--job-id', '945', '--raw', '--subdir', 'DAGS_FOLDER/first-dag.py', '--cfg-path', '/tmp/tmpxt8bek4_', '--error-file', '/tmp/tmphjjxxlbe']
[2022-12-11 15:29:35,728] {standard_task_runner.py:80} INFO - Job 945: Subtask sum_column_task
[2022-12-11 15:29:35,809] {task_command.py:369} INFO - Running <TaskInstance: first_dag.sum_column_task scheduled__2022-12-11T15:28:00+00:00 [running]> on host 7e39590a7807
[2022-12-11 15:29:35,910] {taskinstance.py:1571} INFO - Exporting the following env vars:
AIRFLOW_CTX_DAG_OWNER=***
AIRFLOW_CTX_DAG_ID=first_dag
AIRFLOW_CTX_TASK_ID=sum_column_task
AIRFLOW_CTX_EXECUTION_DATE=2022-12-11T15:28:00+00:00
AIRFLOW_CTX_TRY_NUMBER=1
AIRFLOW_CTX_DAG_RUN_ID=scheduled__2022-12-11T15:28:00+00:00
[2022-12-11 15:29:35,928] {logging_mixin.py:115} INFO - Different sum column is -3
[2022-12-11 15:29:35,929] {python.py:173} INFO - Done. Returned value was: -3
[2022-12-11 15:29:35,964] {taskinstance.py:1400} INFO - Marking task as SUCCESS. dag_id=first_dag, task_id=sum_column_task, execution_date=20221211T152800, start_date=20221211T152935, end_date=20221211T152935
[2022-12-11 15:29:36,031] {local_task_job.py:156} INFO - Task exited with return code 0
[2022-12-11 15:29:36,092] {local_task_job.py:273} INFO - 1 downstream tasks scheduled from follow-on schedule check
