[2022-12-04 19:36:17,217] {taskinstance.py:1159} INFO - Dependencies all met for <TaskInstance: first_dag.printer manual__2022-12-04T19:36:16.311057+00:00 [queued]>
[2022-12-04 19:36:17,230] {taskinstance.py:1159} INFO - Dependencies all met for <TaskInstance: first_dag.printer manual__2022-12-04T19:36:16.311057+00:00 [queued]>
[2022-12-04 19:36:17,232] {taskinstance.py:1356} INFO - 
--------------------------------------------------------------------------------
[2022-12-04 19:36:17,233] {taskinstance.py:1357} INFO - Starting attempt 1 of 1
[2022-12-04 19:36:17,234] {taskinstance.py:1358} INFO - 
--------------------------------------------------------------------------------
[2022-12-04 19:36:17,256] {taskinstance.py:1377} INFO - Executing <Task(PythonOperator): printer> on 2022-12-04 19:36:16.311057+00:00
[2022-12-04 19:36:17,261] {standard_task_runner.py:52} INFO - Started process 573 to run task
[2022-12-04 19:36:17,270] {standard_task_runner.py:79} INFO - Running: ['***', 'tasks', 'run', 'first_dag', 'printer', 'manual__2022-12-04T19:36:16.311057+00:00', '--job-id', '285', '--raw', '--subdir', 'DAGS_FOLDER/first-dag.py', '--cfg-path', '/tmp/tmpdrbgqpix', '--error-file', '/tmp/tmpff2jmgi3']
[2022-12-04 19:36:17,273] {standard_task_runner.py:80} INFO - Job 285: Subtask printer
[2022-12-04 19:36:17,377] {task_command.py:369} INFO - Running <TaskInstance: first_dag.printer manual__2022-12-04T19:36:16.311057+00:00 [running]> on host 4393b4454aa8
[2022-12-04 19:36:17,497] {taskinstance.py:1571} INFO - Exporting the following env vars:
AIRFLOW_CTX_DAG_OWNER=***
AIRFLOW_CTX_DAG_ID=first_dag
AIRFLOW_CTX_TASK_ID=printer
AIRFLOW_CTX_EXECUTION_DATE=2022-12-04T19:36:16.311057+00:00
AIRFLOW_CTX_TRY_NUMBER=1
AIRFLOW_CTX_DAG_RUN_ID=manual__2022-12-04T19:36:16.311057+00:00
[2022-12-04 19:36:17,520] {logging_mixin.py:115} INFO - The value is: None
[2022-12-04 19:36:17,522] {python.py:173} INFO - Done. Returned value was: None
[2022-12-04 19:36:17,546] {taskinstance.py:1400} INFO - Marking task as SUCCESS. dag_id=first_dag, task_id=printer, execution_date=20221204T193616, start_date=20221204T193617, end_date=20221204T193617
[2022-12-04 19:36:17,602] {local_task_job.py:156} INFO - Task exited with return code 0
[2022-12-04 19:36:17,676] {local_task_job.py:273} INFO - 0 downstream tasks scheduled from follow-on schedule check
