[2022-12-11 21:21:47,852] {taskinstance.py:1159} INFO - Dependencies all met for <TaskInstance: first_dag.generate_two_int_task scheduled__2022-12-11T21:17:00+00:00 [queued]>
[2022-12-11 21:21:47,921] {taskinstance.py:1159} INFO - Dependencies all met for <TaskInstance: first_dag.generate_two_int_task scheduled__2022-12-11T21:17:00+00:00 [queued]>
[2022-12-11 21:21:47,929] {taskinstance.py:1356} INFO - 
--------------------------------------------------------------------------------
[2022-12-11 21:21:47,932] {taskinstance.py:1357} INFO - Starting attempt 1 of 1
[2022-12-11 21:21:47,934] {taskinstance.py:1358} INFO - 
--------------------------------------------------------------------------------
[2022-12-11 21:21:48,012] {taskinstance.py:1377} INFO - Executing <Task(PythonOperator): generate_two_int_task> on 2022-12-11 21:17:00+00:00
[2022-12-11 21:21:48,038] {standard_task_runner.py:52} INFO - Started process 6614 to run task
[2022-12-11 21:21:48,073] {standard_task_runner.py:79} INFO - Running: ['***', 'tasks', 'run', 'first_dag', 'generate_two_int_task', 'scheduled__2022-12-11T21:17:00+00:00', '--job-id', '1541', '--raw', '--subdir', 'DAGS_FOLDER/first-dag.py', '--cfg-path', '/tmp/tmp_nqo0r7m', '--error-file', '/tmp/tmpidt0ouve']
[2022-12-11 21:21:48,096] {standard_task_runner.py:80} INFO - Job 1541: Subtask generate_two_int_task
[2022-12-11 21:21:48,406] {task_command.py:369} INFO - Running <TaskInstance: first_dag.generate_two_int_task scheduled__2022-12-11T21:17:00+00:00 [running]> on host 7e39590a7807
[2022-12-11 21:21:49,487] {taskinstance.py:1571} INFO - Exporting the following env vars:
AIRFLOW_CTX_DAG_OWNER=***
AIRFLOW_CTX_DAG_ID=first_dag
AIRFLOW_CTX_TASK_ID=generate_two_int_task
AIRFLOW_CTX_EXECUTION_DATE=2022-12-11T21:17:00+00:00
AIRFLOW_CTX_TRY_NUMBER=1
AIRFLOW_CTX_DAG_RUN_ID=scheduled__2022-12-11T21:17:00+00:00
[2022-12-11 21:21:49,562] {python.py:173} INFO - Done. Returned value was: None
[2022-12-11 21:21:49,748] {taskinstance.py:1400} INFO - Marking task as SUCCESS. dag_id=first_dag, task_id=generate_two_int_task, execution_date=20221211T211700, start_date=20221211T212147, end_date=20221211T212149
[2022-12-11 21:21:49,893] {local_task_job.py:156} INFO - Task exited with return code 0
[2022-12-11 21:21:50,595] {local_task_job.py:273} INFO - 1 downstream tasks scheduled from follow-on schedule check
