[2022-12-11 20:29:05,145] {taskinstance.py:1159} INFO - Dependencies all met for <TaskInstance: first_dag.world manual__2022-12-11T20:29:01.307424+00:00 [queued]>
[2022-12-11 20:29:05,176] {taskinstance.py:1159} INFO - Dependencies all met for <TaskInstance: first_dag.world manual__2022-12-11T20:29:01.307424+00:00 [queued]>
[2022-12-11 20:29:05,177] {taskinstance.py:1356} INFO - 
--------------------------------------------------------------------------------
[2022-12-11 20:29:05,179] {taskinstance.py:1357} INFO - Starting attempt 1 of 1
[2022-12-11 20:29:05,182] {taskinstance.py:1358} INFO - 
--------------------------------------------------------------------------------
[2022-12-11 20:29:05,250] {taskinstance.py:1377} INFO - Executing <Task(PythonOperator): world> on 2022-12-11 20:29:01.307424+00:00
[2022-12-11 20:29:05,271] {standard_task_runner.py:52} INFO - Started process 5963 to run task
[2022-12-11 20:29:05,300] {standard_task_runner.py:79} INFO - Running: ['***', 'tasks', 'run', 'first_dag', 'world', 'manual__2022-12-11T20:29:01.307424+00:00', '--job-id', '1429', '--raw', '--subdir', 'DAGS_FOLDER/first-dag.py', '--cfg-path', '/tmp/tmp9b9z6njt', '--error-file', '/tmp/tmpffz4fc8h']
[2022-12-11 20:29:05,306] {standard_task_runner.py:80} INFO - Job 1429: Subtask world
[2022-12-11 20:29:05,788] {task_command.py:369} INFO - Running <TaskInstance: first_dag.world manual__2022-12-11T20:29:01.307424+00:00 [running]> on host 7e39590a7807
[2022-12-11 20:29:06,136] {taskinstance.py:1571} INFO - Exporting the following env vars:
AIRFLOW_CTX_DAG_OWNER=***
AIRFLOW_CTX_DAG_ID=first_dag
AIRFLOW_CTX_TASK_ID=world
AIRFLOW_CTX_EXECUTION_DATE=2022-12-11T20:29:01.307424+00:00
AIRFLOW_CTX_TRY_NUMBER=1
AIRFLOW_CTX_DAG_RUN_ID=manual__2022-12-11T20:29:01.307424+00:00
[2022-12-11 20:29:06,138] {logging_mixin.py:115} INFO - Airflow
[2022-12-11 20:29:06,152] {python.py:173} INFO - Done. Returned value was: None
[2022-12-11 20:29:06,179] {taskinstance.py:1400} INFO - Marking task as SUCCESS. dag_id=first_dag, task_id=world, execution_date=20221211T202901, start_date=20221211T202905, end_date=20221211T202906
[2022-12-11 20:29:06,277] {local_task_job.py:156} INFO - Task exited with return code 0
[2022-12-11 20:29:06,485] {local_task_job.py:273} INFO - 1 downstream tasks scheduled from follow-on schedule check
