[2022-12-04 16:41:27,201] {taskinstance.py:1159} INFO - Dependencies all met for <TaskInstance: first_dag.hello_task scheduled__2022-01-03T00:00:00+00:00 [queued]>
[2022-12-04 16:41:27,219] {taskinstance.py:1159} INFO - Dependencies all met for <TaskInstance: first_dag.hello_task scheduled__2022-01-03T00:00:00+00:00 [queued]>
[2022-12-04 16:41:27,220] {taskinstance.py:1356} INFO - 
--------------------------------------------------------------------------------
[2022-12-04 16:41:27,222] {taskinstance.py:1357} INFO - Starting attempt 1 of 1
[2022-12-04 16:41:27,223] {taskinstance.py:1358} INFO - 
--------------------------------------------------------------------------------
[2022-12-04 16:41:27,264] {taskinstance.py:1377} INFO - Executing <Task(BashOperator): hello_task> on 2022-01-03 00:00:00+00:00
[2022-12-04 16:41:27,269] {standard_task_runner.py:52} INFO - Started process 773 to run task
[2022-12-04 16:41:27,286] {standard_task_runner.py:79} INFO - Running: ['***', 'tasks', 'run', 'first_dag', 'hello_task', 'scheduled__2022-01-03T00:00:00+00:00', '--job-id', '109', '--raw', '--subdir', 'DAGS_FOLDER/first-dag.py', '--cfg-path', '/tmp/tmpv93ow4la', '--error-file', '/tmp/tmp4l6navg8']
[2022-12-04 16:41:27,292] {standard_task_runner.py:80} INFO - Job 109: Subtask hello_task
[2022-12-04 16:41:27,681] {task_command.py:369} INFO - Running <TaskInstance: first_dag.hello_task scheduled__2022-01-03T00:00:00+00:00 [running]> on host fb90b48d1471
[2022-12-04 16:41:28,854] {taskinstance.py:1571} INFO - Exporting the following env vars:
AIRFLOW_CTX_DAG_OWNER=***
AIRFLOW_CTX_DAG_ID=first_dag
AIRFLOW_CTX_TASK_ID=hello_task
AIRFLOW_CTX_EXECUTION_DATE=2022-01-03T00:00:00+00:00
AIRFLOW_CTX_TRY_NUMBER=1
AIRFLOW_CTX_DAG_RUN_ID=scheduled__2022-01-03T00:00:00+00:00
[2022-12-04 16:41:28,856] {subprocess.py:62} INFO - Tmp dir root location: 
 /tmp
[2022-12-04 16:41:28,858] {subprocess.py:74} INFO - Running command: ['bash', '-c', 'echo hello']
[2022-12-04 16:41:29,078] {subprocess.py:85} INFO - Output:
[2022-12-04 16:41:29,143] {subprocess.py:92} INFO - hello
[2022-12-04 16:41:29,147] {subprocess.py:96} INFO - Command exited with return code 0
[2022-12-04 16:41:29,322] {taskinstance.py:1400} INFO - Marking task as SUCCESS. dag_id=first_dag, task_id=hello_task, execution_date=20220103T000000, start_date=20221204T164127, end_date=20221204T164129
[2022-12-04 16:41:29,611] {local_task_job.py:156} INFO - Task exited with return code 0
[2022-12-04 16:41:29,936] {local_task_job.py:273} INFO - 1 downstream tasks scheduled from follow-on schedule check
