[2022-12-04 18:32:01,587] {taskinstance.py:1159} INFO - Dependencies all met for <TaskInstance: first_dag.world manual__2022-12-04T18:31:58.720734+00:00 [queued]>
[2022-12-04 18:32:01,605] {taskinstance.py:1159} INFO - Dependencies all met for <TaskInstance: first_dag.world manual__2022-12-04T18:31:58.720734+00:00 [queued]>
[2022-12-04 18:32:01,609] {taskinstance.py:1356} INFO - 
--------------------------------------------------------------------------------
[2022-12-04 18:32:01,610] {taskinstance.py:1357} INFO - Starting attempt 1 of 1
[2022-12-04 18:32:01,613] {taskinstance.py:1358} INFO - 
--------------------------------------------------------------------------------
[2022-12-04 18:32:01,644] {taskinstance.py:1377} INFO - Executing <Task(PythonOperator): world> on 2022-12-04 18:31:58.720734+00:00
[2022-12-04 18:32:01,651] {standard_task_runner.py:52} INFO - Started process 1899 to run task
[2022-12-04 18:32:01,658] {standard_task_runner.py:79} INFO - Running: ['***', 'tasks', 'run', 'first_dag', 'world', 'manual__2022-12-04T18:31:58.720734+00:00', '--job-id', '205', '--raw', '--subdir', 'DAGS_FOLDER/first-dag.py', '--cfg-path', '/tmp/tmpsgns168r', '--error-file', '/tmp/tmp6vkcos9f']
[2022-12-04 18:32:01,663] {standard_task_runner.py:80} INFO - Job 205: Subtask world
[2022-12-04 18:32:01,780] {task_command.py:369} INFO - Running <TaskInstance: first_dag.world manual__2022-12-04T18:31:58.720734+00:00 [running]> on host fb90b48d1471
[2022-12-04 18:32:01,916] {taskinstance.py:1571} INFO - Exporting the following env vars:
AIRFLOW_CTX_DAG_OWNER=***
AIRFLOW_CTX_DAG_ID=first_dag
AIRFLOW_CTX_TASK_ID=world
AIRFLOW_CTX_EXECUTION_DATE=2022-12-04T18:31:58.720734+00:00
AIRFLOW_CTX_TRY_NUMBER=1
AIRFLOW_CTX_DAG_RUN_ID=manual__2022-12-04T18:31:58.720734+00:00
[2022-12-04 18:32:01,920] {logging_mixin.py:115} INFO - Airflow
[2022-12-04 18:32:01,921] {python.py:173} INFO - Done. Returned value was: None
[2022-12-04 18:32:01,946] {taskinstance.py:1400} INFO - Marking task as SUCCESS. dag_id=first_dag, task_id=world, execution_date=20221204T183158, start_date=20221204T183201, end_date=20221204T183201
[2022-12-04 18:32:01,998] {local_task_job.py:156} INFO - Task exited with return code 0
[2022-12-04 18:32:02,061] {local_task_job.py:273} INFO - 1 downstream tasks scheduled from follow-on schedule check
