[2022-12-11 15:09:03,211] {taskinstance.py:1159} INFO - Dependencies all met for <TaskInstance: first_dag.world scheduled__2022-12-11T15:08:00+00:00 [queued]>
[2022-12-11 15:09:03,224] {taskinstance.py:1159} INFO - Dependencies all met for <TaskInstance: first_dag.world scheduled__2022-12-11T15:08:00+00:00 [queued]>
[2022-12-11 15:09:03,225] {taskinstance.py:1356} INFO - 
--------------------------------------------------------------------------------
[2022-12-11 15:09:03,226] {taskinstance.py:1357} INFO - Starting attempt 1 of 1
[2022-12-11 15:09:03,227] {taskinstance.py:1358} INFO - 
--------------------------------------------------------------------------------
[2022-12-11 15:09:03,243] {taskinstance.py:1377} INFO - Executing <Task(PythonOperator): world> on 2022-12-11 15:08:00+00:00
[2022-12-11 15:09:03,249] {standard_task_runner.py:52} INFO - Started process 1963 to run task
[2022-12-11 15:09:03,260] {standard_task_runner.py:79} INFO - Running: ['***', 'tasks', 'run', 'first_dag', 'world', 'scheduled__2022-12-11T15:08:00+00:00', '--job-id', '733', '--raw', '--subdir', 'DAGS_FOLDER/first-dag.py', '--cfg-path', '/tmp/tmpa5uomzvj', '--error-file', '/tmp/tmp8wv9i5mz']
[2022-12-11 15:09:03,262] {standard_task_runner.py:80} INFO - Job 733: Subtask world
[2022-12-11 15:09:03,344] {task_command.py:369} INFO - Running <TaskInstance: first_dag.world scheduled__2022-12-11T15:08:00+00:00 [running]> on host 7e39590a7807
[2022-12-11 15:09:03,461] {taskinstance.py:1571} INFO - Exporting the following env vars:
AIRFLOW_CTX_DAG_OWNER=***
AIRFLOW_CTX_DAG_ID=first_dag
AIRFLOW_CTX_TASK_ID=world
AIRFLOW_CTX_EXECUTION_DATE=2022-12-11T15:08:00+00:00
AIRFLOW_CTX_TRY_NUMBER=1
AIRFLOW_CTX_DAG_RUN_ID=scheduled__2022-12-11T15:08:00+00:00
[2022-12-11 15:09:03,463] {logging_mixin.py:115} INFO - Airflow
[2022-12-11 15:09:03,464] {python.py:173} INFO - Done. Returned value was: None
[2022-12-11 15:09:03,482] {taskinstance.py:1400} INFO - Marking task as SUCCESS. dag_id=first_dag, task_id=world, execution_date=20221211T150800, start_date=20221211T150903, end_date=20221211T150903
[2022-12-11 15:09:03,549] {local_task_job.py:156} INFO - Task exited with return code 0
[2022-12-11 15:09:03,623] {local_task_job.py:273} INFO - 1 downstream tasks scheduled from follow-on schedule check
