[2022-12-11 19:44:43,738] {taskinstance.py:1159} INFO - Dependencies all met for <TaskInstance: first_dag.wait_for_file manual__2022-12-11T19:44:20.814427+00:00 [queued]>
[2022-12-11 19:44:43,772] {taskinstance.py:1159} INFO - Dependencies all met for <TaskInstance: first_dag.wait_for_file manual__2022-12-11T19:44:20.814427+00:00 [queued]>
[2022-12-11 19:44:43,773] {taskinstance.py:1356} INFO - 
--------------------------------------------------------------------------------
[2022-12-11 19:44:43,775] {taskinstance.py:1357} INFO - Starting attempt 1 of 3
[2022-12-11 19:44:43,776] {taskinstance.py:1358} INFO - 
--------------------------------------------------------------------------------
[2022-12-11 19:44:43,830] {taskinstance.py:1377} INFO - Executing <Task(PythonSensor): wait_for_file> on 2022-12-11 19:44:20.814427+00:00
[2022-12-11 19:44:43,838] {standard_task_runner.py:52} INFO - Started process 5141 to run task
[2022-12-11 19:44:43,871] {standard_task_runner.py:79} INFO - Running: ['***', 'tasks', 'run', 'first_dag', 'wait_for_file', 'manual__2022-12-11T19:44:20.814427+00:00', '--job-id', '1281', '--raw', '--subdir', 'DAGS_FOLDER/first-dag.py', '--cfg-path', '/tmp/tmpqeir24s1', '--error-file', '/tmp/tmpu7ctlb4p']
[2022-12-11 19:44:43,878] {standard_task_runner.py:80} INFO - Job 1281: Subtask wait_for_file
[2022-12-11 19:44:44,063] {task_command.py:369} INFO - Running <TaskInstance: first_dag.wait_for_file manual__2022-12-11T19:44:20.814427+00:00 [running]> on host 7e39590a7807
[2022-12-11 19:44:46,034] {taskinstance.py:1571} INFO - Exporting the following env vars:
AIRFLOW_CTX_DAG_OWNER=***
AIRFLOW_CTX_DAG_ID=first_dag
AIRFLOW_CTX_TASK_ID=wait_for_file
AIRFLOW_CTX_EXECUTION_DATE=2022-12-11T19:44:20.814427+00:00
AIRFLOW_CTX_TRY_NUMBER=1
AIRFLOW_CTX_DAG_RUN_ID=manual__2022-12-11T19:44:20.814427+00:00
[2022-12-11 19:44:46,044] {python.py:66} INFO - Poking callable: <function _wait_for_file at 0x7f6cec7ae440>
[2022-12-11 19:44:46,152] {logging_mixin.py:115} INFO - _wait_for_file True
[2022-12-11 19:44:46,154] {logging_mixin.py:115} INFO - total attempt 0
[2022-12-11 19:44:46,167] {base.py:301} INFO - Success criteria met. Exiting.
[2022-12-11 19:44:46,238] {taskinstance.py:1400} INFO - Marking task as SUCCESS. dag_id=first_dag, task_id=wait_for_file, execution_date=20221211T194420, start_date=20221211T194443, end_date=20221211T194446
[2022-12-11 19:44:46,344] {local_task_job.py:156} INFO - Task exited with return code 0
[2022-12-11 19:44:46,493] {local_task_job.py:273} INFO - 1 downstream tasks scheduled from follow-on schedule check
