[2022-12-11 14:38:47,111] {taskinstance.py:1159} INFO - Dependencies all met for <TaskInstance: first_dag.sum_column_task manual__2022-12-11T14:38:43.015747+00:00 [queued]>
[2022-12-11 14:38:47,123] {taskinstance.py:1159} INFO - Dependencies all met for <TaskInstance: first_dag.sum_column_task manual__2022-12-11T14:38:43.015747+00:00 [queued]>
[2022-12-11 14:38:47,124] {taskinstance.py:1356} INFO - 
--------------------------------------------------------------------------------
[2022-12-11 14:38:47,126] {taskinstance.py:1357} INFO - Starting attempt 1 of 1
[2022-12-11 14:38:47,126] {taskinstance.py:1358} INFO - 
--------------------------------------------------------------------------------
[2022-12-11 14:38:47,146] {taskinstance.py:1377} INFO - Executing <Task(PythonOperator): sum_column_task> on 2022-12-11 14:38:43.015747+00:00
[2022-12-11 14:38:47,151] {standard_task_runner.py:52} INFO - Started process 1136 to run task
[2022-12-11 14:38:47,159] {standard_task_runner.py:79} INFO - Running: ['***', 'tasks', 'run', 'first_dag', 'sum_column_task', 'manual__2022-12-11T14:38:43.015747+00:00', '--job-id', '560', '--raw', '--subdir', 'DAGS_FOLDER/first-dag.py', '--cfg-path', '/tmp/tmppowvdr7b', '--error-file', '/tmp/tmpzinr0jiz']
[2022-12-11 14:38:47,161] {standard_task_runner.py:80} INFO - Job 560: Subtask sum_column_task
[2022-12-11 14:38:47,233] {task_command.py:369} INFO - Running <TaskInstance: first_dag.sum_column_task manual__2022-12-11T14:38:43.015747+00:00 [running]> on host 7e39590a7807
[2022-12-11 14:38:47,339] {taskinstance.py:1571} INFO - Exporting the following env vars:
AIRFLOW_CTX_DAG_OWNER=***
AIRFLOW_CTX_DAG_ID=first_dag
AIRFLOW_CTX_TASK_ID=sum_column_task
AIRFLOW_CTX_EXECUTION_DATE=2022-12-11T14:38:43.015747+00:00
AIRFLOW_CTX_TRY_NUMBER=1
AIRFLOW_CTX_DAG_RUN_ID=manual__2022-12-11T14:38:43.015747+00:00
[2022-12-11 14:38:47,363] {python.py:173} INFO - Done. Returned value was: 4
[2022-12-11 14:38:47,400] {taskinstance.py:1400} INFO - Marking task as SUCCESS. dag_id=first_dag, task_id=sum_column_task, execution_date=20221211T143843, start_date=20221211T143847, end_date=20221211T143847
[2022-12-11 14:38:47,456] {local_task_job.py:156} INFO - Task exited with return code 0
[2022-12-11 14:38:47,513] {local_task_job.py:273} INFO - 1 downstream tasks scheduled from follow-on schedule check
