[2022-12-11 15:06:10,470] {taskinstance.py:1159} INFO - Dependencies all met for <TaskInstance: first_dag.sum_column_task manual__2022-12-11T15:06:06.958799+00:00 [queued]>
[2022-12-11 15:06:10,486] {taskinstance.py:1159} INFO - Dependencies all met for <TaskInstance: first_dag.sum_column_task manual__2022-12-11T15:06:06.958799+00:00 [queued]>
[2022-12-11 15:06:10,488] {taskinstance.py:1356} INFO - 
--------------------------------------------------------------------------------
[2022-12-11 15:06:10,489] {taskinstance.py:1357} INFO - Starting attempt 1 of 1
[2022-12-11 15:06:10,490] {taskinstance.py:1358} INFO - 
--------------------------------------------------------------------------------
[2022-12-11 15:06:10,514] {taskinstance.py:1377} INFO - Executing <Task(PythonOperator): sum_column_task> on 2022-12-11 15:06:06.958799+00:00
[2022-12-11 15:06:10,523] {standard_task_runner.py:52} INFO - Started process 1847 to run task
[2022-12-11 15:06:10,527] {standard_task_runner.py:79} INFO - Running: ['***', 'tasks', 'run', 'first_dag', 'sum_column_task', 'manual__2022-12-11T15:06:06.958799+00:00', '--job-id', '703', '--raw', '--subdir', 'DAGS_FOLDER/first-dag.py', '--cfg-path', '/tmp/tmpxcw7uvfj', '--error-file', '/tmp/tmpzf4q53t9']
[2022-12-11 15:06:10,530] {standard_task_runner.py:80} INFO - Job 703: Subtask sum_column_task
[2022-12-11 15:06:10,630] {task_command.py:369} INFO - Running <TaskInstance: first_dag.sum_column_task manual__2022-12-11T15:06:06.958799+00:00 [running]> on host 7e39590a7807
[2022-12-11 15:06:10,743] {taskinstance.py:1571} INFO - Exporting the following env vars:
AIRFLOW_CTX_DAG_OWNER=***
AIRFLOW_CTX_DAG_ID=first_dag
AIRFLOW_CTX_TASK_ID=sum_column_task
AIRFLOW_CTX_EXECUTION_DATE=2022-12-11T15:06:06.958799+00:00
AIRFLOW_CTX_TRY_NUMBER=1
AIRFLOW_CTX_DAG_RUN_ID=manual__2022-12-11T15:06:06.958799+00:00
[2022-12-11 15:06:10,763] {logging_mixin.py:115} INFO - Different sum column is 2
[2022-12-11 15:06:10,765] {python.py:173} INFO - Done. Returned value was: 2
[2022-12-11 15:06:10,814] {taskinstance.py:1400} INFO - Marking task as SUCCESS. dag_id=first_dag, task_id=sum_column_task, execution_date=20221211T150606, start_date=20221211T150610, end_date=20221211T150610
[2022-12-11 15:06:10,866] {local_task_job.py:156} INFO - Task exited with return code 0
[2022-12-11 15:06:10,925] {local_task_job.py:273} INFO - 0 downstream tasks scheduled from follow-on schedule check
