[2022-12-11 15:27:31,373] {taskinstance.py:1159} INFO - Dependencies all met for <TaskInstance: first_dag.hello_task manual__2022-12-11T15:27:30.472640+00:00 [queued]>
[2022-12-11 15:27:31,395] {taskinstance.py:1159} INFO - Dependencies all met for <TaskInstance: first_dag.hello_task manual__2022-12-11T15:27:30.472640+00:00 [queued]>
[2022-12-11 15:27:31,396] {taskinstance.py:1356} INFO - 
--------------------------------------------------------------------------------
[2022-12-11 15:27:31,397] {taskinstance.py:1357} INFO - Starting attempt 1 of 1
[2022-12-11 15:27:31,398] {taskinstance.py:1358} INFO - 
--------------------------------------------------------------------------------
[2022-12-11 15:27:31,422] {taskinstance.py:1377} INFO - Executing <Task(BashOperator): hello_task> on 2022-12-11 15:27:30.472640+00:00
[2022-12-11 15:27:31,432] {standard_task_runner.py:52} INFO - Started process 2629 to run task
[2022-12-11 15:27:31,437] {standard_task_runner.py:79} INFO - Running: ['***', 'tasks', 'run', 'first_dag', 'hello_task', 'manual__2022-12-11T15:27:30.472640+00:00', '--job-id', '912', '--raw', '--subdir', 'DAGS_FOLDER/first-dag.py', '--cfg-path', '/tmp/tmpw8v5g771', '--error-file', '/tmp/tmpnq8uwc8g']
[2022-12-11 15:27:31,439] {standard_task_runner.py:80} INFO - Job 912: Subtask hello_task
[2022-12-11 15:27:31,530] {task_command.py:369} INFO - Running <TaskInstance: first_dag.hello_task manual__2022-12-11T15:27:30.472640+00:00 [running]> on host 7e39590a7807
[2022-12-11 15:27:31,659] {taskinstance.py:1571} INFO - Exporting the following env vars:
AIRFLOW_CTX_DAG_OWNER=***
AIRFLOW_CTX_DAG_ID=first_dag
AIRFLOW_CTX_TASK_ID=hello_task
AIRFLOW_CTX_EXECUTION_DATE=2022-12-11T15:27:30.472640+00:00
AIRFLOW_CTX_TRY_NUMBER=1
AIRFLOW_CTX_DAG_RUN_ID=manual__2022-12-11T15:27:30.472640+00:00
[2022-12-11 15:27:31,662] {subprocess.py:62} INFO - Tmp dir root location: 
 /tmp
[2022-12-11 15:27:31,664] {subprocess.py:74} INFO - Running command: ['bash', '-c', 'echo hello']
[2022-12-11 15:27:31,680] {subprocess.py:85} INFO - Output:
[2022-12-11 15:27:31,686] {subprocess.py:92} INFO - hello
[2022-12-11 15:27:31,688] {subprocess.py:96} INFO - Command exited with return code 0
[2022-12-11 15:27:31,737] {taskinstance.py:1400} INFO - Marking task as SUCCESS. dag_id=first_dag, task_id=hello_task, execution_date=20221211T152730, start_date=20221211T152731, end_date=20221211T152731
[2022-12-11 15:27:31,779] {local_task_job.py:156} INFO - Task exited with return code 0
[2022-12-11 15:27:31,843] {local_task_job.py:273} INFO - 1 downstream tasks scheduled from follow-on schedule check
