[2022-12-11 16:16:06,539] {taskinstance.py:1159} INFO - Dependencies all met for <TaskInstance: first_dag.sum_column_task scheduled__2022-12-11T16:14:00+00:00 [queued]>
[2022-12-11 16:16:06,592] {taskinstance.py:1159} INFO - Dependencies all met for <TaskInstance: first_dag.sum_column_task scheduled__2022-12-11T16:14:00+00:00 [queued]>
[2022-12-11 16:16:06,594] {taskinstance.py:1356} INFO - 
--------------------------------------------------------------------------------
[2022-12-11 16:16:06,596] {taskinstance.py:1357} INFO - Starting attempt 1 of 1
[2022-12-11 16:16:06,597] {taskinstance.py:1358} INFO - 
--------------------------------------------------------------------------------
[2022-12-11 16:16:06,852] {taskinstance.py:1377} INFO - Executing <Task(PythonOperator): sum_column_task> on 2022-12-11 16:14:00+00:00
[2022-12-11 16:16:06,867] {standard_task_runner.py:52} INFO - Started process 3002 to run task
[2022-12-11 16:16:06,892] {standard_task_runner.py:79} INFO - Running: ['***', 'tasks', 'run', 'first_dag', 'sum_column_task', 'scheduled__2022-12-11T16:14:00+00:00', '--job-id', '1008', '--raw', '--subdir', 'DAGS_FOLDER/first-dag.py', '--cfg-path', '/tmp/tmpblrs4brh', '--error-file', '/tmp/tmp4tgq32bl']
[2022-12-11 16:16:06,910] {standard_task_runner.py:80} INFO - Job 1008: Subtask sum_column_task
[2022-12-11 16:16:07,131] {task_command.py:369} INFO - Running <TaskInstance: first_dag.sum_column_task scheduled__2022-12-11T16:14:00+00:00 [running]> on host 7e39590a7807
[2022-12-11 16:16:07,280] {taskinstance.py:1571} INFO - Exporting the following env vars:
AIRFLOW_CTX_DAG_OWNER=***
AIRFLOW_CTX_DAG_ID=first_dag
AIRFLOW_CTX_TASK_ID=sum_column_task
AIRFLOW_CTX_EXECUTION_DATE=2022-12-11T16:14:00+00:00
AIRFLOW_CTX_TRY_NUMBER=1
AIRFLOW_CTX_DAG_RUN_ID=scheduled__2022-12-11T16:14:00+00:00
[2022-12-11 16:16:07,306] {logging_mixin.py:115} INFO - Different sum column is 9
[2022-12-11 16:16:07,309] {python.py:173} INFO - Done. Returned value was: 9
[2022-12-11 16:16:07,357] {taskinstance.py:1400} INFO - Marking task as SUCCESS. dag_id=first_dag, task_id=sum_column_task, execution_date=20221211T161400, start_date=20221211T161606, end_date=20221211T161607
[2022-12-11 16:16:07,404] {local_task_job.py:156} INFO - Task exited with return code 0
[2022-12-11 16:16:07,475] {local_task_job.py:273} INFO - 1 downstream tasks scheduled from follow-on schedule check
