[2022-12-04 19:32:30,828] {taskinstance.py:1159} INFO - Dependencies all met for <TaskInstance: first_dag.printer manual__2022-12-04T19:32:29.235120+00:00 [queued]>
[2022-12-04 19:32:30,840] {taskinstance.py:1159} INFO - Dependencies all met for <TaskInstance: first_dag.printer manual__2022-12-04T19:32:29.235120+00:00 [queued]>
[2022-12-04 19:32:30,842] {taskinstance.py:1356} INFO - 
--------------------------------------------------------------------------------
[2022-12-04 19:32:30,843] {taskinstance.py:1357} INFO - Starting attempt 1 of 1
[2022-12-04 19:32:30,843] {taskinstance.py:1358} INFO - 
--------------------------------------------------------------------------------
[2022-12-04 19:32:30,868] {taskinstance.py:1377} INFO - Executing <Task(PythonOperator): printer> on 2022-12-04 19:32:29.235120+00:00
[2022-12-04 19:32:30,874] {standard_task_runner.py:52} INFO - Started process 463 to run task
[2022-12-04 19:32:30,894] {standard_task_runner.py:79} INFO - Running: ['***', 'tasks', 'run', 'first_dag', 'printer', 'manual__2022-12-04T19:32:29.235120+00:00', '--job-id', '261', '--raw', '--subdir', 'DAGS_FOLDER/first-dag.py', '--cfg-path', '/tmp/tmpxllwi_ox', '--error-file', '/tmp/tmpo19oep7w']
[2022-12-04 19:32:30,899] {standard_task_runner.py:80} INFO - Job 261: Subtask printer
[2022-12-04 19:32:31,107] {task_command.py:369} INFO - Running <TaskInstance: first_dag.printer manual__2022-12-04T19:32:29.235120+00:00 [running]> on host 4393b4454aa8
[2022-12-04 19:32:31,489] {taskinstance.py:1571} INFO - Exporting the following env vars:
AIRFLOW_CTX_DAG_OWNER=***
AIRFLOW_CTX_DAG_ID=first_dag
AIRFLOW_CTX_TASK_ID=printer
AIRFLOW_CTX_EXECUTION_DATE=2022-12-04T19:32:29.235120+00:00
AIRFLOW_CTX_TRY_NUMBER=1
AIRFLOW_CTX_DAG_RUN_ID=manual__2022-12-04T19:32:29.235120+00:00
[2022-12-04 19:32:31,539] {logging_mixin.py:115} INFO - The value is: None
[2022-12-04 19:32:31,541] {python.py:173} INFO - Done. Returned value was: None
[2022-12-04 19:32:31,573] {taskinstance.py:1400} INFO - Marking task as SUCCESS. dag_id=first_dag, task_id=printer, execution_date=20221204T193229, start_date=20221204T193230, end_date=20221204T193231
[2022-12-04 19:32:31,675] {local_task_job.py:156} INFO - Task exited with return code 0
[2022-12-04 19:32:31,824] {local_task_job.py:273} INFO - 0 downstream tasks scheduled from follow-on schedule check
