[2022-12-11 17:27:12,218] {taskinstance.py:1159} INFO - Dependencies all met for <TaskInstance: first_dag.generate_two_int_task scheduled__2022-12-11T17:21:00+00:00 [queued]>
[2022-12-11 17:27:12,239] {taskinstance.py:1159} INFO - Dependencies all met for <TaskInstance: first_dag.generate_two_int_task scheduled__2022-12-11T17:21:00+00:00 [queued]>
[2022-12-11 17:27:12,240] {taskinstance.py:1356} INFO - 
--------------------------------------------------------------------------------
[2022-12-11 17:27:12,241] {taskinstance.py:1357} INFO - Starting attempt 1 of 1
[2022-12-11 17:27:12,241] {taskinstance.py:1358} INFO - 
--------------------------------------------------------------------------------
[2022-12-11 17:27:12,272] {taskinstance.py:1377} INFO - Executing <Task(PythonOperator): generate_two_int_task> on 2022-12-11 17:21:00+00:00
[2022-12-11 17:27:12,280] {standard_task_runner.py:52} INFO - Started process 3837 to run task
[2022-12-11 17:27:12,304] {standard_task_runner.py:79} INFO - Running: ['***', 'tasks', 'run', 'first_dag', 'generate_two_int_task', 'scheduled__2022-12-11T17:21:00+00:00', '--job-id', '1108', '--raw', '--subdir', 'DAGS_FOLDER/first-dag.py', '--cfg-path', '/tmp/tmprlr75_86', '--error-file', '/tmp/tmpchz02dfe']
[2022-12-11 17:27:12,306] {standard_task_runner.py:80} INFO - Job 1108: Subtask generate_two_int_task
[2022-12-11 17:27:12,442] {task_command.py:369} INFO - Running <TaskInstance: first_dag.generate_two_int_task scheduled__2022-12-11T17:21:00+00:00 [running]> on host 7e39590a7807
[2022-12-11 17:27:12,560] {taskinstance.py:1571} INFO - Exporting the following env vars:
AIRFLOW_CTX_DAG_OWNER=***
AIRFLOW_CTX_DAG_ID=first_dag
AIRFLOW_CTX_TASK_ID=generate_two_int_task
AIRFLOW_CTX_EXECUTION_DATE=2022-12-11T17:21:00+00:00
AIRFLOW_CTX_TRY_NUMBER=1
AIRFLOW_CTX_DAG_RUN_ID=scheduled__2022-12-11T17:21:00+00:00
[2022-12-11 17:27:12,581] {python.py:173} INFO - Done. Returned value was: None
[2022-12-11 17:27:12,605] {taskinstance.py:1400} INFO - Marking task as SUCCESS. dag_id=first_dag, task_id=generate_two_int_task, execution_date=20221211T172100, start_date=20221211T172712, end_date=20221211T172712
[2022-12-11 17:27:12,633] {local_task_job.py:156} INFO - Task exited with return code 0
[2022-12-11 17:27:12,705] {local_task_job.py:273} INFO - 1 downstream tasks scheduled from follow-on schedule check
