[2022-12-11 21:21:59,698] {taskinstance.py:1159} INFO - Dependencies all met for <TaskInstance: first_dag.write_diff_task scheduled__2022-12-11T21:20:00+00:00 [queued]>
[2022-12-11 21:21:59,802] {taskinstance.py:1159} INFO - Dependencies all met for <TaskInstance: first_dag.write_diff_task scheduled__2022-12-11T21:20:00+00:00 [queued]>
[2022-12-11 21:21:59,804] {taskinstance.py:1356} INFO - 
--------------------------------------------------------------------------------
[2022-12-11 21:21:59,806] {taskinstance.py:1357} INFO - Starting attempt 1 of 1
[2022-12-11 21:21:59,809] {taskinstance.py:1358} INFO - 
--------------------------------------------------------------------------------
[2022-12-11 21:21:59,962] {taskinstance.py:1377} INFO - Executing <Task(PythonOperator): write_diff_task> on 2022-12-11 21:20:00+00:00
[2022-12-11 21:21:59,998] {standard_task_runner.py:52} INFO - Started process 6628 to run task
[2022-12-11 21:22:00,082] {standard_task_runner.py:79} INFO - Running: ['***', 'tasks', 'run', 'first_dag', 'write_diff_task', 'scheduled__2022-12-11T21:20:00+00:00', '--job-id', '1548', '--raw', '--subdir', 'DAGS_FOLDER/first-dag.py', '--cfg-path', '/tmp/tmpn51bgaoo', '--error-file', '/tmp/tmpd5yil2ku']
[2022-12-11 21:22:00,105] {standard_task_runner.py:80} INFO - Job 1548: Subtask write_diff_task
[2022-12-11 21:22:04,569] {task_command.py:369} INFO - Running <TaskInstance: first_dag.write_diff_task scheduled__2022-12-11T21:20:00+00:00 [running]> on host 7e39590a7807
[2022-12-11 21:22:05,785] {taskinstance.py:1571} INFO - Exporting the following env vars:
AIRFLOW_CTX_DAG_OWNER=***
AIRFLOW_CTX_DAG_ID=first_dag
AIRFLOW_CTX_TASK_ID=write_diff_task
AIRFLOW_CTX_EXECUTION_DATE=2022-12-11T21:20:00+00:00
AIRFLOW_CTX_TRY_NUMBER=1
AIRFLOW_CTX_DAG_RUN_ID=scheduled__2022-12-11T21:20:00+00:00
[2022-12-11 21:22:05,915] {python.py:173} INFO - Done. Returned value was: None
[2022-12-11 21:22:05,938] {taskinstance.py:1400} INFO - Marking task as SUCCESS. dag_id=first_dag, task_id=write_diff_task, execution_date=20221211T212000, start_date=20221211T212159, end_date=20221211T212205
[2022-12-11 21:22:06,007] {local_task_job.py:156} INFO - Task exited with return code 0
[2022-12-11 21:22:06,335] {local_task_job.py:273} INFO - 0 downstream tasks scheduled from follow-on schedule check
