[2022-12-11 19:59:49,263] {taskinstance.py:1159} INFO - Dependencies all met for <TaskInstance: first_dag.hello_task manual__2022-12-11T19:59:47.771434+00:00 [queued]>
[2022-12-11 19:59:49,282] {taskinstance.py:1159} INFO - Dependencies all met for <TaskInstance: first_dag.hello_task manual__2022-12-11T19:59:47.771434+00:00 [queued]>
[2022-12-11 19:59:49,283] {taskinstance.py:1356} INFO - 
--------------------------------------------------------------------------------
[2022-12-11 19:59:49,284] {taskinstance.py:1357} INFO - Starting attempt 1 of 1
[2022-12-11 19:59:49,285] {taskinstance.py:1358} INFO - 
--------------------------------------------------------------------------------
[2022-12-11 19:59:49,304] {taskinstance.py:1377} INFO - Executing <Task(BashOperator): hello_task> on 2022-12-11 19:59:47.771434+00:00
[2022-12-11 19:59:49,310] {standard_task_runner.py:52} INFO - Started process 5347 to run task
[2022-12-11 19:59:49,325] {standard_task_runner.py:79} INFO - Running: ['***', 'tasks', 'run', 'first_dag', 'hello_task', 'manual__2022-12-11T19:59:47.771434+00:00', '--job-id', '1296', '--raw', '--subdir', 'DAGS_FOLDER/first-dag.py', '--cfg-path', '/tmp/tmpa8mz6fbd', '--error-file', '/tmp/tmptqh13o37']
[2022-12-11 19:59:49,329] {standard_task_runner.py:80} INFO - Job 1296: Subtask hello_task
[2022-12-11 19:59:49,442] {task_command.py:369} INFO - Running <TaskInstance: first_dag.hello_task manual__2022-12-11T19:59:47.771434+00:00 [running]> on host 7e39590a7807
[2022-12-11 19:59:49,584] {taskinstance.py:1571} INFO - Exporting the following env vars:
AIRFLOW_CTX_DAG_OWNER=***
AIRFLOW_CTX_DAG_ID=first_dag
AIRFLOW_CTX_TASK_ID=hello_task
AIRFLOW_CTX_EXECUTION_DATE=2022-12-11T19:59:47.771434+00:00
AIRFLOW_CTX_TRY_NUMBER=1
AIRFLOW_CTX_DAG_RUN_ID=manual__2022-12-11T19:59:47.771434+00:00
[2022-12-11 19:59:49,588] {subprocess.py:62} INFO - Tmp dir root location: 
 /tmp
[2022-12-11 19:59:49,592] {subprocess.py:74} INFO - Running command: ['bash', '-c', 'echo hello']
[2022-12-11 19:59:49,612] {subprocess.py:85} INFO - Output:
[2022-12-11 19:59:49,627] {subprocess.py:92} INFO - hello
[2022-12-11 19:59:49,628] {subprocess.py:96} INFO - Command exited with return code 0
[2022-12-11 19:59:49,672] {taskinstance.py:1400} INFO - Marking task as SUCCESS. dag_id=first_dag, task_id=hello_task, execution_date=20221211T195947, start_date=20221211T195949, end_date=20221211T195949
[2022-12-11 19:59:49,738] {local_task_job.py:156} INFO - Task exited with return code 0
[2022-12-11 19:59:49,805] {local_task_job.py:273} INFO - 1 downstream tasks scheduled from follow-on schedule check
