[2022-12-04 19:32:36,131] {taskinstance.py:1159} INFO - Dependencies all met for <TaskInstance: first_dag.write_diff_task manual__2022-12-04T19:32:29.235120+00:00 [queued]>
[2022-12-04 19:32:36,148] {taskinstance.py:1159} INFO - Dependencies all met for <TaskInstance: first_dag.write_diff_task manual__2022-12-04T19:32:29.235120+00:00 [queued]>
[2022-12-04 19:32:36,149] {taskinstance.py:1356} INFO - 
--------------------------------------------------------------------------------
[2022-12-04 19:32:36,150] {taskinstance.py:1357} INFO - Starting attempt 1 of 1
[2022-12-04 19:32:36,151] {taskinstance.py:1358} INFO - 
--------------------------------------------------------------------------------
[2022-12-04 19:32:36,171] {taskinstance.py:1377} INFO - Executing <Task(PythonOperator): write_diff_task> on 2022-12-04 19:32:29.235120+00:00
[2022-12-04 19:32:36,179] {standard_task_runner.py:52} INFO - Started process 473 to run task
[2022-12-04 19:32:36,184] {standard_task_runner.py:79} INFO - Running: ['***', 'tasks', 'run', 'first_dag', 'write_diff_task', 'manual__2022-12-04T19:32:29.235120+00:00', '--job-id', '266', '--raw', '--subdir', 'DAGS_FOLDER/first-dag.py', '--cfg-path', '/tmp/tmp8gs4gk1j', '--error-file', '/tmp/tmpkgz025uc']
[2022-12-04 19:32:36,187] {standard_task_runner.py:80} INFO - Job 266: Subtask write_diff_task
[2022-12-04 19:32:36,275] {task_command.py:369} INFO - Running <TaskInstance: first_dag.write_diff_task manual__2022-12-04T19:32:29.235120+00:00 [running]> on host 4393b4454aa8
[2022-12-04 19:32:36,376] {taskinstance.py:1571} INFO - Exporting the following env vars:
AIRFLOW_CTX_DAG_OWNER=***
AIRFLOW_CTX_DAG_ID=first_dag
AIRFLOW_CTX_TASK_ID=write_diff_task
AIRFLOW_CTX_EXECUTION_DATE=2022-12-04T19:32:29.235120+00:00
AIRFLOW_CTX_TRY_NUMBER=1
AIRFLOW_CTX_DAG_RUN_ID=manual__2022-12-04T19:32:29.235120+00:00
[2022-12-04 19:32:36,408] {taskinstance.py:1889} ERROR - Task failed with exception
Traceback (most recent call last):
  File "/home/airflow/.local/lib/python3.7/site-packages/airflow/operators/python.py", line 171, in execute
    return_value = self.execute_callable()
  File "/home/airflow/.local/lib/python3.7/site-packages/airflow/operators/python.py", line 189, in execute_callable
    return self.python_callable(*self.op_args, **self.op_kwargs)
  File "/opt/airflow/dags/first-dag.py", line 38, in write_diff
    lines = file.readlines()
io.UnsupportedOperation: not readable
[2022-12-04 19:32:36,428] {taskinstance.py:1400} INFO - Marking task as FAILED. dag_id=first_dag, task_id=write_diff_task, execution_date=20221204T193229, start_date=20221204T193236, end_date=20221204T193236
[2022-12-04 19:32:36,445] {standard_task_runner.py:97} ERROR - Failed to execute job 266 for task write_diff_task (not readable; 473)
[2022-12-04 19:32:36,487] {local_task_job.py:156} INFO - Task exited with return code 1
[2022-12-04 19:32:36,549] {local_task_job.py:273} INFO - 0 downstream tasks scheduled from follow-on schedule check
