[2022-12-11 15:23:02,382] {taskinstance.py:1159} INFO - Dependencies all met for <TaskInstance: first_dag.world scheduled__2022-12-11T15:22:00+00:00 [queued]>
[2022-12-11 15:23:02,400] {taskinstance.py:1159} INFO - Dependencies all met for <TaskInstance: first_dag.world scheduled__2022-12-11T15:22:00+00:00 [queued]>
[2022-12-11 15:23:02,402] {taskinstance.py:1356} INFO - 
--------------------------------------------------------------------------------
[2022-12-11 15:23:02,403] {taskinstance.py:1357} INFO - Starting attempt 1 of 1
[2022-12-11 15:23:02,404] {taskinstance.py:1358} INFO - 
--------------------------------------------------------------------------------
[2022-12-11 15:23:02,426] {taskinstance.py:1377} INFO - Executing <Task(PythonOperator): world> on 2022-12-11 15:22:00+00:00
[2022-12-11 15:23:02,434] {standard_task_runner.py:52} INFO - Started process 2526 to run task
[2022-12-11 15:23:02,444] {standard_task_runner.py:79} INFO - Running: ['***', 'tasks', 'run', 'first_dag', 'world', 'scheduled__2022-12-11T15:22:00+00:00', '--job-id', '888', '--raw', '--subdir', 'DAGS_FOLDER/first-dag.py', '--cfg-path', '/tmp/tmp2aq4g7qf', '--error-file', '/tmp/tmpwvprk4x5']
[2022-12-11 15:23:02,447] {standard_task_runner.py:80} INFO - Job 888: Subtask world
[2022-12-11 15:23:02,533] {task_command.py:369} INFO - Running <TaskInstance: first_dag.world scheduled__2022-12-11T15:22:00+00:00 [running]> on host 7e39590a7807
[2022-12-11 15:23:02,684] {taskinstance.py:1571} INFO - Exporting the following env vars:
AIRFLOW_CTX_DAG_OWNER=***
AIRFLOW_CTX_DAG_ID=first_dag
AIRFLOW_CTX_TASK_ID=world
AIRFLOW_CTX_EXECUTION_DATE=2022-12-11T15:22:00+00:00
AIRFLOW_CTX_TRY_NUMBER=1
AIRFLOW_CTX_DAG_RUN_ID=scheduled__2022-12-11T15:22:00+00:00
[2022-12-11 15:23:02,688] {logging_mixin.py:115} INFO - Airflow
[2022-12-11 15:23:02,690] {python.py:173} INFO - Done. Returned value was: None
[2022-12-11 15:23:02,714] {taskinstance.py:1400} INFO - Marking task as SUCCESS. dag_id=first_dag, task_id=world, execution_date=20221211T152200, start_date=20221211T152302, end_date=20221211T152302
[2022-12-11 15:23:02,775] {local_task_job.py:156} INFO - Task exited with return code 0
[2022-12-11 15:23:02,875] {local_task_job.py:273} INFO - 1 downstream tasks scheduled from follow-on schedule check
