[2022-12-11 14:28:01,038] {taskinstance.py:1159} INFO - Dependencies all met for <TaskInstance: first_dag.hello_task scheduled__2022-12-11T14:27:00+00:00 [queued]>
[2022-12-11 14:28:01,075] {taskinstance.py:1159} INFO - Dependencies all met for <TaskInstance: first_dag.hello_task scheduled__2022-12-11T14:27:00+00:00 [queued]>
[2022-12-11 14:28:01,078] {taskinstance.py:1356} INFO - 
--------------------------------------------------------------------------------
[2022-12-11 14:28:01,079] {taskinstance.py:1357} INFO - Starting attempt 1 of 1
[2022-12-11 14:28:01,081] {taskinstance.py:1358} INFO - 
--------------------------------------------------------------------------------
[2022-12-11 14:28:01,116] {taskinstance.py:1377} INFO - Executing <Task(BashOperator): hello_task> on 2022-12-11 14:27:00+00:00
[2022-12-11 14:28:01,128] {standard_task_runner.py:52} INFO - Started process 737 to run task
[2022-12-11 14:28:01,139] {standard_task_runner.py:79} INFO - Running: ['***', 'tasks', 'run', 'first_dag', 'hello_task', 'scheduled__2022-12-11T14:27:00+00:00', '--job-id', '457', '--raw', '--subdir', 'DAGS_FOLDER/first-dag.py', '--cfg-path', '/tmp/tmpzisbrioz', '--error-file', '/tmp/tmpyfjyf09i']
[2022-12-11 14:28:01,144] {standard_task_runner.py:80} INFO - Job 457: Subtask hello_task
[2022-12-11 14:28:01,273] {task_command.py:369} INFO - Running <TaskInstance: first_dag.hello_task scheduled__2022-12-11T14:27:00+00:00 [running]> on host 7e39590a7807
[2022-12-11 14:28:01,418] {taskinstance.py:1571} INFO - Exporting the following env vars:
AIRFLOW_CTX_DAG_OWNER=***
AIRFLOW_CTX_DAG_ID=first_dag
AIRFLOW_CTX_TASK_ID=hello_task
AIRFLOW_CTX_EXECUTION_DATE=2022-12-11T14:27:00+00:00
AIRFLOW_CTX_TRY_NUMBER=1
AIRFLOW_CTX_DAG_RUN_ID=scheduled__2022-12-11T14:27:00+00:00
[2022-12-11 14:28:01,420] {subprocess.py:62} INFO - Tmp dir root location: 
 /tmp
[2022-12-11 14:28:01,422] {subprocess.py:74} INFO - Running command: ['bash', '-c', 'echo hello']
[2022-12-11 14:28:01,438] {subprocess.py:85} INFO - Output:
[2022-12-11 14:28:01,446] {subprocess.py:92} INFO - hello
[2022-12-11 14:28:01,448] {subprocess.py:96} INFO - Command exited with return code 0
[2022-12-11 14:28:01,514] {taskinstance.py:1400} INFO - Marking task as SUCCESS. dag_id=first_dag, task_id=hello_task, execution_date=20221211T142700, start_date=20221211T142801, end_date=20221211T142801
[2022-12-11 14:28:01,551] {local_task_job.py:156} INFO - Task exited with return code 0
[2022-12-11 14:28:01,647] {local_task_job.py:273} INFO - 1 downstream tasks scheduled from follow-on schedule check
