[2022-12-11 20:19:04,640] {taskinstance.py:1159} INFO - Dependencies all met for <TaskInstance: first_dag.generate_two_int_task manual__2022-12-11T20:18:58.394555+00:00 [queued]>
[2022-12-11 20:19:04,663] {taskinstance.py:1159} INFO - Dependencies all met for <TaskInstance: first_dag.generate_two_int_task manual__2022-12-11T20:18:58.394555+00:00 [queued]>
[2022-12-11 20:19:04,665] {taskinstance.py:1356} INFO - 
--------------------------------------------------------------------------------
[2022-12-11 20:19:04,666] {taskinstance.py:1357} INFO - Starting attempt 1 of 1
[2022-12-11 20:19:04,668] {taskinstance.py:1358} INFO - 
--------------------------------------------------------------------------------
[2022-12-11 20:19:04,704] {taskinstance.py:1377} INFO - Executing <Task(PythonOperator): generate_two_int_task> on 2022-12-11 20:18:58.394555+00:00
[2022-12-11 20:19:04,717] {standard_task_runner.py:52} INFO - Started process 5666 to run task
[2022-12-11 20:19:04,729] {standard_task_runner.py:79} INFO - Running: ['***', 'tasks', 'run', 'first_dag', 'generate_two_int_task', 'manual__2022-12-11T20:18:58.394555+00:00', '--job-id', '1341', '--raw', '--subdir', 'DAGS_FOLDER/first-dag.py', '--cfg-path', '/tmp/tmpt35f2s1a', '--error-file', '/tmp/tmpske57eb5']
[2022-12-11 20:19:04,731] {standard_task_runner.py:80} INFO - Job 1341: Subtask generate_two_int_task
[2022-12-11 20:19:04,833] {task_command.py:369} INFO - Running <TaskInstance: first_dag.generate_two_int_task manual__2022-12-11T20:18:58.394555+00:00 [running]> on host 7e39590a7807
[2022-12-11 20:19:05,083] {taskinstance.py:1571} INFO - Exporting the following env vars:
AIRFLOW_CTX_DAG_OWNER=***
AIRFLOW_CTX_DAG_ID=first_dag
AIRFLOW_CTX_TASK_ID=generate_two_int_task
AIRFLOW_CTX_EXECUTION_DATE=2022-12-11T20:18:58.394555+00:00
AIRFLOW_CTX_TRY_NUMBER=1
AIRFLOW_CTX_DAG_RUN_ID=manual__2022-12-11T20:18:58.394555+00:00
[2022-12-11 20:19:05,135] {python.py:173} INFO - Done. Returned value was: None
[2022-12-11 20:19:05,239] {taskinstance.py:1400} INFO - Marking task as SUCCESS. dag_id=first_dag, task_id=generate_two_int_task, execution_date=20221211T201858, start_date=20221211T201904, end_date=20221211T201905
[2022-12-11 20:19:05,334] {local_task_job.py:156} INFO - Task exited with return code 0
[2022-12-11 20:19:05,509] {local_task_job.py:273} INFO - 1 downstream tasks scheduled from follow-on schedule check
