[2022-12-12 05:28:44,378] {taskinstance.py:1159} INFO - Dependencies all met for <TaskInstance: first_dag.wait_for_file manual__2022-12-12T05:27:38.502835+00:00 [queued]>
[2022-12-12 05:28:44,449] {taskinstance.py:1159} INFO - Dependencies all met for <TaskInstance: first_dag.wait_for_file manual__2022-12-12T05:27:38.502835+00:00 [queued]>
[2022-12-12 05:28:44,452] {taskinstance.py:1356} INFO - 
--------------------------------------------------------------------------------
[2022-12-12 05:28:44,454] {taskinstance.py:1357} INFO - Starting attempt 1 of 3
[2022-12-12 05:28:44,455] {taskinstance.py:1358} INFO - 
--------------------------------------------------------------------------------
[2022-12-12 05:28:44,497] {taskinstance.py:1377} INFO - Executing <Task(PythonSensor): wait_for_file> on 2022-12-12 05:27:38.502835+00:00
[2022-12-12 05:28:44,508] {standard_task_runner.py:52} INFO - Started process 7921 to run task
[2022-12-12 05:28:44,528] {standard_task_runner.py:79} INFO - Running: ['***', 'tasks', 'run', 'first_dag', 'wait_for_file', 'manual__2022-12-12T05:27:38.502835+00:00', '--job-id', '1700', '--raw', '--subdir', 'DAGS_FOLDER/first-dag.py', '--cfg-path', '/tmp/tmp_d8wuddk', '--error-file', '/tmp/tmpvzkkz5i5']
[2022-12-12 05:28:44,539] {standard_task_runner.py:80} INFO - Job 1700: Subtask wait_for_file
[2022-12-12 05:28:45,059] {task_command.py:369} INFO - Running <TaskInstance: first_dag.wait_for_file manual__2022-12-12T05:27:38.502835+00:00 [running]> on host 7e39590a7807
[2022-12-12 05:28:45,547] {taskinstance.py:1571} INFO - Exporting the following env vars:
AIRFLOW_CTX_DAG_OWNER=***
AIRFLOW_CTX_DAG_ID=first_dag
AIRFLOW_CTX_TASK_ID=wait_for_file
AIRFLOW_CTX_EXECUTION_DATE=2022-12-12T05:27:38.502835+00:00
AIRFLOW_CTX_TRY_NUMBER=1
AIRFLOW_CTX_DAG_RUN_ID=manual__2022-12-12T05:27:38.502835+00:00
[2022-12-12 05:28:45,550] {python.py:66} INFO - Poking callable: <function _wait_for_file at 0x7f6cec7ac4d0>
[2022-12-12 05:28:45,582] {logging_mixin.py:115} INFO - _wait_for_file True
[2022-12-12 05:28:45,599] {base.py:301} INFO - Success criteria met. Exiting.
[2022-12-12 05:28:45,665] {taskinstance.py:1400} INFO - Marking task as SUCCESS. dag_id=first_dag, task_id=wait_for_file, execution_date=20221212T052738, start_date=20221212T052844, end_date=20221212T052845
[2022-12-12 05:28:45,746] {local_task_job.py:156} INFO - Task exited with return code 0
[2022-12-12 05:28:46,073] {local_task_job.py:273} INFO - 1 downstream tasks scheduled from follow-on schedule check
