[2022-12-12 05:25:37,615] {taskinstance.py:1159} INFO - Dependencies all met for <TaskInstance: first_dag.generate_two_int_task manual__2022-12-12T05:25:27.068019+00:00 [queued]>
[2022-12-12 05:25:37,673] {taskinstance.py:1159} INFO - Dependencies all met for <TaskInstance: first_dag.generate_two_int_task manual__2022-12-12T05:25:27.068019+00:00 [queued]>
[2022-12-12 05:25:37,675] {taskinstance.py:1356} INFO - 
--------------------------------------------------------------------------------
[2022-12-12 05:25:37,676] {taskinstance.py:1357} INFO - Starting attempt 1 of 1
[2022-12-12 05:25:37,677] {taskinstance.py:1358} INFO - 
--------------------------------------------------------------------------------
[2022-12-12 05:25:37,755] {taskinstance.py:1377} INFO - Executing <Task(PythonOperator): generate_two_int_task> on 2022-12-12 05:25:27.068019+00:00
[2022-12-12 05:25:37,772] {standard_task_runner.py:52} INFO - Started process 7761 to run task
[2022-12-12 05:25:37,799] {standard_task_runner.py:79} INFO - Running: ['***', 'tasks', 'run', 'first_dag', 'generate_two_int_task', 'manual__2022-12-12T05:25:27.068019+00:00', '--job-id', '1634', '--raw', '--subdir', 'DAGS_FOLDER/first-dag.py', '--cfg-path', '/tmp/tmpx5hsntmi', '--error-file', '/tmp/tmp1l6czrdd']
[2022-12-12 05:25:37,814] {standard_task_runner.py:80} INFO - Job 1634: Subtask generate_two_int_task
[2022-12-12 05:25:38,374] {task_command.py:369} INFO - Running <TaskInstance: first_dag.generate_two_int_task manual__2022-12-12T05:25:27.068019+00:00 [running]> on host 7e39590a7807
[2022-12-12 05:25:39,165] {taskinstance.py:1571} INFO - Exporting the following env vars:
AIRFLOW_CTX_DAG_OWNER=***
AIRFLOW_CTX_DAG_ID=first_dag
AIRFLOW_CTX_TASK_ID=generate_two_int_task
AIRFLOW_CTX_EXECUTION_DATE=2022-12-12T05:25:27.068019+00:00
AIRFLOW_CTX_TRY_NUMBER=1
AIRFLOW_CTX_DAG_RUN_ID=manual__2022-12-12T05:25:27.068019+00:00
[2022-12-12 05:25:39,267] {python.py:173} INFO - Done. Returned value was: None
[2022-12-12 05:25:39,435] {taskinstance.py:1400} INFO - Marking task as SUCCESS. dag_id=first_dag, task_id=generate_two_int_task, execution_date=20221212T052527, start_date=20221212T052537, end_date=20221212T052539
[2022-12-12 05:25:39,711] {local_task_job.py:156} INFO - Task exited with return code 0
[2022-12-12 05:25:40,200] {local_task_job.py:273} INFO - 0 downstream tasks scheduled from follow-on schedule check
