[2022-12-04 19:36:33,676] {taskinstance.py:1159} INFO - Dependencies all met for <TaskInstance: first_dag.write_diff_task manual__2022-12-04T19:36:27.696045+00:00 [queued]>
[2022-12-04 19:36:33,690] {taskinstance.py:1159} INFO - Dependencies all met for <TaskInstance: first_dag.write_diff_task manual__2022-12-04T19:36:27.696045+00:00 [queued]>
[2022-12-04 19:36:33,692] {taskinstance.py:1356} INFO - 
--------------------------------------------------------------------------------
[2022-12-04 19:36:33,693] {taskinstance.py:1357} INFO - Starting attempt 1 of 1
[2022-12-04 19:36:33,694] {taskinstance.py:1358} INFO - 
--------------------------------------------------------------------------------
[2022-12-04 19:36:33,711] {taskinstance.py:1377} INFO - Executing <Task(PythonOperator): write_diff_task> on 2022-12-04 19:36:27.696045+00:00
[2022-12-04 19:36:33,717] {standard_task_runner.py:52} INFO - Started process 600 to run task
[2022-12-04 19:36:33,727] {standard_task_runner.py:79} INFO - Running: ['***', 'tasks', 'run', 'first_dag', 'write_diff_task', 'manual__2022-12-04T19:36:27.696045+00:00', '--job-id', '296', '--raw', '--subdir', 'DAGS_FOLDER/first-dag.py', '--cfg-path', '/tmp/tmporis4kig', '--error-file', '/tmp/tmpsyepzvek']
[2022-12-04 19:36:33,730] {standard_task_runner.py:80} INFO - Job 296: Subtask write_diff_task
[2022-12-04 19:36:33,808] {task_command.py:369} INFO - Running <TaskInstance: first_dag.write_diff_task manual__2022-12-04T19:36:27.696045+00:00 [running]> on host 4393b4454aa8
[2022-12-04 19:36:33,909] {taskinstance.py:1571} INFO - Exporting the following env vars:
AIRFLOW_CTX_DAG_OWNER=***
AIRFLOW_CTX_DAG_ID=first_dag
AIRFLOW_CTX_TASK_ID=write_diff_task
AIRFLOW_CTX_EXECUTION_DATE=2022-12-04T19:36:27.696045+00:00
AIRFLOW_CTX_TRY_NUMBER=1
AIRFLOW_CTX_DAG_RUN_ID=manual__2022-12-04T19:36:27.696045+00:00
[2022-12-04 19:36:33,943] {python.py:173} INFO - Done. Returned value was: None
[2022-12-04 19:36:33,961] {taskinstance.py:1400} INFO - Marking task as SUCCESS. dag_id=first_dag, task_id=write_diff_task, execution_date=20221204T193627, start_date=20221204T193633, end_date=20221204T193633
[2022-12-04 19:36:34,016] {local_task_job.py:156} INFO - Task exited with return code 0
[2022-12-04 19:36:34,072] {local_task_job.py:273} INFO - 0 downstream tasks scheduled from follow-on schedule check
