[2022-12-11 14:07:01,568] {taskinstance.py:1159} INFO - Dependencies all met for <TaskInstance: first_dag.hello_task scheduled__2022-12-11T14:06:00+00:00 [queued]>
[2022-12-11 14:07:01,586] {taskinstance.py:1159} INFO - Dependencies all met for <TaskInstance: first_dag.hello_task scheduled__2022-12-11T14:06:00+00:00 [queued]>
[2022-12-11 14:07:01,588] {taskinstance.py:1356} INFO - 
--------------------------------------------------------------------------------
[2022-12-11 14:07:01,589] {taskinstance.py:1357} INFO - Starting attempt 1 of 1
[2022-12-11 14:07:01,590] {taskinstance.py:1358} INFO - 
--------------------------------------------------------------------------------
[2022-12-11 14:07:01,609] {taskinstance.py:1377} INFO - Executing <Task(BashOperator): hello_task> on 2022-12-11 14:06:00+00:00
[2022-12-11 14:07:01,619] {standard_task_runner.py:52} INFO - Started process 276 to run task
[2022-12-11 14:07:01,624] {standard_task_runner.py:79} INFO - Running: ['***', 'tasks', 'run', 'first_dag', 'hello_task', 'scheduled__2022-12-11T14:06:00+00:00', '--job-id', '352', '--raw', '--subdir', 'DAGS_FOLDER/first-dag.py', '--cfg-path', '/tmp/tmp5daxax48', '--error-file', '/tmp/tmp4p4sypjw']
[2022-12-11 14:07:01,626] {standard_task_runner.py:80} INFO - Job 352: Subtask hello_task
[2022-12-11 14:07:01,707] {task_command.py:369} INFO - Running <TaskInstance: first_dag.hello_task scheduled__2022-12-11T14:06:00+00:00 [running]> on host 7e39590a7807
[2022-12-11 14:07:01,826] {taskinstance.py:1571} INFO - Exporting the following env vars:
AIRFLOW_CTX_DAG_OWNER=***
AIRFLOW_CTX_DAG_ID=first_dag
AIRFLOW_CTX_TASK_ID=hello_task
AIRFLOW_CTX_EXECUTION_DATE=2022-12-11T14:06:00+00:00
AIRFLOW_CTX_TRY_NUMBER=1
AIRFLOW_CTX_DAG_RUN_ID=scheduled__2022-12-11T14:06:00+00:00
[2022-12-11 14:07:01,831] {subprocess.py:62} INFO - Tmp dir root location: 
 /tmp
[2022-12-11 14:07:01,835] {subprocess.py:74} INFO - Running command: ['bash', '-c', 'echo hello']
[2022-12-11 14:07:01,849] {subprocess.py:85} INFO - Output:
[2022-12-11 14:07:01,853] {subprocess.py:92} INFO - hello
[2022-12-11 14:07:01,855] {subprocess.py:96} INFO - Command exited with return code 0
[2022-12-11 14:07:01,898] {taskinstance.py:1400} INFO - Marking task as SUCCESS. dag_id=first_dag, task_id=hello_task, execution_date=20221211T140600, start_date=20221211T140701, end_date=20221211T140701
[2022-12-11 14:07:01,965] {local_task_job.py:156} INFO - Task exited with return code 0
[2022-12-11 14:07:02,028] {local_task_job.py:273} INFO - 1 downstream tasks scheduled from follow-on schedule check
