[2022-12-11 18:17:17,622] {taskinstance.py:1159} INFO - Dependencies all met for <TaskInstance: first_dag.sum_column_task manual__2022-12-11T18:16:53.193489+00:00 [queued]>
[2022-12-11 18:17:17,723] {taskinstance.py:1159} INFO - Dependencies all met for <TaskInstance: first_dag.sum_column_task manual__2022-12-11T18:16:53.193489+00:00 [queued]>
[2022-12-11 18:17:17,724] {taskinstance.py:1356} INFO - 
--------------------------------------------------------------------------------
[2022-12-11 18:17:17,726] {taskinstance.py:1357} INFO - Starting attempt 1 of 1
[2022-12-11 18:17:17,735] {taskinstance.py:1358} INFO - 
--------------------------------------------------------------------------------
[2022-12-11 18:17:17,886] {taskinstance.py:1377} INFO - Executing <Task(PythonOperator): sum_column_task> on 2022-12-11 18:16:53.193489+00:00
[2022-12-11 18:17:17,893] {standard_task_runner.py:52} INFO - Started process 4283 to run task
[2022-12-11 18:17:17,960] {standard_task_runner.py:79} INFO - Running: ['***', 'tasks', 'run', 'first_dag', 'sum_column_task', 'manual__2022-12-11T18:16:53.193489+00:00', '--job-id', '1174', '--raw', '--subdir', 'DAGS_FOLDER/first-dag.py', '--cfg-path', '/tmp/tmpevjlxmpw', '--error-file', '/tmp/tmppuxt97c2']
[2022-12-11 18:17:17,965] {standard_task_runner.py:80} INFO - Job 1174: Subtask sum_column_task
[2022-12-11 18:17:18,962] {task_command.py:369} INFO - Running <TaskInstance: first_dag.sum_column_task manual__2022-12-11T18:16:53.193489+00:00 [running]> on host 7e39590a7807
[2022-12-11 18:17:20,780] {taskinstance.py:1571} INFO - Exporting the following env vars:
AIRFLOW_CTX_DAG_OWNER=***
AIRFLOW_CTX_DAG_ID=first_dag
AIRFLOW_CTX_TASK_ID=sum_column_task
AIRFLOW_CTX_EXECUTION_DATE=2022-12-11T18:16:53.193489+00:00
AIRFLOW_CTX_TRY_NUMBER=1
AIRFLOW_CTX_DAG_RUN_ID=manual__2022-12-11T18:16:53.193489+00:00
[2022-12-11 18:17:20,856] {logging_mixin.py:115} INFO - Different sum column is 3
[2022-12-11 18:17:20,858] {python.py:173} INFO - Done. Returned value was: 3
[2022-12-11 18:17:20,974] {taskinstance.py:1400} INFO - Marking task as SUCCESS. dag_id=first_dag, task_id=sum_column_task, execution_date=20221211T181653, start_date=20221211T181717, end_date=20221211T181720
[2022-12-11 18:17:21,143] {local_task_job.py:156} INFO - Task exited with return code 0
[2022-12-11 18:17:21,252] {local_task_job.py:273} INFO - 1 downstream tasks scheduled from follow-on schedule check
