[2022-12-11 19:44:12,616] {taskinstance.py:1159} INFO - Dependencies all met for <TaskInstance: first_dag.hello_task manual__2022-12-11T19:44:11.012625+00:00 [queued]>
[2022-12-11 19:44:12,628] {taskinstance.py:1159} INFO - Dependencies all met for <TaskInstance: first_dag.hello_task manual__2022-12-11T19:44:11.012625+00:00 [queued]>
[2022-12-11 19:44:12,629] {taskinstance.py:1356} INFO - 
--------------------------------------------------------------------------------
[2022-12-11 19:44:12,630] {taskinstance.py:1357} INFO - Starting attempt 1 of 1
[2022-12-11 19:44:12,631] {taskinstance.py:1358} INFO - 
--------------------------------------------------------------------------------
[2022-12-11 19:44:12,647] {taskinstance.py:1377} INFO - Executing <Task(BashOperator): hello_task> on 2022-12-11 19:44:11.012625+00:00
[2022-12-11 19:44:12,652] {standard_task_runner.py:52} INFO - Started process 5080 to run task
[2022-12-11 19:44:12,665] {standard_task_runner.py:79} INFO - Running: ['***', 'tasks', 'run', 'first_dag', 'hello_task', 'manual__2022-12-11T19:44:11.012625+00:00', '--job-id', '1256', '--raw', '--subdir', 'DAGS_FOLDER/first-dag.py', '--cfg-path', '/tmp/tmp9v37w9sv', '--error-file', '/tmp/tmptt7_14fd']
[2022-12-11 19:44:12,669] {standard_task_runner.py:80} INFO - Job 1256: Subtask hello_task
[2022-12-11 19:44:12,747] {task_command.py:369} INFO - Running <TaskInstance: first_dag.hello_task manual__2022-12-11T19:44:11.012625+00:00 [running]> on host 7e39590a7807
[2022-12-11 19:44:12,871] {taskinstance.py:1571} INFO - Exporting the following env vars:
AIRFLOW_CTX_DAG_OWNER=***
AIRFLOW_CTX_DAG_ID=first_dag
AIRFLOW_CTX_TASK_ID=hello_task
AIRFLOW_CTX_EXECUTION_DATE=2022-12-11T19:44:11.012625+00:00
AIRFLOW_CTX_TRY_NUMBER=1
AIRFLOW_CTX_DAG_RUN_ID=manual__2022-12-11T19:44:11.012625+00:00
[2022-12-11 19:44:12,873] {subprocess.py:62} INFO - Tmp dir root location: 
 /tmp
[2022-12-11 19:44:12,875] {subprocess.py:74} INFO - Running command: ['bash', '-c', 'echo hello']
[2022-12-11 19:44:12,893] {subprocess.py:85} INFO - Output:
[2022-12-11 19:44:12,899] {subprocess.py:92} INFO - hello
[2022-12-11 19:44:12,901] {subprocess.py:96} INFO - Command exited with return code 0
[2022-12-11 19:44:12,957] {taskinstance.py:1400} INFO - Marking task as SUCCESS. dag_id=first_dag, task_id=hello_task, execution_date=20221211T194411, start_date=20221211T194412, end_date=20221211T194412
[2022-12-11 19:44:13,004] {local_task_job.py:156} INFO - Task exited with return code 0
[2022-12-11 19:44:13,095] {local_task_job.py:273} INFO - 1 downstream tasks scheduled from follow-on schedule check
