[2022-12-10 17:09:20,845] {taskinstance.py:1159} INFO - Dependencies all met for <TaskInstance: first_dag.generate_two_int_task scheduled__2022-12-09T00:00:00+00:00 [queued]>
[2022-12-10 17:09:20,888] {taskinstance.py:1159} INFO - Dependencies all met for <TaskInstance: first_dag.generate_two_int_task scheduled__2022-12-09T00:00:00+00:00 [queued]>
[2022-12-10 17:09:20,889] {taskinstance.py:1356} INFO - 
--------------------------------------------------------------------------------
[2022-12-10 17:09:20,890] {taskinstance.py:1357} INFO - Starting attempt 1 of 1
[2022-12-10 17:09:20,891] {taskinstance.py:1358} INFO - 
--------------------------------------------------------------------------------
[2022-12-10 17:09:20,946] {taskinstance.py:1377} INFO - Executing <Task(PythonOperator): generate_two_int_task> on 2022-12-09 00:00:00+00:00
[2022-12-10 17:09:20,957] {standard_task_runner.py:52} INFO - Started process 198 to run task
[2022-12-10 17:09:20,982] {standard_task_runner.py:79} INFO - Running: ['***', 'tasks', 'run', 'first_dag', 'generate_two_int_task', 'scheduled__2022-12-09T00:00:00+00:00', '--job-id', '311', '--raw', '--subdir', 'DAGS_FOLDER/first-dag.py', '--cfg-path', '/tmp/tmphuyg46bj', '--error-file', '/tmp/tmppny55khr']
[2022-12-10 17:09:20,988] {standard_task_runner.py:80} INFO - Job 311: Subtask generate_two_int_task
[2022-12-10 17:09:21,194] {task_command.py:369} INFO - Running <TaskInstance: first_dag.generate_two_int_task scheduled__2022-12-09T00:00:00+00:00 [running]> on host 4393b4454aa8
[2022-12-10 17:09:21,516] {taskinstance.py:1571} INFO - Exporting the following env vars:
AIRFLOW_CTX_DAG_OWNER=***
AIRFLOW_CTX_DAG_ID=first_dag
AIRFLOW_CTX_TASK_ID=generate_two_int_task
AIRFLOW_CTX_EXECUTION_DATE=2022-12-09T00:00:00+00:00
AIRFLOW_CTX_TRY_NUMBER=1
AIRFLOW_CTX_DAG_RUN_ID=scheduled__2022-12-09T00:00:00+00:00
[2022-12-10 17:09:21,590] {python.py:173} INFO - Done. Returned value was: None
[2022-12-10 17:09:21,713] {taskinstance.py:1400} INFO - Marking task as SUCCESS. dag_id=first_dag, task_id=generate_two_int_task, execution_date=20221209T000000, start_date=20221210T170920, end_date=20221210T170921
[2022-12-10 17:09:21,863] {local_task_job.py:156} INFO - Task exited with return code 0
[2022-12-10 17:09:21,985] {local_task_job.py:273} INFO - 1 downstream tasks scheduled from follow-on schedule check
[2022-12-10 17:10:19,006] {taskinstance.py:1159} INFO - Dependencies all met for <TaskInstance: first_dag.generate_two_int_task scheduled__2022-12-09T00:00:00+00:00 [queued]>
[2022-12-10 17:10:19,026] {taskinstance.py:1159} INFO - Dependencies all met for <TaskInstance: first_dag.generate_two_int_task scheduled__2022-12-09T00:00:00+00:00 [queued]>
[2022-12-10 17:10:19,029] {taskinstance.py:1356} INFO - 
--------------------------------------------------------------------------------
[2022-12-10 17:10:19,030] {taskinstance.py:1357} INFO - Starting attempt 1 of 1
[2022-12-10 17:10:19,032] {taskinstance.py:1358} INFO - 
--------------------------------------------------------------------------------
[2022-12-10 17:10:19,054] {taskinstance.py:1377} INFO - Executing <Task(PythonOperator): generate_two_int_task> on 2022-12-09 00:00:00+00:00
[2022-12-10 17:10:19,065] {standard_task_runner.py:52} INFO - Started process 233 to run task
[2022-12-10 17:10:19,069] {standard_task_runner.py:79} INFO - Running: ['***', 'tasks', 'run', 'first_dag', 'generate_two_int_task', 'scheduled__2022-12-09T00:00:00+00:00', '--job-id', '319', '--raw', '--subdir', 'DAGS_FOLDER/first-dag.py', '--cfg-path', '/tmp/tmpi9243ag3', '--error-file', '/tmp/tmpx9hs86rq']
[2022-12-10 17:10:19,072] {standard_task_runner.py:80} INFO - Job 319: Subtask generate_two_int_task
[2022-12-10 17:10:19,185] {task_command.py:369} INFO - Running <TaskInstance: first_dag.generate_two_int_task scheduled__2022-12-09T00:00:00+00:00 [running]> on host 4393b4454aa8
[2022-12-10 17:10:19,294] {taskinstance.py:1571} INFO - Exporting the following env vars:
AIRFLOW_CTX_DAG_OWNER=***
AIRFLOW_CTX_DAG_ID=first_dag
AIRFLOW_CTX_TASK_ID=generate_two_int_task
AIRFLOW_CTX_EXECUTION_DATE=2022-12-09T00:00:00+00:00
AIRFLOW_CTX_TRY_NUMBER=1
AIRFLOW_CTX_DAG_RUN_ID=scheduled__2022-12-09T00:00:00+00:00
[2022-12-10 17:10:19,337] {python.py:173} INFO - Done. Returned value was: None
[2022-12-10 17:10:19,356] {taskinstance.py:1400} INFO - Marking task as SUCCESS. dag_id=first_dag, task_id=generate_two_int_task, execution_date=20221209T000000, start_date=20221210T171019, end_date=20221210T171019
[2022-12-10 17:10:19,414] {local_task_job.py:156} INFO - Task exited with return code 0
[2022-12-10 17:10:19,476] {local_task_job.py:273} INFO - 1 downstream tasks scheduled from follow-on schedule check
