[2022-12-04 16:41:59,290] {taskinstance.py:1159} INFO - Dependencies all met for <TaskInstance: first_dag.hello_task scheduled__2022-01-28T00:00:00+00:00 [queued]>
[2022-12-04 16:41:59,360] {taskinstance.py:1159} INFO - Dependencies all met for <TaskInstance: first_dag.hello_task scheduled__2022-01-28T00:00:00+00:00 [queued]>
[2022-12-04 16:41:59,362] {taskinstance.py:1356} INFO - 
--------------------------------------------------------------------------------
[2022-12-04 16:41:59,364] {taskinstance.py:1357} INFO - Starting attempt 1 of 1
[2022-12-04 16:41:59,365] {taskinstance.py:1358} INFO - 
--------------------------------------------------------------------------------
[2022-12-04 16:41:59,540] {taskinstance.py:1377} INFO - Executing <Task(BashOperator): hello_task> on 2022-01-28 00:00:00+00:00
[2022-12-04 16:41:59,590] {standard_task_runner.py:52} INFO - Started process 899 to run task
[2022-12-04 16:41:59,627] {standard_task_runner.py:79} INFO - Running: ['***', 'tasks', 'run', 'first_dag', 'hello_task', 'scheduled__2022-01-28T00:00:00+00:00', '--job-id', '154', '--raw', '--subdir', 'DAGS_FOLDER/first-dag.py', '--cfg-path', '/tmp/tmpa6pdhuo9', '--error-file', '/tmp/tmporu37ezw']
[2022-12-04 16:41:59,659] {standard_task_runner.py:80} INFO - Job 154: Subtask hello_task
[2022-12-04 16:42:00,116] {task_command.py:369} INFO - Running <TaskInstance: first_dag.hello_task scheduled__2022-01-28T00:00:00+00:00 [running]> on host fb90b48d1471
[2022-12-04 16:42:00,814] {taskinstance.py:1571} INFO - Exporting the following env vars:
AIRFLOW_CTX_DAG_OWNER=***
AIRFLOW_CTX_DAG_ID=first_dag
AIRFLOW_CTX_TASK_ID=hello_task
AIRFLOW_CTX_EXECUTION_DATE=2022-01-28T00:00:00+00:00
AIRFLOW_CTX_TRY_NUMBER=1
AIRFLOW_CTX_DAG_RUN_ID=scheduled__2022-01-28T00:00:00+00:00
[2022-12-04 16:42:00,851] {subprocess.py:62} INFO - Tmp dir root location: 
 /tmp
[2022-12-04 16:42:00,879] {subprocess.py:74} INFO - Running command: ['bash', '-c', 'echo hello']
[2022-12-04 16:42:01,314] {subprocess.py:85} INFO - Output:
[2022-12-04 16:42:14,012] {subprocess.py:92} INFO - hello
[2022-12-04 16:42:14,066] {subprocess.py:96} INFO - Command exited with return code 0
[2022-12-04 16:42:16,029] {taskinstance.py:1400} INFO - Marking task as SUCCESS. dag_id=first_dag, task_id=hello_task, execution_date=20220128T000000, start_date=20221204T164159, end_date=20221204T164216
[2022-12-04 16:42:16,366] {local_task_job.py:156} INFO - Task exited with return code 0
[2022-12-04 16:42:17,168] {local_task_job.py:273} INFO - 0 downstream tasks scheduled from follow-on schedule check
