[2022-12-12 05:13:54,662] {taskinstance.py:1159} INFO - Dependencies all met for <TaskInstance: first_dag.generate_two_int_task manual__2022-12-12T05:13:44.422813+00:00 [queued]>
[2022-12-12 05:13:54,719] {taskinstance.py:1159} INFO - Dependencies all met for <TaskInstance: first_dag.generate_two_int_task manual__2022-12-12T05:13:44.422813+00:00 [queued]>
[2022-12-12 05:13:54,720] {taskinstance.py:1356} INFO - 
--------------------------------------------------------------------------------
[2022-12-12 05:13:54,723] {taskinstance.py:1357} INFO - Starting attempt 1 of 1
[2022-12-12 05:13:54,724] {taskinstance.py:1358} INFO - 
--------------------------------------------------------------------------------
[2022-12-12 05:13:54,783] {taskinstance.py:1377} INFO - Executing <Task(PythonOperator): generate_two_int_task> on 2022-12-12 05:13:44.422813+00:00
[2022-12-12 05:13:54,828] {standard_task_runner.py:52} INFO - Started process 7544 to run task
[2022-12-12 05:13:54,878] {standard_task_runner.py:79} INFO - Running: ['***', 'tasks', 'run', 'first_dag', 'generate_two_int_task', 'manual__2022-12-12T05:13:44.422813+00:00', '--job-id', '1591', '--raw', '--subdir', 'DAGS_FOLDER/first-dag.py', '--cfg-path', '/tmp/tmpb8uo28qq', '--error-file', '/tmp/tmphgwwkcul']
[2022-12-12 05:13:54,890] {standard_task_runner.py:80} INFO - Job 1591: Subtask generate_two_int_task
[2022-12-12 05:13:55,477] {task_command.py:369} INFO - Running <TaskInstance: first_dag.generate_two_int_task manual__2022-12-12T05:13:44.422813+00:00 [running]> on host 7e39590a7807
[2022-12-12 05:13:55,972] {taskinstance.py:1571} INFO - Exporting the following env vars:
AIRFLOW_CTX_DAG_OWNER=***
AIRFLOW_CTX_DAG_ID=first_dag
AIRFLOW_CTX_TASK_ID=generate_two_int_task
AIRFLOW_CTX_EXECUTION_DATE=2022-12-12T05:13:44.422813+00:00
AIRFLOW_CTX_TRY_NUMBER=1
AIRFLOW_CTX_DAG_RUN_ID=manual__2022-12-12T05:13:44.422813+00:00
[2022-12-12 05:13:56,012] {python.py:173} INFO - Done. Returned value was: None
[2022-12-12 05:13:56,068] {taskinstance.py:1400} INFO - Marking task as SUCCESS. dag_id=first_dag, task_id=generate_two_int_task, execution_date=20221212T051344, start_date=20221212T051354, end_date=20221212T051356
[2022-12-12 05:13:56,179] {local_task_job.py:156} INFO - Task exited with return code 0
[2022-12-12 05:13:56,290] {local_task_job.py:273} INFO - 1 downstream tasks scheduled from follow-on schedule check
