[2022-12-11 18:58:58,355] {taskinstance.py:1159} INFO - Dependencies all met for <TaskInstance: first_dag.wait_for_file scheduled__2022-12-11T18:28:00+00:00 [queued]>
[2022-12-11 18:58:58,481] {taskinstance.py:1159} INFO - Dependencies all met for <TaskInstance: first_dag.wait_for_file scheduled__2022-12-11T18:28:00+00:00 [queued]>
[2022-12-11 18:58:58,487] {taskinstance.py:1356} INFO - 
--------------------------------------------------------------------------------
[2022-12-11 18:58:58,488] {taskinstance.py:1357} INFO - Starting attempt 1 of 1
[2022-12-11 18:58:58,489] {taskinstance.py:1358} INFO - 
--------------------------------------------------------------------------------
[2022-12-11 18:58:58,604] {taskinstance.py:1377} INFO - Executing <Task(PythonSensor): wait_for_file> on 2022-12-11 18:28:00+00:00
[2022-12-11 18:58:58,625] {standard_task_runner.py:52} INFO - Started process 4505 to run task
[2022-12-11 18:58:58,649] {standard_task_runner.py:79} INFO - Running: ['***', 'tasks', 'run', 'first_dag', 'wait_for_file', 'scheduled__2022-12-11T18:28:00+00:00', '--job-id', '1207', '--raw', '--subdir', 'DAGS_FOLDER/first-dag.py', '--cfg-path', '/tmp/tmpppvnejm8', '--error-file', '/tmp/tmpyxmmhqx0']
[2022-12-11 18:58:58,671] {standard_task_runner.py:80} INFO - Job 1207: Subtask wait_for_file
[2022-12-11 18:58:58,970] {task_command.py:369} INFO - Running <TaskInstance: first_dag.wait_for_file scheduled__2022-12-11T18:28:00+00:00 [running]> on host 7e39590a7807
[2022-12-11 18:58:59,320] {taskinstance.py:1571} INFO - Exporting the following env vars:
AIRFLOW_CTX_DAG_OWNER=***
AIRFLOW_CTX_DAG_ID=first_dag
AIRFLOW_CTX_TASK_ID=wait_for_file
AIRFLOW_CTX_EXECUTION_DATE=2022-12-11T18:28:00+00:00
AIRFLOW_CTX_TRY_NUMBER=1
AIRFLOW_CTX_DAG_RUN_ID=scheduled__2022-12-11T18:28:00+00:00
[2022-12-11 18:58:59,323] {python.py:66} INFO - Poking callable: <function _wait_for_file at 0x7f6cec7a5cb0>
[2022-12-11 18:58:59,368] {logging_mixin.py:115} INFO - _wait_for_file True
[2022-12-11 18:58:59,370] {logging_mixin.py:115} INFO - total attempt 0
[2022-12-11 18:59:59,347] {python.py:66} INFO - Poking callable: <function _wait_for_file at 0x7f6cec7a5cb0>
[2022-12-11 18:59:59,428] {logging_mixin.py:115} INFO - _wait_for_file True
[2022-12-11 18:59:59,430] {logging_mixin.py:115} INFO - total attempt 0
[2022-12-11 19:00:59,371] {python.py:66} INFO - Poking callable: <function _wait_for_file at 0x7f6cec7a5cb0>
[2022-12-11 19:00:59,414] {logging_mixin.py:115} INFO - _wait_for_file True
[2022-12-11 19:00:59,417] {logging_mixin.py:115} INFO - total attempt 0
[2022-12-11 19:01:59,390] {python.py:66} INFO - Poking callable: <function _wait_for_file at 0x7f6cec7a5cb0>
[2022-12-11 19:01:59,411] {logging_mixin.py:115} INFO - _wait_for_file True
[2022-12-11 19:01:59,415] {logging_mixin.py:115} INFO - total attempt 0
[2022-12-11 19:02:59,402] {python.py:66} INFO - Poking callable: <function _wait_for_file at 0x7f6cec7a5cb0>
[2022-12-11 19:02:59,428] {logging_mixin.py:115} INFO - _wait_for_file True
[2022-12-11 19:02:59,431] {logging_mixin.py:115} INFO - total attempt 0
[2022-12-11 19:03:59,407] {python.py:66} INFO - Poking callable: <function _wait_for_file at 0x7f6cec7a5cb0>
[2022-12-11 19:03:59,428] {logging_mixin.py:115} INFO - _wait_for_file True
[2022-12-11 19:03:59,429] {logging_mixin.py:115} INFO - total attempt 0
[2022-12-11 19:04:59,423] {python.py:66} INFO - Poking callable: <function _wait_for_file at 0x7f6cec7a5cb0>
[2022-12-11 19:04:59,452] {logging_mixin.py:115} INFO - _wait_for_file True
[2022-12-11 19:04:59,455] {logging_mixin.py:115} INFO - total attempt 0
[2022-12-11 19:05:59,401] {python.py:66} INFO - Poking callable: <function _wait_for_file at 0x7f6cec7a5cb0>
[2022-12-11 19:05:59,422] {logging_mixin.py:115} INFO - _wait_for_file True
[2022-12-11 19:05:59,423] {logging_mixin.py:115} INFO - total attempt 0
[2022-12-11 19:06:59,393] {python.py:66} INFO - Poking callable: <function _wait_for_file at 0x7f6cec7a5cb0>
[2022-12-11 19:06:59,428] {logging_mixin.py:115} INFO - _wait_for_file True
[2022-12-11 19:06:59,432] {logging_mixin.py:115} INFO - total attempt 0
[2022-12-11 19:07:59,899] {python.py:66} INFO - Poking callable: <function _wait_for_file at 0x7f6cec7a5cb0>
[2022-12-11 19:08:04,942] {logging_mixin.py:115} INFO - _wait_for_file True
[2022-12-11 19:08:04,946] {logging_mixin.py:115} INFO - total attempt 0
[2022-12-11 19:09:04,944] {python.py:66} INFO - Poking callable: <function _wait_for_file at 0x7f6cec7a5cb0>
[2022-12-11 19:09:05,027] {logging_mixin.py:115} INFO - _wait_for_file True
[2022-12-11 19:09:05,028] {logging_mixin.py:115} INFO - total attempt 0
[2022-12-11 19:10:05,886] {python.py:66} INFO - Poking callable: <function _wait_for_file at 0x7f6cec7a5cb0>
[2022-12-11 19:10:06,202] {logging_mixin.py:115} INFO - _wait_for_file False
[2022-12-11 19:10:06,206] {logging_mixin.py:115} INFO - total attempt 0
[2022-12-11 19:10:52,292] {local_task_job.py:221} WARNING - State of this instance has been externally set to None. Terminating instance.
[2022-12-11 19:10:52,312] {process_utils.py:129} INFO - Sending Signals.SIGTERM to group 4505. PIDs of all processes in the group: [4505]
[2022-12-11 19:10:52,315] {process_utils.py:80} INFO - Sending the signal Signals.SIGTERM to group 4505
[2022-12-11 19:10:52,321] {taskinstance.py:1541} ERROR - Received SIGTERM. Terminating subprocesses.
[2022-12-11 19:10:52,538] {taskinstance.py:1889} ERROR - Task failed with exception
Traceback (most recent call last):
  File "/home/airflow/.local/lib/python3.7/site-packages/airflow/sensors/base.py", line 299, in execute
    time.sleep(self._get_next_poke_interval(started_at, run_duration, try_number))
  File "/home/airflow/.local/lib/python3.7/site-packages/airflow/models/taskinstance.py", line 1543, in signal_handler
    raise AirflowException("Task received SIGTERM signal")
airflow.exceptions.AirflowException: Task received SIGTERM signal
[2022-12-11 19:10:52,572] {taskinstance.py:1400} INFO - Marking task as FAILED. dag_id=first_dag, task_id=wait_for_file, execution_date=20221211T182800, start_date=20221211T185858, end_date=20221211T191052
[2022-12-11 19:10:52,750] {standard_task_runner.py:97} ERROR - Failed to execute job 1207 for task wait_for_file ((psycopg2.errors.ForeignKeyViolation) insert or update on table "task_fail" violates foreign key constraint "task_fail_ti_fkey"
DETAIL:  Key (dag_id, task_id, run_id, map_index)=(first_dag, wait_for_file, scheduled__2022-12-11T18:28:00+00:00, -1) is not present in table "task_instance".

[SQL: INSERT INTO task_fail (task_id, dag_id, run_id, map_index, start_date, end_date, duration) VALUES (%(task_id)s, %(dag_id)s, %(run_id)s, %(map_index)s, %(start_date)s, %(end_date)s, %(duration)s) RETURNING task_fail.id]
[parameters: {'task_id': 'wait_for_file', 'dag_id': 'first_dag', 'run_id': 'scheduled__2022-12-11T18:28:00+00:00', 'map_index': -1, 'start_date': datetime.datetime(2022, 12, 11, 18, 58, 58, 371977, tzinfo=Timezone('UTC')), 'end_date': datetime.datetime(2022, 12, 11, 19, 10, 52, 558376, tzinfo=Timezone('UTC')), 'duration': 714}]
(Background on this error at: http://sqlalche.me/e/14/gkpj); 4505)
[2022-12-11 19:10:52,836] {process_utils.py:75} INFO - Process psutil.Process(pid=4505, status='terminated', exitcode=1, started='18:58:58') (4505) terminated with exit code 1
