[2022-12-12 05:28:25,459] {taskinstance.py:1159} INFO - Dependencies all met for <TaskInstance: first_dag.alter_task_table manual__2022-12-12T05:27:42.228125+00:00 [queued]>
[2022-12-12 05:28:25,766] {taskinstance.py:1159} INFO - Dependencies all met for <TaskInstance: first_dag.alter_task_table manual__2022-12-12T05:27:42.228125+00:00 [queued]>
[2022-12-12 05:28:25,771] {taskinstance.py:1356} INFO - 
--------------------------------------------------------------------------------
[2022-12-12 05:28:25,772] {taskinstance.py:1357} INFO - Starting attempt 1 of 1
[2022-12-12 05:28:25,785] {taskinstance.py:1358} INFO - 
--------------------------------------------------------------------------------
[2022-12-12 05:28:26,329] {taskinstance.py:1377} INFO - Executing <Task(PostgresOperator): alter_task_table> on 2022-12-12 05:27:42.228125+00:00
[2022-12-12 05:28:26,486] {standard_task_runner.py:52} INFO - Started process 7908 to run task
[2022-12-12 05:28:26,669] {standard_task_runner.py:79} INFO - Running: ['***', 'tasks', 'run', 'first_dag', 'alter_task_table', 'manual__2022-12-12T05:27:42.228125+00:00', '--job-id', '1694', '--raw', '--subdir', 'DAGS_FOLDER/first-dag.py', '--cfg-path', '/tmp/tmpo46bq3uq', '--error-file', '/tmp/tmphc614vi9']
[2022-12-12 05:28:26,728] {standard_task_runner.py:80} INFO - Job 1694: Subtask alter_task_table
[2022-12-12 05:28:36,064] {task_command.py:369} INFO - Running <TaskInstance: first_dag.alter_task_table manual__2022-12-12T05:27:42.228125+00:00 [running]> on host 7e39590a7807
[2022-12-12 05:28:37,340] {taskinstance.py:1571} INFO - Exporting the following env vars:
AIRFLOW_CTX_DAG_OWNER=***
AIRFLOW_CTX_DAG_ID=first_dag
AIRFLOW_CTX_TASK_ID=alter_task_table
AIRFLOW_CTX_EXECUTION_DATE=2022-12-12T05:27:42.228125+00:00
AIRFLOW_CTX_TRY_NUMBER=1
AIRFLOW_CTX_DAG_RUN_ID=manual__2022-12-12T05:27:42.228125+00:00
[2022-12-12 05:28:37,507] {base.py:68} INFO - Using connection ID 'db' for task execution.
[2022-12-12 05:28:37,530] {dbapi.py:208} INFO - Running statement: 
               alter table task add column coef int;
                  , parameters: None
[2022-12-12 05:28:37,546] {taskinstance.py:1889} ERROR - Task failed with exception
Traceback (most recent call last):
  File "/home/airflow/.local/lib/python3.7/site-packages/airflow/providers/postgres/operators/postgres.py", line 92, in execute
    self.hook.run(self.sql, self.autocommit, parameters=self.parameters)
  File "/home/airflow/.local/lib/python3.7/site-packages/airflow/hooks/dbapi.py", line 188, in run
    self._run_command(cur, sql_statement, parameters)
  File "/home/airflow/.local/lib/python3.7/site-packages/airflow/hooks/dbapi.py", line 212, in _run_command
    cur.execute(sql_statement)
psycopg2.errors.DuplicateColumn: column "coef" of relation "task" already exists

[2022-12-12 05:28:37,599] {taskinstance.py:1400} INFO - Marking task as FAILED. dag_id=first_dag, task_id=alter_task_table, execution_date=20221212T052742, start_date=20221212T052825, end_date=20221212T052837
[2022-12-12 05:28:37,662] {standard_task_runner.py:97} ERROR - Failed to execute job 1694 for task alter_task_table (column "coef" of relation "task" already exists
; 7908)
[2022-12-12 05:28:37,741] {local_task_job.py:156} INFO - Task exited with return code 1
[2022-12-12 05:28:38,156] {local_task_job.py:273} INFO - 0 downstream tasks scheduled from follow-on schedule check
