[2022-12-11 14:04:00,940] {taskinstance.py:1159} INFO - Dependencies all met for <TaskInstance: first_dag.printer scheduled__2022-12-11T14:02:00+00:00 [queued]>
[2022-12-11 14:04:01,003] {taskinstance.py:1159} INFO - Dependencies all met for <TaskInstance: first_dag.printer scheduled__2022-12-11T14:02:00+00:00 [queued]>
[2022-12-11 14:04:01,005] {taskinstance.py:1356} INFO - 
--------------------------------------------------------------------------------
[2022-12-11 14:04:01,006] {taskinstance.py:1357} INFO - Starting attempt 1 of 1
[2022-12-11 14:04:01,008] {taskinstance.py:1358} INFO - 
--------------------------------------------------------------------------------
[2022-12-11 14:04:01,055] {taskinstance.py:1377} INFO - Executing <Task(PythonOperator): printer> on 2022-12-11 14:02:00+00:00
[2022-12-11 14:04:01,068] {standard_task_runner.py:52} INFO - Started process 189 to run task
[2022-12-11 14:04:01,103] {standard_task_runner.py:79} INFO - Running: ['***', 'tasks', 'run', 'first_dag', 'printer', 'scheduled__2022-12-11T14:02:00+00:00', '--job-id', '325', '--raw', '--subdir', 'DAGS_FOLDER/first-dag.py', '--cfg-path', '/tmp/tmpof63hib9', '--error-file', '/tmp/tmpdan0msrr']
[2022-12-11 14:04:01,119] {standard_task_runner.py:80} INFO - Job 325: Subtask printer
[2022-12-11 14:04:01,364] {task_command.py:369} INFO - Running <TaskInstance: first_dag.printer scheduled__2022-12-11T14:02:00+00:00 [running]> on host 7e39590a7807
[2022-12-11 14:04:01,583] {taskinstance.py:1571} INFO - Exporting the following env vars:
AIRFLOW_CTX_DAG_OWNER=***
AIRFLOW_CTX_DAG_ID=first_dag
AIRFLOW_CTX_TASK_ID=printer
AIRFLOW_CTX_EXECUTION_DATE=2022-12-11T14:02:00+00:00
AIRFLOW_CTX_TRY_NUMBER=1
AIRFLOW_CTX_DAG_RUN_ID=scheduled__2022-12-11T14:02:00+00:00
[2022-12-11 14:04:01,601] {logging_mixin.py:115} INFO - The value is: None
[2022-12-11 14:04:01,602] {python.py:173} INFO - Done. Returned value was: None
[2022-12-11 14:04:01,635] {taskinstance.py:1400} INFO - Marking task as SUCCESS. dag_id=first_dag, task_id=printer, execution_date=20221211T140200, start_date=20221211T140400, end_date=20221211T140401
[2022-12-11 14:04:01,714] {local_task_job.py:156} INFO - Task exited with return code 0
[2022-12-11 14:04:01,812] {local_task_job.py:273} INFO - 0 downstream tasks scheduled from follow-on schedule check
