[2022-12-11 14:48:54,576] {taskinstance.py:1159} INFO - Dependencies all met for <TaskInstance: first_dag.write_diff_task manual__2022-12-11T14:48:48.872180+00:00 [queued]>
[2022-12-11 14:48:54,590] {taskinstance.py:1159} INFO - Dependencies all met for <TaskInstance: first_dag.write_diff_task manual__2022-12-11T14:48:48.872180+00:00 [queued]>
[2022-12-11 14:48:54,592] {taskinstance.py:1356} INFO - 
--------------------------------------------------------------------------------
[2022-12-11 14:48:54,593] {taskinstance.py:1357} INFO - Starting attempt 1 of 1
[2022-12-11 14:48:54,594] {taskinstance.py:1358} INFO - 
--------------------------------------------------------------------------------
[2022-12-11 14:48:54,621] {taskinstance.py:1377} INFO - Executing <Task(PythonOperator): write_diff_task> on 2022-12-11 14:48:48.872180+00:00
[2022-12-11 14:48:54,628] {standard_task_runner.py:52} INFO - Started process 1444 to run task
[2022-12-11 14:48:54,637] {standard_task_runner.py:79} INFO - Running: ['***', 'tasks', 'run', 'first_dag', 'write_diff_task', 'manual__2022-12-11T14:48:48.872180+00:00', '--job-id', '631', '--raw', '--subdir', 'DAGS_FOLDER/first-dag.py', '--cfg-path', '/tmp/tmp2vuu26nv', '--error-file', '/tmp/tmp1eh7zx_k']
[2022-12-11 14:48:54,640] {standard_task_runner.py:80} INFO - Job 631: Subtask write_diff_task
[2022-12-11 14:48:54,767] {task_command.py:369} INFO - Running <TaskInstance: first_dag.write_diff_task manual__2022-12-11T14:48:48.872180+00:00 [running]> on host 7e39590a7807
[2022-12-11 14:48:55,100] {taskinstance.py:1571} INFO - Exporting the following env vars:
AIRFLOW_CTX_DAG_OWNER=***
AIRFLOW_CTX_DAG_ID=first_dag
AIRFLOW_CTX_TASK_ID=write_diff_task
AIRFLOW_CTX_EXECUTION_DATE=2022-12-11T14:48:48.872180+00:00
AIRFLOW_CTX_TRY_NUMBER=1
AIRFLOW_CTX_DAG_RUN_ID=manual__2022-12-11T14:48:48.872180+00:00
[2022-12-11 14:48:55,137] {logging_mixin.py:115} INFO - res 2
[2022-12-11 14:48:55,139] {python.py:173} INFO - Done. Returned value was: None
[2022-12-11 14:48:55,162] {taskinstance.py:1400} INFO - Marking task as SUCCESS. dag_id=first_dag, task_id=write_diff_task, execution_date=20221211T144848, start_date=20221211T144854, end_date=20221211T144855
[2022-12-11 14:48:55,220] {local_task_job.py:156} INFO - Task exited with return code 0
[2022-12-11 14:48:55,265] {local_task_job.py:273} INFO - 0 downstream tasks scheduled from follow-on schedule check
