[2022-12-11 15:16:03,371] {taskinstance.py:1159} INFO - Dependencies all met for <TaskInstance: first_dag.sum_column_task scheduled__2022-12-11T15:15:00+00:00 [queued]>
[2022-12-11 15:16:03,385] {taskinstance.py:1159} INFO - Dependencies all met for <TaskInstance: first_dag.sum_column_task scheduled__2022-12-11T15:15:00+00:00 [queued]>
[2022-12-11 15:16:03,386] {taskinstance.py:1356} INFO - 
--------------------------------------------------------------------------------
[2022-12-11 15:16:03,387] {taskinstance.py:1357} INFO - Starting attempt 1 of 1
[2022-12-11 15:16:03,388] {taskinstance.py:1358} INFO - 
--------------------------------------------------------------------------------
[2022-12-11 15:16:03,405] {taskinstance.py:1377} INFO - Executing <Task(PythonOperator): sum_column_task> on 2022-12-11 15:15:00+00:00
[2022-12-11 15:16:03,410] {standard_task_runner.py:52} INFO - Started process 2282 to run task
[2022-12-11 15:16:03,417] {standard_task_runner.py:79} INFO - Running: ['***', 'tasks', 'run', 'first_dag', 'sum_column_task', 'scheduled__2022-12-11T15:15:00+00:00', '--job-id', '820', '--raw', '--subdir', 'DAGS_FOLDER/first-dag.py', '--cfg-path', '/tmp/tmpq99dsqsg', '--error-file', '/tmp/tmpuek6z03f']
[2022-12-11 15:16:03,420] {standard_task_runner.py:80} INFO - Job 820: Subtask sum_column_task
[2022-12-11 15:16:03,509] {task_command.py:369} INFO - Running <TaskInstance: first_dag.sum_column_task scheduled__2022-12-11T15:15:00+00:00 [running]> on host 7e39590a7807
[2022-12-11 15:16:03,609] {taskinstance.py:1571} INFO - Exporting the following env vars:
AIRFLOW_CTX_DAG_OWNER=***
AIRFLOW_CTX_DAG_ID=first_dag
AIRFLOW_CTX_TASK_ID=sum_column_task
AIRFLOW_CTX_EXECUTION_DATE=2022-12-11T15:15:00+00:00
AIRFLOW_CTX_TRY_NUMBER=1
AIRFLOW_CTX_DAG_RUN_ID=scheduled__2022-12-11T15:15:00+00:00
[2022-12-11 15:16:03,630] {logging_mixin.py:115} INFO - Different sum column is 2
[2022-12-11 15:16:03,631] {python.py:173} INFO - Done. Returned value was: 2
[2022-12-11 15:16:03,666] {taskinstance.py:1400} INFO - Marking task as SUCCESS. dag_id=first_dag, task_id=sum_column_task, execution_date=20221211T151500, start_date=20221211T151603, end_date=20221211T151603
[2022-12-11 15:16:03,710] {local_task_job.py:156} INFO - Task exited with return code 0
[2022-12-11 15:16:03,764] {local_task_job.py:273} INFO - 1 downstream tasks scheduled from follow-on schedule check
