[2022-12-11 17:09:06,784] {taskinstance.py:1159} INFO - Dependencies all met for <TaskInstance: first_dag.write_diff_task manual__2022-12-11T17:08:51.190149+00:00 [queued]>
[2022-12-11 17:09:07,008] {taskinstance.py:1159} INFO - Dependencies all met for <TaskInstance: first_dag.write_diff_task manual__2022-12-11T17:08:51.190149+00:00 [queued]>
[2022-12-11 17:09:07,016] {taskinstance.py:1356} INFO - 
--------------------------------------------------------------------------------
[2022-12-11 17:09:07,023] {taskinstance.py:1357} INFO - Starting attempt 1 of 1
[2022-12-11 17:09:07,052] {taskinstance.py:1358} INFO - 
--------------------------------------------------------------------------------
[2022-12-11 17:09:07,407] {taskinstance.py:1377} INFO - Executing <Task(PythonOperator): write_diff_task> on 2022-12-11 17:08:51.190149+00:00
[2022-12-11 17:09:07,513] {standard_task_runner.py:79} INFO - Running: ['***', 'tasks', 'run', 'first_dag', 'write_diff_task', 'manual__2022-12-11T17:08:51.190149+00:00', '--job-id', '1078', '--raw', '--subdir', 'DAGS_FOLDER/first-dag.py', '--cfg-path', '/tmp/tmpg53c8z56', '--error-file', '/tmp/tmpo5aacf35']
[2022-12-11 17:09:07,527] {standard_task_runner.py:80} INFO - Job 1078: Subtask write_diff_task
[2022-12-11 17:09:07,489] {standard_task_runner.py:52} INFO - Started process 3694 to run task
[2022-12-11 17:09:08,325] {task_command.py:369} INFO - Running <TaskInstance: first_dag.write_diff_task manual__2022-12-11T17:08:51.190149+00:00 [running]> on host 7e39590a7807
[2022-12-11 17:09:09,738] {taskinstance.py:1571} INFO - Exporting the following env vars:
AIRFLOW_CTX_DAG_OWNER=***
AIRFLOW_CTX_DAG_ID=first_dag
AIRFLOW_CTX_TASK_ID=write_diff_task
AIRFLOW_CTX_EXECUTION_DATE=2022-12-11T17:08:51.190149+00:00
AIRFLOW_CTX_TRY_NUMBER=1
AIRFLOW_CTX_DAG_RUN_ID=manual__2022-12-11T17:08:51.190149+00:00
[2022-12-11 17:09:10,353] {python.py:173} INFO - Done. Returned value was: None
[2022-12-11 17:09:10,580] {taskinstance.py:1400} INFO - Marking task as SUCCESS. dag_id=first_dag, task_id=write_diff_task, execution_date=20221211T170851, start_date=20221211T170906, end_date=20221211T170910
[2022-12-11 17:09:10,704] {local_task_job.py:156} INFO - Task exited with return code 0
[2022-12-11 17:09:10,938] {local_task_job.py:273} INFO - 1 downstream tasks scheduled from follow-on schedule check
