[2022-12-04 16:41:48,117] {taskinstance.py:1159} INFO - Dependencies all met for <TaskInstance: first_dag.world scheduled__2022-01-16T00:00:00+00:00 [queued]>
[2022-12-04 16:41:48,278] {taskinstance.py:1159} INFO - Dependencies all met for <TaskInstance: first_dag.world scheduled__2022-01-16T00:00:00+00:00 [queued]>
[2022-12-04 16:41:48,283] {taskinstance.py:1356} INFO - 
--------------------------------------------------------------------------------
[2022-12-04 16:41:48,287] {taskinstance.py:1357} INFO - Starting attempt 1 of 1
[2022-12-04 16:41:48,290] {taskinstance.py:1358} INFO - 
--------------------------------------------------------------------------------
[2022-12-04 16:41:48,444] {taskinstance.py:1377} INFO - Executing <Task(PythonOperator): world> on 2022-01-16 00:00:00+00:00
[2022-12-04 16:41:48,462] {standard_task_runner.py:52} INFO - Started process 857 to run task
[2022-12-04 16:41:48,581] {standard_task_runner.py:79} INFO - Running: ['***', 'tasks', 'run', 'first_dag', 'world', 'scheduled__2022-01-16T00:00:00+00:00', '--job-id', '141', '--raw', '--subdir', 'DAGS_FOLDER/first-dag.py', '--cfg-path', '/tmp/tmpol71839_', '--error-file', '/tmp/tmphcpg2jt_']
[2022-12-04 16:41:48,637] {standard_task_runner.py:80} INFO - Job 141: Subtask world
[2022-12-04 16:41:49,421] {task_command.py:369} INFO - Running <TaskInstance: first_dag.world scheduled__2022-01-16T00:00:00+00:00 [running]> on host fb90b48d1471
[2022-12-04 16:41:50,113] {taskinstance.py:1571} INFO - Exporting the following env vars:
AIRFLOW_CTX_DAG_OWNER=***
AIRFLOW_CTX_DAG_ID=first_dag
AIRFLOW_CTX_TASK_ID=world
AIRFLOW_CTX_EXECUTION_DATE=2022-01-16T00:00:00+00:00
AIRFLOW_CTX_TRY_NUMBER=1
AIRFLOW_CTX_DAG_RUN_ID=scheduled__2022-01-16T00:00:00+00:00
[2022-12-04 16:41:50,115] {logging_mixin.py:115} INFO - Airflow
[2022-12-04 16:41:50,120] {python.py:173} INFO - Done. Returned value was: None
[2022-12-04 16:41:50,170] {taskinstance.py:1400} INFO - Marking task as SUCCESS. dag_id=first_dag, task_id=world, execution_date=20220116T000000, start_date=20221204T164148, end_date=20221204T164150
[2022-12-04 16:41:50,291] {local_task_job.py:156} INFO - Task exited with return code 0
[2022-12-04 16:41:50,515] {local_task_job.py:273} INFO - 0 downstream tasks scheduled from follow-on schedule check
