[2022-12-11 14:31:02,337] {taskinstance.py:1159} INFO - Dependencies all met for <TaskInstance: first_dag.world scheduled__2022-12-11T14:30:00+00:00 [queued]>
[2022-12-11 14:31:02,350] {taskinstance.py:1159} INFO - Dependencies all met for <TaskInstance: first_dag.world scheduled__2022-12-11T14:30:00+00:00 [queued]>
[2022-12-11 14:31:02,352] {taskinstance.py:1356} INFO - 
--------------------------------------------------------------------------------
[2022-12-11 14:31:02,353] {taskinstance.py:1357} INFO - Starting attempt 1 of 1
[2022-12-11 14:31:02,354] {taskinstance.py:1358} INFO - 
--------------------------------------------------------------------------------
[2022-12-11 14:31:02,373] {taskinstance.py:1377} INFO - Executing <Task(PythonOperator): world> on 2022-12-11 14:30:00+00:00
[2022-12-11 14:31:02,377] {standard_task_runner.py:52} INFO - Started process 805 to run task
[2022-12-11 14:31:02,382] {standard_task_runner.py:79} INFO - Running: ['***', 'tasks', 'run', 'first_dag', 'world', 'scheduled__2022-12-11T14:30:00+00:00', '--job-id', '474', '--raw', '--subdir', 'DAGS_FOLDER/first-dag.py', '--cfg-path', '/tmp/tmphgp5wo_m', '--error-file', '/tmp/tmp7tkdcdqj']
[2022-12-11 14:31:02,385] {standard_task_runner.py:80} INFO - Job 474: Subtask world
[2022-12-11 14:31:02,478] {task_command.py:369} INFO - Running <TaskInstance: first_dag.world scheduled__2022-12-11T14:30:00+00:00 [running]> on host 7e39590a7807
[2022-12-11 14:31:02,580] {taskinstance.py:1571} INFO - Exporting the following env vars:
AIRFLOW_CTX_DAG_OWNER=***
AIRFLOW_CTX_DAG_ID=first_dag
AIRFLOW_CTX_TASK_ID=world
AIRFLOW_CTX_EXECUTION_DATE=2022-12-11T14:30:00+00:00
AIRFLOW_CTX_TRY_NUMBER=1
AIRFLOW_CTX_DAG_RUN_ID=scheduled__2022-12-11T14:30:00+00:00
[2022-12-11 14:31:02,583] {logging_mixin.py:115} INFO - Airflow
[2022-12-11 14:31:02,585] {python.py:173} INFO - Done. Returned value was: None
[2022-12-11 14:31:02,605] {taskinstance.py:1400} INFO - Marking task as SUCCESS. dag_id=first_dag, task_id=world, execution_date=20221211T143000, start_date=20221211T143102, end_date=20221211T143102
[2022-12-11 14:31:02,637] {local_task_job.py:156} INFO - Task exited with return code 0
[2022-12-11 14:31:02,693] {local_task_job.py:273} INFO - 1 downstream tasks scheduled from follow-on schedule check
[2022-12-11 14:46:49,468] {taskinstance.py:1159} INFO - Dependencies all met for <TaskInstance: first_dag.world scheduled__2022-12-11T14:30:00+00:00 [queued]>
[2022-12-11 14:46:49,482] {taskinstance.py:1159} INFO - Dependencies all met for <TaskInstance: first_dag.world scheduled__2022-12-11T14:30:00+00:00 [queued]>
[2022-12-11 14:46:49,483] {taskinstance.py:1356} INFO - 
--------------------------------------------------------------------------------
[2022-12-11 14:46:49,484] {taskinstance.py:1357} INFO - Starting attempt 1 of 1
[2022-12-11 14:46:49,485] {taskinstance.py:1358} INFO - 
--------------------------------------------------------------------------------
[2022-12-11 14:46:49,504] {taskinstance.py:1377} INFO - Executing <Task(PythonOperator): world> on 2022-12-11 14:30:00+00:00
[2022-12-11 14:46:49,509] {standard_task_runner.py:52} INFO - Started process 1377 to run task
[2022-12-11 14:46:49,516] {standard_task_runner.py:79} INFO - Running: ['***', 'tasks', 'run', 'first_dag', 'world', 'scheduled__2022-12-11T14:30:00+00:00', '--job-id', '613', '--raw', '--subdir', 'DAGS_FOLDER/first-dag.py', '--cfg-path', '/tmp/tmpelieqhdk', '--error-file', '/tmp/tmpbw3nbdva']
[2022-12-11 14:46:49,518] {standard_task_runner.py:80} INFO - Job 613: Subtask world
[2022-12-11 14:46:49,594] {task_command.py:369} INFO - Running <TaskInstance: first_dag.world scheduled__2022-12-11T14:30:00+00:00 [running]> on host 7e39590a7807
[2022-12-11 14:46:49,693] {taskinstance.py:1571} INFO - Exporting the following env vars:
AIRFLOW_CTX_DAG_OWNER=***
AIRFLOW_CTX_DAG_ID=first_dag
AIRFLOW_CTX_TASK_ID=world
AIRFLOW_CTX_EXECUTION_DATE=2022-12-11T14:30:00+00:00
AIRFLOW_CTX_TRY_NUMBER=1
AIRFLOW_CTX_DAG_RUN_ID=scheduled__2022-12-11T14:30:00+00:00
[2022-12-11 14:46:49,695] {logging_mixin.py:115} INFO - Airflow
[2022-12-11 14:46:49,697] {python.py:173} INFO - Done. Returned value was: None
[2022-12-11 14:46:49,715] {taskinstance.py:1400} INFO - Marking task as SUCCESS. dag_id=first_dag, task_id=world, execution_date=20221211T143000, start_date=20221211T144649, end_date=20221211T144649
[2022-12-11 14:46:49,775] {local_task_job.py:156} INFO - Task exited with return code 0
[2022-12-11 14:46:49,856] {local_task_job.py:273} INFO - 1 downstream tasks scheduled from follow-on schedule check
