[2022-12-11 20:23:21,594] {taskinstance.py:1159} INFO - Dependencies all met for <TaskInstance: first_dag.hello_task manual__2022-12-11T20:23:20.120434+00:00 [queued]>
[2022-12-11 20:23:21,621] {taskinstance.py:1159} INFO - Dependencies all met for <TaskInstance: first_dag.hello_task manual__2022-12-11T20:23:20.120434+00:00 [queued]>
[2022-12-11 20:23:21,623] {taskinstance.py:1356} INFO - 
--------------------------------------------------------------------------------
[2022-12-11 20:23:21,624] {taskinstance.py:1357} INFO - Starting attempt 1 of 1
[2022-12-11 20:23:21,626] {taskinstance.py:1358} INFO - 
--------------------------------------------------------------------------------
[2022-12-11 20:23:21,666] {taskinstance.py:1377} INFO - Executing <Task(BashOperator): hello_task> on 2022-12-11 20:23:20.120434+00:00
[2022-12-11 20:23:21,678] {standard_task_runner.py:52} INFO - Started process 5803 to run task
[2022-12-11 20:23:21,705] {standard_task_runner.py:79} INFO - Running: ['***', 'tasks', 'run', 'first_dag', 'hello_task', 'manual__2022-12-11T20:23:20.120434+00:00', '--job-id', '1384', '--raw', '--subdir', 'DAGS_FOLDER/first-dag.py', '--cfg-path', '/tmp/tmpj88e2s6f', '--error-file', '/tmp/tmp3l8mn_xk']
[2022-12-11 20:23:21,709] {standard_task_runner.py:80} INFO - Job 1384: Subtask hello_task
[2022-12-11 20:23:22,037] {task_command.py:369} INFO - Running <TaskInstance: first_dag.hello_task manual__2022-12-11T20:23:20.120434+00:00 [running]> on host 7e39590a7807
[2022-12-11 20:23:22,385] {taskinstance.py:1571} INFO - Exporting the following env vars:
AIRFLOW_CTX_DAG_OWNER=***
AIRFLOW_CTX_DAG_ID=first_dag
AIRFLOW_CTX_TASK_ID=hello_task
AIRFLOW_CTX_EXECUTION_DATE=2022-12-11T20:23:20.120434+00:00
AIRFLOW_CTX_TRY_NUMBER=1
AIRFLOW_CTX_DAG_RUN_ID=manual__2022-12-11T20:23:20.120434+00:00
[2022-12-11 20:23:22,388] {subprocess.py:62} INFO - Tmp dir root location: 
 /tmp
[2022-12-11 20:23:22,390] {subprocess.py:74} INFO - Running command: ['bash', '-c', 'echo hello']
[2022-12-11 20:23:22,489] {subprocess.py:85} INFO - Output:
[2022-12-11 20:23:22,511] {subprocess.py:92} INFO - hello
[2022-12-11 20:23:22,516] {subprocess.py:96} INFO - Command exited with return code 0
[2022-12-11 20:23:22,626] {taskinstance.py:1400} INFO - Marking task as SUCCESS. dag_id=first_dag, task_id=hello_task, execution_date=20221211T202320, start_date=20221211T202321, end_date=20221211T202322
[2022-12-11 20:23:22,706] {local_task_job.py:156} INFO - Task exited with return code 0
[2022-12-11 20:23:22,926] {local_task_job.py:273} INFO - 1 downstream tasks scheduled from follow-on schedule check
