[2022-12-11 14:43:22,506] {taskinstance.py:1159} INFO - Dependencies all met for <TaskInstance: first_dag.world manual__2022-12-11T14:43:20.638373+00:00 [queued]>
[2022-12-11 14:43:22,528] {taskinstance.py:1159} INFO - Dependencies all met for <TaskInstance: first_dag.world manual__2022-12-11T14:43:20.638373+00:00 [queued]>
[2022-12-11 14:43:22,530] {taskinstance.py:1356} INFO - 
--------------------------------------------------------------------------------
[2022-12-11 14:43:22,531] {taskinstance.py:1357} INFO - Starting attempt 1 of 1
[2022-12-11 14:43:22,532] {taskinstance.py:1358} INFO - 
--------------------------------------------------------------------------------
[2022-12-11 14:43:22,552] {taskinstance.py:1377} INFO - Executing <Task(PythonOperator): world> on 2022-12-11 14:43:20.638373+00:00
[2022-12-11 14:43:22,558] {standard_task_runner.py:52} INFO - Started process 1322 to run task
[2022-12-11 14:43:22,570] {standard_task_runner.py:79} INFO - Running: ['***', 'tasks', 'run', 'first_dag', 'world', 'manual__2022-12-11T14:43:20.638373+00:00', '--job-id', '608', '--raw', '--subdir', 'DAGS_FOLDER/first-dag.py', '--cfg-path', '/tmp/tmpuj3gj79w', '--error-file', '/tmp/tmp14_hyph6']
[2022-12-11 14:43:22,572] {standard_task_runner.py:80} INFO - Job 608: Subtask world
[2022-12-11 14:43:22,685] {task_command.py:369} INFO - Running <TaskInstance: first_dag.world manual__2022-12-11T14:43:20.638373+00:00 [running]> on host 7e39590a7807
[2022-12-11 14:43:22,845] {taskinstance.py:1571} INFO - Exporting the following env vars:
AIRFLOW_CTX_DAG_OWNER=***
AIRFLOW_CTX_DAG_ID=first_dag
AIRFLOW_CTX_TASK_ID=world
AIRFLOW_CTX_EXECUTION_DATE=2022-12-11T14:43:20.638373+00:00
AIRFLOW_CTX_TRY_NUMBER=1
AIRFLOW_CTX_DAG_RUN_ID=manual__2022-12-11T14:43:20.638373+00:00
[2022-12-11 14:43:22,848] {logging_mixin.py:115} INFO - Airflow
[2022-12-11 14:43:22,849] {python.py:173} INFO - Done. Returned value was: None
[2022-12-11 14:43:22,893] {taskinstance.py:1400} INFO - Marking task as SUCCESS. dag_id=first_dag, task_id=world, execution_date=20221211T144320, start_date=20221211T144322, end_date=20221211T144322
[2022-12-11 14:43:23,004] {local_task_job.py:156} INFO - Task exited with return code 0
[2022-12-11 14:43:23,166] {local_task_job.py:273} INFO - 0 downstream tasks scheduled from follow-on schedule check
