[2022-12-11 17:09:24,285] {taskinstance.py:1159} INFO - Dependencies all met for <TaskInstance: first_dag.wait_for_file manual__2022-12-11T17:08:58.815487+00:00 [queued]>
[2022-12-11 17:09:24,340] {taskinstance.py:1159} INFO - Dependencies all met for <TaskInstance: first_dag.wait_for_file manual__2022-12-11T17:08:58.815487+00:00 [queued]>
[2022-12-11 17:09:24,356] {taskinstance.py:1356} INFO - 
--------------------------------------------------------------------------------
[2022-12-11 17:09:24,374] {taskinstance.py:1357} INFO - Starting attempt 1 of 1
[2022-12-11 17:09:24,394] {taskinstance.py:1358} INFO - 
--------------------------------------------------------------------------------
[2022-12-11 17:09:24,505] {taskinstance.py:1377} INFO - Executing <Task(PythonSensor): wait_for_file> on 2022-12-11 17:08:58.815487+00:00
[2022-12-11 17:09:24,518] {standard_task_runner.py:52} INFO - Started process 3711 to run task
[2022-12-11 17:09:24,559] {standard_task_runner.py:79} INFO - Running: ['***', 'tasks', 'run', 'first_dag', 'wait_for_file', 'manual__2022-12-11T17:08:58.815487+00:00', '--job-id', '1084', '--raw', '--subdir', 'DAGS_FOLDER/first-dag.py', '--cfg-path', '/tmp/tmpatg4rczw', '--error-file', '/tmp/tmpddnwg05o']
[2022-12-11 17:09:24,568] {standard_task_runner.py:80} INFO - Job 1084: Subtask wait_for_file
[2022-12-11 17:09:25,015] {task_command.py:369} INFO - Running <TaskInstance: first_dag.wait_for_file manual__2022-12-11T17:08:58.815487+00:00 [running]> on host 7e39590a7807
[2022-12-11 17:09:25,709] {taskinstance.py:1571} INFO - Exporting the following env vars:
AIRFLOW_CTX_DAG_OWNER=***
AIRFLOW_CTX_DAG_ID=first_dag
AIRFLOW_CTX_TASK_ID=wait_for_file
AIRFLOW_CTX_EXECUTION_DATE=2022-12-11T17:08:58.815487+00:00
AIRFLOW_CTX_TRY_NUMBER=1
AIRFLOW_CTX_DAG_RUN_ID=manual__2022-12-11T17:08:58.815487+00:00
[2022-12-11 17:09:25,733] {python.py:66} INFO - Poking callable: <function _wait_for_file at 0x7f6cec9c0cb0>
[2022-12-11 17:09:25,946] {logging_mixin.py:115} INFO - _wait_for_file True
[2022-12-11 17:10:25,910] {python.py:66} INFO - Poking callable: <function _wait_for_file at 0x7f6cec9c0cb0>
[2022-12-11 17:10:25,960] {logging_mixin.py:115} INFO - _wait_for_file True
[2022-12-11 17:11:25,952] {python.py:66} INFO - Poking callable: <function _wait_for_file at 0x7f6cec9c0cb0>
[2022-12-11 17:11:25,998] {logging_mixin.py:115} INFO - _wait_for_file True
[2022-12-11 17:12:25,989] {python.py:66} INFO - Poking callable: <function _wait_for_file at 0x7f6cec9c0cb0>
[2022-12-11 17:12:26,044] {logging_mixin.py:115} INFO - _wait_for_file True
[2022-12-11 17:13:26,364] {python.py:66} INFO - Poking callable: <function _wait_for_file at 0x7f6cec9c0cb0>
[2022-12-11 17:13:26,783] {logging_mixin.py:115} INFO - _wait_for_file True
[2022-12-11 17:14:43,415] {python.py:66} INFO - Poking callable: <function _wait_for_file at 0x7f6cec9c0cb0>
[2022-12-11 17:14:43,679] {logging_mixin.py:115} INFO - _wait_for_file True
[2022-12-11 17:15:42,906] {python.py:66} INFO - Poking callable: <function _wait_for_file at 0x7f6cec9c0cb0>
[2022-12-11 17:15:45,728] {logging_mixin.py:115} INFO - _wait_for_file True
[2022-12-11 17:21:28,114] {python.py:66} INFO - Poking callable: <function _wait_for_file at 0x7f6cec9c0cb0>
[2022-12-11 17:21:29,616] {logging_mixin.py:115} INFO - _wait_for_file True
[2022-12-11 17:27:10,356] {python.py:66} INFO - Poking callable: <function _wait_for_file at 0x7f6cec9c0cb0>
[2022-12-11 17:27:10,373] {logging_mixin.py:115} INFO - _wait_for_file True
[2022-12-11 17:37:32,990] {python.py:66} INFO - Poking callable: <function _wait_for_file at 0x7f6cec9c0cb0>
[2022-12-11 17:37:34,546] {logging_mixin.py:115} INFO - _wait_for_file True
[2022-12-11 17:43:16,536] {python.py:66} INFO - Poking callable: <function _wait_for_file at 0x7f6cec9c0cb0>
[2022-12-11 17:43:17,388] {logging_mixin.py:115} INFO - _wait_for_file True
[2022-12-11 17:44:17,409] {python.py:66} INFO - Poking callable: <function _wait_for_file at 0x7f6cec9c0cb0>
[2022-12-11 17:44:17,890] {logging_mixin.py:115} INFO - _wait_for_file True
[2022-12-11 17:45:18,323] {python.py:66} INFO - Poking callable: <function _wait_for_file at 0x7f6cec9c0cb0>
[2022-12-11 17:45:18,429] {logging_mixin.py:115} INFO - _wait_for_file True
[2022-12-11 17:51:02,781] {python.py:66} INFO - Poking callable: <function _wait_for_file at 0x7f6cec9c0cb0>
[2022-12-11 17:51:04,534] {logging_mixin.py:115} INFO - _wait_for_file True
[2022-12-11 17:51:47,116] {local_task_job.py:221} WARNING - State of this instance has been externally set to failed. Terminating instance.
[2022-12-11 17:51:47,570] {process_utils.py:129} INFO - Sending Signals.SIGTERM to group 3711. PIDs of all processes in the group: [3711]
[2022-12-11 17:51:47,584] {process_utils.py:80} INFO - Sending the signal Signals.SIGTERM to group 3711
[2022-12-11 17:51:47,605] {taskinstance.py:1541} ERROR - Received SIGTERM. Terminating subprocesses.
[2022-12-11 17:51:49,397] {process_utils.py:75} INFO - Process psutil.Process(pid=3711, status='terminated', exitcode=0, started='17:09:24') (3711) terminated with exit code 0
