[2022-12-12 05:26:26,756] {taskinstance.py:1159} INFO - Dependencies all met for <TaskInstance: first_dag.wait_for_file manual__2022-12-12T05:25:38.239745+00:00 [queued]>
[2022-12-12 05:26:26,796] {taskinstance.py:1159} INFO - Dependencies all met for <TaskInstance: first_dag.wait_for_file manual__2022-12-12T05:25:38.239745+00:00 [queued]>
[2022-12-12 05:26:26,803] {taskinstance.py:1356} INFO - 
--------------------------------------------------------------------------------
[2022-12-12 05:26:26,805] {taskinstance.py:1357} INFO - Starting attempt 1 of 3
[2022-12-12 05:26:26,806] {taskinstance.py:1358} INFO - 
--------------------------------------------------------------------------------
[2022-12-12 05:26:26,836] {taskinstance.py:1377} INFO - Executing <Task(PythonSensor): wait_for_file> on 2022-12-12 05:25:38.239745+00:00
[2022-12-12 05:26:26,846] {standard_task_runner.py:52} INFO - Started process 7810 to run task
[2022-12-12 05:26:26,866] {standard_task_runner.py:79} INFO - Running: ['***', 'tasks', 'run', 'first_dag', 'wait_for_file', 'manual__2022-12-12T05:25:38.239745+00:00', '--job-id', '1658', '--raw', '--subdir', 'DAGS_FOLDER/first-dag.py', '--cfg-path', '/tmp/tmplfyzfk91', '--error-file', '/tmp/tmpvjb1g7s4']
[2022-12-12 05:26:26,870] {standard_task_runner.py:80} INFO - Job 1658: Subtask wait_for_file
[2022-12-12 05:26:27,024] {task_command.py:369} INFO - Running <TaskInstance: first_dag.wait_for_file manual__2022-12-12T05:25:38.239745+00:00 [running]> on host 7e39590a7807
[2022-12-12 05:26:27,240] {taskinstance.py:1571} INFO - Exporting the following env vars:
AIRFLOW_CTX_DAG_OWNER=***
AIRFLOW_CTX_DAG_ID=first_dag
AIRFLOW_CTX_TASK_ID=wait_for_file
AIRFLOW_CTX_EXECUTION_DATE=2022-12-12T05:25:38.239745+00:00
AIRFLOW_CTX_TRY_NUMBER=1
AIRFLOW_CTX_DAG_RUN_ID=manual__2022-12-12T05:25:38.239745+00:00
[2022-12-12 05:26:27,242] {python.py:66} INFO - Poking callable: <function _wait_for_file at 0x7f6cec7ac4d0>
[2022-12-12 05:26:27,262] {logging_mixin.py:115} INFO - _wait_for_file True
[2022-12-12 05:26:27,266] {base.py:301} INFO - Success criteria met. Exiting.
[2022-12-12 05:26:27,296] {taskinstance.py:1400} INFO - Marking task as SUCCESS. dag_id=first_dag, task_id=wait_for_file, execution_date=20221212T052538, start_date=20221212T052626, end_date=20221212T052627
[2022-12-12 05:26:27,357] {local_task_job.py:156} INFO - Task exited with return code 0
[2022-12-12 05:26:27,511] {local_task_job.py:273} INFO - 0 downstream tasks scheduled from follow-on schedule check
