[2022-12-12 05:25:28,400] {taskinstance.py:1159} INFO - Dependencies all met for <TaskInstance: first_dag.world manual__2022-12-12T05:25:23.498395+00:00 [queued]>
[2022-12-12 05:25:28,438] {taskinstance.py:1159} INFO - Dependencies all met for <TaskInstance: first_dag.world manual__2022-12-12T05:25:23.498395+00:00 [queued]>
[2022-12-12 05:25:28,440] {taskinstance.py:1356} INFO - 
--------------------------------------------------------------------------------
[2022-12-12 05:25:28,442] {taskinstance.py:1357} INFO - Starting attempt 1 of 1
[2022-12-12 05:25:28,444] {taskinstance.py:1358} INFO - 
--------------------------------------------------------------------------------
[2022-12-12 05:25:28,527] {taskinstance.py:1377} INFO - Executing <Task(PythonOperator): world> on 2022-12-12 05:25:23.498395+00:00
[2022-12-12 05:25:28,551] {standard_task_runner.py:52} INFO - Started process 7733 to run task
[2022-12-12 05:25:28,584] {standard_task_runner.py:79} INFO - Running: ['***', 'tasks', 'run', 'first_dag', 'world', 'manual__2022-12-12T05:25:23.498395+00:00', '--job-id', '1621', '--raw', '--subdir', 'DAGS_FOLDER/first-dag.py', '--cfg-path', '/tmp/tmp3j6frvbs', '--error-file', '/tmp/tmpn0r_nv9s']
[2022-12-12 05:25:28,595] {standard_task_runner.py:80} INFO - Job 1621: Subtask world
[2022-12-12 05:25:28,816] {task_command.py:369} INFO - Running <TaskInstance: first_dag.world manual__2022-12-12T05:25:23.498395+00:00 [running]> on host 7e39590a7807
[2022-12-12 05:25:29,870] {taskinstance.py:1571} INFO - Exporting the following env vars:
AIRFLOW_CTX_DAG_OWNER=***
AIRFLOW_CTX_DAG_ID=first_dag
AIRFLOW_CTX_TASK_ID=world
AIRFLOW_CTX_EXECUTION_DATE=2022-12-12T05:25:23.498395+00:00
AIRFLOW_CTX_TRY_NUMBER=1
AIRFLOW_CTX_DAG_RUN_ID=manual__2022-12-12T05:25:23.498395+00:00
[2022-12-12 05:25:29,878] {logging_mixin.py:115} INFO - Airflow
[2022-12-12 05:25:29,879] {python.py:173} INFO - Done. Returned value was: None
[2022-12-12 05:25:29,966] {taskinstance.py:1400} INFO - Marking task as SUCCESS. dag_id=first_dag, task_id=world, execution_date=20221212T052523, start_date=20221212T052528, end_date=20221212T052529
[2022-12-12 05:25:30,042] {local_task_job.py:156} INFO - Task exited with return code 0
[2022-12-12 05:25:30,494] {local_task_job.py:273} INFO - 1 downstream tasks scheduled from follow-on schedule check
