[2022-12-11 15:27:41,681] {taskinstance.py:1159} INFO - Dependencies all met for <TaskInstance: first_dag.sum_column_task manual__2022-12-11T15:27:36.021286+00:00 [queued]>
[2022-12-11 15:27:41,696] {taskinstance.py:1159} INFO - Dependencies all met for <TaskInstance: first_dag.sum_column_task manual__2022-12-11T15:27:36.021286+00:00 [queued]>
[2022-12-11 15:27:41,697] {taskinstance.py:1356} INFO - 
--------------------------------------------------------------------------------
[2022-12-11 15:27:41,698] {taskinstance.py:1357} INFO - Starting attempt 1 of 1
[2022-12-11 15:27:41,699] {taskinstance.py:1358} INFO - 
--------------------------------------------------------------------------------
[2022-12-11 15:27:41,718] {taskinstance.py:1377} INFO - Executing <Task(PythonOperator): sum_column_task> on 2022-12-11 15:27:36.021286+00:00
[2022-12-11 15:27:41,724] {standard_task_runner.py:52} INFO - Started process 2659 to run task
[2022-12-11 15:27:41,728] {standard_task_runner.py:79} INFO - Running: ['***', 'tasks', 'run', 'first_dag', 'sum_column_task', 'manual__2022-12-11T15:27:36.021286+00:00', '--job-id', '925', '--raw', '--subdir', 'DAGS_FOLDER/first-dag.py', '--cfg-path', '/tmp/tmpwhbn_b_7', '--error-file', '/tmp/tmp_dm3pb3i']
[2022-12-11 15:27:41,731] {standard_task_runner.py:80} INFO - Job 925: Subtask sum_column_task
[2022-12-11 15:27:41,819] {task_command.py:369} INFO - Running <TaskInstance: first_dag.sum_column_task manual__2022-12-11T15:27:36.021286+00:00 [running]> on host 7e39590a7807
[2022-12-11 15:27:41,955] {taskinstance.py:1571} INFO - Exporting the following env vars:
AIRFLOW_CTX_DAG_OWNER=***
AIRFLOW_CTX_DAG_ID=first_dag
AIRFLOW_CTX_TASK_ID=sum_column_task
AIRFLOW_CTX_EXECUTION_DATE=2022-12-11T15:27:36.021286+00:00
AIRFLOW_CTX_TRY_NUMBER=1
AIRFLOW_CTX_DAG_RUN_ID=manual__2022-12-11T15:27:36.021286+00:00
[2022-12-11 15:27:41,972] {logging_mixin.py:115} INFO - Different sum column is -2
[2022-12-11 15:27:41,974] {python.py:173} INFO - Done. Returned value was: -2
[2022-12-11 15:27:42,011] {taskinstance.py:1400} INFO - Marking task as SUCCESS. dag_id=first_dag, task_id=sum_column_task, execution_date=20221211T152736, start_date=20221211T152741, end_date=20221211T152742
[2022-12-11 15:27:42,041] {local_task_job.py:156} INFO - Task exited with return code 0
[2022-12-11 15:27:42,089] {local_task_job.py:273} INFO - 1 downstream tasks scheduled from follow-on schedule check
