[2022-12-11 15:17:50,613] {taskinstance.py:1159} INFO - Dependencies all met for <TaskInstance: first_dag.write_diff_task manual__2022-12-11T15:17:41.101102+00:00 [queued]>
[2022-12-11 15:17:50,675] {taskinstance.py:1159} INFO - Dependencies all met for <TaskInstance: first_dag.write_diff_task manual__2022-12-11T15:17:41.101102+00:00 [queued]>
[2022-12-11 15:17:50,677] {taskinstance.py:1356} INFO - 
--------------------------------------------------------------------------------
[2022-12-11 15:17:50,678] {taskinstance.py:1357} INFO - Starting attempt 1 of 1
[2022-12-11 15:17:50,680] {taskinstance.py:1358} INFO - 
--------------------------------------------------------------------------------
[2022-12-11 15:17:50,760] {taskinstance.py:1377} INFO - Executing <Task(PythonOperator): write_diff_task> on 2022-12-11 15:17:41.101102+00:00
[2022-12-11 15:17:50,776] {standard_task_runner.py:52} INFO - Started process 2343 to run task
[2022-12-11 15:17:50,820] {standard_task_runner.py:79} INFO - Running: ['***', 'tasks', 'run', 'first_dag', 'write_diff_task', 'manual__2022-12-11T15:17:41.101102+00:00', '--job-id', '836', '--raw', '--subdir', 'DAGS_FOLDER/first-dag.py', '--cfg-path', '/tmp/tmp08kaht_j', '--error-file', '/tmp/tmpcccx63kd']
[2022-12-11 15:17:50,844] {standard_task_runner.py:80} INFO - Job 836: Subtask write_diff_task
[2022-12-11 15:17:51,273] {task_command.py:369} INFO - Running <TaskInstance: first_dag.write_diff_task manual__2022-12-11T15:17:41.101102+00:00 [running]> on host 7e39590a7807
[2022-12-11 15:17:51,886] {taskinstance.py:1571} INFO - Exporting the following env vars:
AIRFLOW_CTX_DAG_OWNER=***
AIRFLOW_CTX_DAG_ID=first_dag
AIRFLOW_CTX_TASK_ID=write_diff_task
AIRFLOW_CTX_EXECUTION_DATE=2022-12-11T15:17:41.101102+00:00
AIRFLOW_CTX_TRY_NUMBER=1
AIRFLOW_CTX_DAG_RUN_ID=manual__2022-12-11T15:17:41.101102+00:00
[2022-12-11 15:17:51,989] {logging_mixin.py:115} INFO - Splitted ['4', '1\n'] 2
[2022-12-11 15:17:52,002] {python.py:173} INFO - Done. Returned value was: None
[2022-12-11 15:17:55,456] {taskinstance.py:1400} INFO - Marking task as SUCCESS. dag_id=first_dag, task_id=write_diff_task, execution_date=20221211T151741, start_date=20221211T151750, end_date=20221211T151755
[2022-12-11 15:17:55,582] {local_task_job.py:156} INFO - Task exited with return code 0
[2022-12-11 15:17:55,713] {local_task_job.py:273} INFO - 0 downstream tasks scheduled from follow-on schedule check
