[2022-12-12 05:13:50,224] {taskinstance.py:1159} INFO - Dependencies all met for <TaskInstance: first_dag.write_diff_task manual__2022-12-12T05:13:33.076186+00:00 [queued]>
[2022-12-12 05:13:50,264] {taskinstance.py:1159} INFO - Dependencies all met for <TaskInstance: first_dag.write_diff_task manual__2022-12-12T05:13:33.076186+00:00 [queued]>
[2022-12-12 05:13:50,265] {taskinstance.py:1356} INFO - 
--------------------------------------------------------------------------------
[2022-12-12 05:13:50,266] {taskinstance.py:1357} INFO - Starting attempt 1 of 1
[2022-12-12 05:13:50,267] {taskinstance.py:1358} INFO - 
--------------------------------------------------------------------------------
[2022-12-12 05:13:50,319] {taskinstance.py:1377} INFO - Executing <Task(PythonOperator): write_diff_task> on 2022-12-12 05:13:33.076186+00:00
[2022-12-12 05:13:50,332] {standard_task_runner.py:52} INFO - Started process 7531 to run task
[2022-12-12 05:13:50,360] {standard_task_runner.py:79} INFO - Running: ['***', 'tasks', 'run', 'first_dag', 'write_diff_task', 'manual__2022-12-12T05:13:33.076186+00:00', '--job-id', '1584', '--raw', '--subdir', 'DAGS_FOLDER/first-dag.py', '--cfg-path', '/tmp/tmpt1n3pj7p', '--error-file', '/tmp/tmpyr7ujodl']
[2022-12-12 05:13:50,374] {standard_task_runner.py:80} INFO - Job 1584: Subtask write_diff_task
[2022-12-12 05:13:50,800] {task_command.py:369} INFO - Running <TaskInstance: first_dag.write_diff_task manual__2022-12-12T05:13:33.076186+00:00 [running]> on host 7e39590a7807
[2022-12-12 05:13:51,247] {taskinstance.py:1571} INFO - Exporting the following env vars:
AIRFLOW_CTX_DAG_OWNER=***
AIRFLOW_CTX_DAG_ID=first_dag
AIRFLOW_CTX_TASK_ID=write_diff_task
AIRFLOW_CTX_EXECUTION_DATE=2022-12-12T05:13:33.076186+00:00
AIRFLOW_CTX_TRY_NUMBER=1
AIRFLOW_CTX_DAG_RUN_ID=manual__2022-12-12T05:13:33.076186+00:00
[2022-12-12 05:13:51,742] {python.py:173} INFO - Done. Returned value was: None
[2022-12-12 05:13:51,937] {taskinstance.py:1400} INFO - Marking task as SUCCESS. dag_id=first_dag, task_id=write_diff_task, execution_date=20221212T051333, start_date=20221212T051350, end_date=20221212T051351
[2022-12-12 05:13:52,178] {local_task_job.py:156} INFO - Task exited with return code 0
[2022-12-12 05:13:52,450] {local_task_job.py:273} INFO - 1 downstream tasks scheduled from follow-on schedule check
