[2022-12-11 14:32:00,478] {taskinstance.py:1159} INFO - Dependencies all met for <TaskInstance: first_dag.hello_task scheduled__2022-12-11T14:31:00+00:00 [queued]>
[2022-12-11 14:32:00,492] {taskinstance.py:1159} INFO - Dependencies all met for <TaskInstance: first_dag.hello_task scheduled__2022-12-11T14:31:00+00:00 [queued]>
[2022-12-11 14:32:00,493] {taskinstance.py:1356} INFO - 
--------------------------------------------------------------------------------
[2022-12-11 14:32:00,494] {taskinstance.py:1357} INFO - Starting attempt 1 of 1
[2022-12-11 14:32:00,495] {taskinstance.py:1358} INFO - 
--------------------------------------------------------------------------------
[2022-12-11 14:32:00,515] {taskinstance.py:1377} INFO - Executing <Task(BashOperator): hello_task> on 2022-12-11 14:31:00+00:00
[2022-12-11 14:32:00,520] {standard_task_runner.py:52} INFO - Started process 829 to run task
[2022-12-11 14:32:00,528] {standard_task_runner.py:79} INFO - Running: ['***', 'tasks', 'run', 'first_dag', 'hello_task', 'scheduled__2022-12-11T14:31:00+00:00', '--job-id', '478', '--raw', '--subdir', 'DAGS_FOLDER/first-dag.py', '--cfg-path', '/tmp/tmp4ide33ih', '--error-file', '/tmp/tmp34r8mmb2']
[2022-12-11 14:32:00,530] {standard_task_runner.py:80} INFO - Job 478: Subtask hello_task
[2022-12-11 14:32:00,615] {task_command.py:369} INFO - Running <TaskInstance: first_dag.hello_task scheduled__2022-12-11T14:31:00+00:00 [running]> on host 7e39590a7807
[2022-12-11 14:32:00,735] {taskinstance.py:1571} INFO - Exporting the following env vars:
AIRFLOW_CTX_DAG_OWNER=***
AIRFLOW_CTX_DAG_ID=first_dag
AIRFLOW_CTX_TASK_ID=hello_task
AIRFLOW_CTX_EXECUTION_DATE=2022-12-11T14:31:00+00:00
AIRFLOW_CTX_TRY_NUMBER=1
AIRFLOW_CTX_DAG_RUN_ID=scheduled__2022-12-11T14:31:00+00:00
[2022-12-11 14:32:00,740] {subprocess.py:62} INFO - Tmp dir root location: 
 /tmp
[2022-12-11 14:32:00,742] {subprocess.py:74} INFO - Running command: ['bash', '-c', 'echo hello']
[2022-12-11 14:32:00,753] {subprocess.py:85} INFO - Output:
[2022-12-11 14:32:00,756] {subprocess.py:92} INFO - hello
[2022-12-11 14:32:00,757] {subprocess.py:96} INFO - Command exited with return code 0
[2022-12-11 14:32:00,826] {taskinstance.py:1400} INFO - Marking task as SUCCESS. dag_id=first_dag, task_id=hello_task, execution_date=20221211T143100, start_date=20221211T143200, end_date=20221211T143200
[2022-12-11 14:32:00,863] {local_task_job.py:156} INFO - Task exited with return code 0
[2022-12-11 14:32:00,939] {local_task_job.py:273} INFO - 1 downstream tasks scheduled from follow-on schedule check
[2022-12-11 14:32:47,441] {taskinstance.py:1159} INFO - Dependencies all met for <TaskInstance: first_dag.hello_task scheduled__2022-12-11T14:31:00+00:00 [queued]>
[2022-12-11 14:32:47,463] {taskinstance.py:1159} INFO - Dependencies all met for <TaskInstance: first_dag.hello_task scheduled__2022-12-11T14:31:00+00:00 [queued]>
[2022-12-11 14:32:47,464] {taskinstance.py:1356} INFO - 
--------------------------------------------------------------------------------
[2022-12-11 14:32:47,466] {taskinstance.py:1357} INFO - Starting attempt 1 of 1
[2022-12-11 14:32:47,468] {taskinstance.py:1358} INFO - 
--------------------------------------------------------------------------------
[2022-12-11 14:32:47,494] {taskinstance.py:1377} INFO - Executing <Task(BashOperator): hello_task> on 2022-12-11 14:31:00+00:00
[2022-12-11 14:32:47,504] {standard_task_runner.py:52} INFO - Started process 863 to run task
[2022-12-11 14:32:47,515] {standard_task_runner.py:79} INFO - Running: ['***', 'tasks', 'run', 'first_dag', 'hello_task', 'scheduled__2022-12-11T14:31:00+00:00', '--job-id', '487', '--raw', '--subdir', 'DAGS_FOLDER/first-dag.py', '--cfg-path', '/tmp/tmpmyn27zl3', '--error-file', '/tmp/tmpq3fbadx1']
[2022-12-11 14:32:47,517] {standard_task_runner.py:80} INFO - Job 487: Subtask hello_task
[2022-12-11 14:32:47,615] {task_command.py:369} INFO - Running <TaskInstance: first_dag.hello_task scheduled__2022-12-11T14:31:00+00:00 [running]> on host 7e39590a7807
[2022-12-11 14:32:47,735] {taskinstance.py:1571} INFO - Exporting the following env vars:
AIRFLOW_CTX_DAG_OWNER=***
AIRFLOW_CTX_DAG_ID=first_dag
AIRFLOW_CTX_TASK_ID=hello_task
AIRFLOW_CTX_EXECUTION_DATE=2022-12-11T14:31:00+00:00
AIRFLOW_CTX_TRY_NUMBER=1
AIRFLOW_CTX_DAG_RUN_ID=scheduled__2022-12-11T14:31:00+00:00
[2022-12-11 14:32:47,739] {subprocess.py:62} INFO - Tmp dir root location: 
 /tmp
[2022-12-11 14:32:47,742] {subprocess.py:74} INFO - Running command: ['bash', '-c', 'echo hello']
[2022-12-11 14:32:47,768] {subprocess.py:85} INFO - Output:
[2022-12-11 14:32:47,774] {subprocess.py:92} INFO - hello
[2022-12-11 14:32:47,776] {subprocess.py:96} INFO - Command exited with return code 0
[2022-12-11 14:32:47,850] {taskinstance.py:1400} INFO - Marking task as SUCCESS. dag_id=first_dag, task_id=hello_task, execution_date=20221211T143100, start_date=20221211T143247, end_date=20221211T143247
[2022-12-11 14:32:47,891] {local_task_job.py:156} INFO - Task exited with return code 0
[2022-12-11 14:32:47,970] {local_task_job.py:273} INFO - 1 downstream tasks scheduled from follow-on schedule check
