[2022-12-04 19:33:52,000] {taskinstance.py:1159} INFO - Dependencies all met for <TaskInstance: first_dag.sum_column_task manual__2022-12-04T19:33:47.586266+00:00 [queued]>
[2022-12-04 19:33:52,015] {taskinstance.py:1159} INFO - Dependencies all met for <TaskInstance: first_dag.sum_column_task manual__2022-12-04T19:33:47.586266+00:00 [queued]>
[2022-12-04 19:33:52,016] {taskinstance.py:1356} INFO - 
--------------------------------------------------------------------------------
[2022-12-04 19:33:52,017] {taskinstance.py:1357} INFO - Starting attempt 1 of 1
[2022-12-04 19:33:52,018] {taskinstance.py:1358} INFO - 
--------------------------------------------------------------------------------
[2022-12-04 19:33:52,036] {taskinstance.py:1377} INFO - Executing <Task(PythonOperator): sum_column_task> on 2022-12-04 19:33:47.586266+00:00
[2022-12-04 19:33:52,042] {standard_task_runner.py:52} INFO - Started process 504 to run task
[2022-12-04 19:33:52,047] {standard_task_runner.py:79} INFO - Running: ['***', 'tasks', 'run', 'first_dag', 'sum_column_task', 'manual__2022-12-04T19:33:47.586266+00:00', '--job-id', '271', '--raw', '--subdir', 'DAGS_FOLDER/first-dag.py', '--cfg-path', '/tmp/tmpnlpf0e5o', '--error-file', '/tmp/tmplshdx559']
[2022-12-04 19:33:52,049] {standard_task_runner.py:80} INFO - Job 271: Subtask sum_column_task
[2022-12-04 19:33:52,129] {task_command.py:369} INFO - Running <TaskInstance: first_dag.sum_column_task manual__2022-12-04T19:33:47.586266+00:00 [running]> on host 4393b4454aa8
[2022-12-04 19:33:52,237] {taskinstance.py:1571} INFO - Exporting the following env vars:
AIRFLOW_CTX_DAG_OWNER=***
AIRFLOW_CTX_DAG_ID=first_dag
AIRFLOW_CTX_TASK_ID=sum_column_task
AIRFLOW_CTX_EXECUTION_DATE=2022-12-04T19:33:47.586266+00:00
AIRFLOW_CTX_TRY_NUMBER=1
AIRFLOW_CTX_DAG_RUN_ID=manual__2022-12-04T19:33:47.586266+00:00
[2022-12-04 19:33:52,259] {python.py:173} INFO - Done. Returned value was: -655
[2022-12-04 19:33:52,301] {taskinstance.py:1400} INFO - Marking task as SUCCESS. dag_id=first_dag, task_id=sum_column_task, execution_date=20221204T193347, start_date=20221204T193352, end_date=20221204T193352
[2022-12-04 19:33:52,345] {local_task_job.py:156} INFO - Task exited with return code 0
[2022-12-04 19:33:52,396] {local_task_job.py:273} INFO - 1 downstream tasks scheduled from follow-on schedule check
