[2022-12-04 16:40:43,547] {taskinstance.py:1159} INFO - Dependencies all met for <TaskInstance: first_dag.hello_task scheduled__2021-01-01T01:10:00+00:00 [queued]>
[2022-12-04 16:40:43,634] {taskinstance.py:1159} INFO - Dependencies all met for <TaskInstance: first_dag.hello_task scheduled__2021-01-01T01:10:00+00:00 [queued]>
[2022-12-04 16:40:43,636] {taskinstance.py:1356} INFO - 
--------------------------------------------------------------------------------
[2022-12-04 16:40:43,637] {taskinstance.py:1357} INFO - Starting attempt 1 of 1
[2022-12-04 16:40:43,639] {taskinstance.py:1358} INFO - 
--------------------------------------------------------------------------------
[2022-12-04 16:40:43,782] {taskinstance.py:1377} INFO - Executing <Task(BashOperator): hello_task> on 2021-01-01 01:10:00+00:00
[2022-12-04 16:40:43,813] {standard_task_runner.py:52} INFO - Started process 635 to run task
[2022-12-04 16:40:43,875] {standard_task_runner.py:79} INFO - Running: ['***', 'tasks', 'run', 'first_dag', 'hello_task', 'scheduled__2021-01-01T01:10:00+00:00', '--job-id', '57', '--raw', '--subdir', 'DAGS_FOLDER/first-dag.py', '--cfg-path', '/tmp/tmp3xaijl6q', '--error-file', '/tmp/tmp6d6i50j0']
[2022-12-04 16:40:43,880] {standard_task_runner.py:80} INFO - Job 57: Subtask hello_task
[2022-12-04 16:40:44,195] {task_command.py:369} INFO - Running <TaskInstance: first_dag.hello_task scheduled__2021-01-01T01:10:00+00:00 [running]> on host fb90b48d1471
[2022-12-04 16:40:45,373] {taskinstance.py:1571} INFO - Exporting the following env vars:
AIRFLOW_CTX_DAG_OWNER=***
AIRFLOW_CTX_DAG_ID=first_dag
AIRFLOW_CTX_TASK_ID=hello_task
AIRFLOW_CTX_EXECUTION_DATE=2021-01-01T01:10:00+00:00
AIRFLOW_CTX_TRY_NUMBER=1
AIRFLOW_CTX_DAG_RUN_ID=scheduled__2021-01-01T01:10:00+00:00
[2022-12-04 16:40:45,381] {subprocess.py:62} INFO - Tmp dir root location: 
 /tmp
[2022-12-04 16:40:45,385] {subprocess.py:74} INFO - Running command: ['bash', '-c', 'echo hello']
[2022-12-04 16:40:45,432] {subprocess.py:85} INFO - Output:
[2022-12-04 16:40:45,521] {subprocess.py:92} INFO - hello
[2022-12-04 16:40:45,532] {subprocess.py:96} INFO - Command exited with return code 0
[2022-12-04 16:40:45,971] {taskinstance.py:1400} INFO - Marking task as SUCCESS. dag_id=first_dag, task_id=hello_task, execution_date=20210101T011000, start_date=20221204T164043, end_date=20221204T164045
[2022-12-04 16:40:46,436] {local_task_job.py:156} INFO - Task exited with return code 0
[2022-12-04 16:40:46,726] {local_task_job.py:273} INFO - 0 downstream tasks scheduled from follow-on schedule check
