[2022-12-11 15:13:06,972] {taskinstance.py:1159} INFO - Dependencies all met for <TaskInstance: first_dag.sum_column_task manual__2022-12-11T15:13:02.661027+00:00 [queued]>
[2022-12-11 15:13:06,991] {taskinstance.py:1159} INFO - Dependencies all met for <TaskInstance: first_dag.sum_column_task manual__2022-12-11T15:13:02.661027+00:00 [queued]>
[2022-12-11 15:13:06,992] {taskinstance.py:1356} INFO - 
--------------------------------------------------------------------------------
[2022-12-11 15:13:06,993] {taskinstance.py:1357} INFO - Starting attempt 1 of 1
[2022-12-11 15:13:06,995] {taskinstance.py:1358} INFO - 
--------------------------------------------------------------------------------
[2022-12-11 15:13:07,015] {taskinstance.py:1377} INFO - Executing <Task(PythonOperator): sum_column_task> on 2022-12-11 15:13:02.661027+00:00
[2022-12-11 15:13:07,024] {standard_task_runner.py:52} INFO - Started process 2167 to run task
[2022-12-11 15:13:07,028] {standard_task_runner.py:79} INFO - Running: ['***', 'tasks', 'run', 'first_dag', 'sum_column_task', 'manual__2022-12-11T15:13:02.661027+00:00', '--job-id', '790', '--raw', '--subdir', 'DAGS_FOLDER/first-dag.py', '--cfg-path', '/tmp/tmpk7k2jbqa', '--error-file', '/tmp/tmp3xf5u7jo']
[2022-12-11 15:13:07,030] {standard_task_runner.py:80} INFO - Job 790: Subtask sum_column_task
[2022-12-11 15:13:07,108] {task_command.py:369} INFO - Running <TaskInstance: first_dag.sum_column_task manual__2022-12-11T15:13:02.661027+00:00 [running]> on host 7e39590a7807
[2022-12-11 15:13:07,215] {taskinstance.py:1571} INFO - Exporting the following env vars:
AIRFLOW_CTX_DAG_OWNER=***
AIRFLOW_CTX_DAG_ID=first_dag
AIRFLOW_CTX_TASK_ID=sum_column_task
AIRFLOW_CTX_EXECUTION_DATE=2022-12-11T15:13:02.661027+00:00
AIRFLOW_CTX_TRY_NUMBER=1
AIRFLOW_CTX_DAG_RUN_ID=manual__2022-12-11T15:13:02.661027+00:00
[2022-12-11 15:13:07,234] {logging_mixin.py:115} INFO - Different sum column is 4
[2022-12-11 15:13:07,235] {python.py:173} INFO - Done. Returned value was: 4
[2022-12-11 15:13:07,273] {taskinstance.py:1400} INFO - Marking task as SUCCESS. dag_id=first_dag, task_id=sum_column_task, execution_date=20221211T151302, start_date=20221211T151306, end_date=20221211T151307
[2022-12-11 15:13:07,334] {local_task_job.py:156} INFO - Task exited with return code 0
[2022-12-11 15:13:07,397] {local_task_job.py:273} INFO - 1 downstream tasks scheduled from follow-on schedule check
