[2022-12-11 19:12:02,883] {taskinstance.py:1159} INFO - Dependencies all met for <TaskInstance: first_dag.world manual__2022-12-11T19:11:55.541817+00:00 [queued]>
[2022-12-11 19:12:02,906] {taskinstance.py:1159} INFO - Dependencies all met for <TaskInstance: first_dag.world manual__2022-12-11T19:11:55.541817+00:00 [queued]>
[2022-12-11 19:12:02,908] {taskinstance.py:1356} INFO - 
--------------------------------------------------------------------------------
[2022-12-11 19:12:02,909] {taskinstance.py:1357} INFO - Starting attempt 1 of 1
[2022-12-11 19:12:02,909] {taskinstance.py:1358} INFO - 
--------------------------------------------------------------------------------
[2022-12-11 19:12:02,933] {taskinstance.py:1377} INFO - Executing <Task(PythonOperator): world> on 2022-12-11 19:11:55.541817+00:00
[2022-12-11 19:12:02,939] {standard_task_runner.py:52} INFO - Started process 4699 to run task
[2022-12-11 19:12:02,947] {standard_task_runner.py:79} INFO - Running: ['***', 'tasks', 'run', 'first_dag', 'world', 'manual__2022-12-11T19:11:55.541817+00:00', '--job-id', '1239', '--raw', '--subdir', 'DAGS_FOLDER/first-dag.py', '--cfg-path', '/tmp/tmpp7_l3qop', '--error-file', '/tmp/tmpa2rgaj_6']
[2022-12-11 19:12:02,949] {standard_task_runner.py:80} INFO - Job 1239: Subtask world
[2022-12-11 19:12:03,049] {task_command.py:369} INFO - Running <TaskInstance: first_dag.world manual__2022-12-11T19:11:55.541817+00:00 [running]> on host 7e39590a7807
[2022-12-11 19:12:03,185] {taskinstance.py:1571} INFO - Exporting the following env vars:
AIRFLOW_CTX_DAG_OWNER=***
AIRFLOW_CTX_DAG_ID=first_dag
AIRFLOW_CTX_TASK_ID=world
AIRFLOW_CTX_EXECUTION_DATE=2022-12-11T19:11:55.541817+00:00
AIRFLOW_CTX_TRY_NUMBER=1
AIRFLOW_CTX_DAG_RUN_ID=manual__2022-12-11T19:11:55.541817+00:00
[2022-12-11 19:12:03,192] {logging_mixin.py:115} INFO - Airflow
[2022-12-11 19:12:03,193] {python.py:173} INFO - Done. Returned value was: None
[2022-12-11 19:12:03,224] {taskinstance.py:1400} INFO - Marking task as SUCCESS. dag_id=first_dag, task_id=world, execution_date=20221211T191155, start_date=20221211T191202, end_date=20221211T191203
[2022-12-11 19:12:03,280] {local_task_job.py:156} INFO - Task exited with return code 0
[2022-12-11 19:12:03,380] {local_task_job.py:273} INFO - 1 downstream tasks scheduled from follow-on schedule check
