[2022-12-04 19:14:03,075] {taskinstance.py:1159} INFO - Dependencies all met for <TaskInstance: first_dag.hello_task manual__2022-12-04T19:14:00.177104+00:00 [queued]>
[2022-12-04 19:14:03,104] {taskinstance.py:1159} INFO - Dependencies all met for <TaskInstance: first_dag.hello_task manual__2022-12-04T19:14:00.177104+00:00 [queued]>
[2022-12-04 19:14:03,112] {taskinstance.py:1356} INFO - 
--------------------------------------------------------------------------------
[2022-12-04 19:14:03,114] {taskinstance.py:1357} INFO - Starting attempt 1 of 1
[2022-12-04 19:14:03,115] {taskinstance.py:1358} INFO - 
--------------------------------------------------------------------------------
[2022-12-04 19:14:03,163] {taskinstance.py:1377} INFO - Executing <Task(BashOperator): hello_task> on 2022-12-04 19:14:00.177104+00:00
[2022-12-04 19:14:03,171] {standard_task_runner.py:52} INFO - Started process 189 to run task
[2022-12-04 19:14:03,201] {standard_task_runner.py:79} INFO - Running: ['***', 'tasks', 'run', 'first_dag', 'hello_task', 'manual__2022-12-04T19:14:00.177104+00:00', '--job-id', '233', '--raw', '--subdir', 'DAGS_FOLDER/first-dag.py', '--cfg-path', '/tmp/tmplrpn0ypm', '--error-file', '/tmp/tmpe4vv_ky3']
[2022-12-04 19:14:03,216] {standard_task_runner.py:80} INFO - Job 233: Subtask hello_task
[2022-12-04 19:14:03,632] {task_command.py:369} INFO - Running <TaskInstance: first_dag.hello_task manual__2022-12-04T19:14:00.177104+00:00 [running]> on host 4393b4454aa8
[2022-12-04 19:14:04,006] {taskinstance.py:1571} INFO - Exporting the following env vars:
AIRFLOW_CTX_DAG_OWNER=***
AIRFLOW_CTX_DAG_ID=first_dag
AIRFLOW_CTX_TASK_ID=hello_task
AIRFLOW_CTX_EXECUTION_DATE=2022-12-04T19:14:00.177104+00:00
AIRFLOW_CTX_TRY_NUMBER=1
AIRFLOW_CTX_DAG_RUN_ID=manual__2022-12-04T19:14:00.177104+00:00
[2022-12-04 19:14:04,010] {subprocess.py:62} INFO - Tmp dir root location: 
 /tmp
[2022-12-04 19:14:04,016] {subprocess.py:74} INFO - Running command: ['bash', '-c', 'echo hello']
[2022-12-04 19:14:04,080] {subprocess.py:85} INFO - Output:
[2022-12-04 19:14:04,119] {subprocess.py:92} INFO - hello
[2022-12-04 19:14:04,128] {subprocess.py:96} INFO - Command exited with return code 0
[2022-12-04 19:14:04,216] {taskinstance.py:1400} INFO - Marking task as SUCCESS. dag_id=first_dag, task_id=hello_task, execution_date=20221204T191400, start_date=20221204T191403, end_date=20221204T191404
[2022-12-04 19:14:04,267] {local_task_job.py:156} INFO - Task exited with return code 0
[2022-12-04 19:14:04,332] {local_task_job.py:273} INFO - 1 downstream tasks scheduled from follow-on schedule check
