[2022-12-11 20:00:16,855] {taskinstance.py:1159} INFO - Dependencies all met for <TaskInstance: first_dag.write_diff_task manual__2022-12-11T20:00:02.854018+00:00 [queued]>
[2022-12-11 20:00:16,870] {taskinstance.py:1159} INFO - Dependencies all met for <TaskInstance: first_dag.write_diff_task manual__2022-12-11T20:00:02.854018+00:00 [queued]>
[2022-12-11 20:00:16,872] {taskinstance.py:1356} INFO - 
--------------------------------------------------------------------------------
[2022-12-11 20:00:16,873] {taskinstance.py:1357} INFO - Starting attempt 1 of 1
[2022-12-11 20:00:16,874] {taskinstance.py:1358} INFO - 
--------------------------------------------------------------------------------
[2022-12-11 20:00:16,897] {taskinstance.py:1377} INFO - Executing <Task(PythonOperator): write_diff_task> on 2022-12-11 20:00:02.854018+00:00
[2022-12-11 20:00:16,903] {standard_task_runner.py:52} INFO - Started process 5414 to run task
[2022-12-11 20:00:16,912] {standard_task_runner.py:79} INFO - Running: ['***', 'tasks', 'run', 'first_dag', 'write_diff_task', 'manual__2022-12-11T20:00:02.854018+00:00', '--job-id', '1324', '--raw', '--subdir', 'DAGS_FOLDER/first-dag.py', '--cfg-path', '/tmp/tmpuw1j5b5q', '--error-file', '/tmp/tmpjp1ah9ml']
[2022-12-11 20:00:16,914] {standard_task_runner.py:80} INFO - Job 1324: Subtask write_diff_task
[2022-12-11 20:00:17,097] {task_command.py:369} INFO - Running <TaskInstance: first_dag.write_diff_task manual__2022-12-11T20:00:02.854018+00:00 [running]> on host 7e39590a7807
[2022-12-11 20:00:17,306] {taskinstance.py:1571} INFO - Exporting the following env vars:
AIRFLOW_CTX_DAG_OWNER=***
AIRFLOW_CTX_DAG_ID=first_dag
AIRFLOW_CTX_TASK_ID=write_diff_task
AIRFLOW_CTX_EXECUTION_DATE=2022-12-11T20:00:02.854018+00:00
AIRFLOW_CTX_TRY_NUMBER=1
AIRFLOW_CTX_DAG_RUN_ID=manual__2022-12-11T20:00:02.854018+00:00
[2022-12-11 20:00:17,494] {python.py:173} INFO - Done. Returned value was: None
[2022-12-11 20:00:17,769] {taskinstance.py:1400} INFO - Marking task as SUCCESS. dag_id=first_dag, task_id=write_diff_task, execution_date=20221211T200002, start_date=20221211T200016, end_date=20221211T200017
[2022-12-11 20:00:17,957] {local_task_job.py:156} INFO - Task exited with return code 0
[2022-12-11 20:00:18,103] {local_task_job.py:273} INFO - 1 downstream tasks scheduled from follow-on schedule check
