[2022-12-12 05:28:48,815] {taskinstance.py:1159} INFO - Dependencies all met for <TaskInstance: first_dag.write_diff_task manual__2022-12-12T05:27:45.873390+00:00 [queued]>
[2022-12-12 05:28:48,912] {taskinstance.py:1159} INFO - Dependencies all met for <TaskInstance: first_dag.write_diff_task manual__2022-12-12T05:27:45.873390+00:00 [queued]>
[2022-12-12 05:28:48,913] {taskinstance.py:1356} INFO - 
--------------------------------------------------------------------------------
[2022-12-12 05:28:48,914] {taskinstance.py:1357} INFO - Starting attempt 1 of 1
[2022-12-12 05:28:48,915] {taskinstance.py:1358} INFO - 
--------------------------------------------------------------------------------
[2022-12-12 05:28:49,001] {taskinstance.py:1377} INFO - Executing <Task(PythonOperator): write_diff_task> on 2022-12-12 05:27:45.873390+00:00
[2022-12-12 05:28:49,017] {standard_task_runner.py:52} INFO - Started process 7930 to run task
[2022-12-12 05:28:49,050] {standard_task_runner.py:79} INFO - Running: ['***', 'tasks', 'run', 'first_dag', 'write_diff_task', 'manual__2022-12-12T05:27:45.873390+00:00', '--job-id', '1704', '--raw', '--subdir', 'DAGS_FOLDER/first-dag.py', '--cfg-path', '/tmp/tmp5mu2x3cn', '--error-file', '/tmp/tmpoprm4g39']
[2022-12-12 05:28:49,056] {standard_task_runner.py:80} INFO - Job 1704: Subtask write_diff_task
[2022-12-12 05:28:50,057] {task_command.py:369} INFO - Running <TaskInstance: first_dag.write_diff_task manual__2022-12-12T05:27:45.873390+00:00 [running]> on host 7e39590a7807
[2022-12-12 05:28:50,989] {taskinstance.py:1571} INFO - Exporting the following env vars:
AIRFLOW_CTX_DAG_OWNER=***
AIRFLOW_CTX_DAG_ID=first_dag
AIRFLOW_CTX_TASK_ID=write_diff_task
AIRFLOW_CTX_EXECUTION_DATE=2022-12-12T05:27:45.873390+00:00
AIRFLOW_CTX_TRY_NUMBER=1
AIRFLOW_CTX_DAG_RUN_ID=manual__2022-12-12T05:27:45.873390+00:00
[2022-12-12 05:28:51,547] {python.py:173} INFO - Done. Returned value was: None
[2022-12-12 05:28:51,830] {taskinstance.py:1400} INFO - Marking task as SUCCESS. dag_id=first_dag, task_id=write_diff_task, execution_date=20221212T052745, start_date=20221212T052848, end_date=20221212T052851
[2022-12-12 05:28:52,026] {local_task_job.py:156} INFO - Task exited with return code 0
[2022-12-12 05:28:52,277] {local_task_job.py:273} INFO - 1 downstream tasks scheduled from follow-on schedule check
