[2022-12-11 20:19:55,463] {taskinstance.py:1159} INFO - Dependencies all met for <TaskInstance: first_dag.sum_column_task manual__2022-12-11T20:19:07.408949+00:00 [queued]>
[2022-12-11 20:19:55,518] {taskinstance.py:1159} INFO - Dependencies all met for <TaskInstance: first_dag.sum_column_task manual__2022-12-11T20:19:07.408949+00:00 [queued]>
[2022-12-11 20:19:55,519] {taskinstance.py:1356} INFO - 
--------------------------------------------------------------------------------
[2022-12-11 20:19:55,521] {taskinstance.py:1357} INFO - Starting attempt 1 of 1
[2022-12-11 20:19:55,522] {taskinstance.py:1358} INFO - 
--------------------------------------------------------------------------------
[2022-12-11 20:19:55,572] {taskinstance.py:1377} INFO - Executing <Task(PythonOperator): sum_column_task> on 2022-12-11 20:19:07.408949+00:00
[2022-12-11 20:19:55,588] {standard_task_runner.py:52} INFO - Started process 5718 to run task
[2022-12-11 20:19:55,604] {standard_task_runner.py:79} INFO - Running: ['***', 'tasks', 'run', 'first_dag', 'sum_column_task', 'manual__2022-12-11T20:19:07.408949+00:00', '--job-id', '1362', '--raw', '--subdir', 'DAGS_FOLDER/first-dag.py', '--cfg-path', '/tmp/tmp18gxczvw', '--error-file', '/tmp/tmp9nh8c9ia']
[2022-12-11 20:19:55,609] {standard_task_runner.py:80} INFO - Job 1362: Subtask sum_column_task
[2022-12-11 20:19:55,769] {task_command.py:369} INFO - Running <TaskInstance: first_dag.sum_column_task manual__2022-12-11T20:19:07.408949+00:00 [running]> on host 7e39590a7807
[2022-12-11 20:19:56,064] {taskinstance.py:1571} INFO - Exporting the following env vars:
AIRFLOW_CTX_DAG_OWNER=***
AIRFLOW_CTX_DAG_ID=first_dag
AIRFLOW_CTX_TASK_ID=sum_column_task
AIRFLOW_CTX_EXECUTION_DATE=2022-12-11T20:19:07.408949+00:00
AIRFLOW_CTX_TRY_NUMBER=1
AIRFLOW_CTX_DAG_RUN_ID=manual__2022-12-11T20:19:07.408949+00:00
[2022-12-11 20:19:56,107] {logging_mixin.py:115} INFO - Different sum column is -12
[2022-12-11 20:19:56,109] {python.py:173} INFO - Done. Returned value was: -12
[2022-12-11 20:19:56,180] {taskinstance.py:1400} INFO - Marking task as SUCCESS. dag_id=first_dag, task_id=sum_column_task, execution_date=20221211T201907, start_date=20221211T201955, end_date=20221211T201956
[2022-12-11 20:19:56,232] {local_task_job.py:156} INFO - Task exited with return code 0
[2022-12-11 20:19:56,407] {local_task_job.py:273} INFO - 1 downstream tasks scheduled from follow-on schedule check
