[2022-12-11 20:38:36,926] {taskinstance.py:1159} INFO - Dependencies all met for <TaskInstance: first_dag.world manual__2022-12-11T20:38:00.101696+00:00 [queued]>
[2022-12-11 20:38:36,985] {taskinstance.py:1159} INFO - Dependencies all met for <TaskInstance: first_dag.world manual__2022-12-11T20:38:00.101696+00:00 [queued]>
[2022-12-11 20:38:36,987] {taskinstance.py:1356} INFO - 
--------------------------------------------------------------------------------
[2022-12-11 20:38:36,988] {taskinstance.py:1357} INFO - Starting attempt 1 of 1
[2022-12-11 20:38:36,992] {taskinstance.py:1358} INFO - 
--------------------------------------------------------------------------------
[2022-12-11 20:38:37,079] {taskinstance.py:1377} INFO - Executing <Task(PythonOperator): world> on 2022-12-11 20:38:00.101696+00:00
[2022-12-11 20:38:37,098] {standard_task_runner.py:52} INFO - Started process 6186 to run task
[2022-12-11 20:38:37,147] {standard_task_runner.py:79} INFO - Running: ['***', 'tasks', 'run', 'first_dag', 'world', 'manual__2022-12-11T20:38:00.101696+00:00', '--job-id', '1489', '--raw', '--subdir', 'DAGS_FOLDER/first-dag.py', '--cfg-path', '/tmp/tmpcl9i60kd', '--error-file', '/tmp/tmpb2jlkdeq']
[2022-12-11 20:38:37,163] {standard_task_runner.py:80} INFO - Job 1489: Subtask world
[2022-12-11 20:38:37,594] {task_command.py:369} INFO - Running <TaskInstance: first_dag.world manual__2022-12-11T20:38:00.101696+00:00 [running]> on host 7e39590a7807
[2022-12-11 20:38:38,317] {taskinstance.py:1571} INFO - Exporting the following env vars:
AIRFLOW_CTX_DAG_OWNER=***
AIRFLOW_CTX_DAG_ID=first_dag
AIRFLOW_CTX_TASK_ID=world
AIRFLOW_CTX_EXECUTION_DATE=2022-12-11T20:38:00.101696+00:00
AIRFLOW_CTX_TRY_NUMBER=1
AIRFLOW_CTX_DAG_RUN_ID=manual__2022-12-11T20:38:00.101696+00:00
[2022-12-11 20:38:38,331] {logging_mixin.py:115} INFO - Airflow
[2022-12-11 20:38:38,335] {python.py:173} INFO - Done. Returned value was: None
[2022-12-11 20:38:38,434] {taskinstance.py:1400} INFO - Marking task as SUCCESS. dag_id=first_dag, task_id=world, execution_date=20221211T203800, start_date=20221211T203836, end_date=20221211T203838
[2022-12-11 20:38:38,860] {local_task_job.py:156} INFO - Task exited with return code 0
[2022-12-11 20:38:39,413] {local_task_job.py:273} INFO - 1 downstream tasks scheduled from follow-on schedule check
