[2022-12-11 20:29:08,589] {taskinstance.py:1159} INFO - Dependencies all met for <TaskInstance: first_dag.hello_task manual__2022-12-11T20:29:06.364170+00:00 [queued]>
[2022-12-11 20:29:08,642] {taskinstance.py:1159} INFO - Dependencies all met for <TaskInstance: first_dag.hello_task manual__2022-12-11T20:29:06.364170+00:00 [queued]>
[2022-12-11 20:29:08,644] {taskinstance.py:1356} INFO - 
--------------------------------------------------------------------------------
[2022-12-11 20:29:08,646] {taskinstance.py:1357} INFO - Starting attempt 1 of 1
[2022-12-11 20:29:08,648] {taskinstance.py:1358} INFO - 
--------------------------------------------------------------------------------
[2022-12-11 20:29:08,731] {taskinstance.py:1377} INFO - Executing <Task(BashOperator): hello_task> on 2022-12-11 20:29:06.364170+00:00
[2022-12-11 20:29:08,774] {standard_task_runner.py:52} INFO - Started process 5973 to run task
[2022-12-11 20:29:08,852] {standard_task_runner.py:79} INFO - Running: ['***', 'tasks', 'run', 'first_dag', 'hello_task', 'manual__2022-12-11T20:29:06.364170+00:00', '--job-id', '1434', '--raw', '--subdir', 'DAGS_FOLDER/first-dag.py', '--cfg-path', '/tmp/tmpyky0uc2q', '--error-file', '/tmp/tmphwi7y5z4']
[2022-12-11 20:29:08,909] {standard_task_runner.py:80} INFO - Job 1434: Subtask hello_task
[2022-12-11 20:29:11,300] {task_command.py:369} INFO - Running <TaskInstance: first_dag.hello_task manual__2022-12-11T20:29:06.364170+00:00 [running]> on host 7e39590a7807
[2022-12-11 20:29:12,179] {taskinstance.py:1571} INFO - Exporting the following env vars:
AIRFLOW_CTX_DAG_OWNER=***
AIRFLOW_CTX_DAG_ID=first_dag
AIRFLOW_CTX_TASK_ID=hello_task
AIRFLOW_CTX_EXECUTION_DATE=2022-12-11T20:29:06.364170+00:00
AIRFLOW_CTX_TRY_NUMBER=1
AIRFLOW_CTX_DAG_RUN_ID=manual__2022-12-11T20:29:06.364170+00:00
[2022-12-11 20:29:12,193] {subprocess.py:62} INFO - Tmp dir root location: 
 /tmp
[2022-12-11 20:29:12,207] {subprocess.py:74} INFO - Running command: ['bash', '-c', 'echo hello']
[2022-12-11 20:29:12,309] {subprocess.py:85} INFO - Output:
[2022-12-11 20:29:12,379] {subprocess.py:92} INFO - hello
[2022-12-11 20:29:12,388] {subprocess.py:96} INFO - Command exited with return code 0
[2022-12-11 20:29:12,582] {taskinstance.py:1400} INFO - Marking task as SUCCESS. dag_id=first_dag, task_id=hello_task, execution_date=20221211T202906, start_date=20221211T202908, end_date=20221211T202912
[2022-12-11 20:29:12,722] {local_task_job.py:156} INFO - Task exited with return code 0
[2022-12-11 20:29:13,076] {local_task_job.py:273} INFO - 0 downstream tasks scheduled from follow-on schedule check
