[2022-12-04 15:57:23,814] {taskinstance.py:1159} INFO - Dependencies all met for <TaskInstance: first_dag.hel1o scheduled__2022-01-09T00:00:00+00:00 [queued]>
[2022-12-04 15:57:23,835] {taskinstance.py:1159} INFO - Dependencies all met for <TaskInstance: first_dag.hel1o scheduled__2022-01-09T00:00:00+00:00 [queued]>
[2022-12-04 15:57:23,837] {taskinstance.py:1356} INFO - 
--------------------------------------------------------------------------------
[2022-12-04 15:57:23,838] {taskinstance.py:1357} INFO - Starting attempt 1 of 1
[2022-12-04 15:57:23,840] {taskinstance.py:1358} INFO - 
--------------------------------------------------------------------------------
[2022-12-04 15:57:23,867] {taskinstance.py:1377} INFO - Executing <Task(BashOperator): hel1o> on 2022-01-09 00:00:00+00:00
[2022-12-04 15:57:23,881] {standard_task_runner.py:52} INFO - Started process 282 to run task
[2022-12-04 15:57:23,888] {standard_task_runner.py:79} INFO - Running: ['***', 'tasks', 'run', 'first_dag', 'hel1o', 'scheduled__2022-01-09T00:00:00+00:00', '--job-id', '12', '--raw', '--subdir', 'DAGS_FOLDER/first-dag.py', '--cfg-path', '/tmp/tmpmez1rnhi', '--error-file', '/tmp/tmpgieetlky']
[2022-12-04 15:57:23,895] {standard_task_runner.py:80} INFO - Job 12: Subtask hel1o
[2022-12-04 15:57:24,022] {task_command.py:369} INFO - Running <TaskInstance: first_dag.hel1o scheduled__2022-01-09T00:00:00+00:00 [running]> on host fb90b48d1471
[2022-12-04 15:57:24,127] {taskinstance.py:1571} INFO - Exporting the following env vars:
AIRFLOW_CTX_DAG_OWNER=***
AIRFLOW_CTX_DAG_ID=first_dag
AIRFLOW_CTX_TASK_ID=hel1o
AIRFLOW_CTX_EXECUTION_DATE=2022-01-09T00:00:00+00:00
AIRFLOW_CTX_TRY_NUMBER=1
AIRFLOW_CTX_DAG_RUN_ID=scheduled__2022-01-09T00:00:00+00:00
[2022-12-04 15:57:24,130] {subprocess.py:62} INFO - Tmp dir root location: 
 /tmp
[2022-12-04 15:57:24,132] {subprocess.py:74} INFO - Running command: ['bash', '-c', 'echohe11o']
[2022-12-04 15:57:24,141] {subprocess.py:85} INFO - Output:
[2022-12-04 15:57:24,144] {subprocess.py:92} INFO - bash: line 1: echohe11o: command not found
[2022-12-04 15:57:24,145] {subprocess.py:96} INFO - Command exited with return code 127
[2022-12-04 15:57:24,168] {taskinstance.py:1889} ERROR - Task failed with exception
Traceback (most recent call last):
  File "/home/airflow/.local/lib/python3.7/site-packages/airflow/operators/bash.py", line 195, in execute
    f'Bash command failed. The command returned a non-zero exit code {result.exit_code}.'
airflow.exceptions.AirflowException: Bash command failed. The command returned a non-zero exit code 127.
[2022-12-04 15:57:24,174] {taskinstance.py:1400} INFO - Marking task as FAILED. dag_id=first_dag, task_id=hel1o, execution_date=20220109T000000, start_date=20221204T155723, end_date=20221204T155724
[2022-12-04 15:57:24,190] {standard_task_runner.py:97} ERROR - Failed to execute job 12 for task hel1o (Bash command failed. The command returned a non-zero exit code 127.; 282)
[2022-12-04 15:57:24,237] {local_task_job.py:156} INFO - Task exited with return code 1
[2022-12-04 15:57:24,296] {local_task_job.py:273} INFO - 0 downstream tasks scheduled from follow-on schedule check
