[2022-12-11 18:16:41,645] {taskinstance.py:1159} INFO - Dependencies all met for <TaskInstance: first_dag.generate_two_int_task manual__2022-12-11T18:16:30.357931+00:00 [queued]>
[2022-12-11 18:16:41,667] {taskinstance.py:1159} INFO - Dependencies all met for <TaskInstance: first_dag.generate_two_int_task manual__2022-12-11T18:16:30.357931+00:00 [queued]>
[2022-12-11 18:16:41,669] {taskinstance.py:1356} INFO - 
--------------------------------------------------------------------------------
[2022-12-11 18:16:41,670] {taskinstance.py:1357} INFO - Starting attempt 1 of 1
[2022-12-11 18:16:41,671] {taskinstance.py:1358} INFO - 
--------------------------------------------------------------------------------
[2022-12-11 18:16:41,698] {taskinstance.py:1377} INFO - Executing <Task(PythonOperator): generate_two_int_task> on 2022-12-11 18:16:30.357931+00:00
[2022-12-11 18:16:41,709] {standard_task_runner.py:52} INFO - Started process 4241 to run task
[2022-12-11 18:16:41,715] {standard_task_runner.py:79} INFO - Running: ['***', 'tasks', 'run', 'first_dag', 'generate_two_int_task', 'manual__2022-12-11T18:16:30.357931+00:00', '--job-id', '1162', '--raw', '--subdir', 'DAGS_FOLDER/first-dag.py', '--cfg-path', '/tmp/tmp082qh8vm', '--error-file', '/tmp/tmpnzvjzcsz']
[2022-12-11 18:16:41,718] {standard_task_runner.py:80} INFO - Job 1162: Subtask generate_two_int_task
[2022-12-11 18:16:41,971] {task_command.py:369} INFO - Running <TaskInstance: first_dag.generate_two_int_task manual__2022-12-11T18:16:30.357931+00:00 [running]> on host 7e39590a7807
[2022-12-11 18:16:42,361] {taskinstance.py:1571} INFO - Exporting the following env vars:
AIRFLOW_CTX_DAG_OWNER=***
AIRFLOW_CTX_DAG_ID=first_dag
AIRFLOW_CTX_TASK_ID=generate_two_int_task
AIRFLOW_CTX_EXECUTION_DATE=2022-12-11T18:16:30.357931+00:00
AIRFLOW_CTX_TRY_NUMBER=1
AIRFLOW_CTX_DAG_RUN_ID=manual__2022-12-11T18:16:30.357931+00:00
[2022-12-11 18:16:42,456] {python.py:173} INFO - Done. Returned value was: None
[2022-12-11 18:16:42,540] {taskinstance.py:1400} INFO - Marking task as SUCCESS. dag_id=first_dag, task_id=generate_two_int_task, execution_date=20221211T181630, start_date=20221211T181641, end_date=20221211T181642
[2022-12-11 18:16:42,598] {local_task_job.py:156} INFO - Task exited with return code 0
[2022-12-11 18:16:42,677] {local_task_job.py:273} INFO - 1 downstream tasks scheduled from follow-on schedule check
