[2022-12-11 19:44:38,282] {taskinstance.py:1159} INFO - Dependencies all met for <TaskInstance: first_dag.world manual__2022-12-11T19:44:29.307471+00:00 [queued]>
[2022-12-11 19:44:38,340] {taskinstance.py:1159} INFO - Dependencies all met for <TaskInstance: first_dag.world manual__2022-12-11T19:44:29.307471+00:00 [queued]>
[2022-12-11 19:44:38,342] {taskinstance.py:1356} INFO - 
--------------------------------------------------------------------------------
[2022-12-11 19:44:38,344] {taskinstance.py:1357} INFO - Starting attempt 1 of 1
[2022-12-11 19:44:38,345] {taskinstance.py:1358} INFO - 
--------------------------------------------------------------------------------
[2022-12-11 19:44:38,410] {taskinstance.py:1377} INFO - Executing <Task(PythonOperator): world> on 2022-12-11 19:44:29.307471+00:00
[2022-12-11 19:44:38,424] {standard_task_runner.py:52} INFO - Started process 5126 to run task
[2022-12-11 19:44:38,479] {standard_task_runner.py:79} INFO - Running: ['***', 'tasks', 'run', 'first_dag', 'world', 'manual__2022-12-11T19:44:29.307471+00:00', '--job-id', '1276', '--raw', '--subdir', 'DAGS_FOLDER/first-dag.py', '--cfg-path', '/tmp/tmppcc46m0m', '--error-file', '/tmp/tmpabp391le']
[2022-12-11 19:44:38,501] {standard_task_runner.py:80} INFO - Job 1276: Subtask world
[2022-12-11 19:44:38,795] {task_command.py:369} INFO - Running <TaskInstance: first_dag.world manual__2022-12-11T19:44:29.307471+00:00 [running]> on host 7e39590a7807
[2022-12-11 19:44:39,176] {taskinstance.py:1571} INFO - Exporting the following env vars:
AIRFLOW_CTX_DAG_OWNER=***
AIRFLOW_CTX_DAG_ID=first_dag
AIRFLOW_CTX_TASK_ID=world
AIRFLOW_CTX_EXECUTION_DATE=2022-12-11T19:44:29.307471+00:00
AIRFLOW_CTX_TRY_NUMBER=1
AIRFLOW_CTX_DAG_RUN_ID=manual__2022-12-11T19:44:29.307471+00:00
[2022-12-11 19:44:39,178] {logging_mixin.py:115} INFO - Airflow
[2022-12-11 19:44:39,179] {python.py:173} INFO - Done. Returned value was: None
[2022-12-11 19:44:39,255] {taskinstance.py:1400} INFO - Marking task as SUCCESS. dag_id=first_dag, task_id=world, execution_date=20221211T194429, start_date=20221211T194438, end_date=20221211T194439
[2022-12-11 19:44:39,363] {local_task_job.py:156} INFO - Task exited with return code 0
[2022-12-11 19:44:39,521] {local_task_job.py:273} INFO - 1 downstream tasks scheduled from follow-on schedule check
