[2022-12-11 14:42:04,798] {taskinstance.py:1159} INFO - Dependencies all met for <TaskInstance: first_dag.sum_column_task scheduled__2022-12-11T14:41:00+00:00 [queued]>
[2022-12-11 14:42:04,816] {taskinstance.py:1159} INFO - Dependencies all met for <TaskInstance: first_dag.sum_column_task scheduled__2022-12-11T14:41:00+00:00 [queued]>
[2022-12-11 14:42:04,818] {taskinstance.py:1356} INFO - 
--------------------------------------------------------------------------------
[2022-12-11 14:42:04,820] {taskinstance.py:1357} INFO - Starting attempt 1 of 1
[2022-12-11 14:42:04,821] {taskinstance.py:1358} INFO - 
--------------------------------------------------------------------------------
[2022-12-11 14:42:04,851] {taskinstance.py:1377} INFO - Executing <Task(PythonOperator): sum_column_task> on 2022-12-11 14:41:00+00:00
[2022-12-11 14:42:04,861] {standard_task_runner.py:52} INFO - Started process 1243 to run task
[2022-12-11 14:42:04,867] {standard_task_runner.py:79} INFO - Running: ['***', 'tasks', 'run', 'first_dag', 'sum_column_task', 'scheduled__2022-12-11T14:41:00+00:00', '--job-id', '585', '--raw', '--subdir', 'DAGS_FOLDER/first-dag.py', '--cfg-path', '/tmp/tmp1d3u28mp', '--error-file', '/tmp/tmpyz0p_hyk']
[2022-12-11 14:42:04,869] {standard_task_runner.py:80} INFO - Job 585: Subtask sum_column_task
[2022-12-11 14:42:05,005] {task_command.py:369} INFO - Running <TaskInstance: first_dag.sum_column_task scheduled__2022-12-11T14:41:00+00:00 [running]> on host 7e39590a7807
[2022-12-11 14:42:05,126] {taskinstance.py:1571} INFO - Exporting the following env vars:
AIRFLOW_CTX_DAG_OWNER=***
AIRFLOW_CTX_DAG_ID=first_dag
AIRFLOW_CTX_TASK_ID=sum_column_task
AIRFLOW_CTX_EXECUTION_DATE=2022-12-11T14:41:00+00:00
AIRFLOW_CTX_TRY_NUMBER=1
AIRFLOW_CTX_DAG_RUN_ID=scheduled__2022-12-11T14:41:00+00:00
[2022-12-11 14:42:05,147] {python.py:173} INFO - Done. Returned value was: 394468
[2022-12-11 14:42:05,190] {taskinstance.py:1400} INFO - Marking task as SUCCESS. dag_id=first_dag, task_id=sum_column_task, execution_date=20221211T144100, start_date=20221211T144204, end_date=20221211T144205
[2022-12-11 14:42:05,252] {local_task_job.py:156} INFO - Task exited with return code 0
[2022-12-11 14:42:05,308] {local_task_job.py:273} INFO - 1 downstream tasks scheduled from follow-on schedule check
