[2022-12-11 15:05:01,214] {taskinstance.py:1159} INFO - Dependencies all met for <TaskInstance: first_dag.hello_task scheduled__2022-12-11T15:04:00+00:00 [queued]>
[2022-12-11 15:05:01,232] {taskinstance.py:1159} INFO - Dependencies all met for <TaskInstance: first_dag.hello_task scheduled__2022-12-11T15:04:00+00:00 [queued]>
[2022-12-11 15:05:01,233] {taskinstance.py:1356} INFO - 
--------------------------------------------------------------------------------
[2022-12-11 15:05:01,235] {taskinstance.py:1357} INFO - Starting attempt 1 of 1
[2022-12-11 15:05:01,236] {taskinstance.py:1358} INFO - 
--------------------------------------------------------------------------------
[2022-12-11 15:05:01,256] {taskinstance.py:1377} INFO - Executing <Task(BashOperator): hello_task> on 2022-12-11 15:04:00+00:00
[2022-12-11 15:05:01,266] {standard_task_runner.py:52} INFO - Started process 1806 to run task
[2022-12-11 15:05:01,270] {standard_task_runner.py:79} INFO - Running: ['***', 'tasks', 'run', 'first_dag', 'hello_task', 'scheduled__2022-12-11T15:04:00+00:00', '--job-id', '692', '--raw', '--subdir', 'DAGS_FOLDER/first-dag.py', '--cfg-path', '/tmp/tmpp_4g66lt', '--error-file', '/tmp/tmpe32a6jig']
[2022-12-11 15:05:01,273] {standard_task_runner.py:80} INFO - Job 692: Subtask hello_task
[2022-12-11 15:05:01,370] {task_command.py:369} INFO - Running <TaskInstance: first_dag.hello_task scheduled__2022-12-11T15:04:00+00:00 [running]> on host 7e39590a7807
[2022-12-11 15:05:01,471] {taskinstance.py:1571} INFO - Exporting the following env vars:
AIRFLOW_CTX_DAG_OWNER=***
AIRFLOW_CTX_DAG_ID=first_dag
AIRFLOW_CTX_TASK_ID=hello_task
AIRFLOW_CTX_EXECUTION_DATE=2022-12-11T15:04:00+00:00
AIRFLOW_CTX_TRY_NUMBER=1
AIRFLOW_CTX_DAG_RUN_ID=scheduled__2022-12-11T15:04:00+00:00
[2022-12-11 15:05:01,475] {subprocess.py:62} INFO - Tmp dir root location: 
 /tmp
[2022-12-11 15:05:01,477] {subprocess.py:74} INFO - Running command: ['bash', '-c', 'echo hello']
[2022-12-11 15:05:01,492] {subprocess.py:85} INFO - Output:
[2022-12-11 15:05:01,496] {subprocess.py:92} INFO - hello
[2022-12-11 15:05:01,497] {subprocess.py:96} INFO - Command exited with return code 0
[2022-12-11 15:05:01,540] {taskinstance.py:1400} INFO - Marking task as SUCCESS. dag_id=first_dag, task_id=hello_task, execution_date=20221211T150400, start_date=20221211T150501, end_date=20221211T150501
[2022-12-11 15:05:01,572] {local_task_job.py:156} INFO - Task exited with return code 0
[2022-12-11 15:05:01,639] {local_task_job.py:273} INFO - 1 downstream tasks scheduled from follow-on schedule check
