[2022-12-04 16:42:01,919] {taskinstance.py:1159} INFO - Dependencies all met for <TaskInstance: first_dag.world scheduled__2022-01-25T00:00:00+00:00 [queued]>
[2022-12-04 16:42:13,375] {taskinstance.py:1159} INFO - Dependencies all met for <TaskInstance: first_dag.world scheduled__2022-01-25T00:00:00+00:00 [queued]>
[2022-12-04 16:42:13,425] {taskinstance.py:1356} INFO - 
--------------------------------------------------------------------------------
[2022-12-04 16:42:13,432] {taskinstance.py:1357} INFO - Starting attempt 1 of 1
[2022-12-04 16:42:13,445] {taskinstance.py:1358} INFO - 
--------------------------------------------------------------------------------
[2022-12-04 16:42:14,150] {taskinstance.py:1377} INFO - Executing <Task(PythonOperator): world> on 2022-01-25 00:00:00+00:00
[2022-12-04 16:42:14,308] {standard_task_runner.py:52} INFO - Started process 909 to run task
[2022-12-04 16:42:14,448] {standard_task_runner.py:79} INFO - Running: ['***', 'tasks', 'run', 'first_dag', 'world', 'scheduled__2022-01-25T00:00:00+00:00', '--job-id', '159', '--raw', '--subdir', 'DAGS_FOLDER/first-dag.py', '--cfg-path', '/tmp/tmpu8lie6r1', '--error-file', '/tmp/tmp0y1ru6__']
[2022-12-04 16:42:14,489] {standard_task_runner.py:80} INFO - Job 159: Subtask world
[2022-12-04 16:42:15,244] {task_command.py:369} INFO - Running <TaskInstance: first_dag.world scheduled__2022-01-25T00:00:00+00:00 [running]> on host fb90b48d1471
[2022-12-04 16:42:16,554] {taskinstance.py:1571} INFO - Exporting the following env vars:
AIRFLOW_CTX_DAG_OWNER=***
AIRFLOW_CTX_DAG_ID=first_dag
AIRFLOW_CTX_TASK_ID=world
AIRFLOW_CTX_EXECUTION_DATE=2022-01-25T00:00:00+00:00
AIRFLOW_CTX_TRY_NUMBER=1
AIRFLOW_CTX_DAG_RUN_ID=scheduled__2022-01-25T00:00:00+00:00
[2022-12-04 16:42:16,556] {logging_mixin.py:115} INFO - Airflow
[2022-12-04 16:42:16,557] {python.py:173} INFO - Done. Returned value was: None
[2022-12-04 16:42:17,118] {taskinstance.py:1400} INFO - Marking task as SUCCESS. dag_id=first_dag, task_id=world, execution_date=20220125T000000, start_date=20221204T164201, end_date=20221204T164217
[2022-12-04 16:42:17,439] {local_task_job.py:156} INFO - Task exited with return code 0
[2022-12-04 16:42:17,817] {local_task_job.py:273} INFO - 0 downstream tasks scheduled from follow-on schedule check
