[2022-12-11 14:41:00,942] {taskinstance.py:1159} INFO - Dependencies all met for <TaskInstance: first_dag.hello_task scheduled__2022-12-11T14:40:00+00:00 [queued]>
[2022-12-11 14:41:00,966] {taskinstance.py:1159} INFO - Dependencies all met for <TaskInstance: first_dag.hello_task scheduled__2022-12-11T14:40:00+00:00 [queued]>
[2022-12-11 14:41:00,967] {taskinstance.py:1356} INFO - 
--------------------------------------------------------------------------------
[2022-12-11 14:41:00,967] {taskinstance.py:1357} INFO - Starting attempt 1 of 1
[2022-12-11 14:41:00,968] {taskinstance.py:1358} INFO - 
--------------------------------------------------------------------------------
[2022-12-11 14:41:00,995] {taskinstance.py:1377} INFO - Executing <Task(BashOperator): hello_task> on 2022-12-11 14:40:00+00:00
[2022-12-11 14:41:01,002] {standard_task_runner.py:52} INFO - Started process 1215 to run task
[2022-12-11 14:41:01,010] {standard_task_runner.py:79} INFO - Running: ['***', 'tasks', 'run', 'first_dag', 'hello_task', 'scheduled__2022-12-11T14:40:00+00:00', '--job-id', '577', '--raw', '--subdir', 'DAGS_FOLDER/first-dag.py', '--cfg-path', '/tmp/tmpv5lqvw66', '--error-file', '/tmp/tmpz_j7_1hj']
[2022-12-11 14:41:01,013] {standard_task_runner.py:80} INFO - Job 577: Subtask hello_task
[2022-12-11 14:41:01,117] {task_command.py:369} INFO - Running <TaskInstance: first_dag.hello_task scheduled__2022-12-11T14:40:00+00:00 [running]> on host 7e39590a7807
[2022-12-11 14:41:01,227] {taskinstance.py:1571} INFO - Exporting the following env vars:
AIRFLOW_CTX_DAG_OWNER=***
AIRFLOW_CTX_DAG_ID=first_dag
AIRFLOW_CTX_TASK_ID=hello_task
AIRFLOW_CTX_EXECUTION_DATE=2022-12-11T14:40:00+00:00
AIRFLOW_CTX_TRY_NUMBER=1
AIRFLOW_CTX_DAG_RUN_ID=scheduled__2022-12-11T14:40:00+00:00
[2022-12-11 14:41:01,230] {subprocess.py:62} INFO - Tmp dir root location: 
 /tmp
[2022-12-11 14:41:01,234] {subprocess.py:74} INFO - Running command: ['bash', '-c', 'echo hello']
[2022-12-11 14:41:01,248] {subprocess.py:85} INFO - Output:
[2022-12-11 14:41:01,253] {subprocess.py:92} INFO - hello
[2022-12-11 14:41:01,254] {subprocess.py:96} INFO - Command exited with return code 0
[2022-12-11 14:41:01,295] {taskinstance.py:1400} INFO - Marking task as SUCCESS. dag_id=first_dag, task_id=hello_task, execution_date=20221211T144000, start_date=20221211T144100, end_date=20221211T144101
[2022-12-11 14:41:01,384] {local_task_job.py:156} INFO - Task exited with return code 0
[2022-12-11 14:41:01,585] {local_task_job.py:273} INFO - 1 downstream tasks scheduled from follow-on schedule check
[2022-12-11 14:50:00,437] {taskinstance.py:1159} INFO - Dependencies all met for <TaskInstance: first_dag.hello_task scheduled__2022-12-11T14:40:00+00:00 [queued]>
[2022-12-11 14:50:00,456] {taskinstance.py:1159} INFO - Dependencies all met for <TaskInstance: first_dag.hello_task scheduled__2022-12-11T14:40:00+00:00 [queued]>
[2022-12-11 14:50:00,457] {taskinstance.py:1356} INFO - 
--------------------------------------------------------------------------------
[2022-12-11 14:50:00,459] {taskinstance.py:1357} INFO - Starting attempt 1 of 1
[2022-12-11 14:50:00,460] {taskinstance.py:1358} INFO - 
--------------------------------------------------------------------------------
[2022-12-11 14:50:00,490] {taskinstance.py:1377} INFO - Executing <Task(BashOperator): hello_task> on 2022-12-11 14:40:00+00:00
[2022-12-11 14:50:00,498] {standard_task_runner.py:52} INFO - Started process 1473 to run task
[2022-12-11 14:50:00,503] {standard_task_runner.py:79} INFO - Running: ['***', 'tasks', 'run', 'first_dag', 'hello_task', 'scheduled__2022-12-11T14:40:00+00:00', '--job-id', '632', '--raw', '--subdir', 'DAGS_FOLDER/first-dag.py', '--cfg-path', '/tmp/tmpa72823nv', '--error-file', '/tmp/tmpjimal0os']
[2022-12-11 14:50:00,506] {standard_task_runner.py:80} INFO - Job 632: Subtask hello_task
[2022-12-11 14:50:00,619] {task_command.py:369} INFO - Running <TaskInstance: first_dag.hello_task scheduled__2022-12-11T14:40:00+00:00 [running]> on host 7e39590a7807
[2022-12-11 14:50:00,751] {taskinstance.py:1571} INFO - Exporting the following env vars:
AIRFLOW_CTX_DAG_OWNER=***
AIRFLOW_CTX_DAG_ID=first_dag
AIRFLOW_CTX_TASK_ID=hello_task
AIRFLOW_CTX_EXECUTION_DATE=2022-12-11T14:40:00+00:00
AIRFLOW_CTX_TRY_NUMBER=1
AIRFLOW_CTX_DAG_RUN_ID=scheduled__2022-12-11T14:40:00+00:00
[2022-12-11 14:50:00,754] {subprocess.py:62} INFO - Tmp dir root location: 
 /tmp
[2022-12-11 14:50:00,756] {subprocess.py:74} INFO - Running command: ['bash', '-c', 'echo hello']
[2022-12-11 14:50:00,771] {subprocess.py:85} INFO - Output:
[2022-12-11 14:50:00,773] {subprocess.py:92} INFO - hello
[2022-12-11 14:50:00,775] {subprocess.py:96} INFO - Command exited with return code 0
[2022-12-11 14:50:00,818] {taskinstance.py:1400} INFO - Marking task as SUCCESS. dag_id=first_dag, task_id=hello_task, execution_date=20221211T144000, start_date=20221211T145000, end_date=20221211T145000
[2022-12-11 14:50:00,845] {local_task_job.py:156} INFO - Task exited with return code 0
[2022-12-11 14:50:00,907] {local_task_job.py:273} INFO - 1 downstream tasks scheduled from follow-on schedule check
