[2022-12-11 20:29:02,839] {taskinstance.py:1159} INFO - Dependencies all met for <TaskInstance: first_dag.hello_task manual__2022-12-11T20:29:01.307424+00:00 [queued]>
[2022-12-11 20:29:02,860] {taskinstance.py:1159} INFO - Dependencies all met for <TaskInstance: first_dag.hello_task manual__2022-12-11T20:29:01.307424+00:00 [queued]>
[2022-12-11 20:29:02,861] {taskinstance.py:1356} INFO - 
--------------------------------------------------------------------------------
[2022-12-11 20:29:02,862] {taskinstance.py:1357} INFO - Starting attempt 1 of 1
[2022-12-11 20:29:02,865] {taskinstance.py:1358} INFO - 
--------------------------------------------------------------------------------
[2022-12-11 20:29:02,921] {taskinstance.py:1377} INFO - Executing <Task(BashOperator): hello_task> on 2022-12-11 20:29:01.307424+00:00
[2022-12-11 20:29:02,942] {standard_task_runner.py:52} INFO - Started process 5957 to run task
[2022-12-11 20:29:02,962] {standard_task_runner.py:79} INFO - Running: ['***', 'tasks', 'run', 'first_dag', 'hello_task', 'manual__2022-12-11T20:29:01.307424+00:00', '--job-id', '1426', '--raw', '--subdir', 'DAGS_FOLDER/first-dag.py', '--cfg-path', '/tmp/tmpg3bx9ka4', '--error-file', '/tmp/tmpsauetvad']
[2022-12-11 20:29:02,973] {standard_task_runner.py:80} INFO - Job 1426: Subtask hello_task
[2022-12-11 20:29:03,177] {task_command.py:369} INFO - Running <TaskInstance: first_dag.hello_task manual__2022-12-11T20:29:01.307424+00:00 [running]> on host 7e39590a7807
[2022-12-11 20:29:03,362] {taskinstance.py:1571} INFO - Exporting the following env vars:
AIRFLOW_CTX_DAG_OWNER=***
AIRFLOW_CTX_DAG_ID=first_dag
AIRFLOW_CTX_TASK_ID=hello_task
AIRFLOW_CTX_EXECUTION_DATE=2022-12-11T20:29:01.307424+00:00
AIRFLOW_CTX_TRY_NUMBER=1
AIRFLOW_CTX_DAG_RUN_ID=manual__2022-12-11T20:29:01.307424+00:00
[2022-12-11 20:29:03,366] {subprocess.py:62} INFO - Tmp dir root location: 
 /tmp
[2022-12-11 20:29:03,370] {subprocess.py:74} INFO - Running command: ['bash', '-c', 'echo hello']
[2022-12-11 20:29:03,417] {subprocess.py:85} INFO - Output:
[2022-12-11 20:29:03,499] {subprocess.py:92} INFO - hello
[2022-12-11 20:29:03,507] {subprocess.py:96} INFO - Command exited with return code 0
[2022-12-11 20:29:03,583] {taskinstance.py:1400} INFO - Marking task as SUCCESS. dag_id=first_dag, task_id=hello_task, execution_date=20221211T202901, start_date=20221211T202902, end_date=20221211T202903
[2022-12-11 20:29:03,618] {local_task_job.py:156} INFO - Task exited with return code 0
[2022-12-11 20:29:03,729] {local_task_job.py:273} INFO - 1 downstream tasks scheduled from follow-on schedule check
