[2022-12-11 17:21:42,162] {taskinstance.py:1159} INFO - Dependencies all met for <TaskInstance: first_dag.sum_column_task scheduled__2022-12-11T17:16:00+00:00 [queued]>
[2022-12-11 17:21:42,196] {taskinstance.py:1159} INFO - Dependencies all met for <TaskInstance: first_dag.sum_column_task scheduled__2022-12-11T17:16:00+00:00 [queued]>
[2022-12-11 17:21:42,200] {taskinstance.py:1356} INFO - 
--------------------------------------------------------------------------------
[2022-12-11 17:21:42,200] {taskinstance.py:1357} INFO - Starting attempt 1 of 1
[2022-12-11 17:21:42,201] {taskinstance.py:1358} INFO - 
--------------------------------------------------------------------------------
[2022-12-11 17:21:42,244] {taskinstance.py:1377} INFO - Executing <Task(PythonOperator): sum_column_task> on 2022-12-11 17:16:00+00:00
[2022-12-11 17:21:42,262] {standard_task_runner.py:79} INFO - Running: ['***', 'tasks', 'run', 'first_dag', 'sum_column_task', 'scheduled__2022-12-11T17:16:00+00:00', '--job-id', '1100', '--raw', '--subdir', 'DAGS_FOLDER/first-dag.py', '--cfg-path', '/tmp/tmp74dvyvrl', '--error-file', '/tmp/tmpx2b3elky']
[2022-12-11 17:21:42,255] {standard_task_runner.py:52} INFO - Started process 3815 to run task
[2022-12-11 17:21:42,265] {standard_task_runner.py:80} INFO - Job 1100: Subtask sum_column_task
[2022-12-11 17:21:42,459] {task_command.py:369} INFO - Running <TaskInstance: first_dag.sum_column_task scheduled__2022-12-11T17:16:00+00:00 [running]> on host 7e39590a7807
[2022-12-11 17:21:42,667] {taskinstance.py:1571} INFO - Exporting the following env vars:
AIRFLOW_CTX_DAG_OWNER=***
AIRFLOW_CTX_DAG_ID=first_dag
AIRFLOW_CTX_TASK_ID=sum_column_task
AIRFLOW_CTX_EXECUTION_DATE=2022-12-11T17:16:00+00:00
AIRFLOW_CTX_TRY_NUMBER=1
AIRFLOW_CTX_DAG_RUN_ID=scheduled__2022-12-11T17:16:00+00:00
[2022-12-11 17:21:42,692] {logging_mixin.py:115} INFO - Different sum column is 4
[2022-12-11 17:21:42,697] {python.py:173} INFO - Done. Returned value was: 4
[2022-12-11 17:21:42,765] {taskinstance.py:1400} INFO - Marking task as SUCCESS. dag_id=first_dag, task_id=sum_column_task, execution_date=20221211T171600, start_date=20221211T172142, end_date=20221211T172142
[2022-12-11 17:21:42,793] {local_task_job.py:156} INFO - Task exited with return code 0
[2022-12-11 17:21:42,916] {local_task_job.py:273} INFO - 1 downstream tasks scheduled from follow-on schedule check
