[2022-12-11 20:38:55,079] {taskinstance.py:1159} INFO - Dependencies all met for <TaskInstance: first_dag.write_diff_task manual__2022-12-11T20:38:00.101696+00:00 [queued]>
[2022-12-11 20:38:55,188] {taskinstance.py:1159} INFO - Dependencies all met for <TaskInstance: first_dag.write_diff_task manual__2022-12-11T20:38:00.101696+00:00 [queued]>
[2022-12-11 20:38:55,193] {taskinstance.py:1356} INFO - 
--------------------------------------------------------------------------------
[2022-12-11 20:38:55,198] {taskinstance.py:1357} INFO - Starting attempt 1 of 1
[2022-12-11 20:38:55,201] {taskinstance.py:1358} INFO - 
--------------------------------------------------------------------------------
[2022-12-11 20:38:55,411] {taskinstance.py:1377} INFO - Executing <Task(PythonOperator): write_diff_task> on 2022-12-11 20:38:00.101696+00:00
[2022-12-11 20:38:55,481] {standard_task_runner.py:52} INFO - Started process 6219 to run task
[2022-12-11 20:38:55,539] {standard_task_runner.py:79} INFO - Running: ['***', 'tasks', 'run', 'first_dag', 'write_diff_task', 'manual__2022-12-11T20:38:00.101696+00:00', '--job-id', '1501', '--raw', '--subdir', 'DAGS_FOLDER/first-dag.py', '--cfg-path', '/tmp/tmp902uac8f', '--error-file', '/tmp/tmpjob88kmm']
[2022-12-11 20:38:55,561] {standard_task_runner.py:80} INFO - Job 1501: Subtask write_diff_task
[2022-12-11 20:38:55,874] {task_command.py:369} INFO - Running <TaskInstance: first_dag.write_diff_task manual__2022-12-11T20:38:00.101696+00:00 [running]> on host 7e39590a7807
[2022-12-11 20:38:56,989] {taskinstance.py:1571} INFO - Exporting the following env vars:
AIRFLOW_CTX_DAG_OWNER=***
AIRFLOW_CTX_DAG_ID=first_dag
AIRFLOW_CTX_TASK_ID=write_diff_task
AIRFLOW_CTX_EXECUTION_DATE=2022-12-11T20:38:00.101696+00:00
AIRFLOW_CTX_TRY_NUMBER=1
AIRFLOW_CTX_DAG_RUN_ID=manual__2022-12-11T20:38:00.101696+00:00
[2022-12-11 20:38:57,215] {python.py:173} INFO - Done. Returned value was: None
[2022-12-11 20:38:57,530] {taskinstance.py:1400} INFO - Marking task as SUCCESS. dag_id=first_dag, task_id=write_diff_task, execution_date=20221211T203800, start_date=20221211T203855, end_date=20221211T203857
[2022-12-11 20:38:57,682] {local_task_job.py:156} INFO - Task exited with return code 0
[2022-12-11 20:38:58,030] {local_task_job.py:273} INFO - 1 downstream tasks scheduled from follow-on schedule check
