[2022-12-04 19:36:32,622] {taskinstance.py:1159} INFO - Dependencies all met for <TaskInstance: first_dag.sum_column_task manual__2022-12-04T19:36:27.696045+00:00 [queued]>
[2022-12-04 19:36:32,640] {taskinstance.py:1159} INFO - Dependencies all met for <TaskInstance: first_dag.sum_column_task manual__2022-12-04T19:36:27.696045+00:00 [queued]>
[2022-12-04 19:36:32,641] {taskinstance.py:1356} INFO - 
--------------------------------------------------------------------------------
[2022-12-04 19:36:32,642] {taskinstance.py:1357} INFO - Starting attempt 1 of 1
[2022-12-04 19:36:32,643] {taskinstance.py:1358} INFO - 
--------------------------------------------------------------------------------
[2022-12-04 19:36:32,666] {taskinstance.py:1377} INFO - Executing <Task(PythonOperator): sum_column_task> on 2022-12-04 19:36:27.696045+00:00
[2022-12-04 19:36:32,675] {standard_task_runner.py:52} INFO - Started process 597 to run task
[2022-12-04 19:36:32,679] {standard_task_runner.py:79} INFO - Running: ['***', 'tasks', 'run', 'first_dag', 'sum_column_task', 'manual__2022-12-04T19:36:27.696045+00:00', '--job-id', '295', '--raw', '--subdir', 'DAGS_FOLDER/first-dag.py', '--cfg-path', '/tmp/tmph4oz7mzv', '--error-file', '/tmp/tmpab68qa1c']
[2022-12-04 19:36:32,684] {standard_task_runner.py:80} INFO - Job 295: Subtask sum_column_task
[2022-12-04 19:36:32,764] {task_command.py:369} INFO - Running <TaskInstance: first_dag.sum_column_task manual__2022-12-04T19:36:27.696045+00:00 [running]> on host 4393b4454aa8
[2022-12-04 19:36:32,867] {taskinstance.py:1571} INFO - Exporting the following env vars:
AIRFLOW_CTX_DAG_OWNER=***
AIRFLOW_CTX_DAG_ID=first_dag
AIRFLOW_CTX_TASK_ID=sum_column_task
AIRFLOW_CTX_EXECUTION_DATE=2022-12-04T19:36:27.696045+00:00
AIRFLOW_CTX_TRY_NUMBER=1
AIRFLOW_CTX_DAG_RUN_ID=manual__2022-12-04T19:36:27.696045+00:00
[2022-12-04 19:36:32,886] {python.py:173} INFO - Done. Returned value was: 216316380
[2022-12-04 19:36:32,927] {taskinstance.py:1400} INFO - Marking task as SUCCESS. dag_id=first_dag, task_id=sum_column_task, execution_date=20221204T193627, start_date=20221204T193632, end_date=20221204T193632
[2022-12-04 19:36:32,979] {local_task_job.py:156} INFO - Task exited with return code 0
[2022-12-04 19:36:33,038] {local_task_job.py:273} INFO - 1 downstream tasks scheduled from follow-on schedule check
