[2022-12-11 14:32:30,730] {taskinstance.py:1159} INFO - Dependencies all met for <TaskInstance: first_dag.hello_task manual__2022-12-11T14:32:26.993639+00:00 [queued]>
[2022-12-11 14:32:30,756] {taskinstance.py:1159} INFO - Dependencies all met for <TaskInstance: first_dag.hello_task manual__2022-12-11T14:32:26.993639+00:00 [queued]>
[2022-12-11 14:32:30,758] {taskinstance.py:1356} INFO - 
--------------------------------------------------------------------------------
[2022-12-11 14:32:30,759] {taskinstance.py:1357} INFO - Starting attempt 1 of 1
[2022-12-11 14:32:30,763] {taskinstance.py:1358} INFO - 
--------------------------------------------------------------------------------
[2022-12-11 14:32:30,793] {taskinstance.py:1377} INFO - Executing <Task(BashOperator): hello_task> on 2022-12-11 14:32:26.993639+00:00
[2022-12-11 14:32:30,798] {standard_task_runner.py:52} INFO - Started process 847 to run task
[2022-12-11 14:32:30,814] {standard_task_runner.py:79} INFO - Running: ['***', 'tasks', 'run', 'first_dag', 'hello_task', 'manual__2022-12-11T14:32:26.993639+00:00', '--job-id', '482', '--raw', '--subdir', 'DAGS_FOLDER/first-dag.py', '--cfg-path', '/tmp/tmpm7i8mm6n', '--error-file', '/tmp/tmp_z6z03k7']
[2022-12-11 14:32:30,820] {standard_task_runner.py:80} INFO - Job 482: Subtask hello_task
[2022-12-11 14:32:30,912] {task_command.py:369} INFO - Running <TaskInstance: first_dag.hello_task manual__2022-12-11T14:32:26.993639+00:00 [running]> on host 7e39590a7807
[2022-12-11 14:32:31,132] {taskinstance.py:1571} INFO - Exporting the following env vars:
AIRFLOW_CTX_DAG_OWNER=***
AIRFLOW_CTX_DAG_ID=first_dag
AIRFLOW_CTX_TASK_ID=hello_task
AIRFLOW_CTX_EXECUTION_DATE=2022-12-11T14:32:26.993639+00:00
AIRFLOW_CTX_TRY_NUMBER=1
AIRFLOW_CTX_DAG_RUN_ID=manual__2022-12-11T14:32:26.993639+00:00
[2022-12-11 14:32:31,139] {subprocess.py:62} INFO - Tmp dir root location: 
 /tmp
[2022-12-11 14:32:31,143] {subprocess.py:74} INFO - Running command: ['bash', '-c', 'echo hello']
[2022-12-11 14:32:31,157] {subprocess.py:85} INFO - Output:
[2022-12-11 14:32:31,163] {subprocess.py:92} INFO - hello
[2022-12-11 14:32:31,164] {subprocess.py:96} INFO - Command exited with return code 0
[2022-12-11 14:32:31,242] {taskinstance.py:1400} INFO - Marking task as SUCCESS. dag_id=first_dag, task_id=hello_task, execution_date=20221211T143226, start_date=20221211T143230, end_date=20221211T143231
[2022-12-11 14:32:31,303] {local_task_job.py:156} INFO - Task exited with return code 0
[2022-12-11 14:32:31,372] {local_task_job.py:273} INFO - 1 downstream tasks scheduled from follow-on schedule check
