[2022-12-11 14:05:03,403] {taskinstance.py:1159} INFO - Dependencies all met for <TaskInstance: first_dag.world scheduled__2022-12-11T14:04:00+00:00 [queued]>
[2022-12-11 14:05:03,416] {taskinstance.py:1159} INFO - Dependencies all met for <TaskInstance: first_dag.world scheduled__2022-12-11T14:04:00+00:00 [queued]>
[2022-12-11 14:05:03,417] {taskinstance.py:1356} INFO - 
--------------------------------------------------------------------------------
[2022-12-11 14:05:03,418] {taskinstance.py:1357} INFO - Starting attempt 1 of 1
[2022-12-11 14:05:03,419] {taskinstance.py:1358} INFO - 
--------------------------------------------------------------------------------
[2022-12-11 14:05:03,439] {taskinstance.py:1377} INFO - Executing <Task(PythonOperator): world> on 2022-12-11 14:04:00+00:00
[2022-12-11 14:05:03,445] {standard_task_runner.py:52} INFO - Started process 237 to run task
[2022-12-11 14:05:03,450] {standard_task_runner.py:79} INFO - Running: ['***', 'tasks', 'run', 'first_dag', 'world', 'scheduled__2022-12-11T14:04:00+00:00', '--job-id', '343', '--raw', '--subdir', 'DAGS_FOLDER/first-dag.py', '--cfg-path', '/tmp/tmp13k_8pce', '--error-file', '/tmp/tmpv32rv49m']
[2022-12-11 14:05:03,453] {standard_task_runner.py:80} INFO - Job 343: Subtask world
[2022-12-11 14:05:03,534] {task_command.py:369} INFO - Running <TaskInstance: first_dag.world scheduled__2022-12-11T14:04:00+00:00 [running]> on host 7e39590a7807
[2022-12-11 14:05:03,641] {taskinstance.py:1571} INFO - Exporting the following env vars:
AIRFLOW_CTX_DAG_OWNER=***
AIRFLOW_CTX_DAG_ID=first_dag
AIRFLOW_CTX_TASK_ID=world
AIRFLOW_CTX_EXECUTION_DATE=2022-12-11T14:04:00+00:00
AIRFLOW_CTX_TRY_NUMBER=1
AIRFLOW_CTX_DAG_RUN_ID=scheduled__2022-12-11T14:04:00+00:00
[2022-12-11 14:05:03,644] {logging_mixin.py:115} INFO - Airflow
[2022-12-11 14:05:03,646] {python.py:173} INFO - Done. Returned value was: None
[2022-12-11 14:05:03,675] {taskinstance.py:1400} INFO - Marking task as SUCCESS. dag_id=first_dag, task_id=world, execution_date=20221211T140400, start_date=20221211T140503, end_date=20221211T140503
[2022-12-11 14:05:03,714] {local_task_job.py:156} INFO - Task exited with return code 0
[2022-12-11 14:05:03,771] {local_task_job.py:273} INFO - 1 downstream tasks scheduled from follow-on schedule check
