[2022-12-11 17:51:47,542] {taskinstance.py:1159} INFO - Dependencies all met for <TaskInstance: first_dag.write_diff_task scheduled__2022-12-11T17:46:00+00:00 [queued]>
[2022-12-11 17:51:47,780] {taskinstance.py:1159} INFO - Dependencies all met for <TaskInstance: first_dag.write_diff_task scheduled__2022-12-11T17:46:00+00:00 [queued]>
[2022-12-11 17:51:47,788] {taskinstance.py:1356} INFO - 
--------------------------------------------------------------------------------
[2022-12-11 17:51:47,789] {taskinstance.py:1357} INFO - Starting attempt 1 of 1
[2022-12-11 17:51:47,790] {taskinstance.py:1358} INFO - 
--------------------------------------------------------------------------------
[2022-12-11 17:51:48,020] {taskinstance.py:1377} INFO - Executing <Task(PythonOperator): write_diff_task> on 2022-12-11 17:46:00+00:00
[2022-12-11 17:51:48,038] {standard_task_runner.py:52} INFO - Started process 3959 to run task
[2022-12-11 17:51:48,191] {standard_task_runner.py:79} INFO - Running: ['***', 'tasks', 'run', 'first_dag', 'write_diff_task', 'scheduled__2022-12-11T17:46:00+00:00', '--job-id', '1140', '--raw', '--subdir', 'DAGS_FOLDER/first-dag.py', '--cfg-path', '/tmp/tmp2ahvxyrw', '--error-file', '/tmp/tmp9r52wjdy']
[2022-12-11 17:51:48,266] {standard_task_runner.py:80} INFO - Job 1140: Subtask write_diff_task
[2022-12-11 17:51:49,267] {task_command.py:369} INFO - Running <TaskInstance: first_dag.write_diff_task scheduled__2022-12-11T17:46:00+00:00 [running]> on host 7e39590a7807
[2022-12-11 17:51:49,754] {taskinstance.py:1571} INFO - Exporting the following env vars:
AIRFLOW_CTX_DAG_OWNER=***
AIRFLOW_CTX_DAG_ID=first_dag
AIRFLOW_CTX_TASK_ID=write_diff_task
AIRFLOW_CTX_EXECUTION_DATE=2022-12-11T17:46:00+00:00
AIRFLOW_CTX_TRY_NUMBER=1
AIRFLOW_CTX_DAG_RUN_ID=scheduled__2022-12-11T17:46:00+00:00
[2022-12-11 17:51:49,840] {python.py:173} INFO - Done. Returned value was: None
[2022-12-11 17:51:49,862] {taskinstance.py:1400} INFO - Marking task as SUCCESS. dag_id=first_dag, task_id=write_diff_task, execution_date=20221211T174600, start_date=20221211T175147, end_date=20221211T175149
[2022-12-11 17:51:49,925] {local_task_job.py:156} INFO - Task exited with return code 0
[2022-12-11 17:51:50,002] {local_task_job.py:273} INFO - 1 downstream tasks scheduled from follow-on schedule check
