[2022-12-11 19:59:54,984] {taskinstance.py:1159} INFO - Dependencies all met for <TaskInstance: first_dag.hello_task manual__2022-12-11T19:59:53.805292+00:00 [queued]>
[2022-12-11 19:59:55,012] {taskinstance.py:1159} INFO - Dependencies all met for <TaskInstance: first_dag.hello_task manual__2022-12-11T19:59:53.805292+00:00 [queued]>
[2022-12-11 19:59:55,014] {taskinstance.py:1356} INFO - 
--------------------------------------------------------------------------------
[2022-12-11 19:59:55,015] {taskinstance.py:1357} INFO - Starting attempt 1 of 1
[2022-12-11 19:59:55,017] {taskinstance.py:1358} INFO - 
--------------------------------------------------------------------------------
[2022-12-11 19:59:55,065] {taskinstance.py:1377} INFO - Executing <Task(BashOperator): hello_task> on 2022-12-11 19:59:53.805292+00:00
[2022-12-11 19:59:55,078] {standard_task_runner.py:52} INFO - Started process 5358 to run task
[2022-12-11 19:59:55,088] {standard_task_runner.py:79} INFO - Running: ['***', 'tasks', 'run', 'first_dag', 'hello_task', 'manual__2022-12-11T19:59:53.805292+00:00', '--job-id', '1301', '--raw', '--subdir', 'DAGS_FOLDER/first-dag.py', '--cfg-path', '/tmp/tmpmk09paei', '--error-file', '/tmp/tmpd1hqv0al']
[2022-12-11 19:59:55,090] {standard_task_runner.py:80} INFO - Job 1301: Subtask hello_task
[2022-12-11 19:59:55,262] {task_command.py:369} INFO - Running <TaskInstance: first_dag.hello_task manual__2022-12-11T19:59:53.805292+00:00 [running]> on host 7e39590a7807
[2022-12-11 19:59:55,586] {taskinstance.py:1571} INFO - Exporting the following env vars:
AIRFLOW_CTX_DAG_OWNER=***
AIRFLOW_CTX_DAG_ID=first_dag
AIRFLOW_CTX_TASK_ID=hello_task
AIRFLOW_CTX_EXECUTION_DATE=2022-12-11T19:59:53.805292+00:00
AIRFLOW_CTX_TRY_NUMBER=1
AIRFLOW_CTX_DAG_RUN_ID=manual__2022-12-11T19:59:53.805292+00:00
[2022-12-11 19:59:55,595] {subprocess.py:62} INFO - Tmp dir root location: 
 /tmp
[2022-12-11 19:59:55,598] {subprocess.py:74} INFO - Running command: ['bash', '-c', 'echo hello']
[2022-12-11 19:59:55,617] {subprocess.py:85} INFO - Output:
[2022-12-11 19:59:55,634] {subprocess.py:92} INFO - hello
[2022-12-11 19:59:55,640] {subprocess.py:96} INFO - Command exited with return code 0
[2022-12-11 19:59:55,735] {taskinstance.py:1400} INFO - Marking task as SUCCESS. dag_id=first_dag, task_id=hello_task, execution_date=20221211T195953, start_date=20221211T195954, end_date=20221211T195955
[2022-12-11 19:59:55,809] {local_task_job.py:156} INFO - Task exited with return code 0
[2022-12-11 19:59:55,938] {local_task_job.py:273} INFO - 1 downstream tasks scheduled from follow-on schedule check
