[2022-12-11 20:29:35,067] {taskinstance.py:1159} INFO - Dependencies all met for <TaskInstance: first_dag.write_diff_task manual__2022-12-11T20:29:06.364170+00:00 [queued]>
[2022-12-11 20:29:35,093] {taskinstance.py:1159} INFO - Dependencies all met for <TaskInstance: first_dag.write_diff_task manual__2022-12-11T20:29:06.364170+00:00 [queued]>
[2022-12-11 20:29:35,094] {taskinstance.py:1356} INFO - 
--------------------------------------------------------------------------------
[2022-12-11 20:29:35,095] {taskinstance.py:1357} INFO - Starting attempt 1 of 1
[2022-12-11 20:29:35,102] {taskinstance.py:1358} INFO - 
--------------------------------------------------------------------------------
[2022-12-11 20:29:35,159] {taskinstance.py:1377} INFO - Executing <Task(PythonOperator): write_diff_task> on 2022-12-11 20:29:06.364170+00:00
[2022-12-11 20:29:35,179] {standard_task_runner.py:52} INFO - Started process 6019 to run task
[2022-12-11 20:29:35,208] {standard_task_runner.py:79} INFO - Running: ['***', 'tasks', 'run', 'first_dag', 'write_diff_task', 'manual__2022-12-11T20:29:06.364170+00:00', '--job-id', '1453', '--raw', '--subdir', 'DAGS_FOLDER/first-dag.py', '--cfg-path', '/tmp/tmp9_81uf56', '--error-file', '/tmp/tmpdbkh2eh_']
[2022-12-11 20:29:35,210] {standard_task_runner.py:80} INFO - Job 1453: Subtask write_diff_task
[2022-12-11 20:29:35,417] {task_command.py:369} INFO - Running <TaskInstance: first_dag.write_diff_task manual__2022-12-11T20:29:06.364170+00:00 [running]> on host 7e39590a7807
[2022-12-11 20:29:36,100] {taskinstance.py:1571} INFO - Exporting the following env vars:
AIRFLOW_CTX_DAG_OWNER=***
AIRFLOW_CTX_DAG_ID=first_dag
AIRFLOW_CTX_TASK_ID=write_diff_task
AIRFLOW_CTX_EXECUTION_DATE=2022-12-11T20:29:06.364170+00:00
AIRFLOW_CTX_TRY_NUMBER=1
AIRFLOW_CTX_DAG_RUN_ID=manual__2022-12-11T20:29:06.364170+00:00
[2022-12-11 20:29:36,682] {python.py:173} INFO - Done. Returned value was: None
[2022-12-11 20:29:37,222] {taskinstance.py:1400} INFO - Marking task as SUCCESS. dag_id=first_dag, task_id=write_diff_task, execution_date=20221211T202906, start_date=20221211T202935, end_date=20221211T202937
[2022-12-11 20:29:37,467] {local_task_job.py:156} INFO - Task exited with return code 0
[2022-12-11 20:29:37,807] {local_task_job.py:273} INFO - 0 downstream tasks scheduled from follow-on schedule check
