[2022-12-11 17:21:38,303] {taskinstance.py:1159} INFO - Dependencies all met for <TaskInstance: first_dag.world scheduled__2022-12-11T17:20:00+00:00 [queued]>
[2022-12-11 17:21:38,353] {taskinstance.py:1159} INFO - Dependencies all met for <TaskInstance: first_dag.world scheduled__2022-12-11T17:20:00+00:00 [queued]>
[2022-12-11 17:21:38,355] {taskinstance.py:1356} INFO - 
--------------------------------------------------------------------------------
[2022-12-11 17:21:38,356] {taskinstance.py:1357} INFO - Starting attempt 1 of 1
[2022-12-11 17:21:38,358] {taskinstance.py:1358} INFO - 
--------------------------------------------------------------------------------
[2022-12-11 17:21:38,453] {taskinstance.py:1377} INFO - Executing <Task(PythonOperator): world> on 2022-12-11 17:20:00+00:00
[2022-12-11 17:21:38,474] {standard_task_runner.py:52} INFO - Started process 3807 to run task
[2022-12-11 17:21:38,508] {standard_task_runner.py:79} INFO - Running: ['***', 'tasks', 'run', 'first_dag', 'world', 'scheduled__2022-12-11T17:20:00+00:00', '--job-id', '1096', '--raw', '--subdir', 'DAGS_FOLDER/first-dag.py', '--cfg-path', '/tmp/tmptjofqzq9', '--error-file', '/tmp/tmp4284agsm']
[2022-12-11 17:21:38,518] {standard_task_runner.py:80} INFO - Job 1096: Subtask world
[2022-12-11 17:21:38,728] {task_command.py:369} INFO - Running <TaskInstance: first_dag.world scheduled__2022-12-11T17:20:00+00:00 [running]> on host 7e39590a7807
[2022-12-11 17:21:38,972] {taskinstance.py:1571} INFO - Exporting the following env vars:
AIRFLOW_CTX_DAG_OWNER=***
AIRFLOW_CTX_DAG_ID=first_dag
AIRFLOW_CTX_TASK_ID=world
AIRFLOW_CTX_EXECUTION_DATE=2022-12-11T17:20:00+00:00
AIRFLOW_CTX_TRY_NUMBER=1
AIRFLOW_CTX_DAG_RUN_ID=scheduled__2022-12-11T17:20:00+00:00
[2022-12-11 17:21:38,978] {logging_mixin.py:115} INFO - Airflow
[2022-12-11 17:21:38,979] {python.py:173} INFO - Done. Returned value was: None
[2022-12-11 17:21:39,039] {taskinstance.py:1400} INFO - Marking task as SUCCESS. dag_id=first_dag, task_id=world, execution_date=20221211T172000, start_date=20221211T172138, end_date=20221211T172139
[2022-12-11 17:21:39,135] {local_task_job.py:156} INFO - Task exited with return code 0
[2022-12-11 17:21:39,289] {local_task_job.py:273} INFO - 1 downstream tasks scheduled from follow-on schedule check
