[2022-12-11 15:12:02,158] {taskinstance.py:1159} INFO - Dependencies all met for <TaskInstance: first_dag.world scheduled__2022-12-11T15:11:00+00:00 [queued]>
[2022-12-11 15:12:02,171] {taskinstance.py:1159} INFO - Dependencies all met for <TaskInstance: first_dag.world scheduled__2022-12-11T15:11:00+00:00 [queued]>
[2022-12-11 15:12:02,173] {taskinstance.py:1356} INFO - 
--------------------------------------------------------------------------------
[2022-12-11 15:12:02,174] {taskinstance.py:1357} INFO - Starting attempt 1 of 1
[2022-12-11 15:12:02,175] {taskinstance.py:1358} INFO - 
--------------------------------------------------------------------------------
[2022-12-11 15:12:02,195] {taskinstance.py:1377} INFO - Executing <Task(PythonOperator): world> on 2022-12-11 15:11:00+00:00
[2022-12-11 15:12:02,200] {standard_task_runner.py:52} INFO - Started process 2122 to run task
[2022-12-11 15:12:02,208] {standard_task_runner.py:79} INFO - Running: ['***', 'tasks', 'run', 'first_dag', 'world', 'scheduled__2022-12-11T15:11:00+00:00', '--job-id', '778', '--raw', '--subdir', 'DAGS_FOLDER/first-dag.py', '--cfg-path', '/tmp/tmpmajha5we', '--error-file', '/tmp/tmp7ns1nbaq']
[2022-12-11 15:12:02,210] {standard_task_runner.py:80} INFO - Job 778: Subtask world
[2022-12-11 15:12:02,320] {task_command.py:369} INFO - Running <TaskInstance: first_dag.world scheduled__2022-12-11T15:11:00+00:00 [running]> on host 7e39590a7807
[2022-12-11 15:12:02,466] {taskinstance.py:1571} INFO - Exporting the following env vars:
AIRFLOW_CTX_DAG_OWNER=***
AIRFLOW_CTX_DAG_ID=first_dag
AIRFLOW_CTX_TASK_ID=world
AIRFLOW_CTX_EXECUTION_DATE=2022-12-11T15:11:00+00:00
AIRFLOW_CTX_TRY_NUMBER=1
AIRFLOW_CTX_DAG_RUN_ID=scheduled__2022-12-11T15:11:00+00:00
[2022-12-11 15:12:02,469] {logging_mixin.py:115} INFO - Airflow
[2022-12-11 15:12:02,470] {python.py:173} INFO - Done. Returned value was: None
[2022-12-11 15:12:02,493] {taskinstance.py:1400} INFO - Marking task as SUCCESS. dag_id=first_dag, task_id=world, execution_date=20221211T151100, start_date=20221211T151202, end_date=20221211T151202
[2022-12-11 15:12:02,540] {local_task_job.py:156} INFO - Task exited with return code 0
[2022-12-11 15:12:02,631] {local_task_job.py:273} INFO - 0 downstream tasks scheduled from follow-on schedule check
