[2022-12-11 15:17:44,507] {taskinstance.py:1159} INFO - Dependencies all met for <TaskInstance: first_dag.hello_task manual__2022-12-11T15:17:43.568084+00:00 [queued]>
[2022-12-11 15:17:44,525] {taskinstance.py:1159} INFO - Dependencies all met for <TaskInstance: first_dag.hello_task manual__2022-12-11T15:17:43.568084+00:00 [queued]>
[2022-12-11 15:17:44,526] {taskinstance.py:1356} INFO - 
--------------------------------------------------------------------------------
[2022-12-11 15:17:44,529] {taskinstance.py:1357} INFO - Starting attempt 1 of 1
[2022-12-11 15:17:44,530] {taskinstance.py:1358} INFO - 
--------------------------------------------------------------------------------
[2022-12-11 15:17:44,563] {taskinstance.py:1377} INFO - Executing <Task(BashOperator): hello_task> on 2022-12-11 15:17:43.568084+00:00
[2022-12-11 15:17:44,575] {standard_task_runner.py:52} INFO - Started process 2327 to run task
[2022-12-11 15:17:44,595] {standard_task_runner.py:79} INFO - Running: ['***', 'tasks', 'run', 'first_dag', 'hello_task', 'manual__2022-12-11T15:17:43.568084+00:00', '--job-id', '829', '--raw', '--subdir', 'DAGS_FOLDER/first-dag.py', '--cfg-path', '/tmp/tmpd787v30_', '--error-file', '/tmp/tmp74uwbo08']
[2022-12-11 15:17:44,599] {standard_task_runner.py:80} INFO - Job 829: Subtask hello_task
[2022-12-11 15:17:44,741] {task_command.py:369} INFO - Running <TaskInstance: first_dag.hello_task manual__2022-12-11T15:17:43.568084+00:00 [running]> on host 7e39590a7807
[2022-12-11 15:17:44,947] {taskinstance.py:1571} INFO - Exporting the following env vars:
AIRFLOW_CTX_DAG_OWNER=***
AIRFLOW_CTX_DAG_ID=first_dag
AIRFLOW_CTX_TASK_ID=hello_task
AIRFLOW_CTX_EXECUTION_DATE=2022-12-11T15:17:43.568084+00:00
AIRFLOW_CTX_TRY_NUMBER=1
AIRFLOW_CTX_DAG_RUN_ID=manual__2022-12-11T15:17:43.568084+00:00
[2022-12-11 15:17:44,950] {subprocess.py:62} INFO - Tmp dir root location: 
 /tmp
[2022-12-11 15:17:44,953] {subprocess.py:74} INFO - Running command: ['bash', '-c', 'echo hello']
[2022-12-11 15:17:44,973] {subprocess.py:85} INFO - Output:
[2022-12-11 15:17:44,981] {subprocess.py:92} INFO - hello
[2022-12-11 15:17:44,983] {subprocess.py:96} INFO - Command exited with return code 0
[2022-12-11 15:17:45,039] {taskinstance.py:1400} INFO - Marking task as SUCCESS. dag_id=first_dag, task_id=hello_task, execution_date=20221211T151743, start_date=20221211T151744, end_date=20221211T151745
[2022-12-11 15:17:45,092] {local_task_job.py:156} INFO - Task exited with return code 0
[2022-12-11 15:17:45,155] {local_task_job.py:273} INFO - 1 downstream tasks scheduled from follow-on schedule check
