[2022-12-11 15:17:59,851] {taskinstance.py:1159} INFO - Dependencies all met for <TaskInstance: first_dag.write_diff_task manual__2022-12-11T15:17:43.568084+00:00 [queued]>
[2022-12-11 15:17:59,898] {taskinstance.py:1159} INFO - Dependencies all met for <TaskInstance: first_dag.write_diff_task manual__2022-12-11T15:17:43.568084+00:00 [queued]>
[2022-12-11 15:17:59,898] {taskinstance.py:1356} INFO - 
--------------------------------------------------------------------------------
[2022-12-11 15:17:59,903] {taskinstance.py:1357} INFO - Starting attempt 1 of 1
[2022-12-11 15:17:59,904] {taskinstance.py:1358} INFO - 
--------------------------------------------------------------------------------
[2022-12-11 15:17:59,927] {taskinstance.py:1377} INFO - Executing <Task(PythonOperator): write_diff_task> on 2022-12-11 15:17:43.568084+00:00
[2022-12-11 15:17:59,938] {standard_task_runner.py:52} INFO - Started process 2361 to run task
[2022-12-11 15:17:59,957] {standard_task_runner.py:79} INFO - Running: ['***', 'tasks', 'run', 'first_dag', 'write_diff_task', 'manual__2022-12-11T15:17:43.568084+00:00', '--job-id', '841', '--raw', '--subdir', 'DAGS_FOLDER/first-dag.py', '--cfg-path', '/tmp/tmprvcms4so', '--error-file', '/tmp/tmpj351m9f5']
[2022-12-11 15:17:59,961] {standard_task_runner.py:80} INFO - Job 841: Subtask write_diff_task
[2022-12-11 15:18:00,126] {task_command.py:369} INFO - Running <TaskInstance: first_dag.write_diff_task manual__2022-12-11T15:17:43.568084+00:00 [running]> on host 7e39590a7807
[2022-12-11 15:18:00,387] {taskinstance.py:1571} INFO - Exporting the following env vars:
AIRFLOW_CTX_DAG_OWNER=***
AIRFLOW_CTX_DAG_ID=first_dag
AIRFLOW_CTX_TASK_ID=write_diff_task
AIRFLOW_CTX_EXECUTION_DATE=2022-12-11T15:17:43.568084+00:00
AIRFLOW_CTX_TRY_NUMBER=1
AIRFLOW_CTX_DAG_RUN_ID=manual__2022-12-11T15:17:43.568084+00:00
[2022-12-11 15:18:00,443] {logging_mixin.py:115} INFO - Splitted ['9', '1\n'] 2
[2022-12-11 15:18:00,445] {python.py:173} INFO - Done. Returned value was: None
[2022-12-11 15:18:00,467] {taskinstance.py:1400} INFO - Marking task as SUCCESS. dag_id=first_dag, task_id=write_diff_task, execution_date=20221211T151743, start_date=20221211T151759, end_date=20221211T151800
[2022-12-11 15:18:00,536] {local_task_job.py:156} INFO - Task exited with return code 0
[2022-12-11 15:18:00,641] {local_task_job.py:273} INFO - 0 downstream tasks scheduled from follow-on schedule check
