[2022-12-12 05:27:50,658] {taskinstance.py:1159} INFO - Dependencies all met for <TaskInstance: first_dag.world manual__2022-12-12T05:27:42.228125+00:00 [queued]>
[2022-12-12 05:27:50,708] {taskinstance.py:1159} INFO - Dependencies all met for <TaskInstance: first_dag.world manual__2022-12-12T05:27:42.228125+00:00 [queued]>
[2022-12-12 05:27:50,724] {taskinstance.py:1356} INFO - 
--------------------------------------------------------------------------------
[2022-12-12 05:27:50,727] {taskinstance.py:1357} INFO - Starting attempt 1 of 1
[2022-12-12 05:27:50,729] {taskinstance.py:1358} INFO - 
--------------------------------------------------------------------------------
[2022-12-12 05:27:50,797] {taskinstance.py:1377} INFO - Executing <Task(PythonOperator): world> on 2022-12-12 05:27:42.228125+00:00
[2022-12-12 05:27:50,801] {standard_task_runner.py:52} INFO - Started process 7886 to run task
[2022-12-12 05:27:50,823] {standard_task_runner.py:79} INFO - Running: ['***', 'tasks', 'run', 'first_dag', 'world', 'manual__2022-12-12T05:27:42.228125+00:00', '--job-id', '1683', '--raw', '--subdir', 'DAGS_FOLDER/first-dag.py', '--cfg-path', '/tmp/tmphmrr16yl', '--error-file', '/tmp/tmpofigggr8']
[2022-12-12 05:27:50,828] {standard_task_runner.py:80} INFO - Job 1683: Subtask world
[2022-12-12 05:27:54,583] {task_command.py:369} INFO - Running <TaskInstance: first_dag.world manual__2022-12-12T05:27:42.228125+00:00 [running]> on host 7e39590a7807
[2022-12-12 05:28:13,621] {taskinstance.py:1571} INFO - Exporting the following env vars:
AIRFLOW_CTX_DAG_OWNER=***
AIRFLOW_CTX_DAG_ID=first_dag
AIRFLOW_CTX_TASK_ID=world
AIRFLOW_CTX_EXECUTION_DATE=2022-12-12T05:27:42.228125+00:00
AIRFLOW_CTX_TRY_NUMBER=1
AIRFLOW_CTX_DAG_RUN_ID=manual__2022-12-12T05:27:42.228125+00:00
[2022-12-12 05:28:13,642] {logging_mixin.py:115} INFO - Airflow
[2022-12-12 05:28:13,644] {python.py:173} INFO - Done. Returned value was: None
[2022-12-12 05:28:14,342] {taskinstance.py:1400} INFO - Marking task as SUCCESS. dag_id=first_dag, task_id=world, execution_date=20221212T052742, start_date=20221212T052750, end_date=20221212T052814
[2022-12-12 05:28:14,696] {local_task_job.py:156} INFO - Task exited with return code 0
[2022-12-12 05:28:15,221] {local_task_job.py:273} INFO - 1 downstream tasks scheduled from follow-on schedule check
