[2022-12-11 14:33:49,022] {taskinstance.py:1159} INFO - Dependencies all met for <TaskInstance: first_dag.generate_two_int_task manual__2022-12-11T14:33:46.349207+00:00 [queued]>
[2022-12-11 14:33:49,051] {taskinstance.py:1159} INFO - Dependencies all met for <TaskInstance: first_dag.generate_two_int_task manual__2022-12-11T14:33:46.349207+00:00 [queued]>
[2022-12-11 14:33:49,052] {taskinstance.py:1356} INFO - 
--------------------------------------------------------------------------------
[2022-12-11 14:33:49,053] {taskinstance.py:1357} INFO - Starting attempt 1 of 1
[2022-12-11 14:33:49,054] {taskinstance.py:1358} INFO - 
--------------------------------------------------------------------------------
[2022-12-11 14:33:49,080] {taskinstance.py:1377} INFO - Executing <Task(PythonOperator): generate_two_int_task> on 2022-12-11 14:33:46.349207+00:00
[2022-12-11 14:33:49,085] {standard_task_runner.py:52} INFO - Started process 903 to run task
[2022-12-11 14:33:49,094] {standard_task_runner.py:79} INFO - Running: ['***', 'tasks', 'run', 'first_dag', 'generate_two_int_task', 'manual__2022-12-11T14:33:46.349207+00:00', '--job-id', '500', '--raw', '--subdir', 'DAGS_FOLDER/first-dag.py', '--cfg-path', '/tmp/tmplsguvtgv', '--error-file', '/tmp/tmpgzpt_i0u']
[2022-12-11 14:33:49,097] {standard_task_runner.py:80} INFO - Job 500: Subtask generate_two_int_task
[2022-12-11 14:33:49,183] {task_command.py:369} INFO - Running <TaskInstance: first_dag.generate_two_int_task manual__2022-12-11T14:33:46.349207+00:00 [running]> on host 7e39590a7807
[2022-12-11 14:33:49,279] {taskinstance.py:1571} INFO - Exporting the following env vars:
AIRFLOW_CTX_DAG_OWNER=***
AIRFLOW_CTX_DAG_ID=first_dag
AIRFLOW_CTX_TASK_ID=generate_two_int_task
AIRFLOW_CTX_EXECUTION_DATE=2022-12-11T14:33:46.349207+00:00
AIRFLOW_CTX_TRY_NUMBER=1
AIRFLOW_CTX_DAG_RUN_ID=manual__2022-12-11T14:33:46.349207+00:00
[2022-12-11 14:33:49,300] {python.py:173} INFO - Done. Returned value was: None
[2022-12-11 14:33:49,322] {taskinstance.py:1400} INFO - Marking task as SUCCESS. dag_id=first_dag, task_id=generate_two_int_task, execution_date=20221211T143346, start_date=20221211T143349, end_date=20221211T143349
[2022-12-11 14:33:49,343] {local_task_job.py:156} INFO - Task exited with return code 0
[2022-12-11 14:33:49,398] {local_task_job.py:273} INFO - 1 downstream tasks scheduled from follow-on schedule check
