[2022-12-11 18:02:16,953] {taskinstance.py:1159} INFO - Dependencies all met for <TaskInstance: first_dag.sum_column_task scheduled__2022-12-11T17:59:00+00:00 [queued]>
[2022-12-11 18:02:16,983] {taskinstance.py:1159} INFO - Dependencies all met for <TaskInstance: first_dag.sum_column_task scheduled__2022-12-11T17:59:00+00:00 [queued]>
[2022-12-11 18:02:16,992] {taskinstance.py:1356} INFO - 
--------------------------------------------------------------------------------
[2022-12-11 18:02:16,993] {taskinstance.py:1357} INFO - Starting attempt 1 of 1
[2022-12-11 18:02:16,994] {taskinstance.py:1358} INFO - 
--------------------------------------------------------------------------------
[2022-12-11 18:02:17,034] {taskinstance.py:1377} INFO - Executing <Task(PythonOperator): sum_column_task> on 2022-12-11 17:59:00+00:00
[2022-12-11 18:02:17,040] {standard_task_runner.py:52} INFO - Started process 4055 to run task
[2022-12-11 18:02:17,055] {standard_task_runner.py:79} INFO - Running: ['***', 'tasks', 'run', 'first_dag', 'sum_column_task', 'scheduled__2022-12-11T17:59:00+00:00', '--job-id', '1148', '--raw', '--subdir', 'DAGS_FOLDER/first-dag.py', '--cfg-path', '/tmp/tmpdzst_4_9', '--error-file', '/tmp/tmpie8h52tx']
[2022-12-11 18:02:17,073] {standard_task_runner.py:80} INFO - Job 1148: Subtask sum_column_task
[2022-12-11 18:02:17,246] {task_command.py:369} INFO - Running <TaskInstance: first_dag.sum_column_task scheduled__2022-12-11T17:59:00+00:00 [running]> on host 7e39590a7807
[2022-12-11 18:02:17,484] {taskinstance.py:1571} INFO - Exporting the following env vars:
AIRFLOW_CTX_DAG_OWNER=***
AIRFLOW_CTX_DAG_ID=first_dag
AIRFLOW_CTX_TASK_ID=sum_column_task
AIRFLOW_CTX_EXECUTION_DATE=2022-12-11T17:59:00+00:00
AIRFLOW_CTX_TRY_NUMBER=1
AIRFLOW_CTX_DAG_RUN_ID=scheduled__2022-12-11T17:59:00+00:00
[2022-12-11 18:02:17,516] {logging_mixin.py:115} INFO - Different sum column is -8
[2022-12-11 18:02:17,517] {python.py:173} INFO - Done. Returned value was: -8
[2022-12-11 18:02:17,606] {taskinstance.py:1400} INFO - Marking task as SUCCESS. dag_id=first_dag, task_id=sum_column_task, execution_date=20221211T175900, start_date=20221211T180216, end_date=20221211T180217
[2022-12-11 18:02:17,679] {local_task_job.py:156} INFO - Task exited with return code 0
[2022-12-11 18:02:17,835] {local_task_job.py:273} INFO - 1 downstream tasks scheduled from follow-on schedule check
