[2022-12-11 14:15:01,727] {taskinstance.py:1159} INFO - Dependencies all met for <TaskInstance: first_dag.write_diff_task scheduled__2022-12-11T14:14:00+00:00 [queued]>
[2022-12-11 14:15:01,748] {taskinstance.py:1159} INFO - Dependencies all met for <TaskInstance: first_dag.write_diff_task scheduled__2022-12-11T14:14:00+00:00 [queued]>
[2022-12-11 14:15:01,749] {taskinstance.py:1356} INFO - 
--------------------------------------------------------------------------------
[2022-12-11 14:15:01,750] {taskinstance.py:1357} INFO - Starting attempt 1 of 1
[2022-12-11 14:15:01,751] {taskinstance.py:1358} INFO - 
--------------------------------------------------------------------------------
[2022-12-11 14:15:01,790] {taskinstance.py:1377} INFO - Executing <Task(PythonOperator): write_diff_task> on 2022-12-11 14:14:00+00:00
[2022-12-11 14:15:01,808] {standard_task_runner.py:52} INFO - Started process 466 to run task
[2022-12-11 14:15:01,824] {standard_task_runner.py:79} INFO - Running: ['***', 'tasks', 'run', 'first_dag', 'write_diff_task', 'scheduled__2022-12-11T14:14:00+00:00', '--job-id', '393', '--raw', '--subdir', 'DAGS_FOLDER/first-dag.py', '--cfg-path', '/tmp/tmpoxvtcx3w', '--error-file', '/tmp/tmpj9ffqgz7']
[2022-12-11 14:15:01,831] {standard_task_runner.py:80} INFO - Job 393: Subtask write_diff_task
[2022-12-11 14:15:01,977] {task_command.py:369} INFO - Running <TaskInstance: first_dag.write_diff_task scheduled__2022-12-11T14:14:00+00:00 [running]> on host 7e39590a7807
[2022-12-11 14:15:02,184] {taskinstance.py:1571} INFO - Exporting the following env vars:
AIRFLOW_CTX_DAG_OWNER=***
AIRFLOW_CTX_DAG_ID=first_dag
AIRFLOW_CTX_TASK_ID=write_diff_task
AIRFLOW_CTX_EXECUTION_DATE=2022-12-11T14:14:00+00:00
AIRFLOW_CTX_TRY_NUMBER=1
AIRFLOW_CTX_DAG_RUN_ID=scheduled__2022-12-11T14:14:00+00:00
[2022-12-11 14:15:02,263] {python.py:173} INFO - Done. Returned value was: None
[2022-12-11 14:15:02,295] {taskinstance.py:1400} INFO - Marking task as SUCCESS. dag_id=first_dag, task_id=write_diff_task, execution_date=20221211T141400, start_date=20221211T141501, end_date=20221211T141502
[2022-12-11 14:15:02,379] {local_task_job.py:156} INFO - Task exited with return code 0
[2022-12-11 14:15:02,462] {local_task_job.py:273} INFO - 0 downstream tasks scheduled from follow-on schedule check
