[2022-12-04 19:35:08,679] {taskinstance.py:1159} INFO - Dependencies all met for <TaskInstance: first_dag.write_diff_task manual__2022-12-04T19:35:02.066188+00:00 [queued]>
[2022-12-04 19:35:08,700] {taskinstance.py:1159} INFO - Dependencies all met for <TaskInstance: first_dag.write_diff_task manual__2022-12-04T19:35:02.066188+00:00 [queued]>
[2022-12-04 19:35:08,701] {taskinstance.py:1356} INFO - 
--------------------------------------------------------------------------------
[2022-12-04 19:35:08,702] {taskinstance.py:1357} INFO - Starting attempt 1 of 1
[2022-12-04 19:35:08,703] {taskinstance.py:1358} INFO - 
--------------------------------------------------------------------------------
[2022-12-04 19:35:08,721] {taskinstance.py:1377} INFO - Executing <Task(PythonOperator): write_diff_task> on 2022-12-04 19:35:02.066188+00:00
[2022-12-04 19:35:08,726] {standard_task_runner.py:52} INFO - Started process 534 to run task
[2022-12-04 19:35:08,735] {standard_task_runner.py:79} INFO - Running: ['***', 'tasks', 'run', 'first_dag', 'write_diff_task', 'manual__2022-12-04T19:35:02.066188+00:00', '--job-id', '278', '--raw', '--subdir', 'DAGS_FOLDER/first-dag.py', '--cfg-path', '/tmp/tmpv1k3x8oi', '--error-file', '/tmp/tmpil5libhd']
[2022-12-04 19:35:08,738] {standard_task_runner.py:80} INFO - Job 278: Subtask write_diff_task
[2022-12-04 19:35:08,825] {task_command.py:369} INFO - Running <TaskInstance: first_dag.write_diff_task manual__2022-12-04T19:35:02.066188+00:00 [running]> on host 4393b4454aa8
[2022-12-04 19:35:08,955] {taskinstance.py:1571} INFO - Exporting the following env vars:
AIRFLOW_CTX_DAG_OWNER=***
AIRFLOW_CTX_DAG_ID=first_dag
AIRFLOW_CTX_TASK_ID=write_diff_task
AIRFLOW_CTX_EXECUTION_DATE=2022-12-04T19:35:02.066188+00:00
AIRFLOW_CTX_TRY_NUMBER=1
AIRFLOW_CTX_DAG_RUN_ID=manual__2022-12-04T19:35:02.066188+00:00
[2022-12-04 19:35:09,002] {python.py:173} INFO - Done. Returned value was: None
[2022-12-04 19:35:09,022] {taskinstance.py:1400} INFO - Marking task as SUCCESS. dag_id=first_dag, task_id=write_diff_task, execution_date=20221204T193502, start_date=20221204T193508, end_date=20221204T193509
[2022-12-04 19:35:09,068] {local_task_job.py:156} INFO - Task exited with return code 0
[2022-12-04 19:35:09,146] {local_task_job.py:273} INFO - 0 downstream tasks scheduled from follow-on schedule check
