[2022-12-11 16:09:45,888] {taskinstance.py:1159} INFO - Dependencies all met for <TaskInstance: first_dag.world scheduled__2022-12-11T15:38:00+00:00 [queued]>
[2022-12-11 16:09:45,908] {taskinstance.py:1159} INFO - Dependencies all met for <TaskInstance: first_dag.world scheduled__2022-12-11T15:38:00+00:00 [queued]>
[2022-12-11 16:09:45,910] {taskinstance.py:1356} INFO - 
--------------------------------------------------------------------------------
[2022-12-11 16:09:45,912] {taskinstance.py:1357} INFO - Starting attempt 1 of 1
[2022-12-11 16:09:45,913] {taskinstance.py:1358} INFO - 
--------------------------------------------------------------------------------
[2022-12-11 16:09:45,943] {taskinstance.py:1377} INFO - Executing <Task(PythonOperator): world> on 2022-12-11 15:38:00+00:00
[2022-12-11 16:09:45,952] {standard_task_runner.py:52} INFO - Started process 2853 to run task
[2022-12-11 16:09:45,969] {standard_task_runner.py:79} INFO - Running: ['***', 'tasks', 'run', 'first_dag', 'world', 'scheduled__2022-12-11T15:38:00+00:00', '--job-id', '974', '--raw', '--subdir', 'DAGS_FOLDER/first-dag.py', '--cfg-path', '/tmp/tmpni7s4xhq', '--error-file', '/tmp/tmp1t_3y_hc']
[2022-12-11 16:09:45,973] {standard_task_runner.py:80} INFO - Job 974: Subtask world
[2022-12-11 16:09:46,111] {task_command.py:369} INFO - Running <TaskInstance: first_dag.world scheduled__2022-12-11T15:38:00+00:00 [running]> on host 7e39590a7807
[2022-12-11 16:09:46,271] {taskinstance.py:1571} INFO - Exporting the following env vars:
AIRFLOW_CTX_DAG_OWNER=***
AIRFLOW_CTX_DAG_ID=first_dag
AIRFLOW_CTX_TASK_ID=world
AIRFLOW_CTX_EXECUTION_DATE=2022-12-11T15:38:00+00:00
AIRFLOW_CTX_TRY_NUMBER=1
AIRFLOW_CTX_DAG_RUN_ID=scheduled__2022-12-11T15:38:00+00:00
[2022-12-11 16:09:46,286] {logging_mixin.py:115} INFO - Airflow
[2022-12-11 16:09:46,288] {python.py:173} INFO - Done. Returned value was: None
[2022-12-11 16:09:46,315] {taskinstance.py:1400} INFO - Marking task as SUCCESS. dag_id=first_dag, task_id=world, execution_date=20221211T153800, start_date=20221211T160945, end_date=20221211T160946
[2022-12-11 16:09:46,382] {local_task_job.py:156} INFO - Task exited with return code 0
[2022-12-11 16:09:46,511] {local_task_job.py:273} INFO - 1 downstream tasks scheduled from follow-on schedule check
