[2022-12-11 21:21:35,859] {taskinstance.py:1159} INFO - Dependencies all met for <TaskInstance: first_dag.generate_two_int_task scheduled__2022-12-11T21:13:00+00:00 [queued]>
[2022-12-11 21:21:35,970] {taskinstance.py:1159} INFO - Dependencies all met for <TaskInstance: first_dag.generate_two_int_task scheduled__2022-12-11T21:13:00+00:00 [queued]>
[2022-12-11 21:21:35,983] {taskinstance.py:1356} INFO - 
--------------------------------------------------------------------------------
[2022-12-11 21:21:35,984] {taskinstance.py:1357} INFO - Starting attempt 1 of 1
[2022-12-11 21:21:35,988] {taskinstance.py:1358} INFO - 
--------------------------------------------------------------------------------
[2022-12-11 21:21:36,145] {taskinstance.py:1377} INFO - Executing <Task(PythonOperator): generate_two_int_task> on 2022-12-11 21:13:00+00:00
[2022-12-11 21:21:36,171] {standard_task_runner.py:52} INFO - Started process 6584 to run task
[2022-12-11 21:21:36,217] {standard_task_runner.py:79} INFO - Running: ['***', 'tasks', 'run', 'first_dag', 'generate_two_int_task', 'scheduled__2022-12-11T21:13:00+00:00', '--job-id', '1529', '--raw', '--subdir', 'DAGS_FOLDER/first-dag.py', '--cfg-path', '/tmp/tmpxycrh0re', '--error-file', '/tmp/tmp5ydtquwb']
[2022-12-11 21:21:36,245] {standard_task_runner.py:80} INFO - Job 1529: Subtask generate_two_int_task
[2022-12-11 21:21:37,041] {task_command.py:369} INFO - Running <TaskInstance: first_dag.generate_two_int_task scheduled__2022-12-11T21:13:00+00:00 [running]> on host 7e39590a7807
[2022-12-11 21:21:37,796] {taskinstance.py:1571} INFO - Exporting the following env vars:
AIRFLOW_CTX_DAG_OWNER=***
AIRFLOW_CTX_DAG_ID=first_dag
AIRFLOW_CTX_TASK_ID=generate_two_int_task
AIRFLOW_CTX_EXECUTION_DATE=2022-12-11T21:13:00+00:00
AIRFLOW_CTX_TRY_NUMBER=1
AIRFLOW_CTX_DAG_RUN_ID=scheduled__2022-12-11T21:13:00+00:00
[2022-12-11 21:21:37,989] {python.py:173} INFO - Done. Returned value was: None
[2022-12-11 21:21:38,247] {taskinstance.py:1400} INFO - Marking task as SUCCESS. dag_id=first_dag, task_id=generate_two_int_task, execution_date=20221211T211300, start_date=20221211T212135, end_date=20221211T212138
[2022-12-11 21:21:38,856] {local_task_job.py:156} INFO - Task exited with return code 0
[2022-12-11 21:21:39,726] {local_task_job.py:273} INFO - 1 downstream tasks scheduled from follow-on schedule check
