[2022-12-11 16:10:02,553] {taskinstance.py:1159} INFO - Dependencies all met for <TaskInstance: first_dag.world scheduled__2022-12-11T16:09:00+00:00 [queued]>
[2022-12-11 16:10:02,580] {taskinstance.py:1159} INFO - Dependencies all met for <TaskInstance: first_dag.world scheduled__2022-12-11T16:09:00+00:00 [queued]>
[2022-12-11 16:10:02,581] {taskinstance.py:1356} INFO - 
--------------------------------------------------------------------------------
[2022-12-11 16:10:02,583] {taskinstance.py:1357} INFO - Starting attempt 1 of 1
[2022-12-11 16:10:02,584] {taskinstance.py:1358} INFO - 
--------------------------------------------------------------------------------
[2022-12-11 16:10:02,620] {taskinstance.py:1377} INFO - Executing <Task(PythonOperator): world> on 2022-12-11 16:09:00+00:00
[2022-12-11 16:10:02,636] {standard_task_runner.py:52} INFO - Started process 2872 to run task
[2022-12-11 16:10:02,653] {standard_task_runner.py:79} INFO - Running: ['***', 'tasks', 'run', 'first_dag', 'world', 'scheduled__2022-12-11T16:09:00+00:00', '--job-id', '983', '--raw', '--subdir', 'DAGS_FOLDER/first-dag.py', '--cfg-path', '/tmp/tmplq9lupxn', '--error-file', '/tmp/tmp5ys3o4vi']
[2022-12-11 16:10:02,656] {standard_task_runner.py:80} INFO - Job 983: Subtask world
[2022-12-11 16:10:02,772] {task_command.py:369} INFO - Running <TaskInstance: first_dag.world scheduled__2022-12-11T16:09:00+00:00 [running]> on host 7e39590a7807
[2022-12-11 16:10:02,902] {taskinstance.py:1571} INFO - Exporting the following env vars:
AIRFLOW_CTX_DAG_OWNER=***
AIRFLOW_CTX_DAG_ID=first_dag
AIRFLOW_CTX_TASK_ID=world
AIRFLOW_CTX_EXECUTION_DATE=2022-12-11T16:09:00+00:00
AIRFLOW_CTX_TRY_NUMBER=1
AIRFLOW_CTX_DAG_RUN_ID=scheduled__2022-12-11T16:09:00+00:00
[2022-12-11 16:10:02,904] {logging_mixin.py:115} INFO - Airflow
[2022-12-11 16:10:02,905] {python.py:173} INFO - Done. Returned value was: None
[2022-12-11 16:10:02,927] {taskinstance.py:1400} INFO - Marking task as SUCCESS. dag_id=first_dag, task_id=world, execution_date=20221211T160900, start_date=20221211T161002, end_date=20221211T161002
[2022-12-11 16:10:02,983] {local_task_job.py:156} INFO - Task exited with return code 0
[2022-12-11 16:10:03,149] {local_task_job.py:273} INFO - 1 downstream tasks scheduled from follow-on schedule check
