[2022-12-11 17:11:37,073] {taskinstance.py:1159} INFO - Dependencies all met for <TaskInstance: first_dag.world manual__2022-12-11T17:11:32.109189+00:00 [queued]>
[2022-12-11 17:11:37,099] {taskinstance.py:1159} INFO - Dependencies all met for <TaskInstance: first_dag.world manual__2022-12-11T17:11:32.109189+00:00 [queued]>
[2022-12-11 17:11:37,102] {taskinstance.py:1356} INFO - 
--------------------------------------------------------------------------------
[2022-12-11 17:11:37,104] {taskinstance.py:1357} INFO - Starting attempt 1 of 1
[2022-12-11 17:11:37,106] {taskinstance.py:1358} INFO - 
--------------------------------------------------------------------------------
[2022-12-11 17:11:37,140] {taskinstance.py:1377} INFO - Executing <Task(PythonOperator): world> on 2022-12-11 17:11:32.109189+00:00
[2022-12-11 17:11:37,149] {standard_task_runner.py:52} INFO - Started process 3745 to run task
[2022-12-11 17:11:37,171] {standard_task_runner.py:79} INFO - Running: ['***', 'tasks', 'run', 'first_dag', 'world', 'manual__2022-12-11T17:11:32.109189+00:00', '--job-id', '1089', '--raw', '--subdir', 'DAGS_FOLDER/first-dag.py', '--cfg-path', '/tmp/tmpqah9fqk3', '--error-file', '/tmp/tmpodtifbfe']
[2022-12-11 17:11:37,177] {standard_task_runner.py:80} INFO - Job 1089: Subtask world
[2022-12-11 17:11:37,504] {task_command.py:369} INFO - Running <TaskInstance: first_dag.world manual__2022-12-11T17:11:32.109189+00:00 [running]> on host 7e39590a7807
[2022-12-11 17:11:37,764] {taskinstance.py:1571} INFO - Exporting the following env vars:
AIRFLOW_CTX_DAG_OWNER=***
AIRFLOW_CTX_DAG_ID=first_dag
AIRFLOW_CTX_TASK_ID=world
AIRFLOW_CTX_EXECUTION_DATE=2022-12-11T17:11:32.109189+00:00
AIRFLOW_CTX_TRY_NUMBER=1
AIRFLOW_CTX_DAG_RUN_ID=manual__2022-12-11T17:11:32.109189+00:00
[2022-12-11 17:11:37,772] {logging_mixin.py:115} INFO - Airflow
[2022-12-11 17:11:37,774] {python.py:173} INFO - Done. Returned value was: None
[2022-12-11 17:11:37,811] {taskinstance.py:1400} INFO - Marking task as SUCCESS. dag_id=first_dag, task_id=world, execution_date=20221211T171132, start_date=20221211T171137, end_date=20221211T171137
[2022-12-11 17:11:37,883] {local_task_job.py:156} INFO - Task exited with return code 0
[2022-12-11 17:11:38,033] {local_task_job.py:273} INFO - 1 downstream tasks scheduled from follow-on schedule check
