[2022-12-11 20:59:56,343] {taskinstance.py:1159} INFO - Dependencies all met for <TaskInstance: first_dag.write_diff_task scheduled__2022-12-11T20:58:00+00:00 [queued]>
[2022-12-11 20:59:56,364] {taskinstance.py:1159} INFO - Dependencies all met for <TaskInstance: first_dag.write_diff_task scheduled__2022-12-11T20:58:00+00:00 [queued]>
[2022-12-11 20:59:56,366] {taskinstance.py:1356} INFO - 
--------------------------------------------------------------------------------
[2022-12-11 20:59:56,367] {taskinstance.py:1357} INFO - Starting attempt 1 of 1
[2022-12-11 20:59:56,368] {taskinstance.py:1358} INFO - 
--------------------------------------------------------------------------------
[2022-12-11 20:59:56,390] {taskinstance.py:1377} INFO - Executing <Task(PythonOperator): write_diff_task> on 2022-12-11 20:58:00+00:00
[2022-12-11 20:59:56,395] {standard_task_runner.py:52} INFO - Started process 6436 to run task
[2022-12-11 20:59:56,408] {standard_task_runner.py:79} INFO - Running: ['***', 'tasks', 'run', 'first_dag', 'write_diff_task', 'scheduled__2022-12-11T20:58:00+00:00', '--job-id', '1521', '--raw', '--subdir', 'DAGS_FOLDER/first-dag.py', '--cfg-path', '/tmp/tmpkruu3o4i', '--error-file', '/tmp/tmp1e3pzjqr']
[2022-12-11 20:59:56,410] {standard_task_runner.py:80} INFO - Job 1521: Subtask write_diff_task
[2022-12-11 20:59:56,502] {task_command.py:369} INFO - Running <TaskInstance: first_dag.write_diff_task scheduled__2022-12-11T20:58:00+00:00 [running]> on host 7e39590a7807
[2022-12-11 20:59:56,632] {taskinstance.py:1571} INFO - Exporting the following env vars:
AIRFLOW_CTX_DAG_OWNER=***
AIRFLOW_CTX_DAG_ID=first_dag
AIRFLOW_CTX_TASK_ID=write_diff_task
AIRFLOW_CTX_EXECUTION_DATE=2022-12-11T20:58:00+00:00
AIRFLOW_CTX_TRY_NUMBER=1
AIRFLOW_CTX_DAG_RUN_ID=scheduled__2022-12-11T20:58:00+00:00
[2022-12-11 20:59:56,675] {python.py:173} INFO - Done. Returned value was: None
[2022-12-11 20:59:56,697] {taskinstance.py:1400} INFO - Marking task as SUCCESS. dag_id=first_dag, task_id=write_diff_task, execution_date=20221211T205800, start_date=20221211T205956, end_date=20221211T205956
[2022-12-11 20:59:56,750] {local_task_job.py:156} INFO - Task exited with return code 0
[2022-12-11 20:59:56,826] {local_task_job.py:273} INFO - 1 downstream tasks scheduled from follow-on schedule check
