[2022-12-11 15:25:05,517] {taskinstance.py:1159} INFO - Dependencies all met for <TaskInstance: first_dag.write_diff_task scheduled__2022-12-11T15:24:00+00:00 [queued]>
[2022-12-11 15:25:05,535] {taskinstance.py:1159} INFO - Dependencies all met for <TaskInstance: first_dag.write_diff_task scheduled__2022-12-11T15:24:00+00:00 [queued]>
[2022-12-11 15:25:05,537] {taskinstance.py:1356} INFO - 
--------------------------------------------------------------------------------
[2022-12-11 15:25:05,538] {taskinstance.py:1357} INFO - Starting attempt 1 of 1
[2022-12-11 15:25:05,539] {taskinstance.py:1358} INFO - 
--------------------------------------------------------------------------------
[2022-12-11 15:25:05,560] {taskinstance.py:1377} INFO - Executing <Task(PythonOperator): write_diff_task> on 2022-12-11 15:24:00+00:00
[2022-12-11 15:25:05,565] {standard_task_runner.py:52} INFO - Started process 2579 to run task
[2022-12-11 15:25:05,577] {standard_task_runner.py:79} INFO - Running: ['***', 'tasks', 'run', 'first_dag', 'write_diff_task', 'scheduled__2022-12-11T15:24:00+00:00', '--job-id', '901', '--raw', '--subdir', 'DAGS_FOLDER/first-dag.py', '--cfg-path', '/tmp/tmp9jsbglvn', '--error-file', '/tmp/tmp3s96wphl']
[2022-12-11 15:25:05,579] {standard_task_runner.py:80} INFO - Job 901: Subtask write_diff_task
[2022-12-11 15:25:05,674] {task_command.py:369} INFO - Running <TaskInstance: first_dag.write_diff_task scheduled__2022-12-11T15:24:00+00:00 [running]> on host 7e39590a7807
[2022-12-11 15:25:05,783] {taskinstance.py:1571} INFO - Exporting the following env vars:
AIRFLOW_CTX_DAG_OWNER=***
AIRFLOW_CTX_DAG_ID=first_dag
AIRFLOW_CTX_TASK_ID=write_diff_task
AIRFLOW_CTX_EXECUTION_DATE=2022-12-11T15:24:00+00:00
AIRFLOW_CTX_TRY_NUMBER=1
AIRFLOW_CTX_DAG_RUN_ID=scheduled__2022-12-11T15:24:00+00:00
[2022-12-11 15:25:05,812] {logging_mixin.py:115} INFO - Splitted ['10', '6\n'] 2
[2022-12-11 15:25:05,813] {python.py:173} INFO - Done. Returned value was: None
[2022-12-11 15:25:05,836] {taskinstance.py:1400} INFO - Marking task as SUCCESS. dag_id=first_dag, task_id=write_diff_task, execution_date=20221211T152400, start_date=20221211T152505, end_date=20221211T152505
[2022-12-11 15:25:05,867] {local_task_job.py:156} INFO - Task exited with return code 0
[2022-12-11 15:25:05,911] {local_task_job.py:273} INFO - 0 downstream tasks scheduled from follow-on schedule check
