[2022-12-11 14:04:06,849] {taskinstance.py:1159} INFO - Dependencies all met for <TaskInstance: first_dag.sum_column_task scheduled__2022-12-10T00:00:00+00:00 [queued]>
[2022-12-11 14:04:06,877] {taskinstance.py:1159} INFO - Dependencies all met for <TaskInstance: first_dag.sum_column_task scheduled__2022-12-10T00:00:00+00:00 [queued]>
[2022-12-11 14:04:06,878] {taskinstance.py:1356} INFO - 
--------------------------------------------------------------------------------
[2022-12-11 14:04:06,880] {taskinstance.py:1357} INFO - Starting attempt 1 of 1
[2022-12-11 14:04:06,881] {taskinstance.py:1358} INFO - 
--------------------------------------------------------------------------------
[2022-12-11 14:04:06,919] {taskinstance.py:1377} INFO - Executing <Task(PythonOperator): sum_column_task> on 2022-12-10 00:00:00+00:00
[2022-12-11 14:04:06,938] {standard_task_runner.py:52} INFO - Started process 203 to run task
[2022-12-11 14:04:06,982] {standard_task_runner.py:79} INFO - Running: ['***', 'tasks', 'run', 'first_dag', 'sum_column_task', 'scheduled__2022-12-10T00:00:00+00:00', '--job-id', '331', '--raw', '--subdir', 'DAGS_FOLDER/first-dag.py', '--cfg-path', '/tmp/tmpq61klzn0', '--error-file', '/tmp/tmpyewg5j47']
[2022-12-11 14:04:06,999] {standard_task_runner.py:80} INFO - Job 331: Subtask sum_column_task
[2022-12-11 14:04:07,169] {task_command.py:369} INFO - Running <TaskInstance: first_dag.sum_column_task scheduled__2022-12-10T00:00:00+00:00 [running]> on host 7e39590a7807
[2022-12-11 14:04:07,537] {taskinstance.py:1571} INFO - Exporting the following env vars:
AIRFLOW_CTX_DAG_OWNER=***
AIRFLOW_CTX_DAG_ID=first_dag
AIRFLOW_CTX_TASK_ID=sum_column_task
AIRFLOW_CTX_EXECUTION_DATE=2022-12-10T00:00:00+00:00
AIRFLOW_CTX_TRY_NUMBER=1
AIRFLOW_CTX_DAG_RUN_ID=scheduled__2022-12-10T00:00:00+00:00
[2022-12-11 14:04:07,586] {python.py:173} INFO - Done. Returned value was: -40
[2022-12-11 14:04:07,674] {taskinstance.py:1400} INFO - Marking task as SUCCESS. dag_id=first_dag, task_id=sum_column_task, execution_date=20221210T000000, start_date=20221211T140406, end_date=20221211T140407
[2022-12-11 14:04:07,741] {local_task_job.py:156} INFO - Task exited with return code 0
[2022-12-11 14:04:07,835] {local_task_job.py:273} INFO - 1 downstream tasks scheduled from follow-on schedule check
