[2022-12-11 14:42:56,557] {taskinstance.py:1159} INFO - Dependencies all met for <TaskInstance: first_dag.write_diff_task manual__2022-12-11T14:42:50.286785+00:00 [queued]>
[2022-12-11 14:42:56,651] {taskinstance.py:1159} INFO - Dependencies all met for <TaskInstance: first_dag.write_diff_task manual__2022-12-11T14:42:50.286785+00:00 [queued]>
[2022-12-11 14:42:56,662] {taskinstance.py:1356} INFO - 
--------------------------------------------------------------------------------
[2022-12-11 14:42:56,665] {taskinstance.py:1357} INFO - Starting attempt 1 of 1
[2022-12-11 14:42:56,666] {taskinstance.py:1358} INFO - 
--------------------------------------------------------------------------------
[2022-12-11 14:42:56,745] {taskinstance.py:1377} INFO - Executing <Task(PythonOperator): write_diff_task> on 2022-12-11 14:42:50.286785+00:00
[2022-12-11 14:42:56,753] {standard_task_runner.py:52} INFO - Started process 1276 to run task
[2022-12-11 14:42:56,779] {standard_task_runner.py:79} INFO - Running: ['***', 'tasks', 'run', 'first_dag', 'write_diff_task', 'manual__2022-12-11T14:42:50.286785+00:00', '--job-id', '595', '--raw', '--subdir', 'DAGS_FOLDER/first-dag.py', '--cfg-path', '/tmp/tmpa3ui0n55', '--error-file', '/tmp/tmpx2416cxc']
[2022-12-11 14:42:56,782] {standard_task_runner.py:80} INFO - Job 595: Subtask write_diff_task
[2022-12-11 14:42:57,150] {task_command.py:369} INFO - Running <TaskInstance: first_dag.write_diff_task manual__2022-12-11T14:42:50.286785+00:00 [running]> on host 7e39590a7807
[2022-12-11 14:42:57,507] {taskinstance.py:1571} INFO - Exporting the following env vars:
AIRFLOW_CTX_DAG_OWNER=***
AIRFLOW_CTX_DAG_ID=first_dag
AIRFLOW_CTX_TASK_ID=write_diff_task
AIRFLOW_CTX_EXECUTION_DATE=2022-12-11T14:42:50.286785+00:00
AIRFLOW_CTX_TRY_NUMBER=1
AIRFLOW_CTX_DAG_RUN_ID=manual__2022-12-11T14:42:50.286785+00:00
[2022-12-11 14:42:57,625] {logging_mixin.py:115} INFO - res -7
[2022-12-11 14:42:57,634] {taskinstance.py:1889} ERROR - Task failed with exception
Traceback (most recent call last):
  File "/home/airflow/.local/lib/python3.7/site-packages/airflow/operators/python.py", line 171, in execute
    return_value = self.execute_callable()
  File "/home/airflow/.local/lib/python3.7/site-packages/airflow/operators/python.py", line 189, in execute_callable
    return self.python_callable(*self.op_args, **self.op_kwargs)
  File "/opt/airflow/dags/first-dag.py", line 57, in write_diff
    f.write(res+"\n")
TypeError: unsupported operand type(s) for +: 'int' and 'str'
[2022-12-11 14:42:57,686] {taskinstance.py:1400} INFO - Marking task as FAILED. dag_id=first_dag, task_id=write_diff_task, execution_date=20221211T144250, start_date=20221211T144256, end_date=20221211T144257
[2022-12-11 14:42:57,731] {standard_task_runner.py:97} ERROR - Failed to execute job 595 for task write_diff_task (unsupported operand type(s) for +: 'int' and 'str'; 1276)
[2022-12-11 14:42:57,760] {local_task_job.py:156} INFO - Task exited with return code 1
[2022-12-11 14:42:57,847] {local_task_job.py:273} INFO - 0 downstream tasks scheduled from follow-on schedule check
