[2022-12-11 18:02:09,372] {taskinstance.py:1159} INFO - Dependencies all met for <TaskInstance: first_dag.hello_task scheduled__2022-12-11T17:59:00+00:00 [queued]>
[2022-12-11 18:02:09,402] {taskinstance.py:1159} INFO - Dependencies all met for <TaskInstance: first_dag.hello_task scheduled__2022-12-11T17:59:00+00:00 [queued]>
[2022-12-11 18:02:09,403] {taskinstance.py:1356} INFO - 
--------------------------------------------------------------------------------
[2022-12-11 18:02:09,404] {taskinstance.py:1357} INFO - Starting attempt 1 of 1
[2022-12-11 18:02:09,405] {taskinstance.py:1358} INFO - 
--------------------------------------------------------------------------------
[2022-12-11 18:02:09,448] {taskinstance.py:1377} INFO - Executing <Task(BashOperator): hello_task> on 2022-12-11 17:59:00+00:00
[2022-12-11 18:02:09,454] {standard_task_runner.py:52} INFO - Started process 4041 to run task
[2022-12-11 18:02:09,489] {standard_task_runner.py:79} INFO - Running: ['***', 'tasks', 'run', 'first_dag', 'hello_task', 'scheduled__2022-12-11T17:59:00+00:00', '--job-id', '1142', '--raw', '--subdir', 'DAGS_FOLDER/first-dag.py', '--cfg-path', '/tmp/tmpcoohwp0k', '--error-file', '/tmp/tmpn1b3qlm3']
[2022-12-11 18:02:09,493] {standard_task_runner.py:80} INFO - Job 1142: Subtask hello_task
[2022-12-11 18:02:09,747] {task_command.py:369} INFO - Running <TaskInstance: first_dag.hello_task scheduled__2022-12-11T17:59:00+00:00 [running]> on host 7e39590a7807
[2022-12-11 18:02:10,104] {taskinstance.py:1571} INFO - Exporting the following env vars:
AIRFLOW_CTX_DAG_OWNER=***
AIRFLOW_CTX_DAG_ID=first_dag
AIRFLOW_CTX_TASK_ID=hello_task
AIRFLOW_CTX_EXECUTION_DATE=2022-12-11T17:59:00+00:00
AIRFLOW_CTX_TRY_NUMBER=1
AIRFLOW_CTX_DAG_RUN_ID=scheduled__2022-12-11T17:59:00+00:00
[2022-12-11 18:02:10,110] {subprocess.py:62} INFO - Tmp dir root location: 
 /tmp
[2022-12-11 18:02:10,113] {subprocess.py:74} INFO - Running command: ['bash', '-c', 'echo hello']
[2022-12-11 18:02:10,156] {subprocess.py:85} INFO - Output:
[2022-12-11 18:02:10,159] {subprocess.py:92} INFO - hello
[2022-12-11 18:02:10,161] {subprocess.py:96} INFO - Command exited with return code 0
[2022-12-11 18:02:10,263] {taskinstance.py:1400} INFO - Marking task as SUCCESS. dag_id=first_dag, task_id=hello_task, execution_date=20221211T175900, start_date=20221211T180209, end_date=20221211T180210
[2022-12-11 18:02:10,319] {local_task_job.py:156} INFO - Task exited with return code 0
[2022-12-11 18:02:10,462] {local_task_job.py:273} INFO - 1 downstream tasks scheduled from follow-on schedule check
