[2022-12-12 05:13:50,483] {taskinstance.py:1159} INFO - Dependencies all met for <TaskInstance: first_dag.hello_task manual__2022-12-12T05:13:47.732735+00:00 [queued]>
[2022-12-12 05:13:50,557] {taskinstance.py:1159} INFO - Dependencies all met for <TaskInstance: first_dag.hello_task manual__2022-12-12T05:13:47.732735+00:00 [queued]>
[2022-12-12 05:13:50,560] {taskinstance.py:1356} INFO - 
--------------------------------------------------------------------------------
[2022-12-12 05:13:50,561] {taskinstance.py:1357} INFO - Starting attempt 1 of 1
[2022-12-12 05:13:50,564] {taskinstance.py:1358} INFO - 
--------------------------------------------------------------------------------
[2022-12-12 05:13:50,730] {taskinstance.py:1377} INFO - Executing <Task(BashOperator): hello_task> on 2022-12-12 05:13:47.732735+00:00
[2022-12-12 05:13:50,740] {standard_task_runner.py:52} INFO - Started process 7535 to run task
[2022-12-12 05:13:50,748] {standard_task_runner.py:79} INFO - Running: ['***', 'tasks', 'run', 'first_dag', 'hello_task', 'manual__2022-12-12T05:13:47.732735+00:00', '--job-id', '1587', '--raw', '--subdir', 'DAGS_FOLDER/first-dag.py', '--cfg-path', '/tmp/tmpqndkrbma', '--error-file', '/tmp/tmpcbgdl0xo']
[2022-12-12 05:13:50,750] {standard_task_runner.py:80} INFO - Job 1587: Subtask hello_task
[2022-12-12 05:13:51,157] {task_command.py:369} INFO - Running <TaskInstance: first_dag.hello_task manual__2022-12-12T05:13:47.732735+00:00 [running]> on host 7e39590a7807
[2022-12-12 05:13:52,241] {taskinstance.py:1571} INFO - Exporting the following env vars:
AIRFLOW_CTX_DAG_OWNER=***
AIRFLOW_CTX_DAG_ID=first_dag
AIRFLOW_CTX_TASK_ID=hello_task
AIRFLOW_CTX_EXECUTION_DATE=2022-12-12T05:13:47.732735+00:00
AIRFLOW_CTX_TRY_NUMBER=1
AIRFLOW_CTX_DAG_RUN_ID=manual__2022-12-12T05:13:47.732735+00:00
[2022-12-12 05:13:52,245] {subprocess.py:62} INFO - Tmp dir root location: 
 /tmp
[2022-12-12 05:13:52,248] {subprocess.py:74} INFO - Running command: ['bash', '-c', 'echo hello']
[2022-12-12 05:13:52,337] {subprocess.py:85} INFO - Output:
[2022-12-12 05:13:52,378] {subprocess.py:92} INFO - hello
[2022-12-12 05:13:52,384] {subprocess.py:96} INFO - Command exited with return code 0
[2022-12-12 05:13:52,494] {taskinstance.py:1400} INFO - Marking task as SUCCESS. dag_id=first_dag, task_id=hello_task, execution_date=20221212T051347, start_date=20221212T051350, end_date=20221212T051352
[2022-12-12 05:13:52,545] {local_task_job.py:156} INFO - Task exited with return code 0
[2022-12-12 05:13:52,840] {local_task_job.py:273} INFO - 1 downstream tasks scheduled from follow-on schedule check
