[2022-12-12 05:26:11,214] {taskinstance.py:1159} INFO - Dependencies all met for <TaskInstance: first_dag.world manual__2022-12-12T05:25:38.239745+00:00 [queued]>
[2022-12-12 05:26:11,298] {taskinstance.py:1159} INFO - Dependencies all met for <TaskInstance: first_dag.world manual__2022-12-12T05:25:38.239745+00:00 [queued]>
[2022-12-12 05:26:11,300] {taskinstance.py:1356} INFO - 
--------------------------------------------------------------------------------
[2022-12-12 05:26:11,302] {taskinstance.py:1357} INFO - Starting attempt 1 of 1
[2022-12-12 05:26:11,303] {taskinstance.py:1358} INFO - 
--------------------------------------------------------------------------------
[2022-12-12 05:26:11,597] {taskinstance.py:1377} INFO - Executing <Task(PythonOperator): world> on 2022-12-12 05:25:38.239745+00:00
[2022-12-12 05:26:11,613] {standard_task_runner.py:52} INFO - Started process 7788 to run task
[2022-12-12 05:26:11,677] {standard_task_runner.py:79} INFO - Running: ['***', 'tasks', 'run', 'first_dag', 'world', 'manual__2022-12-12T05:25:38.239745+00:00', '--job-id', '1646', '--raw', '--subdir', 'DAGS_FOLDER/first-dag.py', '--cfg-path', '/tmp/tmpr67clt5m', '--error-file', '/tmp/tmpx4k1bgex']
[2022-12-12 05:26:11,731] {standard_task_runner.py:80} INFO - Job 1646: Subtask world
[2022-12-12 05:26:12,137] {task_command.py:369} INFO - Running <TaskInstance: first_dag.world manual__2022-12-12T05:25:38.239745+00:00 [running]> on host 7e39590a7807
[2022-12-12 05:26:12,691] {taskinstance.py:1571} INFO - Exporting the following env vars:
AIRFLOW_CTX_DAG_OWNER=***
AIRFLOW_CTX_DAG_ID=first_dag
AIRFLOW_CTX_TASK_ID=world
AIRFLOW_CTX_EXECUTION_DATE=2022-12-12T05:25:38.239745+00:00
AIRFLOW_CTX_TRY_NUMBER=1
AIRFLOW_CTX_DAG_RUN_ID=manual__2022-12-12T05:25:38.239745+00:00
[2022-12-12 05:26:12,697] {logging_mixin.py:115} INFO - Airflow
[2022-12-12 05:26:12,702] {python.py:173} INFO - Done. Returned value was: None
[2022-12-12 05:26:12,768] {taskinstance.py:1400} INFO - Marking task as SUCCESS. dag_id=first_dag, task_id=world, execution_date=20221212T052538, start_date=20221212T052611, end_date=20221212T052612
[2022-12-12 05:26:12,875] {local_task_job.py:156} INFO - Task exited with return code 0
[2022-12-12 05:26:13,917] {local_task_job.py:273} INFO - 1 downstream tasks scheduled from follow-on schedule check
