[2022-12-11 14:35:39,222] {taskinstance.py:1159} INFO - Dependencies all met for <TaskInstance: first_dag.write_diff_task manual__2022-12-11T14:35:33.520021+00:00 [queued]>
[2022-12-11 14:35:39,236] {taskinstance.py:1159} INFO - Dependencies all met for <TaskInstance: first_dag.write_diff_task manual__2022-12-11T14:35:33.520021+00:00 [queued]>
[2022-12-11 14:35:39,237] {taskinstance.py:1356} INFO - 
--------------------------------------------------------------------------------
[2022-12-11 14:35:39,238] {taskinstance.py:1357} INFO - Starting attempt 1 of 1
[2022-12-11 14:35:39,239] {taskinstance.py:1358} INFO - 
--------------------------------------------------------------------------------
[2022-12-11 14:35:39,260] {taskinstance.py:1377} INFO - Executing <Task(PythonOperator): write_diff_task> on 2022-12-11 14:35:33.520021+00:00
[2022-12-11 14:35:39,266] {standard_task_runner.py:52} INFO - Started process 960 to run task
[2022-12-11 14:35:39,284] {standard_task_runner.py:79} INFO - Running: ['***', 'tasks', 'run', 'first_dag', 'write_diff_task', 'manual__2022-12-11T14:35:33.520021+00:00', '--job-id', '516', '--raw', '--subdir', 'DAGS_FOLDER/first-dag.py', '--cfg-path', '/tmp/tmp2njknd3g', '--error-file', '/tmp/tmpz36i64nt']
[2022-12-11 14:35:39,295] {standard_task_runner.py:80} INFO - Job 516: Subtask write_diff_task
[2022-12-11 14:35:39,471] {task_command.py:369} INFO - Running <TaskInstance: first_dag.write_diff_task manual__2022-12-11T14:35:33.520021+00:00 [running]> on host 7e39590a7807
[2022-12-11 14:35:39,627] {taskinstance.py:1571} INFO - Exporting the following env vars:
AIRFLOW_CTX_DAG_OWNER=***
AIRFLOW_CTX_DAG_ID=first_dag
AIRFLOW_CTX_TASK_ID=write_diff_task
AIRFLOW_CTX_EXECUTION_DATE=2022-12-11T14:35:33.520021+00:00
AIRFLOW_CTX_TRY_NUMBER=1
AIRFLOW_CTX_DAG_RUN_ID=manual__2022-12-11T14:35:33.520021+00:00
[2022-12-11 14:35:39,660] {logging_mixin.py:115} INFO - res -447707
[2022-12-11 14:35:39,662] {python.py:173} INFO - Done. Returned value was: None
[2022-12-11 14:35:39,680] {taskinstance.py:1400} INFO - Marking task as SUCCESS. dag_id=first_dag, task_id=write_diff_task, execution_date=20221211T143533, start_date=20221211T143539, end_date=20221211T143539
[2022-12-11 14:35:39,714] {local_task_job.py:156} INFO - Task exited with return code 0
[2022-12-11 14:35:39,762] {local_task_job.py:273} INFO - 0 downstream tasks scheduled from follow-on schedule check
