[2022-12-11 20:23:24,459] {taskinstance.py:1159} INFO - Dependencies all met for <TaskInstance: first_dag.world manual__2022-12-11T20:23:20.120434+00:00 [queued]>
[2022-12-11 20:23:24,487] {taskinstance.py:1159} INFO - Dependencies all met for <TaskInstance: first_dag.world manual__2022-12-11T20:23:20.120434+00:00 [queued]>
[2022-12-11 20:23:24,488] {taskinstance.py:1356} INFO - 
--------------------------------------------------------------------------------
[2022-12-11 20:23:24,490] {taskinstance.py:1357} INFO - Starting attempt 1 of 1
[2022-12-11 20:23:24,492] {taskinstance.py:1358} INFO - 
--------------------------------------------------------------------------------
[2022-12-11 20:23:24,561] {taskinstance.py:1377} INFO - Executing <Task(PythonOperator): world> on 2022-12-11 20:23:20.120434+00:00
[2022-12-11 20:23:24,578] {standard_task_runner.py:52} INFO - Started process 5812 to run task
[2022-12-11 20:23:24,604] {standard_task_runner.py:79} INFO - Running: ['***', 'tasks', 'run', 'first_dag', 'world', 'manual__2022-12-11T20:23:20.120434+00:00', '--job-id', '1388', '--raw', '--subdir', 'DAGS_FOLDER/first-dag.py', '--cfg-path', '/tmp/tmpi3r7iayc', '--error-file', '/tmp/tmp7624h9io']
[2022-12-11 20:23:24,607] {standard_task_runner.py:80} INFO - Job 1388: Subtask world
[2022-12-11 20:23:24,870] {task_command.py:369} INFO - Running <TaskInstance: first_dag.world manual__2022-12-11T20:23:20.120434+00:00 [running]> on host 7e39590a7807
[2022-12-11 20:23:25,118] {taskinstance.py:1571} INFO - Exporting the following env vars:
AIRFLOW_CTX_DAG_OWNER=***
AIRFLOW_CTX_DAG_ID=first_dag
AIRFLOW_CTX_TASK_ID=world
AIRFLOW_CTX_EXECUTION_DATE=2022-12-11T20:23:20.120434+00:00
AIRFLOW_CTX_TRY_NUMBER=1
AIRFLOW_CTX_DAG_RUN_ID=manual__2022-12-11T20:23:20.120434+00:00
[2022-12-11 20:23:25,120] {logging_mixin.py:115} INFO - Airflow
[2022-12-11 20:23:25,122] {python.py:173} INFO - Done. Returned value was: None
[2022-12-11 20:23:25,162] {taskinstance.py:1400} INFO - Marking task as SUCCESS. dag_id=first_dag, task_id=world, execution_date=20221211T202320, start_date=20221211T202324, end_date=20221211T202325
[2022-12-11 20:23:25,272] {local_task_job.py:156} INFO - Task exited with return code 0
[2022-12-11 20:23:25,440] {local_task_job.py:273} INFO - 1 downstream tasks scheduled from follow-on schedule check
