[2022-12-12 05:14:03,532] {taskinstance.py:1159} INFO - Dependencies all met for <TaskInstance: first_dag.write_diff_task manual__2022-12-12T05:13:47.732735+00:00 [queued]>
[2022-12-12 05:14:03,581] {taskinstance.py:1159} INFO - Dependencies all met for <TaskInstance: first_dag.write_diff_task manual__2022-12-12T05:13:47.732735+00:00 [queued]>
[2022-12-12 05:14:03,583] {taskinstance.py:1356} INFO - 
--------------------------------------------------------------------------------
[2022-12-12 05:14:03,587] {taskinstance.py:1357} INFO - Starting attempt 1 of 1
[2022-12-12 05:14:03,588] {taskinstance.py:1358} INFO - 
--------------------------------------------------------------------------------
[2022-12-12 05:14:03,647] {taskinstance.py:1377} INFO - Executing <Task(PythonOperator): write_diff_task> on 2022-12-12 05:13:47.732735+00:00
[2022-12-12 05:14:03,661] {standard_task_runner.py:52} INFO - Started process 7567 to run task
[2022-12-12 05:14:03,703] {standard_task_runner.py:79} INFO - Running: ['***', 'tasks', 'run', 'first_dag', 'write_diff_task', 'manual__2022-12-12T05:13:47.732735+00:00', '--job-id', '1605', '--raw', '--subdir', 'DAGS_FOLDER/first-dag.py', '--cfg-path', '/tmp/tmpbedmd_xe', '--error-file', '/tmp/tmpwzqmr3p8']
[2022-12-12 05:14:03,715] {standard_task_runner.py:80} INFO - Job 1605: Subtask write_diff_task
[2022-12-12 05:14:04,080] {task_command.py:369} INFO - Running <TaskInstance: first_dag.write_diff_task manual__2022-12-12T05:13:47.732735+00:00 [running]> on host 7e39590a7807
[2022-12-12 05:14:04,400] {taskinstance.py:1571} INFO - Exporting the following env vars:
AIRFLOW_CTX_DAG_OWNER=***
AIRFLOW_CTX_DAG_ID=first_dag
AIRFLOW_CTX_TASK_ID=write_diff_task
AIRFLOW_CTX_EXECUTION_DATE=2022-12-12T05:13:47.732735+00:00
AIRFLOW_CTX_TRY_NUMBER=1
AIRFLOW_CTX_DAG_RUN_ID=manual__2022-12-12T05:13:47.732735+00:00
[2022-12-12 05:14:04,563] {python.py:173} INFO - Done. Returned value was: None
[2022-12-12 05:14:04,677] {taskinstance.py:1400} INFO - Marking task as SUCCESS. dag_id=first_dag, task_id=write_diff_task, execution_date=20221212T051347, start_date=20221212T051403, end_date=20221212T051404
[2022-12-12 05:14:04,806] {local_task_job.py:156} INFO - Task exited with return code 0
[2022-12-12 05:14:04,950] {local_task_job.py:273} INFO - 1 downstream tasks scheduled from follow-on schedule check
