[2022-12-11 20:24:12,714] {taskinstance.py:1159} INFO - Dependencies all met for <TaskInstance: first_dag.insert_data manual__2022-12-11T20:23:22.398912+00:00 [queued]>
[2022-12-11 20:24:12,945] {taskinstance.py:1159} INFO - Dependencies all met for <TaskInstance: first_dag.insert_data manual__2022-12-11T20:23:22.398912+00:00 [queued]>
[2022-12-11 20:24:12,946] {taskinstance.py:1356} INFO - 
--------------------------------------------------------------------------------
[2022-12-11 20:24:12,948] {taskinstance.py:1357} INFO - Starting attempt 1 of 1
[2022-12-11 20:24:12,951] {taskinstance.py:1358} INFO - 
--------------------------------------------------------------------------------
[2022-12-11 20:24:13,122] {taskinstance.py:1377} INFO - Executing <Task(PythonOperator): insert_data> on 2022-12-11 20:23:22.398912+00:00
[2022-12-11 20:24:13,132] {standard_task_runner.py:52} INFO - Started process 5885 to run task
[2022-12-11 20:24:13,205] {standard_task_runner.py:79} INFO - Running: ['***', 'tasks', 'run', 'first_dag', 'insert_data', 'manual__2022-12-11T20:23:22.398912+00:00', '--job-id', '1416', '--raw', '--subdir', 'DAGS_FOLDER/first-dag.py', '--cfg-path', '/tmp/tmp5scqdqhy', '--error-file', '/tmp/tmpkt_4jmks']
[2022-12-11 20:24:13,209] {standard_task_runner.py:80} INFO - Job 1416: Subtask insert_data
[2022-12-11 20:24:13,723] {task_command.py:369} INFO - Running <TaskInstance: first_dag.insert_data manual__2022-12-11T20:23:22.398912+00:00 [running]> on host 7e39590a7807
[2022-12-11 20:24:14,408] {taskinstance.py:1571} INFO - Exporting the following env vars:
AIRFLOW_CTX_DAG_OWNER=***
AIRFLOW_CTX_DAG_ID=first_dag
AIRFLOW_CTX_TASK_ID=insert_data
AIRFLOW_CTX_EXECUTION_DATE=2022-12-11T20:23:22.398912+00:00
AIRFLOW_CTX_TRY_NUMBER=1
AIRFLOW_CTX_DAG_RUN_ID=manual__2022-12-11T20:23:22.398912+00:00
[2022-12-11 20:24:14,516] {base.py:68} INFO - Using connection ID 'db' for task execution.
[2022-12-11 20:24:14,578] {python.py:173} INFO - Done. Returned value was: None
[2022-12-11 20:24:14,729] {taskinstance.py:1400} INFO - Marking task as SUCCESS. dag_id=first_dag, task_id=insert_data, execution_date=20221211T202322, start_date=20221211T202412, end_date=20221211T202414
[2022-12-11 20:24:14,878] {local_task_job.py:156} INFO - Task exited with return code 0
[2022-12-11 20:24:15,218] {local_task_job.py:273} INFO - 0 downstream tasks scheduled from follow-on schedule check
