[2022-12-12 05:14:03,582] {taskinstance.py:1159} INFO - Dependencies all met for <TaskInstance: first_dag.branch_operator manual__2022-12-12T05:13:41.354733+00:00 [queued]>
[2022-12-12 05:14:03,682] {taskinstance.py:1159} INFO - Dependencies all met for <TaskInstance: first_dag.branch_operator manual__2022-12-12T05:13:41.354733+00:00 [queued]>
[2022-12-12 05:14:03,683] {taskinstance.py:1356} INFO - 
--------------------------------------------------------------------------------
[2022-12-12 05:14:03,684] {taskinstance.py:1357} INFO - Starting attempt 1 of 1
[2022-12-12 05:14:03,685] {taskinstance.py:1358} INFO - 
--------------------------------------------------------------------------------
[2022-12-12 05:14:03,845] {taskinstance.py:1377} INFO - Executing <Task(BranchPythonOperator): branch_operator> on 2022-12-12 05:13:41.354733+00:00
[2022-12-12 05:14:03,860] {standard_task_runner.py:52} INFO - Started process 7570 to run task
[2022-12-12 05:14:03,927] {standard_task_runner.py:79} INFO - Running: ['***', 'tasks', 'run', 'first_dag', 'branch_operator', 'manual__2022-12-12T05:13:41.354733+00:00', '--job-id', '1604', '--raw', '--subdir', 'DAGS_FOLDER/first-dag.py', '--cfg-path', '/tmp/tmp3ei1nx2w', '--error-file', '/tmp/tmpe4ma8m1x']
[2022-12-12 05:14:03,957] {standard_task_runner.py:80} INFO - Job 1604: Subtask branch_operator
[2022-12-12 05:14:04,269] {task_command.py:369} INFO - Running <TaskInstance: first_dag.branch_operator manual__2022-12-12T05:13:41.354733+00:00 [running]> on host 7e39590a7807
[2022-12-12 05:14:04,721] {taskinstance.py:1571} INFO - Exporting the following env vars:
AIRFLOW_CTX_DAG_OWNER=***
AIRFLOW_CTX_DAG_ID=first_dag
AIRFLOW_CTX_TASK_ID=branch_operator
AIRFLOW_CTX_EXECUTION_DATE=2022-12-12T05:13:41.354733+00:00
AIRFLOW_CTX_TRY_NUMBER=1
AIRFLOW_CTX_DAG_RUN_ID=manual__2022-12-12T05:13:41.354733+00:00
[2022-12-12 05:14:04,824] {python.py:173} INFO - Done. Returned value was: create_task_table
[2022-12-12 05:14:04,828] {skipmixin.py:140} INFO - Following branch create_task_table
[2022-12-12 05:14:04,831] {skipmixin.py:175} INFO - Skipping tasks ['bash_error']
[2022-12-12 05:14:05,027] {taskinstance.py:1400} INFO - Marking task as SUCCESS. dag_id=first_dag, task_id=branch_operator, execution_date=20221212T051341, start_date=20221212T051403, end_date=20221212T051405
[2022-12-12 05:14:05,097] {local_task_job.py:156} INFO - Task exited with return code 0
[2022-12-12 05:14:05,191] {local_task_job.py:273} INFO - 1 downstream tasks scheduled from follow-on schedule check
