[2022-12-04 15:59:05,092] {taskinstance.py:1159} INFO - Dependencies all met for <TaskInstance: first_dag.hel1o scheduled__2022-02-06T00:00:00+00:00 [queued]>
[2022-12-04 15:59:05,167] {taskinstance.py:1159} INFO - Dependencies all met for <TaskInstance: first_dag.hel1o scheduled__2022-02-06T00:00:00+00:00 [queued]>
[2022-12-04 15:59:05,170] {taskinstance.py:1356} INFO - 
--------------------------------------------------------------------------------
[2022-12-04 15:59:05,173] {taskinstance.py:1357} INFO - Starting attempt 1 of 1
[2022-12-04 15:59:05,175] {taskinstance.py:1358} INFO - 
--------------------------------------------------------------------------------
[2022-12-04 15:59:05,500] {taskinstance.py:1377} INFO - Executing <Task(BashOperator): hel1o> on 2022-02-06 00:00:00+00:00
[2022-12-04 15:59:05,510] {standard_task_runner.py:52} INFO - Started process 389 to run task
[2022-12-04 15:59:05,517] {standard_task_runner.py:79} INFO - Running: ['***', 'tasks', 'run', 'first_dag', 'hel1o', 'scheduled__2022-02-06T00:00:00+00:00', '--job-id', '40', '--raw', '--subdir', 'DAGS_FOLDER/first-dag.py', '--cfg-path', '/tmp/tmpqj3esafn', '--error-file', '/tmp/tmpnhyh8e39']
[2022-12-04 15:59:05,519] {standard_task_runner.py:80} INFO - Job 40: Subtask hel1o
[2022-12-04 15:59:05,774] {task_command.py:369} INFO - Running <TaskInstance: first_dag.hel1o scheduled__2022-02-06T00:00:00+00:00 [running]> on host fb90b48d1471
[2022-12-04 15:59:06,795] {taskinstance.py:1571} INFO - Exporting the following env vars:
AIRFLOW_CTX_DAG_OWNER=***
AIRFLOW_CTX_DAG_ID=first_dag
AIRFLOW_CTX_TASK_ID=hel1o
AIRFLOW_CTX_EXECUTION_DATE=2022-02-06T00:00:00+00:00
AIRFLOW_CTX_TRY_NUMBER=1
AIRFLOW_CTX_DAG_RUN_ID=scheduled__2022-02-06T00:00:00+00:00
[2022-12-04 15:59:06,797] {subprocess.py:62} INFO - Tmp dir root location: 
 /tmp
[2022-12-04 15:59:06,808] {subprocess.py:74} INFO - Running command: ['bash', '-c', 'echo hello']
[2022-12-04 15:59:06,975] {subprocess.py:85} INFO - Output:
[2022-12-04 15:59:07,007] {subprocess.py:92} INFO - hello
[2022-12-04 15:59:07,016] {subprocess.py:96} INFO - Command exited with return code 0
[2022-12-04 15:59:07,234] {taskinstance.py:1400} INFO - Marking task as SUCCESS. dag_id=first_dag, task_id=hel1o, execution_date=20220206T000000, start_date=20221204T155905, end_date=20221204T155907
[2022-12-04 15:59:07,377] {local_task_job.py:156} INFO - Task exited with return code 0
[2022-12-04 15:59:08,270] {local_task_job.py:273} INFO - 1 downstream tasks scheduled from follow-on schedule check
