[2022-12-11 19:11:58,100] {taskinstance.py:1159} INFO - Dependencies all met for <TaskInstance: first_dag.wait_for_file manual__2022-12-11T19:11:42.878998+00:00 [queued]>
[2022-12-11 19:11:58,126] {taskinstance.py:1159} INFO - Dependencies all met for <TaskInstance: first_dag.wait_for_file manual__2022-12-11T19:11:42.878998+00:00 [queued]>
[2022-12-11 19:11:58,128] {taskinstance.py:1356} INFO - 
--------------------------------------------------------------------------------
[2022-12-11 19:11:58,129] {taskinstance.py:1357} INFO - Starting attempt 1 of 3
[2022-12-11 19:11:58,129] {taskinstance.py:1358} INFO - 
--------------------------------------------------------------------------------
[2022-12-11 19:11:58,192] {taskinstance.py:1377} INFO - Executing <Task(PythonSensor): wait_for_file> on 2022-12-11 19:11:42.878998+00:00
[2022-12-11 19:11:58,216] {standard_task_runner.py:52} INFO - Started process 4696 to run task
[2022-12-11 19:11:58,246] {standard_task_runner.py:79} INFO - Running: ['***', 'tasks', 'run', 'first_dag', 'wait_for_file', 'manual__2022-12-11T19:11:42.878998+00:00', '--job-id', '1238', '--raw', '--subdir', 'DAGS_FOLDER/first-dag.py', '--cfg-path', '/tmp/tmpkg_52gy4', '--error-file', '/tmp/tmpoo763246']
[2022-12-11 19:11:58,255] {standard_task_runner.py:80} INFO - Job 1238: Subtask wait_for_file
[2022-12-11 19:12:00,536] {task_command.py:369} INFO - Running <TaskInstance: first_dag.wait_for_file manual__2022-12-11T19:11:42.878998+00:00 [running]> on host 7e39590a7807
[2022-12-11 19:12:01,336] {taskinstance.py:1571} INFO - Exporting the following env vars:
AIRFLOW_CTX_DAG_OWNER=***
AIRFLOW_CTX_DAG_ID=first_dag
AIRFLOW_CTX_TASK_ID=wait_for_file
AIRFLOW_CTX_EXECUTION_DATE=2022-12-11T19:11:42.878998+00:00
AIRFLOW_CTX_TRY_NUMBER=1
AIRFLOW_CTX_DAG_RUN_ID=manual__2022-12-11T19:11:42.878998+00:00
[2022-12-11 19:12:01,342] {python.py:66} INFO - Poking callable: <function _wait_for_file at 0x7f6cec7a5cb0>
[2022-12-11 19:12:01,539] {logging_mixin.py:115} INFO - _wait_for_file True
[2022-12-11 19:12:01,541] {logging_mixin.py:115} INFO - total attempt 0
[2022-12-11 19:12:21,566] {python.py:66} INFO - Poking callable: <function _wait_for_file at 0x7f6cec7a5cb0>
[2022-12-11 19:12:21,590] {logging_mixin.py:115} INFO - _wait_for_file True
[2022-12-11 19:12:21,592] {logging_mixin.py:115} INFO - total attempt 0
[2022-12-11 19:12:21,594] {base.py:301} INFO - Success criteria met. Exiting.
[2022-12-11 19:12:21,616] {taskinstance.py:1400} INFO - Marking task as SUCCESS. dag_id=first_dag, task_id=wait_for_file, execution_date=20221211T191142, start_date=20221211T191158, end_date=20221211T191221
[2022-12-11 19:12:21,646] {local_task_job.py:156} INFO - Task exited with return code 0
[2022-12-11 19:12:21,707] {local_task_job.py:273} INFO - 1 downstream tasks scheduled from follow-on schedule check
