[2022-12-04 18:34:16,154] {taskinstance.py:1159} INFO - Dependencies all met for <TaskInstance: first_dag.hello_task manual__2022-12-04T18:34:14.615441+00:00 [queued]>
[2022-12-04 18:34:16,167] {taskinstance.py:1159} INFO - Dependencies all met for <TaskInstance: first_dag.hello_task manual__2022-12-04T18:34:14.615441+00:00 [queued]>
[2022-12-04 18:34:16,168] {taskinstance.py:1356} INFO - 
--------------------------------------------------------------------------------
[2022-12-04 18:34:16,169] {taskinstance.py:1357} INFO - Starting attempt 1 of 1
[2022-12-04 18:34:16,170] {taskinstance.py:1358} INFO - 
--------------------------------------------------------------------------------
[2022-12-04 18:34:16,186] {taskinstance.py:1377} INFO - Executing <Task(BashOperator): hello_task> on 2022-12-04 18:34:14.615441+00:00
[2022-12-04 18:34:16,191] {standard_task_runner.py:52} INFO - Started process 1978 to run task
[2022-12-04 18:34:16,200] {standard_task_runner.py:79} INFO - Running: ['***', 'tasks', 'run', 'first_dag', 'hello_task', 'manual__2022-12-04T18:34:14.615441+00:00', '--job-id', '219', '--raw', '--subdir', 'DAGS_FOLDER/first-dag.py', '--cfg-path', '/tmp/tmpanb3kr1a', '--error-file', '/tmp/tmpixmedmr6']
[2022-12-04 18:34:16,204] {standard_task_runner.py:80} INFO - Job 219: Subtask hello_task
[2022-12-04 18:34:16,281] {task_command.py:369} INFO - Running <TaskInstance: first_dag.hello_task manual__2022-12-04T18:34:14.615441+00:00 [running]> on host fb90b48d1471
[2022-12-04 18:34:16,398] {taskinstance.py:1571} INFO - Exporting the following env vars:
AIRFLOW_CTX_DAG_OWNER=***
AIRFLOW_CTX_DAG_ID=first_dag
AIRFLOW_CTX_TASK_ID=hello_task
AIRFLOW_CTX_EXECUTION_DATE=2022-12-04T18:34:14.615441+00:00
AIRFLOW_CTX_TRY_NUMBER=1
AIRFLOW_CTX_DAG_RUN_ID=manual__2022-12-04T18:34:14.615441+00:00
[2022-12-04 18:34:16,400] {subprocess.py:62} INFO - Tmp dir root location: 
 /tmp
[2022-12-04 18:34:16,403] {subprocess.py:74} INFO - Running command: ['bash', '-c', 'echo hello']
[2022-12-04 18:34:16,415] {subprocess.py:85} INFO - Output:
[2022-12-04 18:34:16,418] {subprocess.py:92} INFO - hello
[2022-12-04 18:34:16,419] {subprocess.py:96} INFO - Command exited with return code 0
[2022-12-04 18:34:16,476] {taskinstance.py:1400} INFO - Marking task as SUCCESS. dag_id=first_dag, task_id=hello_task, execution_date=20221204T183414, start_date=20221204T183416, end_date=20221204T183416
[2022-12-04 18:34:16,532] {local_task_job.py:156} INFO - Task exited with return code 0
[2022-12-04 18:34:16,608] {local_task_job.py:273} INFO - 1 downstream tasks scheduled from follow-on schedule check
