[2022-12-11 15:08:51,628] {taskinstance.py:1159} INFO - Dependencies all met for <TaskInstance: first_dag.write_diff_task manual__2022-12-11T15:08:43.147576+00:00 [queued]>
[2022-12-11 15:08:51,693] {taskinstance.py:1159} INFO - Dependencies all met for <TaskInstance: first_dag.write_diff_task manual__2022-12-11T15:08:43.147576+00:00 [queued]>
[2022-12-11 15:08:51,698] {taskinstance.py:1356} INFO - 
--------------------------------------------------------------------------------
[2022-12-11 15:08:51,698] {taskinstance.py:1357} INFO - Starting attempt 1 of 1
[2022-12-11 15:08:51,699] {taskinstance.py:1358} INFO - 
--------------------------------------------------------------------------------
[2022-12-11 15:08:51,778] {taskinstance.py:1377} INFO - Executing <Task(PythonOperator): write_diff_task> on 2022-12-11 15:08:43.147576+00:00
[2022-12-11 15:08:51,800] {standard_task_runner.py:52} INFO - Started process 1935 to run task
[2022-12-11 15:08:51,811] {standard_task_runner.py:79} INFO - Running: ['***', 'tasks', 'run', 'first_dag', 'write_diff_task', 'manual__2022-12-11T15:08:43.147576+00:00', '--job-id', '726', '--raw', '--subdir', 'DAGS_FOLDER/first-dag.py', '--cfg-path', '/tmp/tmpxtdsi5bu', '--error-file', '/tmp/tmpz7xlrnhs']
[2022-12-11 15:08:51,828] {standard_task_runner.py:80} INFO - Job 726: Subtask write_diff_task
[2022-12-11 15:08:52,016] {task_command.py:369} INFO - Running <TaskInstance: first_dag.write_diff_task manual__2022-12-11T15:08:43.147576+00:00 [running]> on host 7e39590a7807
[2022-12-11 15:08:52,248] {taskinstance.py:1571} INFO - Exporting the following env vars:
AIRFLOW_CTX_DAG_OWNER=***
AIRFLOW_CTX_DAG_ID=first_dag
AIRFLOW_CTX_TASK_ID=write_diff_task
AIRFLOW_CTX_EXECUTION_DATE=2022-12-11T15:08:43.147576+00:00
AIRFLOW_CTX_TRY_NUMBER=1
AIRFLOW_CTX_DAG_RUN_ID=manual__2022-12-11T15:08:43.147576+00:00
[2022-12-11 15:08:52,321] {python.py:173} INFO - Done. Returned value was: None
[2022-12-11 15:08:52,368] {taskinstance.py:1400} INFO - Marking task as SUCCESS. dag_id=first_dag, task_id=write_diff_task, execution_date=20221211T150843, start_date=20221211T150851, end_date=20221211T150852
[2022-12-11 15:08:52,438] {local_task_job.py:156} INFO - Task exited with return code 0
[2022-12-11 15:08:52,490] {local_task_job.py:273} INFO - 0 downstream tasks scheduled from follow-on schedule check
