[2022-12-04 16:40:50,318] {taskinstance.py:1159} INFO - Dependencies all met for <TaskInstance: first_dag.world scheduled__2021-01-01T02:10:00+00:00 [queued]>
[2022-12-04 16:40:50,499] {taskinstance.py:1159} INFO - Dependencies all met for <TaskInstance: first_dag.world scheduled__2021-01-01T02:10:00+00:00 [queued]>
[2022-12-04 16:40:50,500] {taskinstance.py:1356} INFO - 
--------------------------------------------------------------------------------
[2022-12-04 16:40:50,502] {taskinstance.py:1357} INFO - Starting attempt 1 of 1
[2022-12-04 16:40:50,504] {taskinstance.py:1358} INFO - 
--------------------------------------------------------------------------------
[2022-12-04 16:40:51,058] {taskinstance.py:1377} INFO - Executing <Task(PythonOperator): world> on 2021-01-01 02:10:00+00:00
[2022-12-04 16:40:51,201] {standard_task_runner.py:52} INFO - Started process 664 to run task
[2022-12-04 16:40:51,486] {standard_task_runner.py:79} INFO - Running: ['***', 'tasks', 'run', 'first_dag', 'world', 'scheduled__2021-01-01T02:10:00+00:00', '--job-id', '67', '--raw', '--subdir', 'DAGS_FOLDER/first-dag.py', '--cfg-path', '/tmp/tmpgrcglvok', '--error-file', '/tmp/tmpoj16gp58']
[2022-12-04 16:40:51,637] {standard_task_runner.py:80} INFO - Job 67: Subtask world
[2022-12-04 16:40:55,315] {task_command.py:369} INFO - Running <TaskInstance: first_dag.world scheduled__2021-01-01T02:10:00+00:00 [running]> on host fb90b48d1471
[2022-12-04 16:40:56,841] {taskinstance.py:1571} INFO - Exporting the following env vars:
AIRFLOW_CTX_DAG_OWNER=***
AIRFLOW_CTX_DAG_ID=first_dag
AIRFLOW_CTX_TASK_ID=world
AIRFLOW_CTX_EXECUTION_DATE=2021-01-01T02:10:00+00:00
AIRFLOW_CTX_TRY_NUMBER=1
AIRFLOW_CTX_DAG_RUN_ID=scheduled__2021-01-01T02:10:00+00:00
[2022-12-04 16:40:56,847] {logging_mixin.py:115} INFO - Airflow
[2022-12-04 16:40:56,849] {python.py:173} INFO - Done. Returned value was: None
[2022-12-04 16:40:57,070] {taskinstance.py:1400} INFO - Marking task as SUCCESS. dag_id=first_dag, task_id=world, execution_date=20210101T021000, start_date=20221204T164050, end_date=20221204T164057
[2022-12-04 16:40:57,339] {local_task_job.py:156} INFO - Task exited with return code 0
[2022-12-04 16:40:57,606] {local_task_job.py:273} INFO - 0 downstream tasks scheduled from follow-on schedule check
