[2022-12-11 15:17:57,524] {taskinstance.py:1159} INFO - Dependencies all met for <TaskInstance: first_dag.world manual__2022-12-11T15:17:47.891332+00:00 [queued]>
[2022-12-11 15:17:57,566] {taskinstance.py:1159} INFO - Dependencies all met for <TaskInstance: first_dag.world manual__2022-12-11T15:17:47.891332+00:00 [queued]>
[2022-12-11 15:17:57,570] {taskinstance.py:1356} INFO - 
--------------------------------------------------------------------------------
[2022-12-11 15:17:57,572] {taskinstance.py:1357} INFO - Starting attempt 1 of 1
[2022-12-11 15:17:57,573] {taskinstance.py:1358} INFO - 
--------------------------------------------------------------------------------
[2022-12-11 15:17:57,620] {taskinstance.py:1377} INFO - Executing <Task(PythonOperator): world> on 2022-12-11 15:17:47.891332+00:00
[2022-12-11 15:17:57,649] {standard_task_runner.py:52} INFO - Started process 2354 to run task
[2022-12-11 15:17:57,703] {standard_task_runner.py:79} INFO - Running: ['***', 'tasks', 'run', 'first_dag', 'world', 'manual__2022-12-11T15:17:47.891332+00:00', '--job-id', '840', '--raw', '--subdir', 'DAGS_FOLDER/first-dag.py', '--cfg-path', '/tmp/tmpzxcu4ioz', '--error-file', '/tmp/tmp0bai38pt']
[2022-12-11 15:17:57,708] {standard_task_runner.py:80} INFO - Job 840: Subtask world
[2022-12-11 15:17:57,867] {task_command.py:369} INFO - Running <TaskInstance: first_dag.world manual__2022-12-11T15:17:47.891332+00:00 [running]> on host 7e39590a7807
[2022-12-11 15:17:58,134] {taskinstance.py:1571} INFO - Exporting the following env vars:
AIRFLOW_CTX_DAG_OWNER=***
AIRFLOW_CTX_DAG_ID=first_dag
AIRFLOW_CTX_TASK_ID=world
AIRFLOW_CTX_EXECUTION_DATE=2022-12-11T15:17:47.891332+00:00
AIRFLOW_CTX_TRY_NUMBER=1
AIRFLOW_CTX_DAG_RUN_ID=manual__2022-12-11T15:17:47.891332+00:00
[2022-12-11 15:17:58,161] {logging_mixin.py:115} INFO - Airflow
[2022-12-11 15:17:58,164] {python.py:173} INFO - Done. Returned value was: None
[2022-12-11 15:17:58,259] {taskinstance.py:1400} INFO - Marking task as SUCCESS. dag_id=first_dag, task_id=world, execution_date=20221211T151747, start_date=20221211T151757, end_date=20221211T151758
[2022-12-11 15:17:58,337] {local_task_job.py:156} INFO - Task exited with return code 0
[2022-12-11 15:17:58,454] {local_task_job.py:273} INFO - 1 downstream tasks scheduled from follow-on schedule check
