[2022-12-12 05:25:34,155] {taskinstance.py:1159} INFO - Dependencies all met for <TaskInstance: first_dag.alter_task_table manual__2022-12-12T05:25:27.068019+00:00 [queued]>
[2022-12-12 05:25:34,205] {taskinstance.py:1159} INFO - Dependencies all met for <TaskInstance: first_dag.alter_task_table manual__2022-12-12T05:25:27.068019+00:00 [queued]>
[2022-12-12 05:25:34,206] {taskinstance.py:1356} INFO - 
--------------------------------------------------------------------------------
[2022-12-12 05:25:34,207] {taskinstance.py:1357} INFO - Starting attempt 1 of 1
[2022-12-12 05:25:34,208] {taskinstance.py:1358} INFO - 
--------------------------------------------------------------------------------
[2022-12-12 05:25:34,246] {taskinstance.py:1377} INFO - Executing <Task(PostgresOperator): alter_task_table> on 2022-12-12 05:25:27.068019+00:00
[2022-12-12 05:25:34,262] {standard_task_runner.py:52} INFO - Started process 7749 to run task
[2022-12-12 05:25:34,277] {standard_task_runner.py:79} INFO - Running: ['***', 'tasks', 'run', 'first_dag', 'alter_task_table', 'manual__2022-12-12T05:25:27.068019+00:00', '--job-id', '1631', '--raw', '--subdir', 'DAGS_FOLDER/first-dag.py', '--cfg-path', '/tmp/tmpam9h3w36', '--error-file', '/tmp/tmp0ikgmy7e']
[2022-12-12 05:25:34,283] {standard_task_runner.py:80} INFO - Job 1631: Subtask alter_task_table
[2022-12-12 05:25:34,422] {task_command.py:369} INFO - Running <TaskInstance: first_dag.alter_task_table manual__2022-12-12T05:25:27.068019+00:00 [running]> on host 7e39590a7807
[2022-12-12 05:25:35,004] {taskinstance.py:1571} INFO - Exporting the following env vars:
AIRFLOW_CTX_DAG_OWNER=***
AIRFLOW_CTX_DAG_ID=first_dag
AIRFLOW_CTX_TASK_ID=alter_task_table
AIRFLOW_CTX_EXECUTION_DATE=2022-12-12T05:25:27.068019+00:00
AIRFLOW_CTX_TRY_NUMBER=1
AIRFLOW_CTX_DAG_RUN_ID=manual__2022-12-12T05:25:27.068019+00:00
[2022-12-12 05:25:35,062] {base.py:68} INFO - Using connection ID 'db' for task execution.
[2022-12-12 05:25:35,090] {dbapi.py:208} INFO - Running statement: 
               alter table task add column coef int;
                  , parameters: None
[2022-12-12 05:25:35,111] {taskinstance.py:1889} ERROR - Task failed with exception
Traceback (most recent call last):
  File "/home/airflow/.local/lib/python3.7/site-packages/airflow/providers/postgres/operators/postgres.py", line 92, in execute
    self.hook.run(self.sql, self.autocommit, parameters=self.parameters)
  File "/home/airflow/.local/lib/python3.7/site-packages/airflow/hooks/dbapi.py", line 188, in run
    self._run_command(cur, sql_statement, parameters)
  File "/home/airflow/.local/lib/python3.7/site-packages/airflow/hooks/dbapi.py", line 212, in _run_command
    cur.execute(sql_statement)
psycopg2.errors.DuplicateColumn: column "coef" of relation "task" already exists

[2022-12-12 05:25:35,199] {taskinstance.py:1400} INFO - Marking task as FAILED. dag_id=first_dag, task_id=alter_task_table, execution_date=20221212T052527, start_date=20221212T052534, end_date=20221212T052535
[2022-12-12 05:25:35,385] {standard_task_runner.py:97} ERROR - Failed to execute job 1631 for task alter_task_table (column "coef" of relation "task" already exists
; 7749)
[2022-12-12 05:25:35,452] {local_task_job.py:156} INFO - Task exited with return code 1
[2022-12-12 05:25:35,711] {local_task_job.py:273} INFO - 0 downstream tasks scheduled from follow-on schedule check
