[2022-12-11 14:41:04,151] {taskinstance.py:1159} INFO - Dependencies all met for <TaskInstance: first_dag.sum_column_task scheduled__2022-12-11T14:40:00+00:00 [queued]>
[2022-12-11 14:41:04,168] {taskinstance.py:1159} INFO - Dependencies all met for <TaskInstance: first_dag.sum_column_task scheduled__2022-12-11T14:40:00+00:00 [queued]>
[2022-12-11 14:41:04,169] {taskinstance.py:1356} INFO - 
--------------------------------------------------------------------------------
[2022-12-11 14:41:04,170] {taskinstance.py:1357} INFO - Starting attempt 1 of 1
[2022-12-11 14:41:04,171] {taskinstance.py:1358} INFO - 
--------------------------------------------------------------------------------
[2022-12-11 14:41:04,192] {taskinstance.py:1377} INFO - Executing <Task(PythonOperator): sum_column_task> on 2022-12-11 14:40:00+00:00
[2022-12-11 14:41:04,202] {standard_task_runner.py:52} INFO - Started process 1222 to run task
[2022-12-11 14:41:04,206] {standard_task_runner.py:79} INFO - Running: ['***', 'tasks', 'run', 'first_dag', 'sum_column_task', 'scheduled__2022-12-11T14:40:00+00:00', '--job-id', '580', '--raw', '--subdir', 'DAGS_FOLDER/first-dag.py', '--cfg-path', '/tmp/tmpxvhwnmiz', '--error-file', '/tmp/tmphq9mm0u0']
[2022-12-11 14:41:04,209] {standard_task_runner.py:80} INFO - Job 580: Subtask sum_column_task
[2022-12-11 14:41:04,294] {task_command.py:369} INFO - Running <TaskInstance: first_dag.sum_column_task scheduled__2022-12-11T14:40:00+00:00 [running]> on host 7e39590a7807
[2022-12-11 14:41:04,403] {taskinstance.py:1571} INFO - Exporting the following env vars:
AIRFLOW_CTX_DAG_OWNER=***
AIRFLOW_CTX_DAG_ID=first_dag
AIRFLOW_CTX_TASK_ID=sum_column_task
AIRFLOW_CTX_EXECUTION_DATE=2022-12-11T14:40:00+00:00
AIRFLOW_CTX_TRY_NUMBER=1
AIRFLOW_CTX_DAG_RUN_ID=scheduled__2022-12-11T14:40:00+00:00
[2022-12-11 14:41:04,425] {python.py:173} INFO - Done. Returned value was: 39447
[2022-12-11 14:41:04,494] {taskinstance.py:1400} INFO - Marking task as SUCCESS. dag_id=first_dag, task_id=sum_column_task, execution_date=20221211T144000, start_date=20221211T144104, end_date=20221211T144104
[2022-12-11 14:41:04,544] {local_task_job.py:156} INFO - Task exited with return code 0
[2022-12-11 14:41:04,602] {local_task_job.py:273} INFO - 1 downstream tasks scheduled from follow-on schedule check
[2022-12-11 14:50:03,975] {taskinstance.py:1159} INFO - Dependencies all met for <TaskInstance: first_dag.sum_column_task scheduled__2022-12-11T14:40:00+00:00 [queued]>
[2022-12-11 14:50:03,996] {taskinstance.py:1159} INFO - Dependencies all met for <TaskInstance: first_dag.sum_column_task scheduled__2022-12-11T14:40:00+00:00 [queued]>
[2022-12-11 14:50:03,996] {taskinstance.py:1356} INFO - 
--------------------------------------------------------------------------------
[2022-12-11 14:50:03,998] {taskinstance.py:1357} INFO - Starting attempt 1 of 1
[2022-12-11 14:50:03,999] {taskinstance.py:1358} INFO - 
--------------------------------------------------------------------------------
[2022-12-11 14:50:04,018] {taskinstance.py:1377} INFO - Executing <Task(PythonOperator): sum_column_task> on 2022-12-11 14:40:00+00:00
[2022-12-11 14:50:04,027] {standard_task_runner.py:52} INFO - Started process 1480 to run task
[2022-12-11 14:50:04,034] {standard_task_runner.py:79} INFO - Running: ['***', 'tasks', 'run', 'first_dag', 'sum_column_task', 'scheduled__2022-12-11T14:40:00+00:00', '--job-id', '635', '--raw', '--subdir', 'DAGS_FOLDER/first-dag.py', '--cfg-path', '/tmp/tmps5b9g7i2', '--error-file', '/tmp/tmpworh5_46']
[2022-12-11 14:50:04,037] {standard_task_runner.py:80} INFO - Job 635: Subtask sum_column_task
[2022-12-11 14:50:04,164] {task_command.py:369} INFO - Running <TaskInstance: first_dag.sum_column_task scheduled__2022-12-11T14:40:00+00:00 [running]> on host 7e39590a7807
[2022-12-11 14:50:04,346] {taskinstance.py:1571} INFO - Exporting the following env vars:
AIRFLOW_CTX_DAG_OWNER=***
AIRFLOW_CTX_DAG_ID=first_dag
AIRFLOW_CTX_TASK_ID=sum_column_task
AIRFLOW_CTX_EXECUTION_DATE=2022-12-11T14:40:00+00:00
AIRFLOW_CTX_TRY_NUMBER=1
AIRFLOW_CTX_DAG_RUN_ID=scheduled__2022-12-11T14:40:00+00:00
[2022-12-11 14:50:04,367] {python.py:173} INFO - Done. Returned value was: -1
[2022-12-11 14:50:04,416] {taskinstance.py:1400} INFO - Marking task as SUCCESS. dag_id=first_dag, task_id=sum_column_task, execution_date=20221211T144000, start_date=20221211T145003, end_date=20221211T145004
[2022-12-11 14:50:04,452] {local_task_job.py:156} INFO - Task exited with return code 0
[2022-12-11 14:50:04,520] {local_task_job.py:273} INFO - 1 downstream tasks scheduled from follow-on schedule check
