[2022-12-11 15:19:15,979] {taskinstance.py:1159} INFO - Dependencies all met for <TaskInstance: first_dag.world manual__2022-12-11T15:19:11.961894+00:00 [queued]>
[2022-12-11 15:19:15,997] {taskinstance.py:1159} INFO - Dependencies all met for <TaskInstance: first_dag.world manual__2022-12-11T15:19:11.961894+00:00 [queued]>
[2022-12-11 15:19:15,998] {taskinstance.py:1356} INFO - 
--------------------------------------------------------------------------------
[2022-12-11 15:19:15,999] {taskinstance.py:1357} INFO - Starting attempt 1 of 1
[2022-12-11 15:19:16,000] {taskinstance.py:1358} INFO - 
--------------------------------------------------------------------------------
[2022-12-11 15:19:16,026] {taskinstance.py:1377} INFO - Executing <Task(PythonOperator): world> on 2022-12-11 15:19:11.961894+00:00
[2022-12-11 15:19:16,031] {standard_task_runner.py:52} INFO - Started process 2436 to run task
[2022-12-11 15:19:16,040] {standard_task_runner.py:79} INFO - Running: ['***', 'tasks', 'run', 'first_dag', 'world', 'manual__2022-12-11T15:19:11.961894+00:00', '--job-id', '867', '--raw', '--subdir', 'DAGS_FOLDER/first-dag.py', '--cfg-path', '/tmp/tmptyuknnzk', '--error-file', '/tmp/tmpup1ltxp7']
[2022-12-11 15:19:16,042] {standard_task_runner.py:80} INFO - Job 867: Subtask world
[2022-12-11 15:19:16,127] {task_command.py:369} INFO - Running <TaskInstance: first_dag.world manual__2022-12-11T15:19:11.961894+00:00 [running]> on host 7e39590a7807
[2022-12-11 15:19:16,286] {taskinstance.py:1571} INFO - Exporting the following env vars:
AIRFLOW_CTX_DAG_OWNER=***
AIRFLOW_CTX_DAG_ID=first_dag
AIRFLOW_CTX_TASK_ID=world
AIRFLOW_CTX_EXECUTION_DATE=2022-12-11T15:19:11.961894+00:00
AIRFLOW_CTX_TRY_NUMBER=1
AIRFLOW_CTX_DAG_RUN_ID=manual__2022-12-11T15:19:11.961894+00:00
[2022-12-11 15:19:16,289] {logging_mixin.py:115} INFO - Airflow
[2022-12-11 15:19:16,291] {python.py:173} INFO - Done. Returned value was: None
[2022-12-11 15:19:16,324] {taskinstance.py:1400} INFO - Marking task as SUCCESS. dag_id=first_dag, task_id=world, execution_date=20221211T151911, start_date=20221211T151915, end_date=20221211T151916
[2022-12-11 15:19:16,371] {local_task_job.py:156} INFO - Task exited with return code 0
[2022-12-11 15:19:16,458] {local_task_job.py:273} INFO - 1 downstream tasks scheduled from follow-on schedule check
