[2022-12-04 19:26:37,742] {taskinstance.py:1159} INFO - Dependencies all met for <TaskInstance: first_dag.write_diff_task manual__2022-12-04T19:26:29.252891+00:00 [queued]>
[2022-12-04 19:26:37,756] {taskinstance.py:1159} INFO - Dependencies all met for <TaskInstance: first_dag.write_diff_task manual__2022-12-04T19:26:29.252891+00:00 [queued]>
[2022-12-04 19:26:37,757] {taskinstance.py:1356} INFO - 
--------------------------------------------------------------------------------
[2022-12-04 19:26:37,759] {taskinstance.py:1357} INFO - Starting attempt 1 of 1
[2022-12-04 19:26:37,760] {taskinstance.py:1358} INFO - 
--------------------------------------------------------------------------------
[2022-12-04 19:26:37,779] {taskinstance.py:1377} INFO - Executing <Task(PythonOperator): write_diff_task> on 2022-12-04 19:26:29.252891+00:00
[2022-12-04 19:26:37,785] {standard_task_runner.py:52} INFO - Started process 397 to run task
[2022-12-04 19:26:37,792] {standard_task_runner.py:79} INFO - Running: ['***', 'tasks', 'run', 'first_dag', 'write_diff_task', 'manual__2022-12-04T19:26:29.252891+00:00', '--job-id', '260', '--raw', '--subdir', 'DAGS_FOLDER/first-dag.py', '--cfg-path', '/tmp/tmp32zlmfx1', '--error-file', '/tmp/tmpi_1ysikn']
[2022-12-04 19:26:37,795] {standard_task_runner.py:80} INFO - Job 260: Subtask write_diff_task
[2022-12-04 19:26:37,901] {task_command.py:369} INFO - Running <TaskInstance: first_dag.write_diff_task manual__2022-12-04T19:26:29.252891+00:00 [running]> on host 4393b4454aa8
[2022-12-04 19:26:38,012] {taskinstance.py:1571} INFO - Exporting the following env vars:
AIRFLOW_CTX_DAG_OWNER=***
AIRFLOW_CTX_DAG_ID=first_dag
AIRFLOW_CTX_TASK_ID=write_diff_task
AIRFLOW_CTX_EXECUTION_DATE=2022-12-04T19:26:29.252891+00:00
AIRFLOW_CTX_TRY_NUMBER=1
AIRFLOW_CTX_DAG_RUN_ID=manual__2022-12-04T19:26:29.252891+00:00
[2022-12-04 19:26:38,053] {taskinstance.py:1889} ERROR - Task failed with exception
Traceback (most recent call last):
  File "/home/airflow/.local/lib/python3.7/site-packages/airflow/operators/python.py", line 171, in execute
    return_value = self.execute_callable()
  File "/home/airflow/.local/lib/python3.7/site-packages/airflow/operators/python.py", line 189, in execute_callable
    return self.python_callable(*self.op_args, **self.op_kwargs)
  File "/opt/airflow/dags/first-dag.py", line 37, in write_diff
    with open(path_to_file, "rw") as file:
ValueError: must have exactly one of create/read/write/append mode
[2022-12-04 19:26:38,076] {taskinstance.py:1400} INFO - Marking task as FAILED. dag_id=first_dag, task_id=write_diff_task, execution_date=20221204T192629, start_date=20221204T192637, end_date=20221204T192638
[2022-12-04 19:26:38,091] {standard_task_runner.py:97} ERROR - Failed to execute job 260 for task write_diff_task (must have exactly one of create/read/write/append mode; 397)
[2022-12-04 19:26:38,132] {local_task_job.py:156} INFO - Task exited with return code 1
[2022-12-04 19:26:38,188] {local_task_job.py:273} INFO - 0 downstream tasks scheduled from follow-on schedule check
