[2022-12-11 14:48:45,537] {taskinstance.py:1159} INFO - Dependencies all met for <TaskInstance: first_dag.sum_column_task manual__2022-12-11T14:48:39.887818+00:00 [queued]>
[2022-12-11 14:48:45,552] {taskinstance.py:1159} INFO - Dependencies all met for <TaskInstance: first_dag.sum_column_task manual__2022-12-11T14:48:39.887818+00:00 [queued]>
[2022-12-11 14:48:45,553] {taskinstance.py:1356} INFO - 
--------------------------------------------------------------------------------
[2022-12-11 14:48:45,554] {taskinstance.py:1357} INFO - Starting attempt 1 of 1
[2022-12-11 14:48:45,555] {taskinstance.py:1358} INFO - 
--------------------------------------------------------------------------------
[2022-12-11 14:48:45,573] {taskinstance.py:1377} INFO - Executing <Task(PythonOperator): sum_column_task> on 2022-12-11 14:48:39.887818+00:00
[2022-12-11 14:48:45,578] {standard_task_runner.py:52} INFO - Started process 1431 to run task
[2022-12-11 14:48:45,590] {standard_task_runner.py:79} INFO - Running: ['***', 'tasks', 'run', 'first_dag', 'sum_column_task', 'manual__2022-12-11T14:48:39.887818+00:00', '--job-id', '625', '--raw', '--subdir', 'DAGS_FOLDER/first-dag.py', '--cfg-path', '/tmp/tmpp2tfqqoe', '--error-file', '/tmp/tmpk01048qn']
[2022-12-11 14:48:45,592] {standard_task_runner.py:80} INFO - Job 625: Subtask sum_column_task
[2022-12-11 14:48:45,683] {task_command.py:369} INFO - Running <TaskInstance: first_dag.sum_column_task manual__2022-12-11T14:48:39.887818+00:00 [running]> on host 7e39590a7807
[2022-12-11 14:48:45,785] {taskinstance.py:1571} INFO - Exporting the following env vars:
AIRFLOW_CTX_DAG_OWNER=***
AIRFLOW_CTX_DAG_ID=first_dag
AIRFLOW_CTX_TASK_ID=sum_column_task
AIRFLOW_CTX_EXECUTION_DATE=2022-12-11T14:48:39.887818+00:00
AIRFLOW_CTX_TRY_NUMBER=1
AIRFLOW_CTX_DAG_RUN_ID=manual__2022-12-11T14:48:39.887818+00:00
[2022-12-11 14:48:45,800] {python.py:173} INFO - Done. Returned value was: 0
[2022-12-11 14:48:45,840] {taskinstance.py:1400} INFO - Marking task as SUCCESS. dag_id=first_dag, task_id=sum_column_task, execution_date=20221211T144839, start_date=20221211T144845, end_date=20221211T144845
[2022-12-11 14:48:45,881] {local_task_job.py:156} INFO - Task exited with return code 0
[2022-12-11 14:48:45,938] {local_task_job.py:273} INFO - 1 downstream tasks scheduled from follow-on schedule check
