[2022-12-12 05:13:43,192] {taskinstance.py:1159} INFO - Dependencies all met for <TaskInstance: first_dag.hello_task manual__2022-12-12T05:13:41.354733+00:00 [queued]>
[2022-12-12 05:13:43,221] {taskinstance.py:1159} INFO - Dependencies all met for <TaskInstance: first_dag.hello_task manual__2022-12-12T05:13:41.354733+00:00 [queued]>
[2022-12-12 05:13:43,222] {taskinstance.py:1356} INFO - 
--------------------------------------------------------------------------------
[2022-12-12 05:13:43,224] {taskinstance.py:1357} INFO - Starting attempt 1 of 1
[2022-12-12 05:13:43,225] {taskinstance.py:1358} INFO - 
--------------------------------------------------------------------------------
[2022-12-12 05:13:43,373] {taskinstance.py:1377} INFO - Executing <Task(BashOperator): hello_task> on 2022-12-12 05:13:41.354733+00:00
[2022-12-12 05:13:43,383] {standard_task_runner.py:52} INFO - Started process 7505 to run task
[2022-12-12 05:13:43,408] {standard_task_runner.py:79} INFO - Running: ['***', 'tasks', 'run', 'first_dag', 'hello_task', 'manual__2022-12-12T05:13:41.354733+00:00', '--job-id', '1577', '--raw', '--subdir', 'DAGS_FOLDER/first-dag.py', '--cfg-path', '/tmp/tmp69dpnbt0', '--error-file', '/tmp/tmpp96zb1ew']
[2022-12-12 05:13:43,417] {standard_task_runner.py:80} INFO - Job 1577: Subtask hello_task
[2022-12-12 05:13:43,798] {task_command.py:369} INFO - Running <TaskInstance: first_dag.hello_task manual__2022-12-12T05:13:41.354733+00:00 [running]> on host 7e39590a7807
[2022-12-12 05:13:44,200] {taskinstance.py:1571} INFO - Exporting the following env vars:
AIRFLOW_CTX_DAG_OWNER=***
AIRFLOW_CTX_DAG_ID=first_dag
AIRFLOW_CTX_TASK_ID=hello_task
AIRFLOW_CTX_EXECUTION_DATE=2022-12-12T05:13:41.354733+00:00
AIRFLOW_CTX_TRY_NUMBER=1
AIRFLOW_CTX_DAG_RUN_ID=manual__2022-12-12T05:13:41.354733+00:00
[2022-12-12 05:13:44,203] {subprocess.py:62} INFO - Tmp dir root location: 
 /tmp
[2022-12-12 05:13:44,205] {subprocess.py:74} INFO - Running command: ['bash', '-c', 'echo hello']
[2022-12-12 05:13:44,283] {subprocess.py:85} INFO - Output:
[2022-12-12 05:13:44,298] {subprocess.py:92} INFO - hello
[2022-12-12 05:13:44,301] {subprocess.py:96} INFO - Command exited with return code 0
[2022-12-12 05:13:44,633] {taskinstance.py:1400} INFO - Marking task as SUCCESS. dag_id=first_dag, task_id=hello_task, execution_date=20221212T051341, start_date=20221212T051343, end_date=20221212T051344
[2022-12-12 05:13:44,823] {local_task_job.py:156} INFO - Task exited with return code 0
[2022-12-12 05:13:45,243] {local_task_job.py:273} INFO - 1 downstream tasks scheduled from follow-on schedule check
