[2022-12-11 15:19:01,819] {taskinstance.py:1159} INFO - Dependencies all met for <TaskInstance: first_dag.world scheduled__2022-12-11T15:18:00+00:00 [queued]>
[2022-12-11 15:19:01,836] {taskinstance.py:1159} INFO - Dependencies all met for <TaskInstance: first_dag.world scheduled__2022-12-11T15:18:00+00:00 [queued]>
[2022-12-11 15:19:01,838] {taskinstance.py:1356} INFO - 
--------------------------------------------------------------------------------
[2022-12-11 15:19:01,839] {taskinstance.py:1357} INFO - Starting attempt 1 of 1
[2022-12-11 15:19:01,840] {taskinstance.py:1358} INFO - 
--------------------------------------------------------------------------------
[2022-12-11 15:19:01,861] {taskinstance.py:1377} INFO - Executing <Task(PythonOperator): world> on 2022-12-11 15:18:00+00:00
[2022-12-11 15:19:01,866] {standard_task_runner.py:52} INFO - Started process 2404 to run task
[2022-12-11 15:19:01,873] {standard_task_runner.py:79} INFO - Running: ['***', 'tasks', 'run', 'first_dag', 'world', 'scheduled__2022-12-11T15:18:00+00:00', '--job-id', '853', '--raw', '--subdir', 'DAGS_FOLDER/first-dag.py', '--cfg-path', '/tmp/tmp7yg71z_9', '--error-file', '/tmp/tmp2lsi5jtp']
[2022-12-11 15:19:01,875] {standard_task_runner.py:80} INFO - Job 853: Subtask world
[2022-12-11 15:19:01,960] {task_command.py:369} INFO - Running <TaskInstance: first_dag.world scheduled__2022-12-11T15:18:00+00:00 [running]> on host 7e39590a7807
[2022-12-11 15:19:02,059] {taskinstance.py:1571} INFO - Exporting the following env vars:
AIRFLOW_CTX_DAG_OWNER=***
AIRFLOW_CTX_DAG_ID=first_dag
AIRFLOW_CTX_TASK_ID=world
AIRFLOW_CTX_EXECUTION_DATE=2022-12-11T15:18:00+00:00
AIRFLOW_CTX_TRY_NUMBER=1
AIRFLOW_CTX_DAG_RUN_ID=scheduled__2022-12-11T15:18:00+00:00
[2022-12-11 15:19:02,062] {logging_mixin.py:115} INFO - Airflow
[2022-12-11 15:19:02,063] {python.py:173} INFO - Done. Returned value was: None
[2022-12-11 15:19:02,082] {taskinstance.py:1400} INFO - Marking task as SUCCESS. dag_id=first_dag, task_id=world, execution_date=20221211T151800, start_date=20221211T151901, end_date=20221211T151902
[2022-12-11 15:19:02,125] {local_task_job.py:156} INFO - Task exited with return code 0
[2022-12-11 15:19:02,183] {local_task_job.py:273} INFO - 1 downstream tasks scheduled from follow-on schedule check
