[2022-12-12 04:56:35,867] {taskinstance.py:1159} INFO - Dependencies all met for <TaskInstance: first_dag.world scheduled__2022-12-11T22:41:00+00:00 [queued]>
[2022-12-12 04:56:36,121] {taskinstance.py:1159} INFO - Dependencies all met for <TaskInstance: first_dag.world scheduled__2022-12-11T22:41:00+00:00 [queued]>
[2022-12-12 04:56:36,126] {taskinstance.py:1356} INFO - 
--------------------------------------------------------------------------------
[2022-12-12 04:56:36,135] {taskinstance.py:1357} INFO - Starting attempt 1 of 1
[2022-12-12 04:56:36,146] {taskinstance.py:1358} INFO - 
--------------------------------------------------------------------------------
[2022-12-12 04:56:36,379] {taskinstance.py:1377} INFO - Executing <Task(PythonOperator): world> on 2022-12-11 22:41:00+00:00
[2022-12-12 04:56:36,422] {standard_task_runner.py:52} INFO - Started process 7311 to run task
[2022-12-12 04:56:36,634] {standard_task_runner.py:79} INFO - Running: ['***', 'tasks', 'run', 'first_dag', 'world', 'scheduled__2022-12-11T22:41:00+00:00', '--job-id', '1555', '--raw', '--subdir', 'DAGS_FOLDER/first-dag.py', '--cfg-path', '/tmp/tmpiw8g634j', '--error-file', '/tmp/tmpv3sgp7nn']
[2022-12-12 04:56:36,667] {standard_task_runner.py:80} INFO - Job 1555: Subtask world
[2022-12-12 04:56:37,897] {task_command.py:369} INFO - Running <TaskInstance: first_dag.world scheduled__2022-12-11T22:41:00+00:00 [running]> on host 7e39590a7807
[2022-12-12 04:56:38,997] {taskinstance.py:1571} INFO - Exporting the following env vars:
AIRFLOW_CTX_DAG_OWNER=***
AIRFLOW_CTX_DAG_ID=first_dag
AIRFLOW_CTX_TASK_ID=world
AIRFLOW_CTX_EXECUTION_DATE=2022-12-11T22:41:00+00:00
AIRFLOW_CTX_TRY_NUMBER=1
AIRFLOW_CTX_DAG_RUN_ID=scheduled__2022-12-11T22:41:00+00:00
[2022-12-12 04:56:39,016] {logging_mixin.py:115} INFO - Airflow
[2022-12-12 04:56:39,038] {python.py:173} INFO - Done. Returned value was: None
[2022-12-12 04:56:39,072] {taskinstance.py:1400} INFO - Marking task as SUCCESS. dag_id=first_dag, task_id=world, execution_date=20221211T224100, start_date=20221212T045635, end_date=20221212T045639
[2022-12-12 04:56:39,155] {local_task_job.py:156} INFO - Task exited with return code 0
[2022-12-12 04:56:39,331] {local_task_job.py:273} INFO - 1 downstream tasks scheduled from follow-on schedule check
