[2022-12-11 16:39:07,252] {taskinstance.py:1159} INFO - Dependencies all met for <TaskInstance: first_dag.world manual__2022-12-11T16:39:04.244757+00:00 [queued]>
[2022-12-11 16:39:07,274] {taskinstance.py:1159} INFO - Dependencies all met for <TaskInstance: first_dag.world manual__2022-12-11T16:39:04.244757+00:00 [queued]>
[2022-12-11 16:39:07,275] {taskinstance.py:1356} INFO - 
--------------------------------------------------------------------------------
[2022-12-11 16:39:07,276] {taskinstance.py:1357} INFO - Starting attempt 1 of 1
[2022-12-11 16:39:07,277] {taskinstance.py:1358} INFO - 
--------------------------------------------------------------------------------
[2022-12-11 16:39:07,297] {taskinstance.py:1377} INFO - Executing <Task(PythonOperator): world> on 2022-12-11 16:39:04.244757+00:00
[2022-12-11 16:39:07,304] {standard_task_runner.py:52} INFO - Started process 3295 to run task
[2022-12-11 16:39:07,314] {standard_task_runner.py:79} INFO - Running: ['***', 'tasks', 'run', 'first_dag', 'world', 'manual__2022-12-11T16:39:04.244757+00:00', '--job-id', '1023', '--raw', '--subdir', 'DAGS_FOLDER/first-dag.py', '--cfg-path', '/tmp/tmp5f56w6uk', '--error-file', '/tmp/tmpq7e5rkrh']
[2022-12-11 16:39:07,317] {standard_task_runner.py:80} INFO - Job 1023: Subtask world
[2022-12-11 16:39:07,409] {task_command.py:369} INFO - Running <TaskInstance: first_dag.world manual__2022-12-11T16:39:04.244757+00:00 [running]> on host 7e39590a7807
[2022-12-11 16:39:07,567] {taskinstance.py:1571} INFO - Exporting the following env vars:
AIRFLOW_CTX_DAG_OWNER=***
AIRFLOW_CTX_DAG_ID=first_dag
AIRFLOW_CTX_TASK_ID=world
AIRFLOW_CTX_EXECUTION_DATE=2022-12-11T16:39:04.244757+00:00
AIRFLOW_CTX_TRY_NUMBER=1
AIRFLOW_CTX_DAG_RUN_ID=manual__2022-12-11T16:39:04.244757+00:00
[2022-12-11 16:39:07,571] {logging_mixin.py:115} INFO - Airflow
[2022-12-11 16:39:07,572] {python.py:173} INFO - Done. Returned value was: None
[2022-12-11 16:39:07,595] {taskinstance.py:1400} INFO - Marking task as SUCCESS. dag_id=first_dag, task_id=world, execution_date=20221211T163904, start_date=20221211T163907, end_date=20221211T163907
[2022-12-11 16:39:07,645] {local_task_job.py:156} INFO - Task exited with return code 0
[2022-12-11 16:39:07,724] {local_task_job.py:273} INFO - 1 downstream tasks scheduled from follow-on schedule check
