[2022-12-11 14:03:58,919] {taskinstance.py:1159} INFO - Dependencies all met for <TaskInstance: first_dag.hello_task scheduled__2022-12-10T00:00:00+00:00 [queued]>
[2022-12-11 14:03:58,976] {taskinstance.py:1159} INFO - Dependencies all met for <TaskInstance: first_dag.hello_task scheduled__2022-12-10T00:00:00+00:00 [queued]>
[2022-12-11 14:03:58,978] {taskinstance.py:1356} INFO - 
--------------------------------------------------------------------------------
[2022-12-11 14:03:58,980] {taskinstance.py:1357} INFO - Starting attempt 1 of 1
[2022-12-11 14:03:58,986] {taskinstance.py:1358} INFO - 
--------------------------------------------------------------------------------
[2022-12-11 14:03:59,104] {taskinstance.py:1377} INFO - Executing <Task(BashOperator): hello_task> on 2022-12-10 00:00:00+00:00
[2022-12-11 14:03:59,138] {standard_task_runner.py:52} INFO - Started process 185 to run task
[2022-12-11 14:03:59,211] {standard_task_runner.py:79} INFO - Running: ['***', 'tasks', 'run', 'first_dag', 'hello_task', 'scheduled__2022-12-10T00:00:00+00:00', '--job-id', '324', '--raw', '--subdir', 'DAGS_FOLDER/first-dag.py', '--cfg-path', '/tmp/tmp_cu2t6vn', '--error-file', '/tmp/tmpeitolxu1']
[2022-12-11 14:03:59,225] {standard_task_runner.py:80} INFO - Job 324: Subtask hello_task
[2022-12-11 14:03:59,708] {task_command.py:369} INFO - Running <TaskInstance: first_dag.hello_task scheduled__2022-12-10T00:00:00+00:00 [running]> on host 7e39590a7807
[2022-12-11 14:04:00,468] {taskinstance.py:1571} INFO - Exporting the following env vars:
AIRFLOW_CTX_DAG_OWNER=***
AIRFLOW_CTX_DAG_ID=first_dag
AIRFLOW_CTX_TASK_ID=hello_task
AIRFLOW_CTX_EXECUTION_DATE=2022-12-10T00:00:00+00:00
AIRFLOW_CTX_TRY_NUMBER=1
AIRFLOW_CTX_DAG_RUN_ID=scheduled__2022-12-10T00:00:00+00:00
[2022-12-11 14:04:00,473] {subprocess.py:62} INFO - Tmp dir root location: 
 /tmp
[2022-12-11 14:04:00,476] {subprocess.py:74} INFO - Running command: ['bash', '-c', 'echo hello']
[2022-12-11 14:04:00,690] {subprocess.py:85} INFO - Output:
[2022-12-11 14:04:00,778] {subprocess.py:92} INFO - hello
[2022-12-11 14:04:00,780] {subprocess.py:96} INFO - Command exited with return code 0
[2022-12-11 14:04:00,956] {taskinstance.py:1400} INFO - Marking task as SUCCESS. dag_id=first_dag, task_id=hello_task, execution_date=20221210T000000, start_date=20221211T140358, end_date=20221211T140400
[2022-12-11 14:04:01,069] {local_task_job.py:156} INFO - Task exited with return code 0
[2022-12-11 14:04:01,150] {local_task_job.py:273} INFO - 1 downstream tasks scheduled from follow-on schedule check
