[2022-12-11 20:29:19,276] {taskinstance.py:1159} INFO - Dependencies all met for <TaskInstance: first_dag.hello_task manual__2022-12-11T20:29:14.809239+00:00 [queued]>
[2022-12-11 20:29:19,349] {taskinstance.py:1159} INFO - Dependencies all met for <TaskInstance: first_dag.hello_task manual__2022-12-11T20:29:14.809239+00:00 [queued]>
[2022-12-11 20:29:19,350] {taskinstance.py:1356} INFO - 
--------------------------------------------------------------------------------
[2022-12-11 20:29:19,360] {taskinstance.py:1357} INFO - Starting attempt 1 of 1
[2022-12-11 20:29:19,362] {taskinstance.py:1358} INFO - 
--------------------------------------------------------------------------------
[2022-12-11 20:29:19,511] {taskinstance.py:1377} INFO - Executing <Task(BashOperator): hello_task> on 2022-12-11 20:29:14.809239+00:00
[2022-12-11 20:29:19,538] {standard_task_runner.py:52} INFO - Started process 6000 to run task
[2022-12-11 20:29:19,573] {standard_task_runner.py:79} INFO - Running: ['***', 'tasks', 'run', 'first_dag', 'hello_task', 'manual__2022-12-11T20:29:14.809239+00:00', '--job-id', '1441', '--raw', '--subdir', 'DAGS_FOLDER/first-dag.py', '--cfg-path', '/tmp/tmpgegrf_dl', '--error-file', '/tmp/tmpvho4hkg8']
[2022-12-11 20:29:19,581] {standard_task_runner.py:80} INFO - Job 1441: Subtask hello_task
[2022-12-11 20:29:20,151] {task_command.py:369} INFO - Running <TaskInstance: first_dag.hello_task manual__2022-12-11T20:29:14.809239+00:00 [running]> on host 7e39590a7807
[2022-12-11 20:29:29,081] {taskinstance.py:1571} INFO - Exporting the following env vars:
AIRFLOW_CTX_DAG_OWNER=***
AIRFLOW_CTX_DAG_ID=first_dag
AIRFLOW_CTX_TASK_ID=hello_task
AIRFLOW_CTX_EXECUTION_DATE=2022-12-11T20:29:14.809239+00:00
AIRFLOW_CTX_TRY_NUMBER=1
AIRFLOW_CTX_DAG_RUN_ID=manual__2022-12-11T20:29:14.809239+00:00
[2022-12-11 20:29:29,106] {subprocess.py:62} INFO - Tmp dir root location: 
 /tmp
[2022-12-11 20:29:29,134] {subprocess.py:74} INFO - Running command: ['bash', '-c', 'echo hello']
[2022-12-11 20:29:29,398] {subprocess.py:85} INFO - Output:
[2022-12-11 20:29:29,438] {subprocess.py:92} INFO - hello
[2022-12-11 20:29:29,455] {subprocess.py:96} INFO - Command exited with return code 0
[2022-12-11 20:29:29,593] {taskinstance.py:1400} INFO - Marking task as SUCCESS. dag_id=first_dag, task_id=hello_task, execution_date=20221211T202914, start_date=20221211T202919, end_date=20221211T202929
[2022-12-11 20:29:29,733] {local_task_job.py:156} INFO - Task exited with return code 0
[2022-12-11 20:29:29,966] {local_task_job.py:273} INFO - 1 downstream tasks scheduled from follow-on schedule check
