[2022-12-04 15:57:19,953] {taskinstance.py:1159} INFO - Dependencies all met for <TaskInstance: first_dag.hel1o scheduled__2022-01-07T00:00:00+00:00 [queued]>
[2022-12-04 15:57:20,010] {taskinstance.py:1159} INFO - Dependencies all met for <TaskInstance: first_dag.hel1o scheduled__2022-01-07T00:00:00+00:00 [queued]>
[2022-12-04 15:57:20,012] {taskinstance.py:1356} INFO - 
--------------------------------------------------------------------------------
[2022-12-04 15:57:20,014] {taskinstance.py:1357} INFO - Starting attempt 1 of 1
[2022-12-04 15:57:20,015] {taskinstance.py:1358} INFO - 
--------------------------------------------------------------------------------
[2022-12-04 15:57:20,104] {taskinstance.py:1377} INFO - Executing <Task(BashOperator): hel1o> on 2022-01-07 00:00:00+00:00
[2022-12-04 15:57:20,114] {standard_task_runner.py:52} INFO - Started process 274 to run task
[2022-12-04 15:57:20,154] {standard_task_runner.py:79} INFO - Running: ['***', 'tasks', 'run', 'first_dag', 'hel1o', 'scheduled__2022-01-07T00:00:00+00:00', '--job-id', '9', '--raw', '--subdir', 'DAGS_FOLDER/first-dag.py', '--cfg-path', '/tmp/tmp3jw663z3', '--error-file', '/tmp/tmpzty97uwr']
[2022-12-04 15:57:20,164] {standard_task_runner.py:80} INFO - Job 9: Subtask hel1o
[2022-12-04 15:57:20,437] {task_command.py:369} INFO - Running <TaskInstance: first_dag.hel1o scheduled__2022-01-07T00:00:00+00:00 [running]> on host fb90b48d1471
[2022-12-04 15:57:20,672] {taskinstance.py:1571} INFO - Exporting the following env vars:
AIRFLOW_CTX_DAG_OWNER=***
AIRFLOW_CTX_DAG_ID=first_dag
AIRFLOW_CTX_TASK_ID=hel1o
AIRFLOW_CTX_EXECUTION_DATE=2022-01-07T00:00:00+00:00
AIRFLOW_CTX_TRY_NUMBER=1
AIRFLOW_CTX_DAG_RUN_ID=scheduled__2022-01-07T00:00:00+00:00
[2022-12-04 15:57:20,678] {subprocess.py:62} INFO - Tmp dir root location: 
 /tmp
[2022-12-04 15:57:20,681] {subprocess.py:74} INFO - Running command: ['bash', '-c', 'echohe11o']
[2022-12-04 15:57:20,693] {subprocess.py:85} INFO - Output:
[2022-12-04 15:57:20,697] {subprocess.py:92} INFO - bash: line 1: echohe11o: command not found
[2022-12-04 15:57:20,700] {subprocess.py:96} INFO - Command exited with return code 127
[2022-12-04 15:57:20,734] {taskinstance.py:1889} ERROR - Task failed with exception
Traceback (most recent call last):
  File "/home/airflow/.local/lib/python3.7/site-packages/airflow/operators/bash.py", line 195, in execute
    f'Bash command failed. The command returned a non-zero exit code {result.exit_code}.'
airflow.exceptions.AirflowException: Bash command failed. The command returned a non-zero exit code 127.
[2022-12-04 15:57:20,741] {taskinstance.py:1400} INFO - Marking task as FAILED. dag_id=first_dag, task_id=hel1o, execution_date=20220107T000000, start_date=20221204T155719, end_date=20221204T155720
[2022-12-04 15:57:20,768] {standard_task_runner.py:97} ERROR - Failed to execute job 9 for task hel1o (Bash command failed. The command returned a non-zero exit code 127.; 274)
[2022-12-04 15:57:20,797] {local_task_job.py:156} INFO - Task exited with return code 1
[2022-12-04 15:57:20,893] {local_task_job.py:273} INFO - 0 downstream tasks scheduled from follow-on schedule check
