[2022-12-11 20:37:56,777] {taskinstance.py:1159} INFO - Dependencies all met for <TaskInstance: first_dag.world manual__2022-12-11T20:37:45.779524+00:00 [queued]>
[2022-12-11 20:37:56,794] {taskinstance.py:1159} INFO - Dependencies all met for <TaskInstance: first_dag.world manual__2022-12-11T20:37:45.779524+00:00 [queued]>
[2022-12-11 20:37:56,795] {taskinstance.py:1356} INFO - 
--------------------------------------------------------------------------------
[2022-12-11 20:37:56,796] {taskinstance.py:1357} INFO - Starting attempt 1 of 1
[2022-12-11 20:37:56,797] {taskinstance.py:1358} INFO - 
--------------------------------------------------------------------------------
[2022-12-11 20:37:56,842] {taskinstance.py:1377} INFO - Executing <Task(PythonOperator): world> on 2022-12-11 20:37:45.779524+00:00
[2022-12-11 20:37:56,855] {standard_task_runner.py:52} INFO - Started process 6154 to run task
[2022-12-11 20:37:56,878] {standard_task_runner.py:79} INFO - Running: ['***', 'tasks', 'run', 'first_dag', 'world', 'manual__2022-12-11T20:37:45.779524+00:00', '--job-id', '1477', '--raw', '--subdir', 'DAGS_FOLDER/first-dag.py', '--cfg-path', '/tmp/tmpuctun2wf', '--error-file', '/tmp/tmpyckmes62']
[2022-12-11 20:37:56,881] {standard_task_runner.py:80} INFO - Job 1477: Subtask world
[2022-12-11 20:38:00,126] {task_command.py:369} INFO - Running <TaskInstance: first_dag.world manual__2022-12-11T20:37:45.779524+00:00 [running]> on host 7e39590a7807
[2022-12-11 20:38:01,159] {taskinstance.py:1571} INFO - Exporting the following env vars:
AIRFLOW_CTX_DAG_OWNER=***
AIRFLOW_CTX_DAG_ID=first_dag
AIRFLOW_CTX_TASK_ID=world
AIRFLOW_CTX_EXECUTION_DATE=2022-12-11T20:37:45.779524+00:00
AIRFLOW_CTX_TRY_NUMBER=1
AIRFLOW_CTX_DAG_RUN_ID=manual__2022-12-11T20:37:45.779524+00:00
[2022-12-11 20:38:01,165] {logging_mixin.py:115} INFO - Airflow
[2022-12-11 20:38:01,166] {python.py:173} INFO - Done. Returned value was: None
[2022-12-11 20:38:01,220] {taskinstance.py:1400} INFO - Marking task as SUCCESS. dag_id=first_dag, task_id=world, execution_date=20221211T203745, start_date=20221211T203756, end_date=20221211T203801
[2022-12-11 20:38:01,355] {local_task_job.py:156} INFO - Task exited with return code 0
[2022-12-11 20:38:01,507] {local_task_job.py:273} INFO - 1 downstream tasks scheduled from follow-on schedule check
