[2022-12-11 21:21:46,329] {taskinstance.py:1159} INFO - Dependencies all met for <TaskInstance: first_dag.write_diff_task scheduled__2022-12-11T21:15:00+00:00 [queued]>
[2022-12-11 21:21:46,382] {taskinstance.py:1159} INFO - Dependencies all met for <TaskInstance: first_dag.write_diff_task scheduled__2022-12-11T21:15:00+00:00 [queued]>
[2022-12-11 21:21:46,384] {taskinstance.py:1356} INFO - 
--------------------------------------------------------------------------------
[2022-12-11 21:21:46,385] {taskinstance.py:1357} INFO - Starting attempt 1 of 1
[2022-12-11 21:21:46,386] {taskinstance.py:1358} INFO - 
--------------------------------------------------------------------------------
[2022-12-11 21:21:46,454] {taskinstance.py:1377} INFO - Executing <Task(PythonOperator): write_diff_task> on 2022-12-11 21:15:00+00:00
[2022-12-11 21:21:46,473] {standard_task_runner.py:52} INFO - Started process 6610 to run task
[2022-12-11 21:21:46,510] {standard_task_runner.py:79} INFO - Running: ['***', 'tasks', 'run', 'first_dag', 'write_diff_task', 'scheduled__2022-12-11T21:15:00+00:00', '--job-id', '1538', '--raw', '--subdir', 'DAGS_FOLDER/first-dag.py', '--cfg-path', '/tmp/tmpp9kzfzj8', '--error-file', '/tmp/tmpfxbi6qn3']
[2022-12-11 21:21:46,528] {standard_task_runner.py:80} INFO - Job 1538: Subtask write_diff_task
[2022-12-11 21:21:46,936] {task_command.py:369} INFO - Running <TaskInstance: first_dag.write_diff_task scheduled__2022-12-11T21:15:00+00:00 [running]> on host 7e39590a7807
[2022-12-11 21:21:47,593] {taskinstance.py:1571} INFO - Exporting the following env vars:
AIRFLOW_CTX_DAG_OWNER=***
AIRFLOW_CTX_DAG_ID=first_dag
AIRFLOW_CTX_TASK_ID=write_diff_task
AIRFLOW_CTX_EXECUTION_DATE=2022-12-11T21:15:00+00:00
AIRFLOW_CTX_TRY_NUMBER=1
AIRFLOW_CTX_DAG_RUN_ID=scheduled__2022-12-11T21:15:00+00:00
[2022-12-11 21:21:47,742] {python.py:173} INFO - Done. Returned value was: None
[2022-12-11 21:21:47,812] {taskinstance.py:1400} INFO - Marking task as SUCCESS. dag_id=first_dag, task_id=write_diff_task, execution_date=20221211T211500, start_date=20221211T212146, end_date=20221211T212147
[2022-12-11 21:21:47,867] {local_task_job.py:156} INFO - Task exited with return code 0
[2022-12-11 21:21:48,108] {local_task_job.py:273} INFO - 1 downstream tasks scheduled from follow-on schedule check
