[2022-12-12 05:26:38,912] {taskinstance.py:1159} INFO - Dependencies all met for <TaskInstance: first_dag.branch_operator manual__2022-12-12T05:25:27.068019+00:00 [queued]>
[2022-12-12 05:26:38,934] {taskinstance.py:1159} INFO - Dependencies all met for <TaskInstance: first_dag.branch_operator manual__2022-12-12T05:25:27.068019+00:00 [queued]>
[2022-12-12 05:26:38,935] {taskinstance.py:1356} INFO - 
--------------------------------------------------------------------------------
[2022-12-12 05:26:38,936] {taskinstance.py:1357} INFO - Starting attempt 1 of 1
[2022-12-12 05:26:38,937] {taskinstance.py:1358} INFO - 
--------------------------------------------------------------------------------
[2022-12-12 05:26:38,964] {taskinstance.py:1377} INFO - Executing <Task(BranchPythonOperator): branch_operator> on 2022-12-12 05:25:27.068019+00:00
[2022-12-12 05:26:38,976] {standard_task_runner.py:52} INFO - Started process 7820 to run task
[2022-12-12 05:26:38,981] {standard_task_runner.py:79} INFO - Running: ['***', 'tasks', 'run', 'first_dag', 'branch_operator', 'manual__2022-12-12T05:25:27.068019+00:00', '--job-id', '1660', '--raw', '--subdir', 'DAGS_FOLDER/first-dag.py', '--cfg-path', '/tmp/tmpc7wkzr7h', '--error-file', '/tmp/tmp9uzryjl_']
[2022-12-12 05:26:38,984] {standard_task_runner.py:80} INFO - Job 1660: Subtask branch_operator
[2022-12-12 05:26:39,077] {task_command.py:369} INFO - Running <TaskInstance: first_dag.branch_operator manual__2022-12-12T05:25:27.068019+00:00 [running]> on host 7e39590a7807
[2022-12-12 05:26:39,197] {taskinstance.py:1571} INFO - Exporting the following env vars:
AIRFLOW_CTX_DAG_OWNER=***
AIRFLOW_CTX_DAG_ID=first_dag
AIRFLOW_CTX_TASK_ID=branch_operator
AIRFLOW_CTX_EXECUTION_DATE=2022-12-12T05:25:27.068019+00:00
AIRFLOW_CTX_TRY_NUMBER=1
AIRFLOW_CTX_DAG_RUN_ID=manual__2022-12-12T05:25:27.068019+00:00
[2022-12-12 05:26:39,219] {python.py:173} INFO - Done. Returned value was: create_task_table
[2022-12-12 05:26:39,221] {skipmixin.py:140} INFO - Following branch create_task_table
[2022-12-12 05:26:39,223] {skipmixin.py:175} INFO - Skipping tasks ['bash_error']
[2022-12-12 05:26:39,353] {taskinstance.py:1400} INFO - Marking task as SUCCESS. dag_id=first_dag, task_id=branch_operator, execution_date=20221212T052527, start_date=20221212T052638, end_date=20221212T052639
[2022-12-12 05:26:39,402] {local_task_job.py:156} INFO - Task exited with return code 0
[2022-12-12 05:26:39,479] {local_task_job.py:273} INFO - 0 downstream tasks scheduled from follow-on schedule check
