[2022-12-11 16:16:02,769] {taskinstance.py:1159} INFO - Dependencies all met for <TaskInstance: first_dag.world scheduled__2022-12-11T16:15:00+00:00 [queued]>
[2022-12-11 16:16:02,784] {taskinstance.py:1159} INFO - Dependencies all met for <TaskInstance: first_dag.world scheduled__2022-12-11T16:15:00+00:00 [queued]>
[2022-12-11 16:16:02,785] {taskinstance.py:1356} INFO - 
--------------------------------------------------------------------------------
[2022-12-11 16:16:02,787] {taskinstance.py:1357} INFO - Starting attempt 1 of 1
[2022-12-11 16:16:02,788] {taskinstance.py:1358} INFO - 
--------------------------------------------------------------------------------
[2022-12-11 16:16:02,810] {taskinstance.py:1377} INFO - Executing <Task(PythonOperator): world> on 2022-12-11 16:15:00+00:00
[2022-12-11 16:16:02,815] {standard_task_runner.py:52} INFO - Started process 2994 to run task
[2022-12-11 16:16:02,823] {standard_task_runner.py:79} INFO - Running: ['***', 'tasks', 'run', 'first_dag', 'world', 'scheduled__2022-12-11T16:15:00+00:00', '--job-id', '1005', '--raw', '--subdir', 'DAGS_FOLDER/first-dag.py', '--cfg-path', '/tmp/tmpfmyjmqm4', '--error-file', '/tmp/tmp89zcareb']
[2022-12-11 16:16:02,826] {standard_task_runner.py:80} INFO - Job 1005: Subtask world
[2022-12-11 16:16:02,915] {task_command.py:369} INFO - Running <TaskInstance: first_dag.world scheduled__2022-12-11T16:15:00+00:00 [running]> on host 7e39590a7807
[2022-12-11 16:16:03,039] {taskinstance.py:1571} INFO - Exporting the following env vars:
AIRFLOW_CTX_DAG_OWNER=***
AIRFLOW_CTX_DAG_ID=first_dag
AIRFLOW_CTX_TASK_ID=world
AIRFLOW_CTX_EXECUTION_DATE=2022-12-11T16:15:00+00:00
AIRFLOW_CTX_TRY_NUMBER=1
AIRFLOW_CTX_DAG_RUN_ID=scheduled__2022-12-11T16:15:00+00:00
[2022-12-11 16:16:03,042] {logging_mixin.py:115} INFO - Airflow
[2022-12-11 16:16:03,044] {python.py:173} INFO - Done. Returned value was: None
[2022-12-11 16:16:03,068] {taskinstance.py:1400} INFO - Marking task as SUCCESS. dag_id=first_dag, task_id=world, execution_date=20221211T161500, start_date=20221211T161602, end_date=20221211T161603
[2022-12-11 16:16:03,115] {local_task_job.py:156} INFO - Task exited with return code 0
[2022-12-11 16:16:03,182] {local_task_job.py:273} INFO - 1 downstream tasks scheduled from follow-on schedule check
