[2022-12-11 14:43:06,225] {taskinstance.py:1159} INFO - Dependencies all met for <TaskInstance: first_dag.write_diff_task scheduled__2022-12-11T14:42:00+00:00 [queued]>
[2022-12-11 14:43:06,239] {taskinstance.py:1159} INFO - Dependencies all met for <TaskInstance: first_dag.write_diff_task scheduled__2022-12-11T14:42:00+00:00 [queued]>
[2022-12-11 14:43:06,240] {taskinstance.py:1356} INFO - 
--------------------------------------------------------------------------------
[2022-12-11 14:43:06,241] {taskinstance.py:1357} INFO - Starting attempt 1 of 1
[2022-12-11 14:43:06,242] {taskinstance.py:1358} INFO - 
--------------------------------------------------------------------------------
[2022-12-11 14:43:06,260] {taskinstance.py:1377} INFO - Executing <Task(PythonOperator): write_diff_task> on 2022-12-11 14:42:00+00:00
[2022-12-11 14:43:06,267] {standard_task_runner.py:52} INFO - Started process 1309 to run task
[2022-12-11 14:43:06,281] {standard_task_runner.py:79} INFO - Running: ['***', 'tasks', 'run', 'first_dag', 'write_diff_task', 'scheduled__2022-12-11T14:42:00+00:00', '--job-id', '606', '--raw', '--subdir', 'DAGS_FOLDER/first-dag.py', '--cfg-path', '/tmp/tmpoibttmgl', '--error-file', '/tmp/tmplc2bsz_8']
[2022-12-11 14:43:06,284] {standard_task_runner.py:80} INFO - Job 606: Subtask write_diff_task
[2022-12-11 14:43:06,367] {task_command.py:369} INFO - Running <TaskInstance: first_dag.write_diff_task scheduled__2022-12-11T14:42:00+00:00 [running]> on host 7e39590a7807
[2022-12-11 14:43:06,474] {taskinstance.py:1571} INFO - Exporting the following env vars:
AIRFLOW_CTX_DAG_OWNER=***
AIRFLOW_CTX_DAG_ID=first_dag
AIRFLOW_CTX_TASK_ID=write_diff_task
AIRFLOW_CTX_EXECUTION_DATE=2022-12-11T14:42:00+00:00
AIRFLOW_CTX_TRY_NUMBER=1
AIRFLOW_CTX_DAG_RUN_ID=scheduled__2022-12-11T14:42:00+00:00
[2022-12-11 14:43:06,506] {logging_mixin.py:115} INFO - res 4
[2022-12-11 14:43:06,508] {taskinstance.py:1889} ERROR - Task failed with exception
Traceback (most recent call last):
  File "/home/airflow/.local/lib/python3.7/site-packages/airflow/operators/python.py", line 171, in execute
    return_value = self.execute_callable()
  File "/home/airflow/.local/lib/python3.7/site-packages/airflow/operators/python.py", line 189, in execute_callable
    return self.python_callable(*self.op_args, **self.op_kwargs)
  File "/opt/airflow/dags/first-dag.py", line 57, in write_diff
    f.write(res+"\n")
TypeError: unsupported operand type(s) for +: 'int' and 'str'
[2022-12-11 14:43:06,526] {taskinstance.py:1400} INFO - Marking task as FAILED. dag_id=first_dag, task_id=write_diff_task, execution_date=20221211T144200, start_date=20221211T144306, end_date=20221211T144306
[2022-12-11 14:43:06,539] {standard_task_runner.py:97} ERROR - Failed to execute job 606 for task write_diff_task (unsupported operand type(s) for +: 'int' and 'str'; 1309)
[2022-12-11 14:43:06,571] {local_task_job.py:156} INFO - Task exited with return code 1
[2022-12-11 14:43:06,631] {local_task_job.py:273} INFO - 0 downstream tasks scheduled from follow-on schedule check
