[2022-12-11 18:16:45,482] {taskinstance.py:1159} INFO - Dependencies all met for <TaskInstance: first_dag.write_diff_task manual__2022-12-11T18:16:30.357931+00:00 [queued]>
[2022-12-11 18:16:45,498] {taskinstance.py:1159} INFO - Dependencies all met for <TaskInstance: first_dag.write_diff_task manual__2022-12-11T18:16:30.357931+00:00 [queued]>
[2022-12-11 18:16:45,500] {taskinstance.py:1356} INFO - 
--------------------------------------------------------------------------------
[2022-12-11 18:16:45,501] {taskinstance.py:1357} INFO - Starting attempt 1 of 1
[2022-12-11 18:16:45,502] {taskinstance.py:1358} INFO - 
--------------------------------------------------------------------------------
[2022-12-11 18:16:45,523] {taskinstance.py:1377} INFO - Executing <Task(PythonOperator): write_diff_task> on 2022-12-11 18:16:30.357931+00:00
[2022-12-11 18:16:45,532] {standard_task_runner.py:52} INFO - Started process 4248 to run task
[2022-12-11 18:16:45,544] {standard_task_runner.py:79} INFO - Running: ['***', 'tasks', 'run', 'first_dag', 'write_diff_task', 'manual__2022-12-11T18:16:30.357931+00:00', '--job-id', '1164', '--raw', '--subdir', 'DAGS_FOLDER/first-dag.py', '--cfg-path', '/tmp/tmpq76472u1', '--error-file', '/tmp/tmpe2vcqamd']
[2022-12-11 18:16:45,547] {standard_task_runner.py:80} INFO - Job 1164: Subtask write_diff_task
[2022-12-11 18:16:45,627] {task_command.py:369} INFO - Running <TaskInstance: first_dag.write_diff_task manual__2022-12-11T18:16:30.357931+00:00 [running]> on host 7e39590a7807
[2022-12-11 18:16:45,724] {taskinstance.py:1571} INFO - Exporting the following env vars:
AIRFLOW_CTX_DAG_OWNER=***
AIRFLOW_CTX_DAG_ID=first_dag
AIRFLOW_CTX_TASK_ID=write_diff_task
AIRFLOW_CTX_EXECUTION_DATE=2022-12-11T18:16:30.357931+00:00
AIRFLOW_CTX_TRY_NUMBER=1
AIRFLOW_CTX_DAG_RUN_ID=manual__2022-12-11T18:16:30.357931+00:00
[2022-12-11 18:16:45,777] {python.py:173} INFO - Done. Returned value was: None
[2022-12-11 18:16:45,795] {taskinstance.py:1400} INFO - Marking task as SUCCESS. dag_id=first_dag, task_id=write_diff_task, execution_date=20221211T181630, start_date=20221211T181645, end_date=20221211T181645
[2022-12-11 18:16:45,877] {local_task_job.py:156} INFO - Task exited with return code 0
[2022-12-11 18:16:45,958] {local_task_job.py:273} INFO - 1 downstream tasks scheduled from follow-on schedule check
