[2022-12-11 14:35:06,324] {taskinstance.py:1159} INFO - Dependencies all met for <TaskInstance: first_dag.write_diff_task scheduled__2022-12-11T14:34:00+00:00 [queued]>
[2022-12-11 14:35:06,337] {taskinstance.py:1159} INFO - Dependencies all met for <TaskInstance: first_dag.write_diff_task scheduled__2022-12-11T14:34:00+00:00 [queued]>
[2022-12-11 14:35:06,338] {taskinstance.py:1356} INFO - 
--------------------------------------------------------------------------------
[2022-12-11 14:35:06,339] {taskinstance.py:1357} INFO - Starting attempt 1 of 1
[2022-12-11 14:35:06,339] {taskinstance.py:1358} INFO - 
--------------------------------------------------------------------------------
[2022-12-11 14:35:06,357] {taskinstance.py:1377} INFO - Executing <Task(PythonOperator): write_diff_task> on 2022-12-11 14:34:00+00:00
[2022-12-11 14:35:06,362] {standard_task_runner.py:52} INFO - Started process 944 to run task
[2022-12-11 14:35:06,369] {standard_task_runner.py:79} INFO - Running: ['***', 'tasks', 'run', 'first_dag', 'write_diff_task', 'scheduled__2022-12-11T14:34:00+00:00', '--job-id', '511', '--raw', '--subdir', 'DAGS_FOLDER/first-dag.py', '--cfg-path', '/tmp/tmplyftuhyi', '--error-file', '/tmp/tmp9u9xpbdi']
[2022-12-11 14:35:06,372] {standard_task_runner.py:80} INFO - Job 511: Subtask write_diff_task
[2022-12-11 14:35:06,455] {task_command.py:369} INFO - Running <TaskInstance: first_dag.write_diff_task scheduled__2022-12-11T14:34:00+00:00 [running]> on host 7e39590a7807
[2022-12-11 14:35:06,622] {taskinstance.py:1571} INFO - Exporting the following env vars:
AIRFLOW_CTX_DAG_OWNER=***
AIRFLOW_CTX_DAG_ID=first_dag
AIRFLOW_CTX_TASK_ID=write_diff_task
AIRFLOW_CTX_EXECUTION_DATE=2022-12-11T14:34:00+00:00
AIRFLOW_CTX_TRY_NUMBER=1
AIRFLOW_CTX_DAG_RUN_ID=scheduled__2022-12-11T14:34:00+00:00
[2022-12-11 14:35:06,673] {logging_mixin.py:115} INFO - res -446
[2022-12-11 14:35:06,675] {python.py:173} INFO - Done. Returned value was: None
[2022-12-11 14:35:06,705] {taskinstance.py:1400} INFO - Marking task as SUCCESS. dag_id=first_dag, task_id=write_diff_task, execution_date=20221211T143400, start_date=20221211T143506, end_date=20221211T143506
[2022-12-11 14:35:06,751] {local_task_job.py:156} INFO - Task exited with return code 0
[2022-12-11 14:35:06,802] {local_task_job.py:273} INFO - 0 downstream tasks scheduled from follow-on schedule check
