[2022-12-10 17:09:17,182] {taskinstance.py:1159} INFO - Dependencies all met for <TaskInstance: first_dag.hello_task scheduled__2022-12-09T00:00:00+00:00 [queued]>
[2022-12-10 17:09:17,242] {taskinstance.py:1159} INFO - Dependencies all met for <TaskInstance: first_dag.hello_task scheduled__2022-12-09T00:00:00+00:00 [queued]>
[2022-12-10 17:09:17,250] {taskinstance.py:1356} INFO - 
--------------------------------------------------------------------------------
[2022-12-10 17:09:17,251] {taskinstance.py:1357} INFO - Starting attempt 1 of 1
[2022-12-10 17:09:17,252] {taskinstance.py:1358} INFO - 
--------------------------------------------------------------------------------
[2022-12-10 17:09:17,365] {taskinstance.py:1377} INFO - Executing <Task(BashOperator): hello_task> on 2022-12-09 00:00:00+00:00
[2022-12-10 17:09:17,375] {standard_task_runner.py:52} INFO - Started process 190 to run task
[2022-12-10 17:09:17,417] {standard_task_runner.py:79} INFO - Running: ['***', 'tasks', 'run', 'first_dag', 'hello_task', 'scheduled__2022-12-09T00:00:00+00:00', '--job-id', '306', '--raw', '--subdir', 'DAGS_FOLDER/first-dag.py', '--cfg-path', '/tmp/tmpf376gx8y', '--error-file', '/tmp/tmplkjzcexd']
[2022-12-10 17:09:17,435] {standard_task_runner.py:80} INFO - Job 306: Subtask hello_task
[2022-12-10 17:09:17,853] {task_command.py:369} INFO - Running <TaskInstance: first_dag.hello_task scheduled__2022-12-09T00:00:00+00:00 [running]> on host 4393b4454aa8
[2022-12-10 17:09:18,274] {taskinstance.py:1571} INFO - Exporting the following env vars:
AIRFLOW_CTX_DAG_OWNER=***
AIRFLOW_CTX_DAG_ID=first_dag
AIRFLOW_CTX_TASK_ID=hello_task
AIRFLOW_CTX_EXECUTION_DATE=2022-12-09T00:00:00+00:00
AIRFLOW_CTX_TRY_NUMBER=1
AIRFLOW_CTX_DAG_RUN_ID=scheduled__2022-12-09T00:00:00+00:00
[2022-12-10 17:09:18,277] {subprocess.py:62} INFO - Tmp dir root location: 
 /tmp
[2022-12-10 17:09:18,284] {subprocess.py:74} INFO - Running command: ['bash', '-c', 'echo hello']
[2022-12-10 17:09:18,334] {subprocess.py:85} INFO - Output:
[2022-12-10 17:09:18,347] {subprocess.py:92} INFO - hello
[2022-12-10 17:09:18,354] {subprocess.py:96} INFO - Command exited with return code 0
[2022-12-10 17:09:18,470] {taskinstance.py:1400} INFO - Marking task as SUCCESS. dag_id=first_dag, task_id=hello_task, execution_date=20221209T000000, start_date=20221210T170917, end_date=20221210T170918
[2022-12-10 17:09:18,570] {local_task_job.py:156} INFO - Task exited with return code 0
[2022-12-10 17:09:18,810] {local_task_job.py:273} INFO - 1 downstream tasks scheduled from follow-on schedule check
[2022-12-10 17:10:16,311] {taskinstance.py:1159} INFO - Dependencies all met for <TaskInstance: first_dag.hello_task scheduled__2022-12-09T00:00:00+00:00 [queued]>
[2022-12-10 17:10:16,325] {taskinstance.py:1159} INFO - Dependencies all met for <TaskInstance: first_dag.hello_task scheduled__2022-12-09T00:00:00+00:00 [queued]>
[2022-12-10 17:10:16,327] {taskinstance.py:1356} INFO - 
--------------------------------------------------------------------------------
[2022-12-10 17:10:16,328] {taskinstance.py:1357} INFO - Starting attempt 1 of 1
[2022-12-10 17:10:16,329] {taskinstance.py:1358} INFO - 
--------------------------------------------------------------------------------
[2022-12-10 17:10:16,353] {taskinstance.py:1377} INFO - Executing <Task(BashOperator): hello_task> on 2022-12-09 00:00:00+00:00
[2022-12-10 17:10:16,360] {standard_task_runner.py:52} INFO - Started process 227 to run task
[2022-12-10 17:10:16,380] {standard_task_runner.py:79} INFO - Running: ['***', 'tasks', 'run', 'first_dag', 'hello_task', 'scheduled__2022-12-09T00:00:00+00:00', '--job-id', '317', '--raw', '--subdir', 'DAGS_FOLDER/first-dag.py', '--cfg-path', '/tmp/tmp30clc20h', '--error-file', '/tmp/tmpwg7265dn']
[2022-12-10 17:10:16,390] {standard_task_runner.py:80} INFO - Job 317: Subtask hello_task
[2022-12-10 17:10:16,550] {task_command.py:369} INFO - Running <TaskInstance: first_dag.hello_task scheduled__2022-12-09T00:00:00+00:00 [running]> on host 4393b4454aa8
[2022-12-10 17:10:16,985] {taskinstance.py:1571} INFO - Exporting the following env vars:
AIRFLOW_CTX_DAG_OWNER=***
AIRFLOW_CTX_DAG_ID=first_dag
AIRFLOW_CTX_TASK_ID=hello_task
AIRFLOW_CTX_EXECUTION_DATE=2022-12-09T00:00:00+00:00
AIRFLOW_CTX_TRY_NUMBER=1
AIRFLOW_CTX_DAG_RUN_ID=scheduled__2022-12-09T00:00:00+00:00
[2022-12-10 17:10:16,992] {subprocess.py:62} INFO - Tmp dir root location: 
 /tmp
[2022-12-10 17:10:16,998] {subprocess.py:74} INFO - Running command: ['bash', '-c', 'echo hello']
[2022-12-10 17:10:17,058] {subprocess.py:85} INFO - Output:
[2022-12-10 17:10:17,099] {subprocess.py:92} INFO - hello
[2022-12-10 17:10:17,104] {subprocess.py:96} INFO - Command exited with return code 0
[2022-12-10 17:10:17,187] {taskinstance.py:1400} INFO - Marking task as SUCCESS. dag_id=first_dag, task_id=hello_task, execution_date=20221209T000000, start_date=20221210T171016, end_date=20221210T171017
[2022-12-10 17:10:17,208] {local_task_job.py:156} INFO - Task exited with return code 0
[2022-12-10 17:10:17,297] {local_task_job.py:273} INFO - 1 downstream tasks scheduled from follow-on schedule check
