[2022-12-11 14:08:04,716] {taskinstance.py:1159} INFO - Dependencies all met for <TaskInstance: first_dag.sum_column_task scheduled__2022-12-11T14:07:00+00:00 [queued]>
[2022-12-11 14:08:04,732] {taskinstance.py:1159} INFO - Dependencies all met for <TaskInstance: first_dag.sum_column_task scheduled__2022-12-11T14:07:00+00:00 [queued]>
[2022-12-11 14:08:04,733] {taskinstance.py:1356} INFO - 
--------------------------------------------------------------------------------
[2022-12-11 14:08:04,735] {taskinstance.py:1357} INFO - Starting attempt 1 of 1
[2022-12-11 14:08:04,736] {taskinstance.py:1358} INFO - 
--------------------------------------------------------------------------------
[2022-12-11 14:08:04,757] {taskinstance.py:1377} INFO - Executing <Task(PythonOperator): sum_column_task> on 2022-12-11 14:07:00+00:00
[2022-12-11 14:08:04,768] {standard_task_runner.py:52} INFO - Started process 304 to run task
[2022-12-11 14:08:04,773] {standard_task_runner.py:79} INFO - Running: ['***', 'tasks', 'run', 'first_dag', 'sum_column_task', 'scheduled__2022-12-11T14:07:00+00:00', '--job-id', '360', '--raw', '--subdir', 'DAGS_FOLDER/first-dag.py', '--cfg-path', '/tmp/tmphuubzafs', '--error-file', '/tmp/tmph0d6iwlq']
[2022-12-11 14:08:04,775] {standard_task_runner.py:80} INFO - Job 360: Subtask sum_column_task
[2022-12-11 14:08:04,885] {task_command.py:369} INFO - Running <TaskInstance: first_dag.sum_column_task scheduled__2022-12-11T14:07:00+00:00 [running]> on host 7e39590a7807
[2022-12-11 14:08:04,998] {taskinstance.py:1571} INFO - Exporting the following env vars:
AIRFLOW_CTX_DAG_OWNER=***
AIRFLOW_CTX_DAG_ID=first_dag
AIRFLOW_CTX_TASK_ID=sum_column_task
AIRFLOW_CTX_EXECUTION_DATE=2022-12-11T14:07:00+00:00
AIRFLOW_CTX_TRY_NUMBER=1
AIRFLOW_CTX_DAG_RUN_ID=scheduled__2022-12-11T14:07:00+00:00
[2022-12-11 14:08:05,018] {python.py:173} INFO - Done. Returned value was: 25948572699287
[2022-12-11 14:08:05,066] {taskinstance.py:1400} INFO - Marking task as SUCCESS. dag_id=first_dag, task_id=sum_column_task, execution_date=20221211T140700, start_date=20221211T140804, end_date=20221211T140805
[2022-12-11 14:08:05,112] {local_task_job.py:156} INFO - Task exited with return code 0
[2022-12-11 14:08:05,163] {local_task_job.py:273} INFO - 1 downstream tasks scheduled from follow-on schedule check
