[2022-12-04 17:09:00,841] {taskinstance.py:1159} INFO - Dependencies all met for <TaskInstance: first_dag.generate_two_int_task manual__2022-12-04T17:08:57.761349+00:00 [queued]>
[2022-12-04 17:09:00,856] {taskinstance.py:1159} INFO - Dependencies all met for <TaskInstance: first_dag.generate_two_int_task manual__2022-12-04T17:08:57.761349+00:00 [queued]>
[2022-12-04 17:09:00,857] {taskinstance.py:1356} INFO - 
--------------------------------------------------------------------------------
[2022-12-04 17:09:00,858] {taskinstance.py:1357} INFO - Starting attempt 1 of 1
[2022-12-04 17:09:00,859] {taskinstance.py:1358} INFO - 
--------------------------------------------------------------------------------
[2022-12-04 17:09:00,879] {taskinstance.py:1377} INFO - Executing <Task(PythonOperator): generate_two_int_task> on 2022-12-04 17:08:57.761349+00:00
[2022-12-04 17:09:00,883] {standard_task_runner.py:52} INFO - Started process 1316 to run task
[2022-12-04 17:09:00,888] {standard_task_runner.py:79} INFO - Running: ['***', 'tasks', 'run', 'first_dag', 'generate_two_int_task', 'manual__2022-12-04T17:08:57.761349+00:00', '--job-id', '197', '--raw', '--subdir', 'DAGS_FOLDER/first-dag.py', '--cfg-path', '/tmp/tmphjn9n5mx', '--error-file', '/tmp/tmphre3446z']
[2022-12-04 17:09:00,892] {standard_task_runner.py:80} INFO - Job 197: Subtask generate_two_int_task
[2022-12-04 17:09:00,983] {task_command.py:369} INFO - Running <TaskInstance: first_dag.generate_two_int_task manual__2022-12-04T17:08:57.761349+00:00 [running]> on host fb90b48d1471
[2022-12-04 17:09:01,097] {taskinstance.py:1571} INFO - Exporting the following env vars:
AIRFLOW_CTX_DAG_OWNER=***
AIRFLOW_CTX_DAG_ID=first_dag
AIRFLOW_CTX_TASK_ID=generate_two_int_task
AIRFLOW_CTX_EXECUTION_DATE=2022-12-04T17:08:57.761349+00:00
AIRFLOW_CTX_TRY_NUMBER=1
AIRFLOW_CTX_DAG_RUN_ID=manual__2022-12-04T17:08:57.761349+00:00
[2022-12-04 17:09:01,115] {logging_mixin.py:115} INFO - /tmp/file.txt
[2022-12-04 17:09:01,117] {python.py:173} INFO - Done. Returned value was: None
[2022-12-04 17:09:01,162] {taskinstance.py:1400} INFO - Marking task as SUCCESS. dag_id=first_dag, task_id=generate_two_int_task, execution_date=20221204T170857, start_date=20221204T170900, end_date=20221204T170901
[2022-12-04 17:09:01,230] {local_task_job.py:156} INFO - Task exited with return code 0
[2022-12-04 17:09:01,285] {local_task_job.py:273} INFO - 0 downstream tasks scheduled from follow-on schedule check
