[2022-12-12 04:56:49,466] {taskinstance.py:1159} INFO - Dependencies all met for <TaskInstance: first_dag.wait_for_file scheduled__2022-12-11T22:41:00+00:00 [queued]>
[2022-12-12 04:56:49,483] {taskinstance.py:1159} INFO - Dependencies all met for <TaskInstance: first_dag.wait_for_file scheduled__2022-12-11T22:41:00+00:00 [queued]>
[2022-12-12 04:56:49,485] {taskinstance.py:1356} INFO - 
--------------------------------------------------------------------------------
[2022-12-12 04:56:49,486] {taskinstance.py:1357} INFO - Starting attempt 1 of 3
[2022-12-12 04:56:49,487] {taskinstance.py:1358} INFO - 
--------------------------------------------------------------------------------
[2022-12-12 04:56:49,519] {taskinstance.py:1377} INFO - Executing <Task(PythonSensor): wait_for_file> on 2022-12-11 22:41:00+00:00
[2022-12-12 04:56:49,524] {standard_task_runner.py:52} INFO - Started process 7329 to run task
[2022-12-12 04:56:49,536] {standard_task_runner.py:79} INFO - Running: ['***', 'tasks', 'run', 'first_dag', 'wait_for_file', 'scheduled__2022-12-11T22:41:00+00:00', '--job-id', '1563', '--raw', '--subdir', 'DAGS_FOLDER/first-dag.py', '--cfg-path', '/tmp/tmpulnhb9rx', '--error-file', '/tmp/tmp2rlutiga']
[2022-12-12 04:56:49,541] {standard_task_runner.py:80} INFO - Job 1563: Subtask wait_for_file
[2022-12-12 04:56:49,697] {task_command.py:369} INFO - Running <TaskInstance: first_dag.wait_for_file scheduled__2022-12-11T22:41:00+00:00 [running]> on host 7e39590a7807
[2022-12-12 04:56:49,837] {taskinstance.py:1571} INFO - Exporting the following env vars:
AIRFLOW_CTX_DAG_OWNER=***
AIRFLOW_CTX_DAG_ID=first_dag
AIRFLOW_CTX_TASK_ID=wait_for_file
AIRFLOW_CTX_EXECUTION_DATE=2022-12-11T22:41:00+00:00
AIRFLOW_CTX_TRY_NUMBER=1
AIRFLOW_CTX_DAG_RUN_ID=scheduled__2022-12-11T22:41:00+00:00
[2022-12-12 04:56:49,842] {python.py:66} INFO - Poking callable: <function _wait_for_file at 0x7f6cec7a0560>
[2022-12-12 04:56:49,882] {logging_mixin.py:115} INFO - _wait_for_file True
[2022-12-12 04:57:09,866] {python.py:66} INFO - Poking callable: <function _wait_for_file at 0x7f6cec7a0560>
[2022-12-12 04:57:09,897] {logging_mixin.py:115} INFO - _wait_for_file True
[2022-12-12 04:57:29,892] {python.py:66} INFO - Poking callable: <function _wait_for_file at 0x7f6cec7a0560>
[2022-12-12 04:57:29,923] {logging_mixin.py:115} INFO - _wait_for_file True
[2022-12-12 04:57:49,946] {python.py:66} INFO - Poking callable: <function _wait_for_file at 0x7f6cec7a0560>
[2022-12-12 04:57:49,992] {logging_mixin.py:115} INFO - _wait_for_file True
[2022-12-12 04:58:09,983] {python.py:66} INFO - Poking callable: <function _wait_for_file at 0x7f6cec7a0560>
[2022-12-12 04:58:10,022] {logging_mixin.py:115} INFO - _wait_for_file True
[2022-12-12 04:58:30,013] {python.py:66} INFO - Poking callable: <function _wait_for_file at 0x7f6cec7a0560>
[2022-12-12 04:58:30,026] {logging_mixin.py:115} INFO - _wait_for_file True
[2022-12-12 04:58:50,052] {python.py:66} INFO - Poking callable: <function _wait_for_file at 0x7f6cec7a0560>
[2022-12-12 04:58:50,083] {logging_mixin.py:115} INFO - _wait_for_file True
[2022-12-12 04:59:10,089] {python.py:66} INFO - Poking callable: <function _wait_for_file at 0x7f6cec7a0560>
[2022-12-12 04:59:10,129] {logging_mixin.py:115} INFO - _wait_for_file True
[2022-12-12 04:59:30,117] {python.py:66} INFO - Poking callable: <function _wait_for_file at 0x7f6cec7a0560>
[2022-12-12 04:59:30,138] {logging_mixin.py:115} INFO - _wait_for_file True
[2022-12-12 04:59:50,146] {python.py:66} INFO - Poking callable: <function _wait_for_file at 0x7f6cec7a0560>
[2022-12-12 04:59:50,169] {logging_mixin.py:115} INFO - _wait_for_file True
[2022-12-12 05:00:10,159] {python.py:66} INFO - Poking callable: <function _wait_for_file at 0x7f6cec7a0560>
[2022-12-12 05:00:10,183] {logging_mixin.py:115} INFO - _wait_for_file True
[2022-12-12 05:00:30,173] {python.py:66} INFO - Poking callable: <function _wait_for_file at 0x7f6cec7a0560>
[2022-12-12 05:00:30,195] {logging_mixin.py:115} INFO - _wait_for_file True
[2022-12-12 05:00:50,219] {python.py:66} INFO - Poking callable: <function _wait_for_file at 0x7f6cec7a0560>
[2022-12-12 05:00:50,264] {logging_mixin.py:115} INFO - _wait_for_file True
[2022-12-12 05:01:10,248] {python.py:66} INFO - Poking callable: <function _wait_for_file at 0x7f6cec7a0560>
[2022-12-12 05:01:10,267] {logging_mixin.py:115} INFO - _wait_for_file True
[2022-12-12 05:01:30,259] {python.py:66} INFO - Poking callable: <function _wait_for_file at 0x7f6cec7a0560>
[2022-12-12 05:01:30,282] {logging_mixin.py:115} INFO - _wait_for_file True
[2022-12-12 05:01:50,317] {python.py:66} INFO - Poking callable: <function _wait_for_file at 0x7f6cec7a0560>
[2022-12-12 05:01:50,569] {logging_mixin.py:115} INFO - _wait_for_file True
[2022-12-12 05:02:10,582] {python.py:66} INFO - Poking callable: <function _wait_for_file at 0x7f6cec7a0560>
[2022-12-12 05:02:11,185] {logging_mixin.py:115} INFO - _wait_for_file True
[2022-12-12 05:02:31,939] {python.py:66} INFO - Poking callable: <function _wait_for_file at 0x7f6cec7a0560>
[2022-12-12 05:02:32,250] {logging_mixin.py:115} INFO - _wait_for_file True
[2022-12-12 05:02:52,375] {python.py:66} INFO - Poking callable: <function _wait_for_file at 0x7f6cec7a0560>
[2022-12-12 05:02:52,538] {logging_mixin.py:115} INFO - _wait_for_file True
[2022-12-12 05:03:12,604] {python.py:66} INFO - Poking callable: <function _wait_for_file at 0x7f6cec7a0560>
[2022-12-12 05:03:14,390] {logging_mixin.py:115} INFO - _wait_for_file True
[2022-12-12 05:03:34,545] {python.py:66} INFO - Poking callable: <function _wait_for_file at 0x7f6cec7a0560>
[2022-12-12 05:03:39,531] {logging_mixin.py:115} INFO - _wait_for_file True
[2022-12-12 05:03:59,551] {python.py:66} INFO - Poking callable: <function _wait_for_file at 0x7f6cec7a0560>
[2022-12-12 05:04:16,885] {logging_mixin.py:115} INFO - _wait_for_file True
[2022-12-12 05:04:36,912] {python.py:66} INFO - Poking callable: <function _wait_for_file at 0x7f6cec7a0560>
[2022-12-12 05:04:38,016] {logging_mixin.py:115} INFO - _wait_for_file True
[2022-12-12 05:04:57,989] {python.py:66} INFO - Poking callable: <function _wait_for_file at 0x7f6cec7a0560>
[2022-12-12 05:04:58,878] {logging_mixin.py:115} INFO - _wait_for_file True
[2022-12-12 05:05:18,944] {python.py:66} INFO - Poking callable: <function _wait_for_file at 0x7f6cec7a0560>
[2022-12-12 05:05:19,042] {logging_mixin.py:115} INFO - _wait_for_file True
[2022-12-12 05:05:39,061] {python.py:66} INFO - Poking callable: <function _wait_for_file at 0x7f6cec7a0560>
[2022-12-12 05:05:40,201] {logging_mixin.py:115} INFO - _wait_for_file True
[2022-12-12 05:06:00,380] {python.py:66} INFO - Poking callable: <function _wait_for_file at 0x7f6cec7a0560>
[2022-12-12 05:06:02,014] {logging_mixin.py:115} INFO - _wait_for_file True
[2022-12-12 05:06:22,029] {python.py:66} INFO - Poking callable: <function _wait_for_file at 0x7f6cec7a0560>
[2022-12-12 05:06:22,078] {logging_mixin.py:115} INFO - _wait_for_file True
[2022-12-12 05:06:42,077] {python.py:66} INFO - Poking callable: <function _wait_for_file at 0x7f6cec7a0560>
[2022-12-12 05:06:42,380] {logging_mixin.py:115} INFO - _wait_for_file True
[2022-12-12 05:07:02,368] {python.py:66} INFO - Poking callable: <function _wait_for_file at 0x7f6cec7a0560>
[2022-12-12 05:07:02,441] {logging_mixin.py:115} INFO - _wait_for_file True
[2022-12-12 05:07:22,489] {python.py:66} INFO - Poking callable: <function _wait_for_file at 0x7f6cec7a0560>
[2022-12-12 05:07:22,544] {logging_mixin.py:115} INFO - _wait_for_file True
[2022-12-12 05:07:42,553] {python.py:66} INFO - Poking callable: <function _wait_for_file at 0x7f6cec7a0560>
[2022-12-12 05:07:43,956] {logging_mixin.py:115} INFO - _wait_for_file True
[2022-12-12 05:08:03,945] {python.py:66} INFO - Poking callable: <function _wait_for_file at 0x7f6cec7a0560>
[2022-12-12 05:08:04,048] {logging_mixin.py:115} INFO - _wait_for_file True
[2022-12-12 05:08:24,075] {python.py:66} INFO - Poking callable: <function _wait_for_file at 0x7f6cec7a0560>
[2022-12-12 05:08:24,629] {logging_mixin.py:115} INFO - _wait_for_file True
[2022-12-12 05:08:49,266] {python.py:66} INFO - Poking callable: <function _wait_for_file at 0x7f6cec7a0560>
[2022-12-12 05:08:51,725] {logging_mixin.py:115} INFO - _wait_for_file True
[2022-12-12 05:09:12,143] {python.py:66} INFO - Poking callable: <function _wait_for_file at 0x7f6cec7a0560>
[2022-12-12 05:09:14,714] {logging_mixin.py:115} INFO - _wait_for_file True
[2022-12-12 05:09:34,726] {python.py:66} INFO - Poking callable: <function _wait_for_file at 0x7f6cec7a0560>
[2022-12-12 05:09:34,872] {logging_mixin.py:115} INFO - _wait_for_file True
[2022-12-12 05:09:54,870] {python.py:66} INFO - Poking callable: <function _wait_for_file at 0x7f6cec7a0560>
[2022-12-12 05:09:55,238] {logging_mixin.py:115} INFO - _wait_for_file False
[2022-12-12 05:10:15,425] {python.py:66} INFO - Poking callable: <function _wait_for_file at 0x7f6cec7a0560>
[2022-12-12 05:10:17,682] {logging_mixin.py:115} INFO - _wait_for_file False
[2022-12-12 05:10:37,689] {python.py:66} INFO - Poking callable: <function _wait_for_file at 0x7f6cec7a0560>
[2022-12-12 05:10:37,731] {logging_mixin.py:115} INFO - _wait_for_file False
[2022-12-12 05:10:57,161] {python.py:66} INFO - Poking callable: <function _wait_for_file at 0x7f6cec7a0560>
[2022-12-12 05:10:57,248] {logging_mixin.py:115} INFO - _wait_for_file False
[2022-12-12 05:11:17,271] {python.py:66} INFO - Poking callable: <function _wait_for_file at 0x7f6cec7a0560>
[2022-12-12 05:11:17,390] {logging_mixin.py:115} INFO - _wait_for_file False
[2022-12-12 05:11:37,390] {python.py:66} INFO - Poking callable: <function _wait_for_file at 0x7f6cec7a0560>
[2022-12-12 05:11:37,418] {logging_mixin.py:115} INFO - _wait_for_file False
[2022-12-12 05:11:57,395] {python.py:66} INFO - Poking callable: <function _wait_for_file at 0x7f6cec7a0560>
[2022-12-12 05:11:57,419] {logging_mixin.py:115} INFO - _wait_for_file False
[2022-12-12 05:12:17,440] {python.py:66} INFO - Poking callable: <function _wait_for_file at 0x7f6cec7a0560>
[2022-12-12 05:12:17,573] {logging_mixin.py:115} INFO - _wait_for_file False
[2022-12-12 05:12:37,553] {python.py:66} INFO - Poking callable: <function _wait_for_file at 0x7f6cec7a0560>
[2022-12-12 05:12:37,590] {logging_mixin.py:115} INFO - _wait_for_file False
[2022-12-12 05:12:57,624] {python.py:66} INFO - Poking callable: <function _wait_for_file at 0x7f6cec7a0560>
[2022-12-12 05:13:11,909] {logging_mixin.py:115} INFO - _wait_for_file False
[2022-12-12 05:13:22,729] {local_task_job.py:221} WARNING - State of this instance has been externally set to None. Terminating instance.
[2022-12-12 05:13:23,289] {process_utils.py:129} INFO - Sending Signals.SIGTERM to group 7329. PIDs of all processes in the group: [7329]
[2022-12-12 05:13:23,420] {process_utils.py:80} INFO - Sending the signal Signals.SIGTERM to group 7329
[2022-12-12 05:13:23,680] {taskinstance.py:1541} ERROR - Received SIGTERM. Terminating subprocesses.
[2022-12-12 05:13:26,563] {taskinstance.py:1889} ERROR - Task failed with exception
Traceback (most recent call last):
  File "/home/airflow/.local/lib/python3.7/site-packages/airflow/sensors/base.py", line 299, in execute
    time.sleep(self._get_next_poke_interval(started_at, run_duration, try_number))
  File "/home/airflow/.local/lib/python3.7/site-packages/airflow/models/taskinstance.py", line 1543, in signal_handler
    raise AirflowException("Task received SIGTERM signal")
airflow.exceptions.AirflowException: Task received SIGTERM signal
[2022-12-12 05:13:27,084] {taskinstance.py:1400} INFO - Marking task as UP_FOR_RETRY. dag_id=first_dag, task_id=wait_for_file, execution_date=20221211T224100, start_date=20221212T045649, end_date=20221212T051326
[2022-12-12 05:13:27,648] {standard_task_runner.py:97} ERROR - Failed to execute job 1563 for task wait_for_file ((psycopg2.errors.ForeignKeyViolation) insert or update on table "task_fail" violates foreign key constraint "task_fail_ti_fkey"
DETAIL:  Key (dag_id, task_id, run_id, map_index)=(first_dag, wait_for_file, scheduled__2022-12-11T22:41:00+00:00, -1) is not present in table "task_instance".

[SQL: INSERT INTO task_fail (task_id, dag_id, run_id, map_index, start_date, end_date, duration) VALUES (%(task_id)s, %(dag_id)s, %(run_id)s, %(map_index)s, %(start_date)s, %(end_date)s, %(duration)s) RETURNING task_fail.id]
[parameters: {'task_id': 'wait_for_file', 'dag_id': 'first_dag', 'run_id': 'scheduled__2022-12-11T22:41:00+00:00', 'map_index': -1, 'start_date': datetime.datetime(2022, 12, 12, 4, 56, 49, 468446, tzinfo=Timezone('UTC')), 'end_date': datetime.datetime(2022, 12, 12, 5, 13, 26, 922832, tzinfo=Timezone('UTC')), 'duration': 997}]
(Background on this error at: http://sqlalche.me/e/14/gkpj); 7329)
[2022-12-12 05:13:27,855] {process_utils.py:75} INFO - Process psutil.Process(pid=7329, status='terminated', exitcode=1, started='04:56:48') (7329) terminated with exit code 1
