[2022-12-11 21:21:39,785] {taskinstance.py:1159} INFO - Dependencies all met for <TaskInstance: first_dag.create_task_table scheduled__2022-12-11T21:17:00+00:00 [queued]>
[2022-12-11 21:21:39,926] {taskinstance.py:1159} INFO - Dependencies all met for <TaskInstance: first_dag.create_task_table scheduled__2022-12-11T21:17:00+00:00 [queued]>
[2022-12-11 21:21:39,929] {taskinstance.py:1356} INFO - 
--------------------------------------------------------------------------------
[2022-12-11 21:21:39,934] {taskinstance.py:1357} INFO - Starting attempt 1 of 1
[2022-12-11 21:21:39,937] {taskinstance.py:1358} INFO - 
--------------------------------------------------------------------------------
[2022-12-11 21:21:40,058] {taskinstance.py:1377} INFO - Executing <Task(PostgresOperator): create_task_table> on 2022-12-11 21:17:00+00:00
[2022-12-11 21:21:40,091] {standard_task_runner.py:52} INFO - Started process 6596 to run task
[2022-12-11 21:21:40,148] {standard_task_runner.py:79} INFO - Running: ['***', 'tasks', 'run', 'first_dag', 'create_task_table', 'scheduled__2022-12-11T21:17:00+00:00', '--job-id', '1531', '--raw', '--subdir', 'DAGS_FOLDER/first-dag.py', '--cfg-path', '/tmp/tmph0vcmamp', '--error-file', '/tmp/tmpzcvovn0g']
[2022-12-11 21:21:40,161] {standard_task_runner.py:80} INFO - Job 1531: Subtask create_task_table
[2022-12-11 21:21:40,807] {task_command.py:369} INFO - Running <TaskInstance: first_dag.create_task_table scheduled__2022-12-11T21:17:00+00:00 [running]> on host 7e39590a7807
[2022-12-11 21:21:41,655] {taskinstance.py:1571} INFO - Exporting the following env vars:
AIRFLOW_CTX_DAG_OWNER=***
AIRFLOW_CTX_DAG_ID=first_dag
AIRFLOW_CTX_TASK_ID=create_task_table
AIRFLOW_CTX_EXECUTION_DATE=2022-12-11T21:17:00+00:00
AIRFLOW_CTX_TRY_NUMBER=1
AIRFLOW_CTX_DAG_RUN_ID=scheduled__2022-12-11T21:17:00+00:00
[2022-12-11 21:21:41,757] {base.py:68} INFO - Using connection ID 'db' for task execution.
[2022-12-11 21:21:41,788] {dbapi.py:208} INFO - Running statement: 
                create table if not exists task (
	            value_1 INT,
	            value_2 INT
            );
              , parameters: None
[2022-12-11 21:21:41,798] {postgres.py:94} INFO - NOTICE:  relation "task" already exists, skipping

[2022-12-11 21:21:41,913] {taskinstance.py:1400} INFO - Marking task as SUCCESS. dag_id=first_dag, task_id=create_task_table, execution_date=20221211T211700, start_date=20221211T212139, end_date=20221211T212141
[2022-12-11 21:21:42,058] {local_task_job.py:156} INFO - Task exited with return code 0
[2022-12-11 21:21:42,331] {local_task_job.py:273} INFO - 0 downstream tasks scheduled from follow-on schedule check
