[2022-12-04 17:08:24,861] {taskinstance.py:1159} INFO - Dependencies all met for <TaskInstance: first_dag.hello_task manual__2022-12-04T17:08:23.517017+00:00 [queued]>
[2022-12-04 17:08:24,877] {taskinstance.py:1159} INFO - Dependencies all met for <TaskInstance: first_dag.hello_task manual__2022-12-04T17:08:23.517017+00:00 [queued]>
[2022-12-04 17:08:24,878] {taskinstance.py:1356} INFO - 
--------------------------------------------------------------------------------
[2022-12-04 17:08:24,879] {taskinstance.py:1357} INFO - Starting attempt 1 of 1
[2022-12-04 17:08:24,880] {taskinstance.py:1358} INFO - 
--------------------------------------------------------------------------------
[2022-12-04 17:08:24,899] {taskinstance.py:1377} INFO - Executing <Task(BashOperator): hello_task> on 2022-12-04 17:08:23.517017+00:00
[2022-12-04 17:08:24,904] {standard_task_runner.py:52} INFO - Started process 1294 to run task
[2022-12-04 17:08:24,913] {standard_task_runner.py:79} INFO - Running: ['***', 'tasks', 'run', 'first_dag', 'hello_task', 'manual__2022-12-04T17:08:23.517017+00:00', '--job-id', '192', '--raw', '--subdir', 'DAGS_FOLDER/first-dag.py', '--cfg-path', '/tmp/tmpbhkryh7l', '--error-file', '/tmp/tmp1uykpqhw']
[2022-12-04 17:08:24,915] {standard_task_runner.py:80} INFO - Job 192: Subtask hello_task
[2022-12-04 17:08:25,003] {task_command.py:369} INFO - Running <TaskInstance: first_dag.hello_task manual__2022-12-04T17:08:23.517017+00:00 [running]> on host fb90b48d1471
[2022-12-04 17:08:25,121] {taskinstance.py:1571} INFO - Exporting the following env vars:
AIRFLOW_CTX_DAG_OWNER=***
AIRFLOW_CTX_DAG_ID=first_dag
AIRFLOW_CTX_TASK_ID=hello_task
AIRFLOW_CTX_EXECUTION_DATE=2022-12-04T17:08:23.517017+00:00
AIRFLOW_CTX_TRY_NUMBER=1
AIRFLOW_CTX_DAG_RUN_ID=manual__2022-12-04T17:08:23.517017+00:00
[2022-12-04 17:08:25,123] {subprocess.py:62} INFO - Tmp dir root location: 
 /tmp
[2022-12-04 17:08:25,124] {subprocess.py:74} INFO - Running command: ['bash', '-c', 'echo hello']
[2022-12-04 17:08:25,134] {subprocess.py:85} INFO - Output:
[2022-12-04 17:08:25,138] {subprocess.py:92} INFO - hello
[2022-12-04 17:08:25,140] {subprocess.py:96} INFO - Command exited with return code 0
[2022-12-04 17:08:25,183] {taskinstance.py:1400} INFO - Marking task as SUCCESS. dag_id=first_dag, task_id=hello_task, execution_date=20221204T170823, start_date=20221204T170824, end_date=20221204T170825
[2022-12-04 17:08:25,206] {local_task_job.py:156} INFO - Task exited with return code 0
[2022-12-04 17:08:25,304] {local_task_job.py:273} INFO - 1 downstream tasks scheduled from follow-on schedule check
