[2022-12-11 15:27:37,346] {taskinstance.py:1159} INFO - Dependencies all met for <TaskInstance: first_dag.hello_task manual__2022-12-11T15:27:36.021286+00:00 [queued]>
[2022-12-11 15:27:37,368] {taskinstance.py:1159} INFO - Dependencies all met for <TaskInstance: first_dag.hello_task manual__2022-12-11T15:27:36.021286+00:00 [queued]>
[2022-12-11 15:27:37,376] {taskinstance.py:1356} INFO - 
--------------------------------------------------------------------------------
[2022-12-11 15:27:37,379] {taskinstance.py:1357} INFO - Starting attempt 1 of 1
[2022-12-11 15:27:37,382] {taskinstance.py:1358} INFO - 
--------------------------------------------------------------------------------
[2022-12-11 15:27:37,423] {taskinstance.py:1377} INFO - Executing <Task(BashOperator): hello_task> on 2022-12-11 15:27:36.021286+00:00
[2022-12-11 15:27:37,446] {standard_task_runner.py:52} INFO - Started process 2649 to run task
[2022-12-11 15:27:37,460] {standard_task_runner.py:79} INFO - Running: ['***', 'tasks', 'run', 'first_dag', 'hello_task', 'manual__2022-12-11T15:27:36.021286+00:00', '--job-id', '921', '--raw', '--subdir', 'DAGS_FOLDER/first-dag.py', '--cfg-path', '/tmp/tmpw5p0ct_a', '--error-file', '/tmp/tmposl103u_']
[2022-12-11 15:27:37,465] {standard_task_runner.py:80} INFO - Job 921: Subtask hello_task
[2022-12-11 15:27:37,598] {task_command.py:369} INFO - Running <TaskInstance: first_dag.hello_task manual__2022-12-11T15:27:36.021286+00:00 [running]> on host 7e39590a7807
[2022-12-11 15:27:37,761] {taskinstance.py:1571} INFO - Exporting the following env vars:
AIRFLOW_CTX_DAG_OWNER=***
AIRFLOW_CTX_DAG_ID=first_dag
AIRFLOW_CTX_TASK_ID=hello_task
AIRFLOW_CTX_EXECUTION_DATE=2022-12-11T15:27:36.021286+00:00
AIRFLOW_CTX_TRY_NUMBER=1
AIRFLOW_CTX_DAG_RUN_ID=manual__2022-12-11T15:27:36.021286+00:00
[2022-12-11 15:27:37,766] {subprocess.py:62} INFO - Tmp dir root location: 
 /tmp
[2022-12-11 15:27:37,767] {subprocess.py:74} INFO - Running command: ['bash', '-c', 'echo hello']
[2022-12-11 15:27:37,778] {subprocess.py:85} INFO - Output:
[2022-12-11 15:27:37,782] {subprocess.py:92} INFO - hello
[2022-12-11 15:27:37,783] {subprocess.py:96} INFO - Command exited with return code 0
[2022-12-11 15:27:37,831] {taskinstance.py:1400} INFO - Marking task as SUCCESS. dag_id=first_dag, task_id=hello_task, execution_date=20221211T152736, start_date=20221211T152737, end_date=20221211T152737
[2022-12-11 15:27:37,888] {local_task_job.py:156} INFO - Task exited with return code 0
[2022-12-11 15:27:37,971] {local_task_job.py:273} INFO - 1 downstream tasks scheduled from follow-on schedule check
