[2022-12-12 05:28:40,495] {taskinstance.py:1159} INFO - Dependencies all met for <TaskInstance: first_dag.alter_task_table manual__2022-12-12T05:27:45.873390+00:00 [queued]>
[2022-12-12 05:28:40,536] {taskinstance.py:1159} INFO - Dependencies all met for <TaskInstance: first_dag.alter_task_table manual__2022-12-12T05:27:45.873390+00:00 [queued]>
[2022-12-12 05:28:40,540] {taskinstance.py:1356} INFO - 
--------------------------------------------------------------------------------
[2022-12-12 05:28:40,544] {taskinstance.py:1357} INFO - Starting attempt 1 of 1
[2022-12-12 05:28:40,548] {taskinstance.py:1358} INFO - 
--------------------------------------------------------------------------------
[2022-12-12 05:28:40,596] {taskinstance.py:1377} INFO - Executing <Task(PostgresOperator): alter_task_table> on 2022-12-12 05:27:45.873390+00:00
[2022-12-12 05:28:40,611] {standard_task_runner.py:52} INFO - Started process 7914 to run task
[2022-12-12 05:28:40,641] {standard_task_runner.py:79} INFO - Running: ['***', 'tasks', 'run', 'first_dag', 'alter_task_table', 'manual__2022-12-12T05:27:45.873390+00:00', '--job-id', '1697', '--raw', '--subdir', 'DAGS_FOLDER/first-dag.py', '--cfg-path', '/tmp/tmpcjy3_s70', '--error-file', '/tmp/tmphdxri30m']
[2022-12-12 05:28:40,646] {standard_task_runner.py:80} INFO - Job 1697: Subtask alter_task_table
[2022-12-12 05:28:40,960] {task_command.py:369} INFO - Running <TaskInstance: first_dag.alter_task_table manual__2022-12-12T05:27:45.873390+00:00 [running]> on host 7e39590a7807
[2022-12-12 05:28:42,042] {taskinstance.py:1571} INFO - Exporting the following env vars:
AIRFLOW_CTX_DAG_OWNER=***
AIRFLOW_CTX_DAG_ID=first_dag
AIRFLOW_CTX_TASK_ID=alter_task_table
AIRFLOW_CTX_EXECUTION_DATE=2022-12-12T05:27:45.873390+00:00
AIRFLOW_CTX_TRY_NUMBER=1
AIRFLOW_CTX_DAG_RUN_ID=manual__2022-12-12T05:27:45.873390+00:00
[2022-12-12 05:28:42,189] {base.py:68} INFO - Using connection ID 'db' for task execution.
[2022-12-12 05:28:42,265] {dbapi.py:208} INFO - Running statement: 
               alter table task add column coef int;
                  , parameters: None
[2022-12-12 05:28:42,300] {taskinstance.py:1889} ERROR - Task failed with exception
Traceback (most recent call last):
  File "/home/airflow/.local/lib/python3.7/site-packages/airflow/providers/postgres/operators/postgres.py", line 92, in execute
    self.hook.run(self.sql, self.autocommit, parameters=self.parameters)
  File "/home/airflow/.local/lib/python3.7/site-packages/airflow/hooks/dbapi.py", line 188, in run
    self._run_command(cur, sql_statement, parameters)
  File "/home/airflow/.local/lib/python3.7/site-packages/airflow/hooks/dbapi.py", line 212, in _run_command
    cur.execute(sql_statement)
psycopg2.errors.DuplicateColumn: column "coef" of relation "task" already exists

[2022-12-12 05:28:42,482] {taskinstance.py:1400} INFO - Marking task as FAILED. dag_id=first_dag, task_id=alter_task_table, execution_date=20221212T052745, start_date=20221212T052840, end_date=20221212T052842
[2022-12-12 05:28:42,585] {standard_task_runner.py:97} ERROR - Failed to execute job 1697 for task alter_task_table (column "coef" of relation "task" already exists
; 7914)
[2022-12-12 05:28:42,729] {local_task_job.py:156} INFO - Task exited with return code 1
[2022-12-12 05:28:43,086] {local_task_job.py:273} INFO - 0 downstream tasks scheduled from follow-on schedule check
