[2022-12-11 15:10:51,102] {taskinstance.py:1159} INFO - Dependencies all met for <TaskInstance: first_dag.write_diff_task manual__2022-12-11T15:10:44.846623+00:00 [queued]>
[2022-12-11 15:10:51,117] {taskinstance.py:1159} INFO - Dependencies all met for <TaskInstance: first_dag.write_diff_task manual__2022-12-11T15:10:44.846623+00:00 [queued]>
[2022-12-11 15:10:51,118] {taskinstance.py:1356} INFO - 
--------------------------------------------------------------------------------
[2022-12-11 15:10:51,119] {taskinstance.py:1357} INFO - Starting attempt 1 of 1
[2022-12-11 15:10:51,120] {taskinstance.py:1358} INFO - 
--------------------------------------------------------------------------------
[2022-12-11 15:10:51,142] {taskinstance.py:1377} INFO - Executing <Task(PythonOperator): write_diff_task> on 2022-12-11 15:10:44.846623+00:00
[2022-12-11 15:10:51,146] {standard_task_runner.py:52} INFO - Started process 2042 to run task
[2022-12-11 15:10:51,155] {standard_task_runner.py:79} INFO - Running: ['***', 'tasks', 'run', 'first_dag', 'write_diff_task', 'manual__2022-12-11T15:10:44.846623+00:00', '--job-id', '751', '--raw', '--subdir', 'DAGS_FOLDER/first-dag.py', '--cfg-path', '/tmp/tmpptwhbaft', '--error-file', '/tmp/tmpbz_9hbpa']
[2022-12-11 15:10:51,157] {standard_task_runner.py:80} INFO - Job 751: Subtask write_diff_task
[2022-12-11 15:10:51,235] {task_command.py:369} INFO - Running <TaskInstance: first_dag.write_diff_task manual__2022-12-11T15:10:44.846623+00:00 [running]> on host 7e39590a7807
[2022-12-11 15:10:51,339] {taskinstance.py:1571} INFO - Exporting the following env vars:
AIRFLOW_CTX_DAG_OWNER=***
AIRFLOW_CTX_DAG_ID=first_dag
AIRFLOW_CTX_TASK_ID=write_diff_task
AIRFLOW_CTX_EXECUTION_DATE=2022-12-11T15:10:44.846623+00:00
AIRFLOW_CTX_TRY_NUMBER=1
AIRFLOW_CTX_DAG_RUN_ID=manual__2022-12-11T15:10:44.846623+00:00
[2022-12-11 15:10:51,373] {python.py:173} INFO - Done. Returned value was: None
[2022-12-11 15:10:51,399] {taskinstance.py:1400} INFO - Marking task as SUCCESS. dag_id=first_dag, task_id=write_diff_task, execution_date=20221211T151044, start_date=20221211T151051, end_date=20221211T151051
[2022-12-11 15:10:51,447] {local_task_job.py:156} INFO - Task exited with return code 0
[2022-12-11 15:10:51,502] {local_task_job.py:273} INFO - 0 downstream tasks scheduled from follow-on schedule check
