[2022-12-12 05:26:16,398] {taskinstance.py:1159} INFO - Dependencies all met for <TaskInstance: first_dag.generate_two_int_task manual__2022-12-12T05:25:38.239745+00:00 [queued]>
[2022-12-12 05:26:16,453] {taskinstance.py:1159} INFO - Dependencies all met for <TaskInstance: first_dag.generate_two_int_task manual__2022-12-12T05:25:38.239745+00:00 [queued]>
[2022-12-12 05:26:16,454] {taskinstance.py:1356} INFO - 
--------------------------------------------------------------------------------
[2022-12-12 05:26:16,459] {taskinstance.py:1357} INFO - Starting attempt 1 of 1
[2022-12-12 05:26:16,464] {taskinstance.py:1358} INFO - 
--------------------------------------------------------------------------------
[2022-12-12 05:26:16,542] {taskinstance.py:1377} INFO - Executing <Task(PythonOperator): generate_two_int_task> on 2022-12-12 05:25:38.239745+00:00
[2022-12-12 05:26:16,549] {standard_task_runner.py:52} INFO - Started process 7795 to run task
[2022-12-12 05:26:16,617] {standard_task_runner.py:79} INFO - Running: ['***', 'tasks', 'run', 'first_dag', 'generate_two_int_task', 'manual__2022-12-12T05:25:38.239745+00:00', '--job-id', '1649', '--raw', '--subdir', 'DAGS_FOLDER/first-dag.py', '--cfg-path', '/tmp/tmp4ldraxt_', '--error-file', '/tmp/tmpe7xb4r7d']
[2022-12-12 05:26:16,640] {standard_task_runner.py:80} INFO - Job 1649: Subtask generate_two_int_task
[2022-12-12 05:26:16,971] {task_command.py:369} INFO - Running <TaskInstance: first_dag.generate_two_int_task manual__2022-12-12T05:25:38.239745+00:00 [running]> on host 7e39590a7807
[2022-12-12 05:26:17,914] {taskinstance.py:1571} INFO - Exporting the following env vars:
AIRFLOW_CTX_DAG_OWNER=***
AIRFLOW_CTX_DAG_ID=first_dag
AIRFLOW_CTX_TASK_ID=generate_two_int_task
AIRFLOW_CTX_EXECUTION_DATE=2022-12-12T05:25:38.239745+00:00
AIRFLOW_CTX_TRY_NUMBER=1
AIRFLOW_CTX_DAG_RUN_ID=manual__2022-12-12T05:25:38.239745+00:00
[2022-12-12 05:26:18,383] {python.py:173} INFO - Done. Returned value was: None
[2022-12-12 05:26:18,528] {taskinstance.py:1400} INFO - Marking task as SUCCESS. dag_id=first_dag, task_id=generate_two_int_task, execution_date=20221212T052538, start_date=20221212T052616, end_date=20221212T052618
[2022-12-12 05:26:18,607] {local_task_job.py:156} INFO - Task exited with return code 0
[2022-12-12 05:26:18,825] {local_task_job.py:273} INFO - 1 downstream tasks scheduled from follow-on schedule check
