[2022-12-11 15:27:06,096] {taskinstance.py:1159} INFO - Dependencies all met for <TaskInstance: first_dag.write_diff_task scheduled__2022-12-11T15:26:00+00:00 [queued]>
[2022-12-11 15:27:06,111] {taskinstance.py:1159} INFO - Dependencies all met for <TaskInstance: first_dag.write_diff_task scheduled__2022-12-11T15:26:00+00:00 [queued]>
[2022-12-11 15:27:06,112] {taskinstance.py:1356} INFO - 
--------------------------------------------------------------------------------
[2022-12-11 15:27:06,113] {taskinstance.py:1357} INFO - Starting attempt 1 of 1
[2022-12-11 15:27:06,115] {taskinstance.py:1358} INFO - 
--------------------------------------------------------------------------------
[2022-12-11 15:27:06,137] {taskinstance.py:1377} INFO - Executing <Task(PythonOperator): write_diff_task> on 2022-12-11 15:26:00+00:00
[2022-12-11 15:27:06,143] {standard_task_runner.py:52} INFO - Started process 2621 to run task
[2022-12-11 15:27:06,152] {standard_task_runner.py:79} INFO - Running: ['***', 'tasks', 'run', 'first_dag', 'write_diff_task', 'scheduled__2022-12-11T15:26:00+00:00', '--job-id', '911', '--raw', '--subdir', 'DAGS_FOLDER/first-dag.py', '--cfg-path', '/tmp/tmp9q3wx05h', '--error-file', '/tmp/tmpor46ts1f']
[2022-12-11 15:27:06,156] {standard_task_runner.py:80} INFO - Job 911: Subtask write_diff_task
[2022-12-11 15:27:06,241] {task_command.py:369} INFO - Running <TaskInstance: first_dag.write_diff_task scheduled__2022-12-11T15:26:00+00:00 [running]> on host 7e39590a7807
[2022-12-11 15:27:06,346] {taskinstance.py:1571} INFO - Exporting the following env vars:
AIRFLOW_CTX_DAG_OWNER=***
AIRFLOW_CTX_DAG_ID=first_dag
AIRFLOW_CTX_TASK_ID=write_diff_task
AIRFLOW_CTX_EXECUTION_DATE=2022-12-11T15:26:00+00:00
AIRFLOW_CTX_TRY_NUMBER=1
AIRFLOW_CTX_DAG_RUN_ID=scheduled__2022-12-11T15:26:00+00:00
[2022-12-11 15:27:06,409] {logging_mixin.py:115} INFO - Splitted ['5', '5\n'] 2
[2022-12-11 15:27:06,412] {python.py:173} INFO - Done. Returned value was: None
[2022-12-11 15:27:06,445] {taskinstance.py:1400} INFO - Marking task as SUCCESS. dag_id=first_dag, task_id=write_diff_task, execution_date=20221211T152600, start_date=20221211T152706, end_date=20221211T152706
[2022-12-11 15:27:06,482] {local_task_job.py:156} INFO - Task exited with return code 0
[2022-12-11 15:27:06,539] {local_task_job.py:273} INFO - 0 downstream tasks scheduled from follow-on schedule check
