[2022-12-11 14:43:25,584] {taskinstance.py:1159} INFO - Dependencies all met for <TaskInstance: first_dag.write_diff_task manual__2022-12-11T14:43:20.638373+00:00 [queued]>
[2022-12-11 14:43:25,601] {taskinstance.py:1159} INFO - Dependencies all met for <TaskInstance: first_dag.write_diff_task manual__2022-12-11T14:43:20.638373+00:00 [queued]>
[2022-12-11 14:43:25,603] {taskinstance.py:1356} INFO - 
--------------------------------------------------------------------------------
[2022-12-11 14:43:25,605] {taskinstance.py:1357} INFO - Starting attempt 1 of 1
[2022-12-11 14:43:25,606] {taskinstance.py:1358} INFO - 
--------------------------------------------------------------------------------
[2022-12-11 14:43:25,626] {taskinstance.py:1377} INFO - Executing <Task(PythonOperator): write_diff_task> on 2022-12-11 14:43:20.638373+00:00
[2022-12-11 14:43:25,634] {standard_task_runner.py:52} INFO - Started process 1334 to run task
[2022-12-11 14:43:25,643] {standard_task_runner.py:79} INFO - Running: ['***', 'tasks', 'run', 'first_dag', 'write_diff_task', 'manual__2022-12-11T14:43:20.638373+00:00', '--job-id', '611', '--raw', '--subdir', 'DAGS_FOLDER/first-dag.py', '--cfg-path', '/tmp/tmpt20ptvba', '--error-file', '/tmp/tmp96buset3']
[2022-12-11 14:43:25,645] {standard_task_runner.py:80} INFO - Job 611: Subtask write_diff_task
[2022-12-11 14:43:25,721] {task_command.py:369} INFO - Running <TaskInstance: first_dag.write_diff_task manual__2022-12-11T14:43:20.638373+00:00 [running]> on host 7e39590a7807
[2022-12-11 14:43:25,819] {taskinstance.py:1571} INFO - Exporting the following env vars:
AIRFLOW_CTX_DAG_OWNER=***
AIRFLOW_CTX_DAG_ID=first_dag
AIRFLOW_CTX_TASK_ID=write_diff_task
AIRFLOW_CTX_EXECUTION_DATE=2022-12-11T14:43:20.638373+00:00
AIRFLOW_CTX_TRY_NUMBER=1
AIRFLOW_CTX_DAG_RUN_ID=manual__2022-12-11T14:43:20.638373+00:00
[2022-12-11 14:43:25,849] {logging_mixin.py:115} INFO - res None
[2022-12-11 14:43:25,850] {python.py:173} INFO - Done. Returned value was: None
[2022-12-11 14:43:25,876] {taskinstance.py:1400} INFO - Marking task as SUCCESS. dag_id=first_dag, task_id=write_diff_task, execution_date=20221211T144320, start_date=20221211T144325, end_date=20221211T144325
[2022-12-11 14:43:25,934] {local_task_job.py:156} INFO - Task exited with return code 0
[2022-12-11 14:43:25,989] {local_task_job.py:273} INFO - 0 downstream tasks scheduled from follow-on schedule check
