[2022-12-11 20:23:24,522] {taskinstance.py:1159} INFO - Dependencies all met for <TaskInstance: first_dag.sum_column_task manual__2022-12-11T20:23:17.573147+00:00 [queued]>
[2022-12-11 20:23:24,545] {taskinstance.py:1159} INFO - Dependencies all met for <TaskInstance: first_dag.sum_column_task manual__2022-12-11T20:23:17.573147+00:00 [queued]>
[2022-12-11 20:23:24,546] {taskinstance.py:1356} INFO - 
--------------------------------------------------------------------------------
[2022-12-11 20:23:24,550] {taskinstance.py:1357} INFO - Starting attempt 1 of 1
[2022-12-11 20:23:24,551] {taskinstance.py:1358} INFO - 
--------------------------------------------------------------------------------
[2022-12-11 20:23:24,591] {taskinstance.py:1377} INFO - Executing <Task(PythonOperator): sum_column_task> on 2022-12-11 20:23:17.573147+00:00
[2022-12-11 20:23:24,600] {standard_task_runner.py:52} INFO - Started process 5813 to run task
[2022-12-11 20:23:24,628] {standard_task_runner.py:79} INFO - Running: ['***', 'tasks', 'run', 'first_dag', 'sum_column_task', 'manual__2022-12-11T20:23:17.573147+00:00', '--job-id', '1389', '--raw', '--subdir', 'DAGS_FOLDER/first-dag.py', '--cfg-path', '/tmp/tmpt1b7cip8', '--error-file', '/tmp/tmplcxcf43c']
[2022-12-11 20:23:24,634] {standard_task_runner.py:80} INFO - Job 1389: Subtask sum_column_task
[2022-12-11 20:23:24,984] {task_command.py:369} INFO - Running <TaskInstance: first_dag.sum_column_task manual__2022-12-11T20:23:17.573147+00:00 [running]> on host 7e39590a7807
[2022-12-11 20:23:25,359] {taskinstance.py:1571} INFO - Exporting the following env vars:
AIRFLOW_CTX_DAG_OWNER=***
AIRFLOW_CTX_DAG_ID=first_dag
AIRFLOW_CTX_TASK_ID=sum_column_task
AIRFLOW_CTX_EXECUTION_DATE=2022-12-11T20:23:17.573147+00:00
AIRFLOW_CTX_TRY_NUMBER=1
AIRFLOW_CTX_DAG_RUN_ID=manual__2022-12-11T20:23:17.573147+00:00
[2022-12-11 20:23:25,401] {logging_mixin.py:115} INFO - Different sum column is 0
[2022-12-11 20:23:25,402] {python.py:173} INFO - Done. Returned value was: 0
[2022-12-11 20:23:25,515] {taskinstance.py:1400} INFO - Marking task as SUCCESS. dag_id=first_dag, task_id=sum_column_task, execution_date=20221211T202317, start_date=20221211T202324, end_date=20221211T202325
[2022-12-11 20:23:25,583] {local_task_job.py:156} INFO - Task exited with return code 0
[2022-12-11 20:23:25,637] {local_task_job.py:273} INFO - 1 downstream tasks scheduled from follow-on schedule check
