[2022-12-11 18:19:35,303] {taskinstance.py:1159} INFO - Dependencies all met for <TaskInstance: first_dag.generate_two_int_task manual__2022-12-11T18:18:52.504170+00:00 [queued]>
[2022-12-11 18:19:35,575] {taskinstance.py:1159} INFO - Dependencies all met for <TaskInstance: first_dag.generate_two_int_task manual__2022-12-11T18:18:52.504170+00:00 [queued]>
[2022-12-11 18:19:35,577] {taskinstance.py:1356} INFO - 
--------------------------------------------------------------------------------
[2022-12-11 18:19:35,578] {taskinstance.py:1357} INFO - Starting attempt 1 of 1
[2022-12-11 18:19:35,579] {taskinstance.py:1358} INFO - 
--------------------------------------------------------------------------------
[2022-12-11 18:19:35,751] {taskinstance.py:1377} INFO - Executing <Task(PythonOperator): generate_two_int_task> on 2022-12-11 18:18:52.504170+00:00
[2022-12-11 18:19:35,774] {standard_task_runner.py:52} INFO - Started process 4355 to run task
[2022-12-11 18:19:35,829] {standard_task_runner.py:79} INFO - Running: ['***', 'tasks', 'run', 'first_dag', 'generate_two_int_task', 'manual__2022-12-11T18:18:52.504170+00:00', '--job-id', '1186', '--raw', '--subdir', 'DAGS_FOLDER/first-dag.py', '--cfg-path', '/tmp/tmpm5b8abb3', '--error-file', '/tmp/tmpqrqv0_3p']
[2022-12-11 18:19:35,846] {standard_task_runner.py:80} INFO - Job 1186: Subtask generate_two_int_task
[2022-12-11 18:19:36,814] {task_command.py:369} INFO - Running <TaskInstance: first_dag.generate_two_int_task manual__2022-12-11T18:18:52.504170+00:00 [running]> on host 7e39590a7807
[2022-12-11 18:19:37,470] {taskinstance.py:1571} INFO - Exporting the following env vars:
AIRFLOW_CTX_DAG_OWNER=***
AIRFLOW_CTX_DAG_ID=first_dag
AIRFLOW_CTX_TASK_ID=generate_two_int_task
AIRFLOW_CTX_EXECUTION_DATE=2022-12-11T18:18:52.504170+00:00
AIRFLOW_CTX_TRY_NUMBER=1
AIRFLOW_CTX_DAG_RUN_ID=manual__2022-12-11T18:18:52.504170+00:00
[2022-12-11 18:19:37,557] {python.py:173} INFO - Done. Returned value was: None
[2022-12-11 18:19:37,587] {taskinstance.py:1400} INFO - Marking task as SUCCESS. dag_id=first_dag, task_id=generate_two_int_task, execution_date=20221211T181852, start_date=20221211T181935, end_date=20221211T181937
[2022-12-11 18:19:37,652] {local_task_job.py:156} INFO - Task exited with return code 0
[2022-12-11 18:19:37,759] {local_task_job.py:273} INFO - 1 downstream tasks scheduled from follow-on schedule check
