[2022-12-11 14:33:48,411] {taskinstance.py:1159} INFO - Dependencies all met for <TaskInstance: first_dag.world manual__2022-12-11T14:33:46.349207+00:00 [queued]>
[2022-12-11 14:33:48,425] {taskinstance.py:1159} INFO - Dependencies all met for <TaskInstance: first_dag.world manual__2022-12-11T14:33:46.349207+00:00 [queued]>
[2022-12-11 14:33:48,426] {taskinstance.py:1356} INFO - 
--------------------------------------------------------------------------------
[2022-12-11 14:33:48,427] {taskinstance.py:1357} INFO - Starting attempt 1 of 1
[2022-12-11 14:33:48,427] {taskinstance.py:1358} INFO - 
--------------------------------------------------------------------------------
[2022-12-11 14:33:48,446] {taskinstance.py:1377} INFO - Executing <Task(PythonOperator): world> on 2022-12-11 14:33:46.349207+00:00
[2022-12-11 14:33:48,451] {standard_task_runner.py:52} INFO - Started process 901 to run task
[2022-12-11 14:33:48,459] {standard_task_runner.py:79} INFO - Running: ['***', 'tasks', 'run', 'first_dag', 'world', 'manual__2022-12-11T14:33:46.349207+00:00', '--job-id', '499', '--raw', '--subdir', 'DAGS_FOLDER/first-dag.py', '--cfg-path', '/tmp/tmpqjome0t3', '--error-file', '/tmp/tmp3strsmuw']
[2022-12-11 14:33:48,462] {standard_task_runner.py:80} INFO - Job 499: Subtask world
[2022-12-11 14:33:48,539] {task_command.py:369} INFO - Running <TaskInstance: first_dag.world manual__2022-12-11T14:33:46.349207+00:00 [running]> on host 7e39590a7807
[2022-12-11 14:33:48,640] {taskinstance.py:1571} INFO - Exporting the following env vars:
AIRFLOW_CTX_DAG_OWNER=***
AIRFLOW_CTX_DAG_ID=first_dag
AIRFLOW_CTX_TASK_ID=world
AIRFLOW_CTX_EXECUTION_DATE=2022-12-11T14:33:46.349207+00:00
AIRFLOW_CTX_TRY_NUMBER=1
AIRFLOW_CTX_DAG_RUN_ID=manual__2022-12-11T14:33:46.349207+00:00
[2022-12-11 14:33:48,641] {logging_mixin.py:115} INFO - Airflow
[2022-12-11 14:33:48,642] {python.py:173} INFO - Done. Returned value was: None
[2022-12-11 14:33:48,669] {taskinstance.py:1400} INFO - Marking task as SUCCESS. dag_id=first_dag, task_id=world, execution_date=20221211T143346, start_date=20221211T143348, end_date=20221211T143348
[2022-12-11 14:33:48,712] {local_task_job.py:156} INFO - Task exited with return code 0
[2022-12-11 14:33:48,786] {local_task_job.py:273} INFO - 0 downstream tasks scheduled from follow-on schedule check
