[2022-12-11 18:19:22,629] {taskinstance.py:1159} INFO - Dependencies all met for <TaskInstance: first_dag.world manual__2022-12-11T18:18:52.504170+00:00 [queued]>
[2022-12-11 18:19:22,710] {taskinstance.py:1159} INFO - Dependencies all met for <TaskInstance: first_dag.world manual__2022-12-11T18:18:52.504170+00:00 [queued]>
[2022-12-11 18:19:22,712] {taskinstance.py:1356} INFO - 
--------------------------------------------------------------------------------
[2022-12-11 18:19:22,714] {taskinstance.py:1357} INFO - Starting attempt 1 of 1
[2022-12-11 18:19:22,716] {taskinstance.py:1358} INFO - 
--------------------------------------------------------------------------------
[2022-12-11 18:19:22,805] {taskinstance.py:1377} INFO - Executing <Task(PythonOperator): world> on 2022-12-11 18:18:52.504170+00:00
[2022-12-11 18:19:22,822] {standard_task_runner.py:52} INFO - Started process 4347 to run task
[2022-12-11 18:19:22,831] {standard_task_runner.py:79} INFO - Running: ['***', 'tasks', 'run', 'first_dag', 'world', 'manual__2022-12-11T18:18:52.504170+00:00', '--job-id', '1185', '--raw', '--subdir', 'DAGS_FOLDER/first-dag.py', '--cfg-path', '/tmp/tmpsdv9_rgj', '--error-file', '/tmp/tmpaho9m7y4']
[2022-12-11 18:19:22,834] {standard_task_runner.py:80} INFO - Job 1185: Subtask world
[2022-12-11 18:19:23,620] {task_command.py:369} INFO - Running <TaskInstance: first_dag.world manual__2022-12-11T18:18:52.504170+00:00 [running]> on host 7e39590a7807
[2022-12-11 18:19:27,267] {taskinstance.py:1571} INFO - Exporting the following env vars:
AIRFLOW_CTX_DAG_OWNER=***
AIRFLOW_CTX_DAG_ID=first_dag
AIRFLOW_CTX_TASK_ID=world
AIRFLOW_CTX_EXECUTION_DATE=2022-12-11T18:18:52.504170+00:00
AIRFLOW_CTX_TRY_NUMBER=1
AIRFLOW_CTX_DAG_RUN_ID=manual__2022-12-11T18:18:52.504170+00:00
[2022-12-11 18:19:27,285] {logging_mixin.py:115} INFO - Airflow
[2022-12-11 18:19:27,286] {python.py:173} INFO - Done. Returned value was: None
[2022-12-11 18:19:27,594] {taskinstance.py:1400} INFO - Marking task as SUCCESS. dag_id=first_dag, task_id=world, execution_date=20221211T181852, start_date=20221211T181922, end_date=20221211T181927
[2022-12-11 18:19:27,705] {local_task_job.py:156} INFO - Task exited with return code 0
[2022-12-11 18:19:27,868] {local_task_job.py:273} INFO - 1 downstream tasks scheduled from follow-on schedule check
