[2022-12-12 05:14:03,602] {taskinstance.py:1159} INFO - Dependencies all met for <TaskInstance: first_dag.wait_for_file manual__2022-12-12T05:13:44.422813+00:00 [queued]>
[2022-12-12 05:14:03,641] {taskinstance.py:1159} INFO - Dependencies all met for <TaskInstance: first_dag.wait_for_file manual__2022-12-12T05:13:44.422813+00:00 [queued]>
[2022-12-12 05:14:03,647] {taskinstance.py:1356} INFO - 
--------------------------------------------------------------------------------
[2022-12-12 05:14:03,651] {taskinstance.py:1357} INFO - Starting attempt 1 of 3
[2022-12-12 05:14:03,653] {taskinstance.py:1358} INFO - 
--------------------------------------------------------------------------------
[2022-12-12 05:14:03,779] {taskinstance.py:1377} INFO - Executing <Task(PythonSensor): wait_for_file> on 2022-12-12 05:13:44.422813+00:00
[2022-12-12 05:14:03,825] {standard_task_runner.py:52} INFO - Started process 7569 to run task
[2022-12-12 05:14:03,893] {standard_task_runner.py:79} INFO - Running: ['***', 'tasks', 'run', 'first_dag', 'wait_for_file', 'manual__2022-12-12T05:13:44.422813+00:00', '--job-id', '1606', '--raw', '--subdir', 'DAGS_FOLDER/first-dag.py', '--cfg-path', '/tmp/tmpeffm55zn', '--error-file', '/tmp/tmpbcxu2vwl']
[2022-12-12 05:14:03,912] {standard_task_runner.py:80} INFO - Job 1606: Subtask wait_for_file
[2022-12-12 05:14:04,254] {task_command.py:369} INFO - Running <TaskInstance: first_dag.wait_for_file manual__2022-12-12T05:13:44.422813+00:00 [running]> on host 7e39590a7807
[2022-12-12 05:14:04,716] {taskinstance.py:1571} INFO - Exporting the following env vars:
AIRFLOW_CTX_DAG_OWNER=***
AIRFLOW_CTX_DAG_ID=first_dag
AIRFLOW_CTX_TASK_ID=wait_for_file
AIRFLOW_CTX_EXECUTION_DATE=2022-12-12T05:13:44.422813+00:00
AIRFLOW_CTX_TRY_NUMBER=1
AIRFLOW_CTX_DAG_RUN_ID=manual__2022-12-12T05:13:44.422813+00:00
[2022-12-12 05:14:04,741] {python.py:66} INFO - Poking callable: <function _wait_for_file at 0x7f6cec7ab320>
[2022-12-12 05:14:04,830] {logging_mixin.py:115} INFO - _wait_for_file True
[2022-12-12 05:14:04,831] {base.py:301} INFO - Success criteria met. Exiting.
[2022-12-12 05:14:04,849] {taskinstance.py:1400} INFO - Marking task as SUCCESS. dag_id=first_dag, task_id=wait_for_file, execution_date=20221212T051344, start_date=20221212T051403, end_date=20221212T051404
[2022-12-12 05:14:04,880] {local_task_job.py:156} INFO - Task exited with return code 0
[2022-12-12 05:14:05,075] {local_task_job.py:273} INFO - 1 downstream tasks scheduled from follow-on schedule check
