[2022-12-11 16:59:24,431] {taskinstance.py:1159} INFO - Dependencies all met for <TaskInstance: first_dag.wait_for_file manual__2022-12-11T16:59:11.435193+00:00 [queued]>
[2022-12-11 16:59:24,483] {taskinstance.py:1159} INFO - Dependencies all met for <TaskInstance: first_dag.wait_for_file manual__2022-12-11T16:59:11.435193+00:00 [queued]>
[2022-12-11 16:59:24,485] {taskinstance.py:1356} INFO - 
--------------------------------------------------------------------------------
[2022-12-11 16:59:24,487] {taskinstance.py:1357} INFO - Starting attempt 1 of 1
[2022-12-11 16:59:24,490] {taskinstance.py:1358} INFO - 
--------------------------------------------------------------------------------
[2022-12-11 16:59:24,557] {taskinstance.py:1377} INFO - Executing <Task(PythonSensor): wait_for_file> on 2022-12-11 16:59:11.435193+00:00
[2022-12-11 16:59:24,574] {standard_task_runner.py:52} INFO - Started process 3532 to run task
[2022-12-11 16:59:24,591] {standard_task_runner.py:79} INFO - Running: ['***', 'tasks', 'run', 'first_dag', 'wait_for_file', 'manual__2022-12-11T16:59:11.435193+00:00', '--job-id', '1051', '--raw', '--subdir', 'DAGS_FOLDER/first-dag.py', '--cfg-path', '/tmp/tmph6gya4z_', '--error-file', '/tmp/tmp698yg3ku']
[2022-12-11 16:59:24,595] {standard_task_runner.py:80} INFO - Job 1051: Subtask wait_for_file
[2022-12-11 16:59:24,928] {task_command.py:369} INFO - Running <TaskInstance: first_dag.wait_for_file manual__2022-12-11T16:59:11.435193+00:00 [running]> on host 7e39590a7807
[2022-12-11 16:59:25,376] {taskinstance.py:1571} INFO - Exporting the following env vars:
AIRFLOW_CTX_DAG_OWNER=***
AIRFLOW_CTX_DAG_ID=first_dag
AIRFLOW_CTX_TASK_ID=wait_for_file
AIRFLOW_CTX_EXECUTION_DATE=2022-12-11T16:59:11.435193+00:00
AIRFLOW_CTX_TRY_NUMBER=1
AIRFLOW_CTX_DAG_RUN_ID=manual__2022-12-11T16:59:11.435193+00:00
[2022-12-11 16:59:25,387] {python.py:66} INFO - Poking callable: <function _wait_for_file at 0x7f6cec98ecb0>
[2022-12-11 16:59:25,448] {logging_mixin.py:115} INFO - _wait_for_file /tmp/file.txt
[2022-12-11 17:00:25,440] {python.py:66} INFO - Poking callable: <function _wait_for_file at 0x7f6cec98ecb0>
[2022-12-11 17:00:25,501] {logging_mixin.py:115} INFO - _wait_for_file /tmp/file.txt
[2022-12-11 17:01:25,484] {python.py:66} INFO - Poking callable: <function _wait_for_file at 0x7f6cec98ecb0>
[2022-12-11 17:01:25,542] {logging_mixin.py:115} INFO - _wait_for_file /tmp/file.txt
[2022-12-11 17:02:25,538] {python.py:66} INFO - Poking callable: <function _wait_for_file at 0x7f6cec98ecb0>
[2022-12-11 17:02:25,564] {logging_mixin.py:115} INFO - _wait_for_file /tmp/file.txt
[2022-12-11 17:03:25,557] {python.py:66} INFO - Poking callable: <function _wait_for_file at 0x7f6cec98ecb0>
[2022-12-11 17:03:25,585] {logging_mixin.py:115} INFO - _wait_for_file /tmp/file.txt
[2022-12-11 17:04:25,538] {python.py:66} INFO - Poking callable: <function _wait_for_file at 0x7f6cec98ecb0>
[2022-12-11 17:04:25,577] {logging_mixin.py:115} INFO - _wait_for_file /tmp/file.txt
[2022-12-11 17:05:25,562] {python.py:66} INFO - Poking callable: <function _wait_for_file at 0x7f6cec98ecb0>
[2022-12-11 17:05:25,637] {logging_mixin.py:115} INFO - _wait_for_file /tmp/file.txt
[2022-12-11 17:06:25,624] {python.py:66} INFO - Poking callable: <function _wait_for_file at 0x7f6cec98ecb0>
[2022-12-11 17:06:25,646] {logging_mixin.py:115} INFO - _wait_for_file /tmp/file.txt
[2022-12-11 17:07:25,617] {python.py:66} INFO - Poking callable: <function _wait_for_file at 0x7f6cec98ecb0>
[2022-12-11 17:07:25,696] {logging_mixin.py:115} INFO - _wait_for_file /tmp/file.txt
[2022-12-11 17:08:25,301] {local_task_job.py:221} WARNING - State of this instance has been externally set to None. Terminating instance.
[2022-12-11 17:08:25,428] {process_utils.py:129} INFO - Sending Signals.SIGTERM to group 3532. PIDs of all processes in the group: [3532]
[2022-12-11 17:08:25,448] {process_utils.py:80} INFO - Sending the signal Signals.SIGTERM to group 3532
[2022-12-11 17:08:25,463] {taskinstance.py:1541} ERROR - Received SIGTERM. Terminating subprocesses.
[2022-12-11 17:08:25,953] {taskinstance.py:1889} ERROR - Task failed with exception
Traceback (most recent call last):
  File "/home/airflow/.local/lib/python3.7/site-packages/airflow/sensors/base.py", line 299, in execute
    time.sleep(self._get_next_poke_interval(started_at, run_duration, try_number))
  File "/home/airflow/.local/lib/python3.7/site-packages/airflow/models/taskinstance.py", line 1543, in signal_handler
    raise AirflowException("Task received SIGTERM signal")
airflow.exceptions.AirflowException: Task received SIGTERM signal
[2022-12-11 17:08:26,033] {taskinstance.py:1400} INFO - Marking task as FAILED. dag_id=first_dag, task_id=wait_for_file, execution_date=20221211T165911, start_date=20221211T165924, end_date=20221211T170825
[2022-12-11 17:08:26,376] {standard_task_runner.py:97} ERROR - Failed to execute job 1051 for task wait_for_file ((psycopg2.errors.ForeignKeyViolation) insert or update on table "task_fail" violates foreign key constraint "task_fail_ti_fkey"
DETAIL:  Key (dag_id, task_id, run_id, map_index)=(first_dag, wait_for_file, manual__2022-12-11T16:59:11.435193+00:00, -1) is not present in table "task_instance".

[SQL: INSERT INTO task_fail (task_id, dag_id, run_id, map_index, start_date, end_date, duration) VALUES (%(task_id)s, %(dag_id)s, %(run_id)s, %(map_index)s, %(start_date)s, %(end_date)s, %(duration)s) RETURNING task_fail.id]
[parameters: {'task_id': 'wait_for_file', 'dag_id': 'first_dag', 'run_id': 'manual__2022-12-11T16:59:11.435193+00:00', 'map_index': -1, 'start_date': datetime.datetime(2022, 12, 11, 16, 59, 24, 437818, tzinfo=Timezone('UTC')), 'end_date': datetime.datetime(2022, 12, 11, 17, 8, 25, 999308, tzinfo=Timezone('UTC')), 'duration': 541}]
(Background on this error at: http://sqlalche.me/e/14/gkpj); 3532)
[2022-12-11 17:08:26,516] {process_utils.py:75} INFO - Process psutil.Process(pid=3532, status='terminated', exitcode=1, started='16:59:24') (3532) terminated with exit code 1
