[2022-12-11 16:09:49,858] {taskinstance.py:1159} INFO - Dependencies all met for <TaskInstance: first_dag.generate_two_int_task scheduled__2022-12-11T16:08:00+00:00 [queued]>
[2022-12-11 16:09:49,881] {taskinstance.py:1159} INFO - Dependencies all met for <TaskInstance: first_dag.generate_two_int_task scheduled__2022-12-11T16:08:00+00:00 [queued]>
[2022-12-11 16:09:49,882] {taskinstance.py:1356} INFO - 
--------------------------------------------------------------------------------
[2022-12-11 16:09:49,885] {taskinstance.py:1357} INFO - Starting attempt 1 of 1
[2022-12-11 16:09:49,886] {taskinstance.py:1358} INFO - 
--------------------------------------------------------------------------------
[2022-12-11 16:09:49,922] {taskinstance.py:1377} INFO - Executing <Task(PythonOperator): generate_two_int_task> on 2022-12-11 16:08:00+00:00
[2022-12-11 16:09:49,938] {standard_task_runner.py:52} INFO - Started process 2860 to run task
[2022-12-11 16:09:49,956] {standard_task_runner.py:79} INFO - Running: ['***', 'tasks', 'run', 'first_dag', 'generate_two_int_task', 'scheduled__2022-12-11T16:08:00+00:00', '--job-id', '977', '--raw', '--subdir', 'DAGS_FOLDER/first-dag.py', '--cfg-path', '/tmp/tmp4ri79lg_', '--error-file', '/tmp/tmpa3gi0htd']
[2022-12-11 16:09:49,959] {standard_task_runner.py:80} INFO - Job 977: Subtask generate_two_int_task
[2022-12-11 16:09:50,119] {task_command.py:369} INFO - Running <TaskInstance: first_dag.generate_two_int_task scheduled__2022-12-11T16:08:00+00:00 [running]> on host 7e39590a7807
[2022-12-11 16:09:50,468] {taskinstance.py:1571} INFO - Exporting the following env vars:
AIRFLOW_CTX_DAG_OWNER=***
AIRFLOW_CTX_DAG_ID=first_dag
AIRFLOW_CTX_TASK_ID=generate_two_int_task
AIRFLOW_CTX_EXECUTION_DATE=2022-12-11T16:08:00+00:00
AIRFLOW_CTX_TRY_NUMBER=1
AIRFLOW_CTX_DAG_RUN_ID=scheduled__2022-12-11T16:08:00+00:00
[2022-12-11 16:09:50,503] {python.py:173} INFO - Done. Returned value was: None
[2022-12-11 16:09:50,539] {taskinstance.py:1400} INFO - Marking task as SUCCESS. dag_id=first_dag, task_id=generate_two_int_task, execution_date=20221211T160800, start_date=20221211T160949, end_date=20221211T160950
[2022-12-11 16:09:50,597] {local_task_job.py:156} INFO - Task exited with return code 0
[2022-12-11 16:09:50,729] {local_task_job.py:273} INFO - 1 downstream tasks scheduled from follow-on schedule check
