[2022-12-12 05:27:50,919] {taskinstance.py:1159} INFO - Dependencies all met for <TaskInstance: first_dag.generate_two_int_task manual__2022-12-12T05:27:38.502835+00:00 [queued]>
[2022-12-12 05:27:51,253] {taskinstance.py:1159} INFO - Dependencies all met for <TaskInstance: first_dag.generate_two_int_task manual__2022-12-12T05:27:38.502835+00:00 [queued]>
[2022-12-12 05:27:51,315] {taskinstance.py:1356} INFO - 
--------------------------------------------------------------------------------
[2022-12-12 05:27:51,369] {taskinstance.py:1357} INFO - Starting attempt 1 of 1
[2022-12-12 05:27:51,546] {taskinstance.py:1358} INFO - 
--------------------------------------------------------------------------------
[2022-12-12 05:27:52,010] {taskinstance.py:1377} INFO - Executing <Task(PythonOperator): generate_two_int_task> on 2022-12-12 05:27:38.502835+00:00
[2022-12-12 05:27:52,124] {standard_task_runner.py:52} INFO - Started process 7891 to run task
[2022-12-12 05:27:52,402] {standard_task_runner.py:79} INFO - Running: ['***', 'tasks', 'run', 'first_dag', 'generate_two_int_task', 'manual__2022-12-12T05:27:38.502835+00:00', '--job-id', '1688', '--raw', '--subdir', 'DAGS_FOLDER/first-dag.py', '--cfg-path', '/tmp/tmp05_vlf7g', '--error-file', '/tmp/tmp3qcxnxmu']
[2022-12-12 05:27:52,654] {standard_task_runner.py:80} INFO - Job 1688: Subtask generate_two_int_task
[2022-12-12 05:28:02,303] {task_command.py:369} INFO - Running <TaskInstance: first_dag.generate_two_int_task manual__2022-12-12T05:27:38.502835+00:00 [running]> on host 7e39590a7807
[2022-12-12 05:28:14,451] {taskinstance.py:1571} INFO - Exporting the following env vars:
AIRFLOW_CTX_DAG_OWNER=***
AIRFLOW_CTX_DAG_ID=first_dag
AIRFLOW_CTX_TASK_ID=generate_two_int_task
AIRFLOW_CTX_EXECUTION_DATE=2022-12-12T05:27:38.502835+00:00
AIRFLOW_CTX_TRY_NUMBER=1
AIRFLOW_CTX_DAG_RUN_ID=manual__2022-12-12T05:27:38.502835+00:00
[2022-12-12 05:28:14,534] {python.py:173} INFO - Done. Returned value was: None
[2022-12-12 05:28:14,745] {taskinstance.py:1400} INFO - Marking task as SUCCESS. dag_id=first_dag, task_id=generate_two_int_task, execution_date=20221212T052738, start_date=20221212T052750, end_date=20221212T052814
[2022-12-12 05:28:15,109] {local_task_job.py:156} INFO - Task exited with return code 0
[2022-12-12 05:28:15,655] {local_task_job.py:273} INFO - 1 downstream tasks scheduled from follow-on schedule check
