[2022-12-11 14:36:04,804] {taskinstance.py:1159} INFO - Dependencies all met for <TaskInstance: first_dag.sum_column_task scheduled__2022-12-11T14:35:00+00:00 [queued]>
[2022-12-11 14:36:04,829] {taskinstance.py:1159} INFO - Dependencies all met for <TaskInstance: first_dag.sum_column_task scheduled__2022-12-11T14:35:00+00:00 [queued]>
[2022-12-11 14:36:04,830] {taskinstance.py:1356} INFO - 
--------------------------------------------------------------------------------
[2022-12-11 14:36:04,832] {taskinstance.py:1357} INFO - Starting attempt 1 of 1
[2022-12-11 14:36:04,833] {taskinstance.py:1358} INFO - 
--------------------------------------------------------------------------------
[2022-12-11 14:36:04,853] {taskinstance.py:1377} INFO - Executing <Task(PythonOperator): sum_column_task> on 2022-12-11 14:35:00+00:00
[2022-12-11 14:36:04,861] {standard_task_runner.py:52} INFO - Started process 975 to run task
[2022-12-11 14:36:04,870] {standard_task_runner.py:79} INFO - Running: ['***', 'tasks', 'run', 'first_dag', 'sum_column_task', 'scheduled__2022-12-11T14:35:00+00:00', '--job-id', '520', '--raw', '--subdir', 'DAGS_FOLDER/first-dag.py', '--cfg-path', '/tmp/tmpdmyb_01m', '--error-file', '/tmp/tmp345n_3tn']
[2022-12-11 14:36:04,873] {standard_task_runner.py:80} INFO - Job 520: Subtask sum_column_task
[2022-12-11 14:36:04,961] {task_command.py:369} INFO - Running <TaskInstance: first_dag.sum_column_task scheduled__2022-12-11T14:35:00+00:00 [running]> on host 7e39590a7807
[2022-12-11 14:36:05,073] {taskinstance.py:1571} INFO - Exporting the following env vars:
AIRFLOW_CTX_DAG_OWNER=***
AIRFLOW_CTX_DAG_ID=first_dag
AIRFLOW_CTX_TASK_ID=sum_column_task
AIRFLOW_CTX_EXECUTION_DATE=2022-12-11T14:35:00+00:00
AIRFLOW_CTX_TRY_NUMBER=1
AIRFLOW_CTX_DAG_RUN_ID=scheduled__2022-12-11T14:35:00+00:00
[2022-12-11 14:36:05,093] {python.py:173} INFO - Done. Returned value was: -447708674
[2022-12-11 14:36:05,140] {taskinstance.py:1400} INFO - Marking task as SUCCESS. dag_id=first_dag, task_id=sum_column_task, execution_date=20221211T143500, start_date=20221211T143604, end_date=20221211T143605
[2022-12-11 14:36:05,202] {local_task_job.py:156} INFO - Task exited with return code 0
[2022-12-11 14:36:05,257] {local_task_job.py:273} INFO - 1 downstream tasks scheduled from follow-on schedule check
