[2022-12-12 05:25:32,260] {taskinstance.py:1159} INFO - Dependencies all met for <TaskInstance: first_dag.generate_two_int_task manual__2022-12-12T05:25:23.498395+00:00 [queued]>
[2022-12-12 05:25:32,298] {taskinstance.py:1159} INFO - Dependencies all met for <TaskInstance: first_dag.generate_two_int_task manual__2022-12-12T05:25:23.498395+00:00 [queued]>
[2022-12-12 05:25:32,302] {taskinstance.py:1356} INFO - 
--------------------------------------------------------------------------------
[2022-12-12 05:25:32,303] {taskinstance.py:1357} INFO - Starting attempt 1 of 1
[2022-12-12 05:25:32,304] {taskinstance.py:1358} INFO - 
--------------------------------------------------------------------------------
[2022-12-12 05:25:32,353] {taskinstance.py:1377} INFO - Executing <Task(PythonOperator): generate_two_int_task> on 2022-12-12 05:25:23.498395+00:00
[2022-12-12 05:25:32,357] {standard_task_runner.py:52} INFO - Started process 7743 to run task
[2022-12-12 05:25:32,372] {standard_task_runner.py:79} INFO - Running: ['***', 'tasks', 'run', 'first_dag', 'generate_two_int_task', 'manual__2022-12-12T05:25:23.498395+00:00', '--job-id', '1627', '--raw', '--subdir', 'DAGS_FOLDER/first-dag.py', '--cfg-path', '/tmp/tmpxyir6zp3', '--error-file', '/tmp/tmpai8pud6n']
[2022-12-12 05:25:32,379] {standard_task_runner.py:80} INFO - Job 1627: Subtask generate_two_int_task
[2022-12-12 05:25:32,537] {task_command.py:369} INFO - Running <TaskInstance: first_dag.generate_two_int_task manual__2022-12-12T05:25:23.498395+00:00 [running]> on host 7e39590a7807
[2022-12-12 05:25:32,717] {taskinstance.py:1571} INFO - Exporting the following env vars:
AIRFLOW_CTX_DAG_OWNER=***
AIRFLOW_CTX_DAG_ID=first_dag
AIRFLOW_CTX_TASK_ID=generate_two_int_task
AIRFLOW_CTX_EXECUTION_DATE=2022-12-12T05:25:23.498395+00:00
AIRFLOW_CTX_TRY_NUMBER=1
AIRFLOW_CTX_DAG_RUN_ID=manual__2022-12-12T05:25:23.498395+00:00
[2022-12-12 05:25:32,762] {python.py:173} INFO - Done. Returned value was: None
[2022-12-12 05:25:32,819] {taskinstance.py:1400} INFO - Marking task as SUCCESS. dag_id=first_dag, task_id=generate_two_int_task, execution_date=20221212T052523, start_date=20221212T052532, end_date=20221212T052532
[2022-12-12 05:25:32,918] {local_task_job.py:156} INFO - Task exited with return code 0
[2022-12-12 05:25:33,119] {local_task_job.py:273} INFO - 0 downstream tasks scheduled from follow-on schedule check
