[2022-12-11 14:38:46,043] {taskinstance.py:1159} INFO - Dependencies all met for <TaskInstance: first_dag.generate_two_int_task manual__2022-12-11T14:38:43.015747+00:00 [queued]>
[2022-12-11 14:38:46,062] {taskinstance.py:1159} INFO - Dependencies all met for <TaskInstance: first_dag.generate_two_int_task manual__2022-12-11T14:38:43.015747+00:00 [queued]>
[2022-12-11 14:38:46,069] {taskinstance.py:1356} INFO - 
--------------------------------------------------------------------------------
[2022-12-11 14:38:46,076] {taskinstance.py:1357} INFO - Starting attempt 1 of 1
[2022-12-11 14:38:46,078] {taskinstance.py:1358} INFO - 
--------------------------------------------------------------------------------
[2022-12-11 14:38:46,128] {taskinstance.py:1377} INFO - Executing <Task(PythonOperator): generate_two_int_task> on 2022-12-11 14:38:43.015747+00:00
[2022-12-11 14:38:46,138] {standard_task_runner.py:52} INFO - Started process 1133 to run task
[2022-12-11 14:38:46,143] {standard_task_runner.py:79} INFO - Running: ['***', 'tasks', 'run', 'first_dag', 'generate_two_int_task', 'manual__2022-12-11T14:38:43.015747+00:00', '--job-id', '559', '--raw', '--subdir', 'DAGS_FOLDER/first-dag.py', '--cfg-path', '/tmp/tmpffn1agf1', '--error-file', '/tmp/tmpykhtg1q1']
[2022-12-11 14:38:46,145] {standard_task_runner.py:80} INFO - Job 559: Subtask generate_two_int_task
[2022-12-11 14:38:46,235] {task_command.py:369} INFO - Running <TaskInstance: first_dag.generate_two_int_task manual__2022-12-11T14:38:43.015747+00:00 [running]> on host 7e39590a7807
[2022-12-11 14:38:46,333] {taskinstance.py:1571} INFO - Exporting the following env vars:
AIRFLOW_CTX_DAG_OWNER=***
AIRFLOW_CTX_DAG_ID=first_dag
AIRFLOW_CTX_TASK_ID=generate_two_int_task
AIRFLOW_CTX_EXECUTION_DATE=2022-12-11T14:38:43.015747+00:00
AIRFLOW_CTX_TRY_NUMBER=1
AIRFLOW_CTX_DAG_RUN_ID=manual__2022-12-11T14:38:43.015747+00:00
[2022-12-11 14:38:46,348] {python.py:173} INFO - Done. Returned value was: None
[2022-12-11 14:38:46,368] {taskinstance.py:1400} INFO - Marking task as SUCCESS. dag_id=first_dag, task_id=generate_two_int_task, execution_date=20221211T143843, start_date=20221211T143846, end_date=20221211T143846
[2022-12-11 14:38:46,402] {local_task_job.py:156} INFO - Task exited with return code 0
[2022-12-11 14:38:46,456] {local_task_job.py:273} INFO - 1 downstream tasks scheduled from follow-on schedule check
