[2022-12-11 15:17:43,150] {taskinstance.py:1159} INFO - Dependencies all met for <TaskInstance: first_dag.world manual__2022-12-11T15:17:41.101102+00:00 [queued]>
[2022-12-11 15:17:43,169] {taskinstance.py:1159} INFO - Dependencies all met for <TaskInstance: first_dag.world manual__2022-12-11T15:17:41.101102+00:00 [queued]>
[2022-12-11 15:17:43,170] {taskinstance.py:1356} INFO - 
--------------------------------------------------------------------------------
[2022-12-11 15:17:43,172] {taskinstance.py:1357} INFO - Starting attempt 1 of 1
[2022-12-11 15:17:43,173] {taskinstance.py:1358} INFO - 
--------------------------------------------------------------------------------
[2022-12-11 15:17:43,194] {taskinstance.py:1377} INFO - Executing <Task(PythonOperator): world> on 2022-12-11 15:17:41.101102+00:00
[2022-12-11 15:17:43,204] {standard_task_runner.py:52} INFO - Started process 2323 to run task
[2022-12-11 15:17:43,214] {standard_task_runner.py:79} INFO - Running: ['***', 'tasks', 'run', 'first_dag', 'world', 'manual__2022-12-11T15:17:41.101102+00:00', '--job-id', '828', '--raw', '--subdir', 'DAGS_FOLDER/first-dag.py', '--cfg-path', '/tmp/tmpgqb8miww', '--error-file', '/tmp/tmpsnexj48q']
[2022-12-11 15:17:43,216] {standard_task_runner.py:80} INFO - Job 828: Subtask world
[2022-12-11 15:17:43,303] {task_command.py:369} INFO - Running <TaskInstance: first_dag.world manual__2022-12-11T15:17:41.101102+00:00 [running]> on host 7e39590a7807
[2022-12-11 15:17:43,405] {taskinstance.py:1571} INFO - Exporting the following env vars:
AIRFLOW_CTX_DAG_OWNER=***
AIRFLOW_CTX_DAG_ID=first_dag
AIRFLOW_CTX_TASK_ID=world
AIRFLOW_CTX_EXECUTION_DATE=2022-12-11T15:17:41.101102+00:00
AIRFLOW_CTX_TRY_NUMBER=1
AIRFLOW_CTX_DAG_RUN_ID=manual__2022-12-11T15:17:41.101102+00:00
[2022-12-11 15:17:43,408] {logging_mixin.py:115} INFO - Airflow
[2022-12-11 15:17:43,409] {python.py:173} INFO - Done. Returned value was: None
[2022-12-11 15:17:43,432] {taskinstance.py:1400} INFO - Marking task as SUCCESS. dag_id=first_dag, task_id=world, execution_date=20221211T151741, start_date=20221211T151743, end_date=20221211T151743
[2022-12-11 15:17:43,464] {local_task_job.py:156} INFO - Task exited with return code 0
[2022-12-11 15:17:43,523] {local_task_job.py:273} INFO - 1 downstream tasks scheduled from follow-on schedule check
