[2022-12-11 18:17:02,805] {taskinstance.py:1159} INFO - Dependencies all met for <TaskInstance: first_dag.hello_task manual__2022-12-11T18:16:59.772710+00:00 [queued]>
[2022-12-11 18:17:02,853] {taskinstance.py:1159} INFO - Dependencies all met for <TaskInstance: first_dag.hello_task manual__2022-12-11T18:16:59.772710+00:00 [queued]>
[2022-12-11 18:17:02,855] {taskinstance.py:1356} INFO - 
--------------------------------------------------------------------------------
[2022-12-11 18:17:02,856] {taskinstance.py:1357} INFO - Starting attempt 1 of 1
[2022-12-11 18:17:02,857] {taskinstance.py:1358} INFO - 
--------------------------------------------------------------------------------
[2022-12-11 18:17:02,931] {taskinstance.py:1377} INFO - Executing <Task(BashOperator): hello_task> on 2022-12-11 18:16:59.772710+00:00
[2022-12-11 18:17:02,964] {standard_task_runner.py:52} INFO - Started process 4270 to run task
[2022-12-11 18:17:02,994] {standard_task_runner.py:79} INFO - Running: ['***', 'tasks', 'run', 'first_dag', 'hello_task', 'manual__2022-12-11T18:16:59.772710+00:00', '--job-id', '1169', '--raw', '--subdir', 'DAGS_FOLDER/first-dag.py', '--cfg-path', '/tmp/tmpor7cknmr', '--error-file', '/tmp/tmp3yvccbem']
[2022-12-11 18:17:03,009] {standard_task_runner.py:80} INFO - Job 1169: Subtask hello_task
[2022-12-11 18:17:04,217] {task_command.py:369} INFO - Running <TaskInstance: first_dag.hello_task manual__2022-12-11T18:16:59.772710+00:00 [running]> on host 7e39590a7807
[2022-12-11 18:17:13,472] {taskinstance.py:1571} INFO - Exporting the following env vars:
AIRFLOW_CTX_DAG_OWNER=***
AIRFLOW_CTX_DAG_ID=first_dag
AIRFLOW_CTX_TASK_ID=hello_task
AIRFLOW_CTX_EXECUTION_DATE=2022-12-11T18:16:59.772710+00:00
AIRFLOW_CTX_TRY_NUMBER=1
AIRFLOW_CTX_DAG_RUN_ID=manual__2022-12-11T18:16:59.772710+00:00
[2022-12-11 18:17:13,490] {subprocess.py:62} INFO - Tmp dir root location: 
 /tmp
[2022-12-11 18:17:13,519] {subprocess.py:74} INFO - Running command: ['bash', '-c', 'echo hello']
[2022-12-11 18:17:13,655] {subprocess.py:85} INFO - Output:
[2022-12-11 18:17:13,684] {subprocess.py:92} INFO - hello
[2022-12-11 18:17:13,730] {subprocess.py:96} INFO - Command exited with return code 0
[2022-12-11 18:17:13,924] {taskinstance.py:1400} INFO - Marking task as SUCCESS. dag_id=first_dag, task_id=hello_task, execution_date=20221211T181659, start_date=20221211T181702, end_date=20221211T181713
[2022-12-11 18:17:14,008] {local_task_job.py:156} INFO - Task exited with return code 0
[2022-12-11 18:17:14,121] {local_task_job.py:273} INFO - 1 downstream tasks scheduled from follow-on schedule check
