[2022-12-12 05:13:38,962] {taskinstance.py:1159} INFO - Dependencies all met for <TaskInstance: first_dag.create_task_table manual__2022-12-12T05:13:37.283978+00:00 [queued]>
[2022-12-12 05:13:38,980] {taskinstance.py:1159} INFO - Dependencies all met for <TaskInstance: first_dag.create_task_table manual__2022-12-12T05:13:37.283978+00:00 [queued]>
[2022-12-12 05:13:38,981] {taskinstance.py:1356} INFO - 
--------------------------------------------------------------------------------
[2022-12-12 05:13:38,988] {taskinstance.py:1357} INFO - Starting attempt 1 of 1
[2022-12-12 05:13:38,989] {taskinstance.py:1358} INFO - 
--------------------------------------------------------------------------------
[2022-12-12 05:13:39,081] {taskinstance.py:1377} INFO - Executing <Task(PostgresOperator): create_task_table> on 2022-12-12 05:13:37.283978+00:00
[2022-12-12 05:13:39,144] {standard_task_runner.py:79} INFO - Running: ['***', 'tasks', 'run', 'first_dag', 'create_task_table', 'manual__2022-12-12T05:13:37.283978+00:00', '--job-id', '1573', '--raw', '--subdir', 'DAGS_FOLDER/first-dag.py', '--cfg-path', '/tmp/tmpwzuerk2e', '--error-file', '/tmp/tmpa3y4gw4n']
[2022-12-12 05:13:39,109] {standard_task_runner.py:52} INFO - Started process 7496 to run task
[2022-12-12 05:13:39,160] {standard_task_runner.py:80} INFO - Job 1573: Subtask create_task_table
[2022-12-12 05:13:39,593] {task_command.py:369} INFO - Running <TaskInstance: first_dag.create_task_table manual__2022-12-12T05:13:37.283978+00:00 [running]> on host 7e39590a7807
[2022-12-12 05:13:40,025] {taskinstance.py:1571} INFO - Exporting the following env vars:
AIRFLOW_CTX_DAG_OWNER=***
AIRFLOW_CTX_DAG_ID=first_dag
AIRFLOW_CTX_TASK_ID=create_task_table
AIRFLOW_CTX_EXECUTION_DATE=2022-12-12T05:13:37.283978+00:00
AIRFLOW_CTX_TRY_NUMBER=1
AIRFLOW_CTX_DAG_RUN_ID=manual__2022-12-12T05:13:37.283978+00:00
[2022-12-12 05:13:40,100] {base.py:68} INFO - Using connection ID 'db' for task execution.
[2022-12-12 05:13:40,120] {dbapi.py:208} INFO - Running statement: 
                create table if not exists task (
                id INT,
	            value_1 INT,
	            value_2 INT
            );
              , parameters: None
[2022-12-12 05:13:40,126] {postgres.py:94} INFO - NOTICE:  relation "task" already exists, skipping

[2022-12-12 05:13:40,159] {taskinstance.py:1400} INFO - Marking task as SUCCESS. dag_id=first_dag, task_id=create_task_table, execution_date=20221212T051337, start_date=20221212T051338, end_date=20221212T051340
[2022-12-12 05:13:40,227] {local_task_job.py:156} INFO - Task exited with return code 0
[2022-12-12 05:13:40,375] {local_task_job.py:273} INFO - 0 downstream tasks scheduled from follow-on schedule check
