[2022-12-12 05:27:15,054] {taskinstance.py:1159} INFO - Dependencies all met for <TaskInstance: first_dag.insert_data manual__2022-12-12T05:27:08.938323+00:00 [queued]>
[2022-12-12 05:27:15,089] {taskinstance.py:1159} INFO - Dependencies all met for <TaskInstance: first_dag.insert_data manual__2022-12-12T05:27:08.938323+00:00 [queued]>
[2022-12-12 05:27:15,091] {taskinstance.py:1356} INFO - 
--------------------------------------------------------------------------------
[2022-12-12 05:27:15,093] {taskinstance.py:1357} INFO - Starting attempt 1 of 1
[2022-12-12 05:27:15,095] {taskinstance.py:1358} INFO - 
--------------------------------------------------------------------------------
[2022-12-12 05:27:15,146] {taskinstance.py:1377} INFO - Executing <Task(PythonOperator): insert_data> on 2022-12-12 05:27:08.938323+00:00
[2022-12-12 05:27:15,165] {standard_task_runner.py:52} INFO - Started process 7834 to run task
[2022-12-12 05:27:15,187] {standard_task_runner.py:79} INFO - Running: ['***', 'tasks', 'run', 'first_dag', 'insert_data', 'manual__2022-12-12T05:27:08.938323+00:00', '--job-id', '1664', '--raw', '--subdir', 'DAGS_FOLDER/first-dag.py', '--cfg-path', '/tmp/tmpgb2qzhyk', '--error-file', '/tmp/tmpgb_mm6_r']
[2022-12-12 05:27:15,192] {standard_task_runner.py:80} INFO - Job 1664: Subtask insert_data
[2022-12-12 05:27:15,355] {task_command.py:369} INFO - Running <TaskInstance: first_dag.insert_data manual__2022-12-12T05:27:08.938323+00:00 [running]> on host 7e39590a7807
[2022-12-12 05:27:16,053] {taskinstance.py:1571} INFO - Exporting the following env vars:
AIRFLOW_CTX_DAG_OWNER=***
AIRFLOW_CTX_DAG_ID=first_dag
AIRFLOW_CTX_TASK_ID=insert_data
AIRFLOW_CTX_EXECUTION_DATE=2022-12-12T05:27:08.938323+00:00
AIRFLOW_CTX_TRY_NUMBER=1
AIRFLOW_CTX_DAG_RUN_ID=manual__2022-12-12T05:27:08.938323+00:00
[2022-12-12 05:27:16,091] {base.py:68} INFO - Using connection ID 'db' for task execution.
[2022-12-12 05:27:16,149] {logging_mixin.py:115} INFO - PostgreSQL connection is closed
[2022-12-12 05:27:16,158] {taskinstance.py:1889} ERROR - Task failed with exception
Traceback (most recent call last):
  File "/home/airflow/.local/lib/python3.7/site-packages/airflow/operators/python.py", line 171, in execute
    return_value = self.execute_callable()
  File "/home/airflow/.local/lib/python3.7/site-packages/airflow/operators/python.py", line 189, in execute_callable
    return self.python_callable(*self.op_args, **self.op_kwargs)
  File "/opt/airflow/dags/first-dag.py", line 32, in insert_data_to_db
    with open(path_to_file, "r") as file:
FileNotFoundError: [Errno 2] No such file or directory: '/tmp/file.txt'
[2022-12-12 05:27:16,203] {taskinstance.py:1400} INFO - Marking task as FAILED. dag_id=first_dag, task_id=insert_data, execution_date=20221212T052708, start_date=20221212T052715, end_date=20221212T052716
[2022-12-12 05:27:16,285] {standard_task_runner.py:97} ERROR - Failed to execute job 1664 for task insert_data ([Errno 2] No such file or directory: '/tmp/file.txt'; 7834)
[2022-12-12 05:27:16,311] {local_task_job.py:156} INFO - Task exited with return code 1
[2022-12-12 05:27:16,537] {local_task_job.py:273} INFO - 0 downstream tasks scheduled from follow-on schedule check
