[2022-12-11 14:37:42,505] {taskinstance.py:1159} INFO - Dependencies all met for <TaskInstance: first_dag.write_diff_task manual__2022-12-11T14:37:36.540946+00:00 [queued]>
[2022-12-11 14:37:42,523] {taskinstance.py:1159} INFO - Dependencies all met for <TaskInstance: first_dag.write_diff_task manual__2022-12-11T14:37:36.540946+00:00 [queued]>
[2022-12-11 14:37:42,525] {taskinstance.py:1356} INFO - 
--------------------------------------------------------------------------------
[2022-12-11 14:37:42,526] {taskinstance.py:1357} INFO - Starting attempt 1 of 1
[2022-12-11 14:37:42,528] {taskinstance.py:1358} INFO - 
--------------------------------------------------------------------------------
[2022-12-11 14:37:42,544] {taskinstance.py:1377} INFO - Executing <Task(PythonOperator): write_diff_task> on 2022-12-11 14:37:36.540946+00:00
[2022-12-11 14:37:42,549] {standard_task_runner.py:52} INFO - Started process 1065 to run task
[2022-12-11 14:37:42,558] {standard_task_runner.py:79} INFO - Running: ['***', 'tasks', 'run', 'first_dag', 'write_diff_task', 'manual__2022-12-11T14:37:36.540946+00:00', '--job-id', '541', '--raw', '--subdir', 'DAGS_FOLDER/first-dag.py', '--cfg-path', '/tmp/tmpcul48fts', '--error-file', '/tmp/tmp1qkfa2f9']
[2022-12-11 14:37:42,561] {standard_task_runner.py:80} INFO - Job 541: Subtask write_diff_task
[2022-12-11 14:37:42,648] {task_command.py:369} INFO - Running <TaskInstance: first_dag.write_diff_task manual__2022-12-11T14:37:36.540946+00:00 [running]> on host 7e39590a7807
[2022-12-11 14:37:42,743] {taskinstance.py:1571} INFO - Exporting the following env vars:
AIRFLOW_CTX_DAG_OWNER=***
AIRFLOW_CTX_DAG_ID=first_dag
AIRFLOW_CTX_TASK_ID=write_diff_task
AIRFLOW_CTX_EXECUTION_DATE=2022-12-11T14:37:36.540946+00:00
AIRFLOW_CTX_TRY_NUMBER=1
AIRFLOW_CTX_DAG_RUN_ID=manual__2022-12-11T14:37:36.540946+00:00
[2022-12-11 14:37:42,780] {logging_mixin.py:115} INFO - res 42
[2022-12-11 14:37:42,782] {python.py:173} INFO - Done. Returned value was: None
[2022-12-11 14:37:42,801] {taskinstance.py:1400} INFO - Marking task as SUCCESS. dag_id=first_dag, task_id=write_diff_task, execution_date=20221211T143736, start_date=20221211T143742, end_date=20221211T143742
[2022-12-11 14:37:42,852] {local_task_job.py:156} INFO - Task exited with return code 0
[2022-12-11 14:37:42,918] {local_task_job.py:273} INFO - 0 downstream tasks scheduled from follow-on schedule check
