[2022-12-12 05:01:45,538] {taskinstance.py:1159} INFO - Dependencies all met for <TaskInstance: first_dag.wait_for_file scheduled__2022-12-11T21:15:00+00:00 [queued]>
[2022-12-12 05:01:45,606] {taskinstance.py:1159} INFO - Dependencies all met for <TaskInstance: first_dag.wait_for_file scheduled__2022-12-11T21:15:00+00:00 [queued]>
[2022-12-12 05:01:45,608] {taskinstance.py:1356} INFO - 
--------------------------------------------------------------------------------
[2022-12-12 05:01:45,609] {taskinstance.py:1357} INFO - Starting attempt 2 of 3
[2022-12-12 05:01:45,610] {taskinstance.py:1358} INFO - 
--------------------------------------------------------------------------------
[2022-12-12 05:01:45,703] {taskinstance.py:1377} INFO - Executing <Task(PythonSensor): wait_for_file> on 2022-12-11 21:15:00+00:00
[2022-12-12 05:01:45,739] {standard_task_runner.py:52} INFO - Started process 7382 to run task
[2022-12-12 05:01:45,807] {standard_task_runner.py:79} INFO - Running: ['***', 'tasks', 'run', 'first_dag', 'wait_for_file', 'scheduled__2022-12-11T21:15:00+00:00', '--job-id', '1566', '--raw', '--subdir', 'DAGS_FOLDER/first-dag.py', '--cfg-path', '/tmp/tmpbabiy8xq', '--error-file', '/tmp/tmpsv8mvamw']
[2022-12-12 05:01:45,827] {standard_task_runner.py:80} INFO - Job 1566: Subtask wait_for_file
[2022-12-12 05:01:49,212] {task_command.py:369} INFO - Running <TaskInstance: first_dag.wait_for_file scheduled__2022-12-11T21:15:00+00:00 [running]> on host 7e39590a7807
[2022-12-12 05:01:51,608] {taskinstance.py:1571} INFO - Exporting the following env vars:
AIRFLOW_CTX_DAG_OWNER=***
AIRFLOW_CTX_DAG_ID=first_dag
AIRFLOW_CTX_TASK_ID=wait_for_file
AIRFLOW_CTX_EXECUTION_DATE=2022-12-11T21:15:00+00:00
AIRFLOW_CTX_TRY_NUMBER=2
AIRFLOW_CTX_DAG_RUN_ID=scheduled__2022-12-11T21:15:00+00:00
[2022-12-12 05:01:51,619] {python.py:66} INFO - Poking callable: <function _wait_for_file at 0x7f6cec7ab320>
[2022-12-12 05:01:52,919] {logging_mixin.py:115} INFO - _wait_for_file True
[2022-12-12 05:02:13,503] {python.py:66} INFO - Poking callable: <function _wait_for_file at 0x7f6cec7ab320>
[2022-12-12 05:02:16,614] {logging_mixin.py:115} INFO - _wait_for_file True
[2022-12-12 05:02:37,277] {python.py:66} INFO - Poking callable: <function _wait_for_file at 0x7f6cec7ab320>
[2022-12-12 05:02:38,583] {logging_mixin.py:115} INFO - _wait_for_file True
[2022-12-12 05:02:57,987] {python.py:66} INFO - Poking callable: <function _wait_for_file at 0x7f6cec7ab320>
[2022-12-12 05:02:58,382] {logging_mixin.py:115} INFO - _wait_for_file True
[2022-12-12 05:03:18,409] {python.py:66} INFO - Poking callable: <function _wait_for_file at 0x7f6cec7ab320>
[2022-12-12 05:03:18,939] {logging_mixin.py:115} INFO - _wait_for_file True
[2022-12-12 05:03:39,028] {python.py:66} INFO - Poking callable: <function _wait_for_file at 0x7f6cec7ab320>
[2022-12-12 05:03:39,597] {logging_mixin.py:115} INFO - _wait_for_file True
[2022-12-12 05:03:59,573] {python.py:66} INFO - Poking callable: <function _wait_for_file at 0x7f6cec7ab320>
[2022-12-12 05:04:16,775] {logging_mixin.py:115} INFO - _wait_for_file True
[2022-12-12 05:04:36,763] {python.py:66} INFO - Poking callable: <function _wait_for_file at 0x7f6cec7ab320>
[2022-12-12 05:04:37,951] {logging_mixin.py:115} INFO - _wait_for_file True
[2022-12-12 05:04:57,995] {python.py:66} INFO - Poking callable: <function _wait_for_file at 0x7f6cec7ab320>
[2022-12-12 05:04:58,881] {logging_mixin.py:115} INFO - _wait_for_file True
[2022-12-12 05:05:18,959] {python.py:66} INFO - Poking callable: <function _wait_for_file at 0x7f6cec7ab320>
[2022-12-12 05:05:19,096] {logging_mixin.py:115} INFO - _wait_for_file True
[2022-12-12 05:05:39,088] {python.py:66} INFO - Poking callable: <function _wait_for_file at 0x7f6cec7ab320>
[2022-12-12 05:05:40,200] {logging_mixin.py:115} INFO - _wait_for_file True
[2022-12-12 05:06:00,800] {python.py:66} INFO - Poking callable: <function _wait_for_file at 0x7f6cec7ab320>
[2022-12-12 05:06:01,731] {logging_mixin.py:115} INFO - _wait_for_file True
[2022-12-12 05:06:21,793] {python.py:66} INFO - Poking callable: <function _wait_for_file at 0x7f6cec7ab320>
[2022-12-12 05:06:21,879] {logging_mixin.py:115} INFO - _wait_for_file True
[2022-12-12 05:06:41,901] {python.py:66} INFO - Poking callable: <function _wait_for_file at 0x7f6cec7ab320>
[2022-12-12 05:06:42,184] {logging_mixin.py:115} INFO - _wait_for_file True
[2022-12-12 05:07:02,176] {python.py:66} INFO - Poking callable: <function _wait_for_file at 0x7f6cec7ab320>
[2022-12-12 05:07:02,353] {logging_mixin.py:115} INFO - _wait_for_file True
[2022-12-12 05:07:22,376] {python.py:66} INFO - Poking callable: <function _wait_for_file at 0x7f6cec7ab320>
[2022-12-12 05:07:22,498] {logging_mixin.py:115} INFO - _wait_for_file True
[2022-12-12 05:07:42,501] {python.py:66} INFO - Poking callable: <function _wait_for_file at 0x7f6cec7ab320>
[2022-12-12 05:07:43,921] {logging_mixin.py:115} INFO - _wait_for_file True
[2022-12-12 05:08:03,916] {python.py:66} INFO - Poking callable: <function _wait_for_file at 0x7f6cec7ab320>
[2022-12-12 05:08:04,117] {logging_mixin.py:115} INFO - _wait_for_file True
[2022-12-12 05:08:24,108] {python.py:66} INFO - Poking callable: <function _wait_for_file at 0x7f6cec7ab320>
[2022-12-12 05:08:24,589] {logging_mixin.py:115} INFO - _wait_for_file True
[2022-12-12 05:08:46,898] {python.py:66} INFO - Poking callable: <function _wait_for_file at 0x7f6cec7ab320>
[2022-12-12 05:08:51,894] {logging_mixin.py:115} INFO - _wait_for_file True
[2022-12-12 05:09:12,438] {python.py:66} INFO - Poking callable: <function _wait_for_file at 0x7f6cec7ab320>
[2022-12-12 05:09:14,665] {logging_mixin.py:115} INFO - _wait_for_file True
[2022-12-12 05:09:34,681] {python.py:66} INFO - Poking callable: <function _wait_for_file at 0x7f6cec7ab320>
[2022-12-12 05:09:34,896] {logging_mixin.py:115} INFO - _wait_for_file True
[2022-12-12 05:09:54,887] {python.py:66} INFO - Poking callable: <function _wait_for_file at 0x7f6cec7ab320>
[2022-12-12 05:09:55,130] {logging_mixin.py:115} INFO - _wait_for_file False
[2022-12-12 05:10:16,031] {python.py:66} INFO - Poking callable: <function _wait_for_file at 0x7f6cec7ab320>
[2022-12-12 05:10:18,038] {logging_mixin.py:115} INFO - _wait_for_file False
[2022-12-12 05:10:38,020] {python.py:66} INFO - Poking callable: <function _wait_for_file at 0x7f6cec7ab320>
[2022-12-12 05:10:38,044] {logging_mixin.py:115} INFO - _wait_for_file False
[2022-12-12 05:10:57,468] {python.py:66} INFO - Poking callable: <function _wait_for_file at 0x7f6cec7ab320>
[2022-12-12 05:10:57,505] {logging_mixin.py:115} INFO - _wait_for_file False
[2022-12-12 05:11:17,529] {python.py:66} INFO - Poking callable: <function _wait_for_file at 0x7f6cec7ab320>
[2022-12-12 05:11:17,574] {logging_mixin.py:115} INFO - _wait_for_file False
[2022-12-12 05:11:37,560] {python.py:66} INFO - Poking callable: <function _wait_for_file at 0x7f6cec7ab320>
[2022-12-12 05:11:37,577] {logging_mixin.py:115} INFO - _wait_for_file False
[2022-12-12 05:11:57,570] {python.py:66} INFO - Poking callable: <function _wait_for_file at 0x7f6cec7ab320>
[2022-12-12 05:11:57,592] {logging_mixin.py:115} INFO - _wait_for_file False
[2022-12-12 05:12:17,614] {python.py:66} INFO - Poking callable: <function _wait_for_file at 0x7f6cec7ab320>
[2022-12-12 05:12:17,835] {logging_mixin.py:115} INFO - _wait_for_file False
[2022-12-12 05:12:37,824] {python.py:66} INFO - Poking callable: <function _wait_for_file at 0x7f6cec7ab320>
[2022-12-12 05:12:37,875] {logging_mixin.py:115} INFO - _wait_for_file False
[2022-12-12 05:12:58,015] {python.py:66} INFO - Poking callable: <function _wait_for_file at 0x7f6cec7ab320>
[2022-12-12 05:13:11,914] {logging_mixin.py:115} INFO - _wait_for_file False
[2022-12-12 05:13:22,815] {local_task_job.py:221} WARNING - State of this instance has been externally set to None. Terminating instance.
[2022-12-12 05:13:23,324] {process_utils.py:129} INFO - Sending Signals.SIGTERM to group 7382. PIDs of all processes in the group: [7382]
[2022-12-12 05:13:23,420] {process_utils.py:80} INFO - Sending the signal Signals.SIGTERM to group 7382
[2022-12-12 05:13:23,581] {taskinstance.py:1541} ERROR - Received SIGTERM. Terminating subprocesses.
[2022-12-12 05:13:26,471] {taskinstance.py:1889} ERROR - Task failed with exception
Traceback (most recent call last):
  File "/home/airflow/.local/lib/python3.7/site-packages/airflow/sensors/base.py", line 299, in execute
    time.sleep(self._get_next_poke_interval(started_at, run_duration, try_number))
  File "/home/airflow/.local/lib/python3.7/site-packages/airflow/models/taskinstance.py", line 1543, in signal_handler
    raise AirflowException("Task received SIGTERM signal")
airflow.exceptions.AirflowException: Task received SIGTERM signal
[2022-12-12 05:13:26,984] {taskinstance.py:1400} INFO - Marking task as FAILED. dag_id=first_dag, task_id=wait_for_file, execution_date=20221211T211500, start_date=20221212T050145, end_date=20221212T051326
[2022-12-12 05:13:27,575] {standard_task_runner.py:97} ERROR - Failed to execute job 1566 for task wait_for_file ((psycopg2.errors.ForeignKeyViolation) insert or update on table "task_fail" violates foreign key constraint "task_fail_ti_fkey"
DETAIL:  Key (dag_id, task_id, run_id, map_index)=(first_dag, wait_for_file, scheduled__2022-12-11T21:15:00+00:00, -1) is not present in table "task_instance".

[SQL: INSERT INTO task_fail (task_id, dag_id, run_id, map_index, start_date, end_date, duration) VALUES (%(task_id)s, %(dag_id)s, %(run_id)s, %(map_index)s, %(start_date)s, %(end_date)s, %(duration)s) RETURNING task_fail.id]
[parameters: {'task_id': 'wait_for_file', 'dag_id': 'first_dag', 'run_id': 'scheduled__2022-12-11T21:15:00+00:00', 'map_index': -1, 'start_date': datetime.datetime(2022, 12, 12, 5, 1, 45, 541478, tzinfo=Timezone('UTC')), 'end_date': datetime.datetime(2022, 12, 12, 5, 13, 26, 872739, tzinfo=Timezone('UTC')), 'duration': 701}]
(Background on this error at: http://sqlalche.me/e/14/gkpj); 7382)
[2022-12-12 05:13:27,794] {process_utils.py:75} INFO - Process psutil.Process(pid=7382, status='terminated', exitcode=1, started='05:01:45') (7382) terminated with exit code 1
