[2022-12-11 21:21:50,149] {taskinstance.py:1159} INFO - Dependencies all met for <TaskInstance: first_dag.wait_for_file scheduled__2022-12-11T21:15:00+00:00 [queued]>
[2022-12-11 21:21:50,563] {taskinstance.py:1159} INFO - Dependencies all met for <TaskInstance: first_dag.wait_for_file scheduled__2022-12-11T21:15:00+00:00 [queued]>
[2022-12-11 21:21:50,566] {taskinstance.py:1356} INFO - 
--------------------------------------------------------------------------------
[2022-12-11 21:21:50,571] {taskinstance.py:1357} INFO - Starting attempt 1 of 3
[2022-12-11 21:21:50,576] {taskinstance.py:1358} INFO - 
--------------------------------------------------------------------------------
[2022-12-11 21:21:50,871] {taskinstance.py:1377} INFO - Executing <Task(PythonSensor): wait_for_file> on 2022-12-11 21:15:00+00:00
[2022-12-11 21:21:51,047] {standard_task_runner.py:52} INFO - Started process 6618 to run task
[2022-12-11 21:21:51,168] {standard_task_runner.py:79} INFO - Running: ['***', 'tasks', 'run', 'first_dag', 'wait_for_file', 'scheduled__2022-12-11T21:15:00+00:00', '--job-id', '1542', '--raw', '--subdir', 'DAGS_FOLDER/first-dag.py', '--cfg-path', '/tmp/tmpixbala_g', '--error-file', '/tmp/tmpuycyl0um']
[2022-12-11 21:21:51,209] {standard_task_runner.py:80} INFO - Job 1542: Subtask wait_for_file
[2022-12-11 21:21:51,907] {task_command.py:369} INFO - Running <TaskInstance: first_dag.wait_for_file scheduled__2022-12-11T21:15:00+00:00 [running]> on host 7e39590a7807
[2022-12-11 21:21:53,059] {taskinstance.py:1571} INFO - Exporting the following env vars:
AIRFLOW_CTX_DAG_OWNER=***
AIRFLOW_CTX_DAG_ID=first_dag
AIRFLOW_CTX_TASK_ID=wait_for_file
AIRFLOW_CTX_EXECUTION_DATE=2022-12-11T21:15:00+00:00
AIRFLOW_CTX_TRY_NUMBER=1
AIRFLOW_CTX_DAG_RUN_ID=scheduled__2022-12-11T21:15:00+00:00
[2022-12-11 21:21:53,082] {python.py:66} INFO - Poking callable: <function _wait_for_file at 0x7f6cec7ac560>
[2022-12-11 21:21:53,329] {logging_mixin.py:115} INFO - _wait_for_file True
[2022-12-11 21:22:13,359] {python.py:66} INFO - Poking callable: <function _wait_for_file at 0x7f6cec7ac560>
[2022-12-11 21:22:13,402] {logging_mixin.py:115} INFO - _wait_for_file True
[2022-12-11 21:22:33,417] {python.py:66} INFO - Poking callable: <function _wait_for_file at 0x7f6cec7ac560>
[2022-12-11 21:22:33,436] {logging_mixin.py:115} INFO - _wait_for_file True
[2022-12-11 21:22:53,412] {python.py:66} INFO - Poking callable: <function _wait_for_file at 0x7f6cec7ac560>
[2022-12-11 21:22:53,434] {logging_mixin.py:115} INFO - _wait_for_file True
[2022-12-11 21:23:13,416] {python.py:66} INFO - Poking callable: <function _wait_for_file at 0x7f6cec7ac560>
[2022-12-11 21:23:13,441] {logging_mixin.py:115} INFO - _wait_for_file True
[2022-12-11 21:23:33,446] {python.py:66} INFO - Poking callable: <function _wait_for_file at 0x7f6cec7ac560>
[2022-12-11 21:23:33,474] {logging_mixin.py:115} INFO - _wait_for_file True
[2022-12-11 21:23:53,453] {python.py:66} INFO - Poking callable: <function _wait_for_file at 0x7f6cec7ac560>
[2022-12-11 21:23:53,474] {logging_mixin.py:115} INFO - _wait_for_file True
[2022-12-11 21:24:13,456] {python.py:66} INFO - Poking callable: <function _wait_for_file at 0x7f6cec7ac560>
[2022-12-11 21:24:13,475] {logging_mixin.py:115} INFO - _wait_for_file True
[2022-12-11 21:24:33,502] {python.py:66} INFO - Poking callable: <function _wait_for_file at 0x7f6cec7ac560>
[2022-12-11 21:24:33,527] {logging_mixin.py:115} INFO - _wait_for_file True
[2022-12-11 21:24:53,518] {python.py:66} INFO - Poking callable: <function _wait_for_file at 0x7f6cec7ac560>
[2022-12-11 21:24:53,620] {logging_mixin.py:115} INFO - _wait_for_file True
[2022-12-11 21:25:13,608] {python.py:66} INFO - Poking callable: <function _wait_for_file at 0x7f6cec7ac560>
[2022-12-11 21:25:13,631] {logging_mixin.py:115} INFO - _wait_for_file True
[2022-12-11 21:25:33,655] {python.py:66} INFO - Poking callable: <function _wait_for_file at 0x7f6cec7ac560>
[2022-12-11 21:25:33,676] {logging_mixin.py:115} INFO - _wait_for_file True
[2022-12-11 21:25:53,662] {python.py:66} INFO - Poking callable: <function _wait_for_file at 0x7f6cec7ac560>
[2022-12-11 21:25:53,691] {logging_mixin.py:115} INFO - _wait_for_file True
[2022-12-11 21:26:13,682] {python.py:66} INFO - Poking callable: <function _wait_for_file at 0x7f6cec7ac560>
[2022-12-11 21:26:13,733] {logging_mixin.py:115} INFO - _wait_for_file True
[2022-12-11 21:26:33,755] {python.py:66} INFO - Poking callable: <function _wait_for_file at 0x7f6cec7ac560>
[2022-12-11 21:26:33,782] {logging_mixin.py:115} INFO - _wait_for_file True
[2022-12-11 21:26:53,768] {python.py:66} INFO - Poking callable: <function _wait_for_file at 0x7f6cec7ac560>
[2022-12-11 21:26:53,787] {logging_mixin.py:115} INFO - _wait_for_file True
[2022-12-11 21:27:13,775] {python.py:66} INFO - Poking callable: <function _wait_for_file at 0x7f6cec7ac560>
[2022-12-11 21:27:13,797] {logging_mixin.py:115} INFO - _wait_for_file True
[2022-12-11 21:27:33,823] {python.py:66} INFO - Poking callable: <function _wait_for_file at 0x7f6cec7ac560>
[2022-12-11 21:27:33,843] {logging_mixin.py:115} INFO - _wait_for_file True
[2022-12-11 21:27:53,829] {python.py:66} INFO - Poking callable: <function _wait_for_file at 0x7f6cec7ac560>
[2022-12-11 21:27:53,850] {logging_mixin.py:115} INFO - _wait_for_file True
[2022-12-11 21:28:13,838] {python.py:66} INFO - Poking callable: <function _wait_for_file at 0x7f6cec7ac560>
[2022-12-11 21:28:13,880] {logging_mixin.py:115} INFO - _wait_for_file True
[2022-12-11 21:28:33,892] {python.py:66} INFO - Poking callable: <function _wait_for_file at 0x7f6cec7ac560>
[2022-12-11 21:28:33,913] {logging_mixin.py:115} INFO - _wait_for_file True
[2022-12-11 21:28:53,894] {python.py:66} INFO - Poking callable: <function _wait_for_file at 0x7f6cec7ac560>
[2022-12-11 21:28:53,919] {logging_mixin.py:115} INFO - _wait_for_file True
[2022-12-11 21:29:13,892] {python.py:66} INFO - Poking callable: <function _wait_for_file at 0x7f6cec7ac560>
[2022-12-11 21:29:13,914] {logging_mixin.py:115} INFO - _wait_for_file True
[2022-12-11 21:29:33,936] {python.py:66} INFO - Poking callable: <function _wait_for_file at 0x7f6cec7ac560>
[2022-12-11 21:29:33,955] {logging_mixin.py:115} INFO - _wait_for_file True
[2022-12-11 21:29:53,936] {python.py:66} INFO - Poking callable: <function _wait_for_file at 0x7f6cec7ac560>
[2022-12-11 21:29:53,954] {logging_mixin.py:115} INFO - _wait_for_file True
[2022-12-11 21:30:13,940] {python.py:66} INFO - Poking callable: <function _wait_for_file at 0x7f6cec7ac560>
[2022-12-11 21:30:13,967] {logging_mixin.py:115} INFO - _wait_for_file True
[2022-12-11 21:30:33,984] {python.py:66} INFO - Poking callable: <function _wait_for_file at 0x7f6cec7ac560>
[2022-12-11 21:30:34,003] {logging_mixin.py:115} INFO - _wait_for_file True
[2022-12-11 21:30:53,987] {python.py:66} INFO - Poking callable: <function _wait_for_file at 0x7f6cec7ac560>
[2022-12-11 21:30:54,007] {logging_mixin.py:115} INFO - _wait_for_file True
[2022-12-11 21:31:13,990] {python.py:66} INFO - Poking callable: <function _wait_for_file at 0x7f6cec7ac560>
[2022-12-11 21:31:14,117] {logging_mixin.py:115} INFO - _wait_for_file True
[2022-12-11 21:31:34,125] {python.py:66} INFO - Poking callable: <function _wait_for_file at 0x7f6cec7ac560>
[2022-12-11 21:31:34,145] {logging_mixin.py:115} INFO - _wait_for_file True
[2022-12-11 21:31:54,133] {python.py:66} INFO - Poking callable: <function _wait_for_file at 0x7f6cec7ac560>
[2022-12-11 21:31:54,154] {logging_mixin.py:115} INFO - _wait_for_file True
[2022-12-11 21:32:14,142] {python.py:66} INFO - Poking callable: <function _wait_for_file at 0x7f6cec7ac560>
[2022-12-11 21:32:14,165] {logging_mixin.py:115} INFO - _wait_for_file True
[2022-12-11 21:32:34,176] {python.py:66} INFO - Poking callable: <function _wait_for_file at 0x7f6cec7ac560>
[2022-12-11 21:32:34,195] {logging_mixin.py:115} INFO - _wait_for_file True
[2022-12-11 21:32:54,180] {python.py:66} INFO - Poking callable: <function _wait_for_file at 0x7f6cec7ac560>
[2022-12-11 21:32:54,244] {logging_mixin.py:115} INFO - _wait_for_file True
[2022-12-11 21:33:14,234] {python.py:66} INFO - Poking callable: <function _wait_for_file at 0x7f6cec7ac560>
[2022-12-11 21:33:14,257] {logging_mixin.py:115} INFO - _wait_for_file True
[2022-12-11 21:33:34,262] {python.py:66} INFO - Poking callable: <function _wait_for_file at 0x7f6cec7ac560>
[2022-12-11 21:33:34,287] {logging_mixin.py:115} INFO - _wait_for_file True
[2022-12-11 21:33:54,272] {python.py:66} INFO - Poking callable: <function _wait_for_file at 0x7f6cec7ac560>
[2022-12-11 21:33:54,289] {logging_mixin.py:115} INFO - _wait_for_file True
[2022-12-11 21:34:14,281] {python.py:66} INFO - Poking callable: <function _wait_for_file at 0x7f6cec7ac560>
[2022-12-11 21:34:14,299] {logging_mixin.py:115} INFO - _wait_for_file True
[2022-12-11 21:34:34,304] {python.py:66} INFO - Poking callable: <function _wait_for_file at 0x7f6cec7ac560>
[2022-12-11 21:34:34,324] {logging_mixin.py:115} INFO - _wait_for_file True
[2022-12-11 21:34:54,319] {python.py:66} INFO - Poking callable: <function _wait_for_file at 0x7f6cec7ac560>
[2022-12-11 21:34:54,345] {logging_mixin.py:115} INFO - _wait_for_file True
[2022-12-11 21:37:42,275] {python.py:66} INFO - Poking callable: <function _wait_for_file at 0x7f6cec7ac560>
[2022-12-11 21:37:42,294] {logging_mixin.py:115} INFO - _wait_for_file True
[2022-12-11 21:38:02,639] {python.py:66} INFO - Poking callable: <function _wait_for_file at 0x7f6cec7ac560>
[2022-12-11 21:38:09,606] {logging_mixin.py:115} INFO - _wait_for_file True
[2022-12-11 21:38:29,643] {python.py:66} INFO - Poking callable: <function _wait_for_file at 0x7f6cec7ac560>
[2022-12-11 21:38:31,092] {logging_mixin.py:115} INFO - _wait_for_file True
[2022-12-11 21:38:51,802] {python.py:66} INFO - Poking callable: <function _wait_for_file at 0x7f6cec7ac560>
[2022-12-11 21:38:52,193] {logging_mixin.py:115} INFO - _wait_for_file True
[2022-12-11 21:39:12,648] {python.py:66} INFO - Poking callable: <function _wait_for_file at 0x7f6cec7ac560>
[2022-12-11 21:39:12,842] {logging_mixin.py:115} INFO - _wait_for_file True
[2022-12-11 21:39:32,834] {python.py:66} INFO - Poking callable: <function _wait_for_file at 0x7f6cec7ac560>
[2022-12-11 21:39:33,154] {logging_mixin.py:115} INFO - _wait_for_file True
[2022-12-11 21:39:53,196] {python.py:66} INFO - Poking callable: <function _wait_for_file at 0x7f6cec7ac560>
[2022-12-11 21:39:53,335] {logging_mixin.py:115} INFO - _wait_for_file True
[2022-12-11 21:40:13,345] {python.py:66} INFO - Poking callable: <function _wait_for_file at 0x7f6cec7ac560>
[2022-12-11 21:40:13,568] {logging_mixin.py:115} INFO - _wait_for_file True
[2022-12-11 21:40:33,564] {python.py:66} INFO - Poking callable: <function _wait_for_file at 0x7f6cec7ac560>
[2022-12-11 21:40:33,745] {logging_mixin.py:115} INFO - _wait_for_file True
[2022-12-11 21:40:53,790] {python.py:66} INFO - Poking callable: <function _wait_for_file at 0x7f6cec7ac560>
[2022-12-11 21:40:55,560] {logging_mixin.py:115} INFO - _wait_for_file True
[2022-12-11 21:41:16,202] {python.py:66} INFO - Poking callable: <function _wait_for_file at 0x7f6cec7ac560>
[2022-12-11 21:41:16,240] {logging_mixin.py:115} INFO - _wait_for_file True
[2022-12-11 21:41:36,219] {python.py:66} INFO - Poking callable: <function _wait_for_file at 0x7f6cec7ac560>
[2022-12-11 21:41:36,251] {logging_mixin.py:115} INFO - _wait_for_file True
[2022-12-11 21:41:56,444] {python.py:66} INFO - Poking callable: <function _wait_for_file at 0x7f6cec7ac560>
[2022-12-11 21:42:01,741] {logging_mixin.py:115} INFO - _wait_for_file True
[2022-12-11 21:42:21,851] {python.py:66} INFO - Poking callable: <function _wait_for_file at 0x7f6cec7ac560>
[2022-12-11 21:42:22,939] {logging_mixin.py:115} INFO - _wait_for_file True
[2022-12-11 21:42:42,935] {python.py:66} INFO - Poking callable: <function _wait_for_file at 0x7f6cec7ac560>
[2022-12-11 21:42:42,959] {logging_mixin.py:115} INFO - _wait_for_file True
[2022-12-11 21:43:02,939] {python.py:66} INFO - Poking callable: <function _wait_for_file at 0x7f6cec7ac560>
[2022-12-11 21:43:02,992] {logging_mixin.py:115} INFO - _wait_for_file True
[2022-12-11 21:43:23,020] {python.py:66} INFO - Poking callable: <function _wait_for_file at 0x7f6cec7ac560>
[2022-12-11 21:43:23,068] {logging_mixin.py:115} INFO - _wait_for_file True
[2022-12-11 21:43:43,055] {python.py:66} INFO - Poking callable: <function _wait_for_file at 0x7f6cec7ac560>
[2022-12-11 21:43:43,116] {logging_mixin.py:115} INFO - _wait_for_file True
[2022-12-11 21:44:03,097] {python.py:66} INFO - Poking callable: <function _wait_for_file at 0x7f6cec7ac560>
[2022-12-11 21:44:03,210] {logging_mixin.py:115} INFO - _wait_for_file True
[2022-12-11 21:44:23,243] {python.py:66} INFO - Poking callable: <function _wait_for_file at 0x7f6cec7ac560>
[2022-12-11 21:44:23,370] {logging_mixin.py:115} INFO - _wait_for_file True
[2022-12-11 21:44:43,345] {python.py:66} INFO - Poking callable: <function _wait_for_file at 0x7f6cec7ac560>
[2022-12-11 21:44:43,394] {logging_mixin.py:115} INFO - _wait_for_file True
[2022-12-11 21:45:03,383] {python.py:66} INFO - Poking callable: <function _wait_for_file at 0x7f6cec7ac560>
[2022-12-11 21:45:03,439] {logging_mixin.py:115} INFO - _wait_for_file True
[2022-12-11 21:45:23,466] {python.py:66} INFO - Poking callable: <function _wait_for_file at 0x7f6cec7ac560>
[2022-12-11 21:45:23,528] {logging_mixin.py:115} INFO - _wait_for_file True
[2022-12-11 21:45:43,524] {python.py:66} INFO - Poking callable: <function _wait_for_file at 0x7f6cec7ac560>
[2022-12-11 21:45:43,642] {logging_mixin.py:115} INFO - _wait_for_file True
[2022-12-11 21:46:03,631] {python.py:66} INFO - Poking callable: <function _wait_for_file at 0x7f6cec7ac560>
[2022-12-11 21:46:03,714] {logging_mixin.py:115} INFO - _wait_for_file True
[2022-12-11 21:46:23,740] {python.py:66} INFO - Poking callable: <function _wait_for_file at 0x7f6cec7ac560>
[2022-12-11 21:46:23,850] {logging_mixin.py:115} INFO - _wait_for_file True
[2022-12-11 21:46:43,853] {python.py:66} INFO - Poking callable: <function _wait_for_file at 0x7f6cec7ac560>
[2022-12-11 21:46:43,909] {logging_mixin.py:115} INFO - _wait_for_file True
[2022-12-11 21:47:03,907] {python.py:66} INFO - Poking callable: <function _wait_for_file at 0x7f6cec7ac560>
[2022-12-11 21:47:03,993] {logging_mixin.py:115} INFO - _wait_for_file True
[2022-12-11 21:47:24,025] {python.py:66} INFO - Poking callable: <function _wait_for_file at 0x7f6cec7ac560>
[2022-12-11 21:47:24,083] {logging_mixin.py:115} INFO - _wait_for_file True
[2022-12-11 21:47:44,071] {python.py:66} INFO - Poking callable: <function _wait_for_file at 0x7f6cec7ac560>
[2022-12-11 21:47:44,148] {logging_mixin.py:115} INFO - _wait_for_file True
[2022-12-11 21:48:04,141] {python.py:66} INFO - Poking callable: <function _wait_for_file at 0x7f6cec7ac560>
[2022-12-11 21:48:04,252] {logging_mixin.py:115} INFO - _wait_for_file True
[2022-12-11 21:48:24,277] {python.py:66} INFO - Poking callable: <function _wait_for_file at 0x7f6cec7ac560>
[2022-12-11 21:48:24,351] {logging_mixin.py:115} INFO - _wait_for_file True
[2022-12-11 21:48:44,344] {python.py:66} INFO - Poking callable: <function _wait_for_file at 0x7f6cec7ac560>
[2022-12-11 21:48:44,388] {logging_mixin.py:115} INFO - _wait_for_file True
[2022-12-11 21:49:04,373] {python.py:66} INFO - Poking callable: <function _wait_for_file at 0x7f6cec7ac560>
[2022-12-11 21:49:04,406] {logging_mixin.py:115} INFO - _wait_for_file True
[2022-12-11 21:49:24,427] {python.py:66} INFO - Poking callable: <function _wait_for_file at 0x7f6cec7ac560>
[2022-12-11 21:49:24,454] {logging_mixin.py:115} INFO - _wait_for_file True
[2022-12-11 21:49:44,441] {python.py:66} INFO - Poking callable: <function _wait_for_file at 0x7f6cec7ac560>
[2022-12-11 21:49:44,489] {logging_mixin.py:115} INFO - _wait_for_file True
[2022-12-11 21:50:04,475] {python.py:66} INFO - Poking callable: <function _wait_for_file at 0x7f6cec7ac560>
[2022-12-11 21:50:04,543] {logging_mixin.py:115} INFO - _wait_for_file True
[2022-12-11 21:50:24,570] {python.py:66} INFO - Poking callable: <function _wait_for_file at 0x7f6cec7ac560>
[2022-12-11 21:50:24,611] {logging_mixin.py:115} INFO - _wait_for_file True
[2022-12-11 21:50:44,597] {python.py:66} INFO - Poking callable: <function _wait_for_file at 0x7f6cec7ac560>
[2022-12-11 21:50:44,657] {logging_mixin.py:115} INFO - _wait_for_file True
[2022-12-11 21:51:04,642] {python.py:66} INFO - Poking callable: <function _wait_for_file at 0x7f6cec7ac560>
[2022-12-11 21:51:04,715] {logging_mixin.py:115} INFO - _wait_for_file True
[2022-12-11 21:51:24,736] {python.py:66} INFO - Poking callable: <function _wait_for_file at 0x7f6cec7ac560>
[2022-12-11 21:51:24,776] {logging_mixin.py:115} INFO - _wait_for_file True
[2022-12-11 21:51:44,767] {python.py:66} INFO - Poking callable: <function _wait_for_file at 0x7f6cec7ac560>
[2022-12-11 21:51:44,829] {logging_mixin.py:115} INFO - _wait_for_file True
[2022-12-11 21:52:04,829] {python.py:66} INFO - Poking callable: <function _wait_for_file at 0x7f6cec7ac560>
[2022-12-11 21:52:04,863] {logging_mixin.py:115} INFO - _wait_for_file True
[2022-12-11 21:52:24,869] {python.py:66} INFO - Poking callable: <function _wait_for_file at 0x7f6cec7ac560>
[2022-12-11 21:52:24,929] {logging_mixin.py:115} INFO - _wait_for_file True
[2022-12-11 21:52:44,901] {python.py:66} INFO - Poking callable: <function _wait_for_file at 0x7f6cec7ac560>
[2022-12-11 21:52:44,963] {logging_mixin.py:115} INFO - _wait_for_file True
[2022-12-11 21:53:04,951] {python.py:66} INFO - Poking callable: <function _wait_for_file at 0x7f6cec7ac560>
[2022-12-11 21:53:05,010] {logging_mixin.py:115} INFO - _wait_for_file True
[2022-12-11 21:53:25,032] {python.py:66} INFO - Poking callable: <function _wait_for_file at 0x7f6cec7ac560>
[2022-12-11 21:53:25,092] {logging_mixin.py:115} INFO - _wait_for_file True
[2022-12-11 21:53:45,081] {python.py:66} INFO - Poking callable: <function _wait_for_file at 0x7f6cec7ac560>
[2022-12-11 21:53:45,155] {logging_mixin.py:115} INFO - _wait_for_file True
[2022-12-11 21:54:05,142] {python.py:66} INFO - Poking callable: <function _wait_for_file at 0x7f6cec7ac560>
[2022-12-11 21:54:05,189] {logging_mixin.py:115} INFO - _wait_for_file True
[2022-12-11 21:54:25,218] {python.py:66} INFO - Poking callable: <function _wait_for_file at 0x7f6cec7ac560>
[2022-12-11 21:54:25,257] {logging_mixin.py:115} INFO - _wait_for_file True
[2022-12-11 21:54:45,229] {python.py:66} INFO - Poking callable: <function _wait_for_file at 0x7f6cec7ac560>
[2022-12-11 21:54:45,288] {logging_mixin.py:115} INFO - _wait_for_file True
[2022-12-11 21:55:05,292] {python.py:66} INFO - Poking callable: <function _wait_for_file at 0x7f6cec7ac560>
[2022-12-11 21:55:05,359] {logging_mixin.py:115} INFO - _wait_for_file True
[2022-12-11 21:55:25,385] {python.py:66} INFO - Poking callable: <function _wait_for_file at 0x7f6cec7ac560>
[2022-12-11 21:55:25,411] {logging_mixin.py:115} INFO - _wait_for_file True
[2022-12-11 21:55:45,398] {python.py:66} INFO - Poking callable: <function _wait_for_file at 0x7f6cec7ac560>
[2022-12-11 21:55:45,421] {logging_mixin.py:115} INFO - _wait_for_file True
[2022-12-11 21:56:05,429] {python.py:66} INFO - Poking callable: <function _wait_for_file at 0x7f6cec7ac560>
[2022-12-11 21:56:05,457] {logging_mixin.py:115} INFO - _wait_for_file True
[2022-12-11 21:56:25,482] {python.py:66} INFO - Poking callable: <function _wait_for_file at 0x7f6cec7ac560>
[2022-12-11 21:56:25,585] {logging_mixin.py:115} INFO - _wait_for_file True
[2022-12-11 21:57:47,582] {python.py:66} INFO - Poking callable: <function _wait_for_file at 0x7f6cec7ac560>
[2022-12-11 21:57:47,644] {logging_mixin.py:115} INFO - _wait_for_file True
[2022-12-11 21:58:07,888] {python.py:66} INFO - Poking callable: <function _wait_for_file at 0x7f6cec7ac560>
[2022-12-11 21:58:10,973] {logging_mixin.py:115} INFO - _wait_for_file True
[2022-12-11 21:58:30,996] {python.py:66} INFO - Poking callable: <function _wait_for_file at 0x7f6cec7ac560>
[2022-12-11 21:58:31,074] {logging_mixin.py:115} INFO - _wait_for_file True
[2022-12-11 21:58:51,062] {python.py:66} INFO - Poking callable: <function _wait_for_file at 0x7f6cec7ac560>
[2022-12-11 21:58:51,288] {logging_mixin.py:115} INFO - _wait_for_file True
[2022-12-11 21:59:11,266] {python.py:66} INFO - Poking callable: <function _wait_for_file at 0x7f6cec7ac560>
[2022-12-11 21:59:11,423] {logging_mixin.py:115} INFO - _wait_for_file True
[2022-12-11 21:59:31,457] {python.py:66} INFO - Poking callable: <function _wait_for_file at 0x7f6cec7ac560>
[2022-12-11 21:59:33,344] {logging_mixin.py:115} INFO - _wait_for_file True
[2022-12-11 21:59:53,342] {python.py:66} INFO - Poking callable: <function _wait_for_file at 0x7f6cec7ac560>
[2022-12-11 21:59:53,366] {logging_mixin.py:115} INFO - _wait_for_file True
[2022-12-11 22:00:13,358] {python.py:66} INFO - Poking callable: <function _wait_for_file at 0x7f6cec7ac560>
[2022-12-11 22:00:13,512] {logging_mixin.py:115} INFO - _wait_for_file True
[2022-12-11 22:00:33,584] {python.py:66} INFO - Poking callable: <function _wait_for_file at 0x7f6cec7ac560>
[2022-12-11 22:00:48,985] {logging_mixin.py:115} INFO - _wait_for_file True
[2022-12-11 22:01:09,105] {python.py:66} INFO - Poking callable: <function _wait_for_file at 0x7f6cec7ac560>
[2022-12-11 22:01:13,136] {logging_mixin.py:115} INFO - _wait_for_file True
[2022-12-11 22:01:33,735] {python.py:66} INFO - Poking callable: <function _wait_for_file at 0x7f6cec7ac560>
[2022-12-11 22:01:34,044] {logging_mixin.py:115} INFO - _wait_for_file True
[2022-12-11 22:01:54,078] {python.py:66} INFO - Poking callable: <function _wait_for_file at 0x7f6cec7ac560>
[2022-12-11 22:01:54,326] {logging_mixin.py:115} INFO - _wait_for_file True
[2022-12-11 22:02:14,314] {python.py:66} INFO - Poking callable: <function _wait_for_file at 0x7f6cec7ac560>
[2022-12-11 22:02:14,331] {logging_mixin.py:115} INFO - _wait_for_file True
[2022-12-11 22:02:35,305] {python.py:66} INFO - Poking callable: <function _wait_for_file at 0x7f6cec7ac560>
[2022-12-11 22:02:35,514] {logging_mixin.py:115} INFO - _wait_for_file True
[2022-12-11 22:02:55,554] {python.py:66} INFO - Poking callable: <function _wait_for_file at 0x7f6cec7ac560>
[2022-12-11 22:02:56,227] {logging_mixin.py:115} INFO - _wait_for_file True
[2022-12-11 22:03:16,439] {python.py:66} INFO - Poking callable: <function _wait_for_file at 0x7f6cec7ac560>
[2022-12-11 22:03:16,527] {logging_mixin.py:115} INFO - _wait_for_file True
[2022-12-11 22:03:36,531] {python.py:66} INFO - Poking callable: <function _wait_for_file at 0x7f6cec7ac560>
[2022-12-11 22:03:37,873] {logging_mixin.py:115} INFO - _wait_for_file True
[2022-12-11 22:03:57,906] {python.py:66} INFO - Poking callable: <function _wait_for_file at 0x7f6cec7ac560>
[2022-12-11 22:03:58,038] {logging_mixin.py:115} INFO - _wait_for_file True
[2022-12-11 22:04:18,025] {python.py:66} INFO - Poking callable: <function _wait_for_file at 0x7f6cec7ac560>
[2022-12-11 22:04:18,069] {logging_mixin.py:115} INFO - _wait_for_file True
[2022-12-11 22:04:38,059] {python.py:66} INFO - Poking callable: <function _wait_for_file at 0x7f6cec7ac560>
[2022-12-11 22:04:38,083] {logging_mixin.py:115} INFO - _wait_for_file True
[2022-12-11 22:04:58,117] {python.py:66} INFO - Poking callable: <function _wait_for_file at 0x7f6cec7ac560>
[2022-12-11 22:04:58,307] {logging_mixin.py:115} INFO - _wait_for_file True
[2022-12-11 22:05:18,299] {python.py:66} INFO - Poking callable: <function _wait_for_file at 0x7f6cec7ac560>
[2022-12-11 22:05:18,326] {logging_mixin.py:115} INFO - _wait_for_file True
[2022-12-11 22:05:38,868] {python.py:66} INFO - Poking callable: <function _wait_for_file at 0x7f6cec7ac560>
[2022-12-11 22:05:38,993] {logging_mixin.py:115} INFO - _wait_for_file True
[2022-12-11 22:05:59,878] {python.py:66} INFO - Poking callable: <function _wait_for_file at 0x7f6cec7ac560>
[2022-12-11 22:06:00,129] {logging_mixin.py:115} INFO - _wait_for_file True
[2022-12-11 22:06:20,117] {python.py:66} INFO - Poking callable: <function _wait_for_file at 0x7f6cec7ac560>
[2022-12-11 22:06:20,134] {logging_mixin.py:115} INFO - _wait_for_file True
[2022-12-11 22:06:40,127] {python.py:66} INFO - Poking callable: <function _wait_for_file at 0x7f6cec7ac560>
[2022-12-11 22:06:41,018] {logging_mixin.py:115} INFO - _wait_for_file True
[2022-12-11 22:07:01,045] {python.py:66} INFO - Poking callable: <function _wait_for_file at 0x7f6cec7ac560>
[2022-12-11 22:07:01,463] {logging_mixin.py:115} INFO - _wait_for_file True
[2022-12-11 22:07:21,460] {python.py:66} INFO - Poking callable: <function _wait_for_file at 0x7f6cec7ac560>
[2022-12-11 22:07:27,361] {logging_mixin.py:115} INFO - _wait_for_file True
[2022-12-11 22:07:47,371] {python.py:66} INFO - Poking callable: <function _wait_for_file at 0x7f6cec7ac560>
[2022-12-11 22:07:51,667] {logging_mixin.py:115} INFO - _wait_for_file True
[2022-12-11 22:08:11,658] {python.py:66} INFO - Poking callable: <function _wait_for_file at 0x7f6cec7ac560>
[2022-12-11 22:08:12,961] {logging_mixin.py:115} INFO - _wait_for_file True
[2022-12-11 22:08:32,988] {python.py:66} INFO - Poking callable: <function _wait_for_file at 0x7f6cec7ac560>
[2022-12-11 22:08:33,038] {logging_mixin.py:115} INFO - _wait_for_file True
[2022-12-11 22:08:53,027] {python.py:66} INFO - Poking callable: <function _wait_for_file at 0x7f6cec7ac560>
[2022-12-11 22:08:53,095] {logging_mixin.py:115} INFO - _wait_for_file True
[2022-12-11 22:09:13,085] {python.py:66} INFO - Poking callable: <function _wait_for_file at 0x7f6cec7ac560>
[2022-12-11 22:09:15,232] {logging_mixin.py:115} INFO - _wait_for_file True
[2022-12-11 22:09:35,689] {python.py:66} INFO - Poking callable: <function _wait_for_file at 0x7f6cec7ac560>
[2022-12-11 22:09:35,763] {logging_mixin.py:115} INFO - _wait_for_file True
[2022-12-11 22:09:55,798] {python.py:66} INFO - Poking callable: <function _wait_for_file at 0x7f6cec7ac560>
[2022-12-11 22:09:55,934] {logging_mixin.py:115} INFO - _wait_for_file True
[2022-12-11 22:10:15,487] {python.py:66} INFO - Poking callable: <function _wait_for_file at 0x7f6cec7ac560>
[2022-12-11 22:10:15,664] {logging_mixin.py:115} INFO - _wait_for_file True
[2022-12-11 22:10:35,708] {python.py:66} INFO - Poking callable: <function _wait_for_file at 0x7f6cec7ac560>
[2022-12-11 22:10:43,681] {logging_mixin.py:115} INFO - _wait_for_file True
[2022-12-11 22:11:03,712] {python.py:66} INFO - Poking callable: <function _wait_for_file at 0x7f6cec7ac560>
[2022-12-11 22:11:03,848] {logging_mixin.py:115} INFO - _wait_for_file True
[2022-12-11 22:11:25,787] {python.py:66} INFO - Poking callable: <function _wait_for_file at 0x7f6cec7ac560>
[2022-12-11 22:11:26,229] {logging_mixin.py:115} INFO - _wait_for_file True
[2022-12-11 22:11:46,219] {python.py:66} INFO - Poking callable: <function _wait_for_file at 0x7f6cec7ac560>
[2022-12-11 22:11:46,440] {logging_mixin.py:115} INFO - _wait_for_file True
[2022-12-11 22:12:06,442] {python.py:66} INFO - Poking callable: <function _wait_for_file at 0x7f6cec7ac560>
[2022-12-11 22:12:06,476] {logging_mixin.py:115} INFO - _wait_for_file True
[2022-12-11 22:12:26,499] {python.py:66} INFO - Poking callable: <function _wait_for_file at 0x7f6cec7ac560>
[2022-12-11 22:12:26,606] {logging_mixin.py:115} INFO - _wait_for_file True
[2022-12-11 22:12:47,049] {python.py:66} INFO - Poking callable: <function _wait_for_file at 0x7f6cec7ac560>
[2022-12-11 22:12:53,424] {logging_mixin.py:115} INFO - _wait_for_file True
[2022-12-11 22:13:13,406] {python.py:66} INFO - Poking callable: <function _wait_for_file at 0x7f6cec7ac560>
[2022-12-11 22:13:13,541] {logging_mixin.py:115} INFO - _wait_for_file True
[2022-12-11 22:13:33,572] {python.py:66} INFO - Poking callable: <function _wait_for_file at 0x7f6cec7ac560>
[2022-12-11 22:13:33,643] {logging_mixin.py:115} INFO - _wait_for_file True
[2022-12-11 22:13:53,635] {python.py:66} INFO - Poking callable: <function _wait_for_file at 0x7f6cec7ac560>
[2022-12-11 22:13:53,690] {logging_mixin.py:115} INFO - _wait_for_file True
[2022-12-11 22:14:13,680] {python.py:66} INFO - Poking callable: <function _wait_for_file at 0x7f6cec7ac560>
[2022-12-11 22:14:13,793] {logging_mixin.py:115} INFO - _wait_for_file True
[2022-12-11 22:14:33,820] {python.py:66} INFO - Poking callable: <function _wait_for_file at 0x7f6cec7ac560>
[2022-12-11 22:14:33,844] {logging_mixin.py:115} INFO - _wait_for_file True
[2022-12-11 22:14:53,830] {python.py:66} INFO - Poking callable: <function _wait_for_file at 0x7f6cec7ac560>
[2022-12-11 22:14:54,325] {logging_mixin.py:115} INFO - _wait_for_file True
[2022-12-11 22:15:14,325] {python.py:66} INFO - Poking callable: <function _wait_for_file at 0x7f6cec7ac560>
[2022-12-11 22:15:16,704] {logging_mixin.py:115} INFO - _wait_for_file True
[2022-12-11 22:15:37,203] {python.py:66} INFO - Poking callable: <function _wait_for_file at 0x7f6cec7ac560>
[2022-12-11 22:15:37,997] {logging_mixin.py:115} INFO - _wait_for_file True
[2022-12-11 22:15:58,115] {python.py:66} INFO - Poking callable: <function _wait_for_file at 0x7f6cec7ac560>
[2022-12-11 22:15:58,789] {logging_mixin.py:115} INFO - _wait_for_file True
[2022-12-11 22:16:18,405] {python.py:66} INFO - Poking callable: <function _wait_for_file at 0x7f6cec7ac560>
[2022-12-11 22:16:18,554] {logging_mixin.py:115} INFO - _wait_for_file True
[2022-12-11 22:16:38,545] {python.py:66} INFO - Poking callable: <function _wait_for_file at 0x7f6cec7ac560>
[2022-12-11 22:16:49,995] {logging_mixin.py:115} INFO - _wait_for_file True
[2022-12-11 22:17:10,124] {python.py:66} INFO - Poking callable: <function _wait_for_file at 0x7f6cec7ac560>
[2022-12-11 22:17:19,356] {logging_mixin.py:115} INFO - _wait_for_file True
[2022-12-11 22:17:39,348] {python.py:66} INFO - Poking callable: <function _wait_for_file at 0x7f6cec7ac560>
[2022-12-11 22:17:39,386] {logging_mixin.py:115} INFO - _wait_for_file True
[2022-12-11 22:17:59,424] {python.py:66} INFO - Poking callable: <function _wait_for_file at 0x7f6cec7ac560>
[2022-12-11 22:18:00,183] {logging_mixin.py:115} INFO - _wait_for_file True
[2022-12-11 22:18:20,192] {python.py:66} INFO - Poking callable: <function _wait_for_file at 0x7f6cec7ac560>
[2022-12-11 22:18:20,273] {logging_mixin.py:115} INFO - _wait_for_file True
[2022-12-11 22:18:40,261] {python.py:66} INFO - Poking callable: <function _wait_for_file at 0x7f6cec7ac560>
[2022-12-11 22:18:40,319] {logging_mixin.py:115} INFO - _wait_for_file True
[2022-12-11 22:19:00,348] {python.py:66} INFO - Poking callable: <function _wait_for_file at 0x7f6cec7ac560>
[2022-12-11 22:19:01,119] {logging_mixin.py:115} INFO - _wait_for_file True
[2022-12-11 22:19:21,314] {python.py:66} INFO - Poking callable: <function _wait_for_file at 0x7f6cec7ac560>
[2022-12-11 22:19:32,798] {logging_mixin.py:115} INFO - _wait_for_file True
[2022-12-11 22:19:53,238] {python.py:66} INFO - Poking callable: <function _wait_for_file at 0x7f6cec7ac560>
[2022-12-11 22:19:53,384] {logging_mixin.py:115} INFO - _wait_for_file True
[2022-12-11 22:20:13,374] {python.py:66} INFO - Poking callable: <function _wait_for_file at 0x7f6cec7ac560>
[2022-12-11 22:20:13,472] {logging_mixin.py:115} INFO - _wait_for_file True
[2022-12-11 22:20:33,504] {python.py:66} INFO - Poking callable: <function _wait_for_file at 0x7f6cec7ac560>
[2022-12-11 22:20:33,715] {logging_mixin.py:115} INFO - _wait_for_file True
[2022-12-11 22:20:53,790] {python.py:66} INFO - Poking callable: <function _wait_for_file at 0x7f6cec7ac560>
[2022-12-11 22:20:53,912] {logging_mixin.py:115} INFO - _wait_for_file True
[2022-12-11 22:21:13,900] {python.py:66} INFO - Poking callable: <function _wait_for_file at 0x7f6cec7ac560>
[2022-12-11 22:21:13,994] {logging_mixin.py:115} INFO - _wait_for_file True
[2022-12-11 22:21:34,024] {python.py:66} INFO - Poking callable: <function _wait_for_file at 0x7f6cec7ac560>
[2022-12-11 22:21:34,085] {logging_mixin.py:115} INFO - _wait_for_file True
[2022-12-11 22:21:54,073] {python.py:66} INFO - Poking callable: <function _wait_for_file at 0x7f6cec7ac560>
[2022-12-11 22:21:55,419] {logging_mixin.py:115} INFO - _wait_for_file True
[2022-12-11 22:22:15,448] {python.py:66} INFO - Poking callable: <function _wait_for_file at 0x7f6cec7ac560>
[2022-12-11 22:22:15,478] {logging_mixin.py:115} INFO - _wait_for_file True
[2022-12-11 22:22:35,563] {python.py:66} INFO - Poking callable: <function _wait_for_file at 0x7f6cec7ac560>
[2022-12-11 22:22:36,745] {logging_mixin.py:115} INFO - _wait_for_file True
[2022-12-11 22:22:56,769] {python.py:66} INFO - Poking callable: <function _wait_for_file at 0x7f6cec7ac560>
[2022-12-11 22:22:56,792] {logging_mixin.py:115} INFO - _wait_for_file True
[2022-12-11 22:23:16,776] {python.py:66} INFO - Poking callable: <function _wait_for_file at 0x7f6cec7ac560>
[2022-12-11 22:23:16,862] {logging_mixin.py:115} INFO - _wait_for_file True
[2022-12-11 22:23:36,861] {python.py:66} INFO - Poking callable: <function _wait_for_file at 0x7f6cec7ac560>
[2022-12-11 22:23:36,908] {logging_mixin.py:115} INFO - _wait_for_file True
[2022-12-11 22:23:56,937] {python.py:66} INFO - Poking callable: <function _wait_for_file at 0x7f6cec7ac560>
[2022-12-11 22:23:57,040] {logging_mixin.py:115} INFO - _wait_for_file True
[2022-12-11 22:24:17,035] {python.py:66} INFO - Poking callable: <function _wait_for_file at 0x7f6cec7ac560>
[2022-12-11 22:24:17,248] {logging_mixin.py:115} INFO - _wait_for_file True
[2022-12-11 22:24:37,363] {python.py:66} INFO - Poking callable: <function _wait_for_file at 0x7f6cec7ac560>
[2022-12-11 22:24:37,480] {logging_mixin.py:115} INFO - _wait_for_file True
[2022-12-11 22:24:57,517] {python.py:66} INFO - Poking callable: <function _wait_for_file at 0x7f6cec7ac560>
[2022-12-11 22:24:57,657] {logging_mixin.py:115} INFO - _wait_for_file True
[2022-12-11 22:25:17,524] {python.py:66} INFO - Poking callable: <function _wait_for_file at 0x7f6cec7ac560>
[2022-12-11 22:25:17,609] {logging_mixin.py:115} INFO - _wait_for_file True
[2022-12-11 22:25:37,598] {python.py:66} INFO - Poking callable: <function _wait_for_file at 0x7f6cec7ac560>
[2022-12-11 22:25:37,990] {logging_mixin.py:115} INFO - _wait_for_file True
[2022-12-11 22:25:58,015] {python.py:66} INFO - Poking callable: <function _wait_for_file at 0x7f6cec7ac560>
[2022-12-11 22:25:58,097] {logging_mixin.py:115} INFO - _wait_for_file True
[2022-12-11 22:26:18,184] {python.py:66} INFO - Poking callable: <function _wait_for_file at 0x7f6cec7ac560>
[2022-12-11 22:26:18,481] {logging_mixin.py:115} INFO - _wait_for_file True
[2022-12-11 22:26:38,482] {python.py:66} INFO - Poking callable: <function _wait_for_file at 0x7f6cec7ac560>
[2022-12-11 22:26:40,498] {logging_mixin.py:115} INFO - _wait_for_file True
[2022-12-11 22:27:00,531] {python.py:66} INFO - Poking callable: <function _wait_for_file at 0x7f6cec7ac560>
[2022-12-11 22:27:01,847] {logging_mixin.py:115} INFO - _wait_for_file True
[2022-12-11 22:27:21,829] {python.py:66} INFO - Poking callable: <function _wait_for_file at 0x7f6cec7ac560>
[2022-12-11 22:27:21,877] {logging_mixin.py:115} INFO - _wait_for_file True
[2022-12-11 22:27:41,883] {python.py:66} INFO - Poking callable: <function _wait_for_file at 0x7f6cec7ac560>
[2022-12-11 22:27:42,174] {logging_mixin.py:115} INFO - _wait_for_file True
[2022-12-11 22:28:02,235] {python.py:66} INFO - Poking callable: <function _wait_for_file at 0x7f6cec7ac560>
[2022-12-11 22:28:02,317] {logging_mixin.py:115} INFO - _wait_for_file True
[2022-12-11 22:28:22,311] {python.py:66} INFO - Poking callable: <function _wait_for_file at 0x7f6cec7ac560>
[2022-12-11 22:28:25,859] {logging_mixin.py:115} INFO - _wait_for_file True
[2022-12-11 22:28:45,853] {python.py:66} INFO - Poking callable: <function _wait_for_file at 0x7f6cec7ac560>
[2022-12-11 22:28:46,060] {logging_mixin.py:115} INFO - _wait_for_file True
[2022-12-11 22:29:06,094] {python.py:66} INFO - Poking callable: <function _wait_for_file at 0x7f6cec7ac560>
[2022-12-11 22:29:06,196] {logging_mixin.py:115} INFO - _wait_for_file True
[2022-12-11 22:29:26,192] {python.py:66} INFO - Poking callable: <function _wait_for_file at 0x7f6cec7ac560>
[2022-12-11 22:29:26,346] {logging_mixin.py:115} INFO - _wait_for_file True
[2022-12-11 22:29:46,553] {python.py:66} INFO - Poking callable: <function _wait_for_file at 0x7f6cec7ac560>
[2022-12-11 22:29:46,777] {logging_mixin.py:115} INFO - _wait_for_file True
[2022-12-11 22:30:06,809] {python.py:66} INFO - Poking callable: <function _wait_for_file at 0x7f6cec7ac560>
[2022-12-11 22:30:06,895] {logging_mixin.py:115} INFO - _wait_for_file True
[2022-12-11 22:30:26,904] {python.py:66} INFO - Poking callable: <function _wait_for_file at 0x7f6cec7ac560>
[2022-12-11 22:30:27,041] {logging_mixin.py:115} INFO - _wait_for_file True
[2022-12-11 22:30:47,032] {python.py:66} INFO - Poking callable: <function _wait_for_file at 0x7f6cec7ac560>
[2022-12-11 22:30:47,148] {logging_mixin.py:115} INFO - _wait_for_file True
[2022-12-11 22:31:07,160] {python.py:66} INFO - Poking callable: <function _wait_for_file at 0x7f6cec7ac560>
[2022-12-11 22:31:07,348] {logging_mixin.py:115} INFO - _wait_for_file True
[2022-12-11 22:31:27,376] {python.py:66} INFO - Poking callable: <function _wait_for_file at 0x7f6cec7ac560>
[2022-12-11 22:31:27,407] {logging_mixin.py:115} INFO - _wait_for_file True
[2022-12-11 22:31:47,407] {python.py:66} INFO - Poking callable: <function _wait_for_file at 0x7f6cec7ac560>
[2022-12-11 22:31:47,443] {logging_mixin.py:115} INFO - _wait_for_file True
[2022-12-11 22:32:07,436] {python.py:66} INFO - Poking callable: <function _wait_for_file at 0x7f6cec7ac560>
[2022-12-11 22:32:07,812] {logging_mixin.py:115} INFO - _wait_for_file True
[2022-12-11 22:32:27,853] {python.py:66} INFO - Poking callable: <function _wait_for_file at 0x7f6cec7ac560>
[2022-12-11 22:32:27,960] {logging_mixin.py:115} INFO - _wait_for_file True
[2022-12-11 22:32:47,949] {python.py:66} INFO - Poking callable: <function _wait_for_file at 0x7f6cec7ac560>
[2022-12-11 22:32:48,152] {logging_mixin.py:115} INFO - _wait_for_file True
[2022-12-11 22:33:08,143] {python.py:66} INFO - Poking callable: <function _wait_for_file at 0x7f6cec7ac560>
[2022-12-11 22:33:08,309] {logging_mixin.py:115} INFO - _wait_for_file True
[2022-12-11 22:33:28,372] {python.py:66} INFO - Poking callable: <function _wait_for_file at 0x7f6cec7ac560>
[2022-12-11 22:33:28,727] {logging_mixin.py:115} INFO - _wait_for_file True
[2022-12-11 22:33:52,764] {python.py:66} INFO - Poking callable: <function _wait_for_file at 0x7f6cec7ac560>
[2022-12-11 22:33:53,237] {logging_mixin.py:115} INFO - _wait_for_file True
[2022-12-11 22:34:13,332] {python.py:66} INFO - Poking callable: <function _wait_for_file at 0x7f6cec7ac560>
[2022-12-11 22:34:13,612] {logging_mixin.py:115} INFO - _wait_for_file True
[2022-12-11 22:34:33,965] {python.py:66} INFO - Poking callable: <function _wait_for_file at 0x7f6cec7ac560>
[2022-12-11 22:34:54,422] {logging_mixin.py:115} INFO - _wait_for_file True
[2022-12-11 22:35:14,419] {python.py:66} INFO - Poking callable: <function _wait_for_file at 0x7f6cec7ac560>
[2022-12-11 22:35:15,021] {logging_mixin.py:115} INFO - _wait_for_file True
[2022-12-11 22:35:35,081] {python.py:66} INFO - Poking callable: <function _wait_for_file at 0x7f6cec7ac560>
[2022-12-11 22:35:54,568] {logging_mixin.py:115} INFO - _wait_for_file True
[2022-12-11 22:36:14,626] {python.py:66} INFO - Poking callable: <function _wait_for_file at 0x7f6cec7ac560>
[2022-12-11 22:36:14,989] {logging_mixin.py:115} INFO - _wait_for_file True
[2022-12-11 22:36:35,122] {python.py:66} INFO - Poking callable: <function _wait_for_file at 0x7f6cec7ac560>
[2022-12-11 22:36:48,344] {logging_mixin.py:115} INFO - _wait_for_file True
[2022-12-11 22:37:08,336] {python.py:66} INFO - Poking callable: <function _wait_for_file at 0x7f6cec7ac560>
[2022-12-11 22:37:08,370] {logging_mixin.py:115} INFO - _wait_for_file True
[2022-12-11 22:37:28,398] {python.py:66} INFO - Poking callable: <function _wait_for_file at 0x7f6cec7ac560>
[2022-12-11 22:37:28,616] {logging_mixin.py:115} INFO - _wait_for_file True
[2022-12-11 22:37:48,660] {python.py:66} INFO - Poking callable: <function _wait_for_file at 0x7f6cec7ac560>
[2022-12-11 22:37:51,117] {logging_mixin.py:115} INFO - _wait_for_file True
[2022-12-11 22:38:11,124] {python.py:66} INFO - Poking callable: <function _wait_for_file at 0x7f6cec7ac560>
[2022-12-11 22:38:13,995] {logging_mixin.py:115} INFO - _wait_for_file True
[2022-12-11 22:38:34,026] {python.py:66} INFO - Poking callable: <function _wait_for_file at 0x7f6cec7ac560>
[2022-12-11 22:38:34,278] {logging_mixin.py:115} INFO - _wait_for_file True
[2022-12-11 22:38:54,281] {python.py:66} INFO - Poking callable: <function _wait_for_file at 0x7f6cec7ac560>
[2022-12-11 22:38:54,629] {logging_mixin.py:115} INFO - _wait_for_file True
[2022-12-11 22:39:17,860] {python.py:66} INFO - Poking callable: <function _wait_for_file at 0x7f6cec7ac560>
[2022-12-11 22:39:24,318] {logging_mixin.py:115} INFO - _wait_for_file True
[2022-12-11 22:39:44,343] {python.py:66} INFO - Poking callable: <function _wait_for_file at 0x7f6cec7ac560>
[2022-12-11 22:39:44,800] {logging_mixin.py:115} INFO - _wait_for_file True
[2022-12-11 22:40:05,216] {python.py:66} INFO - Poking callable: <function _wait_for_file at 0x7f6cec7ac560>
[2022-12-11 22:40:19,790] {logging_mixin.py:115} INFO - _wait_for_file True
[2022-12-11 22:40:39,801] {python.py:66} INFO - Poking callable: <function _wait_for_file at 0x7f6cec7ac560>
[2022-12-11 22:40:40,095] {logging_mixin.py:115} INFO - _wait_for_file True
[2022-12-11 22:41:00,178] {python.py:66} INFO - Poking callable: <function _wait_for_file at 0x7f6cec7ac560>
[2022-12-11 22:41:02,905] {logging_mixin.py:115} INFO - _wait_for_file True
[2022-12-11 22:41:23,723] {python.py:66} INFO - Poking callable: <function _wait_for_file at 0x7f6cec7ac560>
[2022-12-12 04:55:55,773] {logging_mixin.py:115} INFO - _wait_for_file True
[2022-12-12 04:56:16,353] {python.py:66} INFO - Poking callable: <function _wait_for_file at 0x7f6cec7ac560>
[2022-12-12 04:56:18,584] {logging_mixin.py:115} INFO - _wait_for_file True
[2022-12-12 04:56:34,989] {local_task_job.py:221} WARNING - State of this instance has been externally set to up_for_retry. Terminating instance.
[2022-12-12 04:56:35,196] {process_utils.py:129} INFO - Sending Signals.SIGTERM to group 6618. PIDs of all processes in the group: [6618]
[2022-12-12 04:56:35,212] {process_utils.py:80} INFO - Sending the signal Signals.SIGTERM to group 6618
[2022-12-12 04:56:35,304] {taskinstance.py:1541} ERROR - Received SIGTERM. Terminating subprocesses.
[2022-12-12 04:56:36,356] {taskinstance.py:1889} ERROR - Task failed with exception
Traceback (most recent call last):
  File "/home/airflow/.local/lib/python3.7/site-packages/airflow/sensors/base.py", line 299, in execute
    time.sleep(self._get_next_poke_interval(started_at, run_duration, try_number))
  File "/home/airflow/.local/lib/python3.7/site-packages/airflow/models/taskinstance.py", line 1543, in signal_handler
    raise AirflowException("Task received SIGTERM signal")
airflow.exceptions.AirflowException: Task received SIGTERM signal
[2022-12-12 04:56:36,834] {taskinstance.py:1400} INFO - Marking task as UP_FOR_RETRY. dag_id=first_dag, task_id=wait_for_file, execution_date=20221211T211500, start_date=20221211T212150, end_date=20221212T045636
[2022-12-12 04:56:37,593] {standard_task_runner.py:97} ERROR - Failed to execute job 1542 for task wait_for_file (Task received SIGTERM signal; 6618)
[2022-12-12 04:56:37,832] {process_utils.py:75} INFO - Process psutil.Process(pid=6618, status='terminated', exitcode=1, started='21:21:50') (6618) terminated with exit code 1
