[2022-12-11 18:16:46,720] {taskinstance.py:1159} INFO - Dependencies all met for <TaskInstance: first_dag.wait_for_file manual__2022-12-11T18:16:30.357931+00:00 [queued]>
[2022-12-11 18:16:46,739] {taskinstance.py:1159} INFO - Dependencies all met for <TaskInstance: first_dag.wait_for_file manual__2022-12-11T18:16:30.357931+00:00 [queued]>
[2022-12-11 18:16:46,740] {taskinstance.py:1356} INFO - 
--------------------------------------------------------------------------------
[2022-12-11 18:16:46,741] {taskinstance.py:1357} INFO - Starting attempt 1 of 1
[2022-12-11 18:16:46,742] {taskinstance.py:1358} INFO - 
--------------------------------------------------------------------------------
[2022-12-11 18:16:46,760] {taskinstance.py:1377} INFO - Executing <Task(PythonSensor): wait_for_file> on 2022-12-11 18:16:30.357931+00:00
[2022-12-11 18:16:46,767] {standard_task_runner.py:52} INFO - Started process 4251 to run task
[2022-12-11 18:16:46,772] {standard_task_runner.py:79} INFO - Running: ['***', 'tasks', 'run', 'first_dag', 'wait_for_file', 'manual__2022-12-11T18:16:30.357931+00:00', '--job-id', '1165', '--raw', '--subdir', 'DAGS_FOLDER/first-dag.py', '--cfg-path', '/tmp/tmpkkcne_g_', '--error-file', '/tmp/tmp7knozomf']
[2022-12-11 18:16:46,774] {standard_task_runner.py:80} INFO - Job 1165: Subtask wait_for_file
[2022-12-11 18:16:46,869] {task_command.py:369} INFO - Running <TaskInstance: first_dag.wait_for_file manual__2022-12-11T18:16:30.357931+00:00 [running]> on host 7e39590a7807
[2022-12-11 18:16:46,983] {taskinstance.py:1571} INFO - Exporting the following env vars:
AIRFLOW_CTX_DAG_OWNER=***
AIRFLOW_CTX_DAG_ID=first_dag
AIRFLOW_CTX_TASK_ID=wait_for_file
AIRFLOW_CTX_EXECUTION_DATE=2022-12-11T18:16:30.357931+00:00
AIRFLOW_CTX_TRY_NUMBER=1
AIRFLOW_CTX_DAG_RUN_ID=manual__2022-12-11T18:16:30.357931+00:00
[2022-12-11 18:16:46,985] {python.py:66} INFO - Poking callable: <function _wait_for_file at 0x7f6cec79fcb0>
[2022-12-11 18:16:47,005] {logging_mixin.py:115} INFO - _wait_for_file True
[2022-12-11 18:16:47,006] {logging_mixin.py:115} INFO - total attempt 0
[2022-12-11 18:17:47,471] {python.py:66} INFO - Poking callable: <function _wait_for_file at 0x7f6cec79fcb0>
[2022-12-11 18:17:47,905] {logging_mixin.py:115} INFO - _wait_for_file True
[2022-12-11 18:17:47,926] {logging_mixin.py:115} INFO - total attempt 0
[2022-12-11 18:18:47,485] {python.py:66} INFO - Poking callable: <function _wait_for_file at 0x7f6cec79fcb0>
[2022-12-11 18:18:47,691] {logging_mixin.py:115} INFO - _wait_for_file True
[2022-12-11 18:18:47,697] {logging_mixin.py:115} INFO - total attempt 0
[2022-12-11 18:19:47,691] {python.py:66} INFO - Poking callable: <function _wait_for_file at 0x7f6cec79fcb0>
[2022-12-11 18:19:48,634] {logging_mixin.py:115} INFO - _wait_for_file True
[2022-12-11 18:19:48,646] {logging_mixin.py:115} INFO - total attempt 0
[2022-12-11 18:19:48,663] {base.py:301} INFO - Success criteria met. Exiting.
[2022-12-11 18:19:50,120] {taskinstance.py:1400} INFO - Marking task as SUCCESS. dag_id=first_dag, task_id=wait_for_file, execution_date=20221211T181630, start_date=20221211T181646, end_date=20221211T181950
[2022-12-11 18:19:50,375] {local_task_job.py:156} INFO - Task exited with return code 0
[2022-12-11 18:19:50,778] {local_task_job.py:273} INFO - 1 downstream tasks scheduled from follow-on schedule check
