[2022-12-04 19:36:22,177] {taskinstance.py:1159} INFO - Dependencies all met for <TaskInstance: first_dag.write_diff_task manual__2022-12-04T19:36:16.311057+00:00 [queued]>
[2022-12-04 19:36:22,192] {taskinstance.py:1159} INFO - Dependencies all met for <TaskInstance: first_dag.write_diff_task manual__2022-12-04T19:36:16.311057+00:00 [queued]>
[2022-12-04 19:36:22,193] {taskinstance.py:1356} INFO - 
--------------------------------------------------------------------------------
[2022-12-04 19:36:22,194] {taskinstance.py:1357} INFO - Starting attempt 1 of 1
[2022-12-04 19:36:22,194] {taskinstance.py:1358} INFO - 
--------------------------------------------------------------------------------
[2022-12-04 19:36:22,213] {taskinstance.py:1377} INFO - Executing <Task(PythonOperator): write_diff_task> on 2022-12-04 19:36:16.311057+00:00
[2022-12-04 19:36:22,219] {standard_task_runner.py:52} INFO - Started process 586 to run task
[2022-12-04 19:36:22,228] {standard_task_runner.py:79} INFO - Running: ['***', 'tasks', 'run', 'first_dag', 'write_diff_task', 'manual__2022-12-04T19:36:16.311057+00:00', '--job-id', '290', '--raw', '--subdir', 'DAGS_FOLDER/first-dag.py', '--cfg-path', '/tmp/tmp79ipsny2', '--error-file', '/tmp/tmpmxgvwn3g']
[2022-12-04 19:36:22,231] {standard_task_runner.py:80} INFO - Job 290: Subtask write_diff_task
[2022-12-04 19:36:22,318] {task_command.py:369} INFO - Running <TaskInstance: first_dag.write_diff_task manual__2022-12-04T19:36:16.311057+00:00 [running]> on host 4393b4454aa8
[2022-12-04 19:36:22,421] {taskinstance.py:1571} INFO - Exporting the following env vars:
AIRFLOW_CTX_DAG_OWNER=***
AIRFLOW_CTX_DAG_ID=first_dag
AIRFLOW_CTX_TASK_ID=write_diff_task
AIRFLOW_CTX_EXECUTION_DATE=2022-12-04T19:36:16.311057+00:00
AIRFLOW_CTX_TRY_NUMBER=1
AIRFLOW_CTX_DAG_RUN_ID=manual__2022-12-04T19:36:16.311057+00:00
[2022-12-04 19:36:22,456] {python.py:173} INFO - Done. Returned value was: None
[2022-12-04 19:36:22,478] {taskinstance.py:1400} INFO - Marking task as SUCCESS. dag_id=first_dag, task_id=write_diff_task, execution_date=20221204T193616, start_date=20221204T193622, end_date=20221204T193622
[2022-12-04 19:36:22,520] {local_task_job.py:156} INFO - Task exited with return code 0
[2022-12-04 19:36:22,570] {local_task_job.py:273} INFO - 0 downstream tasks scheduled from follow-on schedule check
