[2022-12-11 19:44:43,812] {taskinstance.py:1159} INFO - Dependencies all met for <TaskInstance: first_dag.sum_column_task manual__2022-12-11T19:44:29.307471+00:00 [queued]>
[2022-12-11 19:44:43,900] {taskinstance.py:1159} INFO - Dependencies all met for <TaskInstance: first_dag.sum_column_task manual__2022-12-11T19:44:29.307471+00:00 [queued]>
[2022-12-11 19:44:43,902] {taskinstance.py:1356} INFO - 
--------------------------------------------------------------------------------
[2022-12-11 19:44:43,903] {taskinstance.py:1357} INFO - Starting attempt 1 of 1
[2022-12-11 19:44:43,905] {taskinstance.py:1358} INFO - 
--------------------------------------------------------------------------------
[2022-12-11 19:44:44,002] {taskinstance.py:1377} INFO - Executing <Task(PythonOperator): sum_column_task> on 2022-12-11 19:44:29.307471+00:00
[2022-12-11 19:44:44,008] {standard_task_runner.py:52} INFO - Started process 5142 to run task
[2022-12-11 19:44:44,017] {standard_task_runner.py:79} INFO - Running: ['***', 'tasks', 'run', 'first_dag', 'sum_column_task', 'manual__2022-12-11T19:44:29.307471+00:00', '--job-id', '1282', '--raw', '--subdir', 'DAGS_FOLDER/first-dag.py', '--cfg-path', '/tmp/tmpm2s5jhxk', '--error-file', '/tmp/tmpbn0c5p6_']
[2022-12-11 19:44:44,020] {standard_task_runner.py:80} INFO - Job 1282: Subtask sum_column_task
[2022-12-11 19:44:44,593] {task_command.py:369} INFO - Running <TaskInstance: first_dag.sum_column_task manual__2022-12-11T19:44:29.307471+00:00 [running]> on host 7e39590a7807
[2022-12-11 19:44:46,134] {taskinstance.py:1571} INFO - Exporting the following env vars:
AIRFLOW_CTX_DAG_OWNER=***
AIRFLOW_CTX_DAG_ID=first_dag
AIRFLOW_CTX_TASK_ID=sum_column_task
AIRFLOW_CTX_EXECUTION_DATE=2022-12-11T19:44:29.307471+00:00
AIRFLOW_CTX_TRY_NUMBER=1
AIRFLOW_CTX_DAG_RUN_ID=manual__2022-12-11T19:44:29.307471+00:00
[2022-12-11 19:44:46,185] {logging_mixin.py:115} INFO - Different sum column is -21
[2022-12-11 19:44:46,186] {python.py:173} INFO - Done. Returned value was: -21
[2022-12-11 19:44:46,314] {taskinstance.py:1400} INFO - Marking task as SUCCESS. dag_id=first_dag, task_id=sum_column_task, execution_date=20221211T194429, start_date=20221211T194443, end_date=20221211T194446
[2022-12-11 19:44:46,384] {local_task_job.py:156} INFO - Task exited with return code 0
[2022-12-11 19:44:46,475] {local_task_job.py:273} INFO - 1 downstream tasks scheduled from follow-on schedule check
