[2022-12-12 05:27:40,118] {taskinstance.py:1159} INFO - Dependencies all met for <TaskInstance: first_dag.alter_task_table manual__2022-12-12T05:27:34.840137+00:00 [queued]>
[2022-12-12 05:27:40,194] {taskinstance.py:1159} INFO - Dependencies all met for <TaskInstance: first_dag.alter_task_table manual__2022-12-12T05:27:34.840137+00:00 [queued]>
[2022-12-12 05:27:40,203] {taskinstance.py:1356} INFO - 
--------------------------------------------------------------------------------
[2022-12-12 05:27:40,207] {taskinstance.py:1357} INFO - Starting attempt 1 of 1
[2022-12-12 05:27:40,209] {taskinstance.py:1358} INFO - 
--------------------------------------------------------------------------------
[2022-12-12 05:27:40,290] {taskinstance.py:1377} INFO - Executing <Task(PostgresOperator): alter_task_table> on 2022-12-12 05:27:34.840137+00:00
[2022-12-12 05:27:40,307] {standard_task_runner.py:52} INFO - Started process 7863 to run task
[2022-12-12 05:27:40,339] {standard_task_runner.py:79} INFO - Running: ['***', 'tasks', 'run', 'first_dag', 'alter_task_table', 'manual__2022-12-12T05:27:34.840137+00:00', '--job-id', '1674', '--raw', '--subdir', 'DAGS_FOLDER/first-dag.py', '--cfg-path', '/tmp/tmphq2b14km', '--error-file', '/tmp/tmp4rhwhzi5']
[2022-12-12 05:27:40,355] {standard_task_runner.py:80} INFO - Job 1674: Subtask alter_task_table
[2022-12-12 05:27:40,556] {task_command.py:369} INFO - Running <TaskInstance: first_dag.alter_task_table manual__2022-12-12T05:27:34.840137+00:00 [running]> on host 7e39590a7807
[2022-12-12 05:27:41,016] {taskinstance.py:1571} INFO - Exporting the following env vars:
AIRFLOW_CTX_DAG_OWNER=***
AIRFLOW_CTX_DAG_ID=first_dag
AIRFLOW_CTX_TASK_ID=alter_task_table
AIRFLOW_CTX_EXECUTION_DATE=2022-12-12T05:27:34.840137+00:00
AIRFLOW_CTX_TRY_NUMBER=1
AIRFLOW_CTX_DAG_RUN_ID=manual__2022-12-12T05:27:34.840137+00:00
[2022-12-12 05:27:41,170] {base.py:68} INFO - Using connection ID 'db' for task execution.
[2022-12-12 05:27:41,277] {dbapi.py:208} INFO - Running statement: 
               alter table task add column coef int;
                  , parameters: None
[2022-12-12 05:27:41,557] {taskinstance.py:1400} INFO - Marking task as SUCCESS. dag_id=first_dag, task_id=alter_task_table, execution_date=20221212T052734, start_date=20221212T052740, end_date=20221212T052741
[2022-12-12 05:27:41,676] {local_task_job.py:156} INFO - Task exited with return code 0
[2022-12-12 05:27:41,887] {local_task_job.py:273} INFO - 0 downstream tasks scheduled from follow-on schedule check
