[2022-12-04 16:41:16,413] {taskinstance.py:1159} INFO - Dependencies all met for <TaskInstance: first_dag.world scheduled__2021-01-01T15:10:00+00:00 [queued]>
[2022-12-04 16:41:16,487] {taskinstance.py:1159} INFO - Dependencies all met for <TaskInstance: first_dag.world scheduled__2021-01-01T15:10:00+00:00 [queued]>
[2022-12-04 16:41:16,494] {taskinstance.py:1356} INFO - 
--------------------------------------------------------------------------------
[2022-12-04 16:41:16,495] {taskinstance.py:1357} INFO - Starting attempt 1 of 1
[2022-12-04 16:41:16,497] {taskinstance.py:1358} INFO - 
--------------------------------------------------------------------------------
[2022-12-04 16:41:16,768] {taskinstance.py:1377} INFO - Executing <Task(PythonOperator): world> on 2021-01-01 15:10:00+00:00
[2022-12-04 16:41:16,902] {standard_task_runner.py:52} INFO - Started process 737 to run task
[2022-12-04 16:41:16,974] {standard_task_runner.py:79} INFO - Running: ['***', 'tasks', 'run', 'first_dag', 'world', 'scheduled__2021-01-01T15:10:00+00:00', '--job-id', '94', '--raw', '--subdir', 'DAGS_FOLDER/first-dag.py', '--cfg-path', '/tmp/tmptlc7dspo', '--error-file', '/tmp/tmpt81y1ozb']
[2022-12-04 16:41:17,018] {standard_task_runner.py:80} INFO - Job 94: Subtask world
[2022-12-04 16:41:18,065] {task_command.py:369} INFO - Running <TaskInstance: first_dag.world scheduled__2021-01-01T15:10:00+00:00 [running]> on host fb90b48d1471
[2022-12-04 16:41:18,593] {taskinstance.py:1571} INFO - Exporting the following env vars:
AIRFLOW_CTX_DAG_OWNER=***
AIRFLOW_CTX_DAG_ID=first_dag
AIRFLOW_CTX_TASK_ID=world
AIRFLOW_CTX_EXECUTION_DATE=2021-01-01T15:10:00+00:00
AIRFLOW_CTX_TRY_NUMBER=1
AIRFLOW_CTX_DAG_RUN_ID=scheduled__2021-01-01T15:10:00+00:00
[2022-12-04 16:41:18,600] {logging_mixin.py:115} INFO - Airflow
[2022-12-04 16:41:18,607] {python.py:173} INFO - Done. Returned value was: None
[2022-12-04 16:41:18,650] {taskinstance.py:1400} INFO - Marking task as SUCCESS. dag_id=first_dag, task_id=world, execution_date=20210101T151000, start_date=20221204T164116, end_date=20221204T164118
[2022-12-04 16:41:18,818] {local_task_job.py:156} INFO - Task exited with return code 0
[2022-12-04 16:41:19,510] {local_task_job.py:273} INFO - 0 downstream tasks scheduled from follow-on schedule check
