[2022-12-11 15:12:04,803] {taskinstance.py:1159} INFO - Dependencies all met for <TaskInstance: first_dag.write_diff_task scheduled__2022-12-11T15:11:00+00:00 [queued]>
[2022-12-11 15:12:04,824] {taskinstance.py:1159} INFO - Dependencies all met for <TaskInstance: first_dag.write_diff_task scheduled__2022-12-11T15:11:00+00:00 [queued]>
[2022-12-11 15:12:04,825] {taskinstance.py:1356} INFO - 
--------------------------------------------------------------------------------
[2022-12-11 15:12:04,826] {taskinstance.py:1357} INFO - Starting attempt 1 of 1
[2022-12-11 15:12:04,827] {taskinstance.py:1358} INFO - 
--------------------------------------------------------------------------------
[2022-12-11 15:12:04,846] {taskinstance.py:1377} INFO - Executing <Task(PythonOperator): write_diff_task> on 2022-12-11 15:11:00+00:00
[2022-12-11 15:12:04,855] {standard_task_runner.py:52} INFO - Started process 2129 to run task
[2022-12-11 15:12:04,864] {standard_task_runner.py:79} INFO - Running: ['***', 'tasks', 'run', 'first_dag', 'write_diff_task', 'scheduled__2022-12-11T15:11:00+00:00', '--job-id', '781', '--raw', '--subdir', 'DAGS_FOLDER/first-dag.py', '--cfg-path', '/tmp/tmps7d09n11', '--error-file', '/tmp/tmpvzr7xu63']
[2022-12-11 15:12:04,867] {standard_task_runner.py:80} INFO - Job 781: Subtask write_diff_task
[2022-12-11 15:12:04,949] {task_command.py:369} INFO - Running <TaskInstance: first_dag.write_diff_task scheduled__2022-12-11T15:11:00+00:00 [running]> on host 7e39590a7807
[2022-12-11 15:12:05,058] {taskinstance.py:1571} INFO - Exporting the following env vars:
AIRFLOW_CTX_DAG_OWNER=***
AIRFLOW_CTX_DAG_ID=first_dag
AIRFLOW_CTX_TASK_ID=write_diff_task
AIRFLOW_CTX_EXECUTION_DATE=2022-12-11T15:11:00+00:00
AIRFLOW_CTX_TRY_NUMBER=1
AIRFLOW_CTX_DAG_RUN_ID=scheduled__2022-12-11T15:11:00+00:00
[2022-12-11 15:12:05,093] {python.py:173} INFO - Done. Returned value was: None
[2022-12-11 15:12:05,117] {taskinstance.py:1400} INFO - Marking task as SUCCESS. dag_id=first_dag, task_id=write_diff_task, execution_date=20221211T151100, start_date=20221211T151204, end_date=20221211T151205
[2022-12-11 15:12:05,153] {local_task_job.py:156} INFO - Task exited with return code 0
[2022-12-11 15:12:05,195] {local_task_job.py:273} INFO - 0 downstream tasks scheduled from follow-on schedule check
