[2022-12-11 15:12:00,963] {taskinstance.py:1159} INFO - Dependencies all met for <TaskInstance: first_dag.sum_column_task manual__2022-12-11T15:11:55.718370+00:00 [queued]>
[2022-12-11 15:12:00,989] {taskinstance.py:1159} INFO - Dependencies all met for <TaskInstance: first_dag.sum_column_task manual__2022-12-11T15:11:55.718370+00:00 [queued]>
[2022-12-11 15:12:00,991] {taskinstance.py:1356} INFO - 
--------------------------------------------------------------------------------
[2022-12-11 15:12:00,992] {taskinstance.py:1357} INFO - Starting attempt 1 of 1
[2022-12-11 15:12:00,993] {taskinstance.py:1358} INFO - 
--------------------------------------------------------------------------------
[2022-12-11 15:12:01,030] {taskinstance.py:1377} INFO - Executing <Task(PythonOperator): sum_column_task> on 2022-12-11 15:11:55.718370+00:00
[2022-12-11 15:12:01,041] {standard_task_runner.py:52} INFO - Started process 2117 to run task
[2022-12-11 15:12:01,055] {standard_task_runner.py:79} INFO - Running: ['***', 'tasks', 'run', 'first_dag', 'sum_column_task', 'manual__2022-12-11T15:11:55.718370+00:00', '--job-id', '776', '--raw', '--subdir', 'DAGS_FOLDER/first-dag.py', '--cfg-path', '/tmp/tmpvy4xcf_r', '--error-file', '/tmp/tmpbb2ur6wu']
[2022-12-11 15:12:01,057] {standard_task_runner.py:80} INFO - Job 776: Subtask sum_column_task
[2022-12-11 15:12:01,160] {task_command.py:369} INFO - Running <TaskInstance: first_dag.sum_column_task manual__2022-12-11T15:11:55.718370+00:00 [running]> on host 7e39590a7807
[2022-12-11 15:12:01,312] {taskinstance.py:1571} INFO - Exporting the following env vars:
AIRFLOW_CTX_DAG_OWNER=***
AIRFLOW_CTX_DAG_ID=first_dag
AIRFLOW_CTX_TASK_ID=sum_column_task
AIRFLOW_CTX_EXECUTION_DATE=2022-12-11T15:11:55.718370+00:00
AIRFLOW_CTX_TRY_NUMBER=1
AIRFLOW_CTX_DAG_RUN_ID=manual__2022-12-11T15:11:55.718370+00:00
[2022-12-11 15:12:01,335] {logging_mixin.py:115} INFO - Different sum column is -8
[2022-12-11 15:12:01,337] {python.py:173} INFO - Done. Returned value was: -8
[2022-12-11 15:12:01,408] {taskinstance.py:1400} INFO - Marking task as SUCCESS. dag_id=first_dag, task_id=sum_column_task, execution_date=20221211T151155, start_date=20221211T151200, end_date=20221211T151201
[2022-12-11 15:12:01,469] {local_task_job.py:156} INFO - Task exited with return code 0
[2022-12-11 15:12:01,565] {local_task_job.py:273} INFO - 1 downstream tasks scheduled from follow-on schedule check
