[2022-12-11 14:38:22,988] {taskinstance.py:1159} INFO - Dependencies all met for <TaskInstance: first_dag.generate_two_int_task manual__2022-12-11T14:38:20.076199+00:00 [queued]>
[2022-12-11 14:38:23,003] {taskinstance.py:1159} INFO - Dependencies all met for <TaskInstance: first_dag.generate_two_int_task manual__2022-12-11T14:38:20.076199+00:00 [queued]>
[2022-12-11 14:38:23,004] {taskinstance.py:1356} INFO - 
--------------------------------------------------------------------------------
[2022-12-11 14:38:23,005] {taskinstance.py:1357} INFO - Starting attempt 1 of 1
[2022-12-11 14:38:23,007] {taskinstance.py:1358} INFO - 
--------------------------------------------------------------------------------
[2022-12-11 14:38:23,029] {taskinstance.py:1377} INFO - Executing <Task(PythonOperator): generate_two_int_task> on 2022-12-11 14:38:20.076199+00:00
[2022-12-11 14:38:23,039] {standard_task_runner.py:52} INFO - Started process 1114 to run task
[2022-12-11 14:38:23,054] {standard_task_runner.py:79} INFO - Running: ['***', 'tasks', 'run', 'first_dag', 'generate_two_int_task', 'manual__2022-12-11T14:38:20.076199+00:00', '--job-id', '554', '--raw', '--subdir', 'DAGS_FOLDER/first-dag.py', '--cfg-path', '/tmp/tmpf590_roc', '--error-file', '/tmp/tmp6kls97yx']
[2022-12-11 14:38:23,057] {standard_task_runner.py:80} INFO - Job 554: Subtask generate_two_int_task
[2022-12-11 14:38:23,163] {task_command.py:369} INFO - Running <TaskInstance: first_dag.generate_two_int_task manual__2022-12-11T14:38:20.076199+00:00 [running]> on host 7e39590a7807
[2022-12-11 14:38:23,255] {taskinstance.py:1571} INFO - Exporting the following env vars:
AIRFLOW_CTX_DAG_OWNER=***
AIRFLOW_CTX_DAG_ID=first_dag
AIRFLOW_CTX_TASK_ID=generate_two_int_task
AIRFLOW_CTX_EXECUTION_DATE=2022-12-11T14:38:20.076199+00:00
AIRFLOW_CTX_TRY_NUMBER=1
AIRFLOW_CTX_DAG_RUN_ID=manual__2022-12-11T14:38:20.076199+00:00
[2022-12-11 14:38:23,273] {python.py:173} INFO - Done. Returned value was: None
[2022-12-11 14:38:23,289] {taskinstance.py:1400} INFO - Marking task as SUCCESS. dag_id=first_dag, task_id=generate_two_int_task, execution_date=20221211T143820, start_date=20221211T143822, end_date=20221211T143823
[2022-12-11 14:38:23,346] {local_task_job.py:156} INFO - Task exited with return code 0
[2022-12-11 14:38:23,410] {local_task_job.py:273} INFO - 1 downstream tasks scheduled from follow-on schedule check
