[2022-12-11 14:38:48,300] {taskinstance.py:1159} INFO - Dependencies all met for <TaskInstance: first_dag.write_diff_task manual__2022-12-11T14:38:43.015747+00:00 [queued]>
[2022-12-11 14:38:48,312] {taskinstance.py:1159} INFO - Dependencies all met for <TaskInstance: first_dag.write_diff_task manual__2022-12-11T14:38:43.015747+00:00 [queued]>
[2022-12-11 14:38:48,314] {taskinstance.py:1356} INFO - 
--------------------------------------------------------------------------------
[2022-12-11 14:38:48,315] {taskinstance.py:1357} INFO - Starting attempt 1 of 1
[2022-12-11 14:38:48,316] {taskinstance.py:1358} INFO - 
--------------------------------------------------------------------------------
[2022-12-11 14:38:48,339] {taskinstance.py:1377} INFO - Executing <Task(PythonOperator): write_diff_task> on 2022-12-11 14:38:43.015747+00:00
[2022-12-11 14:38:48,348] {standard_task_runner.py:52} INFO - Started process 1138 to run task
[2022-12-11 14:38:48,359] {standard_task_runner.py:79} INFO - Running: ['***', 'tasks', 'run', 'first_dag', 'write_diff_task', 'manual__2022-12-11T14:38:43.015747+00:00', '--job-id', '561', '--raw', '--subdir', 'DAGS_FOLDER/first-dag.py', '--cfg-path', '/tmp/tmp4582czoh', '--error-file', '/tmp/tmpzgdkz12t']
[2022-12-11 14:38:48,362] {standard_task_runner.py:80} INFO - Job 561: Subtask write_diff_task
[2022-12-11 14:38:48,450] {task_command.py:369} INFO - Running <TaskInstance: first_dag.write_diff_task manual__2022-12-11T14:38:43.015747+00:00 [running]> on host 7e39590a7807
[2022-12-11 14:38:48,554] {taskinstance.py:1571} INFO - Exporting the following env vars:
AIRFLOW_CTX_DAG_OWNER=***
AIRFLOW_CTX_DAG_ID=first_dag
AIRFLOW_CTX_TASK_ID=write_diff_task
AIRFLOW_CTX_EXECUTION_DATE=2022-12-11T14:38:43.015747+00:00
AIRFLOW_CTX_TRY_NUMBER=1
AIRFLOW_CTX_DAG_RUN_ID=manual__2022-12-11T14:38:43.015747+00:00
[2022-12-11 14:38:48,587] {logging_mixin.py:115} INFO - res 4
[2022-12-11 14:38:48,589] {python.py:173} INFO - Done. Returned value was: None
[2022-12-11 14:38:48,606] {taskinstance.py:1400} INFO - Marking task as SUCCESS. dag_id=first_dag, task_id=write_diff_task, execution_date=20221211T143843, start_date=20221211T143848, end_date=20221211T143848
[2022-12-11 14:38:48,648] {local_task_job.py:156} INFO - Task exited with return code 0
[2022-12-11 14:38:48,696] {local_task_job.py:273} INFO - 0 downstream tasks scheduled from follow-on schedule check
