[2022-12-11 18:16:59,322] {taskinstance.py:1159} INFO - Dependencies all met for <TaskInstance: first_dag.world manual__2022-12-11T18:16:53.193489+00:00 [queued]>
[2022-12-11 18:16:59,348] {taskinstance.py:1159} INFO - Dependencies all met for <TaskInstance: first_dag.world manual__2022-12-11T18:16:53.193489+00:00 [queued]>
[2022-12-11 18:16:59,349] {taskinstance.py:1356} INFO - 
--------------------------------------------------------------------------------
[2022-12-11 18:16:59,350] {taskinstance.py:1357} INFO - Starting attempt 1 of 1
[2022-12-11 18:16:59,351] {taskinstance.py:1358} INFO - 
--------------------------------------------------------------------------------
[2022-12-11 18:16:59,384] {taskinstance.py:1377} INFO - Executing <Task(PythonOperator): world> on 2022-12-11 18:16:53.193489+00:00
[2022-12-11 18:16:59,393] {standard_task_runner.py:52} INFO - Started process 4264 to run task
[2022-12-11 18:16:59,405] {standard_task_runner.py:79} INFO - Running: ['***', 'tasks', 'run', 'first_dag', 'world', 'manual__2022-12-11T18:16:53.193489+00:00', '--job-id', '1167', '--raw', '--subdir', 'DAGS_FOLDER/first-dag.py', '--cfg-path', '/tmp/tmp6tmd56p8', '--error-file', '/tmp/tmpqwk2c3q0']
[2022-12-11 18:16:59,408] {standard_task_runner.py:80} INFO - Job 1167: Subtask world
[2022-12-11 18:16:59,788] {task_command.py:369} INFO - Running <TaskInstance: first_dag.world manual__2022-12-11T18:16:53.193489+00:00 [running]> on host 7e39590a7807
[2022-12-11 18:17:00,943] {taskinstance.py:1571} INFO - Exporting the following env vars:
AIRFLOW_CTX_DAG_OWNER=***
AIRFLOW_CTX_DAG_ID=first_dag
AIRFLOW_CTX_TASK_ID=world
AIRFLOW_CTX_EXECUTION_DATE=2022-12-11T18:16:53.193489+00:00
AIRFLOW_CTX_TRY_NUMBER=1
AIRFLOW_CTX_DAG_RUN_ID=manual__2022-12-11T18:16:53.193489+00:00
[2022-12-11 18:17:00,977] {logging_mixin.py:115} INFO - Airflow
[2022-12-11 18:17:00,979] {python.py:173} INFO - Done. Returned value was: None
[2022-12-11 18:17:01,197] {taskinstance.py:1400} INFO - Marking task as SUCCESS. dag_id=first_dag, task_id=world, execution_date=20221211T181653, start_date=20221211T181659, end_date=20221211T181701
[2022-12-11 18:17:01,399] {local_task_job.py:156} INFO - Task exited with return code 0
[2022-12-11 18:17:01,593] {local_task_job.py:273} INFO - 0 downstream tasks scheduled from follow-on schedule check
