[2022-12-11 14:32:34,163] {taskinstance.py:1159} INFO - Dependencies all met for <TaskInstance: first_dag.sum_column_task manual__2022-12-11T14:32:26.993639+00:00 [queued]>
[2022-12-11 14:32:34,180] {taskinstance.py:1159} INFO - Dependencies all met for <TaskInstance: first_dag.sum_column_task manual__2022-12-11T14:32:26.993639+00:00 [queued]>
[2022-12-11 14:32:34,181] {taskinstance.py:1356} INFO - 
--------------------------------------------------------------------------------
[2022-12-11 14:32:34,183] {taskinstance.py:1357} INFO - Starting attempt 1 of 1
[2022-12-11 14:32:34,184] {taskinstance.py:1358} INFO - 
--------------------------------------------------------------------------------
[2022-12-11 14:32:34,205] {taskinstance.py:1377} INFO - Executing <Task(PythonOperator): sum_column_task> on 2022-12-11 14:32:26.993639+00:00
[2022-12-11 14:32:34,210] {standard_task_runner.py:52} INFO - Started process 854 to run task
[2022-12-11 14:32:34,219] {standard_task_runner.py:79} INFO - Running: ['***', 'tasks', 'run', 'first_dag', 'sum_column_task', 'manual__2022-12-11T14:32:26.993639+00:00', '--job-id', '486', '--raw', '--subdir', 'DAGS_FOLDER/first-dag.py', '--cfg-path', '/tmp/tmpl0zbqvm0', '--error-file', '/tmp/tmp_4symf2j']
[2022-12-11 14:32:34,221] {standard_task_runner.py:80} INFO - Job 486: Subtask sum_column_task
[2022-12-11 14:32:34,319] {task_command.py:369} INFO - Running <TaskInstance: first_dag.sum_column_task manual__2022-12-11T14:32:26.993639+00:00 [running]> on host 7e39590a7807
[2022-12-11 14:32:34,505] {taskinstance.py:1571} INFO - Exporting the following env vars:
AIRFLOW_CTX_DAG_OWNER=***
AIRFLOW_CTX_DAG_ID=first_dag
AIRFLOW_CTX_TASK_ID=sum_column_task
AIRFLOW_CTX_EXECUTION_DATE=2022-12-11T14:32:26.993639+00:00
AIRFLOW_CTX_TRY_NUMBER=1
AIRFLOW_CTX_DAG_RUN_ID=manual__2022-12-11T14:32:26.993639+00:00
[2022-12-11 14:32:34,542] {python.py:173} INFO - Done. Returned value was: -481
[2022-12-11 14:32:34,607] {taskinstance.py:1400} INFO - Marking task as SUCCESS. dag_id=first_dag, task_id=sum_column_task, execution_date=20221211T143226, start_date=20221211T143234, end_date=20221211T143234
[2022-12-11 14:32:34,643] {local_task_job.py:156} INFO - Task exited with return code 0
[2022-12-11 14:32:34,696] {local_task_job.py:273} INFO - 0 downstream tasks scheduled from follow-on schedule check
