[2022-12-11 14:11:04,679] {taskinstance.py:1159} INFO - Dependencies all met for <TaskInstance: first_dag.sum_column_task scheduled__2022-12-11T14:10:00+00:00 [queued]>
[2022-12-11 14:11:04,693] {taskinstance.py:1159} INFO - Dependencies all met for <TaskInstance: first_dag.sum_column_task scheduled__2022-12-11T14:10:00+00:00 [queued]>
[2022-12-11 14:11:04,695] {taskinstance.py:1356} INFO - 
--------------------------------------------------------------------------------
[2022-12-11 14:11:04,696] {taskinstance.py:1357} INFO - Starting attempt 1 of 1
[2022-12-11 14:11:04,697] {taskinstance.py:1358} INFO - 
--------------------------------------------------------------------------------
[2022-12-11 14:11:04,714] {taskinstance.py:1377} INFO - Executing <Task(PythonOperator): sum_column_task> on 2022-12-11 14:10:00+00:00
[2022-12-11 14:11:04,720] {standard_task_runner.py:52} INFO - Started process 379 to run task
[2022-12-11 14:11:04,732] {standard_task_runner.py:79} INFO - Running: ['***', 'tasks', 'run', 'first_dag', 'sum_column_task', 'scheduled__2022-12-11T14:10:00+00:00', '--job-id', '375', '--raw', '--subdir', 'DAGS_FOLDER/first-dag.py', '--cfg-path', '/tmp/tmpee24kw7p', '--error-file', '/tmp/tmpzbjfc3x3']
[2022-12-11 14:11:04,734] {standard_task_runner.py:80} INFO - Job 375: Subtask sum_column_task
[2022-12-11 14:11:04,821] {task_command.py:369} INFO - Running <TaskInstance: first_dag.sum_column_task scheduled__2022-12-11T14:10:00+00:00 [running]> on host 7e39590a7807
[2022-12-11 14:11:04,941] {taskinstance.py:1571} INFO - Exporting the following env vars:
AIRFLOW_CTX_DAG_OWNER=***
AIRFLOW_CTX_DAG_ID=first_dag
AIRFLOW_CTX_TASK_ID=sum_column_task
AIRFLOW_CTX_EXECUTION_DATE=2022-12-11T14:10:00+00:00
AIRFLOW_CTX_TRY_NUMBER=1
AIRFLOW_CTX_DAG_RUN_ID=scheduled__2022-12-11T14:10:00+00:00
[2022-12-11 14:11:04,965] {python.py:173} INFO - Done. Returned value was: 25948572699286681484088
[2022-12-11 14:11:05,028] {taskinstance.py:1400} INFO - Marking task as SUCCESS. dag_id=first_dag, task_id=sum_column_task, execution_date=20221211T141000, start_date=20221211T141104, end_date=20221211T141105
[2022-12-11 14:11:05,099] {local_task_job.py:156} INFO - Task exited with return code 0
[2022-12-11 14:11:05,163] {local_task_job.py:273} INFO - 1 downstream tasks scheduled from follow-on schedule check
