[2022-12-11 14:58:52,176] {taskinstance.py:1159} INFO - Dependencies all met for <TaskInstance: first_dag.world manual__2022-12-11T14:58:50.146846+00:00 [queued]>
[2022-12-11 14:58:52,194] {taskinstance.py:1159} INFO - Dependencies all met for <TaskInstance: first_dag.world manual__2022-12-11T14:58:50.146846+00:00 [queued]>
[2022-12-11 14:58:52,195] {taskinstance.py:1356} INFO - 
--------------------------------------------------------------------------------
[2022-12-11 14:58:52,196] {taskinstance.py:1357} INFO - Starting attempt 1 of 1
[2022-12-11 14:58:52,197] {taskinstance.py:1358} INFO - 
--------------------------------------------------------------------------------
[2022-12-11 14:58:52,223] {taskinstance.py:1377} INFO - Executing <Task(PythonOperator): world> on 2022-12-11 14:58:50.146846+00:00
[2022-12-11 14:58:52,233] {standard_task_runner.py:52} INFO - Started process 1643 to run task
[2022-12-11 14:58:52,238] {standard_task_runner.py:79} INFO - Running: ['***', 'tasks', 'run', 'first_dag', 'world', 'manual__2022-12-11T14:58:50.146846+00:00', '--job-id', '658', '--raw', '--subdir', 'DAGS_FOLDER/first-dag.py', '--cfg-path', '/tmp/tmpkqo_z4qr', '--error-file', '/tmp/tmpmfu7b3sl']
[2022-12-11 14:58:52,240] {standard_task_runner.py:80} INFO - Job 658: Subtask world
[2022-12-11 14:58:52,325] {task_command.py:369} INFO - Running <TaskInstance: first_dag.world manual__2022-12-11T14:58:50.146846+00:00 [running]> on host 7e39590a7807
[2022-12-11 14:58:52,438] {taskinstance.py:1571} INFO - Exporting the following env vars:
AIRFLOW_CTX_DAG_OWNER=***
AIRFLOW_CTX_DAG_ID=first_dag
AIRFLOW_CTX_TASK_ID=world
AIRFLOW_CTX_EXECUTION_DATE=2022-12-11T14:58:50.146846+00:00
AIRFLOW_CTX_TRY_NUMBER=1
AIRFLOW_CTX_DAG_RUN_ID=manual__2022-12-11T14:58:50.146846+00:00
[2022-12-11 14:58:52,444] {logging_mixin.py:115} INFO - Airflow
[2022-12-11 14:58:52,445] {python.py:173} INFO - Done. Returned value was: None
[2022-12-11 14:58:52,471] {taskinstance.py:1400} INFO - Marking task as SUCCESS. dag_id=first_dag, task_id=world, execution_date=20221211T145850, start_date=20221211T145852, end_date=20221211T145852
[2022-12-11 14:58:52,495] {local_task_job.py:156} INFO - Task exited with return code 0
[2022-12-11 14:58:52,584] {local_task_job.py:273} INFO - 1 downstream tasks scheduled from follow-on schedule check
