[2022-12-11 18:17:22,950] {taskinstance.py:1159} INFO - Dependencies all met for <TaskInstance: first_dag.write_diff_task manual__2022-12-11T18:16:53.193489+00:00 [queued]>
[2022-12-11 18:17:22,976] {taskinstance.py:1159} INFO - Dependencies all met for <TaskInstance: first_dag.write_diff_task manual__2022-12-11T18:16:53.193489+00:00 [queued]>
[2022-12-11 18:17:22,977] {taskinstance.py:1356} INFO - 
--------------------------------------------------------------------------------
[2022-12-11 18:17:22,980] {taskinstance.py:1357} INFO - Starting attempt 1 of 1
[2022-12-11 18:17:22,981] {taskinstance.py:1358} INFO - 
--------------------------------------------------------------------------------
[2022-12-11 18:17:23,031] {taskinstance.py:1377} INFO - Executing <Task(PythonOperator): write_diff_task> on 2022-12-11 18:16:53.193489+00:00
[2022-12-11 18:17:23,060] {standard_task_runner.py:52} INFO - Started process 4292 to run task
[2022-12-11 18:17:23,092] {standard_task_runner.py:79} INFO - Running: ['***', 'tasks', 'run', 'first_dag', 'write_diff_task', 'manual__2022-12-11T18:16:53.193489+00:00', '--job-id', '1177', '--raw', '--subdir', 'DAGS_FOLDER/first-dag.py', '--cfg-path', '/tmp/tmppemekngo', '--error-file', '/tmp/tmpaw2g87sr']
[2022-12-11 18:17:23,096] {standard_task_runner.py:80} INFO - Job 1177: Subtask write_diff_task
[2022-12-11 18:17:26,219] {task_command.py:369} INFO - Running <TaskInstance: first_dag.write_diff_task manual__2022-12-11T18:16:53.193489+00:00 [running]> on host 7e39590a7807
[2022-12-11 18:17:27,083] {taskinstance.py:1571} INFO - Exporting the following env vars:
AIRFLOW_CTX_DAG_OWNER=***
AIRFLOW_CTX_DAG_ID=first_dag
AIRFLOW_CTX_TASK_ID=write_diff_task
AIRFLOW_CTX_EXECUTION_DATE=2022-12-11T18:16:53.193489+00:00
AIRFLOW_CTX_TRY_NUMBER=1
AIRFLOW_CTX_DAG_RUN_ID=manual__2022-12-11T18:16:53.193489+00:00
[2022-12-11 18:17:27,221] {python.py:173} INFO - Done. Returned value was: None
[2022-12-11 18:17:27,296] {taskinstance.py:1400} INFO - Marking task as SUCCESS. dag_id=first_dag, task_id=write_diff_task, execution_date=20221211T181653, start_date=20221211T181722, end_date=20221211T181727
[2022-12-11 18:17:27,423] {local_task_job.py:156} INFO - Task exited with return code 0
[2022-12-11 18:17:27,584] {local_task_job.py:273} INFO - 1 downstream tasks scheduled from follow-on schedule check
