[2022-12-11 15:11:06,189] {taskinstance.py:1159} INFO - Dependencies all met for <TaskInstance: first_dag.write_diff_task scheduled__2022-12-11T15:10:00+00:00 [queued]>
[2022-12-11 15:11:06,203] {taskinstance.py:1159} INFO - Dependencies all met for <TaskInstance: first_dag.write_diff_task scheduled__2022-12-11T15:10:00+00:00 [queued]>
[2022-12-11 15:11:06,204] {taskinstance.py:1356} INFO - 
--------------------------------------------------------------------------------
[2022-12-11 15:11:06,206] {taskinstance.py:1357} INFO - Starting attempt 1 of 1
[2022-12-11 15:11:06,207] {taskinstance.py:1358} INFO - 
--------------------------------------------------------------------------------
[2022-12-11 15:11:06,226] {taskinstance.py:1377} INFO - Executing <Task(PythonOperator): write_diff_task> on 2022-12-11 15:10:00+00:00
[2022-12-11 15:11:06,231] {standard_task_runner.py:52} INFO - Started process 2069 to run task
[2022-12-11 15:11:06,242] {standard_task_runner.py:79} INFO - Running: ['***', 'tasks', 'run', 'first_dag', 'write_diff_task', 'scheduled__2022-12-11T15:10:00+00:00', '--job-id', '761', '--raw', '--subdir', 'DAGS_FOLDER/first-dag.py', '--cfg-path', '/tmp/tmp_2ewrfyh', '--error-file', '/tmp/tmpdswq0gq4']
[2022-12-11 15:11:06,246] {standard_task_runner.py:80} INFO - Job 761: Subtask write_diff_task
[2022-12-11 15:11:06,375] {task_command.py:369} INFO - Running <TaskInstance: first_dag.write_diff_task scheduled__2022-12-11T15:10:00+00:00 [running]> on host 7e39590a7807
[2022-12-11 15:11:06,649] {taskinstance.py:1571} INFO - Exporting the following env vars:
AIRFLOW_CTX_DAG_OWNER=***
AIRFLOW_CTX_DAG_ID=first_dag
AIRFLOW_CTX_TASK_ID=write_diff_task
AIRFLOW_CTX_EXECUTION_DATE=2022-12-11T15:10:00+00:00
AIRFLOW_CTX_TRY_NUMBER=1
AIRFLOW_CTX_DAG_RUN_ID=scheduled__2022-12-11T15:10:00+00:00
[2022-12-11 15:11:06,695] {python.py:173} INFO - Done. Returned value was: None
[2022-12-11 15:11:06,719] {taskinstance.py:1400} INFO - Marking task as SUCCESS. dag_id=first_dag, task_id=write_diff_task, execution_date=20221211T151000, start_date=20221211T151106, end_date=20221211T151106
[2022-12-11 15:11:06,755] {local_task_job.py:156} INFO - Task exited with return code 0
[2022-12-11 15:11:06,802] {local_task_job.py:273} INFO - 0 downstream tasks scheduled from follow-on schedule check
