[2022-12-11 17:37:22,309] {taskinstance.py:1159} INFO - Dependencies all met for <TaskInstance: first_dag.hello_task scheduled__2022-12-11T17:27:00+00:00 [queued]>
[2022-12-11 17:37:22,421] {taskinstance.py:1159} INFO - Dependencies all met for <TaskInstance: first_dag.hello_task scheduled__2022-12-11T17:27:00+00:00 [queued]>
[2022-12-11 17:37:22,422] {taskinstance.py:1356} INFO - 
--------------------------------------------------------------------------------
[2022-12-11 17:37:22,423] {taskinstance.py:1357} INFO - Starting attempt 1 of 1
[2022-12-11 17:37:22,427] {taskinstance.py:1358} INFO - 
--------------------------------------------------------------------------------
[2022-12-11 17:37:22,519] {taskinstance.py:1377} INFO - Executing <Task(BashOperator): hello_task> on 2022-12-11 17:27:00+00:00
[2022-12-11 17:37:22,534] {standard_task_runner.py:52} INFO - Started process 3854 to run task
[2022-12-11 17:37:22,575] {standard_task_runner.py:79} INFO - Running: ['***', 'tasks', 'run', 'first_dag', 'hello_task', 'scheduled__2022-12-11T17:27:00+00:00', '--job-id', '1111', '--raw', '--subdir', 'DAGS_FOLDER/first-dag.py', '--cfg-path', '/tmp/tmp2tyt106q', '--error-file', '/tmp/tmpcitc1zjh']
[2022-12-11 17:37:22,580] {standard_task_runner.py:80} INFO - Job 1111: Subtask hello_task
[2022-12-11 17:37:22,884] {task_command.py:369} INFO - Running <TaskInstance: first_dag.hello_task scheduled__2022-12-11T17:27:00+00:00 [running]> on host 7e39590a7807
[2022-12-11 17:37:23,244] {taskinstance.py:1571} INFO - Exporting the following env vars:
AIRFLOW_CTX_DAG_OWNER=***
AIRFLOW_CTX_DAG_ID=first_dag
AIRFLOW_CTX_TASK_ID=hello_task
AIRFLOW_CTX_EXECUTION_DATE=2022-12-11T17:27:00+00:00
AIRFLOW_CTX_TRY_NUMBER=1
AIRFLOW_CTX_DAG_RUN_ID=scheduled__2022-12-11T17:27:00+00:00
[2022-12-11 17:37:23,247] {subprocess.py:62} INFO - Tmp dir root location: 
 /tmp
[2022-12-11 17:37:23,250] {subprocess.py:74} INFO - Running command: ['bash', '-c', 'echo hello']
[2022-12-11 17:37:23,290] {subprocess.py:85} INFO - Output:
[2022-12-11 17:37:23,297] {subprocess.py:92} INFO - hello
[2022-12-11 17:37:23,301] {subprocess.py:96} INFO - Command exited with return code 0
[2022-12-11 17:37:23,381] {taskinstance.py:1400} INFO - Marking task as SUCCESS. dag_id=first_dag, task_id=hello_task, execution_date=20221211T172700, start_date=20221211T173722, end_date=20221211T173723
[2022-12-11 17:37:23,483] {local_task_job.py:156} INFO - Task exited with return code 0
[2022-12-11 17:37:23,796] {local_task_job.py:273} INFO - 0 downstream tasks scheduled from follow-on schedule check
