[2022-12-11 18:17:17,621] {taskinstance.py:1159} INFO - Dependencies all met for <TaskInstance: first_dag.generate_two_int_task manual__2022-12-11T18:16:56.832698+00:00 [queued]>
[2022-12-11 18:17:17,721] {taskinstance.py:1159} INFO - Dependencies all met for <TaskInstance: first_dag.generate_two_int_task manual__2022-12-11T18:16:56.832698+00:00 [queued]>
[2022-12-11 18:17:17,724] {taskinstance.py:1356} INFO - 
--------------------------------------------------------------------------------
[2022-12-11 18:17:17,725] {taskinstance.py:1357} INFO - Starting attempt 1 of 1
[2022-12-11 18:17:17,726] {taskinstance.py:1358} INFO - 
--------------------------------------------------------------------------------
[2022-12-11 18:17:17,870] {taskinstance.py:1377} INFO - Executing <Task(PythonOperator): generate_two_int_task> on 2022-12-11 18:16:56.832698+00:00
[2022-12-11 18:17:17,886] {standard_task_runner.py:52} INFO - Started process 4282 to run task
[2022-12-11 18:17:17,930] {standard_task_runner.py:79} INFO - Running: ['***', 'tasks', 'run', 'first_dag', 'generate_two_int_task', 'manual__2022-12-11T18:16:56.832698+00:00', '--job-id', '1172', '--raw', '--subdir', 'DAGS_FOLDER/first-dag.py', '--cfg-path', '/tmp/tmphggp8wy6', '--error-file', '/tmp/tmp9q03fz3n']
[2022-12-11 18:17:17,944] {standard_task_runner.py:80} INFO - Job 1172: Subtask generate_two_int_task
[2022-12-11 18:17:18,970] {task_command.py:369} INFO - Running <TaskInstance: first_dag.generate_two_int_task manual__2022-12-11T18:16:56.832698+00:00 [running]> on host 7e39590a7807
[2022-12-11 18:17:20,784] {taskinstance.py:1571} INFO - Exporting the following env vars:
AIRFLOW_CTX_DAG_OWNER=***
AIRFLOW_CTX_DAG_ID=first_dag
AIRFLOW_CTX_TASK_ID=generate_two_int_task
AIRFLOW_CTX_EXECUTION_DATE=2022-12-11T18:16:56.832698+00:00
AIRFLOW_CTX_TRY_NUMBER=1
AIRFLOW_CTX_DAG_RUN_ID=manual__2022-12-11T18:16:56.832698+00:00
[2022-12-11 18:17:20,847] {python.py:173} INFO - Done. Returned value was: None
[2022-12-11 18:17:20,908] {taskinstance.py:1400} INFO - Marking task as SUCCESS. dag_id=first_dag, task_id=generate_two_int_task, execution_date=20221211T181656, start_date=20221211T181717, end_date=20221211T181720
[2022-12-11 18:17:21,028] {local_task_job.py:156} INFO - Task exited with return code 0
[2022-12-11 18:17:21,186] {local_task_job.py:273} INFO - 1 downstream tasks scheduled from follow-on schedule check
