[2022-12-04 18:36:20,070] {taskinstance.py:1159} INFO - Dependencies all met for <TaskInstance: first_dag.hello_task manual__2022-12-04T18:36:18.991767+00:00 [queued]>
[2022-12-04 18:36:20,085] {taskinstance.py:1159} INFO - Dependencies all met for <TaskInstance: first_dag.hello_task manual__2022-12-04T18:36:18.991767+00:00 [queued]>
[2022-12-04 18:36:20,086] {taskinstance.py:1356} INFO - 
--------------------------------------------------------------------------------
[2022-12-04 18:36:20,087] {taskinstance.py:1357} INFO - Starting attempt 1 of 1
[2022-12-04 18:36:20,088] {taskinstance.py:1358} INFO - 
--------------------------------------------------------------------------------
[2022-12-04 18:36:20,108] {taskinstance.py:1377} INFO - Executing <Task(BashOperator): hello_task> on 2022-12-04 18:36:18.991767+00:00
[2022-12-04 18:36:20,113] {standard_task_runner.py:52} INFO - Started process 2036 to run task
[2022-12-04 18:36:20,123] {standard_task_runner.py:79} INFO - Running: ['***', 'tasks', 'run', 'first_dag', 'hello_task', 'manual__2022-12-04T18:36:18.991767+00:00', '--job-id', '225', '--raw', '--subdir', 'DAGS_FOLDER/first-dag.py', '--cfg-path', '/tmp/tmpg4re19hj', '--error-file', '/tmp/tmpte1dmork']
[2022-12-04 18:36:20,126] {standard_task_runner.py:80} INFO - Job 225: Subtask hello_task
[2022-12-04 18:36:20,216] {task_command.py:369} INFO - Running <TaskInstance: first_dag.hello_task manual__2022-12-04T18:36:18.991767+00:00 [running]> on host fb90b48d1471
[2022-12-04 18:36:20,377] {taskinstance.py:1571} INFO - Exporting the following env vars:
AIRFLOW_CTX_DAG_OWNER=***
AIRFLOW_CTX_DAG_ID=first_dag
AIRFLOW_CTX_TASK_ID=hello_task
AIRFLOW_CTX_EXECUTION_DATE=2022-12-04T18:36:18.991767+00:00
AIRFLOW_CTX_TRY_NUMBER=1
AIRFLOW_CTX_DAG_RUN_ID=manual__2022-12-04T18:36:18.991767+00:00
[2022-12-04 18:36:20,381] {subprocess.py:62} INFO - Tmp dir root location: 
 /tmp
[2022-12-04 18:36:20,383] {subprocess.py:74} INFO - Running command: ['bash', '-c', 'echo hello']
[2022-12-04 18:36:20,402] {subprocess.py:85} INFO - Output:
[2022-12-04 18:36:20,416] {subprocess.py:92} INFO - hello
[2022-12-04 18:36:20,418] {subprocess.py:96} INFO - Command exited with return code 0
[2022-12-04 18:36:20,530] {taskinstance.py:1400} INFO - Marking task as SUCCESS. dag_id=first_dag, task_id=hello_task, execution_date=20221204T183618, start_date=20221204T183620, end_date=20221204T183620
[2022-12-04 18:36:20,623] {local_task_job.py:156} INFO - Task exited with return code 0
[2022-12-04 18:36:20,701] {local_task_job.py:273} INFO - 1 downstream tasks scheduled from follow-on schedule check
