[2022-12-11 15:17:50,330] {taskinstance.py:1159} INFO - Dependencies all met for <TaskInstance: first_dag.world manual__2022-12-11T15:17:45.914719+00:00 [queued]>
[2022-12-11 15:17:50,400] {taskinstance.py:1159} INFO - Dependencies all met for <TaskInstance: first_dag.world manual__2022-12-11T15:17:45.914719+00:00 [queued]>
[2022-12-11 15:17:50,410] {taskinstance.py:1356} INFO - 
--------------------------------------------------------------------------------
[2022-12-11 15:17:50,414] {taskinstance.py:1357} INFO - Starting attempt 1 of 1
[2022-12-11 15:17:50,418] {taskinstance.py:1358} INFO - 
--------------------------------------------------------------------------------
[2022-12-11 15:17:50,644] {taskinstance.py:1377} INFO - Executing <Task(PythonOperator): world> on 2022-12-11 15:17:45.914719+00:00
[2022-12-11 15:17:50,665] {standard_task_runner.py:52} INFO - Started process 2340 to run task
[2022-12-11 15:17:50,698] {standard_task_runner.py:79} INFO - Running: ['***', 'tasks', 'run', 'first_dag', 'world', 'manual__2022-12-11T15:17:45.914719+00:00', '--job-id', '837', '--raw', '--subdir', 'DAGS_FOLDER/first-dag.py', '--cfg-path', '/tmp/tmpe4uwtcaq', '--error-file', '/tmp/tmpnxq78thx']
[2022-12-11 15:17:50,702] {standard_task_runner.py:80} INFO - Job 837: Subtask world
[2022-12-11 15:17:50,974] {task_command.py:369} INFO - Running <TaskInstance: first_dag.world manual__2022-12-11T15:17:45.914719+00:00 [running]> on host 7e39590a7807
[2022-12-11 15:17:51,611] {taskinstance.py:1571} INFO - Exporting the following env vars:
AIRFLOW_CTX_DAG_OWNER=***
AIRFLOW_CTX_DAG_ID=first_dag
AIRFLOW_CTX_TASK_ID=world
AIRFLOW_CTX_EXECUTION_DATE=2022-12-11T15:17:45.914719+00:00
AIRFLOW_CTX_TRY_NUMBER=1
AIRFLOW_CTX_DAG_RUN_ID=manual__2022-12-11T15:17:45.914719+00:00
[2022-12-11 15:17:51,614] {logging_mixin.py:115} INFO - Airflow
[2022-12-11 15:17:51,615] {python.py:173} INFO - Done. Returned value was: None
[2022-12-11 15:17:55,446] {taskinstance.py:1400} INFO - Marking task as SUCCESS. dag_id=first_dag, task_id=world, execution_date=20221211T151745, start_date=20221211T151750, end_date=20221211T151755
[2022-12-11 15:17:55,579] {local_task_job.py:156} INFO - Task exited with return code 0
[2022-12-11 15:17:55,760] {local_task_job.py:273} INFO - 1 downstream tasks scheduled from follow-on schedule check
