[2022-12-11 14:06:00,874] {taskinstance.py:1159} INFO - Dependencies all met for <TaskInstance: first_dag.hello_task scheduled__2022-12-11T14:05:00+00:00 [queued]>
[2022-12-11 14:06:00,888] {taskinstance.py:1159} INFO - Dependencies all met for <TaskInstance: first_dag.hello_task scheduled__2022-12-11T14:05:00+00:00 [queued]>
[2022-12-11 14:06:00,889] {taskinstance.py:1356} INFO - 
--------------------------------------------------------------------------------
[2022-12-11 14:06:00,890] {taskinstance.py:1357} INFO - Starting attempt 1 of 1
[2022-12-11 14:06:00,891] {taskinstance.py:1358} INFO - 
--------------------------------------------------------------------------------
[2022-12-11 14:06:00,911] {taskinstance.py:1377} INFO - Executing <Task(BashOperator): hello_task> on 2022-12-11 14:05:00+00:00
[2022-12-11 14:06:00,916] {standard_task_runner.py:52} INFO - Started process 255 to run task
[2022-12-11 14:06:00,929] {standard_task_runner.py:79} INFO - Running: ['***', 'tasks', 'run', 'first_dag', 'hello_task', 'scheduled__2022-12-11T14:05:00+00:00', '--job-id', '347', '--raw', '--subdir', 'DAGS_FOLDER/first-dag.py', '--cfg-path', '/tmp/tmps0sriyji', '--error-file', '/tmp/tmpjrc1dzo5']
[2022-12-11 14:06:00,932] {standard_task_runner.py:80} INFO - Job 347: Subtask hello_task
[2022-12-11 14:06:01,028] {task_command.py:369} INFO - Running <TaskInstance: first_dag.hello_task scheduled__2022-12-11T14:05:00+00:00 [running]> on host 7e39590a7807
[2022-12-11 14:06:01,155] {taskinstance.py:1571} INFO - Exporting the following env vars:
AIRFLOW_CTX_DAG_OWNER=***
AIRFLOW_CTX_DAG_ID=first_dag
AIRFLOW_CTX_TASK_ID=hello_task
AIRFLOW_CTX_EXECUTION_DATE=2022-12-11T14:05:00+00:00
AIRFLOW_CTX_TRY_NUMBER=1
AIRFLOW_CTX_DAG_RUN_ID=scheduled__2022-12-11T14:05:00+00:00
[2022-12-11 14:06:01,158] {subprocess.py:62} INFO - Tmp dir root location: 
 /tmp
[2022-12-11 14:06:01,160] {subprocess.py:74} INFO - Running command: ['bash', '-c', 'echo hello']
[2022-12-11 14:06:01,176] {subprocess.py:85} INFO - Output:
[2022-12-11 14:06:01,180] {subprocess.py:92} INFO - hello
[2022-12-11 14:06:01,181] {subprocess.py:96} INFO - Command exited with return code 0
[2022-12-11 14:06:01,244] {taskinstance.py:1400} INFO - Marking task as SUCCESS. dag_id=first_dag, task_id=hello_task, execution_date=20221211T140500, start_date=20221211T140600, end_date=20221211T140601
[2022-12-11 14:06:01,299] {local_task_job.py:156} INFO - Task exited with return code 0
[2022-12-11 14:06:01,364] {local_task_job.py:273} INFO - 1 downstream tasks scheduled from follow-on schedule check
