[2022-12-11 17:00:42,992] {taskinstance.py:1159} INFO - Dependencies all met for <TaskInstance: first_dag.wait_for_file manual__2022-12-11T17:00:25.580315+00:00 [queued]>
[2022-12-11 17:00:43,027] {taskinstance.py:1159} INFO - Dependencies all met for <TaskInstance: first_dag.wait_for_file manual__2022-12-11T17:00:25.580315+00:00 [queued]>
[2022-12-11 17:00:43,028] {taskinstance.py:1356} INFO - 
--------------------------------------------------------------------------------
[2022-12-11 17:00:43,028] {taskinstance.py:1357} INFO - Starting attempt 1 of 1
[2022-12-11 17:00:43,029] {taskinstance.py:1358} INFO - 
--------------------------------------------------------------------------------
[2022-12-11 17:00:43,051] {taskinstance.py:1377} INFO - Executing <Task(PythonSensor): wait_for_file> on 2022-12-11 17:00:25.580315+00:00
[2022-12-11 17:00:43,061] {standard_task_runner.py:52} INFO - Started process 3555 to run task
[2022-12-11 17:00:43,088] {standard_task_runner.py:79} INFO - Running: ['***', 'tasks', 'run', 'first_dag', 'wait_for_file', 'manual__2022-12-11T17:00:25.580315+00:00', '--job-id', '1057', '--raw', '--subdir', 'DAGS_FOLDER/first-dag.py', '--cfg-path', '/tmp/tmpldrb2o4u', '--error-file', '/tmp/tmptkulsl7s']
[2022-12-11 17:00:43,093] {standard_task_runner.py:80} INFO - Job 1057: Subtask wait_for_file
[2022-12-11 17:00:43,227] {task_command.py:369} INFO - Running <TaskInstance: first_dag.wait_for_file manual__2022-12-11T17:00:25.580315+00:00 [running]> on host 7e39590a7807
[2022-12-11 17:00:43,356] {taskinstance.py:1571} INFO - Exporting the following env vars:
AIRFLOW_CTX_DAG_OWNER=***
AIRFLOW_CTX_DAG_ID=first_dag
AIRFLOW_CTX_TASK_ID=wait_for_file
AIRFLOW_CTX_EXECUTION_DATE=2022-12-11T17:00:25.580315+00:00
AIRFLOW_CTX_TRY_NUMBER=1
AIRFLOW_CTX_DAG_RUN_ID=manual__2022-12-11T17:00:25.580315+00:00
[2022-12-11 17:00:43,360] {python.py:66} INFO - Poking callable: <function _wait_for_file at 0x7f6cec99fcb0>
[2022-12-11 17:00:43,387] {logging_mixin.py:115} INFO - _wait_for_file /tmp/file.txt
[2022-12-11 17:00:43,388] {base.py:301} INFO - Success criteria met. Exiting.
[2022-12-11 17:00:43,412] {taskinstance.py:1400} INFO - Marking task as SUCCESS. dag_id=first_dag, task_id=wait_for_file, execution_date=20221211T170025, start_date=20221211T170042, end_date=20221211T170043
[2022-12-11 17:00:43,462] {local_task_job.py:156} INFO - Task exited with return code 0
[2022-12-11 17:00:43,514] {local_task_job.py:273} INFO - 0 downstream tasks scheduled from follow-on schedule check
