[2022-12-11 14:04:01,115] {taskinstance.py:1159} INFO - Dependencies all met for <TaskInstance: first_dag.hello_task scheduled__2022-12-11T14:02:00+00:00 [queued]>
[2022-12-11 14:04:01,171] {taskinstance.py:1159} INFO - Dependencies all met for <TaskInstance: first_dag.hello_task scheduled__2022-12-11T14:02:00+00:00 [queued]>
[2022-12-11 14:04:01,174] {taskinstance.py:1356} INFO - 
--------------------------------------------------------------------------------
[2022-12-11 14:04:01,176] {taskinstance.py:1357} INFO - Starting attempt 1 of 1
[2022-12-11 14:04:01,177] {taskinstance.py:1358} INFO - 
--------------------------------------------------------------------------------
[2022-12-11 14:04:01,250] {taskinstance.py:1377} INFO - Executing <Task(BashOperator): hello_task> on 2022-12-11 14:02:00+00:00
[2022-12-11 14:04:01,263] {standard_task_runner.py:52} INFO - Started process 190 to run task
[2022-12-11 14:04:01,267] {standard_task_runner.py:79} INFO - Running: ['***', 'tasks', 'run', 'first_dag', 'hello_task', 'scheduled__2022-12-11T14:02:00+00:00', '--job-id', '326', '--raw', '--subdir', 'DAGS_FOLDER/first-dag.py', '--cfg-path', '/tmp/tmpg845p71p', '--error-file', '/tmp/tmp8kwhqg8e']
[2022-12-11 14:04:01,270] {standard_task_runner.py:80} INFO - Job 326: Subtask hello_task
[2022-12-11 14:04:01,371] {task_command.py:369} INFO - Running <TaskInstance: first_dag.hello_task scheduled__2022-12-11T14:02:00+00:00 [running]> on host 7e39590a7807
[2022-12-11 14:04:01,672] {taskinstance.py:1571} INFO - Exporting the following env vars:
AIRFLOW_CTX_DAG_OWNER=***
AIRFLOW_CTX_DAG_ID=first_dag
AIRFLOW_CTX_TASK_ID=hello_task
AIRFLOW_CTX_EXECUTION_DATE=2022-12-11T14:02:00+00:00
AIRFLOW_CTX_TRY_NUMBER=1
AIRFLOW_CTX_DAG_RUN_ID=scheduled__2022-12-11T14:02:00+00:00
[2022-12-11 14:04:01,674] {subprocess.py:62} INFO - Tmp dir root location: 
 /tmp
[2022-12-11 14:04:01,676] {subprocess.py:74} INFO - Running command: ['bash', '-c', 'echo hello']
[2022-12-11 14:04:01,695] {subprocess.py:85} INFO - Output:
[2022-12-11 14:04:01,699] {subprocess.py:92} INFO - hello
[2022-12-11 14:04:01,705] {subprocess.py:96} INFO - Command exited with return code 0
[2022-12-11 14:04:01,764] {taskinstance.py:1400} INFO - Marking task as SUCCESS. dag_id=first_dag, task_id=hello_task, execution_date=20221211T140200, start_date=20221211T140401, end_date=20221211T140401
[2022-12-11 14:04:01,800] {local_task_job.py:156} INFO - Task exited with return code 0
[2022-12-11 14:04:01,895] {local_task_job.py:273} INFO - 1 downstream tasks scheduled from follow-on schedule check
