[2022-12-11 14:25:00,551] {taskinstance.py:1159} INFO - Dependencies all met for <TaskInstance: first_dag.hello_task scheduled__2022-12-11T14:24:00+00:00 [queued]>
[2022-12-11 14:25:00,567] {taskinstance.py:1159} INFO - Dependencies all met for <TaskInstance: first_dag.hello_task scheduled__2022-12-11T14:24:00+00:00 [queued]>
[2022-12-11 14:25:00,568] {taskinstance.py:1356} INFO - 
--------------------------------------------------------------------------------
[2022-12-11 14:25:00,569] {taskinstance.py:1357} INFO - Starting attempt 1 of 1
[2022-12-11 14:25:00,570] {taskinstance.py:1358} INFO - 
--------------------------------------------------------------------------------
[2022-12-11 14:25:00,591] {taskinstance.py:1377} INFO - Executing <Task(BashOperator): hello_task> on 2022-12-11 14:24:00+00:00
[2022-12-11 14:25:00,597] {standard_task_runner.py:52} INFO - Started process 674 to run task
[2022-12-11 14:25:00,606] {standard_task_runner.py:79} INFO - Running: ['***', 'tasks', 'run', 'first_dag', 'hello_task', 'scheduled__2022-12-11T14:24:00+00:00', '--job-id', '442', '--raw', '--subdir', 'DAGS_FOLDER/first-dag.py', '--cfg-path', '/tmp/tmpbx0l2ap8', '--error-file', '/tmp/tmpefdskbu4']
[2022-12-11 14:25:00,609] {standard_task_runner.py:80} INFO - Job 442: Subtask hello_task
[2022-12-11 14:25:00,753] {task_command.py:369} INFO - Running <TaskInstance: first_dag.hello_task scheduled__2022-12-11T14:24:00+00:00 [running]> on host 7e39590a7807
[2022-12-11 14:25:00,920] {taskinstance.py:1571} INFO - Exporting the following env vars:
AIRFLOW_CTX_DAG_OWNER=***
AIRFLOW_CTX_DAG_ID=first_dag
AIRFLOW_CTX_TASK_ID=hello_task
AIRFLOW_CTX_EXECUTION_DATE=2022-12-11T14:24:00+00:00
AIRFLOW_CTX_TRY_NUMBER=1
AIRFLOW_CTX_DAG_RUN_ID=scheduled__2022-12-11T14:24:00+00:00
[2022-12-11 14:25:00,933] {subprocess.py:62} INFO - Tmp dir root location: 
 /tmp
[2022-12-11 14:25:00,938] {subprocess.py:74} INFO - Running command: ['bash', '-c', 'echo hello']
[2022-12-11 14:25:00,971] {subprocess.py:85} INFO - Output:
[2022-12-11 14:25:00,987] {subprocess.py:92} INFO - hello
[2022-12-11 14:25:00,990] {subprocess.py:96} INFO - Command exited with return code 0
[2022-12-11 14:25:01,067] {taskinstance.py:1400} INFO - Marking task as SUCCESS. dag_id=first_dag, task_id=hello_task, execution_date=20221211T142400, start_date=20221211T142500, end_date=20221211T142501
[2022-12-11 14:25:01,100] {local_task_job.py:156} INFO - Task exited with return code 0
[2022-12-11 14:25:01,191] {local_task_job.py:273} INFO - 1 downstream tasks scheduled from follow-on schedule check
