[2022-12-11 20:29:45,224] {taskinstance.py:1159} INFO - Dependencies all met for <TaskInstance: first_dag.write_diff_task manual__2022-12-11T20:29:08.806608+00:00 [queued]>
[2022-12-11 20:29:45,299] {taskinstance.py:1159} INFO - Dependencies all met for <TaskInstance: first_dag.write_diff_task manual__2022-12-11T20:29:08.806608+00:00 [queued]>
[2022-12-11 20:29:45,311] {taskinstance.py:1356} INFO - 
--------------------------------------------------------------------------------
[2022-12-11 20:29:45,319] {taskinstance.py:1357} INFO - Starting attempt 1 of 1
[2022-12-11 20:29:45,325] {taskinstance.py:1358} INFO - 
--------------------------------------------------------------------------------
[2022-12-11 20:29:45,553] {taskinstance.py:1377} INFO - Executing <Task(PythonOperator): write_diff_task> on 2022-12-11 20:29:08.806608+00:00
[2022-12-11 20:29:45,574] {standard_task_runner.py:52} INFO - Started process 6029 to run task
[2022-12-11 20:29:45,627] {standard_task_runner.py:79} INFO - Running: ['***', 'tasks', 'run', 'first_dag', 'write_diff_task', 'manual__2022-12-11T20:29:08.806608+00:00', '--job-id', '1458', '--raw', '--subdir', 'DAGS_FOLDER/first-dag.py', '--cfg-path', '/tmp/tmp_oepb72x', '--error-file', '/tmp/tmpl27me2gw']
[2022-12-11 20:29:45,682] {standard_task_runner.py:80} INFO - Job 1458: Subtask write_diff_task
[2022-12-11 20:29:46,095] {task_command.py:369} INFO - Running <TaskInstance: first_dag.write_diff_task manual__2022-12-11T20:29:08.806608+00:00 [running]> on host 7e39590a7807
[2022-12-11 20:29:46,522] {taskinstance.py:1571} INFO - Exporting the following env vars:
AIRFLOW_CTX_DAG_OWNER=***
AIRFLOW_CTX_DAG_ID=first_dag
AIRFLOW_CTX_TASK_ID=write_diff_task
AIRFLOW_CTX_EXECUTION_DATE=2022-12-11T20:29:08.806608+00:00
AIRFLOW_CTX_TRY_NUMBER=1
AIRFLOW_CTX_DAG_RUN_ID=manual__2022-12-11T20:29:08.806608+00:00
[2022-12-11 20:29:46,576] {python.py:173} INFO - Done. Returned value was: None
[2022-12-11 20:29:46,606] {taskinstance.py:1400} INFO - Marking task as SUCCESS. dag_id=first_dag, task_id=write_diff_task, execution_date=20221211T202908, start_date=20221211T202945, end_date=20221211T202946
[2022-12-11 20:29:46,736] {local_task_job.py:156} INFO - Task exited with return code 0
[2022-12-11 20:29:47,019] {local_task_job.py:273} INFO - 1 downstream tasks scheduled from follow-on schedule check
