[2022-12-11 20:29:19,057] {taskinstance.py:1159} INFO - Dependencies all met for <TaskInstance: first_dag.sum_column_task manual__2022-12-11T20:29:04.151533+00:00 [queued]>
[2022-12-11 20:29:19,128] {taskinstance.py:1159} INFO - Dependencies all met for <TaskInstance: first_dag.sum_column_task manual__2022-12-11T20:29:04.151533+00:00 [queued]>
[2022-12-11 20:29:19,132] {taskinstance.py:1356} INFO - 
--------------------------------------------------------------------------------
[2022-12-11 20:29:19,134] {taskinstance.py:1357} INFO - Starting attempt 1 of 1
[2022-12-11 20:29:19,135] {taskinstance.py:1358} INFO - 
--------------------------------------------------------------------------------
[2022-12-11 20:29:19,194] {taskinstance.py:1377} INFO - Executing <Task(PythonOperator): sum_column_task> on 2022-12-11 20:29:04.151533+00:00
[2022-12-11 20:29:19,211] {standard_task_runner.py:52} INFO - Started process 5995 to run task
[2022-12-11 20:29:19,243] {standard_task_runner.py:79} INFO - Running: ['***', 'tasks', 'run', 'first_dag', 'sum_column_task', 'manual__2022-12-11T20:29:04.151533+00:00', '--job-id', '1442', '--raw', '--subdir', 'DAGS_FOLDER/first-dag.py', '--cfg-path', '/tmp/tmp4sk6zniz', '--error-file', '/tmp/tmpniy55qle']
[2022-12-11 20:29:19,258] {standard_task_runner.py:80} INFO - Job 1442: Subtask sum_column_task
[2022-12-11 20:29:19,585] {task_command.py:369} INFO - Running <TaskInstance: first_dag.sum_column_task manual__2022-12-11T20:29:04.151533+00:00 [running]> on host 7e39590a7807
[2022-12-11 20:29:28,252] {taskinstance.py:1571} INFO - Exporting the following env vars:
AIRFLOW_CTX_DAG_OWNER=***
AIRFLOW_CTX_DAG_ID=first_dag
AIRFLOW_CTX_TASK_ID=sum_column_task
AIRFLOW_CTX_EXECUTION_DATE=2022-12-11T20:29:04.151533+00:00
AIRFLOW_CTX_TRY_NUMBER=1
AIRFLOW_CTX_DAG_RUN_ID=manual__2022-12-11T20:29:04.151533+00:00
[2022-12-11 20:29:28,495] {logging_mixin.py:115} INFO - Different sum column is 3
[2022-12-11 20:29:28,499] {python.py:173} INFO - Done. Returned value was: 3
[2022-12-11 20:29:29,046] {taskinstance.py:1400} INFO - Marking task as SUCCESS. dag_id=first_dag, task_id=sum_column_task, execution_date=20221211T202904, start_date=20221211T202919, end_date=20221211T202929
[2022-12-11 20:29:29,365] {local_task_job.py:156} INFO - Task exited with return code 0
[2022-12-11 20:29:29,718] {local_task_job.py:273} INFO - 1 downstream tasks scheduled from follow-on schedule check
