[2022-12-12 05:13:36,848] {taskinstance.py:1159} INFO - Dependencies all met for <TaskInstance: first_dag.hello_task manual__2022-12-12T05:13:33.076186+00:00 [queued]>
[2022-12-12 05:13:36,892] {taskinstance.py:1159} INFO - Dependencies all met for <TaskInstance: first_dag.hello_task manual__2022-12-12T05:13:33.076186+00:00 [queued]>
[2022-12-12 05:13:36,894] {taskinstance.py:1356} INFO - 
--------------------------------------------------------------------------------
[2022-12-12 05:13:36,895] {taskinstance.py:1357} INFO - Starting attempt 1 of 1
[2022-12-12 05:13:36,896] {taskinstance.py:1358} INFO - 
--------------------------------------------------------------------------------
[2022-12-12 05:13:36,941] {taskinstance.py:1377} INFO - Executing <Task(BashOperator): hello_task> on 2022-12-12 05:13:33.076186+00:00
[2022-12-12 05:13:36,953] {standard_task_runner.py:52} INFO - Started process 7489 to run task
[2022-12-12 05:13:36,959] {standard_task_runner.py:79} INFO - Running: ['***', 'tasks', 'run', 'first_dag', 'hello_task', 'manual__2022-12-12T05:13:33.076186+00:00', '--job-id', '1570', '--raw', '--subdir', 'DAGS_FOLDER/first-dag.py', '--cfg-path', '/tmp/tmpo9jllumw', '--error-file', '/tmp/tmpeisj26u1']
[2022-12-12 05:13:36,964] {standard_task_runner.py:80} INFO - Job 1570: Subtask hello_task
[2022-12-12 05:13:37,093] {task_command.py:369} INFO - Running <TaskInstance: first_dag.hello_task manual__2022-12-12T05:13:33.076186+00:00 [running]> on host 7e39590a7807
[2022-12-12 05:13:37,514] {taskinstance.py:1571} INFO - Exporting the following env vars:
AIRFLOW_CTX_DAG_OWNER=***
AIRFLOW_CTX_DAG_ID=first_dag
AIRFLOW_CTX_TASK_ID=hello_task
AIRFLOW_CTX_EXECUTION_DATE=2022-12-12T05:13:33.076186+00:00
AIRFLOW_CTX_TRY_NUMBER=1
AIRFLOW_CTX_DAG_RUN_ID=manual__2022-12-12T05:13:33.076186+00:00
[2022-12-12 05:13:37,522] {subprocess.py:62} INFO - Tmp dir root location: 
 /tmp
[2022-12-12 05:13:37,526] {subprocess.py:74} INFO - Running command: ['bash', '-c', 'echo hello']
[2022-12-12 05:13:37,577] {subprocess.py:85} INFO - Output:
[2022-12-12 05:13:37,627] {subprocess.py:92} INFO - hello
[2022-12-12 05:13:37,631] {subprocess.py:96} INFO - Command exited with return code 0
[2022-12-12 05:13:37,749] {taskinstance.py:1400} INFO - Marking task as SUCCESS. dag_id=first_dag, task_id=hello_task, execution_date=20221212T051333, start_date=20221212T051336, end_date=20221212T051337
[2022-12-12 05:13:37,902] {local_task_job.py:156} INFO - Task exited with return code 0
[2022-12-12 05:13:38,335] {local_task_job.py:273} INFO - 0 downstream tasks scheduled from follow-on schedule check
