[2022-12-04 18:30:09,300] {taskinstance.py:1159} INFO - Dependencies all met for <TaskInstance: first_dag.generate_two_int_task manual__2022-12-04T18:30:05.053936+00:00 [queued]>
[2022-12-04 18:30:09,340] {taskinstance.py:1159} INFO - Dependencies all met for <TaskInstance: first_dag.generate_two_int_task manual__2022-12-04T18:30:05.053936+00:00 [queued]>
[2022-12-04 18:30:09,341] {taskinstance.py:1356} INFO - 
--------------------------------------------------------------------------------
[2022-12-04 18:30:09,342] {taskinstance.py:1357} INFO - Starting attempt 1 of 1
[2022-12-04 18:30:09,343] {taskinstance.py:1358} INFO - 
--------------------------------------------------------------------------------
[2022-12-04 18:30:09,392] {taskinstance.py:1377} INFO - Executing <Task(PythonOperator): generate_two_int_task> on 2022-12-04 18:30:05.053936+00:00
[2022-12-04 18:30:09,407] {standard_task_runner.py:52} INFO - Started process 1857 to run task
[2022-12-04 18:30:09,412] {standard_task_runner.py:79} INFO - Running: ['***', 'tasks', 'run', 'first_dag', 'generate_two_int_task', 'manual__2022-12-04T18:30:05.053936+00:00', '--job-id', '203', '--raw', '--subdir', 'DAGS_FOLDER/first-dag.py', '--cfg-path', '/tmp/tmpfxw1i58x', '--error-file', '/tmp/tmpwchwdo9f']
[2022-12-04 18:30:09,416] {standard_task_runner.py:80} INFO - Job 203: Subtask generate_two_int_task
[2022-12-04 18:30:09,604] {task_command.py:369} INFO - Running <TaskInstance: first_dag.generate_two_int_task manual__2022-12-04T18:30:05.053936+00:00 [running]> on host fb90b48d1471
[2022-12-04 18:30:09,720] {taskinstance.py:1571} INFO - Exporting the following env vars:
AIRFLOW_CTX_DAG_OWNER=***
AIRFLOW_CTX_DAG_ID=first_dag
AIRFLOW_CTX_TASK_ID=generate_two_int_task
AIRFLOW_CTX_EXECUTION_DATE=2022-12-04T18:30:05.053936+00:00
AIRFLOW_CTX_TRY_NUMBER=1
AIRFLOW_CTX_DAG_RUN_ID=manual__2022-12-04T18:30:05.053936+00:00
[2022-12-04 18:30:09,746] {python.py:173} INFO - Done. Returned value was: None
[2022-12-04 18:30:09,771] {taskinstance.py:1400} INFO - Marking task as SUCCESS. dag_id=first_dag, task_id=generate_two_int_task, execution_date=20221204T183005, start_date=20221204T183009, end_date=20221204T183009
[2022-12-04 18:30:09,806] {local_task_job.py:156} INFO - Task exited with return code 0
[2022-12-04 18:30:09,891] {local_task_job.py:273} INFO - 0 downstream tasks scheduled from follow-on schedule check
