[2022-12-04 16:41:14,136] {taskinstance.py:1159} INFO - Dependencies all met for <TaskInstance: first_dag.world scheduled__2021-01-01T14:10:00+00:00 [queued]>
[2022-12-04 16:41:14,338] {taskinstance.py:1159} INFO - Dependencies all met for <TaskInstance: first_dag.world scheduled__2021-01-01T14:10:00+00:00 [queued]>
[2022-12-04 16:41:14,341] {taskinstance.py:1356} INFO - 
--------------------------------------------------------------------------------
[2022-12-04 16:41:14,343] {taskinstance.py:1357} INFO - Starting attempt 1 of 1
[2022-12-04 16:41:14,345] {taskinstance.py:1358} INFO - 
--------------------------------------------------------------------------------
[2022-12-04 16:41:14,571] {taskinstance.py:1377} INFO - Executing <Task(PythonOperator): world> on 2021-01-01 14:10:00+00:00
[2022-12-04 16:41:14,613] {standard_task_runner.py:52} INFO - Started process 730 to run task
[2022-12-04 16:41:14,633] {standard_task_runner.py:79} INFO - Running: ['***', 'tasks', 'run', 'first_dag', 'world', 'scheduled__2021-01-01T14:10:00+00:00', '--job-id', '91', '--raw', '--subdir', 'DAGS_FOLDER/first-dag.py', '--cfg-path', '/tmp/tmpm5tepaup', '--error-file', '/tmp/tmp5venilii']
[2022-12-04 16:41:14,644] {standard_task_runner.py:80} INFO - Job 91: Subtask world
[2022-12-04 16:41:15,159] {task_command.py:369} INFO - Running <TaskInstance: first_dag.world scheduled__2021-01-01T14:10:00+00:00 [running]> on host fb90b48d1471
[2022-12-04 16:41:16,264] {taskinstance.py:1571} INFO - Exporting the following env vars:
AIRFLOW_CTX_DAG_OWNER=***
AIRFLOW_CTX_DAG_ID=first_dag
AIRFLOW_CTX_TASK_ID=world
AIRFLOW_CTX_EXECUTION_DATE=2021-01-01T14:10:00+00:00
AIRFLOW_CTX_TRY_NUMBER=1
AIRFLOW_CTX_DAG_RUN_ID=scheduled__2021-01-01T14:10:00+00:00
[2022-12-04 16:41:16,278] {logging_mixin.py:115} INFO - Airflow
[2022-12-04 16:41:16,281] {python.py:173} INFO - Done. Returned value was: None
[2022-12-04 16:41:16,346] {taskinstance.py:1400} INFO - Marking task as SUCCESS. dag_id=first_dag, task_id=world, execution_date=20210101T141000, start_date=20221204T164114, end_date=20221204T164116
[2022-12-04 16:41:16,466] {local_task_job.py:156} INFO - Task exited with return code 0
[2022-12-04 16:41:17,020] {local_task_job.py:273} INFO - 0 downstream tasks scheduled from follow-on schedule check
