[2022-12-04 16:41:03,904] {taskinstance.py:1159} INFO - Dependencies all met for <TaskInstance: first_dag.world scheduled__2021-01-01T10:10:00+00:00 [queued]>
[2022-12-04 16:41:03,965] {taskinstance.py:1159} INFO - Dependencies all met for <TaskInstance: first_dag.world scheduled__2021-01-01T10:10:00+00:00 [queued]>
[2022-12-04 16:41:03,966] {taskinstance.py:1356} INFO - 
--------------------------------------------------------------------------------
[2022-12-04 16:41:03,967] {taskinstance.py:1357} INFO - Starting attempt 1 of 1
[2022-12-04 16:41:03,969] {taskinstance.py:1358} INFO - 
--------------------------------------------------------------------------------
[2022-12-04 16:41:04,071] {taskinstance.py:1377} INFO - Executing <Task(PythonOperator): world> on 2021-01-01 10:10:00+00:00
[2022-12-04 16:41:04,095] {standard_task_runner.py:52} INFO - Started process 698 to run task
[2022-12-04 16:41:04,162] {standard_task_runner.py:79} INFO - Running: ['***', 'tasks', 'run', 'first_dag', 'world', 'scheduled__2021-01-01T10:10:00+00:00', '--job-id', '80', '--raw', '--subdir', 'DAGS_FOLDER/first-dag.py', '--cfg-path', '/tmp/tmp6me6yo84', '--error-file', '/tmp/tmpj4lmtnrl']
[2022-12-04 16:41:04,173] {standard_task_runner.py:80} INFO - Job 80: Subtask world
[2022-12-04 16:41:04,591] {task_command.py:369} INFO - Running <TaskInstance: first_dag.world scheduled__2021-01-01T10:10:00+00:00 [running]> on host fb90b48d1471
[2022-12-04 16:41:04,931] {taskinstance.py:1571} INFO - Exporting the following env vars:
AIRFLOW_CTX_DAG_OWNER=***
AIRFLOW_CTX_DAG_ID=first_dag
AIRFLOW_CTX_TASK_ID=world
AIRFLOW_CTX_EXECUTION_DATE=2021-01-01T10:10:00+00:00
AIRFLOW_CTX_TRY_NUMBER=1
AIRFLOW_CTX_DAG_RUN_ID=scheduled__2021-01-01T10:10:00+00:00
[2022-12-04 16:41:04,934] {logging_mixin.py:115} INFO - Airflow
[2022-12-04 16:41:04,935] {python.py:173} INFO - Done. Returned value was: None
[2022-12-04 16:41:05,006] {taskinstance.py:1400} INFO - Marking task as SUCCESS. dag_id=first_dag, task_id=world, execution_date=20210101T101000, start_date=20221204T164103, end_date=20221204T164105
[2022-12-04 16:41:05,109] {local_task_job.py:156} INFO - Task exited with return code 0
[2022-12-04 16:41:05,282] {local_task_job.py:273} INFO - 0 downstream tasks scheduled from follow-on schedule check
