[2022-12-11 15:07:04,284] {taskinstance.py:1159} INFO - Dependencies all met for <TaskInstance: first_dag.sum_column_task scheduled__2022-12-11T15:06:00+00:00 [queued]>
[2022-12-11 15:07:04,304] {taskinstance.py:1159} INFO - Dependencies all met for <TaskInstance: first_dag.sum_column_task scheduled__2022-12-11T15:06:00+00:00 [queued]>
[2022-12-11 15:07:04,305] {taskinstance.py:1356} INFO - 
--------------------------------------------------------------------------------
[2022-12-11 15:07:04,307] {taskinstance.py:1357} INFO - Starting attempt 1 of 1
[2022-12-11 15:07:04,308] {taskinstance.py:1358} INFO - 
--------------------------------------------------------------------------------
[2022-12-11 15:07:04,327] {taskinstance.py:1377} INFO - Executing <Task(PythonOperator): sum_column_task> on 2022-12-11 15:06:00+00:00
[2022-12-11 15:07:04,332] {standard_task_runner.py:52} INFO - Started process 1877 to run task
[2022-12-11 15:07:04,341] {standard_task_runner.py:79} INFO - Running: ['***', 'tasks', 'run', 'first_dag', 'sum_column_task', 'scheduled__2022-12-11T15:06:00+00:00', '--job-id', '711', '--raw', '--subdir', 'DAGS_FOLDER/first-dag.py', '--cfg-path', '/tmp/tmpnpju3w8f', '--error-file', '/tmp/tmpmi4_0pu2']
[2022-12-11 15:07:04,343] {standard_task_runner.py:80} INFO - Job 711: Subtask sum_column_task
[2022-12-11 15:07:04,432] {task_command.py:369} INFO - Running <TaskInstance: first_dag.sum_column_task scheduled__2022-12-11T15:06:00+00:00 [running]> on host 7e39590a7807
[2022-12-11 15:07:04,528] {taskinstance.py:1571} INFO - Exporting the following env vars:
AIRFLOW_CTX_DAG_OWNER=***
AIRFLOW_CTX_DAG_ID=first_dag
AIRFLOW_CTX_TASK_ID=sum_column_task
AIRFLOW_CTX_EXECUTION_DATE=2022-12-11T15:06:00+00:00
AIRFLOW_CTX_TRY_NUMBER=1
AIRFLOW_CTX_DAG_RUN_ID=scheduled__2022-12-11T15:06:00+00:00
[2022-12-11 15:07:04,549] {logging_mixin.py:115} INFO - Different sum column is 6
[2022-12-11 15:07:04,551] {python.py:173} INFO - Done. Returned value was: 6
[2022-12-11 15:07:04,590] {taskinstance.py:1400} INFO - Marking task as SUCCESS. dag_id=first_dag, task_id=sum_column_task, execution_date=20221211T150600, start_date=20221211T150704, end_date=20221211T150704
[2022-12-11 15:07:04,640] {local_task_job.py:156} INFO - Task exited with return code 0
[2022-12-11 15:07:04,707] {local_task_job.py:273} INFO - 0 downstream tasks scheduled from follow-on schedule check
