[2022-12-11 15:13:01,815] {taskinstance.py:1159} INFO - Dependencies all met for <TaskInstance: first_dag.world scheduled__2022-12-11T15:12:00+00:00 [queued]>
[2022-12-11 15:13:01,830] {taskinstance.py:1159} INFO - Dependencies all met for <TaskInstance: first_dag.world scheduled__2022-12-11T15:12:00+00:00 [queued]>
[2022-12-11 15:13:01,831] {taskinstance.py:1356} INFO - 
--------------------------------------------------------------------------------
[2022-12-11 15:13:01,832] {taskinstance.py:1357} INFO - Starting attempt 1 of 1
[2022-12-11 15:13:01,833] {taskinstance.py:1358} INFO - 
--------------------------------------------------------------------------------
[2022-12-11 15:13:01,856] {taskinstance.py:1377} INFO - Executing <Task(PythonOperator): world> on 2022-12-11 15:12:00+00:00
[2022-12-11 15:13:01,862] {standard_task_runner.py:52} INFO - Started process 2152 to run task
[2022-12-11 15:13:01,871] {standard_task_runner.py:79} INFO - Running: ['***', 'tasks', 'run', 'first_dag', 'world', 'scheduled__2022-12-11T15:12:00+00:00', '--job-id', '783', '--raw', '--subdir', 'DAGS_FOLDER/first-dag.py', '--cfg-path', '/tmp/tmp6rdydzk0', '--error-file', '/tmp/tmpb6olzeb4']
[2022-12-11 15:13:01,873] {standard_task_runner.py:80} INFO - Job 783: Subtask world
[2022-12-11 15:13:01,961] {task_command.py:369} INFO - Running <TaskInstance: first_dag.world scheduled__2022-12-11T15:12:00+00:00 [running]> on host 7e39590a7807
[2022-12-11 15:13:02,072] {taskinstance.py:1571} INFO - Exporting the following env vars:
AIRFLOW_CTX_DAG_OWNER=***
AIRFLOW_CTX_DAG_ID=first_dag
AIRFLOW_CTX_TASK_ID=world
AIRFLOW_CTX_EXECUTION_DATE=2022-12-11T15:12:00+00:00
AIRFLOW_CTX_TRY_NUMBER=1
AIRFLOW_CTX_DAG_RUN_ID=scheduled__2022-12-11T15:12:00+00:00
[2022-12-11 15:13:02,074] {logging_mixin.py:115} INFO - Airflow
[2022-12-11 15:13:02,075] {python.py:173} INFO - Done. Returned value was: None
[2022-12-11 15:13:02,096] {taskinstance.py:1400} INFO - Marking task as SUCCESS. dag_id=first_dag, task_id=world, execution_date=20221211T151200, start_date=20221211T151301, end_date=20221211T151302
[2022-12-11 15:13:02,122] {local_task_job.py:156} INFO - Task exited with return code 0
[2022-12-11 15:13:02,184] {local_task_job.py:273} INFO - 1 downstream tasks scheduled from follow-on schedule check
