[2022-12-11 15:04:30,044] {taskinstance.py:1159} INFO - Dependencies all met for <TaskInstance: first_dag.hello_task manual__2022-12-11T15:04:29.342615+00:00 [queued]>
[2022-12-11 15:04:30,056] {taskinstance.py:1159} INFO - Dependencies all met for <TaskInstance: first_dag.hello_task manual__2022-12-11T15:04:29.342615+00:00 [queued]>
[2022-12-11 15:04:30,057] {taskinstance.py:1356} INFO - 
--------------------------------------------------------------------------------
[2022-12-11 15:04:30,058] {taskinstance.py:1357} INFO - Starting attempt 1 of 1
[2022-12-11 15:04:30,059] {taskinstance.py:1358} INFO - 
--------------------------------------------------------------------------------
[2022-12-11 15:04:30,079] {taskinstance.py:1377} INFO - Executing <Task(BashOperator): hello_task> on 2022-12-11 15:04:29.342615+00:00
[2022-12-11 15:04:30,084] {standard_task_runner.py:52} INFO - Started process 1792 to run task
[2022-12-11 15:04:30,089] {standard_task_runner.py:79} INFO - Running: ['***', 'tasks', 'run', 'first_dag', 'hello_task', 'manual__2022-12-11T15:04:29.342615+00:00', '--job-id', '688', '--raw', '--subdir', 'DAGS_FOLDER/first-dag.py', '--cfg-path', '/tmp/tmpltrionq0', '--error-file', '/tmp/tmpblo2twh4']
[2022-12-11 15:04:30,092] {standard_task_runner.py:80} INFO - Job 688: Subtask hello_task
[2022-12-11 15:04:30,175] {task_command.py:369} INFO - Running <TaskInstance: first_dag.hello_task manual__2022-12-11T15:04:29.342615+00:00 [running]> on host 7e39590a7807
[2022-12-11 15:04:30,275] {taskinstance.py:1571} INFO - Exporting the following env vars:
AIRFLOW_CTX_DAG_OWNER=***
AIRFLOW_CTX_DAG_ID=first_dag
AIRFLOW_CTX_TASK_ID=hello_task
AIRFLOW_CTX_EXECUTION_DATE=2022-12-11T15:04:29.342615+00:00
AIRFLOW_CTX_TRY_NUMBER=1
AIRFLOW_CTX_DAG_RUN_ID=manual__2022-12-11T15:04:29.342615+00:00
[2022-12-11 15:04:30,279] {subprocess.py:62} INFO - Tmp dir root location: 
 /tmp
[2022-12-11 15:04:30,282] {subprocess.py:74} INFO - Running command: ['bash', '-c', 'echo hello']
[2022-12-11 15:04:30,297] {subprocess.py:85} INFO - Output:
[2022-12-11 15:04:30,300] {subprocess.py:92} INFO - hello
[2022-12-11 15:04:30,301] {subprocess.py:96} INFO - Command exited with return code 0
[2022-12-11 15:04:30,347] {taskinstance.py:1400} INFO - Marking task as SUCCESS. dag_id=first_dag, task_id=hello_task, execution_date=20221211T150429, start_date=20221211T150430, end_date=20221211T150430
[2022-12-11 15:04:30,391] {local_task_job.py:156} INFO - Task exited with return code 0
[2022-12-11 15:04:30,456] {local_task_job.py:273} INFO - 1 downstream tasks scheduled from follow-on schedule check
