[2022-12-11 18:19:54,849] {taskinstance.py:1159} INFO - Dependencies all met for <TaskInstance: first_dag.hello_task2 manual__2022-12-11T18:16:30.357931+00:00 [queued]>
[2022-12-11 18:19:54,954] {taskinstance.py:1159} INFO - Dependencies all met for <TaskInstance: first_dag.hello_task2 manual__2022-12-11T18:16:30.357931+00:00 [queued]>
[2022-12-11 18:19:54,956] {taskinstance.py:1356} INFO - 
--------------------------------------------------------------------------------
[2022-12-11 18:19:54,959] {taskinstance.py:1357} INFO - Starting attempt 1 of 1
[2022-12-11 18:19:54,966] {taskinstance.py:1358} INFO - 
--------------------------------------------------------------------------------
[2022-12-11 18:19:55,114] {taskinstance.py:1377} INFO - Executing <Task(BashOperator): hello_task2> on 2022-12-11 18:16:30.357931+00:00
[2022-12-11 18:19:55,134] {standard_task_runner.py:52} INFO - Started process 4370 to run task
[2022-12-11 18:19:55,241] {standard_task_runner.py:79} INFO - Running: ['***', 'tasks', 'run', 'first_dag', 'hello_task2', 'manual__2022-12-11T18:16:30.357931+00:00', '--job-id', '1192', '--raw', '--subdir', 'DAGS_FOLDER/first-dag.py', '--cfg-path', '/tmp/tmp5zgk1k4x', '--error-file', '/tmp/tmpybks66ee']
[2022-12-11 18:19:55,277] {standard_task_runner.py:80} INFO - Job 1192: Subtask hello_task2
[2022-12-11 18:19:55,674] {task_command.py:369} INFO - Running <TaskInstance: first_dag.hello_task2 manual__2022-12-11T18:16:30.357931+00:00 [running]> on host 7e39590a7807
[2022-12-11 18:19:57,696] {taskinstance.py:1571} INFO - Exporting the following env vars:
AIRFLOW_CTX_DAG_OWNER=***
AIRFLOW_CTX_DAG_ID=first_dag
AIRFLOW_CTX_TASK_ID=hello_task2
AIRFLOW_CTX_EXECUTION_DATE=2022-12-11T18:16:30.357931+00:00
AIRFLOW_CTX_TRY_NUMBER=1
AIRFLOW_CTX_DAG_RUN_ID=manual__2022-12-11T18:16:30.357931+00:00
[2022-12-11 18:19:57,727] {subprocess.py:62} INFO - Tmp dir root location: 
 /tmp
[2022-12-11 18:19:57,757] {subprocess.py:74} INFO - Running command: ['bash', '-c', 'echo hello']
[2022-12-11 18:19:58,164] {subprocess.py:85} INFO - Output:
[2022-12-11 18:19:58,382] {subprocess.py:92} INFO - hello
[2022-12-11 18:19:58,388] {subprocess.py:96} INFO - Command exited with return code 0
[2022-12-11 18:19:58,636] {taskinstance.py:1400} INFO - Marking task as SUCCESS. dag_id=first_dag, task_id=hello_task2, execution_date=20221211T181630, start_date=20221211T181954, end_date=20221211T181958
[2022-12-11 18:19:58,883] {local_task_job.py:156} INFO - Task exited with return code 0
[2022-12-11 18:19:59,057] {local_task_job.py:273} INFO - 0 downstream tasks scheduled from follow-on schedule check
