[2022-12-04 18:34:07,733] {taskinstance.py:1159} INFO - Dependencies all met for <TaskInstance: first_dag.world manual__2022-12-04T18:34:05.760195+00:00 [queued]>
[2022-12-04 18:34:07,751] {taskinstance.py:1159} INFO - Dependencies all met for <TaskInstance: first_dag.world manual__2022-12-04T18:34:05.760195+00:00 [queued]>
[2022-12-04 18:34:07,752] {taskinstance.py:1356} INFO - 
--------------------------------------------------------------------------------
[2022-12-04 18:34:07,754] {taskinstance.py:1357} INFO - Starting attempt 1 of 1
[2022-12-04 18:34:07,754] {taskinstance.py:1358} INFO - 
--------------------------------------------------------------------------------
[2022-12-04 18:34:07,777] {taskinstance.py:1377} INFO - Executing <Task(PythonOperator): world> on 2022-12-04 18:34:05.760195+00:00
[2022-12-04 18:34:07,781] {standard_task_runner.py:52} INFO - Started process 1962 to run task
[2022-12-04 18:34:07,786] {standard_task_runner.py:79} INFO - Running: ['***', 'tasks', 'run', 'first_dag', 'world', 'manual__2022-12-04T18:34:05.760195+00:00', '--job-id', '214', '--raw', '--subdir', 'DAGS_FOLDER/first-dag.py', '--cfg-path', '/tmp/tmpoidklq3u', '--error-file', '/tmp/tmpfp4ttj4u']
[2022-12-04 18:34:07,789] {standard_task_runner.py:80} INFO - Job 214: Subtask world
[2022-12-04 18:34:07,877] {task_command.py:369} INFO - Running <TaskInstance: first_dag.world manual__2022-12-04T18:34:05.760195+00:00 [running]> on host fb90b48d1471
[2022-12-04 18:34:07,999] {taskinstance.py:1571} INFO - Exporting the following env vars:
AIRFLOW_CTX_DAG_OWNER=***
AIRFLOW_CTX_DAG_ID=first_dag
AIRFLOW_CTX_TASK_ID=world
AIRFLOW_CTX_EXECUTION_DATE=2022-12-04T18:34:05.760195+00:00
AIRFLOW_CTX_TRY_NUMBER=1
AIRFLOW_CTX_DAG_RUN_ID=manual__2022-12-04T18:34:05.760195+00:00
[2022-12-04 18:34:08,003] {logging_mixin.py:115} INFO - Airflow
[2022-12-04 18:34:08,004] {python.py:173} INFO - Done. Returned value was: None
[2022-12-04 18:34:08,000] {taskinstance.py:1400} INFO - Marking task as SUCCESS. dag_id=first_dag, task_id=world, execution_date=20221204T183405, start_date=20221204T183407, end_date=20221204T183407
[2022-12-04 18:34:08,051] {local_task_job.py:156} INFO - Task exited with return code 0
[2022-12-04 18:34:08,114] {local_task_job.py:273} INFO - 1 downstream tasks scheduled from follow-on schedule check
