[2022-12-11 21:17:01,452] {taskinstance.py:1159} INFO - Dependencies all met for <TaskInstance: first_dag.hello_task scheduled__2022-12-11T21:15:00+00:00 [queued]>
[2022-12-11 21:17:01,535] {taskinstance.py:1159} INFO - Dependencies all met for <TaskInstance: first_dag.hello_task scheduled__2022-12-11T21:15:00+00:00 [queued]>
[2022-12-11 21:17:01,537] {taskinstance.py:1356} INFO - 
--------------------------------------------------------------------------------
[2022-12-11 21:17:01,539] {taskinstance.py:1357} INFO - Starting attempt 1 of 1
[2022-12-11 21:17:01,541] {taskinstance.py:1358} INFO - 
--------------------------------------------------------------------------------
[2022-12-11 21:17:01,641] {taskinstance.py:1377} INFO - Executing <Task(BashOperator): hello_task> on 2022-12-11 21:15:00+00:00
[2022-12-11 21:17:01,660] {standard_task_runner.py:52} INFO - Started process 6571 to run task
[2022-12-11 21:17:01,694] {standard_task_runner.py:79} INFO - Running: ['***', 'tasks', 'run', 'first_dag', 'hello_task', 'scheduled__2022-12-11T21:15:00+00:00', '--job-id', '1526', '--raw', '--subdir', 'DAGS_FOLDER/first-dag.py', '--cfg-path', '/tmp/tmpr0z914ni', '--error-file', '/tmp/tmpx0jutf0w']
[2022-12-11 21:17:01,697] {standard_task_runner.py:80} INFO - Job 1526: Subtask hello_task
[2022-12-11 21:17:01,910] {task_command.py:369} INFO - Running <TaskInstance: first_dag.hello_task scheduled__2022-12-11T21:15:00+00:00 [running]> on host 7e39590a7807
[2022-12-11 21:17:10,855] {taskinstance.py:1571} INFO - Exporting the following env vars:
AIRFLOW_CTX_DAG_OWNER=***
AIRFLOW_CTX_DAG_ID=first_dag
AIRFLOW_CTX_TASK_ID=hello_task
AIRFLOW_CTX_EXECUTION_DATE=2022-12-11T21:15:00+00:00
AIRFLOW_CTX_TRY_NUMBER=1
AIRFLOW_CTX_DAG_RUN_ID=scheduled__2022-12-11T21:15:00+00:00
[2022-12-11 21:17:10,906] {subprocess.py:62} INFO - Tmp dir root location: 
 /tmp
[2022-12-11 21:17:11,240] {subprocess.py:74} INFO - Running command: ['bash', '-c', 'echo hello']
[2022-12-11 21:17:13,251] {subprocess.py:85} INFO - Output:
[2022-12-11 21:17:13,711] {subprocess.py:92} INFO - hello
[2022-12-11 21:17:13,847] {subprocess.py:96} INFO - Command exited with return code 0
[2022-12-11 21:17:22,444] {taskinstance.py:1400} INFO - Marking task as SUCCESS. dag_id=first_dag, task_id=hello_task, execution_date=20221211T211500, start_date=20221211T211701, end_date=20221211T211722
[2022-12-11 21:17:22,812] {local_task_job.py:156} INFO - Task exited with return code 0
[2022-12-11 21:17:23,688] {local_task_job.py:273} INFO - 0 downstream tasks scheduled from follow-on schedule check
