[2022-12-11 14:48:51,264] {taskinstance.py:1159} INFO - Dependencies all met for <TaskInstance: first_dag.world manual__2022-12-11T14:48:48.872180+00:00 [queued]>
[2022-12-11 14:48:51,277] {taskinstance.py:1159} INFO - Dependencies all met for <TaskInstance: first_dag.world manual__2022-12-11T14:48:48.872180+00:00 [queued]>
[2022-12-11 14:48:51,278] {taskinstance.py:1356} INFO - 
--------------------------------------------------------------------------------
[2022-12-11 14:48:51,279] {taskinstance.py:1357} INFO - Starting attempt 1 of 1
[2022-12-11 14:48:51,280] {taskinstance.py:1358} INFO - 
--------------------------------------------------------------------------------
[2022-12-11 14:48:51,302] {taskinstance.py:1377} INFO - Executing <Task(PythonOperator): world> on 2022-12-11 14:48:48.872180+00:00
[2022-12-11 14:48:51,308] {standard_task_runner.py:52} INFO - Started process 1438 to run task
[2022-12-11 14:48:51,313] {standard_task_runner.py:79} INFO - Running: ['***', 'tasks', 'run', 'first_dag', 'world', 'manual__2022-12-11T14:48:48.872180+00:00', '--job-id', '628', '--raw', '--subdir', 'DAGS_FOLDER/first-dag.py', '--cfg-path', '/tmp/tmpg_er0bu7', '--error-file', '/tmp/tmpn88t7bf6']
[2022-12-11 14:48:51,316] {standard_task_runner.py:80} INFO - Job 628: Subtask world
[2022-12-11 14:48:51,404] {task_command.py:369} INFO - Running <TaskInstance: first_dag.world manual__2022-12-11T14:48:48.872180+00:00 [running]> on host 7e39590a7807
[2022-12-11 14:48:51,514] {taskinstance.py:1571} INFO - Exporting the following env vars:
AIRFLOW_CTX_DAG_OWNER=***
AIRFLOW_CTX_DAG_ID=first_dag
AIRFLOW_CTX_TASK_ID=world
AIRFLOW_CTX_EXECUTION_DATE=2022-12-11T14:48:48.872180+00:00
AIRFLOW_CTX_TRY_NUMBER=1
AIRFLOW_CTX_DAG_RUN_ID=manual__2022-12-11T14:48:48.872180+00:00
[2022-12-11 14:48:51,516] {logging_mixin.py:115} INFO - Airflow
[2022-12-11 14:48:51,517] {python.py:173} INFO - Done. Returned value was: None
[2022-12-11 14:48:51,535] {taskinstance.py:1400} INFO - Marking task as SUCCESS. dag_id=first_dag, task_id=world, execution_date=20221211T144848, start_date=20221211T144851, end_date=20221211T144851
[2022-12-11 14:48:51,570] {local_task_job.py:156} INFO - Task exited with return code 0
[2022-12-11 14:48:51,637] {local_task_job.py:273} INFO - 1 downstream tasks scheduled from follow-on schedule check
