[2022-12-04 19:36:28,413] {taskinstance.py:1159} INFO - Dependencies all met for <TaskInstance: first_dag.printer manual__2022-12-04T19:36:27.696045+00:00 [queued]>
[2022-12-04 19:36:28,432] {taskinstance.py:1159} INFO - Dependencies all met for <TaskInstance: first_dag.printer manual__2022-12-04T19:36:27.696045+00:00 [queued]>
[2022-12-04 19:36:28,433] {taskinstance.py:1356} INFO - 
--------------------------------------------------------------------------------
[2022-12-04 19:36:28,435] {taskinstance.py:1357} INFO - Starting attempt 1 of 1
[2022-12-04 19:36:28,436] {taskinstance.py:1358} INFO - 
--------------------------------------------------------------------------------
[2022-12-04 19:36:28,464] {taskinstance.py:1377} INFO - Executing <Task(PythonOperator): printer> on 2022-12-04 19:36:27.696045+00:00
[2022-12-04 19:36:28,473] {standard_task_runner.py:52} INFO - Started process 590 to run task
[2022-12-04 19:36:28,489] {standard_task_runner.py:79} INFO - Running: ['***', 'tasks', 'run', 'first_dag', 'printer', 'manual__2022-12-04T19:36:27.696045+00:00', '--job-id', '292', '--raw', '--subdir', 'DAGS_FOLDER/first-dag.py', '--cfg-path', '/tmp/tmpw6r2uinm', '--error-file', '/tmp/tmpmmkkpsw5']
[2022-12-04 19:36:28,492] {standard_task_runner.py:80} INFO - Job 292: Subtask printer
[2022-12-04 19:36:28,600] {task_command.py:369} INFO - Running <TaskInstance: first_dag.printer manual__2022-12-04T19:36:27.696045+00:00 [running]> on host 4393b4454aa8
[2022-12-04 19:36:28,733] {taskinstance.py:1571} INFO - Exporting the following env vars:
AIRFLOW_CTX_DAG_OWNER=***
AIRFLOW_CTX_DAG_ID=first_dag
AIRFLOW_CTX_TASK_ID=printer
AIRFLOW_CTX_EXECUTION_DATE=2022-12-04T19:36:27.696045+00:00
AIRFLOW_CTX_TRY_NUMBER=1
AIRFLOW_CTX_DAG_RUN_ID=manual__2022-12-04T19:36:27.696045+00:00
[2022-12-04 19:36:28,760] {logging_mixin.py:115} INFO - The value is: None
[2022-12-04 19:36:28,762] {python.py:173} INFO - Done. Returned value was: None
[2022-12-04 19:36:28,784] {taskinstance.py:1400} INFO - Marking task as SUCCESS. dag_id=first_dag, task_id=printer, execution_date=20221204T193627, start_date=20221204T193628, end_date=20221204T193628
[2022-12-04 19:36:28,818] {local_task_job.py:156} INFO - Task exited with return code 0
[2022-12-04 19:36:28,894] {local_task_job.py:273} INFO - 0 downstream tasks scheduled from follow-on schedule check
