[2022-12-11 19:44:16,682] {taskinstance.py:1159} INFO - Dependencies all met for <TaskInstance: first_dag.sum_column_task manual__2022-12-11T19:44:11.012625+00:00 [queued]>
[2022-12-11 19:44:16,696] {taskinstance.py:1159} INFO - Dependencies all met for <TaskInstance: first_dag.sum_column_task manual__2022-12-11T19:44:11.012625+00:00 [queued]>
[2022-12-11 19:44:16,697] {taskinstance.py:1356} INFO - 
--------------------------------------------------------------------------------
[2022-12-11 19:44:16,698] {taskinstance.py:1357} INFO - Starting attempt 1 of 1
[2022-12-11 19:44:16,699] {taskinstance.py:1358} INFO - 
--------------------------------------------------------------------------------
[2022-12-11 19:44:16,717] {taskinstance.py:1377} INFO - Executing <Task(PythonOperator): sum_column_task> on 2022-12-11 19:44:11.012625+00:00
[2022-12-11 19:44:16,722] {standard_task_runner.py:52} INFO - Started process 5087 to run task
[2022-12-11 19:44:16,735] {standard_task_runner.py:79} INFO - Running: ['***', 'tasks', 'run', 'first_dag', 'sum_column_task', 'manual__2022-12-11T19:44:11.012625+00:00', '--job-id', '1259', '--raw', '--subdir', 'DAGS_FOLDER/first-dag.py', '--cfg-path', '/tmp/tmpzkcr4l7d', '--error-file', '/tmp/tmp1bvh7xh5']
[2022-12-11 19:44:16,738] {standard_task_runner.py:80} INFO - Job 1259: Subtask sum_column_task
[2022-12-11 19:44:16,833] {task_command.py:369} INFO - Running <TaskInstance: first_dag.sum_column_task manual__2022-12-11T19:44:11.012625+00:00 [running]> on host 7e39590a7807
[2022-12-11 19:44:16,971] {taskinstance.py:1571} INFO - Exporting the following env vars:
AIRFLOW_CTX_DAG_OWNER=***
AIRFLOW_CTX_DAG_ID=first_dag
AIRFLOW_CTX_TASK_ID=sum_column_task
AIRFLOW_CTX_EXECUTION_DATE=2022-12-11T19:44:11.012625+00:00
AIRFLOW_CTX_TRY_NUMBER=1
AIRFLOW_CTX_DAG_RUN_ID=manual__2022-12-11T19:44:11.012625+00:00
[2022-12-11 19:44:16,996] {logging_mixin.py:115} INFO - Different sum column is 0
[2022-12-11 19:44:17,000] {python.py:173} INFO - Done. Returned value was: 0
[2022-12-11 19:44:17,059] {taskinstance.py:1400} INFO - Marking task as SUCCESS. dag_id=first_dag, task_id=sum_column_task, execution_date=20221211T194411, start_date=20221211T194416, end_date=20221211T194417
[2022-12-11 19:44:17,103] {local_task_job.py:156} INFO - Task exited with return code 0
[2022-12-11 19:44:17,213] {local_task_job.py:273} INFO - 1 downstream tasks scheduled from follow-on schedule check
