[2022-12-04 17:06:52,734] {taskinstance.py:1159} INFO - Dependencies all met for <TaskInstance: first_dag.world manual__2022-12-04T17:06:50.361116+00:00 [queued]>
[2022-12-04 17:06:52,746] {taskinstance.py:1159} INFO - Dependencies all met for <TaskInstance: first_dag.world manual__2022-12-04T17:06:50.361116+00:00 [queued]>
[2022-12-04 17:06:52,748] {taskinstance.py:1356} INFO - 
--------------------------------------------------------------------------------
[2022-12-04 17:06:52,749] {taskinstance.py:1357} INFO - Starting attempt 1 of 1
[2022-12-04 17:06:52,750] {taskinstance.py:1358} INFO - 
--------------------------------------------------------------------------------
[2022-12-04 17:06:52,767] {taskinstance.py:1377} INFO - Executing <Task(PythonOperator): world> on 2022-12-04 17:06:50.361116+00:00
[2022-12-04 17:06:52,772] {standard_task_runner.py:52} INFO - Started process 1270 to run task
[2022-12-04 17:06:52,777] {standard_task_runner.py:79} INFO - Running: ['***', 'tasks', 'run', 'first_dag', 'world', 'manual__2022-12-04T17:06:50.361116+00:00', '--job-id', '190', '--raw', '--subdir', 'DAGS_FOLDER/first-dag.py', '--cfg-path', '/tmp/tmp257inc4y', '--error-file', '/tmp/tmpv88q8m2r']
[2022-12-04 17:06:52,779] {standard_task_runner.py:80} INFO - Job 190: Subtask world
[2022-12-04 17:06:52,863] {task_command.py:369} INFO - Running <TaskInstance: first_dag.world manual__2022-12-04T17:06:50.361116+00:00 [running]> on host fb90b48d1471
[2022-12-04 17:06:52,980] {taskinstance.py:1571} INFO - Exporting the following env vars:
AIRFLOW_CTX_DAG_OWNER=***
AIRFLOW_CTX_DAG_ID=first_dag
AIRFLOW_CTX_TASK_ID=world
AIRFLOW_CTX_EXECUTION_DATE=2022-12-04T17:06:50.361116+00:00
AIRFLOW_CTX_TRY_NUMBER=1
AIRFLOW_CTX_DAG_RUN_ID=manual__2022-12-04T17:06:50.361116+00:00
[2022-12-04 17:06:52,985] {logging_mixin.py:115} INFO - Airflow
[2022-12-04 17:06:52,987] {python.py:173} INFO - Done. Returned value was: None
[2022-12-04 17:06:53,011] {taskinstance.py:1400} INFO - Marking task as SUCCESS. dag_id=first_dag, task_id=world, execution_date=20221204T170650, start_date=20221204T170652, end_date=20221204T170653
[2022-12-04 17:06:53,053] {local_task_job.py:156} INFO - Task exited with return code 0
[2022-12-04 17:06:53,118] {local_task_job.py:273} INFO - 1 downstream tasks scheduled from follow-on schedule check
