[2022-12-11 14:07:02,594] {taskinstance.py:1159} INFO - Dependencies all met for <TaskInstance: first_dag.world scheduled__2022-12-11T14:06:00+00:00 [queued]>
[2022-12-11 14:07:02,606] {taskinstance.py:1159} INFO - Dependencies all met for <TaskInstance: first_dag.world scheduled__2022-12-11T14:06:00+00:00 [queued]>
[2022-12-11 14:07:02,607] {taskinstance.py:1356} INFO - 
--------------------------------------------------------------------------------
[2022-12-11 14:07:02,608] {taskinstance.py:1357} INFO - Starting attempt 1 of 1
[2022-12-11 14:07:02,608] {taskinstance.py:1358} INFO - 
--------------------------------------------------------------------------------
[2022-12-11 14:07:02,627] {taskinstance.py:1377} INFO - Executing <Task(PythonOperator): world> on 2022-12-11 14:06:00+00:00
[2022-12-11 14:07:02,632] {standard_task_runner.py:52} INFO - Started process 279 to run task
[2022-12-11 14:07:02,641] {standard_task_runner.py:79} INFO - Running: ['***', 'tasks', 'run', 'first_dag', 'world', 'scheduled__2022-12-11T14:06:00+00:00', '--job-id', '353', '--raw', '--subdir', 'DAGS_FOLDER/first-dag.py', '--cfg-path', '/tmp/tmpij3kq9z9', '--error-file', '/tmp/tmp441laf5e']
[2022-12-11 14:07:02,644] {standard_task_runner.py:80} INFO - Job 353: Subtask world
[2022-12-11 14:07:02,736] {task_command.py:369} INFO - Running <TaskInstance: first_dag.world scheduled__2022-12-11T14:06:00+00:00 [running]> on host 7e39590a7807
[2022-12-11 14:07:02,855] {taskinstance.py:1571} INFO - Exporting the following env vars:
AIRFLOW_CTX_DAG_OWNER=***
AIRFLOW_CTX_DAG_ID=first_dag
AIRFLOW_CTX_TASK_ID=world
AIRFLOW_CTX_EXECUTION_DATE=2022-12-11T14:06:00+00:00
AIRFLOW_CTX_TRY_NUMBER=1
AIRFLOW_CTX_DAG_RUN_ID=scheduled__2022-12-11T14:06:00+00:00
[2022-12-11 14:07:02,857] {logging_mixin.py:115} INFO - Airflow
[2022-12-11 14:07:02,859] {python.py:173} INFO - Done. Returned value was: None
[2022-12-11 14:07:02,886] {taskinstance.py:1400} INFO - Marking task as SUCCESS. dag_id=first_dag, task_id=world, execution_date=20221211T140600, start_date=20221211T140702, end_date=20221211T140702
[2022-12-11 14:07:02,934] {local_task_job.py:156} INFO - Task exited with return code 0
[2022-12-11 14:07:03,003] {local_task_job.py:273} INFO - 1 downstream tasks scheduled from follow-on schedule check
