[2022-12-11 20:20:01,428] {taskinstance.py:1159} INFO - Dependencies all met for <TaskInstance: first_dag.wait_for_file manual__2022-12-11T20:19:09.561108+00:00 [queued]>
[2022-12-11 20:20:01,443] {taskinstance.py:1159} INFO - Dependencies all met for <TaskInstance: first_dag.wait_for_file manual__2022-12-11T20:19:09.561108+00:00 [queued]>
[2022-12-11 20:20:01,445] {taskinstance.py:1356} INFO - 
--------------------------------------------------------------------------------
[2022-12-11 20:20:01,446] {taskinstance.py:1357} INFO - Starting attempt 1 of 3
[2022-12-11 20:20:01,447] {taskinstance.py:1358} INFO - 
--------------------------------------------------------------------------------
[2022-12-11 20:20:01,494] {taskinstance.py:1377} INFO - Executing <Task(PythonSensor): wait_for_file> on 2022-12-11 20:19:09.561108+00:00
[2022-12-11 20:20:01,514] {standard_task_runner.py:52} INFO - Started process 5735 to run task
[2022-12-11 20:20:01,530] {standard_task_runner.py:79} INFO - Running: ['***', 'tasks', 'run', 'first_dag', 'wait_for_file', 'manual__2022-12-11T20:19:09.561108+00:00', '--job-id', '1371', '--raw', '--subdir', 'DAGS_FOLDER/first-dag.py', '--cfg-path', '/tmp/tmplecnkhl9', '--error-file', '/tmp/tmpxjum50f9']
[2022-12-11 20:20:01,536] {standard_task_runner.py:80} INFO - Job 1371: Subtask wait_for_file
[2022-12-11 20:20:01,704] {task_command.py:369} INFO - Running <TaskInstance: first_dag.wait_for_file manual__2022-12-11T20:19:09.561108+00:00 [running]> on host 7e39590a7807
[2022-12-11 20:20:02,375] {taskinstance.py:1571} INFO - Exporting the following env vars:
AIRFLOW_CTX_DAG_OWNER=***
AIRFLOW_CTX_DAG_ID=first_dag
AIRFLOW_CTX_TASK_ID=wait_for_file
AIRFLOW_CTX_EXECUTION_DATE=2022-12-11T20:19:09.561108+00:00
AIRFLOW_CTX_TRY_NUMBER=1
AIRFLOW_CTX_DAG_RUN_ID=manual__2022-12-11T20:19:09.561108+00:00
[2022-12-11 20:20:02,384] {python.py:66} INFO - Poking callable: <function _wait_for_file at 0x7f6cec7ab5f0>
[2022-12-11 20:20:02,489] {logging_mixin.py:115} INFO - _wait_for_file True
[2022-12-11 20:20:02,492] {base.py:301} INFO - Success criteria met. Exiting.
[2022-12-11 20:20:02,617] {taskinstance.py:1400} INFO - Marking task as SUCCESS. dag_id=first_dag, task_id=wait_for_file, execution_date=20221211T201909, start_date=20221211T202001, end_date=20221211T202002
[2022-12-11 20:20:02,789] {local_task_job.py:156} INFO - Task exited with return code 0
[2022-12-11 20:20:03,011] {local_task_job.py:273} INFO - 1 downstream tasks scheduled from follow-on schedule check
