[2022-12-11 14:04:22,975] {taskinstance.py:1159} INFO - Dependencies all met for <TaskInstance: first_dag.write_diff_task scheduled__2022-12-11T14:03:00+00:00 [queued]>
[2022-12-11 14:04:22,987] {taskinstance.py:1159} INFO - Dependencies all met for <TaskInstance: first_dag.write_diff_task scheduled__2022-12-11T14:03:00+00:00 [queued]>
[2022-12-11 14:04:22,989] {taskinstance.py:1356} INFO - 
--------------------------------------------------------------------------------
[2022-12-11 14:04:22,990] {taskinstance.py:1357} INFO - Starting attempt 1 of 1
[2022-12-11 14:04:22,992] {taskinstance.py:1358} INFO - 
--------------------------------------------------------------------------------
[2022-12-11 14:04:23,009] {taskinstance.py:1377} INFO - Executing <Task(PythonOperator): write_diff_task> on 2022-12-11 14:03:00+00:00
[2022-12-11 14:04:23,015] {standard_task_runner.py:52} INFO - Started process 220 to run task
[2022-12-11 14:04:23,030] {standard_task_runner.py:79} INFO - Running: ['***', 'tasks', 'run', 'first_dag', 'write_diff_task', 'scheduled__2022-12-11T14:03:00+00:00', '--job-id', '340', '--raw', '--subdir', 'DAGS_FOLDER/first-dag.py', '--cfg-path', '/tmp/tmpit6cz02a', '--error-file', '/tmp/tmpjwlv2tcv']
[2022-12-11 14:04:23,035] {standard_task_runner.py:80} INFO - Job 340: Subtask write_diff_task
[2022-12-11 14:04:23,173] {task_command.py:369} INFO - Running <TaskInstance: first_dag.write_diff_task scheduled__2022-12-11T14:03:00+00:00 [running]> on host 7e39590a7807
[2022-12-11 14:04:23,297] {taskinstance.py:1571} INFO - Exporting the following env vars:
AIRFLOW_CTX_DAG_OWNER=***
AIRFLOW_CTX_DAG_ID=first_dag
AIRFLOW_CTX_TASK_ID=write_diff_task
AIRFLOW_CTX_EXECUTION_DATE=2022-12-11T14:03:00+00:00
AIRFLOW_CTX_TRY_NUMBER=1
AIRFLOW_CTX_DAG_RUN_ID=scheduled__2022-12-11T14:03:00+00:00
[2022-12-11 14:04:23,334] {python.py:173} INFO - Done. Returned value was: None
[2022-12-11 14:04:23,351] {taskinstance.py:1400} INFO - Marking task as SUCCESS. dag_id=first_dag, task_id=write_diff_task, execution_date=20221211T140300, start_date=20221211T140422, end_date=20221211T140423
[2022-12-11 14:04:23,404] {local_task_job.py:156} INFO - Task exited with return code 0
[2022-12-11 14:04:23,460] {local_task_job.py:273} INFO - 0 downstream tasks scheduled from follow-on schedule check
