[2022-12-11 21:21:39,319] {taskinstance.py:1159} INFO - Dependencies all met for <TaskInstance: first_dag.hello_task scheduled__2022-12-11T21:17:00+00:00 [queued]>
[2022-12-11 21:21:39,499] {taskinstance.py:1159} INFO - Dependencies all met for <TaskInstance: first_dag.hello_task scheduled__2022-12-11T21:17:00+00:00 [queued]>
[2022-12-11 21:21:39,501] {taskinstance.py:1356} INFO - 
--------------------------------------------------------------------------------
[2022-12-11 21:21:39,506] {taskinstance.py:1357} INFO - Starting attempt 1 of 1
[2022-12-11 21:21:39,514] {taskinstance.py:1358} INFO - 
--------------------------------------------------------------------------------
[2022-12-11 21:21:39,664] {taskinstance.py:1377} INFO - Executing <Task(BashOperator): hello_task> on 2022-12-11 21:17:00+00:00
[2022-12-11 21:21:39,683] {standard_task_runner.py:52} INFO - Started process 6595 to run task
[2022-12-11 21:21:39,752] {standard_task_runner.py:79} INFO - Running: ['***', 'tasks', 'run', 'first_dag', 'hello_task', 'scheduled__2022-12-11T21:17:00+00:00', '--job-id', '1532', '--raw', '--subdir', 'DAGS_FOLDER/first-dag.py', '--cfg-path', '/tmp/tmpp_b6vzlk', '--error-file', '/tmp/tmpg1vg4dzu']
[2022-12-11 21:21:39,787] {standard_task_runner.py:80} INFO - Job 1532: Subtask hello_task
[2022-12-11 21:21:40,316] {task_command.py:369} INFO - Running <TaskInstance: first_dag.hello_task scheduled__2022-12-11T21:17:00+00:00 [running]> on host 7e39590a7807
[2022-12-11 21:21:40,843] {taskinstance.py:1571} INFO - Exporting the following env vars:
AIRFLOW_CTX_DAG_OWNER=***
AIRFLOW_CTX_DAG_ID=first_dag
AIRFLOW_CTX_TASK_ID=hello_task
AIRFLOW_CTX_EXECUTION_DATE=2022-12-11T21:17:00+00:00
AIRFLOW_CTX_TRY_NUMBER=1
AIRFLOW_CTX_DAG_RUN_ID=scheduled__2022-12-11T21:17:00+00:00
[2022-12-11 21:21:40,864] {subprocess.py:62} INFO - Tmp dir root location: 
 /tmp
[2022-12-11 21:21:40,881] {subprocess.py:74} INFO - Running command: ['bash', '-c', 'echo hello']
[2022-12-11 21:21:40,981] {subprocess.py:85} INFO - Output:
[2022-12-11 21:21:41,045] {subprocess.py:92} INFO - hello
[2022-12-11 21:21:41,046] {subprocess.py:96} INFO - Command exited with return code 0
[2022-12-11 21:21:41,267] {taskinstance.py:1400} INFO - Marking task as SUCCESS. dag_id=first_dag, task_id=hello_task, execution_date=20221211T211700, start_date=20221211T212139, end_date=20221211T212141
[2022-12-11 21:21:41,479] {local_task_job.py:156} INFO - Task exited with return code 0
[2022-12-11 21:21:41,866] {local_task_job.py:273} INFO - 1 downstream tasks scheduled from follow-on schedule check
