[2022-12-12 05:28:40,494] {taskinstance.py:1159} INFO - Dependencies all met for <TaskInstance: first_dag.write_diff_task manual__2022-12-12T05:27:38.502835+00:00 [queued]>
[2022-12-12 05:28:40,590] {taskinstance.py:1159} INFO - Dependencies all met for <TaskInstance: first_dag.write_diff_task manual__2022-12-12T05:27:38.502835+00:00 [queued]>
[2022-12-12 05:28:40,602] {taskinstance.py:1356} INFO - 
--------------------------------------------------------------------------------
[2022-12-12 05:28:40,604] {taskinstance.py:1357} INFO - Starting attempt 1 of 1
[2022-12-12 05:28:40,607] {taskinstance.py:1358} INFO - 
--------------------------------------------------------------------------------
[2022-12-12 05:28:40,817] {taskinstance.py:1377} INFO - Executing <Task(PythonOperator): write_diff_task> on 2022-12-12 05:27:38.502835+00:00
[2022-12-12 05:28:40,860] {standard_task_runner.py:52} INFO - Started process 7916 to run task
[2022-12-12 05:28:40,938] {standard_task_runner.py:79} INFO - Running: ['***', 'tasks', 'run', 'first_dag', 'write_diff_task', 'manual__2022-12-12T05:27:38.502835+00:00', '--job-id', '1695', '--raw', '--subdir', 'DAGS_FOLDER/first-dag.py', '--cfg-path', '/tmp/tmpas9z8mm6', '--error-file', '/tmp/tmpqegry854']
[2022-12-12 05:28:40,950] {standard_task_runner.py:80} INFO - Job 1695: Subtask write_diff_task
[2022-12-12 05:28:41,799] {task_command.py:369} INFO - Running <TaskInstance: first_dag.write_diff_task manual__2022-12-12T05:27:38.502835+00:00 [running]> on host 7e39590a7807
[2022-12-12 05:28:42,205] {taskinstance.py:1571} INFO - Exporting the following env vars:
AIRFLOW_CTX_DAG_OWNER=***
AIRFLOW_CTX_DAG_ID=first_dag
AIRFLOW_CTX_TASK_ID=write_diff_task
AIRFLOW_CTX_EXECUTION_DATE=2022-12-12T05:27:38.502835+00:00
AIRFLOW_CTX_TRY_NUMBER=1
AIRFLOW_CTX_DAG_RUN_ID=manual__2022-12-12T05:27:38.502835+00:00
[2022-12-12 05:28:42,536] {python.py:173} INFO - Done. Returned value was: None
[2022-12-12 05:28:42,564] {taskinstance.py:1400} INFO - Marking task as SUCCESS. dag_id=first_dag, task_id=write_diff_task, execution_date=20221212T052738, start_date=20221212T052840, end_date=20221212T052842
[2022-12-12 05:28:42,733] {local_task_job.py:156} INFO - Task exited with return code 0
[2022-12-12 05:28:42,898] {local_task_job.py:273} INFO - 1 downstream tasks scheduled from follow-on schedule check
