[2022-12-12 05:28:25,219] {taskinstance.py:1159} INFO - Dependencies all met for <TaskInstance: first_dag.sum_column_task manual__2022-12-12T05:27:38.502835+00:00 [queued]>
[2022-12-12 05:28:25,323] {taskinstance.py:1159} INFO - Dependencies all met for <TaskInstance: first_dag.sum_column_task manual__2022-12-12T05:27:38.502835+00:00 [queued]>
[2022-12-12 05:28:25,331] {taskinstance.py:1356} INFO - 
--------------------------------------------------------------------------------
[2022-12-12 05:28:25,337] {taskinstance.py:1357} INFO - Starting attempt 1 of 1
[2022-12-12 05:28:25,338] {taskinstance.py:1358} INFO - 
--------------------------------------------------------------------------------
[2022-12-12 05:28:25,473] {taskinstance.py:1377} INFO - Executing <Task(PythonOperator): sum_column_task> on 2022-12-12 05:27:38.502835+00:00
[2022-12-12 05:28:25,522] {standard_task_runner.py:52} INFO - Started process 7905 to run task
[2022-12-12 05:28:25,717] {standard_task_runner.py:79} INFO - Running: ['***', 'tasks', 'run', 'first_dag', 'sum_column_task', 'manual__2022-12-12T05:27:38.502835+00:00', '--job-id', '1693', '--raw', '--subdir', 'DAGS_FOLDER/first-dag.py', '--cfg-path', '/tmp/tmp_3b6kzx6', '--error-file', '/tmp/tmp4iemtjt_']
[2022-12-12 05:28:25,766] {standard_task_runner.py:80} INFO - Job 1693: Subtask sum_column_task
[2022-12-12 05:28:35,010] {task_command.py:369} INFO - Running <TaskInstance: first_dag.sum_column_task manual__2022-12-12T05:27:38.502835+00:00 [running]> on host 7e39590a7807
[2022-12-12 05:28:36,615] {taskinstance.py:1571} INFO - Exporting the following env vars:
AIRFLOW_CTX_DAG_OWNER=***
AIRFLOW_CTX_DAG_ID=first_dag
AIRFLOW_CTX_TASK_ID=sum_column_task
AIRFLOW_CTX_EXECUTION_DATE=2022-12-12T05:27:38.502835+00:00
AIRFLOW_CTX_TRY_NUMBER=1
AIRFLOW_CTX_DAG_RUN_ID=manual__2022-12-12T05:27:38.502835+00:00
[2022-12-12 05:28:36,888] {logging_mixin.py:115} INFO - Different sum column is 5
[2022-12-12 05:28:36,892] {python.py:173} INFO - Done. Returned value was: 5
[2022-12-12 05:28:37,355] {taskinstance.py:1400} INFO - Marking task as SUCCESS. dag_id=first_dag, task_id=sum_column_task, execution_date=20221212T052738, start_date=20221212T052825, end_date=20221212T052837
[2022-12-12 05:28:37,552] {local_task_job.py:156} INFO - Task exited with return code 0
[2022-12-12 05:28:38,036] {local_task_job.py:273} INFO - 0 downstream tasks scheduled from follow-on schedule check
