[2022-12-11 14:32:02,335] {taskinstance.py:1159} INFO - Dependencies all met for <TaskInstance: first_dag.generate_two_int_task scheduled__2022-12-11T14:31:00+00:00 [queued]>
[2022-12-11 14:32:02,353] {taskinstance.py:1159} INFO - Dependencies all met for <TaskInstance: first_dag.generate_two_int_task scheduled__2022-12-11T14:31:00+00:00 [queued]>
[2022-12-11 14:32:02,355] {taskinstance.py:1356} INFO - 
--------------------------------------------------------------------------------
[2022-12-11 14:32:02,356] {taskinstance.py:1357} INFO - Starting attempt 1 of 1
[2022-12-11 14:32:02,357] {taskinstance.py:1358} INFO - 
--------------------------------------------------------------------------------
[2022-12-11 14:32:02,374] {taskinstance.py:1377} INFO - Executing <Task(PythonOperator): generate_two_int_task> on 2022-12-11 14:31:00+00:00
[2022-12-11 14:32:02,379] {standard_task_runner.py:52} INFO - Started process 835 to run task
[2022-12-11 14:32:02,389] {standard_task_runner.py:79} INFO - Running: ['***', 'tasks', 'run', 'first_dag', 'generate_two_int_task', 'scheduled__2022-12-11T14:31:00+00:00', '--job-id', '480', '--raw', '--subdir', 'DAGS_FOLDER/first-dag.py', '--cfg-path', '/tmp/tmpg5qy7hc5', '--error-file', '/tmp/tmpm14ygt7h']
[2022-12-11 14:32:02,391] {standard_task_runner.py:80} INFO - Job 480: Subtask generate_two_int_task
[2022-12-11 14:32:02,474] {task_command.py:369} INFO - Running <TaskInstance: first_dag.generate_two_int_task scheduled__2022-12-11T14:31:00+00:00 [running]> on host 7e39590a7807
[2022-12-11 14:32:02,583] {taskinstance.py:1571} INFO - Exporting the following env vars:
AIRFLOW_CTX_DAG_OWNER=***
AIRFLOW_CTX_DAG_ID=first_dag
AIRFLOW_CTX_TASK_ID=generate_two_int_task
AIRFLOW_CTX_EXECUTION_DATE=2022-12-11T14:31:00+00:00
AIRFLOW_CTX_TRY_NUMBER=1
AIRFLOW_CTX_DAG_RUN_ID=scheduled__2022-12-11T14:31:00+00:00
[2022-12-11 14:32:02,603] {python.py:173} INFO - Done. Returned value was: None
[2022-12-11 14:32:02,622] {taskinstance.py:1400} INFO - Marking task as SUCCESS. dag_id=first_dag, task_id=generate_two_int_task, execution_date=20221211T143100, start_date=20221211T143202, end_date=20221211T143202
[2022-12-11 14:32:02,682] {local_task_job.py:156} INFO - Task exited with return code 0
[2022-12-11 14:32:02,764] {local_task_job.py:273} INFO - 1 downstream tasks scheduled from follow-on schedule check
[2022-12-11 14:32:49,296] {taskinstance.py:1159} INFO - Dependencies all met for <TaskInstance: first_dag.generate_two_int_task scheduled__2022-12-11T14:31:00+00:00 [queued]>
[2022-12-11 14:32:49,313] {taskinstance.py:1159} INFO - Dependencies all met for <TaskInstance: first_dag.generate_two_int_task scheduled__2022-12-11T14:31:00+00:00 [queued]>
[2022-12-11 14:32:49,314] {taskinstance.py:1356} INFO - 
--------------------------------------------------------------------------------
[2022-12-11 14:32:49,315] {taskinstance.py:1357} INFO - Starting attempt 1 of 1
[2022-12-11 14:32:49,316] {taskinstance.py:1358} INFO - 
--------------------------------------------------------------------------------
[2022-12-11 14:32:49,335] {taskinstance.py:1377} INFO - Executing <Task(PythonOperator): generate_two_int_task> on 2022-12-11 14:31:00+00:00
[2022-12-11 14:32:49,340] {standard_task_runner.py:52} INFO - Started process 868 to run task
[2022-12-11 14:32:49,351] {standard_task_runner.py:79} INFO - Running: ['***', 'tasks', 'run', 'first_dag', 'generate_two_int_task', 'scheduled__2022-12-11T14:31:00+00:00', '--job-id', '490', '--raw', '--subdir', 'DAGS_FOLDER/first-dag.py', '--cfg-path', '/tmp/tmp78oytevp', '--error-file', '/tmp/tmpduv1iyoj']
[2022-12-11 14:32:49,354] {standard_task_runner.py:80} INFO - Job 490: Subtask generate_two_int_task
[2022-12-11 14:32:49,456] {task_command.py:369} INFO - Running <TaskInstance: first_dag.generate_two_int_task scheduled__2022-12-11T14:31:00+00:00 [running]> on host 7e39590a7807
[2022-12-11 14:32:49,577] {taskinstance.py:1571} INFO - Exporting the following env vars:
AIRFLOW_CTX_DAG_OWNER=***
AIRFLOW_CTX_DAG_ID=first_dag
AIRFLOW_CTX_TASK_ID=generate_two_int_task
AIRFLOW_CTX_EXECUTION_DATE=2022-12-11T14:31:00+00:00
AIRFLOW_CTX_TRY_NUMBER=1
AIRFLOW_CTX_DAG_RUN_ID=scheduled__2022-12-11T14:31:00+00:00
[2022-12-11 14:32:49,607] {python.py:173} INFO - Done. Returned value was: None
[2022-12-11 14:32:49,666] {taskinstance.py:1400} INFO - Marking task as SUCCESS. dag_id=first_dag, task_id=generate_two_int_task, execution_date=20221211T143100, start_date=20221211T143249, end_date=20221211T143249
[2022-12-11 14:32:49,722] {local_task_job.py:156} INFO - Task exited with return code 0
[2022-12-11 14:32:49,790] {local_task_job.py:273} INFO - 1 downstream tasks scheduled from follow-on schedule check
