[2022-12-04 16:41:19,535] {taskinstance.py:1159} INFO - Dependencies all met for <TaskInstance: first_dag.hello_task scheduled__2021-01-01T23:10:00+00:00 [queued]>
[2022-12-04 16:41:19,721] {taskinstance.py:1159} INFO - Dependencies all met for <TaskInstance: first_dag.hello_task scheduled__2021-01-01T23:10:00+00:00 [queued]>
[2022-12-04 16:41:19,724] {taskinstance.py:1356} INFO - 
--------------------------------------------------------------------------------
[2022-12-04 16:41:19,733] {taskinstance.py:1357} INFO - Starting attempt 1 of 1
[2022-12-04 16:41:19,736] {taskinstance.py:1358} INFO - 
--------------------------------------------------------------------------------
[2022-12-04 16:41:20,004] {taskinstance.py:1377} INFO - Executing <Task(BashOperator): hello_task> on 2021-01-01 23:10:00+00:00
[2022-12-04 16:41:20,056] {standard_task_runner.py:52} INFO - Started process 747 to run task
[2022-12-04 16:41:20,245] {standard_task_runner.py:79} INFO - Running: ['***', 'tasks', 'run', 'first_dag', 'hello_task', 'scheduled__2021-01-01T23:10:00+00:00', '--job-id', '98', '--raw', '--subdir', 'DAGS_FOLDER/first-dag.py', '--cfg-path', '/tmp/tmp_ugipy9z', '--error-file', '/tmp/tmpnphma08y']
[2022-12-04 16:41:20,263] {standard_task_runner.py:80} INFO - Job 98: Subtask hello_task
[2022-12-04 16:41:20,619] {task_command.py:369} INFO - Running <TaskInstance: first_dag.hello_task scheduled__2021-01-01T23:10:00+00:00 [running]> on host fb90b48d1471
[2022-12-04 16:41:21,129] {taskinstance.py:1571} INFO - Exporting the following env vars:
AIRFLOW_CTX_DAG_OWNER=***
AIRFLOW_CTX_DAG_ID=first_dag
AIRFLOW_CTX_TASK_ID=hello_task
AIRFLOW_CTX_EXECUTION_DATE=2021-01-01T23:10:00+00:00
AIRFLOW_CTX_TRY_NUMBER=1
AIRFLOW_CTX_DAG_RUN_ID=scheduled__2021-01-01T23:10:00+00:00
[2022-12-04 16:41:21,134] {subprocess.py:62} INFO - Tmp dir root location: 
 /tmp
[2022-12-04 16:41:21,142] {subprocess.py:74} INFO - Running command: ['bash', '-c', 'echo hello']
[2022-12-04 16:41:21,238] {subprocess.py:85} INFO - Output:
[2022-12-04 16:41:21,388] {subprocess.py:92} INFO - hello
[2022-12-04 16:41:21,392] {subprocess.py:96} INFO - Command exited with return code 0
[2022-12-04 16:41:21,517] {taskinstance.py:1400} INFO - Marking task as SUCCESS. dag_id=first_dag, task_id=hello_task, execution_date=20210101T231000, start_date=20221204T164119, end_date=20221204T164121
[2022-12-04 16:41:21,632] {local_task_job.py:156} INFO - Task exited with return code 0
[2022-12-04 16:41:22,000] {local_task_job.py:273} INFO - 0 downstream tasks scheduled from follow-on schedule check
