[2022-12-04 17:08:59,675] {taskinstance.py:1159} INFO - Dependencies all met for <TaskInstance: first_dag.world manual__2022-12-04T17:08:57.761349+00:00 [queued]>
[2022-12-04 17:08:59,695] {taskinstance.py:1159} INFO - Dependencies all met for <TaskInstance: first_dag.world manual__2022-12-04T17:08:57.761349+00:00 [queued]>
[2022-12-04 17:08:59,696] {taskinstance.py:1356} INFO - 
--------------------------------------------------------------------------------
[2022-12-04 17:08:59,697] {taskinstance.py:1357} INFO - Starting attempt 1 of 1
[2022-12-04 17:08:59,698] {taskinstance.py:1358} INFO - 
--------------------------------------------------------------------------------
[2022-12-04 17:08:59,722] {taskinstance.py:1377} INFO - Executing <Task(PythonOperator): world> on 2022-12-04 17:08:57.761349+00:00
[2022-12-04 17:08:59,727] {standard_task_runner.py:52} INFO - Started process 1314 to run task
[2022-12-04 17:08:59,736] {standard_task_runner.py:79} INFO - Running: ['***', 'tasks', 'run', 'first_dag', 'world', 'manual__2022-12-04T17:08:57.761349+00:00', '--job-id', '196', '--raw', '--subdir', 'DAGS_FOLDER/first-dag.py', '--cfg-path', '/tmp/tmpgghkn6uh', '--error-file', '/tmp/tmpbphrrmej']
[2022-12-04 17:08:59,739] {standard_task_runner.py:80} INFO - Job 196: Subtask world
[2022-12-04 17:08:59,816] {task_command.py:369} INFO - Running <TaskInstance: first_dag.world manual__2022-12-04T17:08:57.761349+00:00 [running]> on host fb90b48d1471
[2022-12-04 17:08:59,939] {taskinstance.py:1571} INFO - Exporting the following env vars:
AIRFLOW_CTX_DAG_OWNER=***
AIRFLOW_CTX_DAG_ID=first_dag
AIRFLOW_CTX_TASK_ID=world
AIRFLOW_CTX_EXECUTION_DATE=2022-12-04T17:08:57.761349+00:00
AIRFLOW_CTX_TRY_NUMBER=1
AIRFLOW_CTX_DAG_RUN_ID=manual__2022-12-04T17:08:57.761349+00:00
[2022-12-04 17:08:59,941] {logging_mixin.py:115} INFO - Airflow
[2022-12-04 17:08:59,943] {python.py:173} INFO - Done. Returned value was: None
[2022-12-04 17:08:59,963] {taskinstance.py:1400} INFO - Marking task as SUCCESS. dag_id=first_dag, task_id=world, execution_date=20221204T170857, start_date=20221204T170859, end_date=20221204T170859
[2022-12-04 17:09:00,028] {local_task_job.py:156} INFO - Task exited with return code 0
[2022-12-04 17:09:00,085] {local_task_job.py:273} INFO - 1 downstream tasks scheduled from follow-on schedule check
