[2022-12-11 14:04:13,613] {taskinstance.py:1159} INFO - Dependencies all met for <TaskInstance: first_dag.hello_task scheduled__2022-12-11T14:03:00+00:00 [queued]>
[2022-12-11 14:04:13,629] {taskinstance.py:1159} INFO - Dependencies all met for <TaskInstance: first_dag.hello_task scheduled__2022-12-11T14:03:00+00:00 [queued]>
[2022-12-11 14:04:13,630] {taskinstance.py:1356} INFO - 
--------------------------------------------------------------------------------
[2022-12-11 14:04:13,631] {taskinstance.py:1357} INFO - Starting attempt 1 of 1
[2022-12-11 14:04:13,632] {taskinstance.py:1358} INFO - 
--------------------------------------------------------------------------------
[2022-12-11 14:04:13,656] {taskinstance.py:1377} INFO - Executing <Task(BashOperator): hello_task> on 2022-12-11 14:03:00+00:00
[2022-12-11 14:04:13,674] {standard_task_runner.py:52} INFO - Started process 211 to run task
[2022-12-11 14:04:13,689] {standard_task_runner.py:79} INFO - Running: ['***', 'tasks', 'run', 'first_dag', 'hello_task', 'scheduled__2022-12-11T14:03:00+00:00', '--job-id', '336', '--raw', '--subdir', 'DAGS_FOLDER/first-dag.py', '--cfg-path', '/tmp/tmplwf1ksjx', '--error-file', '/tmp/tmpz82bevqg']
[2022-12-11 14:04:13,696] {standard_task_runner.py:80} INFO - Job 336: Subtask hello_task
[2022-12-11 14:04:13,953] {task_command.py:369} INFO - Running <TaskInstance: first_dag.hello_task scheduled__2022-12-11T14:03:00+00:00 [running]> on host 7e39590a7807
[2022-12-11 14:04:14,271] {taskinstance.py:1571} INFO - Exporting the following env vars:
AIRFLOW_CTX_DAG_OWNER=***
AIRFLOW_CTX_DAG_ID=first_dag
AIRFLOW_CTX_TASK_ID=hello_task
AIRFLOW_CTX_EXECUTION_DATE=2022-12-11T14:03:00+00:00
AIRFLOW_CTX_TRY_NUMBER=1
AIRFLOW_CTX_DAG_RUN_ID=scheduled__2022-12-11T14:03:00+00:00
[2022-12-11 14:04:14,276] {subprocess.py:62} INFO - Tmp dir root location: 
 /tmp
[2022-12-11 14:04:14,279] {subprocess.py:74} INFO - Running command: ['bash', '-c', 'echo hello']
[2022-12-11 14:04:14,354] {subprocess.py:85} INFO - Output:
[2022-12-11 14:04:14,400] {subprocess.py:92} INFO - hello
[2022-12-11 14:04:14,403] {subprocess.py:96} INFO - Command exited with return code 0
[2022-12-11 14:04:16,811] {taskinstance.py:1400} INFO - Marking task as SUCCESS. dag_id=first_dag, task_id=hello_task, execution_date=20221211T140300, start_date=20221211T140413, end_date=20221211T140416
[2022-12-11 14:04:16,881] {local_task_job.py:156} INFO - Task exited with return code 0
[2022-12-11 14:04:17,004] {local_task_job.py:273} INFO - 1 downstream tasks scheduled from follow-on schedule check
