[2022-12-12 05:01:45,554] {taskinstance.py:1159} INFO - Dependencies all met for <TaskInstance: first_dag.wait_for_file scheduled__2022-12-11T21:17:00+00:00 [queued]>
[2022-12-12 05:01:45,607] {taskinstance.py:1159} INFO - Dependencies all met for <TaskInstance: first_dag.wait_for_file scheduled__2022-12-11T21:17:00+00:00 [queued]>
[2022-12-12 05:01:45,610] {taskinstance.py:1356} INFO - 
--------------------------------------------------------------------------------
[2022-12-12 05:01:45,614] {taskinstance.py:1357} INFO - Starting attempt 2 of 3
[2022-12-12 05:01:45,622] {taskinstance.py:1358} INFO - 
--------------------------------------------------------------------------------
[2022-12-12 05:01:45,715] {taskinstance.py:1377} INFO - Executing <Task(PythonSensor): wait_for_file> on 2022-12-11 21:17:00+00:00
[2022-12-12 05:01:45,752] {standard_task_runner.py:52} INFO - Started process 7383 to run task
[2022-12-12 05:01:45,815] {standard_task_runner.py:79} INFO - Running: ['***', 'tasks', 'run', 'first_dag', 'wait_for_file', 'scheduled__2022-12-11T21:17:00+00:00', '--job-id', '1567', '--raw', '--subdir', 'DAGS_FOLDER/first-dag.py', '--cfg-path', '/tmp/tmpg_nyvapb', '--error-file', '/tmp/tmpgzrgksuv']
[2022-12-12 05:01:45,834] {standard_task_runner.py:80} INFO - Job 1567: Subtask wait_for_file
[2022-12-12 05:01:49,173] {task_command.py:369} INFO - Running <TaskInstance: first_dag.wait_for_file scheduled__2022-12-11T21:17:00+00:00 [running]> on host 7e39590a7807
[2022-12-12 05:01:50,644] {taskinstance.py:1571} INFO - Exporting the following env vars:
AIRFLOW_CTX_DAG_OWNER=***
AIRFLOW_CTX_DAG_ID=first_dag
AIRFLOW_CTX_TASK_ID=wait_for_file
AIRFLOW_CTX_EXECUTION_DATE=2022-12-11T21:17:00+00:00
AIRFLOW_CTX_TRY_NUMBER=2
AIRFLOW_CTX_DAG_RUN_ID=scheduled__2022-12-11T21:17:00+00:00
[2022-12-12 05:01:50,719] {python.py:66} INFO - Poking callable: <function _wait_for_file at 0x7f6cec7ac320>
[2022-12-12 05:01:52,050] {logging_mixin.py:115} INFO - _wait_for_file True
[2022-12-12 05:02:12,804] {python.py:66} INFO - Poking callable: <function _wait_for_file at 0x7f6cec7ac320>
[2022-12-12 05:02:16,671] {logging_mixin.py:115} INFO - _wait_for_file True
[2022-12-12 05:02:37,486] {python.py:66} INFO - Poking callable: <function _wait_for_file at 0x7f6cec7ac320>
[2022-12-12 05:02:38,583] {logging_mixin.py:115} INFO - _wait_for_file True
[2022-12-12 05:02:57,990] {python.py:66} INFO - Poking callable: <function _wait_for_file at 0x7f6cec7ac320>
[2022-12-12 05:02:58,584] {logging_mixin.py:115} INFO - _wait_for_file True
[2022-12-12 05:03:18,613] {python.py:66} INFO - Poking callable: <function _wait_for_file at 0x7f6cec7ac320>
[2022-12-12 05:03:18,775] {logging_mixin.py:115} INFO - _wait_for_file True
[2022-12-12 05:03:39,065] {python.py:66} INFO - Poking callable: <function _wait_for_file at 0x7f6cec7ac320>
[2022-12-12 05:03:39,770] {logging_mixin.py:115} INFO - _wait_for_file True
[2022-12-12 05:03:59,758] {python.py:66} INFO - Poking callable: <function _wait_for_file at 0x7f6cec7ac320>
[2022-12-12 05:04:16,746] {logging_mixin.py:115} INFO - _wait_for_file True
[2022-12-12 05:04:36,744] {python.py:66} INFO - Poking callable: <function _wait_for_file at 0x7f6cec7ac320>
[2022-12-12 05:04:37,871] {logging_mixin.py:115} INFO - _wait_for_file True
[2022-12-12 05:04:58,038] {python.py:66} INFO - Poking callable: <function _wait_for_file at 0x7f6cec7ac320>
[2022-12-12 05:04:59,088] {logging_mixin.py:115} INFO - _wait_for_file True
[2022-12-12 05:05:19,116] {python.py:66} INFO - Poking callable: <function _wait_for_file at 0x7f6cec7ac320>
[2022-12-12 05:05:19,190] {logging_mixin.py:115} INFO - _wait_for_file True
[2022-12-12 05:05:39,371] {python.py:66} INFO - Poking callable: <function _wait_for_file at 0x7f6cec7ac320>
[2022-12-12 05:05:40,263] {logging_mixin.py:115} INFO - _wait_for_file True
[2022-12-12 05:06:00,800] {python.py:66} INFO - Poking callable: <function _wait_for_file at 0x7f6cec7ac320>
[2022-12-12 05:06:01,935] {logging_mixin.py:115} INFO - _wait_for_file True
[2022-12-12 05:06:21,949] {python.py:66} INFO - Poking callable: <function _wait_for_file at 0x7f6cec7ac320>
[2022-12-12 05:06:21,997] {logging_mixin.py:115} INFO - _wait_for_file True
[2022-12-12 05:06:41,994] {python.py:66} INFO - Poking callable: <function _wait_for_file at 0x7f6cec7ac320>
[2022-12-12 05:06:42,469] {logging_mixin.py:115} INFO - _wait_for_file True
[2022-12-12 05:07:02,462] {python.py:66} INFO - Poking callable: <function _wait_for_file at 0x7f6cec7ac320>
[2022-12-12 05:07:02,515] {logging_mixin.py:115} INFO - _wait_for_file True
[2022-12-12 05:07:22,542] {python.py:66} INFO - Poking callable: <function _wait_for_file at 0x7f6cec7ac320>
[2022-12-12 05:07:22,596] {logging_mixin.py:115} INFO - _wait_for_file True
[2022-12-12 05:07:42,597] {python.py:66} INFO - Poking callable: <function _wait_for_file at 0x7f6cec7ac320>
[2022-12-12 05:07:43,962] {logging_mixin.py:115} INFO - _wait_for_file True
[2022-12-12 05:08:03,962] {python.py:66} INFO - Poking callable: <function _wait_for_file at 0x7f6cec7ac320>
[2022-12-12 05:08:04,074] {logging_mixin.py:115} INFO - _wait_for_file True
[2022-12-12 05:08:24,079] {python.py:66} INFO - Poking callable: <function _wait_for_file at 0x7f6cec7ac320>
[2022-12-12 05:08:24,610] {logging_mixin.py:115} INFO - _wait_for_file True
[2022-12-12 05:08:47,138] {python.py:66} INFO - Poking callable: <function _wait_for_file at 0x7f6cec7ac320>
[2022-12-12 05:08:51,729] {logging_mixin.py:115} INFO - _wait_for_file True
[2022-12-12 05:09:12,149] {python.py:66} INFO - Poking callable: <function _wait_for_file at 0x7f6cec7ac320>
[2022-12-12 05:09:14,666] {logging_mixin.py:115} INFO - _wait_for_file True
[2022-12-12 05:09:34,686] {python.py:66} INFO - Poking callable: <function _wait_for_file at 0x7f6cec7ac320>
[2022-12-12 05:09:34,859] {logging_mixin.py:115} INFO - _wait_for_file True
[2022-12-12 05:09:54,845] {python.py:66} INFO - Poking callable: <function _wait_for_file at 0x7f6cec7ac320>
[2022-12-12 05:09:55,124] {logging_mixin.py:115} INFO - _wait_for_file False
[2022-12-12 05:10:15,833] {python.py:66} INFO - Poking callable: <function _wait_for_file at 0x7f6cec7ac320>
[2022-12-12 05:10:17,832] {logging_mixin.py:115} INFO - _wait_for_file False
[2022-12-12 05:10:37,830] {python.py:66} INFO - Poking callable: <function _wait_for_file at 0x7f6cec7ac320>
[2022-12-12 05:10:37,859] {logging_mixin.py:115} INFO - _wait_for_file False
[2022-12-12 05:10:57,300] {python.py:66} INFO - Poking callable: <function _wait_for_file at 0x7f6cec7ac320>
[2022-12-12 05:10:57,353] {logging_mixin.py:115} INFO - _wait_for_file False
[2022-12-12 05:11:17,378] {python.py:66} INFO - Poking callable: <function _wait_for_file at 0x7f6cec7ac320>
[2022-12-12 05:11:17,524] {logging_mixin.py:115} INFO - _wait_for_file False
[2022-12-12 05:11:37,510] {python.py:66} INFO - Poking callable: <function _wait_for_file at 0x7f6cec7ac320>
[2022-12-12 05:11:37,528] {logging_mixin.py:115} INFO - _wait_for_file False
[2022-12-12 05:11:57,519] {python.py:66} INFO - Poking callable: <function _wait_for_file at 0x7f6cec7ac320>
[2022-12-12 05:11:57,547] {logging_mixin.py:115} INFO - _wait_for_file False
[2022-12-12 05:12:17,583] {python.py:66} INFO - Poking callable: <function _wait_for_file at 0x7f6cec7ac320>
[2022-12-12 05:12:17,776] {logging_mixin.py:115} INFO - _wait_for_file False
[2022-12-12 05:12:37,754] {python.py:66} INFO - Poking callable: <function _wait_for_file at 0x7f6cec7ac320>
[2022-12-12 05:12:37,800] {logging_mixin.py:115} INFO - _wait_for_file False
[2022-12-12 05:12:57,802] {python.py:66} INFO - Poking callable: <function _wait_for_file at 0x7f6cec7ac320>
[2022-12-12 05:13:12,007] {logging_mixin.py:115} INFO - _wait_for_file False
[2022-12-12 05:13:24,820] {local_task_job.py:221} WARNING - State of this instance has been externally set to None. Terminating instance.
[2022-12-12 05:13:25,539] {process_utils.py:129} INFO - Sending Signals.SIGTERM to group 7383. PIDs of all processes in the group: [7383]
[2022-12-12 05:13:25,717] {process_utils.py:80} INFO - Sending the signal Signals.SIGTERM to group 7383
[2022-12-12 05:13:25,812] {taskinstance.py:1541} ERROR - Received SIGTERM. Terminating subprocesses.
[2022-12-12 05:13:27,097] {taskinstance.py:1889} ERROR - Task failed with exception
Traceback (most recent call last):
  File "/home/airflow/.local/lib/python3.7/site-packages/airflow/sensors/base.py", line 299, in execute
    time.sleep(self._get_next_poke_interval(started_at, run_duration, try_number))
  File "/home/airflow/.local/lib/python3.7/site-packages/airflow/models/taskinstance.py", line 1543, in signal_handler
    raise AirflowException("Task received SIGTERM signal")
airflow.exceptions.AirflowException: Task received SIGTERM signal
[2022-12-12 05:13:27,191] {taskinstance.py:1400} INFO - Marking task as FAILED. dag_id=first_dag, task_id=wait_for_file, execution_date=20221211T211700, start_date=20221212T050145, end_date=20221212T051327
[2022-12-12 05:13:27,569] {standard_task_runner.py:97} ERROR - Failed to execute job 1567 for task wait_for_file ((psycopg2.errors.ForeignKeyViolation) insert or update on table "task_fail" violates foreign key constraint "task_fail_ti_fkey"
DETAIL:  Key (dag_id, task_id, run_id, map_index)=(first_dag, wait_for_file, scheduled__2022-12-11T21:17:00+00:00, -1) is not present in table "task_instance".

[SQL: INSERT INTO task_fail (task_id, dag_id, run_id, map_index, start_date, end_date, duration) VALUES (%(task_id)s, %(dag_id)s, %(run_id)s, %(map_index)s, %(start_date)s, %(end_date)s, %(duration)s) RETURNING task_fail.id]
[parameters: {'task_id': 'wait_for_file', 'dag_id': 'first_dag', 'run_id': 'scheduled__2022-12-11T21:17:00+00:00', 'map_index': -1, 'start_date': datetime.datetime(2022, 12, 12, 5, 1, 45, 560015, tzinfo=Timezone('UTC')), 'end_date': datetime.datetime(2022, 12, 12, 5, 13, 27, 175580, tzinfo=Timezone('UTC')), 'duration': 701}]
(Background on this error at: http://sqlalche.me/e/14/gkpj); 7383)
[2022-12-12 05:13:27,811] {process_utils.py:75} INFO - Process psutil.Process(pid=7383, status='terminated', exitcode=1, started='05:01:45') (7383) terminated with exit code 1
