[2022-12-04 19:36:19,431] {taskinstance.py:1159} INFO - Dependencies all met for <TaskInstance: first_dag.generate_two_int_task manual__2022-12-04T19:36:16.311057+00:00 [queued]>
[2022-12-04 19:36:19,446] {taskinstance.py:1159} INFO - Dependencies all met for <TaskInstance: first_dag.generate_two_int_task manual__2022-12-04T19:36:16.311057+00:00 [queued]>
[2022-12-04 19:36:19,448] {taskinstance.py:1356} INFO - 
--------------------------------------------------------------------------------
[2022-12-04 19:36:19,449] {taskinstance.py:1357} INFO - Starting attempt 1 of 1
[2022-12-04 19:36:19,450] {taskinstance.py:1358} INFO - 
--------------------------------------------------------------------------------
[2022-12-04 19:36:19,477] {taskinstance.py:1377} INFO - Executing <Task(PythonOperator): generate_two_int_task> on 2022-12-04 19:36:16.311057+00:00
[2022-12-04 19:36:19,483] {standard_task_runner.py:52} INFO - Started process 579 to run task
[2022-12-04 19:36:19,487] {standard_task_runner.py:79} INFO - Running: ['***', 'tasks', 'run', 'first_dag', 'generate_two_int_task', 'manual__2022-12-04T19:36:16.311057+00:00', '--job-id', '288', '--raw', '--subdir', 'DAGS_FOLDER/first-dag.py', '--cfg-path', '/tmp/tmp3sxwgu2p', '--error-file', '/tmp/tmptkp4jb1a']
[2022-12-04 19:36:19,490] {standard_task_runner.py:80} INFO - Job 288: Subtask generate_two_int_task
[2022-12-04 19:36:19,571] {task_command.py:369} INFO - Running <TaskInstance: first_dag.generate_two_int_task manual__2022-12-04T19:36:16.311057+00:00 [running]> on host 4393b4454aa8
[2022-12-04 19:36:19,726] {taskinstance.py:1571} INFO - Exporting the following env vars:
AIRFLOW_CTX_DAG_OWNER=***
AIRFLOW_CTX_DAG_ID=first_dag
AIRFLOW_CTX_TASK_ID=generate_two_int_task
AIRFLOW_CTX_EXECUTION_DATE=2022-12-04T19:36:16.311057+00:00
AIRFLOW_CTX_TRY_NUMBER=1
AIRFLOW_CTX_DAG_RUN_ID=manual__2022-12-04T19:36:16.311057+00:00
[2022-12-04 19:36:19,750] {python.py:173} INFO - Done. Returned value was: None
[2022-12-04 19:36:19,775] {taskinstance.py:1400} INFO - Marking task as SUCCESS. dag_id=first_dag, task_id=generate_two_int_task, execution_date=20221204T193616, start_date=20221204T193619, end_date=20221204T193619
[2022-12-04 19:36:19,842] {local_task_job.py:156} INFO - Task exited with return code 0
[2022-12-04 19:36:19,900] {local_task_job.py:273} INFO - 1 downstream tasks scheduled from follow-on schedule check
