[2022-12-11 14:50:57,379] {taskinstance.py:1159} INFO - Dependencies all met for <TaskInstance: first_dag.hello_task manual__2022-12-11T14:50:56.762825+00:00 [queued]>
[2022-12-11 14:50:57,396] {taskinstance.py:1159} INFO - Dependencies all met for <TaskInstance: first_dag.hello_task manual__2022-12-11T14:50:56.762825+00:00 [queued]>
[2022-12-11 14:50:57,397] {taskinstance.py:1356} INFO - 
--------------------------------------------------------------------------------
[2022-12-11 14:50:57,398] {taskinstance.py:1357} INFO - Starting attempt 1 of 1
[2022-12-11 14:50:57,399] {taskinstance.py:1358} INFO - 
--------------------------------------------------------------------------------
[2022-12-11 14:50:57,419] {taskinstance.py:1377} INFO - Executing <Task(BashOperator): hello_task> on 2022-12-11 14:50:56.762825+00:00
[2022-12-11 14:50:57,427] {standard_task_runner.py:52} INFO - Started process 1526 to run task
[2022-12-11 14:50:57,437] {standard_task_runner.py:79} INFO - Running: ['***', 'tasks', 'run', 'first_dag', 'hello_task', 'manual__2022-12-11T14:50:56.762825+00:00', '--job-id', '647', '--raw', '--subdir', 'DAGS_FOLDER/first-dag.py', '--cfg-path', '/tmp/tmp00h10i1k', '--error-file', '/tmp/tmpsku92xt2']
[2022-12-11 14:50:57,441] {standard_task_runner.py:80} INFO - Job 647: Subtask hello_task
[2022-12-11 14:50:57,526] {task_command.py:369} INFO - Running <TaskInstance: first_dag.hello_task manual__2022-12-11T14:50:56.762825+00:00 [running]> on host 7e39590a7807
[2022-12-11 14:50:57,639] {taskinstance.py:1571} INFO - Exporting the following env vars:
AIRFLOW_CTX_DAG_OWNER=***
AIRFLOW_CTX_DAG_ID=first_dag
AIRFLOW_CTX_TASK_ID=hello_task
AIRFLOW_CTX_EXECUTION_DATE=2022-12-11T14:50:56.762825+00:00
AIRFLOW_CTX_TRY_NUMBER=1
AIRFLOW_CTX_DAG_RUN_ID=manual__2022-12-11T14:50:56.762825+00:00
[2022-12-11 14:50:57,642] {subprocess.py:62} INFO - Tmp dir root location: 
 /tmp
[2022-12-11 14:50:57,645] {subprocess.py:74} INFO - Running command: ['bash', '-c', 'echo hello']
[2022-12-11 14:50:57,661] {subprocess.py:85} INFO - Output:
[2022-12-11 14:50:57,664] {subprocess.py:92} INFO - hello
[2022-12-11 14:50:57,666] {subprocess.py:96} INFO - Command exited with return code 0
[2022-12-11 14:50:57,711] {taskinstance.py:1400} INFO - Marking task as SUCCESS. dag_id=first_dag, task_id=hello_task, execution_date=20221211T145056, start_date=20221211T145057, end_date=20221211T145057
[2022-12-11 14:50:57,731] {local_task_job.py:156} INFO - Task exited with return code 0
[2022-12-11 14:50:57,796] {local_task_job.py:273} INFO - 1 downstream tasks scheduled from follow-on schedule check
