[2022-12-12 05:14:03,541] {taskinstance.py:1159} INFO - Dependencies all met for <TaskInstance: first_dag.insert_data manual__2022-12-12T05:13:37.283978+00:00 [queued]>
[2022-12-12 05:14:03,592] {taskinstance.py:1159} INFO - Dependencies all met for <TaskInstance: first_dag.insert_data manual__2022-12-12T05:13:37.283978+00:00 [queued]>
[2022-12-12 05:14:03,604] {taskinstance.py:1356} INFO - 
--------------------------------------------------------------------------------
[2022-12-12 05:14:03,608] {taskinstance.py:1357} INFO - Starting attempt 1 of 1
[2022-12-12 05:14:03,609] {taskinstance.py:1358} INFO - 
--------------------------------------------------------------------------------
[2022-12-12 05:14:03,672] {taskinstance.py:1377} INFO - Executing <Task(PythonOperator): insert_data> on 2022-12-12 05:13:37.283978+00:00
[2022-12-12 05:14:03,692] {standard_task_runner.py:52} INFO - Started process 7568 to run task
[2022-12-12 05:14:03,751] {standard_task_runner.py:79} INFO - Running: ['***', 'tasks', 'run', 'first_dag', 'insert_data', 'manual__2022-12-12T05:13:37.283978+00:00', '--job-id', '1603', '--raw', '--subdir', 'DAGS_FOLDER/first-dag.py', '--cfg-path', '/tmp/tmp8ktyiojx', '--error-file', '/tmp/tmp3264o112']
[2022-12-12 05:14:03,760] {standard_task_runner.py:80} INFO - Job 1603: Subtask insert_data
[2022-12-12 05:14:04,122] {task_command.py:369} INFO - Running <TaskInstance: first_dag.insert_data manual__2022-12-12T05:13:37.283978+00:00 [running]> on host 7e39590a7807
[2022-12-12 05:14:04,375] {taskinstance.py:1571} INFO - Exporting the following env vars:
AIRFLOW_CTX_DAG_OWNER=***
AIRFLOW_CTX_DAG_ID=first_dag
AIRFLOW_CTX_TASK_ID=insert_data
AIRFLOW_CTX_EXECUTION_DATE=2022-12-12T05:13:37.283978+00:00
AIRFLOW_CTX_TRY_NUMBER=1
AIRFLOW_CTX_DAG_RUN_ID=manual__2022-12-12T05:13:37.283978+00:00
[2022-12-12 05:14:04,437] {base.py:68} INFO - Using connection ID 'db' for task execution.
[2022-12-12 05:14:04,684] {logging_mixin.py:115} INFO - insert into task(value_1, value_2) VALUES (5,8
);insert into task(value_1, value_2) VALUES (1,6
);insert into task(value_1, value_2) VALUES (6,7
);insert into task(value_1, value_2) VALUES (10,3
);insert into task(value_1, value_2) VALUES (10,7
);
[2022-12-12 05:14:04,728] {logging_mixin.py:115} INFO - PostgreSQL connection is closed
[2022-12-12 05:14:04,729] {python.py:173} INFO - Done. Returned value was: None
[2022-12-12 05:14:04,843] {taskinstance.py:1400} INFO - Marking task as SUCCESS. dag_id=first_dag, task_id=insert_data, execution_date=20221212T051337, start_date=20221212T051403, end_date=20221212T051404
[2022-12-12 05:14:04,953] {local_task_job.py:156} INFO - Task exited with return code 0
[2022-12-12 05:14:05,083] {local_task_job.py:273} INFO - 0 downstream tasks scheduled from follow-on schedule check
