[2022-12-11 15:29:02,106] {taskinstance.py:1159} INFO - Dependencies all met for <TaskInstance: first_dag.world scheduled__2022-12-11T15:28:00+00:00 [queued]>
[2022-12-11 15:29:02,120] {taskinstance.py:1159} INFO - Dependencies all met for <TaskInstance: first_dag.world scheduled__2022-12-11T15:28:00+00:00 [queued]>
[2022-12-11 15:29:02,121] {taskinstance.py:1356} INFO - 
--------------------------------------------------------------------------------
[2022-12-11 15:29:02,122] {taskinstance.py:1357} INFO - Starting attempt 1 of 1
[2022-12-11 15:29:02,123] {taskinstance.py:1358} INFO - 
--------------------------------------------------------------------------------
[2022-12-11 15:29:02,142] {taskinstance.py:1377} INFO - Executing <Task(PythonOperator): world> on 2022-12-11 15:28:00+00:00
[2022-12-11 15:29:02,152] {standard_task_runner.py:52} INFO - Started process 2717 to run task
[2022-12-11 15:29:02,156] {standard_task_runner.py:79} INFO - Running: ['***', 'tasks', 'run', 'first_dag', 'world', 'scheduled__2022-12-11T15:28:00+00:00', '--job-id', '938', '--raw', '--subdir', 'DAGS_FOLDER/first-dag.py', '--cfg-path', '/tmp/tmp5zxzn24v', '--error-file', '/tmp/tmp34u43k_0']
[2022-12-11 15:29:02,159] {standard_task_runner.py:80} INFO - Job 938: Subtask world
[2022-12-11 15:29:02,270] {task_command.py:369} INFO - Running <TaskInstance: first_dag.world scheduled__2022-12-11T15:28:00+00:00 [running]> on host 7e39590a7807
[2022-12-11 15:29:02,376] {taskinstance.py:1571} INFO - Exporting the following env vars:
AIRFLOW_CTX_DAG_OWNER=***
AIRFLOW_CTX_DAG_ID=first_dag
AIRFLOW_CTX_TASK_ID=world
AIRFLOW_CTX_EXECUTION_DATE=2022-12-11T15:28:00+00:00
AIRFLOW_CTX_TRY_NUMBER=1
AIRFLOW_CTX_DAG_RUN_ID=scheduled__2022-12-11T15:28:00+00:00
[2022-12-11 15:29:02,378] {logging_mixin.py:115} INFO - Airflow
[2022-12-11 15:29:02,381] {python.py:173} INFO - Done. Returned value was: None
[2022-12-11 15:29:02,402] {taskinstance.py:1400} INFO - Marking task as SUCCESS. dag_id=first_dag, task_id=world, execution_date=20221211T152800, start_date=20221211T152902, end_date=20221211T152902
[2022-12-11 15:29:02,457] {local_task_job.py:156} INFO - Task exited with return code 0
[2022-12-11 15:29:02,516] {local_task_job.py:273} INFO - 1 downstream tasks scheduled from follow-on schedule check
[2022-12-11 15:29:33,427] {taskinstance.py:1159} INFO - Dependencies all met for <TaskInstance: first_dag.world scheduled__2022-12-11T15:28:00+00:00 [queued]>
[2022-12-11 15:29:33,441] {taskinstance.py:1159} INFO - Dependencies all met for <TaskInstance: first_dag.world scheduled__2022-12-11T15:28:00+00:00 [queued]>
[2022-12-11 15:29:33,443] {taskinstance.py:1356} INFO - 
--------------------------------------------------------------------------------
[2022-12-11 15:29:33,444] {taskinstance.py:1357} INFO - Starting attempt 1 of 1
[2022-12-11 15:29:33,445] {taskinstance.py:1358} INFO - 
--------------------------------------------------------------------------------
[2022-12-11 15:29:33,468] {taskinstance.py:1377} INFO - Executing <Task(PythonOperator): world> on 2022-12-11 15:28:00+00:00
[2022-12-11 15:29:33,473] {standard_task_runner.py:52} INFO - Started process 2733 to run task
[2022-12-11 15:29:33,477] {standard_task_runner.py:79} INFO - Running: ['***', 'tasks', 'run', 'first_dag', 'world', 'scheduled__2022-12-11T15:28:00+00:00', '--job-id', '943', '--raw', '--subdir', 'DAGS_FOLDER/first-dag.py', '--cfg-path', '/tmp/tmp3u42c135', '--error-file', '/tmp/tmpcbaqxd5_']
[2022-12-11 15:29:33,479] {standard_task_runner.py:80} INFO - Job 943: Subtask world
[2022-12-11 15:29:33,565] {task_command.py:369} INFO - Running <TaskInstance: first_dag.world scheduled__2022-12-11T15:28:00+00:00 [running]> on host 7e39590a7807
[2022-12-11 15:29:33,668] {taskinstance.py:1571} INFO - Exporting the following env vars:
AIRFLOW_CTX_DAG_OWNER=***
AIRFLOW_CTX_DAG_ID=first_dag
AIRFLOW_CTX_TASK_ID=world
AIRFLOW_CTX_EXECUTION_DATE=2022-12-11T15:28:00+00:00
AIRFLOW_CTX_TRY_NUMBER=1
AIRFLOW_CTX_DAG_RUN_ID=scheduled__2022-12-11T15:28:00+00:00
[2022-12-11 15:29:33,670] {logging_mixin.py:115} INFO - Airflow
[2022-12-11 15:29:33,672] {python.py:173} INFO - Done. Returned value was: None
[2022-12-11 15:29:33,693] {taskinstance.py:1400} INFO - Marking task as SUCCESS. dag_id=first_dag, task_id=world, execution_date=20221211T152800, start_date=20221211T152933, end_date=20221211T152933
[2022-12-11 15:29:33,740] {local_task_job.py:156} INFO - Task exited with return code 0
[2022-12-11 15:29:33,805] {local_task_job.py:273} INFO - 1 downstream tasks scheduled from follow-on schedule check
