[2022-12-11 14:41:05,302] {taskinstance.py:1159} INFO - Dependencies all met for <TaskInstance: first_dag.write_diff_task scheduled__2022-12-11T14:40:00+00:00 [queued]>
[2022-12-11 14:41:05,320] {taskinstance.py:1159} INFO - Dependencies all met for <TaskInstance: first_dag.write_diff_task scheduled__2022-12-11T14:40:00+00:00 [queued]>
[2022-12-11 14:41:05,321] {taskinstance.py:1356} INFO - 
--------------------------------------------------------------------------------
[2022-12-11 14:41:05,323] {taskinstance.py:1357} INFO - Starting attempt 1 of 1
[2022-12-11 14:41:05,323] {taskinstance.py:1358} INFO - 
--------------------------------------------------------------------------------
[2022-12-11 14:41:05,339] {taskinstance.py:1377} INFO - Executing <Task(PythonOperator): write_diff_task> on 2022-12-11 14:40:00+00:00
[2022-12-11 14:41:05,345] {standard_task_runner.py:52} INFO - Started process 1224 to run task
[2022-12-11 14:41:05,352] {standard_task_runner.py:79} INFO - Running: ['***', 'tasks', 'run', 'first_dag', 'write_diff_task', 'scheduled__2022-12-11T14:40:00+00:00', '--job-id', '581', '--raw', '--subdir', 'DAGS_FOLDER/first-dag.py', '--cfg-path', '/tmp/tmpz6hbt79w', '--error-file', '/tmp/tmppps6csmh']
[2022-12-11 14:41:05,354] {standard_task_runner.py:80} INFO - Job 581: Subtask write_diff_task
[2022-12-11 14:41:05,429] {task_command.py:369} INFO - Running <TaskInstance: first_dag.write_diff_task scheduled__2022-12-11T14:40:00+00:00 [running]> on host 7e39590a7807
[2022-12-11 14:41:05,544] {taskinstance.py:1571} INFO - Exporting the following env vars:
AIRFLOW_CTX_DAG_OWNER=***
AIRFLOW_CTX_DAG_ID=first_dag
AIRFLOW_CTX_TASK_ID=write_diff_task
AIRFLOW_CTX_EXECUTION_DATE=2022-12-11T14:40:00+00:00
AIRFLOW_CTX_TRY_NUMBER=1
AIRFLOW_CTX_DAG_RUN_ID=scheduled__2022-12-11T14:40:00+00:00
[2022-12-11 14:41:05,577] {logging_mixin.py:115} INFO - res 39447
[2022-12-11 14:41:05,579] {python.py:173} INFO - Done. Returned value was: None
[2022-12-11 14:41:05,600] {taskinstance.py:1400} INFO - Marking task as SUCCESS. dag_id=first_dag, task_id=write_diff_task, execution_date=20221211T144000, start_date=20221211T144105, end_date=20221211T144105
[2022-12-11 14:41:05,644] {local_task_job.py:156} INFO - Task exited with return code 0
[2022-12-11 14:41:05,691] {local_task_job.py:273} INFO - 0 downstream tasks scheduled from follow-on schedule check
[2022-12-11 14:50:04,880] {taskinstance.py:1159} INFO - Dependencies all met for <TaskInstance: first_dag.write_diff_task scheduled__2022-12-11T14:40:00+00:00 [queued]>
[2022-12-11 14:50:04,893] {taskinstance.py:1159} INFO - Dependencies all met for <TaskInstance: first_dag.write_diff_task scheduled__2022-12-11T14:40:00+00:00 [queued]>
[2022-12-11 14:50:04,894] {taskinstance.py:1356} INFO - 
--------------------------------------------------------------------------------
[2022-12-11 14:50:04,895] {taskinstance.py:1357} INFO - Starting attempt 1 of 1
[2022-12-11 14:50:04,896] {taskinstance.py:1358} INFO - 
--------------------------------------------------------------------------------
[2022-12-11 14:50:04,915] {taskinstance.py:1377} INFO - Executing <Task(PythonOperator): write_diff_task> on 2022-12-11 14:40:00+00:00
[2022-12-11 14:50:04,919] {standard_task_runner.py:52} INFO - Started process 1482 to run task
[2022-12-11 14:50:04,927] {standard_task_runner.py:79} INFO - Running: ['***', 'tasks', 'run', 'first_dag', 'write_diff_task', 'scheduled__2022-12-11T14:40:00+00:00', '--job-id', '636', '--raw', '--subdir', 'DAGS_FOLDER/first-dag.py', '--cfg-path', '/tmp/tmpwcnlbq0u', '--error-file', '/tmp/tmpn3nack6r']
[2022-12-11 14:50:04,929] {standard_task_runner.py:80} INFO - Job 636: Subtask write_diff_task
[2022-12-11 14:50:05,039] {task_command.py:369} INFO - Running <TaskInstance: first_dag.write_diff_task scheduled__2022-12-11T14:40:00+00:00 [running]> on host 7e39590a7807
[2022-12-11 14:50:05,142] {taskinstance.py:1571} INFO - Exporting the following env vars:
AIRFLOW_CTX_DAG_OWNER=***
AIRFLOW_CTX_DAG_ID=first_dag
AIRFLOW_CTX_TASK_ID=write_diff_task
AIRFLOW_CTX_EXECUTION_DATE=2022-12-11T14:40:00+00:00
AIRFLOW_CTX_TRY_NUMBER=1
AIRFLOW_CTX_DAG_RUN_ID=scheduled__2022-12-11T14:40:00+00:00
[2022-12-11 14:50:05,176] {logging_mixin.py:115} INFO - res -1
[2022-12-11 14:50:05,178] {python.py:173} INFO - Done. Returned value was: None
[2022-12-11 14:50:05,195] {taskinstance.py:1400} INFO - Marking task as SUCCESS. dag_id=first_dag, task_id=write_diff_task, execution_date=20221211T144000, start_date=20221211T145004, end_date=20221211T145005
[2022-12-11 14:50:05,262] {local_task_job.py:156} INFO - Task exited with return code 0
[2022-12-11 14:50:05,312] {local_task_job.py:273} INFO - 0 downstream tasks scheduled from follow-on schedule check
