[2022-12-11 14:42:55,088] {taskinstance.py:1159} INFO - Dependencies all met for <TaskInstance: first_dag.world manual__2022-12-11T14:42:53.012916+00:00 [queued]>
[2022-12-11 14:42:55,117] {taskinstance.py:1159} INFO - Dependencies all met for <TaskInstance: first_dag.world manual__2022-12-11T14:42:53.012916+00:00 [queued]>
[2022-12-11 14:42:55,119] {taskinstance.py:1356} INFO - 
--------------------------------------------------------------------------------
[2022-12-11 14:42:55,120] {taskinstance.py:1357} INFO - Starting attempt 1 of 1
[2022-12-11 14:42:55,120] {taskinstance.py:1358} INFO - 
--------------------------------------------------------------------------------
[2022-12-11 14:42:55,153] {taskinstance.py:1377} INFO - Executing <Task(PythonOperator): world> on 2022-12-11 14:42:53.012916+00:00
[2022-12-11 14:42:55,161] {standard_task_runner.py:52} INFO - Started process 1270 to run task
[2022-12-11 14:42:55,170] {standard_task_runner.py:79} INFO - Running: ['***', 'tasks', 'run', 'first_dag', 'world', 'manual__2022-12-11T14:42:53.012916+00:00', '--job-id', '591', '--raw', '--subdir', 'DAGS_FOLDER/first-dag.py', '--cfg-path', '/tmp/tmpq7zdoeqa', '--error-file', '/tmp/tmpa8ts8fa4']
[2022-12-11 14:42:55,173] {standard_task_runner.py:80} INFO - Job 591: Subtask world
[2022-12-11 14:42:55,259] {task_command.py:369} INFO - Running <TaskInstance: first_dag.world manual__2022-12-11T14:42:53.012916+00:00 [running]> on host 7e39590a7807
[2022-12-11 14:42:55,396] {taskinstance.py:1571} INFO - Exporting the following env vars:
AIRFLOW_CTX_DAG_OWNER=***
AIRFLOW_CTX_DAG_ID=first_dag
AIRFLOW_CTX_TASK_ID=world
AIRFLOW_CTX_EXECUTION_DATE=2022-12-11T14:42:53.012916+00:00
AIRFLOW_CTX_TRY_NUMBER=1
AIRFLOW_CTX_DAG_RUN_ID=manual__2022-12-11T14:42:53.012916+00:00
[2022-12-11 14:42:55,398] {logging_mixin.py:115} INFO - Airflow
[2022-12-11 14:42:55,399] {python.py:173} INFO - Done. Returned value was: None
[2022-12-11 14:42:55,428] {taskinstance.py:1400} INFO - Marking task as SUCCESS. dag_id=first_dag, task_id=world, execution_date=20221211T144253, start_date=20221211T144255, end_date=20221211T144255
[2022-12-11 14:42:55,463] {local_task_job.py:156} INFO - Task exited with return code 0
[2022-12-11 14:42:55,541] {local_task_job.py:273} INFO - 1 downstream tasks scheduled from follow-on schedule check
