[2022-12-11 20:39:07,602] {taskinstance.py:1159} INFO - Dependencies all met for <TaskInstance: first_dag.insert_data manual__2022-12-11T20:37:51.252016+00:00 [queued]>
[2022-12-11 20:39:07,652] {taskinstance.py:1159} INFO - Dependencies all met for <TaskInstance: first_dag.insert_data manual__2022-12-11T20:37:51.252016+00:00 [queued]>
[2022-12-11 20:39:07,653] {taskinstance.py:1356} INFO - 
--------------------------------------------------------------------------------
[2022-12-11 20:39:07,654] {taskinstance.py:1357} INFO - Starting attempt 1 of 1
[2022-12-11 20:39:07,655] {taskinstance.py:1358} INFO - 
--------------------------------------------------------------------------------
[2022-12-11 20:39:07,691] {taskinstance.py:1377} INFO - Executing <Task(PythonOperator): insert_data> on 2022-12-11 20:37:51.252016+00:00
[2022-12-11 20:39:07,700] {standard_task_runner.py:52} INFO - Started process 6238 to run task
[2022-12-11 20:39:07,724] {standard_task_runner.py:79} INFO - Running: ['***', 'tasks', 'run', 'first_dag', 'insert_data', 'manual__2022-12-11T20:37:51.252016+00:00', '--job-id', '1513', '--raw', '--subdir', 'DAGS_FOLDER/first-dag.py', '--cfg-path', '/tmp/tmppq9mmj75', '--error-file', '/tmp/tmpeglwr1iv']
[2022-12-11 20:39:07,732] {standard_task_runner.py:80} INFO - Job 1513: Subtask insert_data
[2022-12-11 20:39:07,963] {task_command.py:369} INFO - Running <TaskInstance: first_dag.insert_data manual__2022-12-11T20:37:51.252016+00:00 [running]> on host 7e39590a7807
[2022-12-11 20:39:08,113] {taskinstance.py:1571} INFO - Exporting the following env vars:
AIRFLOW_CTX_DAG_OWNER=***
AIRFLOW_CTX_DAG_ID=first_dag
AIRFLOW_CTX_TASK_ID=insert_data
AIRFLOW_CTX_EXECUTION_DATE=2022-12-11T20:37:51.252016+00:00
AIRFLOW_CTX_TRY_NUMBER=1
AIRFLOW_CTX_DAG_RUN_ID=manual__2022-12-11T20:37:51.252016+00:00
[2022-12-11 20:39:08,165] {base.py:68} INFO - Using connection ID 'db' for task execution.
[2022-12-11 20:39:08,201] {logging_mixin.py:115} INFO - insert into task(value_1, value_2) VALUES (7,6
);insert into task(value_1, value_2) VALUES (7,7
);insert into task(value_1, value_2) VALUES (6,9
);insert into task(value_1, value_2) VALUES (5,3
);insert into task(value_1, value_2) VALUES (9,9
);
[2022-12-11 20:39:08,207] {logging_mixin.py:115} INFO - PostgreSQL connection is closed
[2022-12-11 20:39:08,209] {python.py:173} INFO - Done. Returned value was: None
[2022-12-11 20:39:08,268] {taskinstance.py:1400} INFO - Marking task as SUCCESS. dag_id=first_dag, task_id=insert_data, execution_date=20221211T203751, start_date=20221211T203907, end_date=20221211T203908
[2022-12-11 20:39:08,304] {local_task_job.py:156} INFO - Task exited with return code 0
[2022-12-11 20:39:08,428] {local_task_job.py:273} INFO - 0 downstream tasks scheduled from follow-on schedule check
