[2022-12-04 19:36:29,449] {taskinstance.py:1159} INFO - Dependencies all met for <TaskInstance: first_dag.world manual__2022-12-04T19:36:27.696045+00:00 [queued]>
[2022-12-04 19:36:29,466] {taskinstance.py:1159} INFO - Dependencies all met for <TaskInstance: first_dag.world manual__2022-12-04T19:36:27.696045+00:00 [queued]>
[2022-12-04 19:36:29,467] {taskinstance.py:1356} INFO - 
--------------------------------------------------------------------------------
[2022-12-04 19:36:29,468] {taskinstance.py:1357} INFO - Starting attempt 1 of 1
[2022-12-04 19:36:29,469] {taskinstance.py:1358} INFO - 
--------------------------------------------------------------------------------
[2022-12-04 19:36:29,488] {taskinstance.py:1377} INFO - Executing <Task(PythonOperator): world> on 2022-12-04 19:36:27.696045+00:00
[2022-12-04 19:36:29,492] {standard_task_runner.py:52} INFO - Started process 593 to run task
[2022-12-04 19:36:29,503] {standard_task_runner.py:79} INFO - Running: ['***', 'tasks', 'run', 'first_dag', 'world', 'manual__2022-12-04T19:36:27.696045+00:00', '--job-id', '293', '--raw', '--subdir', 'DAGS_FOLDER/first-dag.py', '--cfg-path', '/tmp/tmp9linqyuh', '--error-file', '/tmp/tmp_f0y6epb']
[2022-12-04 19:36:29,506] {standard_task_runner.py:80} INFO - Job 293: Subtask world
[2022-12-04 19:36:29,584] {task_command.py:369} INFO - Running <TaskInstance: first_dag.world manual__2022-12-04T19:36:27.696045+00:00 [running]> on host 4393b4454aa8
[2022-12-04 19:36:29,693] {taskinstance.py:1571} INFO - Exporting the following env vars:
AIRFLOW_CTX_DAG_OWNER=***
AIRFLOW_CTX_DAG_ID=first_dag
AIRFLOW_CTX_TASK_ID=world
AIRFLOW_CTX_EXECUTION_DATE=2022-12-04T19:36:27.696045+00:00
AIRFLOW_CTX_TRY_NUMBER=1
AIRFLOW_CTX_DAG_RUN_ID=manual__2022-12-04T19:36:27.696045+00:00
[2022-12-04 19:36:29,695] {logging_mixin.py:115} INFO - Airflow
[2022-12-04 19:36:29,697] {python.py:173} INFO - Done. Returned value was: None
[2022-12-04 19:36:29,718] {taskinstance.py:1400} INFO - Marking task as SUCCESS. dag_id=first_dag, task_id=world, execution_date=20221204T193627, start_date=20221204T193629, end_date=20221204T193629
[2022-12-04 19:36:29,752] {local_task_job.py:156} INFO - Task exited with return code 0
[2022-12-04 19:36:29,817] {local_task_job.py:273} INFO - 1 downstream tasks scheduled from follow-on schedule check
