[2022-12-11 16:16:02,781] {taskinstance.py:1159} INFO - Dependencies all met for <TaskInstance: first_dag.world scheduled__2022-12-11T16:14:00+00:00 [queued]>
[2022-12-11 16:16:02,803] {taskinstance.py:1159} INFO - Dependencies all met for <TaskInstance: first_dag.world scheduled__2022-12-11T16:14:00+00:00 [queued]>
[2022-12-11 16:16:02,805] {taskinstance.py:1356} INFO - 
--------------------------------------------------------------------------------
[2022-12-11 16:16:02,806] {taskinstance.py:1357} INFO - Starting attempt 1 of 1
[2022-12-11 16:16:02,807] {taskinstance.py:1358} INFO - 
--------------------------------------------------------------------------------
[2022-12-11 16:16:02,846] {taskinstance.py:1377} INFO - Executing <Task(PythonOperator): world> on 2022-12-11 16:14:00+00:00
[2022-12-11 16:16:02,858] {standard_task_runner.py:52} INFO - Started process 2995 to run task
[2022-12-11 16:16:02,870] {standard_task_runner.py:79} INFO - Running: ['***', 'tasks', 'run', 'first_dag', 'world', 'scheduled__2022-12-11T16:14:00+00:00', '--job-id', '1004', '--raw', '--subdir', 'DAGS_FOLDER/first-dag.py', '--cfg-path', '/tmp/tmpedtd8h_m', '--error-file', '/tmp/tmpkdu_460r']
[2022-12-11 16:16:02,873] {standard_task_runner.py:80} INFO - Job 1004: Subtask world
[2022-12-11 16:16:02,961] {task_command.py:369} INFO - Running <TaskInstance: first_dag.world scheduled__2022-12-11T16:14:00+00:00 [running]> on host 7e39590a7807
[2022-12-11 16:16:03,100] {taskinstance.py:1571} INFO - Exporting the following env vars:
AIRFLOW_CTX_DAG_OWNER=***
AIRFLOW_CTX_DAG_ID=first_dag
AIRFLOW_CTX_TASK_ID=world
AIRFLOW_CTX_EXECUTION_DATE=2022-12-11T16:14:00+00:00
AIRFLOW_CTX_TRY_NUMBER=1
AIRFLOW_CTX_DAG_RUN_ID=scheduled__2022-12-11T16:14:00+00:00
[2022-12-11 16:16:03,102] {logging_mixin.py:115} INFO - Airflow
[2022-12-11 16:16:03,110] {python.py:173} INFO - Done. Returned value was: None
[2022-12-11 16:16:03,148] {taskinstance.py:1400} INFO - Marking task as SUCCESS. dag_id=first_dag, task_id=world, execution_date=20221211T161400, start_date=20221211T161602, end_date=20221211T161603
[2022-12-11 16:16:03,201] {local_task_job.py:156} INFO - Task exited with return code 0
[2022-12-11 16:16:03,277] {local_task_job.py:273} INFO - 1 downstream tasks scheduled from follow-on schedule check
