[2022-12-04 19:35:06,134] {taskinstance.py:1159} INFO - Dependencies all met for <TaskInstance: first_dag.generate_two_int_task manual__2022-12-04T19:35:02.066188+00:00 [queued]>
[2022-12-04 19:35:06,153] {taskinstance.py:1159} INFO - Dependencies all met for <TaskInstance: first_dag.generate_two_int_task manual__2022-12-04T19:35:02.066188+00:00 [queued]>
[2022-12-04 19:35:06,154] {taskinstance.py:1356} INFO - 
--------------------------------------------------------------------------------
[2022-12-04 19:35:06,155] {taskinstance.py:1357} INFO - Starting attempt 1 of 1
[2022-12-04 19:35:06,157] {taskinstance.py:1358} INFO - 
--------------------------------------------------------------------------------
[2022-12-04 19:35:06,182] {taskinstance.py:1377} INFO - Executing <Task(PythonOperator): generate_two_int_task> on 2022-12-04 19:35:02.066188+00:00
[2022-12-04 19:35:06,191] {standard_task_runner.py:52} INFO - Started process 530 to run task
[2022-12-04 19:35:06,200] {standard_task_runner.py:79} INFO - Running: ['***', 'tasks', 'run', 'first_dag', 'generate_two_int_task', 'manual__2022-12-04T19:35:02.066188+00:00', '--job-id', '276', '--raw', '--subdir', 'DAGS_FOLDER/first-dag.py', '--cfg-path', '/tmp/tmp19_5gh4i', '--error-file', '/tmp/tmp50p14s9o']
[2022-12-04 19:35:06,204] {standard_task_runner.py:80} INFO - Job 276: Subtask generate_two_int_task
[2022-12-04 19:35:06,285] {task_command.py:369} INFO - Running <TaskInstance: first_dag.generate_two_int_task manual__2022-12-04T19:35:02.066188+00:00 [running]> on host 4393b4454aa8
[2022-12-04 19:35:06,384] {taskinstance.py:1571} INFO - Exporting the following env vars:
AIRFLOW_CTX_DAG_OWNER=***
AIRFLOW_CTX_DAG_ID=first_dag
AIRFLOW_CTX_TASK_ID=generate_two_int_task
AIRFLOW_CTX_EXECUTION_DATE=2022-12-04T19:35:02.066188+00:00
AIRFLOW_CTX_TRY_NUMBER=1
AIRFLOW_CTX_DAG_RUN_ID=manual__2022-12-04T19:35:02.066188+00:00
[2022-12-04 19:35:06,404] {python.py:173} INFO - Done. Returned value was: None
[2022-12-04 19:35:06,427] {taskinstance.py:1400} INFO - Marking task as SUCCESS. dag_id=first_dag, task_id=generate_two_int_task, execution_date=20221204T193502, start_date=20221204T193506, end_date=20221204T193506
[2022-12-04 19:35:06,450] {local_task_job.py:156} INFO - Task exited with return code 0
[2022-12-04 19:35:06,507] {local_task_job.py:273} INFO - 1 downstream tasks scheduled from follow-on schedule check
