[2022-12-11 15:08:48,368] {taskinstance.py:1159} INFO - Dependencies all met for <TaskInstance: first_dag.hello_task manual__2022-12-11T15:08:47.522890+00:00 [queued]>
[2022-12-11 15:08:48,430] {taskinstance.py:1159} INFO - Dependencies all met for <TaskInstance: first_dag.hello_task manual__2022-12-11T15:08:47.522890+00:00 [queued]>
[2022-12-11 15:08:48,432] {taskinstance.py:1356} INFO - 
--------------------------------------------------------------------------------
[2022-12-11 15:08:48,434] {taskinstance.py:1357} INFO - Starting attempt 1 of 1
[2022-12-11 15:08:48,437] {taskinstance.py:1358} INFO - 
--------------------------------------------------------------------------------
[2022-12-11 15:08:48,534] {taskinstance.py:1377} INFO - Executing <Task(BashOperator): hello_task> on 2022-12-11 15:08:47.522890+00:00
[2022-12-11 15:08:48,539] {standard_task_runner.py:52} INFO - Started process 1926 to run task
[2022-12-11 15:08:48,557] {standard_task_runner.py:79} INFO - Running: ['***', 'tasks', 'run', 'first_dag', 'hello_task', 'manual__2022-12-11T15:08:47.522890+00:00', '--job-id', '721', '--raw', '--subdir', 'DAGS_FOLDER/first-dag.py', '--cfg-path', '/tmp/tmpgr8yjch3', '--error-file', '/tmp/tmpe4srfo1d']
[2022-12-11 15:08:48,560] {standard_task_runner.py:80} INFO - Job 721: Subtask hello_task
[2022-12-11 15:08:48,849] {task_command.py:369} INFO - Running <TaskInstance: first_dag.hello_task manual__2022-12-11T15:08:47.522890+00:00 [running]> on host 7e39590a7807
[2022-12-11 15:08:49,299] {taskinstance.py:1571} INFO - Exporting the following env vars:
AIRFLOW_CTX_DAG_OWNER=***
AIRFLOW_CTX_DAG_ID=first_dag
AIRFLOW_CTX_TASK_ID=hello_task
AIRFLOW_CTX_EXECUTION_DATE=2022-12-11T15:08:47.522890+00:00
AIRFLOW_CTX_TRY_NUMBER=1
AIRFLOW_CTX_DAG_RUN_ID=manual__2022-12-11T15:08:47.522890+00:00
[2022-12-11 15:08:49,321] {subprocess.py:62} INFO - Tmp dir root location: 
 /tmp
[2022-12-11 15:08:49,327] {subprocess.py:74} INFO - Running command: ['bash', '-c', 'echo hello']
[2022-12-11 15:08:49,416] {subprocess.py:85} INFO - Output:
[2022-12-11 15:08:49,507] {subprocess.py:92} INFO - hello
[2022-12-11 15:08:49,534] {subprocess.py:96} INFO - Command exited with return code 0
[2022-12-11 15:08:49,744] {taskinstance.py:1400} INFO - Marking task as SUCCESS. dag_id=first_dag, task_id=hello_task, execution_date=20221211T150847, start_date=20221211T150848, end_date=20221211T150849
[2022-12-11 15:08:49,879] {local_task_job.py:156} INFO - Task exited with return code 0
[2022-12-11 15:08:50,005] {local_task_job.py:273} INFO - 1 downstream tasks scheduled from follow-on schedule check
