[2022-12-11 17:09:28,941] {taskinstance.py:1159} INFO - Dependencies all met for <TaskInstance: first_dag.write_diff_task manual__2022-12-11T17:09:04.443777+00:00 [queued]>
[2022-12-11 17:09:28,980] {taskinstance.py:1159} INFO - Dependencies all met for <TaskInstance: first_dag.write_diff_task manual__2022-12-11T17:09:04.443777+00:00 [queued]>
[2022-12-11 17:09:28,982] {taskinstance.py:1356} INFO - 
--------------------------------------------------------------------------------
[2022-12-11 17:09:28,984] {taskinstance.py:1357} INFO - Starting attempt 1 of 1
[2022-12-11 17:09:28,985] {taskinstance.py:1358} INFO - 
--------------------------------------------------------------------------------
[2022-12-11 17:09:29,023] {taskinstance.py:1377} INFO - Executing <Task(PythonOperator): write_diff_task> on 2022-12-11 17:09:04.443777+00:00
[2022-12-11 17:09:29,036] {standard_task_runner.py:52} INFO - Started process 3718 to run task
[2022-12-11 17:09:29,067] {standard_task_runner.py:79} INFO - Running: ['***', 'tasks', 'run', 'first_dag', 'write_diff_task', 'manual__2022-12-11T17:09:04.443777+00:00', '--job-id', '1086', '--raw', '--subdir', 'DAGS_FOLDER/first-dag.py', '--cfg-path', '/tmp/tmpe2v1kld4', '--error-file', '/tmp/tmpq2razo8i']
[2022-12-11 17:09:29,071] {standard_task_runner.py:80} INFO - Job 1086: Subtask write_diff_task
[2022-12-11 17:09:29,401] {task_command.py:369} INFO - Running <TaskInstance: first_dag.write_diff_task manual__2022-12-11T17:09:04.443777+00:00 [running]> on host 7e39590a7807
[2022-12-11 17:09:29,705] {taskinstance.py:1571} INFO - Exporting the following env vars:
AIRFLOW_CTX_DAG_OWNER=***
AIRFLOW_CTX_DAG_ID=first_dag
AIRFLOW_CTX_TASK_ID=write_diff_task
AIRFLOW_CTX_EXECUTION_DATE=2022-12-11T17:09:04.443777+00:00
AIRFLOW_CTX_TRY_NUMBER=1
AIRFLOW_CTX_DAG_RUN_ID=manual__2022-12-11T17:09:04.443777+00:00
[2022-12-11 17:09:29,808] {python.py:173} INFO - Done. Returned value was: None
[2022-12-11 17:09:29,846] {taskinstance.py:1400} INFO - Marking task as SUCCESS. dag_id=first_dag, task_id=write_diff_task, execution_date=20221211T170904, start_date=20221211T170928, end_date=20221211T170929
[2022-12-11 17:09:29,928] {local_task_job.py:156} INFO - Task exited with return code 0
[2022-12-11 17:09:30,036] {local_task_job.py:273} INFO - 1 downstream tasks scheduled from follow-on schedule check
