[2022-12-11 14:04:02,716] {taskinstance.py:1159} INFO - Dependencies all met for <TaskInstance: first_dag.world scheduled__2022-12-10T00:00:00+00:00 [queued]>
[2022-12-11 14:04:02,748] {taskinstance.py:1159} INFO - Dependencies all met for <TaskInstance: first_dag.world scheduled__2022-12-10T00:00:00+00:00 [queued]>
[2022-12-11 14:04:02,749] {taskinstance.py:1356} INFO - 
--------------------------------------------------------------------------------
[2022-12-11 14:04:02,752] {taskinstance.py:1357} INFO - Starting attempt 1 of 1
[2022-12-11 14:04:02,753] {taskinstance.py:1358} INFO - 
--------------------------------------------------------------------------------
[2022-12-11 14:04:02,812] {taskinstance.py:1377} INFO - Executing <Task(PythonOperator): world> on 2022-12-10 00:00:00+00:00
[2022-12-11 14:04:02,825] {standard_task_runner.py:52} INFO - Started process 195 to run task
[2022-12-11 14:04:02,840] {standard_task_runner.py:79} INFO - Running: ['***', 'tasks', 'run', 'first_dag', 'world', 'scheduled__2022-12-10T00:00:00+00:00', '--job-id', '328', '--raw', '--subdir', 'DAGS_FOLDER/first-dag.py', '--cfg-path', '/tmp/tmp961m3hkz', '--error-file', '/tmp/tmps64l3myv']
[2022-12-11 14:04:02,853] {standard_task_runner.py:80} INFO - Job 328: Subtask world
[2022-12-11 14:04:03,110] {task_command.py:369} INFO - Running <TaskInstance: first_dag.world scheduled__2022-12-10T00:00:00+00:00 [running]> on host 7e39590a7807
[2022-12-11 14:04:03,341] {taskinstance.py:1571} INFO - Exporting the following env vars:
AIRFLOW_CTX_DAG_OWNER=***
AIRFLOW_CTX_DAG_ID=first_dag
AIRFLOW_CTX_TASK_ID=world
AIRFLOW_CTX_EXECUTION_DATE=2022-12-10T00:00:00+00:00
AIRFLOW_CTX_TRY_NUMBER=1
AIRFLOW_CTX_DAG_RUN_ID=scheduled__2022-12-10T00:00:00+00:00
[2022-12-11 14:04:03,346] {logging_mixin.py:115} INFO - Airflow
[2022-12-11 14:04:03,347] {python.py:173} INFO - Done. Returned value was: None
[2022-12-11 14:04:03,369] {taskinstance.py:1400} INFO - Marking task as SUCCESS. dag_id=first_dag, task_id=world, execution_date=20221210T000000, start_date=20221211T140402, end_date=20221211T140403
[2022-12-11 14:04:03,414] {local_task_job.py:156} INFO - Task exited with return code 0
[2022-12-11 14:04:03,514] {local_task_job.py:273} INFO - 1 downstream tasks scheduled from follow-on schedule check
