[2022-12-11 15:10:45,887] {taskinstance.py:1159} INFO - Dependencies all met for <TaskInstance: first_dag.hello_task manual__2022-12-11T15:10:44.846623+00:00 [queued]>
[2022-12-11 15:10:45,908] {taskinstance.py:1159} INFO - Dependencies all met for <TaskInstance: first_dag.hello_task manual__2022-12-11T15:10:44.846623+00:00 [queued]>
[2022-12-11 15:10:45,909] {taskinstance.py:1356} INFO - 
--------------------------------------------------------------------------------
[2022-12-11 15:10:45,910] {taskinstance.py:1357} INFO - Starting attempt 1 of 1
[2022-12-11 15:10:45,911] {taskinstance.py:1358} INFO - 
--------------------------------------------------------------------------------
[2022-12-11 15:10:45,931] {taskinstance.py:1377} INFO - Executing <Task(BashOperator): hello_task> on 2022-12-11 15:10:44.846623+00:00
[2022-12-11 15:10:45,937] {standard_task_runner.py:52} INFO - Started process 2033 to run task
[2022-12-11 15:10:45,946] {standard_task_runner.py:79} INFO - Running: ['***', 'tasks', 'run', 'first_dag', 'hello_task', 'manual__2022-12-11T15:10:44.846623+00:00', '--job-id', '747', '--raw', '--subdir', 'DAGS_FOLDER/first-dag.py', '--cfg-path', '/tmp/tmp08gcnjgr', '--error-file', '/tmp/tmpf5sb2o90']
[2022-12-11 15:10:45,947] {standard_task_runner.py:80} INFO - Job 747: Subtask hello_task
[2022-12-11 15:10:46,041] {task_command.py:369} INFO - Running <TaskInstance: first_dag.hello_task manual__2022-12-11T15:10:44.846623+00:00 [running]> on host 7e39590a7807
[2022-12-11 15:10:46,150] {taskinstance.py:1571} INFO - Exporting the following env vars:
AIRFLOW_CTX_DAG_OWNER=***
AIRFLOW_CTX_DAG_ID=first_dag
AIRFLOW_CTX_TASK_ID=hello_task
AIRFLOW_CTX_EXECUTION_DATE=2022-12-11T15:10:44.846623+00:00
AIRFLOW_CTX_TRY_NUMBER=1
AIRFLOW_CTX_DAG_RUN_ID=manual__2022-12-11T15:10:44.846623+00:00
[2022-12-11 15:10:46,152] {subprocess.py:62} INFO - Tmp dir root location: 
 /tmp
[2022-12-11 15:10:46,154] {subprocess.py:74} INFO - Running command: ['bash', '-c', 'echo hello']
[2022-12-11 15:10:46,164] {subprocess.py:85} INFO - Output:
[2022-12-11 15:10:46,168] {subprocess.py:92} INFO - hello
[2022-12-11 15:10:46,170] {subprocess.py:96} INFO - Command exited with return code 0
[2022-12-11 15:10:46,212] {taskinstance.py:1400} INFO - Marking task as SUCCESS. dag_id=first_dag, task_id=hello_task, execution_date=20221211T151044, start_date=20221211T151045, end_date=20221211T151046
[2022-12-11 15:10:46,237] {local_task_job.py:156} INFO - Task exited with return code 0
[2022-12-11 15:10:46,297] {local_task_job.py:273} INFO - 1 downstream tasks scheduled from follow-on schedule check
