[2022-12-11 17:27:08,472] {taskinstance.py:1159} INFO - Dependencies all met for <TaskInstance: first_dag.wait_for_file scheduled__2022-12-11T17:16:00+00:00 [queued]>
[2022-12-11 17:27:08,523] {taskinstance.py:1159} INFO - Dependencies all met for <TaskInstance: first_dag.wait_for_file scheduled__2022-12-11T17:16:00+00:00 [queued]>
[2022-12-11 17:27:08,524] {taskinstance.py:1356} INFO - 
--------------------------------------------------------------------------------
[2022-12-11 17:27:08,525] {taskinstance.py:1357} INFO - Starting attempt 1 of 1
[2022-12-11 17:27:08,526] {taskinstance.py:1358} INFO - 
--------------------------------------------------------------------------------
[2022-12-11 17:27:08,575] {taskinstance.py:1377} INFO - Executing <Task(PythonSensor): wait_for_file> on 2022-12-11 17:16:00+00:00
[2022-12-11 17:27:08,591] {standard_task_runner.py:52} INFO - Started process 3830 to run task
[2022-12-11 17:27:08,614] {standard_task_runner.py:79} INFO - Running: ['***', 'tasks', 'run', 'first_dag', 'wait_for_file', 'scheduled__2022-12-11T17:16:00+00:00', '--job-id', '1104', '--raw', '--subdir', 'DAGS_FOLDER/first-dag.py', '--cfg-path', '/tmp/tmpq1w6bwhb', '--error-file', '/tmp/tmpioefaavg']
[2022-12-11 17:27:08,619] {standard_task_runner.py:80} INFO - Job 1104: Subtask wait_for_file
[2022-12-11 17:27:08,827] {task_command.py:369} INFO - Running <TaskInstance: first_dag.wait_for_file scheduled__2022-12-11T17:16:00+00:00 [running]> on host 7e39590a7807
[2022-12-11 17:27:09,259] {taskinstance.py:1571} INFO - Exporting the following env vars:
AIRFLOW_CTX_DAG_OWNER=***
AIRFLOW_CTX_DAG_ID=first_dag
AIRFLOW_CTX_TASK_ID=wait_for_file
AIRFLOW_CTX_EXECUTION_DATE=2022-12-11T17:16:00+00:00
AIRFLOW_CTX_TRY_NUMBER=1
AIRFLOW_CTX_DAG_RUN_ID=scheduled__2022-12-11T17:16:00+00:00
[2022-12-11 17:27:09,261] {python.py:66} INFO - Poking callable: <function _wait_for_file at 0x7f6cec79fcb0>
[2022-12-11 17:27:09,320] {logging_mixin.py:115} INFO - _wait_for_file True
[2022-12-11 17:27:09,327] {logging_mixin.py:115} INFO - total attempt 0
[2022-12-11 17:37:31,920] {python.py:66} INFO - Poking callable: <function _wait_for_file at 0x7f6cec79fcb0>
[2022-12-11 17:37:33,715] {logging_mixin.py:115} INFO - _wait_for_file True
[2022-12-11 17:37:33,816] {logging_mixin.py:115} INFO - total attempt 0
[2022-12-11 17:43:15,768] {python.py:66} INFO - Poking callable: <function _wait_for_file at 0x7f6cec79fcb0>
[2022-12-11 17:43:16,568] {logging_mixin.py:115} INFO - _wait_for_file True
[2022-12-11 17:43:16,604] {logging_mixin.py:115} INFO - total attempt 0
[2022-12-11 17:44:16,603] {python.py:66} INFO - Poking callable: <function _wait_for_file at 0x7f6cec79fcb0>
[2022-12-11 17:44:17,045] {logging_mixin.py:115} INFO - _wait_for_file True
[2022-12-11 17:44:17,080] {logging_mixin.py:115} INFO - total attempt 0
[2022-12-11 17:45:17,089] {python.py:66} INFO - Poking callable: <function _wait_for_file at 0x7f6cec79fcb0>
[2022-12-11 17:45:17,320] {logging_mixin.py:115} INFO - _wait_for_file True
[2022-12-11 17:45:17,321] {logging_mixin.py:115} INFO - total attempt 0
[2022-12-11 17:51:03,773] {python.py:66} INFO - Poking callable: <function _wait_for_file at 0x7f6cec79fcb0>
[2022-12-11 17:51:04,758] {logging_mixin.py:115} INFO - _wait_for_file True
[2022-12-11 17:51:04,766] {logging_mixin.py:115} INFO - total attempt 0
[2022-12-11 17:51:47,110] {local_task_job.py:221} WARNING - State of this instance has been externally set to failed. Terminating instance.
[2022-12-11 17:51:47,165] {process_utils.py:129} INFO - Sending Signals.SIGTERM to group 3830. PIDs of all processes in the group: [3830]
[2022-12-11 17:51:47,274] {process_utils.py:80} INFO - Sending the signal Signals.SIGTERM to group 3830
[2022-12-11 17:51:47,282] {taskinstance.py:1541} ERROR - Received SIGTERM. Terminating subprocesses.
[2022-12-11 17:51:48,230] {process_utils.py:75} INFO - Process psutil.Process(pid=3830, status='terminated', exitcode=0, started='17:27:07') (3830) terminated with exit code 0
