[2022-12-11 15:02:03,089] {taskinstance.py:1159} INFO - Dependencies all met for <TaskInstance: first_dag.generate_two_int_task scheduled__2022-12-11T15:01:00+00:00 [queued]>
[2022-12-11 15:02:03,102] {taskinstance.py:1159} INFO - Dependencies all met for <TaskInstance: first_dag.generate_two_int_task scheduled__2022-12-11T15:01:00+00:00 [queued]>
[2022-12-11 15:02:03,103] {taskinstance.py:1356} INFO - 
--------------------------------------------------------------------------------
[2022-12-11 15:02:03,104] {taskinstance.py:1357} INFO - Starting attempt 1 of 1
[2022-12-11 15:02:03,105] {taskinstance.py:1358} INFO - 
--------------------------------------------------------------------------------
[2022-12-11 15:02:03,122] {taskinstance.py:1377} INFO - Executing <Task(PythonOperator): generate_two_int_task> on 2022-12-11 15:01:00+00:00
[2022-12-11 15:02:03,126] {standard_task_runner.py:52} INFO - Started process 1748 to run task
[2022-12-11 15:02:03,136] {standard_task_runner.py:79} INFO - Running: ['***', 'tasks', 'run', 'first_dag', 'generate_two_int_task', 'scheduled__2022-12-11T15:01:00+00:00', '--job-id', '681', '--raw', '--subdir', 'DAGS_FOLDER/first-dag.py', '--cfg-path', '/tmp/tmp1qrs46w7', '--error-file', '/tmp/tmp3_2y31q1']
[2022-12-11 15:02:03,138] {standard_task_runner.py:80} INFO - Job 681: Subtask generate_two_int_task
[2022-12-11 15:02:03,235] {task_command.py:369} INFO - Running <TaskInstance: first_dag.generate_two_int_task scheduled__2022-12-11T15:01:00+00:00 [running]> on host 7e39590a7807
[2022-12-11 15:02:03,342] {taskinstance.py:1571} INFO - Exporting the following env vars:
AIRFLOW_CTX_DAG_OWNER=***
AIRFLOW_CTX_DAG_ID=first_dag
AIRFLOW_CTX_TASK_ID=generate_two_int_task
AIRFLOW_CTX_EXECUTION_DATE=2022-12-11T15:01:00+00:00
AIRFLOW_CTX_TRY_NUMBER=1
AIRFLOW_CTX_DAG_RUN_ID=scheduled__2022-12-11T15:01:00+00:00
[2022-12-11 15:02:03,361] {python.py:173} INFO - Done. Returned value was: None
[2022-12-11 15:02:03,381] {taskinstance.py:1400} INFO - Marking task as SUCCESS. dag_id=first_dag, task_id=generate_two_int_task, execution_date=20221211T150100, start_date=20221211T150203, end_date=20221211T150203
[2022-12-11 15:02:03,427] {local_task_job.py:156} INFO - Task exited with return code 0
[2022-12-11 15:02:03,482] {local_task_job.py:273} INFO - 0 downstream tasks scheduled from follow-on schedule check
