[2022-12-12 04:56:49,514] {taskinstance.py:1159} INFO - Dependencies all met for <TaskInstance: first_dag.wait_for_file scheduled__2022-12-11T22:40:00+00:00 [queued]>
[2022-12-12 04:56:49,568] {taskinstance.py:1159} INFO - Dependencies all met for <TaskInstance: first_dag.wait_for_file scheduled__2022-12-11T22:40:00+00:00 [queued]>
[2022-12-12 04:56:49,569] {taskinstance.py:1356} INFO - 
--------------------------------------------------------------------------------
[2022-12-12 04:56:49,573] {taskinstance.py:1357} INFO - Starting attempt 1 of 3
[2022-12-12 04:56:49,576] {taskinstance.py:1358} INFO - 
--------------------------------------------------------------------------------
[2022-12-12 04:56:49,625] {taskinstance.py:1377} INFO - Executing <Task(PythonSensor): wait_for_file> on 2022-12-11 22:40:00+00:00
[2022-12-12 04:56:49,630] {standard_task_runner.py:52} INFO - Started process 7330 to run task
[2022-12-12 04:56:49,639] {standard_task_runner.py:79} INFO - Running: ['***', 'tasks', 'run', 'first_dag', 'wait_for_file', 'scheduled__2022-12-11T22:40:00+00:00', '--job-id', '1564', '--raw', '--subdir', 'DAGS_FOLDER/first-dag.py', '--cfg-path', '/tmp/tmp_g4_7ww5', '--error-file', '/tmp/tmpdilgc4xr']
[2022-12-12 04:56:49,641] {standard_task_runner.py:80} INFO - Job 1564: Subtask wait_for_file
[2022-12-12 04:56:49,786] {task_command.py:369} INFO - Running <TaskInstance: first_dag.wait_for_file scheduled__2022-12-11T22:40:00+00:00 [running]> on host 7e39590a7807
[2022-12-12 04:56:49,990] {taskinstance.py:1571} INFO - Exporting the following env vars:
AIRFLOW_CTX_DAG_OWNER=***
AIRFLOW_CTX_DAG_ID=first_dag
AIRFLOW_CTX_TASK_ID=wait_for_file
AIRFLOW_CTX_EXECUTION_DATE=2022-12-11T22:40:00+00:00
AIRFLOW_CTX_TRY_NUMBER=1
AIRFLOW_CTX_DAG_RUN_ID=scheduled__2022-12-11T22:40:00+00:00
[2022-12-12 04:56:49,994] {python.py:66} INFO - Poking callable: <function _wait_for_file at 0x7f6cec7ab560>
[2022-12-12 04:56:50,015] {logging_mixin.py:115} INFO - _wait_for_file True
[2022-12-12 04:57:10,000] {python.py:66} INFO - Poking callable: <function _wait_for_file at 0x7f6cec7ab560>
[2022-12-12 04:57:10,032] {logging_mixin.py:115} INFO - _wait_for_file True
[2022-12-12 04:57:30,026] {python.py:66} INFO - Poking callable: <function _wait_for_file at 0x7f6cec7ab560>
[2022-12-12 04:57:30,045] {logging_mixin.py:115} INFO - _wait_for_file True
[2022-12-12 04:57:50,068] {python.py:66} INFO - Poking callable: <function _wait_for_file at 0x7f6cec7ab560>
[2022-12-12 04:57:50,092] {logging_mixin.py:115} INFO - _wait_for_file True
[2022-12-12 04:58:10,069] {python.py:66} INFO - Poking callable: <function _wait_for_file at 0x7f6cec7ab560>
[2022-12-12 04:58:10,106] {logging_mixin.py:115} INFO - _wait_for_file True
[2022-12-12 04:58:30,106] {python.py:66} INFO - Poking callable: <function _wait_for_file at 0x7f6cec7ab560>
[2022-12-12 04:58:30,127] {logging_mixin.py:115} INFO - _wait_for_file True
[2022-12-12 04:58:50,146] {python.py:66} INFO - Poking callable: <function _wait_for_file at 0x7f6cec7ab560>
[2022-12-12 04:58:50,164] {logging_mixin.py:115} INFO - _wait_for_file True
[2022-12-12 04:59:10,159] {python.py:66} INFO - Poking callable: <function _wait_for_file at 0x7f6cec7ab560>
[2022-12-12 04:59:10,193] {logging_mixin.py:115} INFO - _wait_for_file True
[2022-12-12 04:59:30,182] {python.py:66} INFO - Poking callable: <function _wait_for_file at 0x7f6cec7ab560>
[2022-12-12 04:59:30,204] {logging_mixin.py:115} INFO - _wait_for_file True
[2022-12-12 04:59:50,235] {python.py:66} INFO - Poking callable: <function _wait_for_file at 0x7f6cec7ab560>
[2022-12-12 04:59:50,258] {logging_mixin.py:115} INFO - _wait_for_file True
[2022-12-12 05:00:10,230] {python.py:66} INFO - Poking callable: <function _wait_for_file at 0x7f6cec7ab560>
[2022-12-12 05:00:10,254] {logging_mixin.py:115} INFO - _wait_for_file True
[2022-12-12 05:00:30,243] {python.py:66} INFO - Poking callable: <function _wait_for_file at 0x7f6cec7ab560>
[2022-12-12 05:00:30,276] {logging_mixin.py:115} INFO - _wait_for_file True
[2022-12-12 05:00:50,291] {python.py:66} INFO - Poking callable: <function _wait_for_file at 0x7f6cec7ab560>
[2022-12-12 05:00:50,303] {logging_mixin.py:115} INFO - _wait_for_file True
[2022-12-12 05:01:10,287] {python.py:66} INFO - Poking callable: <function _wait_for_file at 0x7f6cec7ab560>
[2022-12-12 05:01:10,302] {logging_mixin.py:115} INFO - _wait_for_file True
[2022-12-12 05:01:30,291] {python.py:66} INFO - Poking callable: <function _wait_for_file at 0x7f6cec7ab560>
[2022-12-12 05:01:30,310] {logging_mixin.py:115} INFO - _wait_for_file True
[2022-12-12 05:01:50,332] {python.py:66} INFO - Poking callable: <function _wait_for_file at 0x7f6cec7ab560>
[2022-12-12 05:01:50,569] {logging_mixin.py:115} INFO - _wait_for_file True
[2022-12-12 05:02:10,582] {python.py:66} INFO - Poking callable: <function _wait_for_file at 0x7f6cec7ab560>
[2022-12-12 05:02:11,274] {logging_mixin.py:115} INFO - _wait_for_file True
[2022-12-12 05:02:31,945] {python.py:66} INFO - Poking callable: <function _wait_for_file at 0x7f6cec7ab560>
[2022-12-12 05:02:32,260] {logging_mixin.py:115} INFO - _wait_for_file True
[2022-12-12 05:02:52,374] {python.py:66} INFO - Poking callable: <function _wait_for_file at 0x7f6cec7ab560>
[2022-12-12 05:02:52,572] {logging_mixin.py:115} INFO - _wait_for_file True
[2022-12-12 05:03:12,603] {python.py:66} INFO - Poking callable: <function _wait_for_file at 0x7f6cec7ab560>
[2022-12-12 05:03:14,244] {logging_mixin.py:115} INFO - _wait_for_file True
[2022-12-12 05:03:34,288] {python.py:66} INFO - Poking callable: <function _wait_for_file at 0x7f6cec7ab560>
[2022-12-12 05:03:39,582] {logging_mixin.py:115} INFO - _wait_for_file True
[2022-12-12 05:03:59,572] {python.py:66} INFO - Poking callable: <function _wait_for_file at 0x7f6cec7ab560>
[2022-12-12 05:04:16,802] {logging_mixin.py:115} INFO - _wait_for_file True
[2022-12-12 05:04:36,796] {python.py:66} INFO - Poking callable: <function _wait_for_file at 0x7f6cec7ab560>
[2022-12-12 05:04:37,915] {logging_mixin.py:115} INFO - _wait_for_file True
[2022-12-12 05:04:57,917] {python.py:66} INFO - Poking callable: <function _wait_for_file at 0x7f6cec7ab560>
[2022-12-12 05:04:58,879] {logging_mixin.py:115} INFO - _wait_for_file True
[2022-12-12 05:05:18,945] {python.py:66} INFO - Poking callable: <function _wait_for_file at 0x7f6cec7ab560>
[2022-12-12 05:05:19,059] {logging_mixin.py:115} INFO - _wait_for_file True
[2022-12-12 05:05:39,461] {python.py:66} INFO - Poking callable: <function _wait_for_file at 0x7f6cec7ab560>
[2022-12-12 05:05:40,343] {logging_mixin.py:115} INFO - _wait_for_file True
[2022-12-12 05:06:00,472] {python.py:66} INFO - Poking callable: <function _wait_for_file at 0x7f6cec7ab560>
[2022-12-12 05:06:01,748] {logging_mixin.py:115} INFO - _wait_for_file True
[2022-12-12 05:06:21,822] {python.py:66} INFO - Poking callable: <function _wait_for_file at 0x7f6cec7ab560>
[2022-12-12 05:06:21,889] {logging_mixin.py:115} INFO - _wait_for_file True
[2022-12-12 05:06:41,896] {python.py:66} INFO - Poking callable: <function _wait_for_file at 0x7f6cec7ab560>
[2022-12-12 05:06:42,348] {logging_mixin.py:115} INFO - _wait_for_file True
[2022-12-12 05:07:02,338] {python.py:66} INFO - Poking callable: <function _wait_for_file at 0x7f6cec7ab560>
[2022-12-12 05:07:02,399] {logging_mixin.py:115} INFO - _wait_for_file True
[2022-12-12 05:07:22,449] {python.py:66} INFO - Poking callable: <function _wait_for_file at 0x7f6cec7ab560>
[2022-12-12 05:07:22,507] {logging_mixin.py:115} INFO - _wait_for_file True
[2022-12-12 05:07:42,501] {python.py:66} INFO - Poking callable: <function _wait_for_file at 0x7f6cec7ab560>
[2022-12-12 05:07:43,915] {logging_mixin.py:115} INFO - _wait_for_file True
[2022-12-12 05:08:03,905] {python.py:66} INFO - Poking callable: <function _wait_for_file at 0x7f6cec7ab560>
[2022-12-12 05:08:03,978] {logging_mixin.py:115} INFO - _wait_for_file True
[2022-12-12 05:08:23,979] {python.py:66} INFO - Poking callable: <function _wait_for_file at 0x7f6cec7ab560>
[2022-12-12 05:08:24,430] {logging_mixin.py:115} INFO - _wait_for_file True
[2022-12-12 05:08:46,502] {python.py:66} INFO - Poking callable: <function _wait_for_file at 0x7f6cec7ab560>
[2022-12-12 05:08:51,906] {logging_mixin.py:115} INFO - _wait_for_file True
[2022-12-12 05:09:12,113] {python.py:66} INFO - Poking callable: <function _wait_for_file at 0x7f6cec7ab560>
[2022-12-12 05:09:14,727] {logging_mixin.py:115} INFO - _wait_for_file True
[2022-12-12 05:09:34,756] {python.py:66} INFO - Poking callable: <function _wait_for_file at 0x7f6cec7ab560>
[2022-12-12 05:09:34,952] {logging_mixin.py:115} INFO - _wait_for_file True
[2022-12-12 05:09:54,948] {python.py:66} INFO - Poking callable: <function _wait_for_file at 0x7f6cec7ab560>
[2022-12-12 05:09:55,143] {logging_mixin.py:115} INFO - _wait_for_file False
[2022-12-12 05:10:15,833] {python.py:66} INFO - Poking callable: <function _wait_for_file at 0x7f6cec7ab560>
[2022-12-12 05:10:17,727] {logging_mixin.py:115} INFO - _wait_for_file False
[2022-12-12 05:10:37,722] {python.py:66} INFO - Poking callable: <function _wait_for_file at 0x7f6cec7ab560>
[2022-12-12 05:10:37,759] {logging_mixin.py:115} INFO - _wait_for_file False
[2022-12-12 05:10:57,201] {python.py:66} INFO - Poking callable: <function _wait_for_file at 0x7f6cec7ab560>
[2022-12-12 05:10:57,267] {logging_mixin.py:115} INFO - _wait_for_file False
[2022-12-12 05:11:17,309] {python.py:66} INFO - Poking callable: <function _wait_for_file at 0x7f6cec7ab560>
[2022-12-12 05:11:17,430] {logging_mixin.py:115} INFO - _wait_for_file False
[2022-12-12 05:11:37,405] {python.py:66} INFO - Poking callable: <function _wait_for_file at 0x7f6cec7ab560>
[2022-12-12 05:11:37,428] {logging_mixin.py:115} INFO - _wait_for_file False
[2022-12-12 05:11:57,419] {python.py:66} INFO - Poking callable: <function _wait_for_file at 0x7f6cec7ab560>
[2022-12-12 05:11:57,444] {logging_mixin.py:115} INFO - _wait_for_file False
[2022-12-12 05:12:17,466] {python.py:66} INFO - Poking callable: <function _wait_for_file at 0x7f6cec7ab560>
[2022-12-12 05:12:17,553] {logging_mixin.py:115} INFO - _wait_for_file False
[2022-12-12 05:12:37,533] {python.py:66} INFO - Poking callable: <function _wait_for_file at 0x7f6cec7ab560>
[2022-12-12 05:12:37,567] {logging_mixin.py:115} INFO - _wait_for_file False
[2022-12-12 05:12:57,621] {python.py:66} INFO - Poking callable: <function _wait_for_file at 0x7f6cec7ab560>
[2022-12-12 05:13:11,909] {logging_mixin.py:115} INFO - _wait_for_file False
[2022-12-12 05:13:24,206] {local_task_job.py:221} WARNING - State of this instance has been externally set to None. Terminating instance.
[2022-12-12 05:13:25,354] {process_utils.py:129} INFO - Sending Signals.SIGTERM to group 7330. PIDs of all processes in the group: [7330]
[2022-12-12 05:13:25,461] {process_utils.py:80} INFO - Sending the signal Signals.SIGTERM to group 7330
[2022-12-12 05:13:25,479] {taskinstance.py:1541} ERROR - Received SIGTERM. Terminating subprocesses.
[2022-12-12 05:13:26,982] {taskinstance.py:1889} ERROR - Task failed with exception
Traceback (most recent call last):
  File "/home/airflow/.local/lib/python3.7/site-packages/airflow/sensors/base.py", line 299, in execute
    time.sleep(self._get_next_poke_interval(started_at, run_duration, try_number))
  File "/home/airflow/.local/lib/python3.7/site-packages/airflow/models/taskinstance.py", line 1543, in signal_handler
    raise AirflowException("Task received SIGTERM signal")
airflow.exceptions.AirflowException: Task received SIGTERM signal
[2022-12-12 05:13:27,261] {taskinstance.py:1400} INFO - Marking task as UP_FOR_RETRY. dag_id=first_dag, task_id=wait_for_file, execution_date=20221211T224000, start_date=20221212T045649, end_date=20221212T051327
[2022-12-12 05:13:28,229] {standard_task_runner.py:97} ERROR - Failed to execute job 1564 for task wait_for_file ((psycopg2.errors.ForeignKeyViolation) insert or update on table "task_fail" violates foreign key constraint "task_fail_ti_fkey"
DETAIL:  Key (dag_id, task_id, run_id, map_index)=(first_dag, wait_for_file, scheduled__2022-12-11T22:40:00+00:00, -1) is not present in table "task_instance".

[SQL: INSERT INTO task_fail (task_id, dag_id, run_id, map_index, start_date, end_date, duration) VALUES (%(task_id)s, %(dag_id)s, %(run_id)s, %(map_index)s, %(start_date)s, %(end_date)s, %(duration)s) RETURNING task_fail.id]
[parameters: {'task_id': 'wait_for_file', 'dag_id': 'first_dag', 'run_id': 'scheduled__2022-12-11T22:40:00+00:00', 'map_index': -1, 'start_date': datetime.datetime(2022, 12, 12, 4, 56, 49, 518054, tzinfo=Timezone('UTC')), 'end_date': datetime.datetime(2022, 12, 12, 5, 13, 27, 204285, tzinfo=Timezone('UTC')), 'duration': 997}]
(Background on this error at: http://sqlalche.me/e/14/gkpj); 7330)
[2022-12-12 05:13:28,487] {process_utils.py:75} INFO - Process psutil.Process(pid=7330, status='terminated', exitcode=1, started='04:56:48') (7330) terminated with exit code 1
