[2022-12-11 17:37:22,828] {taskinstance.py:1159} INFO - Dependencies all met for <TaskInstance: first_dag.hello_task scheduled__2022-12-11T17:31:00+00:00 [queued]>
[2022-12-11 17:37:22,895] {taskinstance.py:1159} INFO - Dependencies all met for <TaskInstance: first_dag.hello_task scheduled__2022-12-11T17:31:00+00:00 [queued]>
[2022-12-11 17:37:22,895] {taskinstance.py:1356} INFO - 
--------------------------------------------------------------------------------
[2022-12-11 17:37:22,897] {taskinstance.py:1357} INFO - Starting attempt 1 of 1
[2022-12-11 17:37:22,898] {taskinstance.py:1358} INFO - 
--------------------------------------------------------------------------------
[2022-12-11 17:37:22,983] {taskinstance.py:1377} INFO - Executing <Task(BashOperator): hello_task> on 2022-12-11 17:31:00+00:00
[2022-12-11 17:37:22,999] {standard_task_runner.py:52} INFO - Started process 3857 to run task
[2022-12-11 17:37:23,018] {standard_task_runner.py:79} INFO - Running: ['***', 'tasks', 'run', 'first_dag', 'hello_task', 'scheduled__2022-12-11T17:31:00+00:00', '--job-id', '1112', '--raw', '--subdir', 'DAGS_FOLDER/first-dag.py', '--cfg-path', '/tmp/tmp4bnlw1v2', '--error-file', '/tmp/tmp90cfsj4y']
[2022-12-11 17:37:23,020] {standard_task_runner.py:80} INFO - Job 1112: Subtask hello_task
[2022-12-11 17:37:23,167] {task_command.py:369} INFO - Running <TaskInstance: first_dag.hello_task scheduled__2022-12-11T17:31:00+00:00 [running]> on host 7e39590a7807
[2022-12-11 17:37:23,413] {taskinstance.py:1571} INFO - Exporting the following env vars:
AIRFLOW_CTX_DAG_OWNER=***
AIRFLOW_CTX_DAG_ID=first_dag
AIRFLOW_CTX_TASK_ID=hello_task
AIRFLOW_CTX_EXECUTION_DATE=2022-12-11T17:31:00+00:00
AIRFLOW_CTX_TRY_NUMBER=1
AIRFLOW_CTX_DAG_RUN_ID=scheduled__2022-12-11T17:31:00+00:00
[2022-12-11 17:37:23,417] {subprocess.py:62} INFO - Tmp dir root location: 
 /tmp
[2022-12-11 17:37:23,421] {subprocess.py:74} INFO - Running command: ['bash', '-c', 'echo hello']
[2022-12-11 17:37:23,463] {subprocess.py:85} INFO - Output:
[2022-12-11 17:37:23,477] {subprocess.py:92} INFO - hello
[2022-12-11 17:37:23,480] {subprocess.py:96} INFO - Command exited with return code 0
[2022-12-11 17:37:23,644] {taskinstance.py:1400} INFO - Marking task as SUCCESS. dag_id=first_dag, task_id=hello_task, execution_date=20221211T173100, start_date=20221211T173722, end_date=20221211T173723
[2022-12-11 17:37:23,743] {local_task_job.py:156} INFO - Task exited with return code 0
[2022-12-11 17:37:24,156] {local_task_job.py:273} INFO - 0 downstream tasks scheduled from follow-on schedule check
