[2022-12-11 19:59:59,422] {taskinstance.py:1159} INFO - Dependencies all met for <TaskInstance: first_dag.generate_two_int_task manual__2022-12-11T19:59:53.805292+00:00 [queued]>
[2022-12-11 19:59:59,470] {taskinstance.py:1159} INFO - Dependencies all met for <TaskInstance: first_dag.generate_two_int_task manual__2022-12-11T19:59:53.805292+00:00 [queued]>
[2022-12-11 19:59:59,472] {taskinstance.py:1356} INFO - 
--------------------------------------------------------------------------------
[2022-12-11 19:59:59,472] {taskinstance.py:1357} INFO - Starting attempt 1 of 1
[2022-12-11 19:59:59,474] {taskinstance.py:1358} INFO - 
--------------------------------------------------------------------------------
[2022-12-11 19:59:59,511] {taskinstance.py:1377} INFO - Executing <Task(PythonOperator): generate_two_int_task> on 2022-12-11 19:59:53.805292+00:00
[2022-12-11 19:59:59,522] {standard_task_runner.py:52} INFO - Started process 5370 to run task
[2022-12-11 19:59:59,540] {standard_task_runner.py:79} INFO - Running: ['***', 'tasks', 'run', 'first_dag', 'generate_two_int_task', 'manual__2022-12-11T19:59:53.805292+00:00', '--job-id', '1305', '--raw', '--subdir', 'DAGS_FOLDER/first-dag.py', '--cfg-path', '/tmp/tmpkng8jae0', '--error-file', '/tmp/tmpsd330axp']
[2022-12-11 19:59:59,548] {standard_task_runner.py:80} INFO - Job 1305: Subtask generate_two_int_task
[2022-12-11 19:59:59,805] {task_command.py:369} INFO - Running <TaskInstance: first_dag.generate_two_int_task manual__2022-12-11T19:59:53.805292+00:00 [running]> on host 7e39590a7807
[2022-12-11 20:00:00,046] {taskinstance.py:1571} INFO - Exporting the following env vars:
AIRFLOW_CTX_DAG_OWNER=***
AIRFLOW_CTX_DAG_ID=first_dag
AIRFLOW_CTX_TASK_ID=generate_two_int_task
AIRFLOW_CTX_EXECUTION_DATE=2022-12-11T19:59:53.805292+00:00
AIRFLOW_CTX_TRY_NUMBER=1
AIRFLOW_CTX_DAG_RUN_ID=manual__2022-12-11T19:59:53.805292+00:00
[2022-12-11 20:00:00,111] {python.py:173} INFO - Done. Returned value was: None
[2022-12-11 20:00:00,246] {taskinstance.py:1400} INFO - Marking task as SUCCESS. dag_id=first_dag, task_id=generate_two_int_task, execution_date=20221211T195953, start_date=20221211T195959, end_date=20221211T200000
[2022-12-11 20:00:00,351] {local_task_job.py:156} INFO - Task exited with return code 0
[2022-12-11 20:00:00,599] {local_task_job.py:273} INFO - 1 downstream tasks scheduled from follow-on schedule check
