[2022-12-11 14:38:43,646] {taskinstance.py:1159} INFO - Dependencies all met for <TaskInstance: first_dag.hello_task manual__2022-12-11T14:38:43.015747+00:00 [queued]>
[2022-12-11 14:38:43,662] {taskinstance.py:1159} INFO - Dependencies all met for <TaskInstance: first_dag.hello_task manual__2022-12-11T14:38:43.015747+00:00 [queued]>
[2022-12-11 14:38:43,663] {taskinstance.py:1356} INFO - 
--------------------------------------------------------------------------------
[2022-12-11 14:38:43,664] {taskinstance.py:1357} INFO - Starting attempt 1 of 1
[2022-12-11 14:38:43,666] {taskinstance.py:1358} INFO - 
--------------------------------------------------------------------------------
[2022-12-11 14:38:43,684] {taskinstance.py:1377} INFO - Executing <Task(BashOperator): hello_task> on 2022-12-11 14:38:43.015747+00:00
[2022-12-11 14:38:43,695] {standard_task_runner.py:52} INFO - Started process 1128 to run task
[2022-12-11 14:38:43,700] {standard_task_runner.py:79} INFO - Running: ['***', 'tasks', 'run', 'first_dag', 'hello_task', 'manual__2022-12-11T14:38:43.015747+00:00', '--job-id', '557', '--raw', '--subdir', 'DAGS_FOLDER/first-dag.py', '--cfg-path', '/tmp/tmpdtw6_3jo', '--error-file', '/tmp/tmpncd0b0lg']
[2022-12-11 14:38:43,702] {standard_task_runner.py:80} INFO - Job 557: Subtask hello_task
[2022-12-11 14:38:43,784] {task_command.py:369} INFO - Running <TaskInstance: first_dag.hello_task manual__2022-12-11T14:38:43.015747+00:00 [running]> on host 7e39590a7807
[2022-12-11 14:38:43,886] {taskinstance.py:1571} INFO - Exporting the following env vars:
AIRFLOW_CTX_DAG_OWNER=***
AIRFLOW_CTX_DAG_ID=first_dag
AIRFLOW_CTX_TASK_ID=hello_task
AIRFLOW_CTX_EXECUTION_DATE=2022-12-11T14:38:43.015747+00:00
AIRFLOW_CTX_TRY_NUMBER=1
AIRFLOW_CTX_DAG_RUN_ID=manual__2022-12-11T14:38:43.015747+00:00
[2022-12-11 14:38:43,890] {subprocess.py:62} INFO - Tmp dir root location: 
 /tmp
[2022-12-11 14:38:43,892] {subprocess.py:74} INFO - Running command: ['bash', '-c', 'echo hello']
[2022-12-11 14:38:43,907] {subprocess.py:85} INFO - Output:
[2022-12-11 14:38:43,910] {subprocess.py:92} INFO - hello
[2022-12-11 14:38:43,912] {subprocess.py:96} INFO - Command exited with return code 0
[2022-12-11 14:38:43,964] {taskinstance.py:1400} INFO - Marking task as SUCCESS. dag_id=first_dag, task_id=hello_task, execution_date=20221211T143843, start_date=20221211T143843, end_date=20221211T143843
[2022-12-11 14:38:43,996] {local_task_job.py:156} INFO - Task exited with return code 0
[2022-12-11 14:38:44,059] {local_task_job.py:273} INFO - 1 downstream tasks scheduled from follow-on schedule check
