[2022-12-11 19:59:53,635] {taskinstance.py:1159} INFO - Dependencies all met for <TaskInstance: first_dag.sum_column_task manual__2022-12-11T19:59:47.771434+00:00 [queued]>
[2022-12-11 19:59:53,650] {taskinstance.py:1159} INFO - Dependencies all met for <TaskInstance: first_dag.sum_column_task manual__2022-12-11T19:59:47.771434+00:00 [queued]>
[2022-12-11 19:59:53,651] {taskinstance.py:1356} INFO - 
--------------------------------------------------------------------------------
[2022-12-11 19:59:53,653] {taskinstance.py:1357} INFO - Starting attempt 1 of 1
[2022-12-11 19:59:53,655] {taskinstance.py:1358} INFO - 
--------------------------------------------------------------------------------
[2022-12-11 19:59:53,678] {taskinstance.py:1377} INFO - Executing <Task(PythonOperator): sum_column_task> on 2022-12-11 19:59:47.771434+00:00
[2022-12-11 19:59:53,683] {standard_task_runner.py:52} INFO - Started process 5354 to run task
[2022-12-11 19:59:53,691] {standard_task_runner.py:79} INFO - Running: ['***', 'tasks', 'run', 'first_dag', 'sum_column_task', 'manual__2022-12-11T19:59:47.771434+00:00', '--job-id', '1299', '--raw', '--subdir', 'DAGS_FOLDER/first-dag.py', '--cfg-path', '/tmp/tmpjbe4rbsx', '--error-file', '/tmp/tmp8ismc5ta']
[2022-12-11 19:59:53,693] {standard_task_runner.py:80} INFO - Job 1299: Subtask sum_column_task
[2022-12-11 19:59:53,785] {task_command.py:369} INFO - Running <TaskInstance: first_dag.sum_column_task manual__2022-12-11T19:59:47.771434+00:00 [running]> on host 7e39590a7807
[2022-12-11 19:59:53,915] {taskinstance.py:1571} INFO - Exporting the following env vars:
AIRFLOW_CTX_DAG_OWNER=***
AIRFLOW_CTX_DAG_ID=first_dag
AIRFLOW_CTX_TASK_ID=sum_column_task
AIRFLOW_CTX_EXECUTION_DATE=2022-12-11T19:59:47.771434+00:00
AIRFLOW_CTX_TRY_NUMBER=1
AIRFLOW_CTX_DAG_RUN_ID=manual__2022-12-11T19:59:47.771434+00:00
[2022-12-11 19:59:53,940] {logging_mixin.py:115} INFO - Different sum column is 0
[2022-12-11 19:59:53,942] {python.py:173} INFO - Done. Returned value was: 0
[2022-12-11 19:59:53,989] {taskinstance.py:1400} INFO - Marking task as SUCCESS. dag_id=first_dag, task_id=sum_column_task, execution_date=20221211T195947, start_date=20221211T195953, end_date=20221211T195953
[2022-12-11 19:59:54,082] {local_task_job.py:156} INFO - Task exited with return code 0
[2022-12-11 19:59:54,207] {local_task_job.py:273} INFO - 1 downstream tasks scheduled from follow-on schedule check
