[2022-12-11 17:21:35,632] {taskinstance.py:1159} INFO - Dependencies all met for <TaskInstance: first_dag.hello_task scheduled__2022-12-11T17:20:00+00:00 [queued]>
[2022-12-11 17:21:35,661] {taskinstance.py:1159} INFO - Dependencies all met for <TaskInstance: first_dag.hello_task scheduled__2022-12-11T17:20:00+00:00 [queued]>
[2022-12-11 17:21:35,662] {taskinstance.py:1356} INFO - 
--------------------------------------------------------------------------------
[2022-12-11 17:21:35,664] {taskinstance.py:1357} INFO - Starting attempt 1 of 1
[2022-12-11 17:21:35,666] {taskinstance.py:1358} INFO - 
--------------------------------------------------------------------------------
[2022-12-11 17:21:35,710] {taskinstance.py:1377} INFO - Executing <Task(BashOperator): hello_task> on 2022-12-11 17:20:00+00:00
[2022-12-11 17:21:35,731] {standard_task_runner.py:52} INFO - Started process 3800 to run task
[2022-12-11 17:21:35,776] {standard_task_runner.py:79} INFO - Running: ['***', 'tasks', 'run', 'first_dag', 'hello_task', 'scheduled__2022-12-11T17:20:00+00:00', '--job-id', '1095', '--raw', '--subdir', 'DAGS_FOLDER/first-dag.py', '--cfg-path', '/tmp/tmp_dxsfji4', '--error-file', '/tmp/tmp381qxz3x']
[2022-12-11 17:21:35,784] {standard_task_runner.py:80} INFO - Job 1095: Subtask hello_task
[2022-12-11 17:21:36,003] {task_command.py:369} INFO - Running <TaskInstance: first_dag.hello_task scheduled__2022-12-11T17:20:00+00:00 [running]> on host 7e39590a7807
[2022-12-11 17:21:36,298] {taskinstance.py:1571} INFO - Exporting the following env vars:
AIRFLOW_CTX_DAG_OWNER=***
AIRFLOW_CTX_DAG_ID=first_dag
AIRFLOW_CTX_TASK_ID=hello_task
AIRFLOW_CTX_EXECUTION_DATE=2022-12-11T17:20:00+00:00
AIRFLOW_CTX_TRY_NUMBER=1
AIRFLOW_CTX_DAG_RUN_ID=scheduled__2022-12-11T17:20:00+00:00
[2022-12-11 17:21:36,300] {subprocess.py:62} INFO - Tmp dir root location: 
 /tmp
[2022-12-11 17:21:36,303] {subprocess.py:74} INFO - Running command: ['bash', '-c', 'echo hello']
[2022-12-11 17:21:36,343] {subprocess.py:85} INFO - Output:
[2022-12-11 17:21:36,365] {subprocess.py:92} INFO - hello
[2022-12-11 17:21:36,370] {subprocess.py:96} INFO - Command exited with return code 0
[2022-12-11 17:21:36,482] {taskinstance.py:1400} INFO - Marking task as SUCCESS. dag_id=first_dag, task_id=hello_task, execution_date=20221211T172000, start_date=20221211T172135, end_date=20221211T172136
[2022-12-11 17:21:36,565] {local_task_job.py:156} INFO - Task exited with return code 0
[2022-12-11 17:21:36,712] {local_task_job.py:273} INFO - 1 downstream tasks scheduled from follow-on schedule check
