[2022-12-11 21:17:25,473] {taskinstance.py:1159} INFO - Dependencies all met for <TaskInstance: first_dag.world scheduled__2022-12-11T21:13:00+00:00 [queued]>
[2022-12-11 21:17:25,521] {taskinstance.py:1159} INFO - Dependencies all met for <TaskInstance: first_dag.world scheduled__2022-12-11T21:13:00+00:00 [queued]>
[2022-12-11 21:17:25,527] {taskinstance.py:1356} INFO - 
--------------------------------------------------------------------------------
[2022-12-11 21:17:25,529] {taskinstance.py:1357} INFO - Starting attempt 1 of 1
[2022-12-11 21:17:25,530] {taskinstance.py:1358} INFO - 
--------------------------------------------------------------------------------
[2022-12-11 21:17:25,594] {taskinstance.py:1377} INFO - Executing <Task(PythonOperator): world> on 2022-12-11 21:13:00+00:00
[2022-12-11 21:17:25,628] {standard_task_runner.py:52} INFO - Started process 6579 to run task
[2022-12-11 21:17:25,653] {standard_task_runner.py:79} INFO - Running: ['***', 'tasks', 'run', 'first_dag', 'world', 'scheduled__2022-12-11T21:13:00+00:00', '--job-id', '1528', '--raw', '--subdir', 'DAGS_FOLDER/first-dag.py', '--cfg-path', '/tmp/tmp2wf1u1e6', '--error-file', '/tmp/tmpg6vqpzku']
[2022-12-11 21:17:25,657] {standard_task_runner.py:80} INFO - Job 1528: Subtask world
[2022-12-11 21:17:25,853] {task_command.py:369} INFO - Running <TaskInstance: first_dag.world scheduled__2022-12-11T21:13:00+00:00 [running]> on host 7e39590a7807
[2022-12-11 21:17:26,219] {taskinstance.py:1571} INFO - Exporting the following env vars:
AIRFLOW_CTX_DAG_OWNER=***
AIRFLOW_CTX_DAG_ID=first_dag
AIRFLOW_CTX_TASK_ID=world
AIRFLOW_CTX_EXECUTION_DATE=2022-12-11T21:13:00+00:00
AIRFLOW_CTX_TRY_NUMBER=1
AIRFLOW_CTX_DAG_RUN_ID=scheduled__2022-12-11T21:13:00+00:00
[2022-12-11 21:17:26,234] {logging_mixin.py:115} INFO - Airflow
[2022-12-11 21:17:26,237] {python.py:173} INFO - Done. Returned value was: None
[2022-12-11 21:17:26,296] {taskinstance.py:1400} INFO - Marking task as SUCCESS. dag_id=first_dag, task_id=world, execution_date=20221211T211300, start_date=20221211T211725, end_date=20221211T211726
[2022-12-11 21:17:26,370] {local_task_job.py:156} INFO - Task exited with return code 0
[2022-12-11 21:17:26,613] {local_task_job.py:273} INFO - 1 downstream tasks scheduled from follow-on schedule check
