[2022-12-11 14:50:55,073] {taskinstance.py:1159} INFO - Dependencies all met for <TaskInstance: first_dag.write_diff_task manual__2022-12-11T14:50:49.230803+00:00 [queued]>
[2022-12-11 14:50:55,094] {taskinstance.py:1159} INFO - Dependencies all met for <TaskInstance: first_dag.write_diff_task manual__2022-12-11T14:50:49.230803+00:00 [queued]>
[2022-12-11 14:50:55,096] {taskinstance.py:1356} INFO - 
--------------------------------------------------------------------------------
[2022-12-11 14:50:55,098] {taskinstance.py:1357} INFO - Starting attempt 1 of 1
[2022-12-11 14:50:55,099] {taskinstance.py:1358} INFO - 
--------------------------------------------------------------------------------
[2022-12-11 14:50:55,123] {taskinstance.py:1377} INFO - Executing <Task(PythonOperator): write_diff_task> on 2022-12-11 14:50:49.230803+00:00
[2022-12-11 14:50:55,129] {standard_task_runner.py:52} INFO - Started process 1524 to run task
[2022-12-11 14:50:55,134] {standard_task_runner.py:79} INFO - Running: ['***', 'tasks', 'run', 'first_dag', 'write_diff_task', 'manual__2022-12-11T14:50:49.230803+00:00', '--job-id', '646', '--raw', '--subdir', 'DAGS_FOLDER/first-dag.py', '--cfg-path', '/tmp/tmpok4pq0w9', '--error-file', '/tmp/tmpc0fi1yve']
[2022-12-11 14:50:55,136] {standard_task_runner.py:80} INFO - Job 646: Subtask write_diff_task
[2022-12-11 14:50:55,233] {task_command.py:369} INFO - Running <TaskInstance: first_dag.write_diff_task manual__2022-12-11T14:50:49.230803+00:00 [running]> on host 7e39590a7807
[2022-12-11 14:50:55,352] {taskinstance.py:1571} INFO - Exporting the following env vars:
AIRFLOW_CTX_DAG_OWNER=***
AIRFLOW_CTX_DAG_ID=first_dag
AIRFLOW_CTX_TASK_ID=write_diff_task
AIRFLOW_CTX_EXECUTION_DATE=2022-12-11T14:50:49.230803+00:00
AIRFLOW_CTX_TRY_NUMBER=1
AIRFLOW_CTX_DAG_RUN_ID=manual__2022-12-11T14:50:49.230803+00:00
[2022-12-11 14:50:55,397] {logging_mixin.py:115} INFO - Sum result prepare write -4
[2022-12-11 14:50:55,399] {python.py:173} INFO - Done. Returned value was: None
[2022-12-11 14:50:55,417] {taskinstance.py:1400} INFO - Marking task as SUCCESS. dag_id=first_dag, task_id=write_diff_task, execution_date=20221211T145049, start_date=20221211T145055, end_date=20221211T145055
[2022-12-11 14:50:55,474] {local_task_job.py:156} INFO - Task exited with return code 0
[2022-12-11 14:50:55,524] {local_task_job.py:273} INFO - 0 downstream tasks scheduled from follow-on schedule check
