[2022-12-11 18:16:16,688] {taskinstance.py:1159} INFO - Dependencies all met for <TaskInstance: first_dag.sum_column_task manual__2022-12-11T18:16:11.624927+00:00 [queued]>
[2022-12-11 18:16:16,702] {taskinstance.py:1159} INFO - Dependencies all met for <TaskInstance: first_dag.sum_column_task manual__2022-12-11T18:16:11.624927+00:00 [queued]>
[2022-12-11 18:16:16,703] {taskinstance.py:1356} INFO - 
--------------------------------------------------------------------------------
[2022-12-11 18:16:16,705] {taskinstance.py:1357} INFO - Starting attempt 1 of 1
[2022-12-11 18:16:16,705] {taskinstance.py:1358} INFO - 
--------------------------------------------------------------------------------
[2022-12-11 18:16:16,723] {taskinstance.py:1377} INFO - Executing <Task(PythonOperator): sum_column_task> on 2022-12-11 18:16:11.624927+00:00
[2022-12-11 18:16:16,734] {standard_task_runner.py:52} INFO - Started process 4215 to run task
[2022-12-11 18:16:16,738] {standard_task_runner.py:79} INFO - Running: ['***', 'tasks', 'run', 'first_dag', 'sum_column_task', 'manual__2022-12-11T18:16:11.624927+00:00', '--job-id', '1157', '--raw', '--subdir', 'DAGS_FOLDER/first-dag.py', '--cfg-path', '/tmp/tmps76xg5bl', '--error-file', '/tmp/tmppft4k0kb']
[2022-12-11 18:16:16,741] {standard_task_runner.py:80} INFO - Job 1157: Subtask sum_column_task
[2022-12-11 18:16:16,830] {task_command.py:369} INFO - Running <TaskInstance: first_dag.sum_column_task manual__2022-12-11T18:16:11.624927+00:00 [running]> on host 7e39590a7807
[2022-12-11 18:16:16,971] {taskinstance.py:1571} INFO - Exporting the following env vars:
AIRFLOW_CTX_DAG_OWNER=***
AIRFLOW_CTX_DAG_ID=first_dag
AIRFLOW_CTX_TASK_ID=sum_column_task
AIRFLOW_CTX_EXECUTION_DATE=2022-12-11T18:16:11.624927+00:00
AIRFLOW_CTX_TRY_NUMBER=1
AIRFLOW_CTX_DAG_RUN_ID=manual__2022-12-11T18:16:11.624927+00:00
[2022-12-11 18:16:16,991] {logging_mixin.py:115} INFO - Different sum column is 0
[2022-12-11 18:16:16,992] {python.py:173} INFO - Done. Returned value was: 0
[2022-12-11 18:16:17,030] {taskinstance.py:1400} INFO - Marking task as SUCCESS. dag_id=first_dag, task_id=sum_column_task, execution_date=20221211T181611, start_date=20221211T181616, end_date=20221211T181617
[2022-12-11 18:16:17,080] {local_task_job.py:156} INFO - Task exited with return code 0
[2022-12-11 18:16:17,195] {local_task_job.py:273} INFO - 0 downstream tasks scheduled from follow-on schedule check
