[2022-12-11 14:43:00,153] {taskinstance.py:1159} INFO - Dependencies all met for <TaskInstance: first_dag.generate_two_int_task manual__2022-12-11T14:42:55.670823+00:00 [queued]>
[2022-12-11 14:43:00,181] {taskinstance.py:1159} INFO - Dependencies all met for <TaskInstance: first_dag.generate_two_int_task manual__2022-12-11T14:42:55.670823+00:00 [queued]>
[2022-12-11 14:43:00,182] {taskinstance.py:1356} INFO - 
--------------------------------------------------------------------------------
[2022-12-11 14:43:00,183] {taskinstance.py:1357} INFO - Starting attempt 1 of 1
[2022-12-11 14:43:00,185] {taskinstance.py:1358} INFO - 
--------------------------------------------------------------------------------
[2022-12-11 14:43:00,204] {taskinstance.py:1377} INFO - Executing <Task(PythonOperator): generate_two_int_task> on 2022-12-11 14:42:55.670823+00:00
[2022-12-11 14:43:00,209] {standard_task_runner.py:52} INFO - Started process 1285 to run task
[2022-12-11 14:43:00,217] {standard_task_runner.py:79} INFO - Running: ['***', 'tasks', 'run', 'first_dag', 'generate_two_int_task', 'manual__2022-12-11T14:42:55.670823+00:00', '--job-id', '598', '--raw', '--subdir', 'DAGS_FOLDER/first-dag.py', '--cfg-path', '/tmp/tmp0g6dzl5s', '--error-file', '/tmp/tmpkud_f20q']
[2022-12-11 14:43:00,220] {standard_task_runner.py:80} INFO - Job 598: Subtask generate_two_int_task
[2022-12-11 14:43:00,352] {task_command.py:369} INFO - Running <TaskInstance: first_dag.generate_two_int_task manual__2022-12-11T14:42:55.670823+00:00 [running]> on host 7e39590a7807
[2022-12-11 14:43:00,508] {taskinstance.py:1571} INFO - Exporting the following env vars:
AIRFLOW_CTX_DAG_OWNER=***
AIRFLOW_CTX_DAG_ID=first_dag
AIRFLOW_CTX_TASK_ID=generate_two_int_task
AIRFLOW_CTX_EXECUTION_DATE=2022-12-11T14:42:55.670823+00:00
AIRFLOW_CTX_TRY_NUMBER=1
AIRFLOW_CTX_DAG_RUN_ID=manual__2022-12-11T14:42:55.670823+00:00
[2022-12-11 14:43:00,532] {python.py:173} INFO - Done. Returned value was: None
[2022-12-11 14:43:00,560] {taskinstance.py:1400} INFO - Marking task as SUCCESS. dag_id=first_dag, task_id=generate_two_int_task, execution_date=20221211T144255, start_date=20221211T144300, end_date=20221211T144300
[2022-12-11 14:43:00,633] {local_task_job.py:156} INFO - Task exited with return code 0
[2022-12-11 14:43:00,705] {local_task_job.py:273} INFO - 1 downstream tasks scheduled from follow-on schedule check
