[2022-12-12 05:27:17,322] {taskinstance.py:1159} INFO - Dependencies all met for <TaskInstance: first_dag.generate_two_int_task manual__2022-12-12T05:27:08.938323+00:00 [queued]>
[2022-12-12 05:27:17,343] {taskinstance.py:1159} INFO - Dependencies all met for <TaskInstance: first_dag.generate_two_int_task manual__2022-12-12T05:27:08.938323+00:00 [queued]>
[2022-12-12 05:27:17,345] {taskinstance.py:1356} INFO - 
--------------------------------------------------------------------------------
[2022-12-12 05:27:17,346] {taskinstance.py:1357} INFO - Starting attempt 1 of 1
[2022-12-12 05:27:17,348] {taskinstance.py:1358} INFO - 
--------------------------------------------------------------------------------
[2022-12-12 05:27:17,378] {taskinstance.py:1377} INFO - Executing <Task(PythonOperator): generate_two_int_task> on 2022-12-12 05:27:08.938323+00:00
[2022-12-12 05:27:17,388] {standard_task_runner.py:52} INFO - Started process 7837 to run task
[2022-12-12 05:27:17,392] {standard_task_runner.py:79} INFO - Running: ['***', 'tasks', 'run', 'first_dag', 'generate_two_int_task', 'manual__2022-12-12T05:27:08.938323+00:00', '--job-id', '1665', '--raw', '--subdir', 'DAGS_FOLDER/first-dag.py', '--cfg-path', '/tmp/tmp51vnspj5', '--error-file', '/tmp/tmpzyy0oc4a']
[2022-12-12 05:27:17,405] {standard_task_runner.py:80} INFO - Job 1665: Subtask generate_two_int_task
[2022-12-12 05:27:17,522] {task_command.py:369} INFO - Running <TaskInstance: first_dag.generate_two_int_task manual__2022-12-12T05:27:08.938323+00:00 [running]> on host 7e39590a7807
[2022-12-12 05:27:17,644] {taskinstance.py:1571} INFO - Exporting the following env vars:
AIRFLOW_CTX_DAG_OWNER=***
AIRFLOW_CTX_DAG_ID=first_dag
AIRFLOW_CTX_TASK_ID=generate_two_int_task
AIRFLOW_CTX_EXECUTION_DATE=2022-12-12T05:27:08.938323+00:00
AIRFLOW_CTX_TRY_NUMBER=1
AIRFLOW_CTX_DAG_RUN_ID=manual__2022-12-12T05:27:08.938323+00:00
[2022-12-12 05:27:17,669] {python.py:173} INFO - Done. Returned value was: None
[2022-12-12 05:27:17,697] {taskinstance.py:1400} INFO - Marking task as SUCCESS. dag_id=first_dag, task_id=generate_two_int_task, execution_date=20221212T052708, start_date=20221212T052717, end_date=20221212T052717
[2022-12-12 05:27:17,739] {local_task_job.py:156} INFO - Task exited with return code 0
[2022-12-12 05:27:17,814] {local_task_job.py:273} INFO - 1 downstream tasks scheduled from follow-on schedule check
