[2022-12-11 15:16:04,482] {taskinstance.py:1159} INFO - Dependencies all met for <TaskInstance: first_dag.write_diff_task scheduled__2022-12-11T15:15:00+00:00 [queued]>
[2022-12-11 15:16:04,498] {taskinstance.py:1159} INFO - Dependencies all met for <TaskInstance: first_dag.write_diff_task scheduled__2022-12-11T15:15:00+00:00 [queued]>
[2022-12-11 15:16:04,499] {taskinstance.py:1356} INFO - 
--------------------------------------------------------------------------------
[2022-12-11 15:16:04,501] {taskinstance.py:1357} INFO - Starting attempt 1 of 1
[2022-12-11 15:16:04,501] {taskinstance.py:1358} INFO - 
--------------------------------------------------------------------------------
[2022-12-11 15:16:04,523] {taskinstance.py:1377} INFO - Executing <Task(PythonOperator): write_diff_task> on 2022-12-11 15:15:00+00:00
[2022-12-11 15:16:04,529] {standard_task_runner.py:52} INFO - Started process 2284 to run task
[2022-12-11 15:16:04,538] {standard_task_runner.py:79} INFO - Running: ['***', 'tasks', 'run', 'first_dag', 'write_diff_task', 'scheduled__2022-12-11T15:15:00+00:00', '--job-id', '821', '--raw', '--subdir', 'DAGS_FOLDER/first-dag.py', '--cfg-path', '/tmp/tmpyl2qtliw', '--error-file', '/tmp/tmpin_q9sfi']
[2022-12-11 15:16:04,540] {standard_task_runner.py:80} INFO - Job 821: Subtask write_diff_task
[2022-12-11 15:16:04,723] {task_command.py:369} INFO - Running <TaskInstance: first_dag.write_diff_task scheduled__2022-12-11T15:15:00+00:00 [running]> on host 7e39590a7807
[2022-12-11 15:16:04,913] {taskinstance.py:1571} INFO - Exporting the following env vars:
AIRFLOW_CTX_DAG_OWNER=***
AIRFLOW_CTX_DAG_ID=first_dag
AIRFLOW_CTX_TASK_ID=write_diff_task
AIRFLOW_CTX_EXECUTION_DATE=2022-12-11T15:15:00+00:00
AIRFLOW_CTX_TRY_NUMBER=1
AIRFLOW_CTX_DAG_RUN_ID=scheduled__2022-12-11T15:15:00+00:00
[2022-12-11 15:16:04,949] {logging_mixin.py:115} INFO - Splitted ['10', '7\n'] 2
[2022-12-11 15:16:04,950] {python.py:173} INFO - Done. Returned value was: None
[2022-12-11 15:16:04,970] {taskinstance.py:1400} INFO - Marking task as SUCCESS. dag_id=first_dag, task_id=write_diff_task, execution_date=20221211T151500, start_date=20221211T151604, end_date=20221211T151604
[2022-12-11 15:16:05,033] {local_task_job.py:156} INFO - Task exited with return code 0
[2022-12-11 15:16:05,082] {local_task_job.py:273} INFO - 0 downstream tasks scheduled from follow-on schedule check
