[2022-12-12 05:27:15,234] {taskinstance.py:1159} INFO - Dependencies all met for <TaskInstance: first_dag.world manual__2022-12-12T05:27:08.938323+00:00 [queued]>
[2022-12-12 05:27:15,300] {taskinstance.py:1159} INFO - Dependencies all met for <TaskInstance: first_dag.world manual__2022-12-12T05:27:08.938323+00:00 [queued]>
[2022-12-12 05:27:15,301] {taskinstance.py:1356} INFO - 
--------------------------------------------------------------------------------
[2022-12-12 05:27:15,305] {taskinstance.py:1357} INFO - Starting attempt 1 of 1
[2022-12-12 05:27:15,306] {taskinstance.py:1358} INFO - 
--------------------------------------------------------------------------------
[2022-12-12 05:27:15,338] {taskinstance.py:1377} INFO - Executing <Task(PythonOperator): world> on 2022-12-12 05:27:08.938323+00:00
[2022-12-12 05:27:15,346] {standard_task_runner.py:52} INFO - Started process 7835 to run task
[2022-12-12 05:27:15,354] {standard_task_runner.py:79} INFO - Running: ['***', 'tasks', 'run', 'first_dag', 'world', 'manual__2022-12-12T05:27:08.938323+00:00', '--job-id', '1663', '--raw', '--subdir', 'DAGS_FOLDER/first-dag.py', '--cfg-path', '/tmp/tmp9lcah6aq', '--error-file', '/tmp/tmpk3arjogv']
[2022-12-12 05:27:15,356] {standard_task_runner.py:80} INFO - Job 1663: Subtask world
[2022-12-12 05:27:15,620] {task_command.py:369} INFO - Running <TaskInstance: first_dag.world manual__2022-12-12T05:27:08.938323+00:00 [running]> on host 7e39590a7807
[2022-12-12 05:27:16,136] {taskinstance.py:1571} INFO - Exporting the following env vars:
AIRFLOW_CTX_DAG_OWNER=***
AIRFLOW_CTX_DAG_ID=first_dag
AIRFLOW_CTX_TASK_ID=world
AIRFLOW_CTX_EXECUTION_DATE=2022-12-12T05:27:08.938323+00:00
AIRFLOW_CTX_TRY_NUMBER=1
AIRFLOW_CTX_DAG_RUN_ID=manual__2022-12-12T05:27:08.938323+00:00
[2022-12-12 05:27:16,140] {logging_mixin.py:115} INFO - Airflow
[2022-12-12 05:27:16,141] {python.py:173} INFO - Done. Returned value was: None
[2022-12-12 05:27:16,215] {taskinstance.py:1400} INFO - Marking task as SUCCESS. dag_id=first_dag, task_id=world, execution_date=20221212T052708, start_date=20221212T052715, end_date=20221212T052716
[2022-12-12 05:27:16,310] {local_task_job.py:156} INFO - Task exited with return code 0
[2022-12-12 05:27:16,450] {local_task_job.py:273} INFO - 1 downstream tasks scheduled from follow-on schedule check
