[2022-12-11 19:44:55,856] {taskinstance.py:1159} INFO - Dependencies all met for <TaskInstance: first_dag.create_pet_table manual__2022-12-11T19:44:29.307471+00:00 [queued]>
[2022-12-11 19:44:55,869] {taskinstance.py:1159} INFO - Dependencies all met for <TaskInstance: first_dag.create_pet_table manual__2022-12-11T19:44:29.307471+00:00 [queued]>
[2022-12-11 19:44:55,870] {taskinstance.py:1356} INFO - 
--------------------------------------------------------------------------------
[2022-12-11 19:44:55,871] {taskinstance.py:1357} INFO - Starting attempt 1 of 1
[2022-12-11 19:44:55,873] {taskinstance.py:1358} INFO - 
--------------------------------------------------------------------------------
[2022-12-11 19:44:55,892] {taskinstance.py:1377} INFO - Executing <Task(PostgresOperator): create_pet_table> on 2022-12-11 19:44:29.307471+00:00
[2022-12-11 19:44:55,898] {standard_task_runner.py:52} INFO - Started process 5163 to run task
[2022-12-11 19:44:55,917] {standard_task_runner.py:79} INFO - Running: ['***', 'tasks', 'run', 'first_dag', 'create_pet_table', 'manual__2022-12-11T19:44:29.307471+00:00', '--job-id', '1291', '--raw', '--subdir', 'DAGS_FOLDER/first-dag.py', '--cfg-path', '/tmp/tmp_8qog6bx', '--error-file', '/tmp/tmpg2l2t6og']
[2022-12-11 19:44:55,921] {standard_task_runner.py:80} INFO - Job 1291: Subtask create_pet_table
[2022-12-11 19:44:56,022] {task_command.py:369} INFO - Running <TaskInstance: first_dag.create_pet_table manual__2022-12-11T19:44:29.307471+00:00 [running]> on host 7e39590a7807
[2022-12-11 19:44:56,161] {taskinstance.py:1571} INFO - Exporting the following env vars:
AIRFLOW_CTX_DAG_OWNER=***
AIRFLOW_CTX_DAG_ID=first_dag
AIRFLOW_CTX_TASK_ID=create_pet_table
AIRFLOW_CTX_EXECUTION_DATE=2022-12-11T19:44:29.307471+00:00
AIRFLOW_CTX_TRY_NUMBER=1
AIRFLOW_CTX_DAG_RUN_ID=manual__2022-12-11T19:44:29.307471+00:00
[2022-12-11 19:44:56,188] {base.py:68} INFO - Using connection ID 'db' for task execution.
[2022-12-11 19:44:56,206] {dbapi.py:208} INFO - Running statement: 
                CREATE TABLE IF NOT EXISTS pet (
                pet_id SERIAL PRIMARY KEY,
                name VARCHAR NOT NULL,
                pet_type VARCHAR NOT NULL,
                birth_date DATE NOT NULL,
                OWNER VARCHAR NOT NULL);
              , parameters: None
[2022-12-11 19:44:56,210] {postgres.py:94} INFO - NOTICE:  relation "pet" already exists, skipping

[2022-12-11 19:44:56,235] {taskinstance.py:1400} INFO - Marking task as SUCCESS. dag_id=first_dag, task_id=create_pet_table, execution_date=20221211T194429, start_date=20221211T194455, end_date=20221211T194456
[2022-12-11 19:44:56,288] {local_task_job.py:156} INFO - Task exited with return code 0
[2022-12-11 19:44:56,344] {local_task_job.py:273} INFO - 0 downstream tasks scheduled from follow-on schedule check
