[2022-12-04 18:35:16,210] {taskinstance.py:1159} INFO - Dependencies all met for <TaskInstance: first_dag.hello_task manual__2022-12-04T18:35:14.765407+00:00 [queued]>
[2022-12-04 18:35:16,227] {taskinstance.py:1159} INFO - Dependencies all met for <TaskInstance: first_dag.hello_task manual__2022-12-04T18:35:14.765407+00:00 [queued]>
[2022-12-04 18:35:16,228] {taskinstance.py:1356} INFO - 
--------------------------------------------------------------------------------
[2022-12-04 18:35:16,229] {taskinstance.py:1357} INFO - Starting attempt 1 of 1
[2022-12-04 18:35:16,230] {taskinstance.py:1358} INFO - 
--------------------------------------------------------------------------------
[2022-12-04 18:35:16,249] {taskinstance.py:1377} INFO - Executing <Task(BashOperator): hello_task> on 2022-12-04 18:35:14.765407+00:00
[2022-12-04 18:35:16,255] {standard_task_runner.py:52} INFO - Started process 2014 to run task
[2022-12-04 18:35:16,264] {standard_task_runner.py:79} INFO - Running: ['***', 'tasks', 'run', 'first_dag', 'hello_task', 'manual__2022-12-04T18:35:14.765407+00:00', '--job-id', '222', '--raw', '--subdir', 'DAGS_FOLDER/first-dag.py', '--cfg-path', '/tmp/tmphz1u7eqa', '--error-file', '/tmp/tmpro3l2lcq']
[2022-12-04 18:35:16,267] {standard_task_runner.py:80} INFO - Job 222: Subtask hello_task
[2022-12-04 18:35:16,350] {task_command.py:369} INFO - Running <TaskInstance: first_dag.hello_task manual__2022-12-04T18:35:14.765407+00:00 [running]> on host fb90b48d1471
[2022-12-04 18:35:16,452] {taskinstance.py:1571} INFO - Exporting the following env vars:
AIRFLOW_CTX_DAG_OWNER=***
AIRFLOW_CTX_DAG_ID=first_dag
AIRFLOW_CTX_TASK_ID=hello_task
AIRFLOW_CTX_EXECUTION_DATE=2022-12-04T18:35:14.765407+00:00
AIRFLOW_CTX_TRY_NUMBER=1
AIRFLOW_CTX_DAG_RUN_ID=manual__2022-12-04T18:35:14.765407+00:00
[2022-12-04 18:35:16,455] {subprocess.py:62} INFO - Tmp dir root location: 
 /tmp
[2022-12-04 18:35:16,459] {subprocess.py:74} INFO - Running command: ['bash', '-c', 'echo hello']
[2022-12-04 18:35:16,472] {subprocess.py:85} INFO - Output:
[2022-12-04 18:35:16,477] {subprocess.py:92} INFO - hello
[2022-12-04 18:35:16,479] {subprocess.py:96} INFO - Command exited with return code 0
[2022-12-04 18:35:16,525] {taskinstance.py:1400} INFO - Marking task as SUCCESS. dag_id=first_dag, task_id=hello_task, execution_date=20221204T183514, start_date=20221204T183516, end_date=20221204T183516
[2022-12-04 18:35:16,555] {local_task_job.py:156} INFO - Task exited with return code 0
[2022-12-04 18:35:16,623] {local_task_job.py:273} INFO - 1 downstream tasks scheduled from follow-on schedule check
