[2022-12-12 05:27:10,698] {taskinstance.py:1159} INFO - Dependencies all met for <TaskInstance: first_dag.hello_task manual__2022-12-12T05:27:08.938323+00:00 [queued]>
[2022-12-12 05:27:10,741] {taskinstance.py:1159} INFO - Dependencies all met for <TaskInstance: first_dag.hello_task manual__2022-12-12T05:27:08.938323+00:00 [queued]>
[2022-12-12 05:27:10,744] {taskinstance.py:1356} INFO - 
--------------------------------------------------------------------------------
[2022-12-12 05:27:10,746] {taskinstance.py:1357} INFO - Starting attempt 1 of 1
[2022-12-12 05:27:10,747] {taskinstance.py:1358} INFO - 
--------------------------------------------------------------------------------
[2022-12-12 05:27:10,775] {taskinstance.py:1377} INFO - Executing <Task(BashOperator): hello_task> on 2022-12-12 05:27:08.938323+00:00
[2022-12-12 05:27:10,785] {standard_task_runner.py:52} INFO - Started process 7830 to run task
[2022-12-12 05:27:10,800] {standard_task_runner.py:79} INFO - Running: ['***', 'tasks', 'run', 'first_dag', 'hello_task', 'manual__2022-12-12T05:27:08.938323+00:00', '--job-id', '1662', '--raw', '--subdir', 'DAGS_FOLDER/first-dag.py', '--cfg-path', '/tmp/tmp881f42u7', '--error-file', '/tmp/tmpnv0n53or']
[2022-12-12 05:27:10,804] {standard_task_runner.py:80} INFO - Job 1662: Subtask hello_task
[2022-12-12 05:27:10,951] {task_command.py:369} INFO - Running <TaskInstance: first_dag.hello_task manual__2022-12-12T05:27:08.938323+00:00 [running]> on host 7e39590a7807
[2022-12-12 05:27:11,444] {taskinstance.py:1571} INFO - Exporting the following env vars:
AIRFLOW_CTX_DAG_OWNER=***
AIRFLOW_CTX_DAG_ID=first_dag
AIRFLOW_CTX_TASK_ID=hello_task
AIRFLOW_CTX_EXECUTION_DATE=2022-12-12T05:27:08.938323+00:00
AIRFLOW_CTX_TRY_NUMBER=1
AIRFLOW_CTX_DAG_RUN_ID=manual__2022-12-12T05:27:08.938323+00:00
[2022-12-12 05:27:11,452] {subprocess.py:62} INFO - Tmp dir root location: 
 /tmp
[2022-12-12 05:27:11,482] {subprocess.py:74} INFO - Running command: ['bash', '-c', 'echo hello']
[2022-12-12 05:27:11,526] {subprocess.py:85} INFO - Output:
[2022-12-12 05:27:11,542] {subprocess.py:92} INFO - hello
[2022-12-12 05:27:11,546] {subprocess.py:96} INFO - Command exited with return code 0
[2022-12-12 05:27:11,709] {taskinstance.py:1400} INFO - Marking task as SUCCESS. dag_id=first_dag, task_id=hello_task, execution_date=20221212T052708, start_date=20221212T052710, end_date=20221212T052711
[2022-12-12 05:27:11,788] {local_task_job.py:156} INFO - Task exited with return code 0
[2022-12-12 05:27:11,921] {local_task_job.py:273} INFO - 1 downstream tasks scheduled from follow-on schedule check
