[2022-12-11 14:50:47,372] {taskinstance.py:1159} INFO - Dependencies all met for <TaskInstance: first_dag.world manual__2022-12-11T14:50:45.312702+00:00 [queued]>
[2022-12-11 14:50:47,385] {taskinstance.py:1159} INFO - Dependencies all met for <TaskInstance: first_dag.world manual__2022-12-11T14:50:45.312702+00:00 [queued]>
[2022-12-11 14:50:47,386] {taskinstance.py:1356} INFO - 
--------------------------------------------------------------------------------
[2022-12-11 14:50:47,387] {taskinstance.py:1357} INFO - Starting attempt 1 of 1
[2022-12-11 14:50:47,388] {taskinstance.py:1358} INFO - 
--------------------------------------------------------------------------------
[2022-12-11 14:50:47,411] {taskinstance.py:1377} INFO - Executing <Task(PythonOperator): world> on 2022-12-11 14:50:45.312702+00:00
[2022-12-11 14:50:47,416] {standard_task_runner.py:52} INFO - Started process 1507 to run task
[2022-12-11 14:50:47,427] {standard_task_runner.py:79} INFO - Running: ['***', 'tasks', 'run', 'first_dag', 'world', 'manual__2022-12-11T14:50:45.312702+00:00', '--job-id', '638', '--raw', '--subdir', 'DAGS_FOLDER/first-dag.py', '--cfg-path', '/tmp/tmpe1ofg286', '--error-file', '/tmp/tmp31fisi_z']
[2022-12-11 14:50:47,429] {standard_task_runner.py:80} INFO - Job 638: Subtask world
[2022-12-11 14:50:47,518] {task_command.py:369} INFO - Running <TaskInstance: first_dag.world manual__2022-12-11T14:50:45.312702+00:00 [running]> on host 7e39590a7807
[2022-12-11 14:50:47,624] {taskinstance.py:1571} INFO - Exporting the following env vars:
AIRFLOW_CTX_DAG_OWNER=***
AIRFLOW_CTX_DAG_ID=first_dag
AIRFLOW_CTX_TASK_ID=world
AIRFLOW_CTX_EXECUTION_DATE=2022-12-11T14:50:45.312702+00:00
AIRFLOW_CTX_TRY_NUMBER=1
AIRFLOW_CTX_DAG_RUN_ID=manual__2022-12-11T14:50:45.312702+00:00
[2022-12-11 14:50:47,626] {logging_mixin.py:115} INFO - Airflow
[2022-12-11 14:50:47,627] {python.py:173} INFO - Done. Returned value was: None
[2022-12-11 14:50:47,647] {taskinstance.py:1400} INFO - Marking task as SUCCESS. dag_id=first_dag, task_id=world, execution_date=20221211T145045, start_date=20221211T145047, end_date=20221211T145047
[2022-12-11 14:50:47,677] {local_task_job.py:156} INFO - Task exited with return code 0
[2022-12-11 14:50:47,734] {local_task_job.py:273} INFO - 1 downstream tasks scheduled from follow-on schedule check
