[2022-12-11 17:37:28,003] {taskinstance.py:1159} INFO - Dependencies all met for <TaskInstance: first_dag.generate_two_int_task scheduled__2022-12-11T17:31:00+00:00 [queued]>
[2022-12-11 17:37:28,023] {taskinstance.py:1159} INFO - Dependencies all met for <TaskInstance: first_dag.generate_two_int_task scheduled__2022-12-11T17:31:00+00:00 [queued]>
[2022-12-11 17:37:28,024] {taskinstance.py:1356} INFO - 
--------------------------------------------------------------------------------
[2022-12-11 17:37:28,025] {taskinstance.py:1357} INFO - Starting attempt 1 of 1
[2022-12-11 17:37:28,027] {taskinstance.py:1358} INFO - 
--------------------------------------------------------------------------------
[2022-12-11 17:37:28,077] {taskinstance.py:1377} INFO - Executing <Task(PythonOperator): generate_two_int_task> on 2022-12-11 17:31:00+00:00
[2022-12-11 17:37:28,090] {standard_task_runner.py:52} INFO - Started process 3868 to run task
[2022-12-11 17:37:28,104] {standard_task_runner.py:79} INFO - Running: ['***', 'tasks', 'run', 'first_dag', 'generate_two_int_task', 'scheduled__2022-12-11T17:31:00+00:00', '--job-id', '1117', '--raw', '--subdir', 'DAGS_FOLDER/first-dag.py', '--cfg-path', '/tmp/tmp_aeepxeu', '--error-file', '/tmp/tmpfh2enk1h']
[2022-12-11 17:37:28,108] {standard_task_runner.py:80} INFO - Job 1117: Subtask generate_two_int_task
[2022-12-11 17:37:28,285] {task_command.py:369} INFO - Running <TaskInstance: first_dag.generate_two_int_task scheduled__2022-12-11T17:31:00+00:00 [running]> on host 7e39590a7807
[2022-12-11 17:37:28,484] {taskinstance.py:1571} INFO - Exporting the following env vars:
AIRFLOW_CTX_DAG_OWNER=***
AIRFLOW_CTX_DAG_ID=first_dag
AIRFLOW_CTX_TASK_ID=generate_two_int_task
AIRFLOW_CTX_EXECUTION_DATE=2022-12-11T17:31:00+00:00
AIRFLOW_CTX_TRY_NUMBER=1
AIRFLOW_CTX_DAG_RUN_ID=scheduled__2022-12-11T17:31:00+00:00
[2022-12-11 17:37:28,520] {python.py:173} INFO - Done. Returned value was: None
[2022-12-11 17:37:28,554] {taskinstance.py:1400} INFO - Marking task as SUCCESS. dag_id=first_dag, task_id=generate_two_int_task, execution_date=20221211T173100, start_date=20221211T173728, end_date=20221211T173728
[2022-12-11 17:37:28,615] {local_task_job.py:156} INFO - Task exited with return code 0
[2022-12-11 17:37:28,864] {local_task_job.py:273} INFO - 0 downstream tasks scheduled from follow-on schedule check
