[2022-12-11 20:23:51,813] {taskinstance.py:1159} INFO - Dependencies all met for <TaskInstance: first_dag.wait_for_file manual__2022-12-11T20:23:20.120434+00:00 [queued]>
[2022-12-11 20:23:51,856] {taskinstance.py:1159} INFO - Dependencies all met for <TaskInstance: first_dag.wait_for_file manual__2022-12-11T20:23:20.120434+00:00 [queued]>
[2022-12-11 20:23:51,858] {taskinstance.py:1356} INFO - 
--------------------------------------------------------------------------------
[2022-12-11 20:23:51,860] {taskinstance.py:1357} INFO - Starting attempt 1 of 3
[2022-12-11 20:23:51,866] {taskinstance.py:1358} INFO - 
--------------------------------------------------------------------------------
[2022-12-11 20:23:51,963] {taskinstance.py:1377} INFO - Executing <Task(PythonSensor): wait_for_file> on 2022-12-11 20:23:20.120434+00:00
[2022-12-11 20:23:51,984] {standard_task_runner.py:52} INFO - Started process 5857 to run task
[2022-12-11 20:23:52,021] {standard_task_runner.py:79} INFO - Running: ['***', 'tasks', 'run', 'first_dag', 'wait_for_file', 'manual__2022-12-11T20:23:20.120434+00:00', '--job-id', '1406', '--raw', '--subdir', 'DAGS_FOLDER/first-dag.py', '--cfg-path', '/tmp/tmp6bilhg2s', '--error-file', '/tmp/tmpsvaz0aah']
[2022-12-11 20:23:52,034] {standard_task_runner.py:80} INFO - Job 1406: Subtask wait_for_file
[2022-12-11 20:23:52,508] {task_command.py:369} INFO - Running <TaskInstance: first_dag.wait_for_file manual__2022-12-11T20:23:20.120434+00:00 [running]> on host 7e39590a7807
[2022-12-11 20:23:53,655] {taskinstance.py:1571} INFO - Exporting the following env vars:
AIRFLOW_CTX_DAG_OWNER=***
AIRFLOW_CTX_DAG_ID=first_dag
AIRFLOW_CTX_TASK_ID=wait_for_file
AIRFLOW_CTX_EXECUTION_DATE=2022-12-11T20:23:20.120434+00:00
AIRFLOW_CTX_TRY_NUMBER=1
AIRFLOW_CTX_DAG_RUN_ID=manual__2022-12-11T20:23:20.120434+00:00
[2022-12-11 20:23:53,670] {python.py:66} INFO - Poking callable: <function _wait_for_file at 0x7f6cec79e5f0>
[2022-12-11 20:23:53,781] {logging_mixin.py:115} INFO - _wait_for_file True
[2022-12-11 20:24:13,780] {python.py:66} INFO - Poking callable: <function _wait_for_file at 0x7f6cec79e5f0>
[2022-12-11 20:24:13,817] {logging_mixin.py:115} INFO - _wait_for_file True
[2022-12-11 20:24:13,821] {base.py:301} INFO - Success criteria met. Exiting.
[2022-12-11 20:24:13,931] {taskinstance.py:1400} INFO - Marking task as SUCCESS. dag_id=first_dag, task_id=wait_for_file, execution_date=20221211T202320, start_date=20221211T202351, end_date=20221211T202413
[2022-12-11 20:24:14,097] {local_task_job.py:156} INFO - Task exited with return code 0
[2022-12-11 20:24:14,715] {local_task_job.py:273} INFO - 0 downstream tasks scheduled from follow-on schedule check
