[2022-12-11 15:11:57,059] {taskinstance.py:1159} INFO - Dependencies all met for <TaskInstance: first_dag.hello_task manual__2022-12-11T15:11:55.718370+00:00 [queued]>
[2022-12-11 15:11:57,084] {taskinstance.py:1159} INFO - Dependencies all met for <TaskInstance: first_dag.hello_task manual__2022-12-11T15:11:55.718370+00:00 [queued]>
[2022-12-11 15:11:57,086] {taskinstance.py:1356} INFO - 
--------------------------------------------------------------------------------
[2022-12-11 15:11:57,087] {taskinstance.py:1357} INFO - Starting attempt 1 of 1
[2022-12-11 15:11:57,089] {taskinstance.py:1358} INFO - 
--------------------------------------------------------------------------------
[2022-12-11 15:11:57,127] {taskinstance.py:1377} INFO - Executing <Task(BashOperator): hello_task> on 2022-12-11 15:11:55.718370+00:00
[2022-12-11 15:11:57,136] {standard_task_runner.py:52} INFO - Started process 2102 to run task
[2022-12-11 15:11:57,152] {standard_task_runner.py:79} INFO - Running: ['***', 'tasks', 'run', 'first_dag', 'hello_task', 'manual__2022-12-11T15:11:55.718370+00:00', '--job-id', '772', '--raw', '--subdir', 'DAGS_FOLDER/first-dag.py', '--cfg-path', '/tmp/tmpynr8ryfr', '--error-file', '/tmp/tmpknwjohqq']
[2022-12-11 15:11:57,157] {standard_task_runner.py:80} INFO - Job 772: Subtask hello_task
[2022-12-11 15:11:57,273] {task_command.py:369} INFO - Running <TaskInstance: first_dag.hello_task manual__2022-12-11T15:11:55.718370+00:00 [running]> on host 7e39590a7807
[2022-12-11 15:11:57,387] {taskinstance.py:1571} INFO - Exporting the following env vars:
AIRFLOW_CTX_DAG_OWNER=***
AIRFLOW_CTX_DAG_ID=first_dag
AIRFLOW_CTX_TASK_ID=hello_task
AIRFLOW_CTX_EXECUTION_DATE=2022-12-11T15:11:55.718370+00:00
AIRFLOW_CTX_TRY_NUMBER=1
AIRFLOW_CTX_DAG_RUN_ID=manual__2022-12-11T15:11:55.718370+00:00
[2022-12-11 15:11:57,389] {subprocess.py:62} INFO - Tmp dir root location: 
 /tmp
[2022-12-11 15:11:57,391] {subprocess.py:74} INFO - Running command: ['bash', '-c', 'echo hello']
[2022-12-11 15:11:57,401] {subprocess.py:85} INFO - Output:
[2022-12-11 15:11:57,404] {subprocess.py:92} INFO - hello
[2022-12-11 15:11:57,406] {subprocess.py:96} INFO - Command exited with return code 0
[2022-12-11 15:11:57,467] {taskinstance.py:1400} INFO - Marking task as SUCCESS. dag_id=first_dag, task_id=hello_task, execution_date=20221211T151155, start_date=20221211T151157, end_date=20221211T151157
[2022-12-11 15:11:57,494] {local_task_job.py:156} INFO - Task exited with return code 0
[2022-12-11 15:11:57,557] {local_task_job.py:273} INFO - 1 downstream tasks scheduled from follow-on schedule check
