[2022-12-11 14:31:04,760] {taskinstance.py:1159} INFO - Dependencies all met for <TaskInstance: first_dag.sum_column_task scheduled__2022-12-11T14:30:00+00:00 [queued]>
[2022-12-11 14:31:04,772] {taskinstance.py:1159} INFO - Dependencies all met for <TaskInstance: first_dag.sum_column_task scheduled__2022-12-11T14:30:00+00:00 [queued]>
[2022-12-11 14:31:04,774] {taskinstance.py:1356} INFO - 
--------------------------------------------------------------------------------
[2022-12-11 14:31:04,774] {taskinstance.py:1357} INFO - Starting attempt 1 of 1
[2022-12-11 14:31:04,775] {taskinstance.py:1358} INFO - 
--------------------------------------------------------------------------------
[2022-12-11 14:31:04,794] {taskinstance.py:1377} INFO - Executing <Task(PythonOperator): sum_column_task> on 2022-12-11 14:30:00+00:00
[2022-12-11 14:31:04,799] {standard_task_runner.py:52} INFO - Started process 809 to run task
[2022-12-11 14:31:04,803] {standard_task_runner.py:79} INFO - Running: ['***', 'tasks', 'run', 'first_dag', 'sum_column_task', 'scheduled__2022-12-11T14:30:00+00:00', '--job-id', '476', '--raw', '--subdir', 'DAGS_FOLDER/first-dag.py', '--cfg-path', '/tmp/tmpw19dmh6t', '--error-file', '/tmp/tmp94d3k0fq']
[2022-12-11 14:31:04,806] {standard_task_runner.py:80} INFO - Job 476: Subtask sum_column_task
[2022-12-11 14:31:04,879] {task_command.py:369} INFO - Running <TaskInstance: first_dag.sum_column_task scheduled__2022-12-11T14:30:00+00:00 [running]> on host 7e39590a7807
[2022-12-11 14:31:04,976] {taskinstance.py:1571} INFO - Exporting the following env vars:
AIRFLOW_CTX_DAG_OWNER=***
AIRFLOW_CTX_DAG_ID=first_dag
AIRFLOW_CTX_TASK_ID=sum_column_task
AIRFLOW_CTX_EXECUTION_DATE=2022-12-11T14:30:00+00:00
AIRFLOW_CTX_TRY_NUMBER=1
AIRFLOW_CTX_DAG_RUN_ID=scheduled__2022-12-11T14:30:00+00:00
[2022-12-11 14:31:04,999] {taskinstance.py:1889} ERROR - Task failed with exception
Traceback (most recent call last):
  File "/home/airflow/.local/lib/python3.7/site-packages/airflow/operators/python.py", line 171, in execute
    return_value = self.execute_callable()
  File "/home/airflow/.local/lib/python3.7/site-packages/airflow/operators/python.py", line 189, in execute_callable
    return self.python_callable(*self.op_args, **self.op_kwargs)
  File "/opt/airflow/dags/first-dag.py", line 31, in sum_column_and_diff
    sum_columns = reduce(lambda a, b: (a[0] + b[0], a[1] + b[1]), prepare_lines)
  File "/opt/airflow/dags/first-dag.py", line 29, in <lambda>
    (int(x[0]), int(x[1].replace("\n", ""))),
ValueError: invalid literal for int() with base 10: 'None779'
[2022-12-11 14:31:05,030] {taskinstance.py:1400} INFO - Marking task as FAILED. dag_id=first_dag, task_id=sum_column_task, execution_date=20221211T143000, start_date=20221211T143104, end_date=20221211T143105
[2022-12-11 14:31:05,045] {standard_task_runner.py:97} ERROR - Failed to execute job 476 for task sum_column_task (invalid literal for int() with base 10: 'None779'; 809)
[2022-12-11 14:31:05,069] {local_task_job.py:156} INFO - Task exited with return code 1
[2022-12-11 14:31:05,118] {local_task_job.py:273} INFO - 0 downstream tasks scheduled from follow-on schedule check
[2022-12-11 14:46:51,282] {taskinstance.py:1159} INFO - Dependencies all met for <TaskInstance: first_dag.sum_column_task scheduled__2022-12-11T14:30:00+00:00 [queued]>
[2022-12-11 14:46:51,302] {taskinstance.py:1159} INFO - Dependencies all met for <TaskInstance: first_dag.sum_column_task scheduled__2022-12-11T14:30:00+00:00 [queued]>
[2022-12-11 14:46:51,303] {taskinstance.py:1356} INFO - 
--------------------------------------------------------------------------------
[2022-12-11 14:46:51,304] {taskinstance.py:1357} INFO - Starting attempt 1 of 1
[2022-12-11 14:46:51,304] {taskinstance.py:1358} INFO - 
--------------------------------------------------------------------------------
[2022-12-11 14:46:51,324] {taskinstance.py:1377} INFO - Executing <Task(PythonOperator): sum_column_task> on 2022-12-11 14:30:00+00:00
[2022-12-11 14:46:51,332] {standard_task_runner.py:52} INFO - Started process 1381 to run task
[2022-12-11 14:46:51,342] {standard_task_runner.py:79} INFO - Running: ['***', 'tasks', 'run', 'first_dag', 'sum_column_task', 'scheduled__2022-12-11T14:30:00+00:00', '--job-id', '615', '--raw', '--subdir', 'DAGS_FOLDER/first-dag.py', '--cfg-path', '/tmp/tmpot8elvu6', '--error-file', '/tmp/tmpecz0eg0q']
[2022-12-11 14:46:51,345] {standard_task_runner.py:80} INFO - Job 615: Subtask sum_column_task
[2022-12-11 14:46:51,419] {task_command.py:369} INFO - Running <TaskInstance: first_dag.sum_column_task scheduled__2022-12-11T14:30:00+00:00 [running]> on host 7e39590a7807
[2022-12-11 14:46:51,518] {taskinstance.py:1571} INFO - Exporting the following env vars:
AIRFLOW_CTX_DAG_OWNER=***
AIRFLOW_CTX_DAG_ID=first_dag
AIRFLOW_CTX_TASK_ID=sum_column_task
AIRFLOW_CTX_EXECUTION_DATE=2022-12-11T14:30:00+00:00
AIRFLOW_CTX_TRY_NUMBER=1
AIRFLOW_CTX_DAG_RUN_ID=scheduled__2022-12-11T14:30:00+00:00
[2022-12-11 14:46:51,536] {python.py:173} INFO - Done. Returned value was: -3
[2022-12-11 14:46:51,574] {taskinstance.py:1400} INFO - Marking task as SUCCESS. dag_id=first_dag, task_id=sum_column_task, execution_date=20221211T143000, start_date=20221211T144651, end_date=20221211T144651
[2022-12-11 14:46:51,636] {local_task_job.py:156} INFO - Task exited with return code 0
[2022-12-11 14:46:51,699] {local_task_job.py:273} INFO - 1 downstream tasks scheduled from follow-on schedule check
