[2022-12-11 15:17:42,033] {taskinstance.py:1159} INFO - Dependencies all met for <TaskInstance: first_dag.hello_task manual__2022-12-11T15:17:41.101102+00:00 [queued]>
[2022-12-11 15:17:42,058] {taskinstance.py:1159} INFO - Dependencies all met for <TaskInstance: first_dag.hello_task manual__2022-12-11T15:17:41.101102+00:00 [queued]>
[2022-12-11 15:17:42,059] {taskinstance.py:1356} INFO - 
--------------------------------------------------------------------------------
[2022-12-11 15:17:42,060] {taskinstance.py:1357} INFO - Starting attempt 1 of 1
[2022-12-11 15:17:42,061] {taskinstance.py:1358} INFO - 
--------------------------------------------------------------------------------
[2022-12-11 15:17:42,080] {taskinstance.py:1377} INFO - Executing <Task(BashOperator): hello_task> on 2022-12-11 15:17:41.101102+00:00
[2022-12-11 15:17:42,092] {standard_task_runner.py:52} INFO - Started process 2320 to run task
[2022-12-11 15:17:42,101] {standard_task_runner.py:79} INFO - Running: ['***', 'tasks', 'run', 'first_dag', 'hello_task', 'manual__2022-12-11T15:17:41.101102+00:00', '--job-id', '827', '--raw', '--subdir', 'DAGS_FOLDER/first-dag.py', '--cfg-path', '/tmp/tmpkxpkw3bb', '--error-file', '/tmp/tmp3ylpzmr4']
[2022-12-11 15:17:42,103] {standard_task_runner.py:80} INFO - Job 827: Subtask hello_task
[2022-12-11 15:17:42,195] {task_command.py:369} INFO - Running <TaskInstance: first_dag.hello_task manual__2022-12-11T15:17:41.101102+00:00 [running]> on host 7e39590a7807
[2022-12-11 15:17:42,306] {taskinstance.py:1571} INFO - Exporting the following env vars:
AIRFLOW_CTX_DAG_OWNER=***
AIRFLOW_CTX_DAG_ID=first_dag
AIRFLOW_CTX_TASK_ID=hello_task
AIRFLOW_CTX_EXECUTION_DATE=2022-12-11T15:17:41.101102+00:00
AIRFLOW_CTX_TRY_NUMBER=1
AIRFLOW_CTX_DAG_RUN_ID=manual__2022-12-11T15:17:41.101102+00:00
[2022-12-11 15:17:42,309] {subprocess.py:62} INFO - Tmp dir root location: 
 /tmp
[2022-12-11 15:17:42,311] {subprocess.py:74} INFO - Running command: ['bash', '-c', 'echo hello']
[2022-12-11 15:17:42,325] {subprocess.py:85} INFO - Output:
[2022-12-11 15:17:42,328] {subprocess.py:92} INFO - hello
[2022-12-11 15:17:42,330] {subprocess.py:96} INFO - Command exited with return code 0
[2022-12-11 15:17:42,375] {taskinstance.py:1400} INFO - Marking task as SUCCESS. dag_id=first_dag, task_id=hello_task, execution_date=20221211T151741, start_date=20221211T151742, end_date=20221211T151742
[2022-12-11 15:17:42,434] {local_task_job.py:156} INFO - Task exited with return code 0
[2022-12-11 15:17:42,513] {local_task_job.py:273} INFO - 1 downstream tasks scheduled from follow-on schedule check
