[2022-12-12 05:13:45,947] {taskinstance.py:1159} INFO - Dependencies all met for <TaskInstance: first_dag.generate_two_int_task manual__2022-12-12T05:13:37.283978+00:00 [queued]>
[2022-12-12 05:13:45,996] {taskinstance.py:1159} INFO - Dependencies all met for <TaskInstance: first_dag.generate_two_int_task manual__2022-12-12T05:13:37.283978+00:00 [queued]>
[2022-12-12 05:13:45,999] {taskinstance.py:1356} INFO - 
--------------------------------------------------------------------------------
[2022-12-12 05:13:46,000] {taskinstance.py:1357} INFO - Starting attempt 1 of 1
[2022-12-12 05:13:46,001] {taskinstance.py:1358} INFO - 
--------------------------------------------------------------------------------
[2022-12-12 05:13:46,109] {taskinstance.py:1377} INFO - Executing <Task(PythonOperator): generate_two_int_task> on 2022-12-12 05:13:37.283978+00:00
[2022-12-12 05:13:46,135] {standard_task_runner.py:52} INFO - Started process 7516 to run task
[2022-12-12 05:13:46,174] {standard_task_runner.py:79} INFO - Running: ['***', 'tasks', 'run', 'first_dag', 'generate_two_int_task', 'manual__2022-12-12T05:13:37.283978+00:00', '--job-id', '1579', '--raw', '--subdir', 'DAGS_FOLDER/first-dag.py', '--cfg-path', '/tmp/tmpr18dddb_', '--error-file', '/tmp/tmp_w362laf']
[2022-12-12 05:13:46,190] {standard_task_runner.py:80} INFO - Job 1579: Subtask generate_two_int_task
[2022-12-12 05:13:46,423] {task_command.py:369} INFO - Running <TaskInstance: first_dag.generate_two_int_task manual__2022-12-12T05:13:37.283978+00:00 [running]> on host 7e39590a7807
[2022-12-12 05:13:47,027] {taskinstance.py:1571} INFO - Exporting the following env vars:
AIRFLOW_CTX_DAG_OWNER=***
AIRFLOW_CTX_DAG_ID=first_dag
AIRFLOW_CTX_TASK_ID=generate_two_int_task
AIRFLOW_CTX_EXECUTION_DATE=2022-12-12T05:13:37.283978+00:00
AIRFLOW_CTX_TRY_NUMBER=1
AIRFLOW_CTX_DAG_RUN_ID=manual__2022-12-12T05:13:37.283978+00:00
[2022-12-12 05:13:47,108] {python.py:173} INFO - Done. Returned value was: None
[2022-12-12 05:13:47,494] {taskinstance.py:1400} INFO - Marking task as SUCCESS. dag_id=first_dag, task_id=generate_two_int_task, execution_date=20221212T051337, start_date=20221212T051345, end_date=20221212T051347
[2022-12-12 05:13:47,649] {local_task_job.py:156} INFO - Task exited with return code 0
[2022-12-12 05:13:48,039] {local_task_job.py:273} INFO - 1 downstream tasks scheduled from follow-on schedule check
