[2022-12-04 15:59:13,044] {taskinstance.py:1159} INFO - Dependencies all met for <TaskInstance: first_dag.world scheduled__2022-02-02T00:00:00+00:00 [queued]>
[2022-12-04 15:59:13,559] {taskinstance.py:1159} INFO - Dependencies all met for <TaskInstance: first_dag.world scheduled__2022-02-02T00:00:00+00:00 [queued]>
[2022-12-04 15:59:13,604] {taskinstance.py:1356} INFO - 
--------------------------------------------------------------------------------
[2022-12-04 15:59:13,613] {taskinstance.py:1357} INFO - Starting attempt 1 of 1
[2022-12-04 15:59:13,620] {taskinstance.py:1358} INFO - 
--------------------------------------------------------------------------------
[2022-12-04 15:59:14,032] {taskinstance.py:1377} INFO - Executing <Task(PythonOperator): world> on 2022-02-02 00:00:00+00:00
[2022-12-04 15:59:14,130] {standard_task_runner.py:52} INFO - Started process 404 to run task
[2022-12-04 15:59:14,153] {standard_task_runner.py:79} INFO - Running: ['***', 'tasks', 'run', 'first_dag', 'world', 'scheduled__2022-02-02T00:00:00+00:00', '--job-id', '45', '--raw', '--subdir', 'DAGS_FOLDER/first-dag.py', '--cfg-path', '/tmp/tmp549f_8g6', '--error-file', '/tmp/tmpuunet5vx']
[2022-12-04 15:59:14,156] {standard_task_runner.py:80} INFO - Job 45: Subtask world
[2022-12-04 15:59:37,015] {task_command.py:369} INFO - Running <TaskInstance: first_dag.world scheduled__2022-02-02T00:00:00+00:00 [running]> on host fb90b48d1471
[2022-12-04 16:02:18,298] {taskinstance.py:1571} INFO - Exporting the following env vars:
AIRFLOW_CTX_DAG_OWNER=***
AIRFLOW_CTX_DAG_ID=first_dag
AIRFLOW_CTX_TASK_ID=world
AIRFLOW_CTX_EXECUTION_DATE=2022-02-02T00:00:00+00:00
AIRFLOW_CTX_TRY_NUMBER=1
AIRFLOW_CTX_DAG_RUN_ID=scheduled__2022-02-02T00:00:00+00:00
[2022-12-04 16:02:18,365] {logging_mixin.py:115} INFO - Airflow
[2022-12-04 16:02:18,376] {python.py:173} INFO - Done. Returned value was: None
[2022-12-04 16:02:18,838] {taskinstance.py:1400} INFO - Marking task as SUCCESS. dag_id=first_dag, task_id=world, execution_date=20220202T000000, start_date=20221204T155913, end_date=20221204T160218
[2022-12-04 16:02:21,424] {local_task_job.py:156} INFO - Task exited with return code 0
[2022-12-04 16:02:23,507] {local_task_job.py:273} INFO - 0 downstream tasks scheduled from follow-on schedule check
[2022-12-04 16:42:22,716] {taskinstance.py:1159} INFO - Dependencies all met for <TaskInstance: first_dag.world scheduled__2022-02-02T00:00:00+00:00 [queued]>
[2022-12-04 16:42:22,766] {taskinstance.py:1159} INFO - Dependencies all met for <TaskInstance: first_dag.world scheduled__2022-02-02T00:00:00+00:00 [queued]>
[2022-12-04 16:42:22,769] {taskinstance.py:1356} INFO - 
--------------------------------------------------------------------------------
[2022-12-04 16:42:22,770] {taskinstance.py:1357} INFO - Starting attempt 1 of 1
[2022-12-04 16:42:22,772] {taskinstance.py:1358} INFO - 
--------------------------------------------------------------------------------
[2022-12-04 16:42:22,855] {taskinstance.py:1377} INFO - Executing <Task(PythonOperator): world> on 2022-02-02 00:00:00+00:00
[2022-12-04 16:42:22,871] {standard_task_runner.py:52} INFO - Started process 935 to run task
[2022-12-04 16:42:22,911] {standard_task_runner.py:79} INFO - Running: ['***', 'tasks', 'run', 'first_dag', 'world', 'scheduled__2022-02-02T00:00:00+00:00', '--job-id', '170', '--raw', '--subdir', 'DAGS_FOLDER/first-dag.py', '--cfg-path', '/tmp/tmpdbflj4ad', '--error-file', '/tmp/tmpmbbb2cbm']
[2022-12-04 16:42:22,936] {standard_task_runner.py:80} INFO - Job 170: Subtask world
[2022-12-04 16:42:23,242] {task_command.py:369} INFO - Running <TaskInstance: first_dag.world scheduled__2022-02-02T00:00:00+00:00 [running]> on host fb90b48d1471
[2022-12-04 16:42:23,715] {taskinstance.py:1571} INFO - Exporting the following env vars:
AIRFLOW_CTX_DAG_OWNER=***
AIRFLOW_CTX_DAG_ID=first_dag
AIRFLOW_CTX_TASK_ID=world
AIRFLOW_CTX_EXECUTION_DATE=2022-02-02T00:00:00+00:00
AIRFLOW_CTX_TRY_NUMBER=1
AIRFLOW_CTX_DAG_RUN_ID=scheduled__2022-02-02T00:00:00+00:00
[2022-12-04 16:42:23,719] {logging_mixin.py:115} INFO - Airflow
[2022-12-04 16:42:23,722] {python.py:173} INFO - Done. Returned value was: None
[2022-12-04 16:42:23,773] {taskinstance.py:1400} INFO - Marking task as SUCCESS. dag_id=first_dag, task_id=world, execution_date=20220202T000000, start_date=20221204T164222, end_date=20221204T164223
[2022-12-04 16:42:23,925] {local_task_job.py:156} INFO - Task exited with return code 0
[2022-12-04 16:42:24,059] {local_task_job.py:273} INFO - 0 downstream tasks scheduled from follow-on schedule check
