[2022-12-04 17:02:34,640] {taskinstance.py:1159} INFO - Dependencies all met for <TaskInstance: first_dag.world manual__2022-12-04T17:02:32.615449+00:00 [queued]>
[2022-12-04 17:02:34,655] {taskinstance.py:1159} INFO - Dependencies all met for <TaskInstance: first_dag.world manual__2022-12-04T17:02:32.615449+00:00 [queued]>
[2022-12-04 17:02:34,656] {taskinstance.py:1356} INFO - 
--------------------------------------------------------------------------------
[2022-12-04 17:02:34,658] {taskinstance.py:1357} INFO - Starting attempt 1 of 1
[2022-12-04 17:02:34,659] {taskinstance.py:1358} INFO - 
--------------------------------------------------------------------------------
[2022-12-04 17:02:34,682] {taskinstance.py:1377} INFO - Executing <Task(PythonOperator): world> on 2022-12-04 17:02:32.615449+00:00
[2022-12-04 17:02:34,693] {standard_task_runner.py:52} INFO - Started process 1194 to run task
[2022-12-04 17:02:34,698] {standard_task_runner.py:79} INFO - Running: ['***', 'tasks', 'run', 'first_dag', 'world', 'manual__2022-12-04T17:02:32.615449+00:00', '--job-id', '184', '--raw', '--subdir', 'DAGS_FOLDER/first-dag.py', '--cfg-path', '/tmp/tmpqct_315p', '--error-file', '/tmp/tmpmsio5erk']
[2022-12-04 17:02:34,701] {standard_task_runner.py:80} INFO - Job 184: Subtask world
[2022-12-04 17:02:34,802] {task_command.py:369} INFO - Running <TaskInstance: first_dag.world manual__2022-12-04T17:02:32.615449+00:00 [running]> on host fb90b48d1471
[2022-12-04 17:02:34,918] {taskinstance.py:1571} INFO - Exporting the following env vars:
AIRFLOW_CTX_DAG_OWNER=***
AIRFLOW_CTX_DAG_ID=first_dag
AIRFLOW_CTX_TASK_ID=world
AIRFLOW_CTX_EXECUTION_DATE=2022-12-04T17:02:32.615449+00:00
AIRFLOW_CTX_TRY_NUMBER=1
AIRFLOW_CTX_DAG_RUN_ID=manual__2022-12-04T17:02:32.615449+00:00
[2022-12-04 17:02:34,923] {logging_mixin.py:115} INFO - Airflow
[2022-12-04 17:02:34,924] {python.py:173} INFO - Done. Returned value was: None
[2022-12-04 17:02:34,944] {taskinstance.py:1400} INFO - Marking task as SUCCESS. dag_id=first_dag, task_id=world, execution_date=20221204T170232, start_date=20221204T170234, end_date=20221204T170234
[2022-12-04 17:02:35,007] {local_task_job.py:156} INFO - Task exited with return code 0
[2022-12-04 17:02:35,063] {local_task_job.py:273} INFO - 1 downstream tasks scheduled from follow-on schedule check
