[2022-12-12 04:56:44,730] {taskinstance.py:1159} INFO - Dependencies all met for <TaskInstance: first_dag.sum_column_task scheduled__2022-12-11T22:41:00+00:00 [queued]>
[2022-12-12 04:56:44,744] {taskinstance.py:1159} INFO - Dependencies all met for <TaskInstance: first_dag.sum_column_task scheduled__2022-12-11T22:41:00+00:00 [queued]>
[2022-12-12 04:56:44,750] {taskinstance.py:1356} INFO - 
--------------------------------------------------------------------------------
[2022-12-12 04:56:44,762] {taskinstance.py:1357} INFO - Starting attempt 1 of 1
[2022-12-12 04:56:44,767] {taskinstance.py:1358} INFO - 
--------------------------------------------------------------------------------
[2022-12-12 04:56:44,840] {taskinstance.py:1377} INFO - Executing <Task(PythonOperator): sum_column_task> on 2022-12-11 22:41:00+00:00
[2022-12-12 04:56:44,860] {standard_task_runner.py:52} INFO - Started process 7322 to run task
[2022-12-12 04:56:44,890] {standard_task_runner.py:79} INFO - Running: ['***', 'tasks', 'run', 'first_dag', 'sum_column_task', 'scheduled__2022-12-11T22:41:00+00:00', '--job-id', '1560', '--raw', '--subdir', 'DAGS_FOLDER/first-dag.py', '--cfg-path', '/tmp/tmpfx92vh7n', '--error-file', '/tmp/tmplfid6ga2']
[2022-12-12 04:56:44,893] {standard_task_runner.py:80} INFO - Job 1560: Subtask sum_column_task
[2022-12-12 04:56:45,050] {task_command.py:369} INFO - Running <TaskInstance: first_dag.sum_column_task scheduled__2022-12-11T22:41:00+00:00 [running]> on host 7e39590a7807
[2022-12-12 04:56:45,369] {taskinstance.py:1571} INFO - Exporting the following env vars:
AIRFLOW_CTX_DAG_OWNER=***
AIRFLOW_CTX_DAG_ID=first_dag
AIRFLOW_CTX_TASK_ID=sum_column_task
AIRFLOW_CTX_EXECUTION_DATE=2022-12-11T22:41:00+00:00
AIRFLOW_CTX_TRY_NUMBER=1
AIRFLOW_CTX_DAG_RUN_ID=scheduled__2022-12-11T22:41:00+00:00
[2022-12-12 04:56:45,438] {logging_mixin.py:115} INFO - Different sum column is -7
[2022-12-12 04:56:45,442] {python.py:173} INFO - Done. Returned value was: -7
[2022-12-12 04:56:45,504] {taskinstance.py:1400} INFO - Marking task as SUCCESS. dag_id=first_dag, task_id=sum_column_task, execution_date=20221211T224100, start_date=20221212T045644, end_date=20221212T045645
[2022-12-12 04:56:45,558] {local_task_job.py:156} INFO - Task exited with return code 0
[2022-12-12 04:56:45,652] {local_task_job.py:273} INFO - 1 downstream tasks scheduled from follow-on schedule check
