[2022-12-11 19:44:23,784] {taskinstance.py:1159} INFO - Dependencies all met for <TaskInstance: first_dag.generate_two_int_task manual__2022-12-11T19:44:18.299689+00:00 [queued]>
[2022-12-11 19:44:23,797] {taskinstance.py:1159} INFO - Dependencies all met for <TaskInstance: first_dag.generate_two_int_task manual__2022-12-11T19:44:18.299689+00:00 [queued]>
[2022-12-11 19:44:23,798] {taskinstance.py:1356} INFO - 
--------------------------------------------------------------------------------
[2022-12-11 19:44:23,798] {taskinstance.py:1357} INFO - Starting attempt 1 of 1
[2022-12-11 19:44:23,799] {taskinstance.py:1358} INFO - 
--------------------------------------------------------------------------------
[2022-12-11 19:44:23,819] {taskinstance.py:1377} INFO - Executing <Task(PythonOperator): generate_two_int_task> on 2022-12-11 19:44:18.299689+00:00
[2022-12-11 19:44:23,832] {standard_task_runner.py:52} INFO - Started process 5101 to run task
[2022-12-11 19:44:23,836] {standard_task_runner.py:79} INFO - Running: ['***', 'tasks', 'run', 'first_dag', 'generate_two_int_task', 'manual__2022-12-11T19:44:18.299689+00:00', '--job-id', '1265', '--raw', '--subdir', 'DAGS_FOLDER/first-dag.py', '--cfg-path', '/tmp/tmpk1fvmxul', '--error-file', '/tmp/tmp1sqjav7s']
[2022-12-11 19:44:23,838] {standard_task_runner.py:80} INFO - Job 1265: Subtask generate_two_int_task
[2022-12-11 19:44:23,922] {task_command.py:369} INFO - Running <TaskInstance: first_dag.generate_two_int_task manual__2022-12-11T19:44:18.299689+00:00 [running]> on host 7e39590a7807
[2022-12-11 19:44:24,030] {taskinstance.py:1571} INFO - Exporting the following env vars:
AIRFLOW_CTX_DAG_OWNER=***
AIRFLOW_CTX_DAG_ID=first_dag
AIRFLOW_CTX_TASK_ID=generate_two_int_task
AIRFLOW_CTX_EXECUTION_DATE=2022-12-11T19:44:18.299689+00:00
AIRFLOW_CTX_TRY_NUMBER=1
AIRFLOW_CTX_DAG_RUN_ID=manual__2022-12-11T19:44:18.299689+00:00
[2022-12-11 19:44:24,059] {python.py:173} INFO - Done. Returned value was: None
[2022-12-11 19:44:24,083] {taskinstance.py:1400} INFO - Marking task as SUCCESS. dag_id=first_dag, task_id=generate_two_int_task, execution_date=20221211T194418, start_date=20221211T194423, end_date=20221211T194424
[2022-12-11 19:44:24,131] {local_task_job.py:156} INFO - Task exited with return code 0
[2022-12-11 19:44:24,259] {local_task_job.py:273} INFO - 0 downstream tasks scheduled from follow-on schedule check
