[2022-12-11 16:39:10,026] {taskinstance.py:1159} INFO - Dependencies all met for <TaskInstance: first_dag.sum_column_task manual__2022-12-11T16:39:04.244757+00:00 [queued]>
[2022-12-11 16:39:10,042] {taskinstance.py:1159} INFO - Dependencies all met for <TaskInstance: first_dag.sum_column_task manual__2022-12-11T16:39:04.244757+00:00 [queued]>
[2022-12-11 16:39:10,043] {taskinstance.py:1356} INFO - 
--------------------------------------------------------------------------------
[2022-12-11 16:39:10,044] {taskinstance.py:1357} INFO - Starting attempt 1 of 1
[2022-12-11 16:39:10,045] {taskinstance.py:1358} INFO - 
--------------------------------------------------------------------------------
[2022-12-11 16:39:10,061] {taskinstance.py:1377} INFO - Executing <Task(PythonOperator): sum_column_task> on 2022-12-11 16:39:04.244757+00:00
[2022-12-11 16:39:10,067] {standard_task_runner.py:52} INFO - Started process 3299 to run task
[2022-12-11 16:39:10,074] {standard_task_runner.py:79} INFO - Running: ['***', 'tasks', 'run', 'first_dag', 'sum_column_task', 'manual__2022-12-11T16:39:04.244757+00:00', '--job-id', '1025', '--raw', '--subdir', 'DAGS_FOLDER/first-dag.py', '--cfg-path', '/tmp/tmptsu1i48i', '--error-file', '/tmp/tmp5tq1wd9v']
[2022-12-11 16:39:10,077] {standard_task_runner.py:80} INFO - Job 1025: Subtask sum_column_task
[2022-12-11 16:39:10,155] {task_command.py:369} INFO - Running <TaskInstance: first_dag.sum_column_task manual__2022-12-11T16:39:04.244757+00:00 [running]> on host 7e39590a7807
[2022-12-11 16:39:10,256] {taskinstance.py:1571} INFO - Exporting the following env vars:
AIRFLOW_CTX_DAG_OWNER=***
AIRFLOW_CTX_DAG_ID=first_dag
AIRFLOW_CTX_TASK_ID=sum_column_task
AIRFLOW_CTX_EXECUTION_DATE=2022-12-11T16:39:04.244757+00:00
AIRFLOW_CTX_TRY_NUMBER=1
AIRFLOW_CTX_DAG_RUN_ID=manual__2022-12-11T16:39:04.244757+00:00
[2022-12-11 16:39:10,277] {logging_mixin.py:115} INFO - Different sum column is 26
[2022-12-11 16:39:10,278] {python.py:173} INFO - Done. Returned value was: 26
[2022-12-11 16:39:10,337] {taskinstance.py:1400} INFO - Marking task as SUCCESS. dag_id=first_dag, task_id=sum_column_task, execution_date=20221211T163904, start_date=20221211T163910, end_date=20221211T163910
[2022-12-11 16:39:10,366] {local_task_job.py:156} INFO - Task exited with return code 0
[2022-12-11 16:39:10,436] {local_task_job.py:273} INFO - 1 downstream tasks scheduled from follow-on schedule check
