[2022-12-04 15:59:12,957] {taskinstance.py:1159} INFO - Dependencies all met for <TaskInstance: first_dag.world scheduled__2022-02-03T00:00:00+00:00 [queued]>
[2022-12-04 15:59:13,170] {taskinstance.py:1159} INFO - Dependencies all met for <TaskInstance: first_dag.world scheduled__2022-02-03T00:00:00+00:00 [queued]>
[2022-12-04 15:59:13,253] {taskinstance.py:1356} INFO - 
--------------------------------------------------------------------------------
[2022-12-04 15:59:13,291] {taskinstance.py:1357} INFO - Starting attempt 1 of 1
[2022-12-04 15:59:13,296] {taskinstance.py:1358} INFO - 
--------------------------------------------------------------------------------
[2022-12-04 15:59:13,848] {taskinstance.py:1377} INFO - Executing <Task(PythonOperator): world> on 2022-02-03 00:00:00+00:00
[2022-12-04 15:59:13,856] {standard_task_runner.py:52} INFO - Started process 403 to run task
[2022-12-04 15:59:13,869] {standard_task_runner.py:79} INFO - Running: ['***', 'tasks', 'run', 'first_dag', 'world', 'scheduled__2022-02-03T00:00:00+00:00', '--job-id', '47', '--raw', '--subdir', 'DAGS_FOLDER/first-dag.py', '--cfg-path', '/tmp/tmpall3fx1b', '--error-file', '/tmp/tmpk56626qz']
[2022-12-04 15:59:13,873] {standard_task_runner.py:80} INFO - Job 47: Subtask world
[2022-12-04 15:59:15,316] {task_command.py:369} INFO - Running <TaskInstance: first_dag.world scheduled__2022-02-03T00:00:00+00:00 [running]> on host fb90b48d1471
[2022-12-04 16:02:17,014] {taskinstance.py:1571} INFO - Exporting the following env vars:
AIRFLOW_CTX_DAG_OWNER=***
AIRFLOW_CTX_DAG_ID=first_dag
AIRFLOW_CTX_TASK_ID=world
AIRFLOW_CTX_EXECUTION_DATE=2022-02-03T00:00:00+00:00
AIRFLOW_CTX_TRY_NUMBER=1
AIRFLOW_CTX_DAG_RUN_ID=scheduled__2022-02-03T00:00:00+00:00
[2022-12-04 16:02:17,361] {logging_mixin.py:115} INFO - Airflow
[2022-12-04 16:02:17,393] {python.py:173} INFO - Done. Returned value was: None
[2022-12-04 16:02:18,278] {taskinstance.py:1400} INFO - Marking task as SUCCESS. dag_id=first_dag, task_id=world, execution_date=20220203T000000, start_date=20221204T155912, end_date=20221204T160218
[2022-12-04 16:02:19,454] {local_task_job.py:156} INFO - Task exited with return code 0
[2022-12-04 16:02:21,188] {local_task_job.py:273} INFO - 0 downstream tasks scheduled from follow-on schedule check
