[2022-12-04 17:00:41,286] {taskinstance.py:1159} INFO - Dependencies all met for <TaskInstance: first_dag.hello_task manual__2022-12-04T17:00:40.599613+00:00 [queued]>
[2022-12-04 17:00:41,325] {taskinstance.py:1159} INFO - Dependencies all met for <TaskInstance: first_dag.hello_task manual__2022-12-04T17:00:40.599613+00:00 [queued]>
[2022-12-04 17:00:41,327] {taskinstance.py:1356} INFO - 
--------------------------------------------------------------------------------
[2022-12-04 17:00:41,329] {taskinstance.py:1357} INFO - Starting attempt 1 of 1
[2022-12-04 17:00:41,330] {taskinstance.py:1358} INFO - 
--------------------------------------------------------------------------------
[2022-12-04 17:00:41,357] {taskinstance.py:1377} INFO - Executing <Task(BashOperator): hello_task> on 2022-12-04 17:00:40.599613+00:00
[2022-12-04 17:00:41,363] {standard_task_runner.py:52} INFO - Started process 1164 to run task
[2022-12-04 17:00:41,369] {standard_task_runner.py:79} INFO - Running: ['***', 'tasks', 'run', 'first_dag', 'hello_task', 'manual__2022-12-04T17:00:40.599613+00:00', '--job-id', '180', '--raw', '--subdir', 'DAGS_FOLDER/first-dag.py', '--cfg-path', '/tmp/tmpp67pngcd', '--error-file', '/tmp/tmp1p2532pk']
[2022-12-04 17:00:41,371] {standard_task_runner.py:80} INFO - Job 180: Subtask hello_task
[2022-12-04 17:00:41,493] {task_command.py:369} INFO - Running <TaskInstance: first_dag.hello_task manual__2022-12-04T17:00:40.599613+00:00 [running]> on host fb90b48d1471
[2022-12-04 17:00:41,644] {taskinstance.py:1571} INFO - Exporting the following env vars:
AIRFLOW_CTX_DAG_OWNER=***
AIRFLOW_CTX_DAG_ID=first_dag
AIRFLOW_CTX_TASK_ID=hello_task
AIRFLOW_CTX_EXECUTION_DATE=2022-12-04T17:00:40.599613+00:00
AIRFLOW_CTX_TRY_NUMBER=1
AIRFLOW_CTX_DAG_RUN_ID=manual__2022-12-04T17:00:40.599613+00:00
[2022-12-04 17:00:41,647] {subprocess.py:62} INFO - Tmp dir root location: 
 /tmp
[2022-12-04 17:00:41,649] {subprocess.py:74} INFO - Running command: ['bash', '-c', 'echo hello']
[2022-12-04 17:00:41,666] {subprocess.py:85} INFO - Output:
[2022-12-04 17:00:41,670] {subprocess.py:92} INFO - hello
[2022-12-04 17:00:41,674] {subprocess.py:96} INFO - Command exited with return code 0
[2022-12-04 17:00:41,740] {taskinstance.py:1400} INFO - Marking task as SUCCESS. dag_id=first_dag, task_id=hello_task, execution_date=20221204T170040, start_date=20221204T170041, end_date=20221204T170041
[2022-12-04 17:00:41,838] {local_task_job.py:156} INFO - Task exited with return code 0
[2022-12-04 17:00:41,914] {local_task_job.py:273} INFO - 1 downstream tasks scheduled from follow-on schedule check
