[2022-12-11 18:58:55,174] {taskinstance.py:1159} INFO - Dependencies all met for <TaskInstance: first_dag.hello_task scheduled__2022-12-11T18:33:00+00:00 [queued]>
[2022-12-11 18:58:55,209] {taskinstance.py:1159} INFO - Dependencies all met for <TaskInstance: first_dag.hello_task scheduled__2022-12-11T18:33:00+00:00 [queued]>
[2022-12-11 18:58:55,210] {taskinstance.py:1356} INFO - 
--------------------------------------------------------------------------------
[2022-12-11 18:58:55,211] {taskinstance.py:1357} INFO - Starting attempt 1 of 1
[2022-12-11 18:58:55,212] {taskinstance.py:1358} INFO - 
--------------------------------------------------------------------------------
[2022-12-11 18:58:55,261] {taskinstance.py:1377} INFO - Executing <Task(BashOperator): hello_task> on 2022-12-11 18:33:00+00:00
[2022-12-11 18:58:55,270] {standard_task_runner.py:52} INFO - Started process 4495 to run task
[2022-12-11 18:58:55,291] {standard_task_runner.py:79} INFO - Running: ['***', 'tasks', 'run', 'first_dag', 'hello_task', 'scheduled__2022-12-11T18:33:00+00:00', '--job-id', '1204', '--raw', '--subdir', 'DAGS_FOLDER/first-dag.py', '--cfg-path', '/tmp/tmp0yh3s0xs', '--error-file', '/tmp/tmpcl8a6blu']
[2022-12-11 18:58:55,298] {standard_task_runner.py:80} INFO - Job 1204: Subtask hello_task
[2022-12-11 18:58:55,518] {task_command.py:369} INFO - Running <TaskInstance: first_dag.hello_task scheduled__2022-12-11T18:33:00+00:00 [running]> on host 7e39590a7807
[2022-12-11 18:58:55,929] {taskinstance.py:1571} INFO - Exporting the following env vars:
AIRFLOW_CTX_DAG_OWNER=***
AIRFLOW_CTX_DAG_ID=first_dag
AIRFLOW_CTX_TASK_ID=hello_task
AIRFLOW_CTX_EXECUTION_DATE=2022-12-11T18:33:00+00:00
AIRFLOW_CTX_TRY_NUMBER=1
AIRFLOW_CTX_DAG_RUN_ID=scheduled__2022-12-11T18:33:00+00:00
[2022-12-11 18:58:55,962] {subprocess.py:62} INFO - Tmp dir root location: 
 /tmp
[2022-12-11 18:58:55,969] {subprocess.py:74} INFO - Running command: ['bash', '-c', 'echo hello']
[2022-12-11 18:58:56,072] {subprocess.py:85} INFO - Output:
[2022-12-11 18:58:56,094] {subprocess.py:92} INFO - hello
[2022-12-11 18:58:56,099] {subprocess.py:96} INFO - Command exited with return code 0
[2022-12-11 18:58:56,243] {taskinstance.py:1400} INFO - Marking task as SUCCESS. dag_id=first_dag, task_id=hello_task, execution_date=20221211T183300, start_date=20221211T185855, end_date=20221211T185856
[2022-12-11 18:58:56,328] {local_task_job.py:156} INFO - Task exited with return code 0
[2022-12-11 18:58:56,553] {local_task_job.py:273} INFO - 1 downstream tasks scheduled from follow-on schedule check
