[2022-12-11 20:23:49,564] {taskinstance.py:1159} INFO - Dependencies all met for <TaskInstance: first_dag.sum_column_task manual__2022-12-11T20:23:22.398912+00:00 [queued]>
[2022-12-11 20:23:49,630] {taskinstance.py:1159} INFO - Dependencies all met for <TaskInstance: first_dag.sum_column_task manual__2022-12-11T20:23:22.398912+00:00 [queued]>
[2022-12-11 20:23:49,632] {taskinstance.py:1356} INFO - 
--------------------------------------------------------------------------------
[2022-12-11 20:23:49,635] {taskinstance.py:1357} INFO - Starting attempt 1 of 1
[2022-12-11 20:23:49,637] {taskinstance.py:1358} INFO - 
--------------------------------------------------------------------------------
[2022-12-11 20:23:49,780] {taskinstance.py:1377} INFO - Executing <Task(PythonOperator): sum_column_task> on 2022-12-11 20:23:22.398912+00:00
[2022-12-11 20:23:49,795] {standard_task_runner.py:52} INFO - Started process 5852 to run task
[2022-12-11 20:23:49,834] {standard_task_runner.py:79} INFO - Running: ['***', 'tasks', 'run', 'first_dag', 'sum_column_task', 'manual__2022-12-11T20:23:22.398912+00:00', '--job-id', '1405', '--raw', '--subdir', 'DAGS_FOLDER/first-dag.py', '--cfg-path', '/tmp/tmpbz0q9r5_', '--error-file', '/tmp/tmptiq_3kgl']
[2022-12-11 20:23:49,836] {standard_task_runner.py:80} INFO - Job 1405: Subtask sum_column_task
[2022-12-11 20:23:50,142] {task_command.py:369} INFO - Running <TaskInstance: first_dag.sum_column_task manual__2022-12-11T20:23:22.398912+00:00 [running]> on host 7e39590a7807
[2022-12-11 20:23:50,457] {taskinstance.py:1571} INFO - Exporting the following env vars:
AIRFLOW_CTX_DAG_OWNER=***
AIRFLOW_CTX_DAG_ID=first_dag
AIRFLOW_CTX_TASK_ID=sum_column_task
AIRFLOW_CTX_EXECUTION_DATE=2022-12-11T20:23:22.398912+00:00
AIRFLOW_CTX_TRY_NUMBER=1
AIRFLOW_CTX_DAG_RUN_ID=manual__2022-12-11T20:23:22.398912+00:00
[2022-12-11 20:23:50,495] {logging_mixin.py:115} INFO - Different sum column is 4
[2022-12-11 20:23:50,497] {python.py:173} INFO - Done. Returned value was: 4
[2022-12-11 20:23:50,616] {taskinstance.py:1400} INFO - Marking task as SUCCESS. dag_id=first_dag, task_id=sum_column_task, execution_date=20221211T202322, start_date=20221211T202349, end_date=20221211T202350
[2022-12-11 20:23:50,737] {local_task_job.py:156} INFO - Task exited with return code 0
[2022-12-11 20:23:51,058] {local_task_job.py:273} INFO - 0 downstream tasks scheduled from follow-on schedule check
