[2022-12-12 05:13:58,221] {taskinstance.py:1159} INFO - Dependencies all met for <TaskInstance: first_dag.sum_column_task manual__2022-12-12T05:13:44.422813+00:00 [queued]>
[2022-12-12 05:13:58,264] {taskinstance.py:1159} INFO - Dependencies all met for <TaskInstance: first_dag.sum_column_task manual__2022-12-12T05:13:44.422813+00:00 [queued]>
[2022-12-12 05:13:58,265] {taskinstance.py:1356} INFO - 
--------------------------------------------------------------------------------
[2022-12-12 05:13:58,266] {taskinstance.py:1357} INFO - Starting attempt 1 of 1
[2022-12-12 05:13:58,268] {taskinstance.py:1358} INFO - 
--------------------------------------------------------------------------------
[2022-12-12 05:13:58,380] {taskinstance.py:1377} INFO - Executing <Task(PythonOperator): sum_column_task> on 2022-12-12 05:13:44.422813+00:00
[2022-12-12 05:13:58,397] {standard_task_runner.py:52} INFO - Started process 7553 to run task
[2022-12-12 05:13:58,467] {standard_task_runner.py:79} INFO - Running: ['***', 'tasks', 'run', 'first_dag', 'sum_column_task', 'manual__2022-12-12T05:13:44.422813+00:00', '--job-id', '1598', '--raw', '--subdir', 'DAGS_FOLDER/first-dag.py', '--cfg-path', '/tmp/tmpfqhrdzqp', '--error-file', '/tmp/tmptp5fyt3e']
[2022-12-12 05:13:58,472] {standard_task_runner.py:80} INFO - Job 1598: Subtask sum_column_task
[2022-12-12 05:13:58,780] {task_command.py:369} INFO - Running <TaskInstance: first_dag.sum_column_task manual__2022-12-12T05:13:44.422813+00:00 [running]> on host 7e39590a7807
[2022-12-12 05:13:59,071] {taskinstance.py:1571} INFO - Exporting the following env vars:
AIRFLOW_CTX_DAG_OWNER=***
AIRFLOW_CTX_DAG_ID=first_dag
AIRFLOW_CTX_TASK_ID=sum_column_task
AIRFLOW_CTX_EXECUTION_DATE=2022-12-12T05:13:44.422813+00:00
AIRFLOW_CTX_TRY_NUMBER=1
AIRFLOW_CTX_DAG_RUN_ID=manual__2022-12-12T05:13:44.422813+00:00
[2022-12-12 05:13:59,121] {logging_mixin.py:115} INFO - Different sum column is 1
[2022-12-12 05:13:59,122] {python.py:173} INFO - Done. Returned value was: 1
[2022-12-12 05:13:59,208] {taskinstance.py:1400} INFO - Marking task as SUCCESS. dag_id=first_dag, task_id=sum_column_task, execution_date=20221212T051344, start_date=20221212T051358, end_date=20221212T051359
[2022-12-12 05:13:59,313] {local_task_job.py:156} INFO - Task exited with return code 0
[2022-12-12 05:13:59,448] {local_task_job.py:273} INFO - 0 downstream tasks scheduled from follow-on schedule check
