[2022-12-04 16:41:10,449] {taskinstance.py:1159} INFO - Dependencies all met for <TaskInstance: first_dag.hello_task scheduled__2021-01-01T15:10:00+00:00 [queued]>
[2022-12-04 16:41:10,476] {taskinstance.py:1159} INFO - Dependencies all met for <TaskInstance: first_dag.hello_task scheduled__2021-01-01T15:10:00+00:00 [queued]>
[2022-12-04 16:41:10,477] {taskinstance.py:1356} INFO - 
--------------------------------------------------------------------------------
[2022-12-04 16:41:10,478] {taskinstance.py:1357} INFO - Starting attempt 1 of 1
[2022-12-04 16:41:10,479] {taskinstance.py:1358} INFO - 
--------------------------------------------------------------------------------
[2022-12-04 16:41:10,563] {taskinstance.py:1377} INFO - Executing <Task(BashOperator): hello_task> on 2021-01-01 15:10:00+00:00
[2022-12-04 16:41:10,577] {standard_task_runner.py:52} INFO - Started process 704 to run task
[2022-12-04 16:41:10,603] {standard_task_runner.py:79} INFO - Running: ['***', 'tasks', 'run', 'first_dag', 'hello_task', 'scheduled__2021-01-01T15:10:00+00:00', '--job-id', '85', '--raw', '--subdir', 'DAGS_FOLDER/first-dag.py', '--cfg-path', '/tmp/tmpkdoz2506', '--error-file', '/tmp/tmpju2wbg9f']
[2022-12-04 16:41:10,614] {standard_task_runner.py:80} INFO - Job 85: Subtask hello_task
[2022-12-04 16:41:10,944] {task_command.py:369} INFO - Running <TaskInstance: first_dag.hello_task scheduled__2021-01-01T15:10:00+00:00 [running]> on host fb90b48d1471
[2022-12-04 16:41:11,897] {taskinstance.py:1571} INFO - Exporting the following env vars:
AIRFLOW_CTX_DAG_OWNER=***
AIRFLOW_CTX_DAG_ID=first_dag
AIRFLOW_CTX_TASK_ID=hello_task
AIRFLOW_CTX_EXECUTION_DATE=2021-01-01T15:10:00+00:00
AIRFLOW_CTX_TRY_NUMBER=1
AIRFLOW_CTX_DAG_RUN_ID=scheduled__2021-01-01T15:10:00+00:00
[2022-12-04 16:41:11,899] {subprocess.py:62} INFO - Tmp dir root location: 
 /tmp
[2022-12-04 16:41:11,905] {subprocess.py:74} INFO - Running command: ['bash', '-c', 'echo hello']
[2022-12-04 16:41:11,955] {subprocess.py:85} INFO - Output:
[2022-12-04 16:41:11,984] {subprocess.py:92} INFO - hello
[2022-12-04 16:41:11,986] {subprocess.py:96} INFO - Command exited with return code 0
[2022-12-04 16:41:12,357] {taskinstance.py:1400} INFO - Marking task as SUCCESS. dag_id=first_dag, task_id=hello_task, execution_date=20210101T151000, start_date=20221204T164110, end_date=20221204T164112
[2022-12-04 16:41:12,403] {local_task_job.py:156} INFO - Task exited with return code 0
[2022-12-04 16:41:12,712] {local_task_job.py:273} INFO - 1 downstream tasks scheduled from follow-on schedule check
