[2022-12-11 15:17:04,894] {taskinstance.py:1159} INFO - Dependencies all met for <TaskInstance: first_dag.write_diff_task scheduled__2022-12-11T15:16:00+00:00 [queued]>
[2022-12-11 15:17:04,913] {taskinstance.py:1159} INFO - Dependencies all met for <TaskInstance: first_dag.write_diff_task scheduled__2022-12-11T15:16:00+00:00 [queued]>
[2022-12-11 15:17:04,914] {taskinstance.py:1356} INFO - 
--------------------------------------------------------------------------------
[2022-12-11 15:17:04,915] {taskinstance.py:1357} INFO - Starting attempt 1 of 1
[2022-12-11 15:17:04,915] {taskinstance.py:1358} INFO - 
--------------------------------------------------------------------------------
[2022-12-11 15:17:04,937] {taskinstance.py:1377} INFO - Executing <Task(PythonOperator): write_diff_task> on 2022-12-11 15:16:00+00:00
[2022-12-11 15:17:04,941] {standard_task_runner.py:52} INFO - Started process 2306 to run task
[2022-12-11 15:17:04,953] {standard_task_runner.py:79} INFO - Running: ['***', 'tasks', 'run', 'first_dag', 'write_diff_task', 'scheduled__2022-12-11T15:16:00+00:00', '--job-id', '826', '--raw', '--subdir', 'DAGS_FOLDER/first-dag.py', '--cfg-path', '/tmp/tmp5zi7jdnn', '--error-file', '/tmp/tmpvkshfgoq']
[2022-12-11 15:17:04,955] {standard_task_runner.py:80} INFO - Job 826: Subtask write_diff_task
[2022-12-11 15:17:05,037] {task_command.py:369} INFO - Running <TaskInstance: first_dag.write_diff_task scheduled__2022-12-11T15:16:00+00:00 [running]> on host 7e39590a7807
[2022-12-11 15:17:05,161] {taskinstance.py:1571} INFO - Exporting the following env vars:
AIRFLOW_CTX_DAG_OWNER=***
AIRFLOW_CTX_DAG_ID=first_dag
AIRFLOW_CTX_TASK_ID=write_diff_task
AIRFLOW_CTX_EXECUTION_DATE=2022-12-11T15:16:00+00:00
AIRFLOW_CTX_TRY_NUMBER=1
AIRFLOW_CTX_DAG_RUN_ID=scheduled__2022-12-11T15:16:00+00:00
[2022-12-11 15:17:05,215] {logging_mixin.py:115} INFO - Splitted ['9', '7\n'] 2
[2022-12-11 15:17:05,216] {python.py:173} INFO - Done. Returned value was: None
[2022-12-11 15:17:05,235] {taskinstance.py:1400} INFO - Marking task as SUCCESS. dag_id=first_dag, task_id=write_diff_task, execution_date=20221211T151600, start_date=20221211T151704, end_date=20221211T151705
[2022-12-11 15:17:05,282] {local_task_job.py:156} INFO - Task exited with return code 0
[2022-12-11 15:17:05,328] {local_task_job.py:273} INFO - 0 downstream tasks scheduled from follow-on schedule check
