[2022-12-11 15:32:01,417] {taskinstance.py:1159} INFO - Dependencies all met for <TaskInstance: first_dag.world scheduled__2022-12-11T15:31:00+00:00 [queued]>
[2022-12-11 15:32:01,446] {taskinstance.py:1159} INFO - Dependencies all met for <TaskInstance: first_dag.world scheduled__2022-12-11T15:31:00+00:00 [queued]>
[2022-12-11 15:32:01,447] {taskinstance.py:1356} INFO - 
--------------------------------------------------------------------------------
[2022-12-11 15:32:01,448] {taskinstance.py:1357} INFO - Starting attempt 1 of 1
[2022-12-11 15:32:01,449] {taskinstance.py:1358} INFO - 
--------------------------------------------------------------------------------
[2022-12-11 15:32:01,471] {taskinstance.py:1377} INFO - Executing <Task(PythonOperator): world> on 2022-12-11 15:31:00+00:00
[2022-12-11 15:32:01,478] {standard_task_runner.py:52} INFO - Started process 2791 to run task
[2022-12-11 15:32:01,487] {standard_task_runner.py:79} INFO - Running: ['***', 'tasks', 'run', 'first_dag', 'world', 'scheduled__2022-12-11T15:31:00+00:00', '--job-id', '958', '--raw', '--subdir', 'DAGS_FOLDER/first-dag.py', '--cfg-path', '/tmp/tmp3o8osllw', '--error-file', '/tmp/tmp9e7fdkc2']
[2022-12-11 15:32:01,491] {standard_task_runner.py:80} INFO - Job 958: Subtask world
[2022-12-11 15:32:01,568] {task_command.py:369} INFO - Running <TaskInstance: first_dag.world scheduled__2022-12-11T15:31:00+00:00 [running]> on host 7e39590a7807
[2022-12-11 15:32:01,675] {taskinstance.py:1571} INFO - Exporting the following env vars:
AIRFLOW_CTX_DAG_OWNER=***
AIRFLOW_CTX_DAG_ID=first_dag
AIRFLOW_CTX_TASK_ID=world
AIRFLOW_CTX_EXECUTION_DATE=2022-12-11T15:31:00+00:00
AIRFLOW_CTX_TRY_NUMBER=1
AIRFLOW_CTX_DAG_RUN_ID=scheduled__2022-12-11T15:31:00+00:00
[2022-12-11 15:32:01,678] {logging_mixin.py:115} INFO - Airflow
[2022-12-11 15:32:01,680] {python.py:173} INFO - Done. Returned value was: None
[2022-12-11 15:32:01,699] {taskinstance.py:1400} INFO - Marking task as SUCCESS. dag_id=first_dag, task_id=world, execution_date=20221211T153100, start_date=20221211T153201, end_date=20221211T153201
[2022-12-11 15:32:01,740] {local_task_job.py:156} INFO - Task exited with return code 0
[2022-12-11 15:32:01,808] {local_task_job.py:273} INFO - 1 downstream tasks scheduled from follow-on schedule check
