[2022-12-11 15:33:20,046] {taskinstance.py:1159} INFO - Dependencies all met for <TaskInstance: first_dag.generate_two_int_task scheduled__2022-12-11T15:32:00+00:00 [queued]>
[2022-12-11 15:33:20,062] {taskinstance.py:1159} INFO - Dependencies all met for <TaskInstance: first_dag.generate_two_int_task scheduled__2022-12-11T15:32:00+00:00 [queued]>
[2022-12-11 15:33:20,064] {taskinstance.py:1356} INFO - 
--------------------------------------------------------------------------------
[2022-12-11 15:33:20,065] {taskinstance.py:1357} INFO - Starting attempt 1 of 1
[2022-12-11 15:33:20,067] {taskinstance.py:1358} INFO - 
--------------------------------------------------------------------------------
[2022-12-11 15:33:20,089] {taskinstance.py:1377} INFO - Executing <Task(PythonOperator): generate_two_int_task> on 2022-12-11 15:32:00+00:00
[2022-12-11 15:33:20,094] {standard_task_runner.py:52} INFO - Started process 2816 to run task
[2022-12-11 15:33:20,103] {standard_task_runner.py:79} INFO - Running: ['***', 'tasks', 'run', 'first_dag', 'generate_two_int_task', 'scheduled__2022-12-11T15:32:00+00:00', '--job-id', '964', '--raw', '--subdir', 'DAGS_FOLDER/first-dag.py', '--cfg-path', '/tmp/tmphchr_yij', '--error-file', '/tmp/tmp5lto4r85']
[2022-12-11 15:33:20,106] {standard_task_runner.py:80} INFO - Job 964: Subtask generate_two_int_task
[2022-12-11 15:33:20,179] {task_command.py:369} INFO - Running <TaskInstance: first_dag.generate_two_int_task scheduled__2022-12-11T15:32:00+00:00 [running]> on host 7e39590a7807
[2022-12-11 15:33:20,276] {taskinstance.py:1571} INFO - Exporting the following env vars:
AIRFLOW_CTX_DAG_OWNER=***
AIRFLOW_CTX_DAG_ID=first_dag
AIRFLOW_CTX_TASK_ID=generate_two_int_task
AIRFLOW_CTX_EXECUTION_DATE=2022-12-11T15:32:00+00:00
AIRFLOW_CTX_TRY_NUMBER=1
AIRFLOW_CTX_DAG_RUN_ID=scheduled__2022-12-11T15:32:00+00:00
[2022-12-11 15:33:20,296] {python.py:173} INFO - Done. Returned value was: None
[2022-12-11 15:33:20,317] {taskinstance.py:1400} INFO - Marking task as SUCCESS. dag_id=first_dag, task_id=generate_two_int_task, execution_date=20221211T153200, start_date=20221211T153320, end_date=20221211T153320
[2022-12-11 15:33:20,355] {local_task_job.py:156} INFO - Task exited with return code 0
[2022-12-11 15:33:20,421] {local_task_job.py:273} INFO - 1 downstream tasks scheduled from follow-on schedule check
