[2022-12-11 14:06:01,967] {taskinstance.py:1159} INFO - Dependencies all met for <TaskInstance: first_dag.world scheduled__2022-12-11T14:05:00+00:00 [queued]>
[2022-12-11 14:06:01,985] {taskinstance.py:1159} INFO - Dependencies all met for <TaskInstance: first_dag.world scheduled__2022-12-11T14:05:00+00:00 [queued]>
[2022-12-11 14:06:01,986] {taskinstance.py:1356} INFO - 
--------------------------------------------------------------------------------
[2022-12-11 14:06:01,987] {taskinstance.py:1357} INFO - Starting attempt 1 of 1
[2022-12-11 14:06:01,988] {taskinstance.py:1358} INFO - 
--------------------------------------------------------------------------------
[2022-12-11 14:06:02,004] {taskinstance.py:1377} INFO - Executing <Task(PythonOperator): world> on 2022-12-11 14:05:00+00:00
[2022-12-11 14:06:02,012] {standard_task_runner.py:52} INFO - Started process 258 to run task
[2022-12-11 14:06:02,016] {standard_task_runner.py:79} INFO - Running: ['***', 'tasks', 'run', 'first_dag', 'world', 'scheduled__2022-12-11T14:05:00+00:00', '--job-id', '348', '--raw', '--subdir', 'DAGS_FOLDER/first-dag.py', '--cfg-path', '/tmp/tmptumijqk2', '--error-file', '/tmp/tmpkaqgm86k']
[2022-12-11 14:06:02,018] {standard_task_runner.py:80} INFO - Job 348: Subtask world
[2022-12-11 14:06:02,106] {task_command.py:369} INFO - Running <TaskInstance: first_dag.world scheduled__2022-12-11T14:05:00+00:00 [running]> on host 7e39590a7807
[2022-12-11 14:06:02,217] {taskinstance.py:1571} INFO - Exporting the following env vars:
AIRFLOW_CTX_DAG_OWNER=***
AIRFLOW_CTX_DAG_ID=first_dag
AIRFLOW_CTX_TASK_ID=world
AIRFLOW_CTX_EXECUTION_DATE=2022-12-11T14:05:00+00:00
AIRFLOW_CTX_TRY_NUMBER=1
AIRFLOW_CTX_DAG_RUN_ID=scheduled__2022-12-11T14:05:00+00:00
[2022-12-11 14:06:02,219] {logging_mixin.py:115} INFO - Airflow
[2022-12-11 14:06:02,221] {python.py:173} INFO - Done. Returned value was: None
[2022-12-11 14:06:02,239] {taskinstance.py:1400} INFO - Marking task as SUCCESS. dag_id=first_dag, task_id=world, execution_date=20221211T140500, start_date=20221211T140601, end_date=20221211T140602
[2022-12-11 14:06:02,275] {local_task_job.py:156} INFO - Task exited with return code 0
[2022-12-11 14:06:02,331] {local_task_job.py:273} INFO - 1 downstream tasks scheduled from follow-on schedule check
