[2022-12-11 15:26:03,918] {taskinstance.py:1159} INFO - Dependencies all met for <TaskInstance: first_dag.generate_two_int_task scheduled__2022-12-11T15:25:00+00:00 [queued]>
[2022-12-11 15:26:03,939] {taskinstance.py:1159} INFO - Dependencies all met for <TaskInstance: first_dag.generate_two_int_task scheduled__2022-12-11T15:25:00+00:00 [queued]>
[2022-12-11 15:26:03,940] {taskinstance.py:1356} INFO - 
--------------------------------------------------------------------------------
[2022-12-11 15:26:03,941] {taskinstance.py:1357} INFO - Starting attempt 1 of 1
[2022-12-11 15:26:03,941] {taskinstance.py:1358} INFO - 
--------------------------------------------------------------------------------
[2022-12-11 15:26:03,966] {taskinstance.py:1377} INFO - Executing <Task(PythonOperator): generate_two_int_task> on 2022-12-11 15:25:00+00:00
[2022-12-11 15:26:03,975] {standard_task_runner.py:52} INFO - Started process 2591 to run task
[2022-12-11 15:26:03,987] {standard_task_runner.py:79} INFO - Running: ['***', 'tasks', 'run', 'first_dag', 'generate_two_int_task', 'scheduled__2022-12-11T15:25:00+00:00', '--job-id', '904', '--raw', '--subdir', 'DAGS_FOLDER/first-dag.py', '--cfg-path', '/tmp/tmphf4dmvue', '--error-file', '/tmp/tmp4_5a894d']
[2022-12-11 15:26:03,990] {standard_task_runner.py:80} INFO - Job 904: Subtask generate_two_int_task
[2022-12-11 15:26:04,083] {task_command.py:369} INFO - Running <TaskInstance: first_dag.generate_two_int_task scheduled__2022-12-11T15:25:00+00:00 [running]> on host 7e39590a7807
[2022-12-11 15:26:04,191] {taskinstance.py:1571} INFO - Exporting the following env vars:
AIRFLOW_CTX_DAG_OWNER=***
AIRFLOW_CTX_DAG_ID=first_dag
AIRFLOW_CTX_TASK_ID=generate_two_int_task
AIRFLOW_CTX_EXECUTION_DATE=2022-12-11T15:25:00+00:00
AIRFLOW_CTX_TRY_NUMBER=1
AIRFLOW_CTX_DAG_RUN_ID=scheduled__2022-12-11T15:25:00+00:00
[2022-12-11 15:26:04,210] {python.py:173} INFO - Done. Returned value was: None
[2022-12-11 15:26:04,232] {taskinstance.py:1400} INFO - Marking task as SUCCESS. dag_id=first_dag, task_id=generate_two_int_task, execution_date=20221211T152500, start_date=20221211T152603, end_date=20221211T152604
[2022-12-11 15:26:04,278] {local_task_job.py:156} INFO - Task exited with return code 0
[2022-12-11 15:26:04,476] {local_task_job.py:273} INFO - 1 downstream tasks scheduled from follow-on schedule check
