[2022-12-11 15:06:07,765] {taskinstance.py:1159} INFO - Dependencies all met for <TaskInstance: first_dag.hello_task manual__2022-12-11T15:06:06.958799+00:00 [queued]>
[2022-12-11 15:06:07,784] {taskinstance.py:1159} INFO - Dependencies all met for <TaskInstance: first_dag.hello_task manual__2022-12-11T15:06:06.958799+00:00 [queued]>
[2022-12-11 15:06:07,786] {taskinstance.py:1356} INFO - 
--------------------------------------------------------------------------------
[2022-12-11 15:06:07,787] {taskinstance.py:1357} INFO - Starting attempt 1 of 1
[2022-12-11 15:06:07,788] {taskinstance.py:1358} INFO - 
--------------------------------------------------------------------------------
[2022-12-11 15:06:07,808] {taskinstance.py:1377} INFO - Executing <Task(BashOperator): hello_task> on 2022-12-11 15:06:06.958799+00:00
[2022-12-11 15:06:07,816] {standard_task_runner.py:52} INFO - Started process 1840 to run task
[2022-12-11 15:06:07,824] {standard_task_runner.py:79} INFO - Running: ['***', 'tasks', 'run', 'first_dag', 'hello_task', 'manual__2022-12-11T15:06:06.958799+00:00', '--job-id', '700', '--raw', '--subdir', 'DAGS_FOLDER/first-dag.py', '--cfg-path', '/tmp/tmpd9tqefmn', '--error-file', '/tmp/tmp28_vst_k']
[2022-12-11 15:06:07,827] {standard_task_runner.py:80} INFO - Job 700: Subtask hello_task
[2022-12-11 15:06:07,908] {task_command.py:369} INFO - Running <TaskInstance: first_dag.hello_task manual__2022-12-11T15:06:06.958799+00:00 [running]> on host 7e39590a7807
[2022-12-11 15:06:08,010] {taskinstance.py:1571} INFO - Exporting the following env vars:
AIRFLOW_CTX_DAG_OWNER=***
AIRFLOW_CTX_DAG_ID=first_dag
AIRFLOW_CTX_TASK_ID=hello_task
AIRFLOW_CTX_EXECUTION_DATE=2022-12-11T15:06:06.958799+00:00
AIRFLOW_CTX_TRY_NUMBER=1
AIRFLOW_CTX_DAG_RUN_ID=manual__2022-12-11T15:06:06.958799+00:00
[2022-12-11 15:06:08,012] {subprocess.py:62} INFO - Tmp dir root location: 
 /tmp
[2022-12-11 15:06:08,013] {subprocess.py:74} INFO - Running command: ['bash', '-c', 'echo hello']
[2022-12-11 15:06:08,028] {subprocess.py:85} INFO - Output:
[2022-12-11 15:06:08,031] {subprocess.py:92} INFO - hello
[2022-12-11 15:06:08,032] {subprocess.py:96} INFO - Command exited with return code 0
[2022-12-11 15:06:08,078] {taskinstance.py:1400} INFO - Marking task as SUCCESS. dag_id=first_dag, task_id=hello_task, execution_date=20221211T150606, start_date=20221211T150607, end_date=20221211T150608
[2022-12-11 15:06:08,122] {local_task_job.py:156} INFO - Task exited with return code 0
[2022-12-11 15:06:08,190] {local_task_job.py:273} INFO - 1 downstream tasks scheduled from follow-on schedule check
