[2022-12-04 16:41:43,125] {taskinstance.py:1159} INFO - Dependencies all met for <TaskInstance: first_dag.hello_task scheduled__2022-01-17T00:00:00+00:00 [queued]>
[2022-12-04 16:41:43,332] {taskinstance.py:1159} INFO - Dependencies all met for <TaskInstance: first_dag.hello_task scheduled__2022-01-17T00:00:00+00:00 [queued]>
[2022-12-04 16:41:43,338] {taskinstance.py:1356} INFO - 
--------------------------------------------------------------------------------
[2022-12-04 16:41:43,342] {taskinstance.py:1357} INFO - Starting attempt 1 of 1
[2022-12-04 16:41:43,355] {taskinstance.py:1358} INFO - 
--------------------------------------------------------------------------------
[2022-12-04 16:41:43,482] {taskinstance.py:1377} INFO - Executing <Task(BashOperator): hello_task> on 2022-01-17 00:00:00+00:00
[2022-12-04 16:41:43,580] {standard_task_runner.py:52} INFO - Started process 839 to run task
[2022-12-04 16:41:43,611] {standard_task_runner.py:79} INFO - Running: ['***', 'tasks', 'run', 'first_dag', 'hello_task', 'scheduled__2022-01-17T00:00:00+00:00', '--job-id', '133', '--raw', '--subdir', 'DAGS_FOLDER/first-dag.py', '--cfg-path', '/tmp/tmpqg_m719r', '--error-file', '/tmp/tmpesxg9mb4']
[2022-12-04 16:41:43,636] {standard_task_runner.py:80} INFO - Job 133: Subtask hello_task
[2022-12-04 16:41:44,497] {task_command.py:369} INFO - Running <TaskInstance: first_dag.hello_task scheduled__2022-01-17T00:00:00+00:00 [running]> on host fb90b48d1471
[2022-12-04 16:41:45,654] {taskinstance.py:1571} INFO - Exporting the following env vars:
AIRFLOW_CTX_DAG_OWNER=***
AIRFLOW_CTX_DAG_ID=first_dag
AIRFLOW_CTX_TASK_ID=hello_task
AIRFLOW_CTX_EXECUTION_DATE=2022-01-17T00:00:00+00:00
AIRFLOW_CTX_TRY_NUMBER=1
AIRFLOW_CTX_DAG_RUN_ID=scheduled__2022-01-17T00:00:00+00:00
[2022-12-04 16:41:45,662] {subprocess.py:62} INFO - Tmp dir root location: 
 /tmp
[2022-12-04 16:41:45,666] {subprocess.py:74} INFO - Running command: ['bash', '-c', 'echo hello']
[2022-12-04 16:41:45,928] {subprocess.py:85} INFO - Output:
[2022-12-04 16:41:46,123] {subprocess.py:92} INFO - hello
[2022-12-04 16:41:46,128] {subprocess.py:96} INFO - Command exited with return code 0
[2022-12-04 16:41:46,395] {taskinstance.py:1400} INFO - Marking task as SUCCESS. dag_id=first_dag, task_id=hello_task, execution_date=20220117T000000, start_date=20221204T164143, end_date=20221204T164146
[2022-12-04 16:41:46,535] {local_task_job.py:156} INFO - Task exited with return code 0
[2022-12-04 16:41:47,022] {local_task_job.py:273} INFO - 1 downstream tasks scheduled from follow-on schedule check
