[2022-12-11 17:27:08,537] {taskinstance.py:1159} INFO - Dependencies all met for <TaskInstance: first_dag.wait_for_file scheduled__2022-12-11T17:20:00+00:00 [queued]>
[2022-12-11 17:27:08,592] {taskinstance.py:1159} INFO - Dependencies all met for <TaskInstance: first_dag.wait_for_file scheduled__2022-12-11T17:20:00+00:00 [queued]>
[2022-12-11 17:27:08,593] {taskinstance.py:1356} INFO - 
--------------------------------------------------------------------------------
[2022-12-11 17:27:08,594] {taskinstance.py:1357} INFO - Starting attempt 1 of 1
[2022-12-11 17:27:08,595] {taskinstance.py:1358} INFO - 
--------------------------------------------------------------------------------
[2022-12-11 17:27:08,694] {taskinstance.py:1377} INFO - Executing <Task(PythonSensor): wait_for_file> on 2022-12-11 17:20:00+00:00
[2022-12-11 17:27:08,710] {standard_task_runner.py:52} INFO - Started process 3832 to run task
[2022-12-11 17:27:08,748] {standard_task_runner.py:79} INFO - Running: ['***', 'tasks', 'run', 'first_dag', 'wait_for_file', 'scheduled__2022-12-11T17:20:00+00:00', '--job-id', '1106', '--raw', '--subdir', 'DAGS_FOLDER/first-dag.py', '--cfg-path', '/tmp/tmpdvyl5xz1', '--error-file', '/tmp/tmpesfnu36o']
[2022-12-11 17:27:08,757] {standard_task_runner.py:80} INFO - Job 1106: Subtask wait_for_file
[2022-12-11 17:27:09,082] {task_command.py:369} INFO - Running <TaskInstance: first_dag.wait_for_file scheduled__2022-12-11T17:20:00+00:00 [running]> on host 7e39590a7807
[2022-12-11 17:27:09,451] {taskinstance.py:1571} INFO - Exporting the following env vars:
AIRFLOW_CTX_DAG_OWNER=***
AIRFLOW_CTX_DAG_ID=first_dag
AIRFLOW_CTX_TASK_ID=wait_for_file
AIRFLOW_CTX_EXECUTION_DATE=2022-12-11T17:20:00+00:00
AIRFLOW_CTX_TRY_NUMBER=1
AIRFLOW_CTX_DAG_RUN_ID=scheduled__2022-12-11T17:20:00+00:00
[2022-12-11 17:27:09,457] {python.py:66} INFO - Poking callable: <function _wait_for_file at 0x7f6cec79fcb0>
[2022-12-11 17:27:09,489] {logging_mixin.py:115} INFO - _wait_for_file True
[2022-12-11 17:27:09,490] {logging_mixin.py:115} INFO - total attempt 0
[2022-12-11 17:37:32,098] {python.py:66} INFO - Poking callable: <function _wait_for_file at 0x7f6cec79fcb0>
[2022-12-11 17:37:33,783] {logging_mixin.py:115} INFO - _wait_for_file True
[2022-12-11 17:37:33,822] {logging_mixin.py:115} INFO - total attempt 0
[2022-12-11 17:43:15,719] {python.py:66} INFO - Poking callable: <function _wait_for_file at 0x7f6cec79fcb0>
[2022-12-11 17:43:16,353] {logging_mixin.py:115} INFO - _wait_for_file True
[2022-12-11 17:43:16,421] {logging_mixin.py:115} INFO - total attempt 0
[2022-12-11 17:44:16,425] {python.py:66} INFO - Poking callable: <function _wait_for_file at 0x7f6cec79fcb0>
[2022-12-11 17:44:16,831] {logging_mixin.py:115} INFO - _wait_for_file True
[2022-12-11 17:44:16,853] {logging_mixin.py:115} INFO - total attempt 0
[2022-12-11 17:45:16,862] {python.py:66} INFO - Poking callable: <function _wait_for_file at 0x7f6cec79fcb0>
[2022-12-11 17:45:17,190] {logging_mixin.py:115} INFO - _wait_for_file True
[2022-12-11 17:45:17,192] {logging_mixin.py:115} INFO - total attempt 0
[2022-12-11 17:51:02,723] {python.py:66} INFO - Poking callable: <function _wait_for_file at 0x7f6cec79fcb0>
[2022-12-11 17:51:04,401] {logging_mixin.py:115} INFO - _wait_for_file True
[2022-12-11 17:51:04,403] {logging_mixin.py:115} INFO - total attempt 0
[2022-12-11 17:51:47,153] {local_task_job.py:221} WARNING - State of this instance has been externally set to failed. Terminating instance.
[2022-12-11 17:51:47,448] {process_utils.py:129} INFO - Sending Signals.SIGTERM to group 3832. PIDs of all processes in the group: [3832]
[2022-12-11 17:51:47,453] {process_utils.py:80} INFO - Sending the signal Signals.SIGTERM to group 3832
[2022-12-11 17:51:47,479] {taskinstance.py:1541} ERROR - Received SIGTERM. Terminating subprocesses.
[2022-12-11 17:51:48,496] {process_utils.py:75} INFO - Process psutil.Process(pid=3832, status='terminated', exitcode=0, started='17:27:07') (3832) terminated with exit code 0
