[2022-12-12 05:27:37,764] {taskinstance.py:1159} INFO - Dependencies all met for <TaskInstance: first_dag.world manual__2022-12-12T05:27:34.840137+00:00 [queued]>
[2022-12-12 05:27:37,780] {taskinstance.py:1159} INFO - Dependencies all met for <TaskInstance: first_dag.world manual__2022-12-12T05:27:34.840137+00:00 [queued]>
[2022-12-12 05:27:37,782] {taskinstance.py:1356} INFO - 
--------------------------------------------------------------------------------
[2022-12-12 05:27:37,783] {taskinstance.py:1357} INFO - Starting attempt 1 of 1
[2022-12-12 05:27:37,784] {taskinstance.py:1358} INFO - 
--------------------------------------------------------------------------------
[2022-12-12 05:27:37,804] {taskinstance.py:1377} INFO - Executing <Task(PythonOperator): world> on 2022-12-12 05:27:34.840137+00:00
[2022-12-12 05:27:37,809] {standard_task_runner.py:52} INFO - Started process 7852 to run task
[2022-12-12 05:27:37,820] {standard_task_runner.py:79} INFO - Running: ['***', 'tasks', 'run', 'first_dag', 'world', 'manual__2022-12-12T05:27:34.840137+00:00', '--job-id', '1672', '--raw', '--subdir', 'DAGS_FOLDER/first-dag.py', '--cfg-path', '/tmp/tmpfz2tyss1', '--error-file', '/tmp/tmpkdte23_z']
[2022-12-12 05:27:37,824] {standard_task_runner.py:80} INFO - Job 1672: Subtask world
[2022-12-12 05:27:37,962] {task_command.py:369} INFO - Running <TaskInstance: first_dag.world manual__2022-12-12T05:27:34.840137+00:00 [running]> on host 7e39590a7807
[2022-12-12 05:27:38,222] {taskinstance.py:1571} INFO - Exporting the following env vars:
AIRFLOW_CTX_DAG_OWNER=***
AIRFLOW_CTX_DAG_ID=first_dag
AIRFLOW_CTX_TASK_ID=world
AIRFLOW_CTX_EXECUTION_DATE=2022-12-12T05:27:34.840137+00:00
AIRFLOW_CTX_TRY_NUMBER=1
AIRFLOW_CTX_DAG_RUN_ID=manual__2022-12-12T05:27:34.840137+00:00
[2022-12-12 05:27:38,224] {logging_mixin.py:115} INFO - Airflow
[2022-12-12 05:27:38,226] {python.py:173} INFO - Done. Returned value was: None
[2022-12-12 05:27:38,267] {taskinstance.py:1400} INFO - Marking task as SUCCESS. dag_id=first_dag, task_id=world, execution_date=20221212T052734, start_date=20221212T052737, end_date=20221212T052738
[2022-12-12 05:27:38,337] {local_task_job.py:156} INFO - Task exited with return code 0
[2022-12-12 05:27:38,527] {local_task_job.py:273} INFO - 0 downstream tasks scheduled from follow-on schedule check
