[2022-12-11 14:58:52,900] {taskinstance.py:1159} INFO - Dependencies all met for <TaskInstance: first_dag.generate_two_int_task manual__2022-12-11T14:58:50.146846+00:00 [queued]>
[2022-12-11 14:58:52,915] {taskinstance.py:1159} INFO - Dependencies all met for <TaskInstance: first_dag.generate_two_int_task manual__2022-12-11T14:58:50.146846+00:00 [queued]>
[2022-12-11 14:58:52,916] {taskinstance.py:1356} INFO - 
--------------------------------------------------------------------------------
[2022-12-11 14:58:52,918] {taskinstance.py:1357} INFO - Starting attempt 1 of 1
[2022-12-11 14:58:52,920] {taskinstance.py:1358} INFO - 
--------------------------------------------------------------------------------
[2022-12-11 14:58:52,941] {taskinstance.py:1377} INFO - Executing <Task(PythonOperator): generate_two_int_task> on 2022-12-11 14:58:50.146846+00:00
[2022-12-11 14:58:52,947] {standard_task_runner.py:52} INFO - Started process 1645 to run task
[2022-12-11 14:58:52,959] {standard_task_runner.py:79} INFO - Running: ['***', 'tasks', 'run', 'first_dag', 'generate_two_int_task', 'manual__2022-12-11T14:58:50.146846+00:00', '--job-id', '659', '--raw', '--subdir', 'DAGS_FOLDER/first-dag.py', '--cfg-path', '/tmp/tmpdhkivf5_', '--error-file', '/tmp/tmpd11epw7q']
[2022-12-11 14:58:52,961] {standard_task_runner.py:80} INFO - Job 659: Subtask generate_two_int_task
[2022-12-11 14:58:53,051] {task_command.py:369} INFO - Running <TaskInstance: first_dag.generate_two_int_task manual__2022-12-11T14:58:50.146846+00:00 [running]> on host 7e39590a7807
[2022-12-11 14:58:53,155] {taskinstance.py:1571} INFO - Exporting the following env vars:
AIRFLOW_CTX_DAG_OWNER=***
AIRFLOW_CTX_DAG_ID=first_dag
AIRFLOW_CTX_TASK_ID=generate_two_int_task
AIRFLOW_CTX_EXECUTION_DATE=2022-12-11T14:58:50.146846+00:00
AIRFLOW_CTX_TRY_NUMBER=1
AIRFLOW_CTX_DAG_RUN_ID=manual__2022-12-11T14:58:50.146846+00:00
[2022-12-11 14:58:53,177] {python.py:173} INFO - Done. Returned value was: None
[2022-12-11 14:58:53,198] {taskinstance.py:1400} INFO - Marking task as SUCCESS. dag_id=first_dag, task_id=generate_two_int_task, execution_date=20221211T145850, start_date=20221211T145852, end_date=20221211T145853
[2022-12-11 14:58:53,246] {local_task_job.py:156} INFO - Task exited with return code 0
[2022-12-11 14:58:53,307] {local_task_job.py:273} INFO - 1 downstream tasks scheduled from follow-on schedule check
