[2022-12-04 19:14:06,513] {taskinstance.py:1159} INFO - Dependencies all met for <TaskInstance: first_dag.generate_two_int_task manual__2022-12-04T19:14:00.177104+00:00 [queued]>
[2022-12-04 19:14:06,539] {taskinstance.py:1159} INFO - Dependencies all met for <TaskInstance: first_dag.generate_two_int_task manual__2022-12-04T19:14:00.177104+00:00 [queued]>
[2022-12-04 19:14:06,541] {taskinstance.py:1356} INFO - 
--------------------------------------------------------------------------------
[2022-12-04 19:14:06,542] {taskinstance.py:1357} INFO - Starting attempt 1 of 1
[2022-12-04 19:14:06,546] {taskinstance.py:1358} INFO - 
--------------------------------------------------------------------------------
[2022-12-04 19:14:06,579] {taskinstance.py:1377} INFO - Executing <Task(PythonOperator): generate_two_int_task> on 2022-12-04 19:14:00.177104+00:00
[2022-12-04 19:14:06,593] {standard_task_runner.py:52} INFO - Started process 194 to run task
[2022-12-04 19:14:06,605] {standard_task_runner.py:79} INFO - Running: ['***', 'tasks', 'run', 'first_dag', 'generate_two_int_task', 'manual__2022-12-04T19:14:00.177104+00:00', '--job-id', '236', '--raw', '--subdir', 'DAGS_FOLDER/first-dag.py', '--cfg-path', '/tmp/tmpbhq45ipa', '--error-file', '/tmp/tmp3nhc8crn']
[2022-12-04 19:14:06,616] {standard_task_runner.py:80} INFO - Job 236: Subtask generate_two_int_task
[2022-12-04 19:14:06,738] {task_command.py:369} INFO - Running <TaskInstance: first_dag.generate_two_int_task manual__2022-12-04T19:14:00.177104+00:00 [running]> on host 4393b4454aa8
[2022-12-04 19:14:06,851] {taskinstance.py:1571} INFO - Exporting the following env vars:
AIRFLOW_CTX_DAG_OWNER=***
AIRFLOW_CTX_DAG_ID=first_dag
AIRFLOW_CTX_TASK_ID=generate_two_int_task
AIRFLOW_CTX_EXECUTION_DATE=2022-12-04T19:14:00.177104+00:00
AIRFLOW_CTX_TRY_NUMBER=1
AIRFLOW_CTX_DAG_RUN_ID=manual__2022-12-04T19:14:00.177104+00:00
[2022-12-04 19:14:06,957] {python.py:173} INFO - Done. Returned value was: None
[2022-12-04 19:14:06,981] {taskinstance.py:1400} INFO - Marking task as SUCCESS. dag_id=first_dag, task_id=generate_two_int_task, execution_date=20221204T191400, start_date=20221204T191406, end_date=20221204T191406
[2022-12-04 19:14:07,019] {local_task_job.py:156} INFO - Task exited with return code 0
[2022-12-04 19:14:07,093] {local_task_job.py:273} INFO - 1 downstream tasks scheduled from follow-on schedule check
