[2022-12-11 15:14:15,121] {taskinstance.py:1159} INFO - Dependencies all met for <TaskInstance: first_dag.write_diff_task manual__2022-12-11T15:14:10.426054+00:00 [queued]>
[2022-12-11 15:14:15,148] {taskinstance.py:1159} INFO - Dependencies all met for <TaskInstance: first_dag.write_diff_task manual__2022-12-11T15:14:10.426054+00:00 [queued]>
[2022-12-11 15:14:15,150] {taskinstance.py:1356} INFO - 
--------------------------------------------------------------------------------
[2022-12-11 15:14:15,154] {taskinstance.py:1357} INFO - Starting attempt 1 of 1
[2022-12-11 15:14:15,157] {taskinstance.py:1358} INFO - 
--------------------------------------------------------------------------------
[2022-12-11 15:14:15,191] {taskinstance.py:1377} INFO - Executing <Task(PythonOperator): write_diff_task> on 2022-12-11 15:14:10.426054+00:00
[2022-12-11 15:14:15,198] {standard_task_runner.py:52} INFO - Started process 2217 to run task
[2022-12-11 15:14:15,210] {standard_task_runner.py:79} INFO - Running: ['***', 'tasks', 'run', 'first_dag', 'write_diff_task', 'manual__2022-12-11T15:14:10.426054+00:00', '--job-id', '802', '--raw', '--subdir', 'DAGS_FOLDER/first-dag.py', '--cfg-path', '/tmp/tmp2gp9l24a', '--error-file', '/tmp/tmpmna4zlru']
[2022-12-11 15:14:15,212] {standard_task_runner.py:80} INFO - Job 802: Subtask write_diff_task
[2022-12-11 15:14:15,373] {task_command.py:369} INFO - Running <TaskInstance: first_dag.write_diff_task manual__2022-12-11T15:14:10.426054+00:00 [running]> on host 7e39590a7807
[2022-12-11 15:14:15,596] {taskinstance.py:1571} INFO - Exporting the following env vars:
AIRFLOW_CTX_DAG_OWNER=***
AIRFLOW_CTX_DAG_ID=first_dag
AIRFLOW_CTX_TASK_ID=write_diff_task
AIRFLOW_CTX_EXECUTION_DATE=2022-12-11T15:14:10.426054+00:00
AIRFLOW_CTX_TRY_NUMBER=1
AIRFLOW_CTX_DAG_RUN_ID=manual__2022-12-11T15:14:10.426054+00:00
[2022-12-11 15:14:15,654] {logging_mixin.py:115} INFO - Splitted ['8', '6\n'] 2
[2022-12-11 15:14:15,656] {python.py:173} INFO - Done. Returned value was: None
[2022-12-11 15:14:15,686] {taskinstance.py:1400} INFO - Marking task as SUCCESS. dag_id=first_dag, task_id=write_diff_task, execution_date=20221211T151410, start_date=20221211T151415, end_date=20221211T151415
[2022-12-11 15:14:15,747] {local_task_job.py:156} INFO - Task exited with return code 0
[2022-12-11 15:14:15,826] {local_task_job.py:273} INFO - 0 downstream tasks scheduled from follow-on schedule check
