[2022-12-11 14:31:01,128] {taskinstance.py:1159} INFO - Dependencies all met for <TaskInstance: first_dag.hello_task scheduled__2022-12-11T14:30:00+00:00 [queued]>
[2022-12-11 14:31:01,148] {taskinstance.py:1159} INFO - Dependencies all met for <TaskInstance: first_dag.hello_task scheduled__2022-12-11T14:30:00+00:00 [queued]>
[2022-12-11 14:31:01,151] {taskinstance.py:1356} INFO - 
--------------------------------------------------------------------------------
[2022-12-11 14:31:01,153] {taskinstance.py:1357} INFO - Starting attempt 1 of 1
[2022-12-11 14:31:01,154] {taskinstance.py:1358} INFO - 
--------------------------------------------------------------------------------
[2022-12-11 14:31:01,179] {taskinstance.py:1377} INFO - Executing <Task(BashOperator): hello_task> on 2022-12-11 14:30:00+00:00
[2022-12-11 14:31:01,187] {standard_task_runner.py:52} INFO - Started process 801 to run task
[2022-12-11 14:31:01,193] {standard_task_runner.py:79} INFO - Running: ['***', 'tasks', 'run', 'first_dag', 'hello_task', 'scheduled__2022-12-11T14:30:00+00:00', '--job-id', '473', '--raw', '--subdir', 'DAGS_FOLDER/first-dag.py', '--cfg-path', '/tmp/tmpi6mllp5s', '--error-file', '/tmp/tmp9fpmp9rj']
[2022-12-11 14:31:01,196] {standard_task_runner.py:80} INFO - Job 473: Subtask hello_task
[2022-12-11 14:31:01,310] {task_command.py:369} INFO - Running <TaskInstance: first_dag.hello_task scheduled__2022-12-11T14:30:00+00:00 [running]> on host 7e39590a7807
[2022-12-11 14:31:01,477] {taskinstance.py:1571} INFO - Exporting the following env vars:
AIRFLOW_CTX_DAG_OWNER=***
AIRFLOW_CTX_DAG_ID=first_dag
AIRFLOW_CTX_TASK_ID=hello_task
AIRFLOW_CTX_EXECUTION_DATE=2022-12-11T14:30:00+00:00
AIRFLOW_CTX_TRY_NUMBER=1
AIRFLOW_CTX_DAG_RUN_ID=scheduled__2022-12-11T14:30:00+00:00
[2022-12-11 14:31:01,479] {subprocess.py:62} INFO - Tmp dir root location: 
 /tmp
[2022-12-11 14:31:01,481] {subprocess.py:74} INFO - Running command: ['bash', '-c', 'echo hello']
[2022-12-11 14:31:01,492] {subprocess.py:85} INFO - Output:
[2022-12-11 14:31:01,496] {subprocess.py:92} INFO - hello
[2022-12-11 14:31:01,497] {subprocess.py:96} INFO - Command exited with return code 0
[2022-12-11 14:31:01,551] {taskinstance.py:1400} INFO - Marking task as SUCCESS. dag_id=first_dag, task_id=hello_task, execution_date=20221211T143000, start_date=20221211T143101, end_date=20221211T143101
[2022-12-11 14:31:01,578] {local_task_job.py:156} INFO - Task exited with return code 0
[2022-12-11 14:31:01,636] {local_task_job.py:273} INFO - 1 downstream tasks scheduled from follow-on schedule check
[2022-12-11 14:46:48,343] {taskinstance.py:1159} INFO - Dependencies all met for <TaskInstance: first_dag.hello_task scheduled__2022-12-11T14:30:00+00:00 [queued]>
[2022-12-11 14:46:48,358] {taskinstance.py:1159} INFO - Dependencies all met for <TaskInstance: first_dag.hello_task scheduled__2022-12-11T14:30:00+00:00 [queued]>
[2022-12-11 14:46:48,359] {taskinstance.py:1356} INFO - 
--------------------------------------------------------------------------------
[2022-12-11 14:46:48,360] {taskinstance.py:1357} INFO - Starting attempt 1 of 1
[2022-12-11 14:46:48,360] {taskinstance.py:1358} INFO - 
--------------------------------------------------------------------------------
[2022-12-11 14:46:48,379] {taskinstance.py:1377} INFO - Executing <Task(BashOperator): hello_task> on 2022-12-11 14:30:00+00:00
[2022-12-11 14:46:48,385] {standard_task_runner.py:52} INFO - Started process 1374 to run task
[2022-12-11 14:46:48,394] {standard_task_runner.py:79} INFO - Running: ['***', 'tasks', 'run', 'first_dag', 'hello_task', 'scheduled__2022-12-11T14:30:00+00:00', '--job-id', '612', '--raw', '--subdir', 'DAGS_FOLDER/first-dag.py', '--cfg-path', '/tmp/tmp_a_mmxp6', '--error-file', '/tmp/tmpezsza67q']
[2022-12-11 14:46:48,396] {standard_task_runner.py:80} INFO - Job 612: Subtask hello_task
[2022-12-11 14:46:48,468] {task_command.py:369} INFO - Running <TaskInstance: first_dag.hello_task scheduled__2022-12-11T14:30:00+00:00 [running]> on host 7e39590a7807
[2022-12-11 14:46:48,566] {taskinstance.py:1571} INFO - Exporting the following env vars:
AIRFLOW_CTX_DAG_OWNER=***
AIRFLOW_CTX_DAG_ID=first_dag
AIRFLOW_CTX_TASK_ID=hello_task
AIRFLOW_CTX_EXECUTION_DATE=2022-12-11T14:30:00+00:00
AIRFLOW_CTX_TRY_NUMBER=1
AIRFLOW_CTX_DAG_RUN_ID=scheduled__2022-12-11T14:30:00+00:00
[2022-12-11 14:46:48,569] {subprocess.py:62} INFO - Tmp dir root location: 
 /tmp
[2022-12-11 14:46:48,571] {subprocess.py:74} INFO - Running command: ['bash', '-c', 'echo hello']
[2022-12-11 14:46:48,584] {subprocess.py:85} INFO - Output:
[2022-12-11 14:46:48,589] {subprocess.py:92} INFO - hello
[2022-12-11 14:46:48,590] {subprocess.py:96} INFO - Command exited with return code 0
[2022-12-11 14:46:48,629] {taskinstance.py:1400} INFO - Marking task as SUCCESS. dag_id=first_dag, task_id=hello_task, execution_date=20221211T143000, start_date=20221211T144648, end_date=20221211T144648
[2022-12-11 14:46:48,687] {local_task_job.py:156} INFO - Task exited with return code 0
[2022-12-11 14:46:48,754] {local_task_job.py:273} INFO - 1 downstream tasks scheduled from follow-on schedule check
