[2022-12-11 20:38:41,368] {taskinstance.py:1159} INFO - Dependencies all met for <TaskInstance: first_dag.write_diff_task manual__2022-12-11T20:37:45.779524+00:00 [queued]>
[2022-12-11 20:38:41,444] {taskinstance.py:1159} INFO - Dependencies all met for <TaskInstance: first_dag.write_diff_task manual__2022-12-11T20:37:45.779524+00:00 [queued]>
[2022-12-11 20:38:41,445] {taskinstance.py:1356} INFO - 
--------------------------------------------------------------------------------
[2022-12-11 20:38:41,447] {taskinstance.py:1357} INFO - Starting attempt 1 of 1
[2022-12-11 20:38:41,456] {taskinstance.py:1358} INFO - 
--------------------------------------------------------------------------------
[2022-12-11 20:38:41,592] {taskinstance.py:1377} INFO - Executing <Task(PythonOperator): write_diff_task> on 2022-12-11 20:37:45.779524+00:00
[2022-12-11 20:38:41,630] {standard_task_runner.py:52} INFO - Started process 6197 to run task
[2022-12-11 20:38:41,676] {standard_task_runner.py:79} INFO - Running: ['***', 'tasks', 'run', 'first_dag', 'write_diff_task', 'manual__2022-12-11T20:37:45.779524+00:00', '--job-id', '1494', '--raw', '--subdir', 'DAGS_FOLDER/first-dag.py', '--cfg-path', '/tmp/tmp3vy8sfg1', '--error-file', '/tmp/tmpe0s7cmft']
[2022-12-11 20:38:41,696] {standard_task_runner.py:80} INFO - Job 1494: Subtask write_diff_task
[2022-12-11 20:38:42,254] {task_command.py:369} INFO - Running <TaskInstance: first_dag.write_diff_task manual__2022-12-11T20:37:45.779524+00:00 [running]> on host 7e39590a7807
[2022-12-11 20:38:43,044] {taskinstance.py:1571} INFO - Exporting the following env vars:
AIRFLOW_CTX_DAG_OWNER=***
AIRFLOW_CTX_DAG_ID=first_dag
AIRFLOW_CTX_TASK_ID=write_diff_task
AIRFLOW_CTX_EXECUTION_DATE=2022-12-11T20:37:45.779524+00:00
AIRFLOW_CTX_TRY_NUMBER=1
AIRFLOW_CTX_DAG_RUN_ID=manual__2022-12-11T20:37:45.779524+00:00
[2022-12-11 20:38:43,258] {python.py:173} INFO - Done. Returned value was: None
[2022-12-11 20:38:43,288] {taskinstance.py:1400} INFO - Marking task as SUCCESS. dag_id=first_dag, task_id=write_diff_task, execution_date=20221211T203745, start_date=20221211T203841, end_date=20221211T203843
[2022-12-11 20:38:43,497] {local_task_job.py:156} INFO - Task exited with return code 0
[2022-12-11 20:38:44,112] {local_task_job.py:273} INFO - 0 downstream tasks scheduled from follow-on schedule check
