[2022-12-04 19:20:36,557] {taskinstance.py:1159} INFO - Dependencies all met for <TaskInstance: first_dag.printer manual__2022-12-04T19:20:34.067265+00:00 [queued]>
[2022-12-04 19:20:36,584] {taskinstance.py:1159} INFO - Dependencies all met for <TaskInstance: first_dag.printer manual__2022-12-04T19:20:34.067265+00:00 [queued]>
[2022-12-04 19:20:36,585] {taskinstance.py:1356} INFO - 
--------------------------------------------------------------------------------
[2022-12-04 19:20:36,586] {taskinstance.py:1357} INFO - Starting attempt 1 of 1
[2022-12-04 19:20:36,588] {taskinstance.py:1358} INFO - 
--------------------------------------------------------------------------------
[2022-12-04 19:20:36,624] {taskinstance.py:1377} INFO - Executing <Task(PythonOperator): printer> on 2022-12-04 19:20:34.067265+00:00
[2022-12-04 19:20:36,630] {standard_task_runner.py:52} INFO - Started process 283 to run task
[2022-12-04 19:20:36,663] {standard_task_runner.py:79} INFO - Running: ['***', 'tasks', 'run', 'first_dag', 'printer', 'manual__2022-12-04T19:20:34.067265+00:00', '--job-id', '243', '--raw', '--subdir', 'DAGS_FOLDER/first-dag.py', '--cfg-path', '/tmp/tmpvflhrk3z', '--error-file', '/tmp/tmpzjm6q55v']
[2022-12-04 19:20:36,687] {standard_task_runner.py:80} INFO - Job 243: Subtask printer
[2022-12-04 19:20:37,251] {task_command.py:369} INFO - Running <TaskInstance: first_dag.printer manual__2022-12-04T19:20:34.067265+00:00 [running]> on host 4393b4454aa8
[2022-12-04 19:20:37,861] {taskinstance.py:1571} INFO - Exporting the following env vars:
AIRFLOW_CTX_DAG_OWNER=***
AIRFLOW_CTX_DAG_ID=first_dag
AIRFLOW_CTX_TASK_ID=printer
AIRFLOW_CTX_EXECUTION_DATE=2022-12-04T19:20:34.067265+00:00
AIRFLOW_CTX_TRY_NUMBER=1
AIRFLOW_CTX_DAG_RUN_ID=manual__2022-12-04T19:20:34.067265+00:00
[2022-12-04 19:20:37,930] {logging_mixin.py:115} INFO - The value is: None
[2022-12-04 19:20:37,932] {python.py:173} INFO - Done. Returned value was: None
[2022-12-04 19:20:38,064] {taskinstance.py:1400} INFO - Marking task as SUCCESS. dag_id=first_dag, task_id=printer, execution_date=20221204T192034, start_date=20221204T192036, end_date=20221204T192038
[2022-12-04 19:20:38,132] {local_task_job.py:156} INFO - Task exited with return code 0
[2022-12-04 19:20:38,422] {local_task_job.py:273} INFO - 0 downstream tasks scheduled from follow-on schedule check
