[2022-12-11 18:17:52,136] {taskinstance.py:1159} INFO - Dependencies all met for <TaskInstance: first_dag.wait_for_file manual__2022-12-11T18:16:59.772710+00:00 [queued]>
[2022-12-11 18:17:52,154] {taskinstance.py:1159} INFO - Dependencies all met for <TaskInstance: first_dag.wait_for_file manual__2022-12-11T18:16:59.772710+00:00 [queued]>
[2022-12-11 18:17:52,155] {taskinstance.py:1356} INFO - 
--------------------------------------------------------------------------------
[2022-12-11 18:17:52,163] {taskinstance.py:1357} INFO - Starting attempt 1 of 1
[2022-12-11 18:17:52,164] {taskinstance.py:1358} INFO - 
--------------------------------------------------------------------------------
[2022-12-11 18:17:52,208] {taskinstance.py:1377} INFO - Executing <Task(PythonSensor): wait_for_file> on 2022-12-11 18:16:59.772710+00:00
[2022-12-11 18:17:52,223] {standard_task_runner.py:52} INFO - Started process 4316 to run task
[2022-12-11 18:17:52,245] {standard_task_runner.py:79} INFO - Running: ['***', 'tasks', 'run', 'first_dag', 'wait_for_file', 'manual__2022-12-11T18:16:59.772710+00:00', '--job-id', '1183', '--raw', '--subdir', 'DAGS_FOLDER/first-dag.py', '--cfg-path', '/tmp/tmplde__4az', '--error-file', '/tmp/tmpjydo2jgm']
[2022-12-11 18:17:52,251] {standard_task_runner.py:80} INFO - Job 1183: Subtask wait_for_file
[2022-12-11 18:17:52,404] {task_command.py:369} INFO - Running <TaskInstance: first_dag.wait_for_file manual__2022-12-11T18:16:59.772710+00:00 [running]> on host 7e39590a7807
[2022-12-11 18:17:52,580] {taskinstance.py:1571} INFO - Exporting the following env vars:
AIRFLOW_CTX_DAG_OWNER=***
AIRFLOW_CTX_DAG_ID=first_dag
AIRFLOW_CTX_TASK_ID=wait_for_file
AIRFLOW_CTX_EXECUTION_DATE=2022-12-11T18:16:59.772710+00:00
AIRFLOW_CTX_TRY_NUMBER=1
AIRFLOW_CTX_DAG_RUN_ID=manual__2022-12-11T18:16:59.772710+00:00
[2022-12-11 18:17:52,582] {python.py:66} INFO - Poking callable: <function _wait_for_file at 0x7f6cec7a5cb0>
[2022-12-11 18:17:52,621] {logging_mixin.py:115} INFO - _wait_for_file True
[2022-12-11 18:17:52,623] {logging_mixin.py:115} INFO - total attempt 0
[2022-12-11 18:18:52,125] {python.py:66} INFO - Poking callable: <function _wait_for_file at 0x7f6cec7a5cb0>
[2022-12-11 18:18:52,420] {logging_mixin.py:115} INFO - _wait_for_file True
[2022-12-11 18:18:52,423] {logging_mixin.py:115} INFO - total attempt 0
[2022-12-11 18:19:52,468] {python.py:66} INFO - Poking callable: <function _wait_for_file at 0x7f6cec7a5cb0>
[2022-12-11 18:19:52,526] {logging_mixin.py:115} INFO - _wait_for_file True
[2022-12-11 18:19:52,527] {logging_mixin.py:115} INFO - total attempt 0
[2022-12-11 18:19:52,529] {base.py:301} INFO - Success criteria met. Exiting.
[2022-12-11 18:19:52,729] {taskinstance.py:1400} INFO - Marking task as SUCCESS. dag_id=first_dag, task_id=wait_for_file, execution_date=20221211T181659, start_date=20221211T181752, end_date=20221211T181952
[2022-12-11 18:19:52,862] {local_task_job.py:156} INFO - Task exited with return code 0
[2022-12-11 18:19:53,121] {local_task_job.py:273} INFO - 1 downstream tasks scheduled from follow-on schedule check
