[2022-12-11 18:02:20,382] {taskinstance.py:1159} INFO - Dependencies all met for <TaskInstance: first_dag.wait_for_file scheduled__2022-12-11T18:01:00+00:00 [queued]>
[2022-12-11 18:02:20,408] {taskinstance.py:1159} INFO - Dependencies all met for <TaskInstance: first_dag.wait_for_file scheduled__2022-12-11T18:01:00+00:00 [queued]>
[2022-12-11 18:02:20,409] {taskinstance.py:1356} INFO - 
--------------------------------------------------------------------------------
[2022-12-11 18:02:20,410] {taskinstance.py:1357} INFO - Starting attempt 1 of 1
[2022-12-11 18:02:20,411] {taskinstance.py:1358} INFO - 
--------------------------------------------------------------------------------
[2022-12-11 18:02:20,460] {taskinstance.py:1377} INFO - Executing <Task(PythonSensor): wait_for_file> on 2022-12-11 18:01:00+00:00
[2022-12-11 18:02:20,465] {standard_task_runner.py:52} INFO - Started process 4063 to run task
[2022-12-11 18:02:20,483] {standard_task_runner.py:79} INFO - Running: ['***', 'tasks', 'run', 'first_dag', 'wait_for_file', 'scheduled__2022-12-11T18:01:00+00:00', '--job-id', '1152', '--raw', '--subdir', 'DAGS_FOLDER/first-dag.py', '--cfg-path', '/tmp/tmpksv2zcdz', '--error-file', '/tmp/tmpkj4advvw']
[2022-12-11 18:02:20,489] {standard_task_runner.py:80} INFO - Job 1152: Subtask wait_for_file
[2022-12-11 18:02:20,603] {task_command.py:369} INFO - Running <TaskInstance: first_dag.wait_for_file scheduled__2022-12-11T18:01:00+00:00 [running]> on host 7e39590a7807
[2022-12-11 18:02:20,859] {taskinstance.py:1571} INFO - Exporting the following env vars:
AIRFLOW_CTX_DAG_OWNER=***
AIRFLOW_CTX_DAG_ID=first_dag
AIRFLOW_CTX_TASK_ID=wait_for_file
AIRFLOW_CTX_EXECUTION_DATE=2022-12-11T18:01:00+00:00
AIRFLOW_CTX_TRY_NUMBER=1
AIRFLOW_CTX_DAG_RUN_ID=scheduled__2022-12-11T18:01:00+00:00
[2022-12-11 18:02:20,862] {python.py:66} INFO - Poking callable: <function _wait_for_file at 0x7f6cec7a5cb0>
[2022-12-11 18:02:20,895] {logging_mixin.py:115} INFO - _wait_for_file True
[2022-12-11 18:02:20,896] {logging_mixin.py:115} INFO - total attempt 0
[2022-12-11 18:03:21,262] {python.py:66} INFO - Poking callable: <function _wait_for_file at 0x7f6cec7a5cb0>
[2022-12-11 18:03:21,283] {logging_mixin.py:115} INFO - _wait_for_file True
[2022-12-11 18:03:21,285] {logging_mixin.py:115} INFO - total attempt 0
[2022-12-11 18:04:21,259] {python.py:66} INFO - Poking callable: <function _wait_for_file at 0x7f6cec7a5cb0>
[2022-12-11 18:04:21,282] {logging_mixin.py:115} INFO - _wait_for_file True
[2022-12-11 18:04:21,283] {logging_mixin.py:115} INFO - total attempt 0
[2022-12-11 18:05:21,277] {python.py:66} INFO - Poking callable: <function _wait_for_file at 0x7f6cec7a5cb0>
[2022-12-11 18:05:21,290] {logging_mixin.py:115} INFO - _wait_for_file True
[2022-12-11 18:05:21,293] {logging_mixin.py:115} INFO - total attempt 0
[2022-12-11 18:06:21,286] {python.py:66} INFO - Poking callable: <function _wait_for_file at 0x7f6cec7a5cb0>
[2022-12-11 18:06:21,323] {logging_mixin.py:115} INFO - _wait_for_file True
[2022-12-11 18:06:21,325] {logging_mixin.py:115} INFO - total attempt 0
[2022-12-11 18:07:21,321] {python.py:66} INFO - Poking callable: <function _wait_for_file at 0x7f6cec7a5cb0>
[2022-12-11 18:07:21,346] {logging_mixin.py:115} INFO - _wait_for_file True
[2022-12-11 18:07:21,347] {logging_mixin.py:115} INFO - total attempt 0
[2022-12-11 18:08:21,330] {python.py:66} INFO - Poking callable: <function _wait_for_file at 0x7f6cec7a5cb0>
[2022-12-11 18:08:21,348] {logging_mixin.py:115} INFO - _wait_for_file True
[2022-12-11 18:08:21,350] {logging_mixin.py:115} INFO - total attempt 0
[2022-12-11 18:09:21,344] {python.py:66} INFO - Poking callable: <function _wait_for_file at 0x7f6cec7a5cb0>
[2022-12-11 18:09:21,374] {logging_mixin.py:115} INFO - _wait_for_file True
[2022-12-11 18:09:21,378] {logging_mixin.py:115} INFO - total attempt 0
[2022-12-11 18:10:21,343] {python.py:66} INFO - Poking callable: <function _wait_for_file at 0x7f6cec7a5cb0>
[2022-12-11 18:10:21,367] {logging_mixin.py:115} INFO - _wait_for_file True
[2022-12-11 18:10:21,369] {logging_mixin.py:115} INFO - total attempt 0
[2022-12-11 18:11:21,355] {python.py:66} INFO - Poking callable: <function _wait_for_file at 0x7f6cec7a5cb0>
[2022-12-11 18:11:21,379] {logging_mixin.py:115} INFO - _wait_for_file False
[2022-12-11 18:11:21,381] {logging_mixin.py:115} INFO - total attempt 0
[2022-12-11 18:12:21,342] {python.py:66} INFO - Poking callable: <function _wait_for_file at 0x7f6cec7a5cb0>
[2022-12-11 18:12:21,367] {logging_mixin.py:115} INFO - _wait_for_file False
[2022-12-11 18:12:21,368] {logging_mixin.py:115} INFO - total attempt 0
[2022-12-11 18:13:21,348] {python.py:66} INFO - Poking callable: <function _wait_for_file at 0x7f6cec7a5cb0>
[2022-12-11 18:13:21,367] {logging_mixin.py:115} INFO - _wait_for_file False
[2022-12-11 18:13:21,368] {logging_mixin.py:115} INFO - total attempt 0
[2022-12-11 18:14:21,360] {python.py:66} INFO - Poking callable: <function _wait_for_file at 0x7f6cec7a5cb0>
[2022-12-11 18:14:21,378] {logging_mixin.py:115} INFO - _wait_for_file False
[2022-12-11 18:14:21,379] {logging_mixin.py:115} INFO - total attempt 0
[2022-12-11 18:15:21,352] {python.py:66} INFO - Poking callable: <function _wait_for_file at 0x7f6cec7a5cb0>
[2022-12-11 18:15:21,374] {logging_mixin.py:115} INFO - _wait_for_file False
[2022-12-11 18:15:21,375] {logging_mixin.py:115} INFO - total attempt 0
[2022-12-11 18:16:21,331] {python.py:66} INFO - Poking callable: <function _wait_for_file at 0x7f6cec7a5cb0>
[2022-12-11 18:16:21,370] {logging_mixin.py:115} INFO - _wait_for_file True
[2022-12-11 18:16:21,374] {logging_mixin.py:115} INFO - total attempt 0
[2022-12-11 18:17:21,348] {python.py:66} INFO - Poking callable: <function _wait_for_file at 0x7f6cec7a5cb0>
[2022-12-11 18:17:21,372] {logging_mixin.py:115} INFO - _wait_for_file True
[2022-12-11 18:17:21,376] {logging_mixin.py:115} INFO - total attempt 0
[2022-12-11 18:18:21,417] {python.py:66} INFO - Poking callable: <function _wait_for_file at 0x7f6cec7a5cb0>
[2022-12-11 18:18:21,761] {logging_mixin.py:115} INFO - _wait_for_file True
[2022-12-11 18:18:21,767] {logging_mixin.py:115} INFO - total attempt 0
[2022-12-11 18:19:21,762] {python.py:66} INFO - Poking callable: <function _wait_for_file at 0x7f6cec7a5cb0>
[2022-12-11 18:19:22,031] {logging_mixin.py:115} INFO - _wait_for_file True
[2022-12-11 18:19:22,033] {logging_mixin.py:115} INFO - total attempt 0
[2022-12-11 18:20:22,027] {python.py:66} INFO - Poking callable: <function _wait_for_file at 0x7f6cec7a5cb0>
[2022-12-11 18:20:22,193] {logging_mixin.py:115} INFO - _wait_for_file True
[2022-12-11 18:20:22,196] {logging_mixin.py:115} INFO - total attempt 0
[2022-12-11 18:21:22,190] {python.py:66} INFO - Poking callable: <function _wait_for_file at 0x7f6cec7a5cb0>
[2022-12-11 18:21:22,224] {logging_mixin.py:115} INFO - _wait_for_file True
[2022-12-11 18:21:22,226] {logging_mixin.py:115} INFO - total attempt 0
[2022-12-11 18:22:22,185] {python.py:66} INFO - Poking callable: <function _wait_for_file at 0x7f6cec7a5cb0>
[2022-12-11 18:22:22,211] {logging_mixin.py:115} INFO - _wait_for_file True
[2022-12-11 18:22:22,215] {logging_mixin.py:115} INFO - total attempt 0
[2022-12-11 18:23:22,156] {python.py:66} INFO - Poking callable: <function _wait_for_file at 0x7f6cec7a5cb0>
[2022-12-11 18:23:22,178] {logging_mixin.py:115} INFO - _wait_for_file True
[2022-12-11 18:23:22,179] {logging_mixin.py:115} INFO - total attempt 0
[2022-12-11 18:24:22,151] {python.py:66} INFO - Poking callable: <function _wait_for_file at 0x7f6cec7a5cb0>
[2022-12-11 18:24:22,173] {logging_mixin.py:115} INFO - _wait_for_file True
[2022-12-11 18:24:22,174] {logging_mixin.py:115} INFO - total attempt 0
[2022-12-11 18:25:22,130] {python.py:66} INFO - Poking callable: <function _wait_for_file at 0x7f6cec7a5cb0>
[2022-12-11 18:25:22,171] {logging_mixin.py:115} INFO - _wait_for_file True
[2022-12-11 18:25:22,174] {logging_mixin.py:115} INFO - total attempt 0
[2022-12-11 18:27:06,505] {python.py:66} INFO - Poking callable: <function _wait_for_file at 0x7f6cec7a5cb0>
[2022-12-11 18:27:06,533] {logging_mixin.py:115} INFO - _wait_for_file True
[2022-12-11 18:27:06,534] {logging_mixin.py:115} INFO - total attempt 0
[2022-12-11 18:32:48,224] {python.py:66} INFO - Poking callable: <function _wait_for_file at 0x7f6cec7a5cb0>
[2022-12-11 18:32:50,345] {logging_mixin.py:115} INFO - _wait_for_file True
[2022-12-11 18:32:50,437] {logging_mixin.py:115} INFO - total attempt 0
[2022-12-11 18:59:30,445] {local_task_job.py:221} WARNING - State of this instance has been externally set to failed. Terminating instance.
[2022-12-11 18:59:30,477] {process_utils.py:129} INFO - Sending Signals.SIGTERM to group 4063. PIDs of all processes in the group: [4063]
[2022-12-11 18:59:30,484] {process_utils.py:80} INFO - Sending the signal Signals.SIGTERM to group 4063
[2022-12-11 18:59:30,501] {taskinstance.py:1541} ERROR - Received SIGTERM. Terminating subprocesses.
[2022-12-11 18:59:36,013] {process_utils.py:75} INFO - Process psutil.Process(pid=4063, status='terminated', exitcode=0, started='18:02:19') (4063) terminated with exit code 0
