[2022-12-11 15:17:46,790] {taskinstance.py:1159} INFO - Dependencies all met for <TaskInstance: first_dag.world manual__2022-12-11T15:17:43.568084+00:00 [queued]>
[2022-12-11 15:17:46,815] {taskinstance.py:1159} INFO - Dependencies all met for <TaskInstance: first_dag.world manual__2022-12-11T15:17:43.568084+00:00 [queued]>
[2022-12-11 15:17:46,817] {taskinstance.py:1356} INFO - 
--------------------------------------------------------------------------------
[2022-12-11 15:17:46,820] {taskinstance.py:1357} INFO - Starting attempt 1 of 1
[2022-12-11 15:17:46,821] {taskinstance.py:1358} INFO - 
--------------------------------------------------------------------------------
[2022-12-11 15:17:46,864] {taskinstance.py:1377} INFO - Executing <Task(PythonOperator): world> on 2022-12-11 15:17:43.568084+00:00
[2022-12-11 15:17:46,879] {standard_task_runner.py:52} INFO - Started process 2334 to run task
[2022-12-11 15:17:46,905] {standard_task_runner.py:79} INFO - Running: ['***', 'tasks', 'run', 'first_dag', 'world', 'manual__2022-12-11T15:17:43.568084+00:00', '--job-id', '832', '--raw', '--subdir', 'DAGS_FOLDER/first-dag.py', '--cfg-path', '/tmp/tmpapzb3pp8', '--error-file', '/tmp/tmpw7dmdccn']
[2022-12-11 15:17:46,911] {standard_task_runner.py:80} INFO - Job 832: Subtask world
[2022-12-11 15:17:47,209] {task_command.py:369} INFO - Running <TaskInstance: first_dag.world manual__2022-12-11T15:17:43.568084+00:00 [running]> on host 7e39590a7807
[2022-12-11 15:17:47,788] {taskinstance.py:1571} INFO - Exporting the following env vars:
AIRFLOW_CTX_DAG_OWNER=***
AIRFLOW_CTX_DAG_ID=first_dag
AIRFLOW_CTX_TASK_ID=world
AIRFLOW_CTX_EXECUTION_DATE=2022-12-11T15:17:43.568084+00:00
AIRFLOW_CTX_TRY_NUMBER=1
AIRFLOW_CTX_DAG_RUN_ID=manual__2022-12-11T15:17:43.568084+00:00
[2022-12-11 15:17:47,792] {logging_mixin.py:115} INFO - Airflow
[2022-12-11 15:17:47,793] {python.py:173} INFO - Done. Returned value was: None
[2022-12-11 15:17:47,845] {taskinstance.py:1400} INFO - Marking task as SUCCESS. dag_id=first_dag, task_id=world, execution_date=20221211T151743, start_date=20221211T151746, end_date=20221211T151747
[2022-12-11 15:17:47,935] {local_task_job.py:156} INFO - Task exited with return code 0
[2022-12-11 15:17:48,089] {local_task_job.py:273} INFO - 1 downstream tasks scheduled from follow-on schedule check
