[2022-12-11 20:38:36,926] {taskinstance.py:1159} INFO - Dependencies all met for <TaskInstance: first_dag.sum_column_task manual__2022-12-11T20:37:45.779524+00:00 [queued]>
[2022-12-11 20:38:36,990] {taskinstance.py:1159} INFO - Dependencies all met for <TaskInstance: first_dag.sum_column_task manual__2022-12-11T20:37:45.779524+00:00 [queued]>
[2022-12-11 20:38:36,993] {taskinstance.py:1356} INFO - 
--------------------------------------------------------------------------------
[2022-12-11 20:38:36,995] {taskinstance.py:1357} INFO - Starting attempt 1 of 1
[2022-12-11 20:38:36,996] {taskinstance.py:1358} INFO - 
--------------------------------------------------------------------------------
[2022-12-11 20:38:37,113] {taskinstance.py:1377} INFO - Executing <Task(PythonOperator): sum_column_task> on 2022-12-11 20:37:45.779524+00:00
[2022-12-11 20:38:37,131] {standard_task_runner.py:52} INFO - Started process 6188 to run task
[2022-12-11 20:38:37,202] {standard_task_runner.py:79} INFO - Running: ['***', 'tasks', 'run', 'first_dag', 'sum_column_task', 'manual__2022-12-11T20:37:45.779524+00:00', '--job-id', '1487', '--raw', '--subdir', 'DAGS_FOLDER/first-dag.py', '--cfg-path', '/tmp/tmp2nacvyr7', '--error-file', '/tmp/tmpkk3ccg82']
[2022-12-11 20:38:37,216] {standard_task_runner.py:80} INFO - Job 1487: Subtask sum_column_task
[2022-12-11 20:38:37,589] {task_command.py:369} INFO - Running <TaskInstance: first_dag.sum_column_task manual__2022-12-11T20:37:45.779524+00:00 [running]> on host 7e39590a7807
[2022-12-11 20:38:38,304] {taskinstance.py:1571} INFO - Exporting the following env vars:
AIRFLOW_CTX_DAG_OWNER=***
AIRFLOW_CTX_DAG_ID=first_dag
AIRFLOW_CTX_TASK_ID=sum_column_task
AIRFLOW_CTX_EXECUTION_DATE=2022-12-11T20:37:45.779524+00:00
AIRFLOW_CTX_TRY_NUMBER=1
AIRFLOW_CTX_DAG_RUN_ID=manual__2022-12-11T20:37:45.779524+00:00
[2022-12-11 20:38:38,455] {logging_mixin.py:115} INFO - Different sum column is -2
[2022-12-11 20:38:38,459] {python.py:173} INFO - Done. Returned value was: -2
[2022-12-11 20:38:38,776] {taskinstance.py:1400} INFO - Marking task as SUCCESS. dag_id=first_dag, task_id=sum_column_task, execution_date=20221211T203745, start_date=20221211T203836, end_date=20221211T203838
[2022-12-11 20:38:38,977] {local_task_job.py:156} INFO - Task exited with return code 0
[2022-12-11 20:38:39,518] {local_task_job.py:273} INFO - 1 downstream tasks scheduled from follow-on schedule check
