[2022-12-04 18:35:17,425] {taskinstance.py:1159} INFO - Dependencies all met for <TaskInstance: first_dag.world manual__2022-12-04T18:35:14.765407+00:00 [queued]>
[2022-12-04 18:35:17,438] {taskinstance.py:1159} INFO - Dependencies all met for <TaskInstance: first_dag.world manual__2022-12-04T18:35:14.765407+00:00 [queued]>
[2022-12-04 18:35:17,439] {taskinstance.py:1356} INFO - 
--------------------------------------------------------------------------------
[2022-12-04 18:35:17,440] {taskinstance.py:1357} INFO - Starting attempt 1 of 1
[2022-12-04 18:35:17,441] {taskinstance.py:1358} INFO - 
--------------------------------------------------------------------------------
[2022-12-04 18:35:17,460] {taskinstance.py:1377} INFO - Executing <Task(PythonOperator): world> on 2022-12-04 18:35:14.765407+00:00
[2022-12-04 18:35:17,465] {standard_task_runner.py:52} INFO - Started process 2017 to run task
[2022-12-04 18:35:17,474] {standard_task_runner.py:79} INFO - Running: ['***', 'tasks', 'run', 'first_dag', 'world', 'manual__2022-12-04T18:35:14.765407+00:00', '--job-id', '223', '--raw', '--subdir', 'DAGS_FOLDER/first-dag.py', '--cfg-path', '/tmp/tmp3vuu6con', '--error-file', '/tmp/tmp_nu911c6']
[2022-12-04 18:35:17,476] {standard_task_runner.py:80} INFO - Job 223: Subtask world
[2022-12-04 18:35:17,559] {task_command.py:369} INFO - Running <TaskInstance: first_dag.world manual__2022-12-04T18:35:14.765407+00:00 [running]> on host fb90b48d1471
[2022-12-04 18:35:17,661] {taskinstance.py:1571} INFO - Exporting the following env vars:
AIRFLOW_CTX_DAG_OWNER=***
AIRFLOW_CTX_DAG_ID=first_dag
AIRFLOW_CTX_TASK_ID=world
AIRFLOW_CTX_EXECUTION_DATE=2022-12-04T18:35:14.765407+00:00
AIRFLOW_CTX_TRY_NUMBER=1
AIRFLOW_CTX_DAG_RUN_ID=manual__2022-12-04T18:35:14.765407+00:00
[2022-12-04 18:35:17,663] {logging_mixin.py:115} INFO - Airflow
[2022-12-04 18:35:17,664] {python.py:173} INFO - Done. Returned value was: None
[2022-12-04 18:35:17,685] {taskinstance.py:1400} INFO - Marking task as SUCCESS. dag_id=first_dag, task_id=world, execution_date=20221204T183514, start_date=20221204T183517, end_date=20221204T183517
[2022-12-04 18:35:17,726] {local_task_job.py:156} INFO - Task exited with return code 0
[2022-12-04 18:35:17,810] {local_task_job.py:273} INFO - 1 downstream tasks scheduled from follow-on schedule check
