[2022-12-11 17:01:19,446] {taskinstance.py:1159} INFO - Dependencies all met for <TaskInstance: first_dag.wait_for_file manual__2022-12-11T17:01:11.573293+00:00 [queued]>
[2022-12-11 17:01:19,461] {taskinstance.py:1159} INFO - Dependencies all met for <TaskInstance: first_dag.wait_for_file manual__2022-12-11T17:01:11.573293+00:00 [queued]>
[2022-12-11 17:01:19,462] {taskinstance.py:1356} INFO - 
--------------------------------------------------------------------------------
[2022-12-11 17:01:19,463] {taskinstance.py:1357} INFO - Starting attempt 1 of 1
[2022-12-11 17:01:19,463] {taskinstance.py:1358} INFO - 
--------------------------------------------------------------------------------
[2022-12-11 17:01:19,481] {taskinstance.py:1377} INFO - Executing <Task(PythonSensor): wait_for_file> on 2022-12-11 17:01:11.573293+00:00
[2022-12-11 17:01:19,486] {standard_task_runner.py:52} INFO - Started process 3578 to run task
[2022-12-11 17:01:19,495] {standard_task_runner.py:79} INFO - Running: ['***', 'tasks', 'run', 'first_dag', 'wait_for_file', 'manual__2022-12-11T17:01:11.573293+00:00', '--job-id', '1063', '--raw', '--subdir', 'DAGS_FOLDER/first-dag.py', '--cfg-path', '/tmp/tmpot5raob2', '--error-file', '/tmp/tmp_kbxruuh']
[2022-12-11 17:01:19,499] {standard_task_runner.py:80} INFO - Job 1063: Subtask wait_for_file
[2022-12-11 17:01:19,604] {task_command.py:369} INFO - Running <TaskInstance: first_dag.wait_for_file manual__2022-12-11T17:01:11.573293+00:00 [running]> on host 7e39590a7807
[2022-12-11 17:01:19,753] {taskinstance.py:1571} INFO - Exporting the following env vars:
AIRFLOW_CTX_DAG_OWNER=***
AIRFLOW_CTX_DAG_ID=first_dag
AIRFLOW_CTX_TASK_ID=wait_for_file
AIRFLOW_CTX_EXECUTION_DATE=2022-12-11T17:01:11.573293+00:00
AIRFLOW_CTX_TRY_NUMBER=1
AIRFLOW_CTX_DAG_RUN_ID=manual__2022-12-11T17:01:11.573293+00:00
[2022-12-11 17:01:19,755] {python.py:66} INFO - Poking callable: <function _wait_for_file at 0x7f6cec795cb0>
[2022-12-11 17:01:19,780] {logging_mixin.py:115} INFO - _wait_for_file True
[2022-12-11 17:01:19,782] {base.py:301} INFO - Success criteria met. Exiting.
[2022-12-11 17:01:19,808] {taskinstance.py:1400} INFO - Marking task as SUCCESS. dag_id=first_dag, task_id=wait_for_file, execution_date=20221211T170111, start_date=20221211T170119, end_date=20221211T170119
[2022-12-11 17:01:19,890] {local_task_job.py:156} INFO - Task exited with return code 0
[2022-12-11 17:01:19,969] {local_task_job.py:273} INFO - 0 downstream tasks scheduled from follow-on schedule check
