[2022-12-12 04:56:44,658] {taskinstance.py:1159} INFO - Dependencies all met for <TaskInstance: first_dag.sum_column_task scheduled__2022-12-11T22:40:00+00:00 [queued]>
[2022-12-12 04:56:44,681] {taskinstance.py:1159} INFO - Dependencies all met for <TaskInstance: first_dag.sum_column_task scheduled__2022-12-11T22:40:00+00:00 [queued]>
[2022-12-12 04:56:44,683] {taskinstance.py:1356} INFO - 
--------------------------------------------------------------------------------
[2022-12-12 04:56:44,684] {taskinstance.py:1357} INFO - Starting attempt 1 of 1
[2022-12-12 04:56:44,684] {taskinstance.py:1358} INFO - 
--------------------------------------------------------------------------------
[2022-12-12 04:56:44,703] {taskinstance.py:1377} INFO - Executing <Task(PythonOperator): sum_column_task> on 2022-12-11 22:40:00+00:00
[2022-12-12 04:56:44,713] {standard_task_runner.py:52} INFO - Started process 7321 to run task
[2022-12-12 04:56:44,742] {standard_task_runner.py:79} INFO - Running: ['***', 'tasks', 'run', 'first_dag', 'sum_column_task', 'scheduled__2022-12-11T22:40:00+00:00', '--job-id', '1559', '--raw', '--subdir', 'DAGS_FOLDER/first-dag.py', '--cfg-path', '/tmp/tmp30xjqgmm', '--error-file', '/tmp/tmp_iu_llhy']
[2022-12-12 04:56:44,747] {standard_task_runner.py:80} INFO - Job 1559: Subtask sum_column_task
[2022-12-12 04:56:44,881] {task_command.py:369} INFO - Running <TaskInstance: first_dag.sum_column_task scheduled__2022-12-11T22:40:00+00:00 [running]> on host 7e39590a7807
[2022-12-12 04:56:45,098] {taskinstance.py:1571} INFO - Exporting the following env vars:
AIRFLOW_CTX_DAG_OWNER=***
AIRFLOW_CTX_DAG_ID=first_dag
AIRFLOW_CTX_TASK_ID=sum_column_task
AIRFLOW_CTX_EXECUTION_DATE=2022-12-11T22:40:00+00:00
AIRFLOW_CTX_TRY_NUMBER=1
AIRFLOW_CTX_DAG_RUN_ID=scheduled__2022-12-11T22:40:00+00:00
[2022-12-12 04:56:45,149] {logging_mixin.py:115} INFO - Different sum column is -7
[2022-12-12 04:56:45,168] {python.py:173} INFO - Done. Returned value was: -7
[2022-12-12 04:56:45,345] {taskinstance.py:1400} INFO - Marking task as SUCCESS. dag_id=first_dag, task_id=sum_column_task, execution_date=20221211T224000, start_date=20221212T045644, end_date=20221212T045645
[2022-12-12 04:56:45,435] {local_task_job.py:156} INFO - Task exited with return code 0
[2022-12-12 04:56:45,556] {local_task_job.py:273} INFO - 1 downstream tasks scheduled from follow-on schedule check
