[2022-12-11 15:18:04,690] {taskinstance.py:1159} INFO - Dependencies all met for <TaskInstance: first_dag.generate_two_int_task scheduled__2022-12-11T15:17:00+00:00 [queued]>
[2022-12-11 15:18:04,710] {taskinstance.py:1159} INFO - Dependencies all met for <TaskInstance: first_dag.generate_two_int_task scheduled__2022-12-11T15:17:00+00:00 [queued]>
[2022-12-11 15:18:04,711] {taskinstance.py:1356} INFO - 
--------------------------------------------------------------------------------
[2022-12-11 15:18:04,712] {taskinstance.py:1357} INFO - Starting attempt 1 of 1
[2022-12-11 15:18:04,713] {taskinstance.py:1358} INFO - 
--------------------------------------------------------------------------------
[2022-12-11 15:18:04,730] {taskinstance.py:1377} INFO - Executing <Task(PythonOperator): generate_two_int_task> on 2022-12-11 15:17:00+00:00
[2022-12-11 15:18:04,736] {standard_task_runner.py:52} INFO - Started process 2382 to run task
[2022-12-11 15:18:04,745] {standard_task_runner.py:79} INFO - Running: ['***', 'tasks', 'run', 'first_dag', 'generate_two_int_task', 'scheduled__2022-12-11T15:17:00+00:00', '--job-id', '849', '--raw', '--subdir', 'DAGS_FOLDER/first-dag.py', '--cfg-path', '/tmp/tmpzl1w_7rt', '--error-file', '/tmp/tmpywg3z_cf']
[2022-12-11 15:18:04,747] {standard_task_runner.py:80} INFO - Job 849: Subtask generate_two_int_task
[2022-12-11 15:18:04,844] {task_command.py:369} INFO - Running <TaskInstance: first_dag.generate_two_int_task scheduled__2022-12-11T15:17:00+00:00 [running]> on host 7e39590a7807
[2022-12-11 15:18:04,951] {taskinstance.py:1571} INFO - Exporting the following env vars:
AIRFLOW_CTX_DAG_OWNER=***
AIRFLOW_CTX_DAG_ID=first_dag
AIRFLOW_CTX_TASK_ID=generate_two_int_task
AIRFLOW_CTX_EXECUTION_DATE=2022-12-11T15:17:00+00:00
AIRFLOW_CTX_TRY_NUMBER=1
AIRFLOW_CTX_DAG_RUN_ID=scheduled__2022-12-11T15:17:00+00:00
[2022-12-11 15:18:04,970] {python.py:173} INFO - Done. Returned value was: None
[2022-12-11 15:18:04,992] {taskinstance.py:1400} INFO - Marking task as SUCCESS. dag_id=first_dag, task_id=generate_two_int_task, execution_date=20221211T151700, start_date=20221211T151804, end_date=20221211T151804
[2022-12-11 15:18:05,042] {local_task_job.py:156} INFO - Task exited with return code 0
[2022-12-11 15:18:05,108] {local_task_job.py:273} INFO - 1 downstream tasks scheduled from follow-on schedule check
