[2022-12-04 16:42:16,199] {taskinstance.py:1159} INFO - Dependencies all met for <TaskInstance: first_dag.hello_task scheduled__2022-01-31T00:00:00+00:00 [queued]>
[2022-12-04 16:42:16,477] {taskinstance.py:1159} INFO - Dependencies all met for <TaskInstance: first_dag.hello_task scheduled__2022-01-31T00:00:00+00:00 [queued]>
[2022-12-04 16:42:16,481] {taskinstance.py:1356} INFO - 
--------------------------------------------------------------------------------
[2022-12-04 16:42:16,482] {taskinstance.py:1357} INFO - Starting attempt 1 of 1
[2022-12-04 16:42:16,490] {taskinstance.py:1358} INFO - 
--------------------------------------------------------------------------------
[2022-12-04 16:42:16,674] {taskinstance.py:1377} INFO - Executing <Task(BashOperator): hello_task> on 2022-01-31 00:00:00+00:00
[2022-12-04 16:42:16,714] {standard_task_runner.py:52} INFO - Started process 914 to run task
[2022-12-04 16:42:16,758] {standard_task_runner.py:79} INFO - Running: ['***', 'tasks', 'run', 'first_dag', 'hello_task', 'scheduled__2022-01-31T00:00:00+00:00', '--job-id', '161', '--raw', '--subdir', 'DAGS_FOLDER/first-dag.py', '--cfg-path', '/tmp/tmpaiilbo2x', '--error-file', '/tmp/tmpjx60lz9b']
[2022-12-04 16:42:16,767] {standard_task_runner.py:80} INFO - Job 161: Subtask hello_task
[2022-12-04 16:42:17,303] {task_command.py:369} INFO - Running <TaskInstance: first_dag.hello_task scheduled__2022-01-31T00:00:00+00:00 [running]> on host fb90b48d1471
[2022-12-04 16:42:18,557] {taskinstance.py:1571} INFO - Exporting the following env vars:
AIRFLOW_CTX_DAG_OWNER=***
AIRFLOW_CTX_DAG_ID=first_dag
AIRFLOW_CTX_TASK_ID=hello_task
AIRFLOW_CTX_EXECUTION_DATE=2022-01-31T00:00:00+00:00
AIRFLOW_CTX_TRY_NUMBER=1
AIRFLOW_CTX_DAG_RUN_ID=scheduled__2022-01-31T00:00:00+00:00
[2022-12-04 16:42:18,588] {subprocess.py:62} INFO - Tmp dir root location: 
 /tmp
[2022-12-04 16:42:18,591] {subprocess.py:74} INFO - Running command: ['bash', '-c', 'echo hello']
[2022-12-04 16:42:18,731] {subprocess.py:85} INFO - Output:
[2022-12-04 16:42:18,786] {subprocess.py:92} INFO - hello
[2022-12-04 16:42:18,801] {subprocess.py:96} INFO - Command exited with return code 0
[2022-12-04 16:42:19,296] {taskinstance.py:1400} INFO - Marking task as SUCCESS. dag_id=first_dag, task_id=hello_task, execution_date=20220131T000000, start_date=20221204T164216, end_date=20221204T164219
[2022-12-04 16:42:19,711] {local_task_job.py:156} INFO - Task exited with return code 0
[2022-12-04 16:42:20,071] {local_task_job.py:273} INFO - 1 downstream tasks scheduled from follow-on schedule check
