[2022-12-11 19:44:41,252] {taskinstance.py:1159} INFO - Dependencies all met for <TaskInstance: first_dag.sum_column_task manual__2022-12-11T19:44:23.130597+00:00 [queued]>
[2022-12-11 19:44:41,300] {taskinstance.py:1159} INFO - Dependencies all met for <TaskInstance: first_dag.sum_column_task manual__2022-12-11T19:44:23.130597+00:00 [queued]>
[2022-12-11 19:44:41,301] {taskinstance.py:1356} INFO - 
--------------------------------------------------------------------------------
[2022-12-11 19:44:41,302] {taskinstance.py:1357} INFO - Starting attempt 1 of 1
[2022-12-11 19:44:41,304] {taskinstance.py:1358} INFO - 
--------------------------------------------------------------------------------
[2022-12-11 19:44:41,371] {taskinstance.py:1377} INFO - Executing <Task(PythonOperator): sum_column_task> on 2022-12-11 19:44:23.130597+00:00
[2022-12-11 19:44:41,390] {standard_task_runner.py:52} INFO - Started process 5136 to run task
[2022-12-11 19:44:41,406] {standard_task_runner.py:79} INFO - Running: ['***', 'tasks', 'run', 'first_dag', 'sum_column_task', 'manual__2022-12-11T19:44:23.130597+00:00', '--job-id', '1279', '--raw', '--subdir', 'DAGS_FOLDER/first-dag.py', '--cfg-path', '/tmp/tmpksjkpnyy', '--error-file', '/tmp/tmpoktjkht8']
[2022-12-11 19:44:41,415] {standard_task_runner.py:80} INFO - Job 1279: Subtask sum_column_task
[2022-12-11 19:44:41,622] {task_command.py:369} INFO - Running <TaskInstance: first_dag.sum_column_task manual__2022-12-11T19:44:23.130597+00:00 [running]> on host 7e39590a7807
[2022-12-11 19:44:41,902] {taskinstance.py:1571} INFO - Exporting the following env vars:
AIRFLOW_CTX_DAG_OWNER=***
AIRFLOW_CTX_DAG_ID=first_dag
AIRFLOW_CTX_TASK_ID=sum_column_task
AIRFLOW_CTX_EXECUTION_DATE=2022-12-11T19:44:23.130597+00:00
AIRFLOW_CTX_TRY_NUMBER=1
AIRFLOW_CTX_DAG_RUN_ID=manual__2022-12-11T19:44:23.130597+00:00
[2022-12-11 19:44:42,108] {logging_mixin.py:115} INFO - Different sum column is -21
[2022-12-11 19:44:42,115] {python.py:173} INFO - Done. Returned value was: -21
[2022-12-11 19:44:42,435] {taskinstance.py:1400} INFO - Marking task as SUCCESS. dag_id=first_dag, task_id=sum_column_task, execution_date=20221211T194423, start_date=20221211T194441, end_date=20221211T194442
[2022-12-11 19:44:42,519] {local_task_job.py:156} INFO - Task exited with return code 0
[2022-12-11 19:44:42,631] {local_task_job.py:273} INFO - 1 downstream tasks scheduled from follow-on schedule check
