[2022-12-11 14:36:05,909] {taskinstance.py:1159} INFO - Dependencies all met for <TaskInstance: first_dag.write_diff_task scheduled__2022-12-11T14:35:00+00:00 [queued]>
[2022-12-11 14:36:05,924] {taskinstance.py:1159} INFO - Dependencies all met for <TaskInstance: first_dag.write_diff_task scheduled__2022-12-11T14:35:00+00:00 [queued]>
[2022-12-11 14:36:05,925] {taskinstance.py:1356} INFO - 
--------------------------------------------------------------------------------
[2022-12-11 14:36:05,926] {taskinstance.py:1357} INFO - Starting attempt 1 of 1
[2022-12-11 14:36:05,927] {taskinstance.py:1358} INFO - 
--------------------------------------------------------------------------------
[2022-12-11 14:36:05,944] {taskinstance.py:1377} INFO - Executing <Task(PythonOperator): write_diff_task> on 2022-12-11 14:35:00+00:00
[2022-12-11 14:36:05,950] {standard_task_runner.py:52} INFO - Started process 977 to run task
[2022-12-11 14:36:05,960] {standard_task_runner.py:79} INFO - Running: ['***', 'tasks', 'run', 'first_dag', 'write_diff_task', 'scheduled__2022-12-11T14:35:00+00:00', '--job-id', '521', '--raw', '--subdir', 'DAGS_FOLDER/first-dag.py', '--cfg-path', '/tmp/tmpqm5oeh72', '--error-file', '/tmp/tmpxi14d2zq']
[2022-12-11 14:36:05,963] {standard_task_runner.py:80} INFO - Job 521: Subtask write_diff_task
[2022-12-11 14:36:06,044] {task_command.py:369} INFO - Running <TaskInstance: first_dag.write_diff_task scheduled__2022-12-11T14:35:00+00:00 [running]> on host 7e39590a7807
[2022-12-11 14:36:06,145] {taskinstance.py:1571} INFO - Exporting the following env vars:
AIRFLOW_CTX_DAG_OWNER=***
AIRFLOW_CTX_DAG_ID=first_dag
AIRFLOW_CTX_TASK_ID=write_diff_task
AIRFLOW_CTX_EXECUTION_DATE=2022-12-11T14:35:00+00:00
AIRFLOW_CTX_TRY_NUMBER=1
AIRFLOW_CTX_DAG_RUN_ID=scheduled__2022-12-11T14:35:00+00:00
[2022-12-11 14:36:06,178] {logging_mixin.py:115} INFO - res -447708674
[2022-12-11 14:36:06,180] {python.py:173} INFO - Done. Returned value was: None
[2022-12-11 14:36:06,196] {taskinstance.py:1400} INFO - Marking task as SUCCESS. dag_id=first_dag, task_id=write_diff_task, execution_date=20221211T143500, start_date=20221211T143605, end_date=20221211T143606
[2022-12-11 14:36:06,252] {local_task_job.py:156} INFO - Task exited with return code 0
[2022-12-11 14:36:06,302] {local_task_job.py:273} INFO - 0 downstream tasks scheduled from follow-on schedule check
