[2022-12-11 21:21:44,453] {taskinstance.py:1159} INFO - Dependencies all met for <TaskInstance: first_dag.world scheduled__2022-12-11T21:17:00+00:00 [queued]>
[2022-12-11 21:21:44,480] {taskinstance.py:1159} INFO - Dependencies all met for <TaskInstance: first_dag.world scheduled__2022-12-11T21:17:00+00:00 [queued]>
[2022-12-11 21:21:44,481] {taskinstance.py:1356} INFO - 
--------------------------------------------------------------------------------
[2022-12-11 21:21:44,482] {taskinstance.py:1357} INFO - Starting attempt 1 of 1
[2022-12-11 21:21:44,484] {taskinstance.py:1358} INFO - 
--------------------------------------------------------------------------------
[2022-12-11 21:21:44,570] {taskinstance.py:1377} INFO - Executing <Task(PythonOperator): world> on 2022-12-11 21:17:00+00:00
[2022-12-11 21:21:44,588] {standard_task_runner.py:52} INFO - Started process 6606 to run task
[2022-12-11 21:21:44,632] {standard_task_runner.py:79} INFO - Running: ['***', 'tasks', 'run', 'first_dag', 'world', 'scheduled__2022-12-11T21:17:00+00:00', '--job-id', '1537', '--raw', '--subdir', 'DAGS_FOLDER/first-dag.py', '--cfg-path', '/tmp/tmpkkc8b6za', '--error-file', '/tmp/tmp33sbwndj']
[2022-12-11 21:21:44,636] {standard_task_runner.py:80} INFO - Job 1537: Subtask world
[2022-12-11 21:21:44,951] {task_command.py:369} INFO - Running <TaskInstance: first_dag.world scheduled__2022-12-11T21:17:00+00:00 [running]> on host 7e39590a7807
[2022-12-11 21:21:45,475] {taskinstance.py:1571} INFO - Exporting the following env vars:
AIRFLOW_CTX_DAG_OWNER=***
AIRFLOW_CTX_DAG_ID=first_dag
AIRFLOW_CTX_TASK_ID=world
AIRFLOW_CTX_EXECUTION_DATE=2022-12-11T21:17:00+00:00
AIRFLOW_CTX_TRY_NUMBER=1
AIRFLOW_CTX_DAG_RUN_ID=scheduled__2022-12-11T21:17:00+00:00
[2022-12-11 21:21:45,483] {logging_mixin.py:115} INFO - Airflow
[2022-12-11 21:21:45,485] {python.py:173} INFO - Done. Returned value was: None
[2022-12-11 21:21:45,676] {taskinstance.py:1400} INFO - Marking task as SUCCESS. dag_id=first_dag, task_id=world, execution_date=20221211T211700, start_date=20221211T212144, end_date=20221211T212145
[2022-12-11 21:21:45,829] {local_task_job.py:156} INFO - Task exited with return code 0
[2022-12-11 21:21:46,095] {local_task_job.py:273} INFO - 1 downstream tasks scheduled from follow-on schedule check
