[2022-12-04 15:57:41,019] {taskinstance.py:1159} INFO - Dependencies all met for <TaskInstance: first_dag.hel1o scheduled__2022-01-29T00:00:00+00:00 [queued]>
[2022-12-04 15:57:41,108] {taskinstance.py:1159} INFO - Dependencies all met for <TaskInstance: first_dag.hel1o scheduled__2022-01-29T00:00:00+00:00 [queued]>
[2022-12-04 15:57:41,110] {taskinstance.py:1356} INFO - 
--------------------------------------------------------------------------------
[2022-12-04 15:57:41,111] {taskinstance.py:1357} INFO - Starting attempt 1 of 1
[2022-12-04 15:57:41,112] {taskinstance.py:1358} INFO - 
--------------------------------------------------------------------------------
[2022-12-04 15:57:41,179] {taskinstance.py:1377} INFO - Executing <Task(BashOperator): hel1o> on 2022-01-29 00:00:00+00:00
[2022-12-04 15:57:41,189] {standard_task_runner.py:52} INFO - Started process 346 to run task
[2022-12-04 15:57:41,212] {standard_task_runner.py:79} INFO - Running: ['***', 'tasks', 'run', 'first_dag', 'hel1o', 'scheduled__2022-01-29T00:00:00+00:00', '--job-id', '32', '--raw', '--subdir', 'DAGS_FOLDER/first-dag.py', '--cfg-path', '/tmp/tmptrm75qcr', '--error-file', '/tmp/tmpl6kgsb38']
[2022-12-04 15:57:41,220] {standard_task_runner.py:80} INFO - Job 32: Subtask hel1o
[2022-12-04 15:57:41,433] {task_command.py:369} INFO - Running <TaskInstance: first_dag.hel1o scheduled__2022-01-29T00:00:00+00:00 [running]> on host fb90b48d1471
[2022-12-04 15:57:41,721] {taskinstance.py:1571} INFO - Exporting the following env vars:
AIRFLOW_CTX_DAG_OWNER=***
AIRFLOW_CTX_DAG_ID=first_dag
AIRFLOW_CTX_TASK_ID=hel1o
AIRFLOW_CTX_EXECUTION_DATE=2022-01-29T00:00:00+00:00
AIRFLOW_CTX_TRY_NUMBER=1
AIRFLOW_CTX_DAG_RUN_ID=scheduled__2022-01-29T00:00:00+00:00
[2022-12-04 15:57:41,727] {subprocess.py:62} INFO - Tmp dir root location: 
 /tmp
[2022-12-04 15:57:41,733] {subprocess.py:74} INFO - Running command: ['bash', '-c', 'echohe11o']
[2022-12-04 15:57:41,772] {subprocess.py:85} INFO - Output:
[2022-12-04 15:57:41,786] {subprocess.py:92} INFO - bash: line 1: echohe11o: command not found
[2022-12-04 15:57:41,788] {subprocess.py:96} INFO - Command exited with return code 127
[2022-12-04 15:57:41,836] {taskinstance.py:1889} ERROR - Task failed with exception
Traceback (most recent call last):
  File "/home/airflow/.local/lib/python3.7/site-packages/airflow/operators/bash.py", line 195, in execute
    f'Bash command failed. The command returned a non-zero exit code {result.exit_code}.'
airflow.exceptions.AirflowException: Bash command failed. The command returned a non-zero exit code 127.
[2022-12-04 15:57:41,848] {taskinstance.py:1400} INFO - Marking task as FAILED. dag_id=first_dag, task_id=hel1o, execution_date=20220129T000000, start_date=20221204T155741, end_date=20221204T155741
[2022-12-04 15:57:41,896] {standard_task_runner.py:97} ERROR - Failed to execute job 32 for task hel1o (Bash command failed. The command returned a non-zero exit code 127.; 346)
[2022-12-04 15:57:41,954] {local_task_job.py:156} INFO - Task exited with return code 1
[2022-12-04 15:57:42,070] {local_task_job.py:273} INFO - 0 downstream tasks scheduled from follow-on schedule check
[2022-12-04 15:57:42,117] {dagrun.py:547} ERROR - Marking run <DagRun first_dag @ 2022-01-29 00:00:00+00:00: scheduled__2022-01-29T00:00:00+00:00, externally triggered: False> failed
[2022-12-04 15:57:42,119] {dagrun.py:622} INFO - DagRun Finished: dag_id=first_dag, execution_date=2022-01-29 00:00:00+00:00, run_id=scheduled__2022-01-29T00:00:00+00:00, run_start_date=2022-12-04 15:57:40.122823+00:00, run_end_date=2022-12-04 15:57:42.119815+00:00, run_duration=1.996992, state=failed, external_trigger=False, run_type=scheduled, data_interval_start=2022-01-29 00:00:00+00:00, data_interval_end=2022-01-30 00:00:00+00:00, dag_hash=60179418ae2e4cf637d1b9d3c9ff5bab
