[2022-12-12 05:28:53,757] {taskinstance.py:1159} INFO - Dependencies all met for <TaskInstance: first_dag.wait_for_file manual__2022-12-12T05:27:45.873390+00:00 [queued]>
[2022-12-12 05:28:53,779] {taskinstance.py:1159} INFO - Dependencies all met for <TaskInstance: first_dag.wait_for_file manual__2022-12-12T05:27:45.873390+00:00 [queued]>
[2022-12-12 05:28:53,780] {taskinstance.py:1356} INFO - 
--------------------------------------------------------------------------------
[2022-12-12 05:28:53,781] {taskinstance.py:1357} INFO - Starting attempt 1 of 3
[2022-12-12 05:28:53,782] {taskinstance.py:1358} INFO - 
--------------------------------------------------------------------------------
[2022-12-12 05:28:53,808] {taskinstance.py:1377} INFO - Executing <Task(PythonSensor): wait_for_file> on 2022-12-12 05:27:45.873390+00:00
[2022-12-12 05:28:53,818] {standard_task_runner.py:52} INFO - Started process 7936 to run task
[2022-12-12 05:28:53,827] {standard_task_runner.py:79} INFO - Running: ['***', 'tasks', 'run', 'first_dag', 'wait_for_file', 'manual__2022-12-12T05:27:45.873390+00:00', '--job-id', '1705', '--raw', '--subdir', 'DAGS_FOLDER/first-dag.py', '--cfg-path', '/tmp/tmpqwqjpdfm', '--error-file', '/tmp/tmprk819f8g']
[2022-12-12 05:28:53,830] {standard_task_runner.py:80} INFO - Job 1705: Subtask wait_for_file
[2022-12-12 05:28:53,948] {task_command.py:369} INFO - Running <TaskInstance: first_dag.wait_for_file manual__2022-12-12T05:27:45.873390+00:00 [running]> on host 7e39590a7807
[2022-12-12 05:28:54,123] {taskinstance.py:1571} INFO - Exporting the following env vars:
AIRFLOW_CTX_DAG_OWNER=***
AIRFLOW_CTX_DAG_ID=first_dag
AIRFLOW_CTX_TASK_ID=wait_for_file
AIRFLOW_CTX_EXECUTION_DATE=2022-12-12T05:27:45.873390+00:00
AIRFLOW_CTX_TRY_NUMBER=1
AIRFLOW_CTX_DAG_RUN_ID=manual__2022-12-12T05:27:45.873390+00:00
[2022-12-12 05:28:54,125] {python.py:66} INFO - Poking callable: <function _wait_for_file at 0x7f6cec7ac4d0>
[2022-12-12 05:28:54,168] {logging_mixin.py:115} INFO - _wait_for_file True
[2022-12-12 05:28:54,172] {base.py:301} INFO - Success criteria met. Exiting.
[2022-12-12 05:28:54,194] {taskinstance.py:1400} INFO - Marking task as SUCCESS. dag_id=first_dag, task_id=wait_for_file, execution_date=20221212T052745, start_date=20221212T052853, end_date=20221212T052854
[2022-12-12 05:28:54,252] {local_task_job.py:156} INFO - Task exited with return code 0
[2022-12-12 05:28:54,337] {local_task_job.py:273} INFO - 1 downstream tasks scheduled from follow-on schedule check
