[2022-12-11 14:58:55,157] {taskinstance.py:1159} INFO - Dependencies all met for <TaskInstance: first_dag.hello_task manual__2022-12-11T14:58:54.453903+00:00 [queued]>
[2022-12-11 14:58:55,172] {taskinstance.py:1159} INFO - Dependencies all met for <TaskInstance: first_dag.hello_task manual__2022-12-11T14:58:54.453903+00:00 [queued]>
[2022-12-11 14:58:55,173] {taskinstance.py:1356} INFO - 
--------------------------------------------------------------------------------
[2022-12-11 14:58:55,174] {taskinstance.py:1357} INFO - Starting attempt 1 of 1
[2022-12-11 14:58:55,175] {taskinstance.py:1358} INFO - 
--------------------------------------------------------------------------------
[2022-12-11 14:58:55,199] {taskinstance.py:1377} INFO - Executing <Task(BashOperator): hello_task> on 2022-12-11 14:58:54.453903+00:00
[2022-12-11 14:58:55,206] {standard_task_runner.py:52} INFO - Started process 1650 to run task
[2022-12-11 14:58:55,214] {standard_task_runner.py:79} INFO - Running: ['***', 'tasks', 'run', 'first_dag', 'hello_task', 'manual__2022-12-11T14:58:54.453903+00:00', '--job-id', '662', '--raw', '--subdir', 'DAGS_FOLDER/first-dag.py', '--cfg-path', '/tmp/tmpyi0byt_l', '--error-file', '/tmp/tmp3wt29re7']
[2022-12-11 14:58:55,217] {standard_task_runner.py:80} INFO - Job 662: Subtask hello_task
[2022-12-11 14:58:55,319] {task_command.py:369} INFO - Running <TaskInstance: first_dag.hello_task manual__2022-12-11T14:58:54.453903+00:00 [running]> on host 7e39590a7807
[2022-12-11 14:58:55,464] {taskinstance.py:1571} INFO - Exporting the following env vars:
AIRFLOW_CTX_DAG_OWNER=***
AIRFLOW_CTX_DAG_ID=first_dag
AIRFLOW_CTX_TASK_ID=hello_task
AIRFLOW_CTX_EXECUTION_DATE=2022-12-11T14:58:54.453903+00:00
AIRFLOW_CTX_TRY_NUMBER=1
AIRFLOW_CTX_DAG_RUN_ID=manual__2022-12-11T14:58:54.453903+00:00
[2022-12-11 14:58:55,473] {subprocess.py:62} INFO - Tmp dir root location: 
 /tmp
[2022-12-11 14:58:55,477] {subprocess.py:74} INFO - Running command: ['bash', '-c', 'echo hello']
[2022-12-11 14:58:55,494] {subprocess.py:85} INFO - Output:
[2022-12-11 14:58:55,501] {subprocess.py:92} INFO - hello
[2022-12-11 14:58:55,503] {subprocess.py:96} INFO - Command exited with return code 0
[2022-12-11 14:58:55,572] {taskinstance.py:1400} INFO - Marking task as SUCCESS. dag_id=first_dag, task_id=hello_task, execution_date=20221211T145854, start_date=20221211T145855, end_date=20221211T145855
[2022-12-11 14:58:55,631] {local_task_job.py:156} INFO - Task exited with return code 0
[2022-12-11 14:58:55,704] {local_task_job.py:273} INFO - 1 downstream tasks scheduled from follow-on schedule check
