[2022-12-11 15:21:03,583] {taskinstance.py:1159} INFO - Dependencies all met for <TaskInstance: first_dag.generate_two_int_task scheduled__2022-12-11T15:20:00+00:00 [queued]>
[2022-12-11 15:21:03,601] {taskinstance.py:1159} INFO - Dependencies all met for <TaskInstance: first_dag.generate_two_int_task scheduled__2022-12-11T15:20:00+00:00 [queued]>
[2022-12-11 15:21:03,602] {taskinstance.py:1356} INFO - 
--------------------------------------------------------------------------------
[2022-12-11 15:21:03,603] {taskinstance.py:1357} INFO - Starting attempt 1 of 1
[2022-12-11 15:21:03,604] {taskinstance.py:1358} INFO - 
--------------------------------------------------------------------------------
[2022-12-11 15:21:03,622] {taskinstance.py:1377} INFO - Executing <Task(PythonOperator): generate_two_int_task> on 2022-12-11 15:20:00+00:00
[2022-12-11 15:21:03,628] {standard_task_runner.py:52} INFO - Started process 2490 to run task
[2022-12-11 15:21:03,640] {standard_task_runner.py:79} INFO - Running: ['***', 'tasks', 'run', 'first_dag', 'generate_two_int_task', 'scheduled__2022-12-11T15:20:00+00:00', '--job-id', '879', '--raw', '--subdir', 'DAGS_FOLDER/first-dag.py', '--cfg-path', '/tmp/tmpa9nx5y06', '--error-file', '/tmp/tmp12z2i_fh']
[2022-12-11 15:21:03,643] {standard_task_runner.py:80} INFO - Job 879: Subtask generate_two_int_task
[2022-12-11 15:21:03,723] {task_command.py:369} INFO - Running <TaskInstance: first_dag.generate_two_int_task scheduled__2022-12-11T15:20:00+00:00 [running]> on host 7e39590a7807
[2022-12-11 15:21:03,825] {taskinstance.py:1571} INFO - Exporting the following env vars:
AIRFLOW_CTX_DAG_OWNER=***
AIRFLOW_CTX_DAG_ID=first_dag
AIRFLOW_CTX_TASK_ID=generate_two_int_task
AIRFLOW_CTX_EXECUTION_DATE=2022-12-11T15:20:00+00:00
AIRFLOW_CTX_TRY_NUMBER=1
AIRFLOW_CTX_DAG_RUN_ID=scheduled__2022-12-11T15:20:00+00:00
[2022-12-11 15:21:03,847] {python.py:173} INFO - Done. Returned value was: None
[2022-12-11 15:21:03,871] {taskinstance.py:1400} INFO - Marking task as SUCCESS. dag_id=first_dag, task_id=generate_two_int_task, execution_date=20221211T152000, start_date=20221211T152103, end_date=20221211T152103
[2022-12-11 15:21:03,928] {local_task_job.py:156} INFO - Task exited with return code 0
[2022-12-11 15:21:03,990] {local_task_job.py:273} INFO - 1 downstream tasks scheduled from follow-on schedule check
