[2022-12-04 16:41:49,629] {taskinstance.py:1159} INFO - Dependencies all met for <TaskInstance: first_dag.world scheduled__2022-01-17T00:00:00+00:00 [queued]>
[2022-12-04 16:41:49,767] {taskinstance.py:1159} INFO - Dependencies all met for <TaskInstance: first_dag.world scheduled__2022-01-17T00:00:00+00:00 [queued]>
[2022-12-04 16:41:49,776] {taskinstance.py:1356} INFO - 
--------------------------------------------------------------------------------
[2022-12-04 16:41:49,778] {taskinstance.py:1357} INFO - Starting attempt 1 of 1
[2022-12-04 16:41:49,779] {taskinstance.py:1358} INFO - 
--------------------------------------------------------------------------------
[2022-12-04 16:41:49,945] {taskinstance.py:1377} INFO - Executing <Task(PythonOperator): world> on 2022-01-17 00:00:00+00:00
[2022-12-04 16:41:49,959] {standard_task_runner.py:52} INFO - Started process 862 to run task
[2022-12-04 16:41:49,993] {standard_task_runner.py:79} INFO - Running: ['***', 'tasks', 'run', 'first_dag', 'world', 'scheduled__2022-01-17T00:00:00+00:00', '--job-id', '144', '--raw', '--subdir', 'DAGS_FOLDER/first-dag.py', '--cfg-path', '/tmp/tmpltzelg37', '--error-file', '/tmp/tmp3k1j9blt']
[2022-12-04 16:41:50,003] {standard_task_runner.py:80} INFO - Job 144: Subtask world
[2022-12-04 16:41:50,391] {task_command.py:369} INFO - Running <TaskInstance: first_dag.world scheduled__2022-01-17T00:00:00+00:00 [running]> on host fb90b48d1471
[2022-12-04 16:41:50,904] {taskinstance.py:1571} INFO - Exporting the following env vars:
AIRFLOW_CTX_DAG_OWNER=***
AIRFLOW_CTX_DAG_ID=first_dag
AIRFLOW_CTX_TASK_ID=world
AIRFLOW_CTX_EXECUTION_DATE=2022-01-17T00:00:00+00:00
AIRFLOW_CTX_TRY_NUMBER=1
AIRFLOW_CTX_DAG_RUN_ID=scheduled__2022-01-17T00:00:00+00:00
[2022-12-04 16:41:50,916] {logging_mixin.py:115} INFO - Airflow
[2022-12-04 16:41:50,917] {python.py:173} INFO - Done. Returned value was: None
[2022-12-04 16:41:50,959] {taskinstance.py:1400} INFO - Marking task as SUCCESS. dag_id=first_dag, task_id=world, execution_date=20220117T000000, start_date=20221204T164149, end_date=20221204T164150
[2022-12-04 16:41:51,018] {local_task_job.py:156} INFO - Task exited with return code 0
[2022-12-04 16:41:51,139] {local_task_job.py:273} INFO - 0 downstream tasks scheduled from follow-on schedule check
