[2022-12-11 20:59:50,396] {taskinstance.py:1159} INFO - Dependencies all met for <TaskInstance: first_dag.create_task_table scheduled__2022-12-11T20:58:00+00:00 [queued]>
[2022-12-11 20:59:50,438] {taskinstance.py:1159} INFO - Dependencies all met for <TaskInstance: first_dag.create_task_table scheduled__2022-12-11T20:58:00+00:00 [queued]>
[2022-12-11 20:59:50,439] {taskinstance.py:1356} INFO - 
--------------------------------------------------------------------------------
[2022-12-11 20:59:50,441] {taskinstance.py:1357} INFO - Starting attempt 1 of 1
[2022-12-11 20:59:50,442] {taskinstance.py:1358} INFO - 
--------------------------------------------------------------------------------
[2022-12-11 20:59:50,481] {taskinstance.py:1377} INFO - Executing <Task(PostgresOperator): create_task_table> on 2022-12-11 20:58:00+00:00
[2022-12-11 20:59:50,491] {standard_task_runner.py:52} INFO - Started process 6427 to run task
[2022-12-11 20:59:50,512] {standard_task_runner.py:79} INFO - Running: ['***', 'tasks', 'run', 'first_dag', 'create_task_table', 'scheduled__2022-12-11T20:58:00+00:00', '--job-id', '1517', '--raw', '--subdir', 'DAGS_FOLDER/first-dag.py', '--cfg-path', '/tmp/tmpxcgvgfr1', '--error-file', '/tmp/tmp4yjdli2x']
[2022-12-11 20:59:50,515] {standard_task_runner.py:80} INFO - Job 1517: Subtask create_task_table
[2022-12-11 20:59:50,634] {task_command.py:369} INFO - Running <TaskInstance: first_dag.create_task_table scheduled__2022-12-11T20:58:00+00:00 [running]> on host 7e39590a7807
[2022-12-11 20:59:50,877] {taskinstance.py:1571} INFO - Exporting the following env vars:
AIRFLOW_CTX_DAG_OWNER=***
AIRFLOW_CTX_DAG_ID=first_dag
AIRFLOW_CTX_TASK_ID=create_task_table
AIRFLOW_CTX_EXECUTION_DATE=2022-12-11T20:58:00+00:00
AIRFLOW_CTX_TRY_NUMBER=1
AIRFLOW_CTX_DAG_RUN_ID=scheduled__2022-12-11T20:58:00+00:00
[2022-12-11 20:59:50,951] {base.py:68} INFO - Using connection ID 'db' for task execution.
[2022-12-11 20:59:50,980] {dbapi.py:208} INFO - Running statement: 
                create table if not exists task (
	            value_1 INT,
	            value_2 INT
            );
              , parameters: None
[2022-12-11 20:59:50,989] {postgres.py:94} INFO - NOTICE:  relation "task" already exists, skipping

[2022-12-11 20:59:51,052] {taskinstance.py:1400} INFO - Marking task as SUCCESS. dag_id=first_dag, task_id=create_task_table, execution_date=20221211T205800, start_date=20221211T205950, end_date=20221211T205951
[2022-12-11 20:59:51,125] {local_task_job.py:156} INFO - Task exited with return code 0
[2022-12-11 20:59:51,253] {local_task_job.py:273} INFO - 0 downstream tasks scheduled from follow-on schedule check
