[2022-12-11 14:03:58,747] {taskinstance.py:1159} INFO - Dependencies all met for <TaskInstance: first_dag.printer scheduled__2022-12-10T00:00:00+00:00 [queued]>
[2022-12-11 14:03:58,804] {taskinstance.py:1159} INFO - Dependencies all met for <TaskInstance: first_dag.printer scheduled__2022-12-10T00:00:00+00:00 [queued]>
[2022-12-11 14:03:58,807] {taskinstance.py:1356} INFO - 
--------------------------------------------------------------------------------
[2022-12-11 14:03:58,810] {taskinstance.py:1357} INFO - Starting attempt 1 of 1
[2022-12-11 14:03:58,812] {taskinstance.py:1358} INFO - 
--------------------------------------------------------------------------------
[2022-12-11 14:03:58,871] {taskinstance.py:1377} INFO - Executing <Task(PythonOperator): printer> on 2022-12-10 00:00:00+00:00
[2022-12-11 14:03:58,898] {standard_task_runner.py:52} INFO - Started process 184 to run task
[2022-12-11 14:03:58,940] {standard_task_runner.py:79} INFO - Running: ['***', 'tasks', 'run', 'first_dag', 'printer', 'scheduled__2022-12-10T00:00:00+00:00', '--job-id', '323', '--raw', '--subdir', 'DAGS_FOLDER/first-dag.py', '--cfg-path', '/tmp/tmp0sv7z6dj', '--error-file', '/tmp/tmpazqs9x37']
[2022-12-11 14:03:58,955] {standard_task_runner.py:80} INFO - Job 323: Subtask printer
[2022-12-11 14:03:59,549] {task_command.py:369} INFO - Running <TaskInstance: first_dag.printer scheduled__2022-12-10T00:00:00+00:00 [running]> on host 7e39590a7807
[2022-12-11 14:04:00,396] {taskinstance.py:1571} INFO - Exporting the following env vars:
AIRFLOW_CTX_DAG_OWNER=***
AIRFLOW_CTX_DAG_ID=first_dag
AIRFLOW_CTX_TASK_ID=printer
AIRFLOW_CTX_EXECUTION_DATE=2022-12-10T00:00:00+00:00
AIRFLOW_CTX_TRY_NUMBER=1
AIRFLOW_CTX_DAG_RUN_ID=scheduled__2022-12-10T00:00:00+00:00
[2022-12-11 14:04:00,528] {logging_mixin.py:115} INFO - The value is: None
[2022-12-11 14:04:00,533] {python.py:173} INFO - Done. Returned value was: None
[2022-12-11 14:04:00,667] {taskinstance.py:1400} INFO - Marking task as SUCCESS. dag_id=first_dag, task_id=printer, execution_date=20221210T000000, start_date=20221211T140358, end_date=20221211T140400
[2022-12-11 14:04:00,752] {local_task_job.py:156} INFO - Task exited with return code 0
[2022-12-11 14:04:00,917] {local_task_job.py:273} INFO - 0 downstream tasks scheduled from follow-on schedule check
