[2022-12-11 15:19:08,120] {taskinstance.py:1159} INFO - Dependencies all met for <TaskInstance: first_dag.hello_task manual__2022-12-11T15:19:06.848366+00:00 [queued]>
[2022-12-11 15:19:08,135] {taskinstance.py:1159} INFO - Dependencies all met for <TaskInstance: first_dag.hello_task manual__2022-12-11T15:19:06.848366+00:00 [queued]>
[2022-12-11 15:19:08,137] {taskinstance.py:1356} INFO - 
--------------------------------------------------------------------------------
[2022-12-11 15:19:08,138] {taskinstance.py:1357} INFO - Starting attempt 1 of 1
[2022-12-11 15:19:08,139] {taskinstance.py:1358} INFO - 
--------------------------------------------------------------------------------
[2022-12-11 15:19:08,159] {taskinstance.py:1377} INFO - Executing <Task(BashOperator): hello_task> on 2022-12-11 15:19:06.848366+00:00
[2022-12-11 15:19:08,169] {standard_task_runner.py:52} INFO - Started process 2413 to run task
[2022-12-11 15:19:08,174] {standard_task_runner.py:79} INFO - Running: ['***', 'tasks', 'run', 'first_dag', 'hello_task', 'manual__2022-12-11T15:19:06.848366+00:00', '--job-id', '857', '--raw', '--subdir', 'DAGS_FOLDER/first-dag.py', '--cfg-path', '/tmp/tmpxkgaj7ur', '--error-file', '/tmp/tmpb61g8sq8']
[2022-12-11 15:19:08,177] {standard_task_runner.py:80} INFO - Job 857: Subtask hello_task
[2022-12-11 15:19:08,265] {task_command.py:369} INFO - Running <TaskInstance: first_dag.hello_task manual__2022-12-11T15:19:06.848366+00:00 [running]> on host 7e39590a7807
[2022-12-11 15:19:08,366] {taskinstance.py:1571} INFO - Exporting the following env vars:
AIRFLOW_CTX_DAG_OWNER=***
AIRFLOW_CTX_DAG_ID=first_dag
AIRFLOW_CTX_TASK_ID=hello_task
AIRFLOW_CTX_EXECUTION_DATE=2022-12-11T15:19:06.848366+00:00
AIRFLOW_CTX_TRY_NUMBER=1
AIRFLOW_CTX_DAG_RUN_ID=manual__2022-12-11T15:19:06.848366+00:00
[2022-12-11 15:19:08,369] {subprocess.py:62} INFO - Tmp dir root location: 
 /tmp
[2022-12-11 15:19:08,373] {subprocess.py:74} INFO - Running command: ['bash', '-c', 'echo hello']
[2022-12-11 15:19:08,388] {subprocess.py:85} INFO - Output:
[2022-12-11 15:19:08,391] {subprocess.py:92} INFO - hello
[2022-12-11 15:19:08,393] {subprocess.py:96} INFO - Command exited with return code 0
[2022-12-11 15:19:08,430] {taskinstance.py:1400} INFO - Marking task as SUCCESS. dag_id=first_dag, task_id=hello_task, execution_date=20221211T151906, start_date=20221211T151908, end_date=20221211T151908
[2022-12-11 15:19:08,471] {local_task_job.py:156} INFO - Task exited with return code 0
[2022-12-11 15:19:08,535] {local_task_job.py:273} INFO - 1 downstream tasks scheduled from follow-on schedule check
