[2022-12-04 16:41:55,704] {taskinstance.py:1159} INFO - Dependencies all met for <TaskInstance: first_dag.hello_task scheduled__2022-01-22T00:00:00+00:00 [queued]>
[2022-12-04 16:41:55,746] {taskinstance.py:1159} INFO - Dependencies all met for <TaskInstance: first_dag.hello_task scheduled__2022-01-22T00:00:00+00:00 [queued]>
[2022-12-04 16:41:55,747] {taskinstance.py:1356} INFO - 
--------------------------------------------------------------------------------
[2022-12-04 16:41:55,749] {taskinstance.py:1357} INFO - Starting attempt 1 of 1
[2022-12-04 16:41:55,750] {taskinstance.py:1358} INFO - 
--------------------------------------------------------------------------------
[2022-12-04 16:41:55,795] {taskinstance.py:1377} INFO - Executing <Task(BashOperator): hello_task> on 2022-01-22 00:00:00+00:00
[2022-12-04 16:41:55,822] {standard_task_runner.py:52} INFO - Started process 879 to run task
[2022-12-04 16:41:55,853] {standard_task_runner.py:79} INFO - Running: ['***', 'tasks', 'run', 'first_dag', 'hello_task', 'scheduled__2022-01-22T00:00:00+00:00', '--job-id', '148', '--raw', '--subdir', 'DAGS_FOLDER/first-dag.py', '--cfg-path', '/tmp/tmplgzu44vs', '--error-file', '/tmp/tmpedzimd7_']
[2022-12-04 16:41:55,874] {standard_task_runner.py:80} INFO - Job 148: Subtask hello_task
[2022-12-04 16:41:56,152] {task_command.py:369} INFO - Running <TaskInstance: first_dag.hello_task scheduled__2022-01-22T00:00:00+00:00 [running]> on host fb90b48d1471
[2022-12-04 16:41:56,562] {taskinstance.py:1571} INFO - Exporting the following env vars:
AIRFLOW_CTX_DAG_OWNER=***
AIRFLOW_CTX_DAG_ID=first_dag
AIRFLOW_CTX_TASK_ID=hello_task
AIRFLOW_CTX_EXECUTION_DATE=2022-01-22T00:00:00+00:00
AIRFLOW_CTX_TRY_NUMBER=1
AIRFLOW_CTX_DAG_RUN_ID=scheduled__2022-01-22T00:00:00+00:00
[2022-12-04 16:41:56,578] {subprocess.py:62} INFO - Tmp dir root location: 
 /tmp
[2022-12-04 16:41:56,590] {subprocess.py:74} INFO - Running command: ['bash', '-c', 'echo hello']
[2022-12-04 16:41:56,641] {subprocess.py:85} INFO - Output:
[2022-12-04 16:41:56,653] {subprocess.py:92} INFO - hello
[2022-12-04 16:41:56,654] {subprocess.py:96} INFO - Command exited with return code 0
[2022-12-04 16:41:57,606] {taskinstance.py:1400} INFO - Marking task as SUCCESS. dag_id=first_dag, task_id=hello_task, execution_date=20220122T000000, start_date=20221204T164155, end_date=20221204T164157
[2022-12-04 16:41:57,750] {local_task_job.py:156} INFO - Task exited with return code 0
[2022-12-04 16:41:57,964] {local_task_job.py:273} INFO - 1 downstream tasks scheduled from follow-on schedule check
