[2022-12-04 17:06:51,767] {taskinstance.py:1159} INFO - Dependencies all met for <TaskInstance: first_dag.hello_task manual__2022-12-04T17:06:50.361116+00:00 [queued]>
[2022-12-04 17:06:51,784] {taskinstance.py:1159} INFO - Dependencies all met for <TaskInstance: first_dag.hello_task manual__2022-12-04T17:06:50.361116+00:00 [queued]>
[2022-12-04 17:06:51,786] {taskinstance.py:1356} INFO - 
--------------------------------------------------------------------------------
[2022-12-04 17:06:51,787] {taskinstance.py:1357} INFO - Starting attempt 1 of 1
[2022-12-04 17:06:51,789] {taskinstance.py:1358} INFO - 
--------------------------------------------------------------------------------
[2022-12-04 17:06:51,809] {taskinstance.py:1377} INFO - Executing <Task(BashOperator): hello_task> on 2022-12-04 17:06:50.361116+00:00
[2022-12-04 17:06:51,813] {standard_task_runner.py:52} INFO - Started process 1267 to run task
[2022-12-04 17:06:51,825] {standard_task_runner.py:79} INFO - Running: ['***', 'tasks', 'run', 'first_dag', 'hello_task', 'manual__2022-12-04T17:06:50.361116+00:00', '--job-id', '189', '--raw', '--subdir', 'DAGS_FOLDER/first-dag.py', '--cfg-path', '/tmp/tmpp0nb8p77', '--error-file', '/tmp/tmpub5vgj9m']
[2022-12-04 17:06:51,828] {standard_task_runner.py:80} INFO - Job 189: Subtask hello_task
[2022-12-04 17:06:51,916] {task_command.py:369} INFO - Running <TaskInstance: first_dag.hello_task manual__2022-12-04T17:06:50.361116+00:00 [running]> on host fb90b48d1471
[2022-12-04 17:06:52,055] {taskinstance.py:1571} INFO - Exporting the following env vars:
AIRFLOW_CTX_DAG_OWNER=***
AIRFLOW_CTX_DAG_ID=first_dag
AIRFLOW_CTX_TASK_ID=hello_task
AIRFLOW_CTX_EXECUTION_DATE=2022-12-04T17:06:50.361116+00:00
AIRFLOW_CTX_TRY_NUMBER=1
AIRFLOW_CTX_DAG_RUN_ID=manual__2022-12-04T17:06:50.361116+00:00
[2022-12-04 17:06:52,058] {subprocess.py:62} INFO - Tmp dir root location: 
 /tmp
[2022-12-04 17:06:52,062] {subprocess.py:74} INFO - Running command: ['bash', '-c', 'echo hello']
[2022-12-04 17:06:52,079] {subprocess.py:85} INFO - Output:
[2022-12-04 17:06:52,087] {subprocess.py:92} INFO - hello
[2022-12-04 17:06:52,089] {subprocess.py:96} INFO - Command exited with return code 0
[2022-12-04 17:06:52,148] {taskinstance.py:1400} INFO - Marking task as SUCCESS. dag_id=first_dag, task_id=hello_task, execution_date=20221204T170650, start_date=20221204T170651, end_date=20221204T170652
[2022-12-04 17:06:52,197] {local_task_job.py:156} INFO - Task exited with return code 0
[2022-12-04 17:06:52,264] {local_task_job.py:273} INFO - 1 downstream tasks scheduled from follow-on schedule check
