[2022-12-11 14:48:37,352] {taskinstance.py:1159} INFO - Dependencies all met for <TaskInstance: first_dag.sum_column_task manual__2022-12-11T14:48:33.302978+00:00 [queued]>
[2022-12-11 14:48:37,367] {taskinstance.py:1159} INFO - Dependencies all met for <TaskInstance: first_dag.sum_column_task manual__2022-12-11T14:48:33.302978+00:00 [queued]>
[2022-12-11 14:48:37,368] {taskinstance.py:1356} INFO - 
--------------------------------------------------------------------------------
[2022-12-11 14:48:37,369] {taskinstance.py:1357} INFO - Starting attempt 1 of 1
[2022-12-11 14:48:37,370] {taskinstance.py:1358} INFO - 
--------------------------------------------------------------------------------
[2022-12-11 14:48:37,387] {taskinstance.py:1377} INFO - Executing <Task(PythonOperator): sum_column_task> on 2022-12-11 14:48:33.302978+00:00
[2022-12-11 14:48:37,392] {standard_task_runner.py:52} INFO - Started process 1415 to run task
[2022-12-11 14:48:37,404] {standard_task_runner.py:79} INFO - Running: ['***', 'tasks', 'run', 'first_dag', 'sum_column_task', 'manual__2022-12-11T14:48:33.302978+00:00', '--job-id', '620', '--raw', '--subdir', 'DAGS_FOLDER/first-dag.py', '--cfg-path', '/tmp/tmp73e6k51i', '--error-file', '/tmp/tmpsfxwriwv']
[2022-12-11 14:48:37,406] {standard_task_runner.py:80} INFO - Job 620: Subtask sum_column_task
[2022-12-11 14:48:37,485] {task_command.py:369} INFO - Running <TaskInstance: first_dag.sum_column_task manual__2022-12-11T14:48:33.302978+00:00 [running]> on host 7e39590a7807
[2022-12-11 14:48:37,592] {taskinstance.py:1571} INFO - Exporting the following env vars:
AIRFLOW_CTX_DAG_OWNER=***
AIRFLOW_CTX_DAG_ID=first_dag
AIRFLOW_CTX_TASK_ID=sum_column_task
AIRFLOW_CTX_EXECUTION_DATE=2022-12-11T14:48:33.302978+00:00
AIRFLOW_CTX_TRY_NUMBER=1
AIRFLOW_CTX_DAG_RUN_ID=manual__2022-12-11T14:48:33.302978+00:00
[2022-12-11 14:48:37,612] {python.py:173} INFO - Done. Returned value was: None
[2022-12-11 14:48:37,629] {taskinstance.py:1400} INFO - Marking task as SUCCESS. dag_id=first_dag, task_id=sum_column_task, execution_date=20221211T144833, start_date=20221211T144837, end_date=20221211T144837
[2022-12-11 14:48:37,652] {local_task_job.py:156} INFO - Task exited with return code 0
[2022-12-11 14:48:37,699] {local_task_job.py:273} INFO - 1 downstream tasks scheduled from follow-on schedule check
