[2022-12-11 20:37:54,428] {taskinstance.py:1159} INFO - Dependencies all met for <TaskInstance: first_dag.hello_task manual__2022-12-11T20:37:47.868656+00:00 [queued]>
[2022-12-11 20:37:54,469] {taskinstance.py:1159} INFO - Dependencies all met for <TaskInstance: first_dag.hello_task manual__2022-12-11T20:37:47.868656+00:00 [queued]>
[2022-12-11 20:37:54,471] {taskinstance.py:1356} INFO - 
--------------------------------------------------------------------------------
[2022-12-11 20:37:54,483] {taskinstance.py:1357} INFO - Starting attempt 1 of 1
[2022-12-11 20:37:54,489] {taskinstance.py:1358} INFO - 
--------------------------------------------------------------------------------
[2022-12-11 20:37:54,543] {taskinstance.py:1377} INFO - Executing <Task(BashOperator): hello_task> on 2022-12-11 20:37:47.868656+00:00
[2022-12-11 20:37:54,549] {standard_task_runner.py:52} INFO - Started process 6146 to run task
[2022-12-11 20:37:54,572] {standard_task_runner.py:79} INFO - Running: ['***', 'tasks', 'run', 'first_dag', 'hello_task', 'manual__2022-12-11T20:37:47.868656+00:00', '--job-id', '1474', '--raw', '--subdir', 'DAGS_FOLDER/first-dag.py', '--cfg-path', '/tmp/tmpm6_lc4e7', '--error-file', '/tmp/tmpe9trf4ra']
[2022-12-11 20:37:54,575] {standard_task_runner.py:80} INFO - Job 1474: Subtask hello_task
[2022-12-11 20:37:54,738] {task_command.py:369} INFO - Running <TaskInstance: first_dag.hello_task manual__2022-12-11T20:37:47.868656+00:00 [running]> on host 7e39590a7807
[2022-12-11 20:37:54,911] {taskinstance.py:1571} INFO - Exporting the following env vars:
AIRFLOW_CTX_DAG_OWNER=***
AIRFLOW_CTX_DAG_ID=first_dag
AIRFLOW_CTX_TASK_ID=hello_task
AIRFLOW_CTX_EXECUTION_DATE=2022-12-11T20:37:47.868656+00:00
AIRFLOW_CTX_TRY_NUMBER=1
AIRFLOW_CTX_DAG_RUN_ID=manual__2022-12-11T20:37:47.868656+00:00
[2022-12-11 20:37:54,921] {subprocess.py:62} INFO - Tmp dir root location: 
 /tmp
[2022-12-11 20:37:54,930] {subprocess.py:74} INFO - Running command: ['bash', '-c', 'echo hello']
[2022-12-11 20:37:55,025] {subprocess.py:85} INFO - Output:
[2022-12-11 20:37:55,220] {subprocess.py:92} INFO - hello
[2022-12-11 20:37:55,227] {subprocess.py:96} INFO - Command exited with return code 0
[2022-12-11 20:37:55,345] {taskinstance.py:1400} INFO - Marking task as SUCCESS. dag_id=first_dag, task_id=hello_task, execution_date=20221211T203747, start_date=20221211T203754, end_date=20221211T203755
[2022-12-11 20:37:55,404] {local_task_job.py:156} INFO - Task exited with return code 0
[2022-12-11 20:37:55,558] {local_task_job.py:273} INFO - 0 downstream tasks scheduled from follow-on schedule check
