[2022-12-11 20:00:04,367] {taskinstance.py:1159} INFO - Dependencies all met for <TaskInstance: first_dag.sum_column_task manual__2022-12-11T19:59:55.921958+00:00 [queued]>
[2022-12-11 20:00:04,415] {taskinstance.py:1159} INFO - Dependencies all met for <TaskInstance: first_dag.sum_column_task manual__2022-12-11T19:59:55.921958+00:00 [queued]>
[2022-12-11 20:00:04,416] {taskinstance.py:1356} INFO - 
--------------------------------------------------------------------------------
[2022-12-11 20:00:04,417] {taskinstance.py:1357} INFO - Starting attempt 1 of 1
[2022-12-11 20:00:04,424] {taskinstance.py:1358} INFO - 
--------------------------------------------------------------------------------
[2022-12-11 20:00:04,491] {taskinstance.py:1377} INFO - Executing <Task(PythonOperator): sum_column_task> on 2022-12-11 19:59:55.921958+00:00
[2022-12-11 20:00:04,496] {standard_task_runner.py:52} INFO - Started process 5387 to run task
[2022-12-11 20:00:04,548] {standard_task_runner.py:79} INFO - Running: ['***', 'tasks', 'run', 'first_dag', 'sum_column_task', 'manual__2022-12-11T19:59:55.921958+00:00', '--job-id', '1312', '--raw', '--subdir', 'DAGS_FOLDER/first-dag.py', '--cfg-path', '/tmp/tmpiexo51zr', '--error-file', '/tmp/tmpv3orokvc']
[2022-12-11 20:00:04,551] {standard_task_runner.py:80} INFO - Job 1312: Subtask sum_column_task
[2022-12-11 20:00:05,025] {task_command.py:369} INFO - Running <TaskInstance: first_dag.sum_column_task manual__2022-12-11T19:59:55.921958+00:00 [running]> on host 7e39590a7807
[2022-12-11 20:00:07,447] {taskinstance.py:1571} INFO - Exporting the following env vars:
AIRFLOW_CTX_DAG_OWNER=***
AIRFLOW_CTX_DAG_ID=first_dag
AIRFLOW_CTX_TASK_ID=sum_column_task
AIRFLOW_CTX_EXECUTION_DATE=2022-12-11T19:59:55.921958+00:00
AIRFLOW_CTX_TRY_NUMBER=1
AIRFLOW_CTX_DAG_RUN_ID=manual__2022-12-11T19:59:55.921958+00:00
[2022-12-11 20:00:07,504] {logging_mixin.py:115} INFO - Different sum column is 2
[2022-12-11 20:00:07,505] {python.py:173} INFO - Done. Returned value was: 2
[2022-12-11 20:00:07,583] {taskinstance.py:1400} INFO - Marking task as SUCCESS. dag_id=first_dag, task_id=sum_column_task, execution_date=20221211T195955, start_date=20221211T200004, end_date=20221211T200007
[2022-12-11 20:00:07,634] {local_task_job.py:156} INFO - Task exited with return code 0
[2022-12-11 20:00:07,772] {local_task_job.py:273} INFO - 1 downstream tasks scheduled from follow-on schedule check
