[2022-12-11 15:38:29,866] {taskinstance.py:1159} INFO - Dependencies all met for <TaskInstance: first_dag.generate_two_int_task scheduled__2022-12-11T15:37:00+00:00 [queued]>
[2022-12-11 15:38:29,885] {taskinstance.py:1159} INFO - Dependencies all met for <TaskInstance: first_dag.generate_two_int_task scheduled__2022-12-11T15:37:00+00:00 [queued]>
[2022-12-11 15:38:29,886] {taskinstance.py:1356} INFO - 
--------------------------------------------------------------------------------
[2022-12-11 15:38:29,887] {taskinstance.py:1357} INFO - Starting attempt 1 of 1
[2022-12-11 15:38:29,888] {taskinstance.py:1358} INFO - 
--------------------------------------------------------------------------------
[2022-12-11 15:38:29,915] {taskinstance.py:1377} INFO - Executing <Task(PythonOperator): generate_two_int_task> on 2022-12-11 15:37:00+00:00
[2022-12-11 15:38:29,929] {standard_task_runner.py:52} INFO - Started process 2834 to run task
[2022-12-11 15:38:29,934] {standard_task_runner.py:79} INFO - Running: ['***', 'tasks', 'run', 'first_dag', 'generate_two_int_task', 'scheduled__2022-12-11T15:37:00+00:00', '--job-id', '969', '--raw', '--subdir', 'DAGS_FOLDER/first-dag.py', '--cfg-path', '/tmp/tmpnhekach1', '--error-file', '/tmp/tmppot9hut8']
[2022-12-11 15:38:29,937] {standard_task_runner.py:80} INFO - Job 969: Subtask generate_two_int_task
[2022-12-11 15:38:30,025] {task_command.py:369} INFO - Running <TaskInstance: first_dag.generate_two_int_task scheduled__2022-12-11T15:37:00+00:00 [running]> on host 7e39590a7807
[2022-12-11 15:38:30,141] {taskinstance.py:1571} INFO - Exporting the following env vars:
AIRFLOW_CTX_DAG_OWNER=***
AIRFLOW_CTX_DAG_ID=first_dag
AIRFLOW_CTX_TASK_ID=generate_two_int_task
AIRFLOW_CTX_EXECUTION_DATE=2022-12-11T15:37:00+00:00
AIRFLOW_CTX_TRY_NUMBER=1
AIRFLOW_CTX_DAG_RUN_ID=scheduled__2022-12-11T15:37:00+00:00
[2022-12-11 15:38:30,165] {python.py:173} INFO - Done. Returned value was: None
[2022-12-11 15:38:30,185] {taskinstance.py:1400} INFO - Marking task as SUCCESS. dag_id=first_dag, task_id=generate_two_int_task, execution_date=20221211T153700, start_date=20221211T153829, end_date=20221211T153830
[2022-12-11 15:38:30,247] {local_task_job.py:156} INFO - Task exited with return code 0
[2022-12-11 15:38:30,316] {local_task_job.py:273} INFO - 1 downstream tasks scheduled from follow-on schedule check
