[2022-12-11 15:20:05,185] {taskinstance.py:1159} INFO - Dependencies all met for <TaskInstance: first_dag.sum_column_task scheduled__2022-12-11T15:19:00+00:00 [queued]>
[2022-12-11 15:20:05,201] {taskinstance.py:1159} INFO - Dependencies all met for <TaskInstance: first_dag.sum_column_task scheduled__2022-12-11T15:19:00+00:00 [queued]>
[2022-12-11 15:20:05,202] {taskinstance.py:1356} INFO - 
--------------------------------------------------------------------------------
[2022-12-11 15:20:05,203] {taskinstance.py:1357} INFO - Starting attempt 1 of 1
[2022-12-11 15:20:05,204] {taskinstance.py:1358} INFO - 
--------------------------------------------------------------------------------
[2022-12-11 15:20:05,226] {taskinstance.py:1377} INFO - Executing <Task(PythonOperator): sum_column_task> on 2022-12-11 15:19:00+00:00
[2022-12-11 15:20:05,231] {standard_task_runner.py:52} INFO - Started process 2471 to run task
[2022-12-11 15:20:05,242] {standard_task_runner.py:79} INFO - Running: ['***', 'tasks', 'run', 'first_dag', 'sum_column_task', 'scheduled__2022-12-11T15:19:00+00:00', '--job-id', '875', '--raw', '--subdir', 'DAGS_FOLDER/first-dag.py', '--cfg-path', '/tmp/tmpchis90h1', '--error-file', '/tmp/tmp40wc2jl9']
[2022-12-11 15:20:05,244] {standard_task_runner.py:80} INFO - Job 875: Subtask sum_column_task
[2022-12-11 15:20:05,334] {task_command.py:369} INFO - Running <TaskInstance: first_dag.sum_column_task scheduled__2022-12-11T15:19:00+00:00 [running]> on host 7e39590a7807
[2022-12-11 15:20:05,439] {taskinstance.py:1571} INFO - Exporting the following env vars:
AIRFLOW_CTX_DAG_OWNER=***
AIRFLOW_CTX_DAG_ID=first_dag
AIRFLOW_CTX_TASK_ID=sum_column_task
AIRFLOW_CTX_EXECUTION_DATE=2022-12-11T15:19:00+00:00
AIRFLOW_CTX_TRY_NUMBER=1
AIRFLOW_CTX_DAG_RUN_ID=scheduled__2022-12-11T15:19:00+00:00
[2022-12-11 15:20:05,455] {logging_mixin.py:115} INFO - Different sum column is -2
[2022-12-11 15:20:05,456] {python.py:173} INFO - Done. Returned value was: -2
[2022-12-11 15:20:05,509] {taskinstance.py:1400} INFO - Marking task as SUCCESS. dag_id=first_dag, task_id=sum_column_task, execution_date=20221211T151900, start_date=20221211T152005, end_date=20221211T152005
[2022-12-11 15:20:05,572] {local_task_job.py:156} INFO - Task exited with return code 0
[2022-12-11 15:20:05,629] {local_task_job.py:273} INFO - 1 downstream tasks scheduled from follow-on schedule check
