[2022-12-11 20:19:09,297] {taskinstance.py:1159} INFO - Dependencies all met for <TaskInstance: first_dag.sum_column_task manual__2022-12-11T20:19:01.059537+00:00 [queued]>
[2022-12-11 20:19:09,361] {taskinstance.py:1159} INFO - Dependencies all met for <TaskInstance: first_dag.sum_column_task manual__2022-12-11T20:19:01.059537+00:00 [queued]>
[2022-12-11 20:19:09,366] {taskinstance.py:1356} INFO - 
--------------------------------------------------------------------------------
[2022-12-11 20:19:09,367] {taskinstance.py:1357} INFO - Starting attempt 1 of 1
[2022-12-11 20:19:09,368] {taskinstance.py:1358} INFO - 
--------------------------------------------------------------------------------
[2022-12-11 20:19:09,425] {taskinstance.py:1377} INFO - Executing <Task(PythonOperator): sum_column_task> on 2022-12-11 20:19:01.059537+00:00
[2022-12-11 20:19:09,437] {standard_task_runner.py:52} INFO - Started process 5686 to run task
[2022-12-11 20:19:09,500] {standard_task_runner.py:79} INFO - Running: ['***', 'tasks', 'run', 'first_dag', 'sum_column_task', 'manual__2022-12-11T20:19:01.059537+00:00', '--job-id', '1351', '--raw', '--subdir', 'DAGS_FOLDER/first-dag.py', '--cfg-path', '/tmp/tmp3zj6lzpj', '--error-file', '/tmp/tmp_3r6yf8d']
[2022-12-11 20:19:09,509] {standard_task_runner.py:80} INFO - Job 1351: Subtask sum_column_task
[2022-12-11 20:19:10,995] {task_command.py:369} INFO - Running <TaskInstance: first_dag.sum_column_task manual__2022-12-11T20:19:01.059537+00:00 [running]> on host 7e39590a7807
[2022-12-11 20:19:45,826] {taskinstance.py:1571} INFO - Exporting the following env vars:
AIRFLOW_CTX_DAG_OWNER=***
AIRFLOW_CTX_DAG_ID=first_dag
AIRFLOW_CTX_TASK_ID=sum_column_task
AIRFLOW_CTX_EXECUTION_DATE=2022-12-11T20:19:01.059537+00:00
AIRFLOW_CTX_TRY_NUMBER=1
AIRFLOW_CTX_DAG_RUN_ID=manual__2022-12-11T20:19:01.059537+00:00
[2022-12-11 20:19:46,223] {logging_mixin.py:115} INFO - Different sum column is -10
[2022-12-11 20:19:46,231] {python.py:173} INFO - Done. Returned value was: -10
[2022-12-11 20:19:46,516] {taskinstance.py:1400} INFO - Marking task as SUCCESS. dag_id=first_dag, task_id=sum_column_task, execution_date=20221211T201901, start_date=20221211T201909, end_date=20221211T201946
[2022-12-11 20:19:46,774] {local_task_job.py:156} INFO - Task exited with return code 0
[2022-12-11 20:19:47,005] {local_task_job.py:273} INFO - 1 downstream tasks scheduled from follow-on schedule check
