[2022-12-04 16:40:48,977] {taskinstance.py:1159} INFO - Dependencies all met for <TaskInstance: first_dag.hello_task scheduled__2021-01-01T07:10:00+00:00 [queued]>
[2022-12-04 16:40:49,096] {taskinstance.py:1159} INFO - Dependencies all met for <TaskInstance: first_dag.hello_task scheduled__2021-01-01T07:10:00+00:00 [queued]>
[2022-12-04 16:40:49,109] {taskinstance.py:1356} INFO - 
--------------------------------------------------------------------------------
[2022-12-04 16:40:49,125] {taskinstance.py:1357} INFO - Starting attempt 1 of 1
[2022-12-04 16:40:49,128] {taskinstance.py:1358} INFO - 
--------------------------------------------------------------------------------
[2022-12-04 16:40:49,357] {taskinstance.py:1377} INFO - Executing <Task(BashOperator): hello_task> on 2021-01-01 07:10:00+00:00
[2022-12-04 16:40:49,467] {standard_task_runner.py:52} INFO - Started process 657 to run task
[2022-12-04 16:40:49,526] {standard_task_runner.py:79} INFO - Running: ['***', 'tasks', 'run', 'first_dag', 'hello_task', 'scheduled__2021-01-01T07:10:00+00:00', '--job-id', '65', '--raw', '--subdir', 'DAGS_FOLDER/first-dag.py', '--cfg-path', '/tmp/tmp2gy7uerm', '--error-file', '/tmp/tmpsm4l42ef']
[2022-12-04 16:40:49,532] {standard_task_runner.py:80} INFO - Job 65: Subtask hello_task
[2022-12-04 16:40:50,094] {task_command.py:369} INFO - Running <TaskInstance: first_dag.hello_task scheduled__2021-01-01T07:10:00+00:00 [running]> on host fb90b48d1471
[2022-12-04 16:40:52,635] {taskinstance.py:1571} INFO - Exporting the following env vars:
AIRFLOW_CTX_DAG_OWNER=***
AIRFLOW_CTX_DAG_ID=first_dag
AIRFLOW_CTX_TASK_ID=hello_task
AIRFLOW_CTX_EXECUTION_DATE=2021-01-01T07:10:00+00:00
AIRFLOW_CTX_TRY_NUMBER=1
AIRFLOW_CTX_DAG_RUN_ID=scheduled__2021-01-01T07:10:00+00:00
[2022-12-04 16:40:52,679] {subprocess.py:62} INFO - Tmp dir root location: 
 /tmp
[2022-12-04 16:40:52,727] {subprocess.py:74} INFO - Running command: ['bash', '-c', 'echo hello']
[2022-12-04 16:40:53,222] {subprocess.py:85} INFO - Output:
[2022-12-04 16:40:55,593] {subprocess.py:92} INFO - hello
[2022-12-04 16:40:55,609] {subprocess.py:96} INFO - Command exited with return code 0
[2022-12-04 16:40:56,338] {taskinstance.py:1400} INFO - Marking task as SUCCESS. dag_id=first_dag, task_id=hello_task, execution_date=20210101T071000, start_date=20221204T164049, end_date=20221204T164056
[2022-12-04 16:40:56,608] {local_task_job.py:156} INFO - Task exited with return code 0
[2022-12-04 16:40:57,224] {local_task_job.py:273} INFO - 0 downstream tasks scheduled from follow-on schedule check
