[2022-12-11 19:12:03,985] {taskinstance.py:1159} INFO - Dependencies all met for <TaskInstance: first_dag.generate_two_int_task manual__2022-12-11T19:11:55.541817+00:00 [queued]>
[2022-12-11 19:12:04,001] {taskinstance.py:1159} INFO - Dependencies all met for <TaskInstance: first_dag.generate_two_int_task manual__2022-12-11T19:11:55.541817+00:00 [queued]>
[2022-12-11 19:12:04,002] {taskinstance.py:1356} INFO - 
--------------------------------------------------------------------------------
[2022-12-11 19:12:04,003] {taskinstance.py:1357} INFO - Starting attempt 1 of 1
[2022-12-11 19:12:04,004] {taskinstance.py:1358} INFO - 
--------------------------------------------------------------------------------
[2022-12-11 19:12:04,027] {taskinstance.py:1377} INFO - Executing <Task(PythonOperator): generate_two_int_task> on 2022-12-11 19:11:55.541817+00:00
[2022-12-11 19:12:04,035] {standard_task_runner.py:52} INFO - Started process 4701 to run task
[2022-12-11 19:12:04,044] {standard_task_runner.py:79} INFO - Running: ['***', 'tasks', 'run', 'first_dag', 'generate_two_int_task', 'manual__2022-12-11T19:11:55.541817+00:00', '--job-id', '1240', '--raw', '--subdir', 'DAGS_FOLDER/first-dag.py', '--cfg-path', '/tmp/tmpbsadkb9u', '--error-file', '/tmp/tmpfc3buid1']
[2022-12-11 19:12:04,047] {standard_task_runner.py:80} INFO - Job 1240: Subtask generate_two_int_task
[2022-12-11 19:12:04,136] {task_command.py:369} INFO - Running <TaskInstance: first_dag.generate_two_int_task manual__2022-12-11T19:11:55.541817+00:00 [running]> on host 7e39590a7807
[2022-12-11 19:12:04,294] {taskinstance.py:1571} INFO - Exporting the following env vars:
AIRFLOW_CTX_DAG_OWNER=***
AIRFLOW_CTX_DAG_ID=first_dag
AIRFLOW_CTX_TASK_ID=generate_two_int_task
AIRFLOW_CTX_EXECUTION_DATE=2022-12-11T19:11:55.541817+00:00
AIRFLOW_CTX_TRY_NUMBER=1
AIRFLOW_CTX_DAG_RUN_ID=manual__2022-12-11T19:11:55.541817+00:00
[2022-12-11 19:12:04,312] {python.py:173} INFO - Done. Returned value was: None
[2022-12-11 19:12:04,331] {taskinstance.py:1400} INFO - Marking task as SUCCESS. dag_id=first_dag, task_id=generate_two_int_task, execution_date=20221211T191155, start_date=20221211T191203, end_date=20221211T191204
[2022-12-11 19:12:04,376] {local_task_job.py:156} INFO - Task exited with return code 0
[2022-12-11 19:12:04,442] {local_task_job.py:273} INFO - 1 downstream tasks scheduled from follow-on schedule check
