[2022-12-11 14:37:01,141] {taskinstance.py:1159} INFO - Dependencies all met for <TaskInstance: first_dag.hello_task scheduled__2022-12-11T14:36:00+00:00 [queued]>
[2022-12-11 14:37:01,160] {taskinstance.py:1159} INFO - Dependencies all met for <TaskInstance: first_dag.hello_task scheduled__2022-12-11T14:36:00+00:00 [queued]>
[2022-12-11 14:37:01,162] {taskinstance.py:1356} INFO - 
--------------------------------------------------------------------------------
[2022-12-11 14:37:01,163] {taskinstance.py:1357} INFO - Starting attempt 1 of 1
[2022-12-11 14:37:01,164] {taskinstance.py:1358} INFO - 
--------------------------------------------------------------------------------
[2022-12-11 14:37:01,181] {taskinstance.py:1377} INFO - Executing <Task(BashOperator): hello_task> on 2022-12-11 14:36:00+00:00
[2022-12-11 14:37:01,187] {standard_task_runner.py:52} INFO - Started process 1013 to run task
[2022-12-11 14:37:01,197] {standard_task_runner.py:79} INFO - Running: ['***', 'tasks', 'run', 'first_dag', 'hello_task', 'scheduled__2022-12-11T14:36:00+00:00', '--job-id', '522', '--raw', '--subdir', 'DAGS_FOLDER/first-dag.py', '--cfg-path', '/tmp/tmpfpv1ag7s', '--error-file', '/tmp/tmpjjhn32dr']
[2022-12-11 14:37:01,200] {standard_task_runner.py:80} INFO - Job 522: Subtask hello_task
[2022-12-11 14:37:01,317] {task_command.py:369} INFO - Running <TaskInstance: first_dag.hello_task scheduled__2022-12-11T14:36:00+00:00 [running]> on host 7e39590a7807
[2022-12-11 14:37:01,424] {taskinstance.py:1571} INFO - Exporting the following env vars:
AIRFLOW_CTX_DAG_OWNER=***
AIRFLOW_CTX_DAG_ID=first_dag
AIRFLOW_CTX_TASK_ID=hello_task
AIRFLOW_CTX_EXECUTION_DATE=2022-12-11T14:36:00+00:00
AIRFLOW_CTX_TRY_NUMBER=1
AIRFLOW_CTX_DAG_RUN_ID=scheduled__2022-12-11T14:36:00+00:00
[2022-12-11 14:37:01,427] {subprocess.py:62} INFO - Tmp dir root location: 
 /tmp
[2022-12-11 14:37:01,430] {subprocess.py:74} INFO - Running command: ['bash', '-c', 'echo hello']
[2022-12-11 14:37:01,445] {subprocess.py:85} INFO - Output:
[2022-12-11 14:37:01,448] {subprocess.py:92} INFO - hello
[2022-12-11 14:37:01,450] {subprocess.py:96} INFO - Command exited with return code 0
[2022-12-11 14:37:01,492] {taskinstance.py:1400} INFO - Marking task as SUCCESS. dag_id=first_dag, task_id=hello_task, execution_date=20221211T143600, start_date=20221211T143701, end_date=20221211T143701
[2022-12-11 14:37:01,529] {local_task_job.py:156} INFO - Task exited with return code 0
[2022-12-11 14:37:01,588] {local_task_job.py:273} INFO - 1 downstream tasks scheduled from follow-on schedule check
