[2022-12-11 18:02:20,543] {taskinstance.py:1159} INFO - Dependencies all met for <TaskInstance: first_dag.wait_for_file scheduled__2022-12-11T17:59:00+00:00 [queued]>
[2022-12-11 18:02:20,602] {taskinstance.py:1159} INFO - Dependencies all met for <TaskInstance: first_dag.wait_for_file scheduled__2022-12-11T17:59:00+00:00 [queued]>
[2022-12-11 18:02:20,605] {taskinstance.py:1356} INFO - 
--------------------------------------------------------------------------------
[2022-12-11 18:02:20,606] {taskinstance.py:1357} INFO - Starting attempt 1 of 1
[2022-12-11 18:02:20,608] {taskinstance.py:1358} INFO - 
--------------------------------------------------------------------------------
[2022-12-11 18:02:20,645] {taskinstance.py:1377} INFO - Executing <Task(PythonSensor): wait_for_file> on 2022-12-11 17:59:00+00:00
[2022-12-11 18:02:20,668] {standard_task_runner.py:52} INFO - Started process 4064 to run task
[2022-12-11 18:02:20,677] {standard_task_runner.py:79} INFO - Running: ['***', 'tasks', 'run', 'first_dag', 'wait_for_file', 'scheduled__2022-12-11T17:59:00+00:00', '--job-id', '1153', '--raw', '--subdir', 'DAGS_FOLDER/first-dag.py', '--cfg-path', '/tmp/tmp8ugenrew', '--error-file', '/tmp/tmpz1pnvvws']
[2022-12-11 18:02:20,679] {standard_task_runner.py:80} INFO - Job 1153: Subtask wait_for_file
[2022-12-11 18:02:20,865] {task_command.py:369} INFO - Running <TaskInstance: first_dag.wait_for_file scheduled__2022-12-11T17:59:00+00:00 [running]> on host 7e39590a7807
[2022-12-11 18:02:21,037] {taskinstance.py:1571} INFO - Exporting the following env vars:
AIRFLOW_CTX_DAG_OWNER=***
AIRFLOW_CTX_DAG_ID=first_dag
AIRFLOW_CTX_TASK_ID=wait_for_file
AIRFLOW_CTX_EXECUTION_DATE=2022-12-11T17:59:00+00:00
AIRFLOW_CTX_TRY_NUMBER=1
AIRFLOW_CTX_DAG_RUN_ID=scheduled__2022-12-11T17:59:00+00:00
[2022-12-11 18:02:21,039] {python.py:66} INFO - Poking callable: <function _wait_for_file at 0x7f6cec7a5cb0>
[2022-12-11 18:02:21,078] {logging_mixin.py:115} INFO - _wait_for_file True
[2022-12-11 18:02:21,079] {logging_mixin.py:115} INFO - total attempt 0
[2022-12-11 18:03:21,403] {python.py:66} INFO - Poking callable: <function _wait_for_file at 0x7f6cec7a5cb0>
[2022-12-11 18:03:21,432] {logging_mixin.py:115} INFO - _wait_for_file True
[2022-12-11 18:03:21,434] {logging_mixin.py:115} INFO - total attempt 0
[2022-12-11 18:04:21,429] {python.py:66} INFO - Poking callable: <function _wait_for_file at 0x7f6cec7a5cb0>
[2022-12-11 18:04:21,447] {logging_mixin.py:115} INFO - _wait_for_file True
[2022-12-11 18:04:21,449] {logging_mixin.py:115} INFO - total attempt 0
[2022-12-11 18:05:21,437] {python.py:66} INFO - Poking callable: <function _wait_for_file at 0x7f6cec7a5cb0>
[2022-12-11 18:05:21,456] {logging_mixin.py:115} INFO - _wait_for_file True
[2022-12-11 18:05:21,457] {logging_mixin.py:115} INFO - total attempt 0
[2022-12-11 18:06:21,450] {python.py:66} INFO - Poking callable: <function _wait_for_file at 0x7f6cec7a5cb0>
[2022-12-11 18:06:21,473] {logging_mixin.py:115} INFO - _wait_for_file True
[2022-12-11 18:06:21,481] {logging_mixin.py:115} INFO - total attempt 0
[2022-12-11 18:07:21,461] {python.py:66} INFO - Poking callable: <function _wait_for_file at 0x7f6cec7a5cb0>
[2022-12-11 18:07:21,477] {logging_mixin.py:115} INFO - _wait_for_file True
[2022-12-11 18:07:21,478] {logging_mixin.py:115} INFO - total attempt 0
[2022-12-11 18:08:21,456] {python.py:66} INFO - Poking callable: <function _wait_for_file at 0x7f6cec7a5cb0>
[2022-12-11 18:08:21,478] {logging_mixin.py:115} INFO - _wait_for_file True
[2022-12-11 18:08:21,480] {logging_mixin.py:115} INFO - total attempt 0
[2022-12-11 18:09:21,455] {python.py:66} INFO - Poking callable: <function _wait_for_file at 0x7f6cec7a5cb0>
[2022-12-11 18:09:21,478] {logging_mixin.py:115} INFO - _wait_for_file True
[2022-12-11 18:09:21,480] {logging_mixin.py:115} INFO - total attempt 0
[2022-12-11 18:10:21,457] {python.py:66} INFO - Poking callable: <function _wait_for_file at 0x7f6cec7a5cb0>
[2022-12-11 18:10:21,475] {logging_mixin.py:115} INFO - _wait_for_file True
[2022-12-11 18:10:21,477] {logging_mixin.py:115} INFO - total attempt 0
[2022-12-11 18:11:21,430] {python.py:66} INFO - Poking callable: <function _wait_for_file at 0x7f6cec7a5cb0>
[2022-12-11 18:11:21,453] {logging_mixin.py:115} INFO - _wait_for_file False
[2022-12-11 18:11:21,454] {logging_mixin.py:115} INFO - total attempt 0
[2022-12-11 18:12:21,425] {python.py:66} INFO - Poking callable: <function _wait_for_file at 0x7f6cec7a5cb0>
[2022-12-11 18:12:21,447] {logging_mixin.py:115} INFO - _wait_for_file False
[2022-12-11 18:12:21,449] {logging_mixin.py:115} INFO - total attempt 0
[2022-12-11 18:13:21,437] {python.py:66} INFO - Poking callable: <function _wait_for_file at 0x7f6cec7a5cb0>
[2022-12-11 18:13:21,450] {logging_mixin.py:115} INFO - _wait_for_file False
[2022-12-11 18:13:21,452] {logging_mixin.py:115} INFO - total attempt 0
[2022-12-11 18:14:21,444] {python.py:66} INFO - Poking callable: <function _wait_for_file at 0x7f6cec7a5cb0>
[2022-12-11 18:14:21,466] {logging_mixin.py:115} INFO - _wait_for_file False
[2022-12-11 18:14:21,467] {logging_mixin.py:115} INFO - total attempt 0
[2022-12-11 18:15:21,439] {python.py:66} INFO - Poking callable: <function _wait_for_file at 0x7f6cec7a5cb0>
[2022-12-11 18:15:21,458] {logging_mixin.py:115} INFO - _wait_for_file False
[2022-12-11 18:15:21,459] {logging_mixin.py:115} INFO - total attempt 0
[2022-12-11 18:16:21,454] {python.py:66} INFO - Poking callable: <function _wait_for_file at 0x7f6cec7a5cb0>
[2022-12-11 18:16:21,482] {logging_mixin.py:115} INFO - _wait_for_file True
[2022-12-11 18:16:21,488] {logging_mixin.py:115} INFO - total attempt 0
[2022-12-11 18:17:21,480] {python.py:66} INFO - Poking callable: <function _wait_for_file at 0x7f6cec7a5cb0>
[2022-12-11 18:17:21,506] {logging_mixin.py:115} INFO - _wait_for_file True
[2022-12-11 18:17:21,510] {logging_mixin.py:115} INFO - total attempt 0
[2022-12-11 18:18:21,543] {python.py:66} INFO - Poking callable: <function _wait_for_file at 0x7f6cec7a5cb0>
[2022-12-11 18:18:21,771] {logging_mixin.py:115} INFO - _wait_for_file True
[2022-12-11 18:18:21,774] {logging_mixin.py:115} INFO - total attempt 0
[2022-12-11 18:19:21,771] {python.py:66} INFO - Poking callable: <function _wait_for_file at 0x7f6cec7a5cb0>
[2022-12-11 18:19:22,050] {logging_mixin.py:115} INFO - _wait_for_file True
[2022-12-11 18:19:22,060] {logging_mixin.py:115} INFO - total attempt 0
[2022-12-11 18:20:22,058] {python.py:66} INFO - Poking callable: <function _wait_for_file at 0x7f6cec7a5cb0>
[2022-12-11 18:20:22,188] {logging_mixin.py:115} INFO - _wait_for_file True
[2022-12-11 18:20:22,196] {logging_mixin.py:115} INFO - total attempt 0
[2022-12-11 18:21:22,190] {python.py:66} INFO - Poking callable: <function _wait_for_file at 0x7f6cec7a5cb0>
[2022-12-11 18:21:22,227] {logging_mixin.py:115} INFO - _wait_for_file True
[2022-12-11 18:21:22,229] {logging_mixin.py:115} INFO - total attempt 0
[2022-12-11 18:22:22,185] {python.py:66} INFO - Poking callable: <function _wait_for_file at 0x7f6cec7a5cb0>
[2022-12-11 18:22:22,223] {logging_mixin.py:115} INFO - _wait_for_file True
[2022-12-11 18:22:22,225] {logging_mixin.py:115} INFO - total attempt 0
[2022-12-11 18:23:22,220] {python.py:66} INFO - Poking callable: <function _wait_for_file at 0x7f6cec7a5cb0>
[2022-12-11 18:23:22,242] {logging_mixin.py:115} INFO - _wait_for_file True
[2022-12-11 18:23:22,244] {logging_mixin.py:115} INFO - total attempt 0
[2022-12-11 18:24:22,237] {python.py:66} INFO - Poking callable: <function _wait_for_file at 0x7f6cec7a5cb0>
[2022-12-11 18:24:22,263] {logging_mixin.py:115} INFO - _wait_for_file True
[2022-12-11 18:24:22,264] {logging_mixin.py:115} INFO - total attempt 0
[2022-12-11 18:25:22,211] {python.py:66} INFO - Poking callable: <function _wait_for_file at 0x7f6cec7a5cb0>
[2022-12-11 18:25:22,244] {logging_mixin.py:115} INFO - _wait_for_file True
[2022-12-11 18:25:22,245] {logging_mixin.py:115} INFO - total attempt 0
[2022-12-11 18:27:06,551] {python.py:66} INFO - Poking callable: <function _wait_for_file at 0x7f6cec7a5cb0>
[2022-12-11 18:27:06,572] {logging_mixin.py:115} INFO - _wait_for_file True
[2022-12-11 18:27:06,573] {logging_mixin.py:115} INFO - total attempt 0
[2022-12-11 18:32:48,263] {python.py:66} INFO - Poking callable: <function _wait_for_file at 0x7f6cec7a5cb0>
[2022-12-11 18:32:49,769] {logging_mixin.py:115} INFO - _wait_for_file True
[2022-12-11 18:32:49,843] {logging_mixin.py:115} INFO - total attempt 0
[2022-12-11 18:59:34,116] {local_task_job.py:221} WARNING - State of this instance has been externally set to failed. Terminating instance.
[2022-12-11 18:59:34,155] {process_utils.py:129} INFO - Sending Signals.SIGTERM to group 4064. PIDs of all processes in the group: [4064]
[2022-12-11 18:59:34,159] {process_utils.py:80} INFO - Sending the signal Signals.SIGTERM to group 4064
[2022-12-11 18:59:34,199] {taskinstance.py:1541} ERROR - Received SIGTERM. Terminating subprocesses.
[2022-12-11 18:59:35,973] {process_utils.py:75} INFO - Process psutil.Process(pid=4064, status='terminated', exitcode=0, started='18:02:19') (4064) terminated with exit code 0
