[2022-12-11 19:44:54,294] {taskinstance.py:1159} INFO - Dependencies all met for <TaskInstance: first_dag.create_pet_table manual__2022-12-11T19:44:23.130597+00:00 [queued]>
[2022-12-11 19:44:54,313] {taskinstance.py:1159} INFO - Dependencies all met for <TaskInstance: first_dag.create_pet_table manual__2022-12-11T19:44:23.130597+00:00 [queued]>
[2022-12-11 19:44:54,315] {taskinstance.py:1356} INFO - 
--------------------------------------------------------------------------------
[2022-12-11 19:44:54,316] {taskinstance.py:1357} INFO - Starting attempt 1 of 1
[2022-12-11 19:44:54,317] {taskinstance.py:1358} INFO - 
--------------------------------------------------------------------------------
[2022-12-11 19:44:54,344] {taskinstance.py:1377} INFO - Executing <Task(PostgresOperator): create_pet_table> on 2022-12-11 19:44:23.130597+00:00
[2022-12-11 19:44:54,354] {standard_task_runner.py:52} INFO - Started process 5159 to run task
[2022-12-11 19:44:54,372] {standard_task_runner.py:79} INFO - Running: ['***', 'tasks', 'run', 'first_dag', 'create_pet_table', 'manual__2022-12-11T19:44:23.130597+00:00', '--job-id', '1289', '--raw', '--subdir', 'DAGS_FOLDER/first-dag.py', '--cfg-path', '/tmp/tmp2jdka9jl', '--error-file', '/tmp/tmps_m0nq74']
[2022-12-11 19:44:54,375] {standard_task_runner.py:80} INFO - Job 1289: Subtask create_pet_table
[2022-12-11 19:44:54,500] {task_command.py:369} INFO - Running <TaskInstance: first_dag.create_pet_table manual__2022-12-11T19:44:23.130597+00:00 [running]> on host 7e39590a7807
[2022-12-11 19:44:54,726] {taskinstance.py:1571} INFO - Exporting the following env vars:
AIRFLOW_CTX_DAG_OWNER=***
AIRFLOW_CTX_DAG_ID=first_dag
AIRFLOW_CTX_TASK_ID=create_pet_table
AIRFLOW_CTX_EXECUTION_DATE=2022-12-11T19:44:23.130597+00:00
AIRFLOW_CTX_TRY_NUMBER=1
AIRFLOW_CTX_DAG_RUN_ID=manual__2022-12-11T19:44:23.130597+00:00
[2022-12-11 19:44:54,773] {base.py:68} INFO - Using connection ID 'db' for task execution.
[2022-12-11 19:44:54,794] {dbapi.py:208} INFO - Running statement: 
                CREATE TABLE IF NOT EXISTS pet (
                pet_id SERIAL PRIMARY KEY,
                name VARCHAR NOT NULL,
                pet_type VARCHAR NOT NULL,
                birth_date DATE NOT NULL,
                OWNER VARCHAR NOT NULL);
              , parameters: None
[2022-12-11 19:44:54,799] {postgres.py:94} INFO - NOTICE:  relation "pet" already exists, skipping

[2022-12-11 19:44:54,853] {taskinstance.py:1400} INFO - Marking task as SUCCESS. dag_id=first_dag, task_id=create_pet_table, execution_date=20221211T194423, start_date=20221211T194454, end_date=20221211T194454
[2022-12-11 19:44:54,917] {local_task_job.py:156} INFO - Task exited with return code 0
[2022-12-11 19:44:55,048] {local_task_job.py:273} INFO - 0 downstream tasks scheduled from follow-on schedule check
