[2022-12-04 18:32:51,632] {taskinstance.py:1159} INFO - Dependencies all met for <TaskInstance: first_dag.world manual__2022-12-04T18:32:49.286427+00:00 [queued]>
[2022-12-04 18:32:51,736] {taskinstance.py:1159} INFO - Dependencies all met for <TaskInstance: first_dag.world manual__2022-12-04T18:32:49.286427+00:00 [queued]>
[2022-12-04 18:32:51,738] {taskinstance.py:1356} INFO - 
--------------------------------------------------------------------------------
[2022-12-04 18:32:51,742] {taskinstance.py:1357} INFO - Starting attempt 1 of 1
[2022-12-04 18:32:51,746] {taskinstance.py:1358} INFO - 
--------------------------------------------------------------------------------
[2022-12-04 18:32:51,805] {taskinstance.py:1377} INFO - Executing <Task(PythonOperator): world> on 2022-12-04 18:32:49.286427+00:00
[2022-12-04 18:32:51,813] {standard_task_runner.py:52} INFO - Started process 1930 to run task
[2022-12-04 18:32:51,834] {standard_task_runner.py:79} INFO - Running: ['***', 'tasks', 'run', 'first_dag', 'world', 'manual__2022-12-04T18:32:49.286427+00:00', '--job-id', '211', '--raw', '--subdir', 'DAGS_FOLDER/first-dag.py', '--cfg-path', '/tmp/tmpwczxm7m2', '--error-file', '/tmp/tmp0ye19e69']
[2022-12-04 18:32:51,837] {standard_task_runner.py:80} INFO - Job 211: Subtask world
[2022-12-04 18:32:51,954] {task_command.py:369} INFO - Running <TaskInstance: first_dag.world manual__2022-12-04T18:32:49.286427+00:00 [running]> on host fb90b48d1471
[2022-12-04 18:32:52,101] {taskinstance.py:1571} INFO - Exporting the following env vars:
AIRFLOW_CTX_DAG_OWNER=***
AIRFLOW_CTX_DAG_ID=first_dag
AIRFLOW_CTX_TASK_ID=world
AIRFLOW_CTX_EXECUTION_DATE=2022-12-04T18:32:49.286427+00:00
AIRFLOW_CTX_TRY_NUMBER=1
AIRFLOW_CTX_DAG_RUN_ID=manual__2022-12-04T18:32:49.286427+00:00
[2022-12-04 18:32:52,103] {logging_mixin.py:115} INFO - Airflow
[2022-12-04 18:32:52,104] {python.py:173} INFO - Done. Returned value was: None
[2022-12-04 18:32:52,138] {taskinstance.py:1400} INFO - Marking task as SUCCESS. dag_id=first_dag, task_id=world, execution_date=20221204T183249, start_date=20221204T183251, end_date=20221204T183252
[2022-12-04 18:32:52,208] {local_task_job.py:156} INFO - Task exited with return code 0
[2022-12-04 18:32:52,320] {local_task_job.py:273} INFO - 1 downstream tasks scheduled from follow-on schedule check
