[2022-12-11 16:52:20,949] {taskinstance.py:1159} INFO - Dependencies all met for <TaskInstance: first_dag.sum_column_task manual__2022-12-11T16:52:15.705952+00:00 [queued]>
[2022-12-11 16:52:20,967] {taskinstance.py:1159} INFO - Dependencies all met for <TaskInstance: first_dag.sum_column_task manual__2022-12-11T16:52:15.705952+00:00 [queued]>
[2022-12-11 16:52:20,969] {taskinstance.py:1356} INFO - 
--------------------------------------------------------------------------------
[2022-12-11 16:52:20,970] {taskinstance.py:1357} INFO - Starting attempt 1 of 1
[2022-12-11 16:52:20,971] {taskinstance.py:1358} INFO - 
--------------------------------------------------------------------------------
[2022-12-11 16:52:20,991] {taskinstance.py:1377} INFO - Executing <Task(PythonOperator): sum_column_task> on 2022-12-11 16:52:15.705952+00:00
[2022-12-11 16:52:21,000] {standard_task_runner.py:52} INFO - Started process 3470 to run task
[2022-12-11 16:52:21,009] {standard_task_runner.py:79} INFO - Running: ['***', 'tasks', 'run', 'first_dag', 'sum_column_task', 'manual__2022-12-11T16:52:15.705952+00:00', '--job-id', '1037', '--raw', '--subdir', 'DAGS_FOLDER/first-dag.py', '--cfg-path', '/tmp/tmp51768ssh', '--error-file', '/tmp/tmp7ex6qr2o']
[2022-12-11 16:52:21,012] {standard_task_runner.py:80} INFO - Job 1037: Subtask sum_column_task
[2022-12-11 16:52:21,105] {task_command.py:369} INFO - Running <TaskInstance: first_dag.sum_column_task manual__2022-12-11T16:52:15.705952+00:00 [running]> on host 7e39590a7807
[2022-12-11 16:52:21,211] {taskinstance.py:1571} INFO - Exporting the following env vars:
AIRFLOW_CTX_DAG_OWNER=***
AIRFLOW_CTX_DAG_ID=first_dag
AIRFLOW_CTX_TASK_ID=sum_column_task
AIRFLOW_CTX_EXECUTION_DATE=2022-12-11T16:52:15.705952+00:00
AIRFLOW_CTX_TRY_NUMBER=1
AIRFLOW_CTX_DAG_RUN_ID=manual__2022-12-11T16:52:15.705952+00:00
[2022-12-11 16:52:21,230] {logging_mixin.py:115} INFO - Different sum column is 15
[2022-12-11 16:52:21,231] {python.py:173} INFO - Done. Returned value was: 15
[2022-12-11 16:52:21,272] {taskinstance.py:1400} INFO - Marking task as SUCCESS. dag_id=first_dag, task_id=sum_column_task, execution_date=20221211T165215, start_date=20221211T165220, end_date=20221211T165221
[2022-12-11 16:52:21,300] {local_task_job.py:156} INFO - Task exited with return code 0
[2022-12-11 16:52:21,373] {local_task_job.py:273} INFO - 1 downstream tasks scheduled from follow-on schedule check
