[2022-12-11 15:09:54,073] {taskinstance.py:1159} INFO - Dependencies all met for <TaskInstance: first_dag.sum_column_task manual__2022-12-11T15:09:49.498431+00:00 [queued]>
[2022-12-11 15:09:54,091] {taskinstance.py:1159} INFO - Dependencies all met for <TaskInstance: first_dag.sum_column_task manual__2022-12-11T15:09:49.498431+00:00 [queued]>
[2022-12-11 15:09:54,092] {taskinstance.py:1356} INFO - 
--------------------------------------------------------------------------------
[2022-12-11 15:09:54,093] {taskinstance.py:1357} INFO - Starting attempt 1 of 1
[2022-12-11 15:09:54,095] {taskinstance.py:1358} INFO - 
--------------------------------------------------------------------------------
[2022-12-11 15:09:54,121] {taskinstance.py:1377} INFO - Executing <Task(PythonOperator): sum_column_task> on 2022-12-11 15:09:49.498431+00:00
[2022-12-11 15:09:54,130] {standard_task_runner.py:52} INFO - Started process 1997 to run task
[2022-12-11 15:09:54,140] {standard_task_runner.py:79} INFO - Running: ['***', 'tasks', 'run', 'first_dag', 'sum_column_task', 'manual__2022-12-11T15:09:49.498431+00:00', '--job-id', '740', '--raw', '--subdir', 'DAGS_FOLDER/first-dag.py', '--cfg-path', '/tmp/tmpeaxt5rp3', '--error-file', '/tmp/tmpgwsfh0v1']
[2022-12-11 15:09:54,142] {standard_task_runner.py:80} INFO - Job 740: Subtask sum_column_task
[2022-12-11 15:09:54,228] {task_command.py:369} INFO - Running <TaskInstance: first_dag.sum_column_task manual__2022-12-11T15:09:49.498431+00:00 [running]> on host 7e39590a7807
[2022-12-11 15:09:54,327] {taskinstance.py:1571} INFO - Exporting the following env vars:
AIRFLOW_CTX_DAG_OWNER=***
AIRFLOW_CTX_DAG_ID=first_dag
AIRFLOW_CTX_TASK_ID=sum_column_task
AIRFLOW_CTX_EXECUTION_DATE=2022-12-11T15:09:49.498431+00:00
AIRFLOW_CTX_TRY_NUMBER=1
AIRFLOW_CTX_DAG_RUN_ID=manual__2022-12-11T15:09:49.498431+00:00
[2022-12-11 15:09:54,344] {logging_mixin.py:115} INFO - Different sum column is -12
[2022-12-11 15:09:54,345] {python.py:173} INFO - Done. Returned value was: -12
[2022-12-11 15:09:54,384] {taskinstance.py:1400} INFO - Marking task as SUCCESS. dag_id=first_dag, task_id=sum_column_task, execution_date=20221211T150949, start_date=20221211T150954, end_date=20221211T150954
[2022-12-11 15:09:54,430] {local_task_job.py:156} INFO - Task exited with return code 0
[2022-12-11 15:09:54,485] {local_task_job.py:273} INFO - 1 downstream tasks scheduled from follow-on schedule check
