[2022-12-11 20:20:13,087] {taskinstance.py:1159} INFO - Dependencies all met for <TaskInstance: first_dag.branch_operator manual__2022-12-11T20:18:58.394555+00:00 [queued]>
[2022-12-11 20:20:13,109] {taskinstance.py:1159} INFO - Dependencies all met for <TaskInstance: first_dag.branch_operator manual__2022-12-11T20:18:58.394555+00:00 [queued]>
[2022-12-11 20:20:13,110] {taskinstance.py:1356} INFO - 
--------------------------------------------------------------------------------
[2022-12-11 20:20:13,112] {taskinstance.py:1357} INFO - Starting attempt 1 of 1
[2022-12-11 20:20:13,113] {taskinstance.py:1358} INFO - 
--------------------------------------------------------------------------------
[2022-12-11 20:20:13,131] {taskinstance.py:1377} INFO - Executing <Task(BranchPythonOperator): branch_operator> on 2022-12-11 20:18:58.394555+00:00
[2022-12-11 20:20:13,140] {standard_task_runner.py:52} INFO - Started process 5745 to run task
[2022-12-11 20:20:13,149] {standard_task_runner.py:79} INFO - Running: ['***', 'tasks', 'run', 'first_dag', 'branch_operator', 'manual__2022-12-11T20:18:58.394555+00:00', '--job-id', '1377', '--raw', '--subdir', 'DAGS_FOLDER/first-dag.py', '--cfg-path', '/tmp/tmp5tdma1p7', '--error-file', '/tmp/tmp6c72p6c1']
[2022-12-11 20:20:13,152] {standard_task_runner.py:80} INFO - Job 1377: Subtask branch_operator
[2022-12-11 20:20:13,236] {task_command.py:369} INFO - Running <TaskInstance: first_dag.branch_operator manual__2022-12-11T20:18:58.394555+00:00 [running]> on host 7e39590a7807
[2022-12-11 20:20:13,338] {taskinstance.py:1571} INFO - Exporting the following env vars:
AIRFLOW_CTX_DAG_OWNER=***
AIRFLOW_CTX_DAG_ID=first_dag
AIRFLOW_CTX_TASK_ID=branch_operator
AIRFLOW_CTX_EXECUTION_DATE=2022-12-11T20:18:58.394555+00:00
AIRFLOW_CTX_TRY_NUMBER=1
AIRFLOW_CTX_DAG_RUN_ID=manual__2022-12-11T20:18:58.394555+00:00
[2022-12-11 20:20:13,361] {python.py:173} INFO - Done. Returned value was: create_task_table
[2022-12-11 20:20:13,363] {skipmixin.py:140} INFO - Following branch create_task_table
[2022-12-11 20:20:13,365] {skipmixin.py:175} INFO - Skipping tasks ['bash_error']
[2022-12-11 20:20:13,434] {taskinstance.py:1400} INFO - Marking task as SUCCESS. dag_id=first_dag, task_id=branch_operator, execution_date=20221211T201858, start_date=20221211T202013, end_date=20221211T202013
[2022-12-11 20:20:13,479] {local_task_job.py:156} INFO - Task exited with return code 0
[2022-12-11 20:20:13,537] {local_task_job.py:273} INFO - 1 downstream tasks scheduled from follow-on schedule check
