[2022-12-12 05:28:58,004] {taskinstance.py:1159} INFO - Dependencies all met for <TaskInstance: first_dag.branch_operator manual__2022-12-12T05:27:34.840137+00:00 [queued]>
[2022-12-12 05:28:58,022] {taskinstance.py:1159} INFO - Dependencies all met for <TaskInstance: first_dag.branch_operator manual__2022-12-12T05:27:34.840137+00:00 [queued]>
[2022-12-12 05:28:58,023] {taskinstance.py:1356} INFO - 
--------------------------------------------------------------------------------
[2022-12-12 05:28:58,024] {taskinstance.py:1357} INFO - Starting attempt 1 of 1
[2022-12-12 05:28:58,025] {taskinstance.py:1358} INFO - 
--------------------------------------------------------------------------------
[2022-12-12 05:28:58,049] {taskinstance.py:1377} INFO - Executing <Task(BranchPythonOperator): branch_operator> on 2022-12-12 05:27:34.840137+00:00
[2022-12-12 05:28:58,058] {standard_task_runner.py:52} INFO - Started process 7942 to run task
[2022-12-12 05:28:58,067] {standard_task_runner.py:79} INFO - Running: ['***', 'tasks', 'run', 'first_dag', 'branch_operator', 'manual__2022-12-12T05:27:34.840137+00:00', '--job-id', '1708', '--raw', '--subdir', 'DAGS_FOLDER/first-dag.py', '--cfg-path', '/tmp/tmpsigwob6d', '--error-file', '/tmp/tmphnjaq5z4']
[2022-12-12 05:28:58,070] {standard_task_runner.py:80} INFO - Job 1708: Subtask branch_operator
[2022-12-12 05:28:58,146] {task_command.py:369} INFO - Running <TaskInstance: first_dag.branch_operator manual__2022-12-12T05:27:34.840137+00:00 [running]> on host 7e39590a7807
[2022-12-12 05:28:58,240] {taskinstance.py:1571} INFO - Exporting the following env vars:
AIRFLOW_CTX_DAG_OWNER=***
AIRFLOW_CTX_DAG_ID=first_dag
AIRFLOW_CTX_TASK_ID=branch_operator
AIRFLOW_CTX_EXECUTION_DATE=2022-12-12T05:27:34.840137+00:00
AIRFLOW_CTX_TRY_NUMBER=1
AIRFLOW_CTX_DAG_RUN_ID=manual__2022-12-12T05:27:34.840137+00:00
[2022-12-12 05:28:58,256] {python.py:173} INFO - Done. Returned value was: create_task_table
[2022-12-12 05:28:58,258] {skipmixin.py:140} INFO - Following branch create_task_table
[2022-12-12 05:28:58,259] {skipmixin.py:175} INFO - Skipping tasks ['bash_error']
[2022-12-12 05:28:58,325] {taskinstance.py:1400} INFO - Marking task as SUCCESS. dag_id=first_dag, task_id=branch_operator, execution_date=20221212T052734, start_date=20221212T052858, end_date=20221212T052858
[2022-12-12 05:28:58,358] {local_task_job.py:156} INFO - Task exited with return code 0
[2022-12-12 05:28:58,419] {local_task_job.py:273} INFO - 1 downstream tasks scheduled from follow-on schedule check
