[2022-12-12 05:26:25,419] {taskinstance.py:1159} INFO - Dependencies all met for <TaskInstance: first_dag.branch_operator manual__2022-12-12T05:25:23.498395+00:00 [queued]>
[2022-12-12 05:26:25,453] {taskinstance.py:1159} INFO - Dependencies all met for <TaskInstance: first_dag.branch_operator manual__2022-12-12T05:25:23.498395+00:00 [queued]>
[2022-12-12 05:26:25,454] {taskinstance.py:1356} INFO - 
--------------------------------------------------------------------------------
[2022-12-12 05:26:25,456] {taskinstance.py:1357} INFO - Starting attempt 1 of 1
[2022-12-12 05:26:25,459] {taskinstance.py:1358} INFO - 
--------------------------------------------------------------------------------
[2022-12-12 05:26:25,508] {taskinstance.py:1377} INFO - Executing <Task(BranchPythonOperator): branch_operator> on 2022-12-12 05:25:23.498395+00:00
[2022-12-12 05:26:25,517] {standard_task_runner.py:52} INFO - Started process 7807 to run task
[2022-12-12 05:26:25,570] {standard_task_runner.py:79} INFO - Running: ['***', 'tasks', 'run', 'first_dag', 'branch_operator', 'manual__2022-12-12T05:25:23.498395+00:00', '--job-id', '1656', '--raw', '--subdir', 'DAGS_FOLDER/first-dag.py', '--cfg-path', '/tmp/tmpte5ojlu3', '--error-file', '/tmp/tmprw0vbn_7']
[2022-12-12 05:26:25,579] {standard_task_runner.py:80} INFO - Job 1656: Subtask branch_operator
[2022-12-12 05:26:25,814] {task_command.py:369} INFO - Running <TaskInstance: first_dag.branch_operator manual__2022-12-12T05:25:23.498395+00:00 [running]> on host 7e39590a7807
[2022-12-12 05:26:26,016] {taskinstance.py:1571} INFO - Exporting the following env vars:
AIRFLOW_CTX_DAG_OWNER=***
AIRFLOW_CTX_DAG_ID=first_dag
AIRFLOW_CTX_TASK_ID=branch_operator
AIRFLOW_CTX_EXECUTION_DATE=2022-12-12T05:25:23.498395+00:00
AIRFLOW_CTX_TRY_NUMBER=1
AIRFLOW_CTX_DAG_RUN_ID=manual__2022-12-12T05:25:23.498395+00:00
[2022-12-12 05:26:26,088] {python.py:173} INFO - Done. Returned value was: create_task_table
[2022-12-12 05:26:26,090] {skipmixin.py:140} INFO - Following branch create_task_table
[2022-12-12 05:26:26,092] {skipmixin.py:175} INFO - Skipping tasks ['bash_error']
[2022-12-12 05:26:26,315] {taskinstance.py:1400} INFO - Marking task as SUCCESS. dag_id=first_dag, task_id=branch_operator, execution_date=20221212T052523, start_date=20221212T052625, end_date=20221212T052626
[2022-12-12 05:26:26,375] {local_task_job.py:156} INFO - Task exited with return code 0
[2022-12-12 05:26:26,446] {local_task_job.py:273} INFO - 0 downstream tasks scheduled from follow-on schedule check
