[2022-12-11 14:42:58,986] {taskinstance.py:1159} INFO - Dependencies all met for <TaskInstance: first_dag.world manual__2022-12-11T14:42:55.670823+00:00 [queued]>
[2022-12-11 14:42:58,998] {taskinstance.py:1159} INFO - Dependencies all met for <TaskInstance: first_dag.world manual__2022-12-11T14:42:55.670823+00:00 [queued]>
[2022-12-11 14:42:58,999] {taskinstance.py:1356} INFO - 
--------------------------------------------------------------------------------
[2022-12-11 14:42:59,001] {taskinstance.py:1357} INFO - Starting attempt 1 of 1
[2022-12-11 14:42:59,002] {taskinstance.py:1358} INFO - 
--------------------------------------------------------------------------------
[2022-12-11 14:42:59,035] {taskinstance.py:1377} INFO - Executing <Task(PythonOperator): world> on 2022-12-11 14:42:55.670823+00:00
[2022-12-11 14:42:59,060] {standard_task_runner.py:52} INFO - Started process 1281 to run task
[2022-12-11 14:42:59,074] {standard_task_runner.py:79} INFO - Running: ['***', 'tasks', 'run', 'first_dag', 'world', 'manual__2022-12-11T14:42:55.670823+00:00', '--job-id', '597', '--raw', '--subdir', 'DAGS_FOLDER/first-dag.py', '--cfg-path', '/tmp/tmpwpn0082e', '--error-file', '/tmp/tmpfbuql2pz']
[2022-12-11 14:42:59,077] {standard_task_runner.py:80} INFO - Job 597: Subtask world
[2022-12-11 14:42:59,183] {task_command.py:369} INFO - Running <TaskInstance: first_dag.world manual__2022-12-11T14:42:55.670823+00:00 [running]> on host 7e39590a7807
[2022-12-11 14:42:59,285] {taskinstance.py:1571} INFO - Exporting the following env vars:
AIRFLOW_CTX_DAG_OWNER=***
AIRFLOW_CTX_DAG_ID=first_dag
AIRFLOW_CTX_TASK_ID=world
AIRFLOW_CTX_EXECUTION_DATE=2022-12-11T14:42:55.670823+00:00
AIRFLOW_CTX_TRY_NUMBER=1
AIRFLOW_CTX_DAG_RUN_ID=manual__2022-12-11T14:42:55.670823+00:00
[2022-12-11 14:42:59,292] {logging_mixin.py:115} INFO - Airflow
[2022-12-11 14:42:59,293] {python.py:173} INFO - Done. Returned value was: None
[2022-12-11 14:42:59,315] {taskinstance.py:1400} INFO - Marking task as SUCCESS. dag_id=first_dag, task_id=world, execution_date=20221211T144255, start_date=20221211T144258, end_date=20221211T144259
[2022-12-11 14:42:59,368] {local_task_job.py:156} INFO - Task exited with return code 0
[2022-12-11 14:42:59,494] {local_task_job.py:273} INFO - 1 downstream tasks scheduled from follow-on schedule check
