[2022-12-04 18:32:46,595] {taskinstance.py:1159} INFO - Dependencies all met for <TaskInstance: first_dag.world manual__2022-12-04T18:32:43.759777+00:00 [queued]>
[2022-12-04 18:32:46,609] {taskinstance.py:1159} INFO - Dependencies all met for <TaskInstance: first_dag.world manual__2022-12-04T18:32:43.759777+00:00 [queued]>
[2022-12-04 18:32:46,610] {taskinstance.py:1356} INFO - 
--------------------------------------------------------------------------------
[2022-12-04 18:32:46,611] {taskinstance.py:1357} INFO - Starting attempt 1 of 1
[2022-12-04 18:32:46,612] {taskinstance.py:1358} INFO - 
--------------------------------------------------------------------------------
[2022-12-04 18:32:46,630] {taskinstance.py:1377} INFO - Executing <Task(PythonOperator): world> on 2022-12-04 18:32:43.759777+00:00
[2022-12-04 18:32:46,636] {standard_task_runner.py:52} INFO - Started process 1923 to run task
[2022-12-04 18:32:46,645] {standard_task_runner.py:79} INFO - Running: ['***', 'tasks', 'run', 'first_dag', 'world', 'manual__2022-12-04T18:32:43.759777+00:00', '--job-id', '208', '--raw', '--subdir', 'DAGS_FOLDER/first-dag.py', '--cfg-path', '/tmp/tmp1gc4h2kn', '--error-file', '/tmp/tmpnc7pf1wu']
[2022-12-04 18:32:46,650] {standard_task_runner.py:80} INFO - Job 208: Subtask world
[2022-12-04 18:32:46,735] {task_command.py:369} INFO - Running <TaskInstance: first_dag.world manual__2022-12-04T18:32:43.759777+00:00 [running]> on host fb90b48d1471
[2022-12-04 18:32:46,841] {taskinstance.py:1571} INFO - Exporting the following env vars:
AIRFLOW_CTX_DAG_OWNER=***
AIRFLOW_CTX_DAG_ID=first_dag
AIRFLOW_CTX_TASK_ID=world
AIRFLOW_CTX_EXECUTION_DATE=2022-12-04T18:32:43.759777+00:00
AIRFLOW_CTX_TRY_NUMBER=1
AIRFLOW_CTX_DAG_RUN_ID=manual__2022-12-04T18:32:43.759777+00:00
[2022-12-04 18:32:46,843] {logging_mixin.py:115} INFO - Airflow
[2022-12-04 18:32:46,844] {python.py:173} INFO - Done. Returned value was: None
[2022-12-04 18:32:46,864] {taskinstance.py:1400} INFO - Marking task as SUCCESS. dag_id=first_dag, task_id=world, execution_date=20221204T183243, start_date=20221204T183246, end_date=20221204T183246
[2022-12-04 18:32:46,899] {local_task_job.py:156} INFO - Task exited with return code 0
[2022-12-04 18:32:46,953] {local_task_job.py:273} INFO - 1 downstream tasks scheduled from follow-on schedule check
