[2022-12-11 16:52:33,781] {taskinstance.py:1159} INFO - Dependencies all met for <TaskInstance: first_dag.write_diff_task manual__2022-12-11T16:52:27.198227+00:00 [queued]>
[2022-12-11 16:52:33,797] {taskinstance.py:1159} INFO - Dependencies all met for <TaskInstance: first_dag.write_diff_task manual__2022-12-11T16:52:27.198227+00:00 [queued]>
[2022-12-11 16:52:33,798] {taskinstance.py:1356} INFO - 
--------------------------------------------------------------------------------
[2022-12-11 16:52:33,799] {taskinstance.py:1357} INFO - Starting attempt 1 of 1
[2022-12-11 16:52:33,801] {taskinstance.py:1358} INFO - 
--------------------------------------------------------------------------------
[2022-12-11 16:52:33,822] {taskinstance.py:1377} INFO - Executing <Task(PythonOperator): write_diff_task> on 2022-12-11 16:52:27.198227+00:00
[2022-12-11 16:52:33,830] {standard_task_runner.py:52} INFO - Started process 3485 to run task
[2022-12-11 16:52:33,840] {standard_task_runner.py:79} INFO - Running: ['***', 'tasks', 'run', 'first_dag', 'write_diff_task', 'manual__2022-12-11T16:52:27.198227+00:00', '--job-id', '1044', '--raw', '--subdir', 'DAGS_FOLDER/first-dag.py', '--cfg-path', '/tmp/tmpvv4ls12s', '--error-file', '/tmp/tmpzfpekrpl']
[2022-12-11 16:52:33,842] {standard_task_runner.py:80} INFO - Job 1044: Subtask write_diff_task
[2022-12-11 16:52:33,933] {task_command.py:369} INFO - Running <TaskInstance: first_dag.write_diff_task manual__2022-12-11T16:52:27.198227+00:00 [running]> on host 7e39590a7807
[2022-12-11 16:52:34,054] {taskinstance.py:1571} INFO - Exporting the following env vars:
AIRFLOW_CTX_DAG_OWNER=***
AIRFLOW_CTX_DAG_ID=first_dag
AIRFLOW_CTX_TASK_ID=write_diff_task
AIRFLOW_CTX_EXECUTION_DATE=2022-12-11T16:52:27.198227+00:00
AIRFLOW_CTX_TRY_NUMBER=1
AIRFLOW_CTX_DAG_RUN_ID=manual__2022-12-11T16:52:27.198227+00:00
[2022-12-11 16:52:34,113] {python.py:173} INFO - Done. Returned value was: None
[2022-12-11 16:52:34,134] {taskinstance.py:1400} INFO - Marking task as SUCCESS. dag_id=first_dag, task_id=write_diff_task, execution_date=20221211T165227, start_date=20221211T165233, end_date=20221211T165234
[2022-12-11 16:52:34,175] {local_task_job.py:156} INFO - Task exited with return code 0
[2022-12-11 16:52:34,234] {local_task_job.py:273} INFO - 1 downstream tasks scheduled from follow-on schedule check
