[2022-12-11 20:29:31,880] {taskinstance.py:1159} INFO - Dependencies all met for <TaskInstance: first_dag.sum_column_task manual__2022-12-11T20:29:06.364170+00:00 [queued]>
[2022-12-11 20:29:31,937] {taskinstance.py:1159} INFO - Dependencies all met for <TaskInstance: first_dag.sum_column_task manual__2022-12-11T20:29:06.364170+00:00 [queued]>
[2022-12-11 20:29:31,938] {taskinstance.py:1356} INFO - 
--------------------------------------------------------------------------------
[2022-12-11 20:29:31,939] {taskinstance.py:1357} INFO - Starting attempt 1 of 1
[2022-12-11 20:29:31,940] {taskinstance.py:1358} INFO - 
--------------------------------------------------------------------------------
[2022-12-11 20:29:32,037] {taskinstance.py:1377} INFO - Executing <Task(PythonOperator): sum_column_task> on 2022-12-11 20:29:06.364170+00:00
[2022-12-11 20:29:32,063] {standard_task_runner.py:52} INFO - Started process 6009 to run task
[2022-12-11 20:29:32,119] {standard_task_runner.py:79} INFO - Running: ['***', 'tasks', 'run', 'first_dag', 'sum_column_task', 'manual__2022-12-11T20:29:06.364170+00:00', '--job-id', '1448', '--raw', '--subdir', 'DAGS_FOLDER/first-dag.py', '--cfg-path', '/tmp/tmpfhzua_2x', '--error-file', '/tmp/tmped2cm8dr']
[2022-12-11 20:29:32,127] {standard_task_runner.py:80} INFO - Job 1448: Subtask sum_column_task
[2022-12-11 20:29:32,600] {task_command.py:369} INFO - Running <TaskInstance: first_dag.sum_column_task manual__2022-12-11T20:29:06.364170+00:00 [running]> on host 7e39590a7807
[2022-12-11 20:29:33,091] {taskinstance.py:1571} INFO - Exporting the following env vars:
AIRFLOW_CTX_DAG_OWNER=***
AIRFLOW_CTX_DAG_ID=first_dag
AIRFLOW_CTX_TASK_ID=sum_column_task
AIRFLOW_CTX_EXECUTION_DATE=2022-12-11T20:29:06.364170+00:00
AIRFLOW_CTX_TRY_NUMBER=1
AIRFLOW_CTX_DAG_RUN_ID=manual__2022-12-11T20:29:06.364170+00:00
[2022-12-11 20:29:33,221] {logging_mixin.py:115} INFO - Different sum column is 6
[2022-12-11 20:29:33,222] {python.py:173} INFO - Done. Returned value was: 6
[2022-12-11 20:29:33,364] {taskinstance.py:1400} INFO - Marking task as SUCCESS. dag_id=first_dag, task_id=sum_column_task, execution_date=20221211T202906, start_date=20221211T202931, end_date=20221211T202933
[2022-12-11 20:29:33,484] {local_task_job.py:156} INFO - Task exited with return code 0
[2022-12-11 20:29:33,708] {local_task_job.py:273} INFO - 1 downstream tasks scheduled from follow-on schedule check
