[2022-12-12 05:13:43,416] {taskinstance.py:1159} INFO - Dependencies all met for <TaskInstance: first_dag.create_task_table manual__2022-12-12T05:13:41.354733+00:00 [queued]>
[2022-12-12 05:13:43,502] {taskinstance.py:1159} INFO - Dependencies all met for <TaskInstance: first_dag.create_task_table manual__2022-12-12T05:13:41.354733+00:00 [queued]>
[2022-12-12 05:13:43,504] {taskinstance.py:1356} INFO - 
--------------------------------------------------------------------------------
[2022-12-12 05:13:43,505] {taskinstance.py:1357} INFO - Starting attempt 1 of 1
[2022-12-12 05:13:43,507] {taskinstance.py:1358} INFO - 
--------------------------------------------------------------------------------
[2022-12-12 05:13:43,578] {taskinstance.py:1377} INFO - Executing <Task(PostgresOperator): create_task_table> on 2022-12-12 05:13:41.354733+00:00
[2022-12-12 05:13:43,592] {standard_task_runner.py:52} INFO - Started process 7506 to run task
[2022-12-12 05:13:43,613] {standard_task_runner.py:79} INFO - Running: ['***', 'tasks', 'run', 'first_dag', 'create_task_table', 'manual__2022-12-12T05:13:41.354733+00:00', '--job-id', '1578', '--raw', '--subdir', 'DAGS_FOLDER/first-dag.py', '--cfg-path', '/tmp/tmpyov7qje2', '--error-file', '/tmp/tmpyao4e6pg']
[2022-12-12 05:13:43,624] {standard_task_runner.py:80} INFO - Job 1578: Subtask create_task_table
[2022-12-12 05:13:43,936] {task_command.py:369} INFO - Running <TaskInstance: first_dag.create_task_table manual__2022-12-12T05:13:41.354733+00:00 [running]> on host 7e39590a7807
[2022-12-12 05:13:44,367] {taskinstance.py:1571} INFO - Exporting the following env vars:
AIRFLOW_CTX_DAG_OWNER=***
AIRFLOW_CTX_DAG_ID=first_dag
AIRFLOW_CTX_TASK_ID=create_task_table
AIRFLOW_CTX_EXECUTION_DATE=2022-12-12T05:13:41.354733+00:00
AIRFLOW_CTX_TRY_NUMBER=1
AIRFLOW_CTX_DAG_RUN_ID=manual__2022-12-12T05:13:41.354733+00:00
[2022-12-12 05:13:44,508] {base.py:68} INFO - Using connection ID 'db' for task execution.
[2022-12-12 05:13:44,533] {dbapi.py:208} INFO - Running statement: 
                create table if not exists task (
                id INT,
	            value_1 INT,
	            value_2 INT
            );
              , parameters: None
[2022-12-12 05:13:44,545] {postgres.py:94} INFO - NOTICE:  relation "task" already exists, skipping

[2022-12-12 05:13:44,761] {taskinstance.py:1400} INFO - Marking task as SUCCESS. dag_id=first_dag, task_id=create_task_table, execution_date=20221212T051341, start_date=20221212T051343, end_date=20221212T051344
[2022-12-12 05:13:44,845] {local_task_job.py:156} INFO - Task exited with return code 0
[2022-12-12 05:13:45,342] {local_task_job.py:273} INFO - 0 downstream tasks scheduled from follow-on schedule check
