[2022-12-11 16:52:19,854] {taskinstance.py:1159} INFO - Dependencies all met for <TaskInstance: first_dag.generate_two_int_task manual__2022-12-11T16:52:15.705952+00:00 [queued]>
[2022-12-11 16:52:19,886] {taskinstance.py:1159} INFO - Dependencies all met for <TaskInstance: first_dag.generate_two_int_task manual__2022-12-11T16:52:15.705952+00:00 [queued]>
[2022-12-11 16:52:19,887] {taskinstance.py:1356} INFO - 
--------------------------------------------------------------------------------
[2022-12-11 16:52:19,888] {taskinstance.py:1357} INFO - Starting attempt 1 of 1
[2022-12-11 16:52:19,889] {taskinstance.py:1358} INFO - 
--------------------------------------------------------------------------------
[2022-12-11 16:52:19,909] {taskinstance.py:1377} INFO - Executing <Task(PythonOperator): generate_two_int_task> on 2022-12-11 16:52:15.705952+00:00
[2022-12-11 16:52:19,915] {standard_task_runner.py:52} INFO - Started process 3468 to run task
[2022-12-11 16:52:19,923] {standard_task_runner.py:79} INFO - Running: ['***', 'tasks', 'run', 'first_dag', 'generate_two_int_task', 'manual__2022-12-11T16:52:15.705952+00:00', '--job-id', '1036', '--raw', '--subdir', 'DAGS_FOLDER/first-dag.py', '--cfg-path', '/tmp/tmp_0rfm_gn', '--error-file', '/tmp/tmpypiqxa_n']
[2022-12-11 16:52:19,926] {standard_task_runner.py:80} INFO - Job 1036: Subtask generate_two_int_task
[2022-12-11 16:52:20,019] {task_command.py:369} INFO - Running <TaskInstance: first_dag.generate_two_int_task manual__2022-12-11T16:52:15.705952+00:00 [running]> on host 7e39590a7807
[2022-12-11 16:52:20,126] {taskinstance.py:1571} INFO - Exporting the following env vars:
AIRFLOW_CTX_DAG_OWNER=***
AIRFLOW_CTX_DAG_ID=first_dag
AIRFLOW_CTX_TASK_ID=generate_two_int_task
AIRFLOW_CTX_EXECUTION_DATE=2022-12-11T16:52:15.705952+00:00
AIRFLOW_CTX_TRY_NUMBER=1
AIRFLOW_CTX_DAG_RUN_ID=manual__2022-12-11T16:52:15.705952+00:00
[2022-12-11 16:52:20,159] {python.py:173} INFO - Done. Returned value was: None
[2022-12-11 16:52:20,183] {taskinstance.py:1400} INFO - Marking task as SUCCESS. dag_id=first_dag, task_id=generate_two_int_task, execution_date=20221211T165215, start_date=20221211T165219, end_date=20221211T165220
[2022-12-11 16:52:20,216] {local_task_job.py:156} INFO - Task exited with return code 0
[2022-12-11 16:52:20,277] {local_task_job.py:273} INFO - 1 downstream tasks scheduled from follow-on schedule check
