[2022-12-04 16:41:42,304] {taskinstance.py:1159} INFO - Dependencies all met for <TaskInstance: first_dag.hello_task scheduled__2022-01-16T00:00:00+00:00 [queued]>
[2022-12-04 16:41:42,428] {taskinstance.py:1159} INFO - Dependencies all met for <TaskInstance: first_dag.hello_task scheduled__2022-01-16T00:00:00+00:00 [queued]>
[2022-12-04 16:41:42,430] {taskinstance.py:1356} INFO - 
--------------------------------------------------------------------------------
[2022-12-04 16:41:42,431] {taskinstance.py:1357} INFO - Starting attempt 1 of 1
[2022-12-04 16:41:42,432] {taskinstance.py:1358} INFO - 
--------------------------------------------------------------------------------
[2022-12-04 16:41:42,667] {taskinstance.py:1377} INFO - Executing <Task(BashOperator): hello_task> on 2022-01-16 00:00:00+00:00
[2022-12-04 16:41:42,700] {standard_task_runner.py:52} INFO - Started process 834 to run task
[2022-12-04 16:41:42,751] {standard_task_runner.py:79} INFO - Running: ['***', 'tasks', 'run', 'first_dag', 'hello_task', 'scheduled__2022-01-16T00:00:00+00:00', '--job-id', '131', '--raw', '--subdir', 'DAGS_FOLDER/first-dag.py', '--cfg-path', '/tmp/tmpnbd4zx_3', '--error-file', '/tmp/tmpcmcg43b9']
[2022-12-04 16:41:42,787] {standard_task_runner.py:80} INFO - Job 131: Subtask hello_task
[2022-12-04 16:41:43,038] {task_command.py:369} INFO - Running <TaskInstance: first_dag.hello_task scheduled__2022-01-16T00:00:00+00:00 [running]> on host fb90b48d1471
[2022-12-04 16:41:44,040] {taskinstance.py:1571} INFO - Exporting the following env vars:
AIRFLOW_CTX_DAG_OWNER=***
AIRFLOW_CTX_DAG_ID=first_dag
AIRFLOW_CTX_TASK_ID=hello_task
AIRFLOW_CTX_EXECUTION_DATE=2022-01-16T00:00:00+00:00
AIRFLOW_CTX_TRY_NUMBER=1
AIRFLOW_CTX_DAG_RUN_ID=scheduled__2022-01-16T00:00:00+00:00
[2022-12-04 16:41:44,047] {subprocess.py:62} INFO - Tmp dir root location: 
 /tmp
[2022-12-04 16:41:44,055] {subprocess.py:74} INFO - Running command: ['bash', '-c', 'echo hello']
[2022-12-04 16:41:44,203] {subprocess.py:85} INFO - Output:
[2022-12-04 16:41:44,300] {subprocess.py:92} INFO - hello
[2022-12-04 16:41:44,302] {subprocess.py:96} INFO - Command exited with return code 0
[2022-12-04 16:41:44,970] {taskinstance.py:1400} INFO - Marking task as SUCCESS. dag_id=first_dag, task_id=hello_task, execution_date=20220116T000000, start_date=20221204T164142, end_date=20221204T164144
[2022-12-04 16:41:45,132] {local_task_job.py:156} INFO - Task exited with return code 0
[2022-12-04 16:41:45,514] {local_task_job.py:273} INFO - 1 downstream tasks scheduled from follow-on schedule check
