[2022-12-04 16:41:31,705] {taskinstance.py:1159} INFO - Dependencies all met for <TaskInstance: first_dag.world scheduled__2022-01-04T00:00:00+00:00 [queued]>
[2022-12-04 16:41:31,936] {taskinstance.py:1159} INFO - Dependencies all met for <TaskInstance: first_dag.world scheduled__2022-01-04T00:00:00+00:00 [queued]>
[2022-12-04 16:41:31,941] {taskinstance.py:1356} INFO - 
--------------------------------------------------------------------------------
[2022-12-04 16:41:31,986] {taskinstance.py:1357} INFO - Starting attempt 1 of 1
[2022-12-04 16:41:31,990] {taskinstance.py:1358} INFO - 
--------------------------------------------------------------------------------
[2022-12-04 16:41:32,130] {taskinstance.py:1377} INFO - Executing <Task(PythonOperator): world> on 2022-01-04 00:00:00+00:00
[2022-12-04 16:41:32,140] {standard_task_runner.py:52} INFO - Started process 795 to run task
[2022-12-04 16:41:32,216] {standard_task_runner.py:79} INFO - Running: ['***', 'tasks', 'run', 'first_dag', 'world', 'scheduled__2022-01-04T00:00:00+00:00', '--job-id', '116', '--raw', '--subdir', 'DAGS_FOLDER/first-dag.py', '--cfg-path', '/tmp/tmp3ccnvm2k', '--error-file', '/tmp/tmpzpaglutz']
[2022-12-04 16:41:32,225] {standard_task_runner.py:80} INFO - Job 116: Subtask world
[2022-12-04 16:41:32,617] {task_command.py:369} INFO - Running <TaskInstance: first_dag.world scheduled__2022-01-04T00:00:00+00:00 [running]> on host fb90b48d1471
[2022-12-04 16:41:33,696] {taskinstance.py:1571} INFO - Exporting the following env vars:
AIRFLOW_CTX_DAG_OWNER=***
AIRFLOW_CTX_DAG_ID=first_dag
AIRFLOW_CTX_TASK_ID=world
AIRFLOW_CTX_EXECUTION_DATE=2022-01-04T00:00:00+00:00
AIRFLOW_CTX_TRY_NUMBER=1
AIRFLOW_CTX_DAG_RUN_ID=scheduled__2022-01-04T00:00:00+00:00
[2022-12-04 16:41:33,714] {logging_mixin.py:115} INFO - Airflow
[2022-12-04 16:41:33,726] {python.py:173} INFO - Done. Returned value was: None
[2022-12-04 16:41:33,853] {taskinstance.py:1400} INFO - Marking task as SUCCESS. dag_id=first_dag, task_id=world, execution_date=20220104T000000, start_date=20221204T164131, end_date=20221204T164133
[2022-12-04 16:41:34,038] {local_task_job.py:156} INFO - Task exited with return code 0
[2022-12-04 16:41:34,233] {local_task_job.py:273} INFO - 0 downstream tasks scheduled from follow-on schedule check
