[2022-12-11 16:13:00,909] {taskinstance.py:1159} INFO - Dependencies all met for <TaskInstance: first_dag.hello_task scheduled__2022-12-11T16:12:00+00:00 [queued]>
[2022-12-11 16:13:00,922] {taskinstance.py:1159} INFO - Dependencies all met for <TaskInstance: first_dag.hello_task scheduled__2022-12-11T16:12:00+00:00 [queued]>
[2022-12-11 16:13:00,924] {taskinstance.py:1356} INFO - 
--------------------------------------------------------------------------------
[2022-12-11 16:13:00,925] {taskinstance.py:1357} INFO - Starting attempt 1 of 1
[2022-12-11 16:13:00,926] {taskinstance.py:1358} INFO - 
--------------------------------------------------------------------------------
[2022-12-11 16:13:00,947] {taskinstance.py:1377} INFO - Executing <Task(BashOperator): hello_task> on 2022-12-11 16:12:00+00:00
[2022-12-11 16:13:00,962] {standard_task_runner.py:52} INFO - Started process 2932 to run task
[2022-12-11 16:13:00,968] {standard_task_runner.py:79} INFO - Running: ['***', 'tasks', 'run', 'first_dag', 'hello_task', 'scheduled__2022-12-11T16:12:00+00:00', '--job-id', '997', '--raw', '--subdir', 'DAGS_FOLDER/first-dag.py', '--cfg-path', '/tmp/tmpkqx2orz7', '--error-file', '/tmp/tmpfalryghk']
[2022-12-11 16:13:00,970] {standard_task_runner.py:80} INFO - Job 997: Subtask hello_task
[2022-12-11 16:13:01,056] {task_command.py:369} INFO - Running <TaskInstance: first_dag.hello_task scheduled__2022-12-11T16:12:00+00:00 [running]> on host 7e39590a7807
[2022-12-11 16:13:01,182] {taskinstance.py:1571} INFO - Exporting the following env vars:
AIRFLOW_CTX_DAG_OWNER=***
AIRFLOW_CTX_DAG_ID=first_dag
AIRFLOW_CTX_TASK_ID=hello_task
AIRFLOW_CTX_EXECUTION_DATE=2022-12-11T16:12:00+00:00
AIRFLOW_CTX_TRY_NUMBER=1
AIRFLOW_CTX_DAG_RUN_ID=scheduled__2022-12-11T16:12:00+00:00
[2022-12-11 16:13:01,185] {subprocess.py:62} INFO - Tmp dir root location: 
 /tmp
[2022-12-11 16:13:01,188] {subprocess.py:74} INFO - Running command: ['bash', '-c', 'echo hello']
[2022-12-11 16:13:01,200] {subprocess.py:85} INFO - Output:
[2022-12-11 16:13:01,203] {subprocess.py:92} INFO - hello
[2022-12-11 16:13:01,204] {subprocess.py:96} INFO - Command exited with return code 0
[2022-12-11 16:13:01,250] {taskinstance.py:1400} INFO - Marking task as SUCCESS. dag_id=first_dag, task_id=hello_task, execution_date=20221211T161200, start_date=20221211T161300, end_date=20221211T161301
[2022-12-11 16:13:01,310] {local_task_job.py:156} INFO - Task exited with return code 0
[2022-12-11 16:13:01,376] {local_task_job.py:273} INFO - 1 downstream tasks scheduled from follow-on schedule check
