[2022-12-12 05:25:34,214] {taskinstance.py:1159} INFO - Dependencies all met for <TaskInstance: first_dag.write_diff_task manual__2022-12-12T05:25:19.865445+00:00 [queued]>
[2022-12-12 05:25:34,255] {taskinstance.py:1159} INFO - Dependencies all met for <TaskInstance: first_dag.write_diff_task manual__2022-12-12T05:25:19.865445+00:00 [queued]>
[2022-12-12 05:25:34,257] {taskinstance.py:1356} INFO - 
--------------------------------------------------------------------------------
[2022-12-12 05:25:34,258] {taskinstance.py:1357} INFO - Starting attempt 1 of 1
[2022-12-12 05:25:34,259] {taskinstance.py:1358} INFO - 
--------------------------------------------------------------------------------
[2022-12-12 05:25:34,338] {taskinstance.py:1377} INFO - Executing <Task(PythonOperator): write_diff_task> on 2022-12-12 05:25:19.865445+00:00
[2022-12-12 05:25:34,363] {standard_task_runner.py:52} INFO - Started process 7751 to run task
[2022-12-12 05:25:34,391] {standard_task_runner.py:79} INFO - Running: ['***', 'tasks', 'run', 'first_dag', 'write_diff_task', 'manual__2022-12-12T05:25:19.865445+00:00', '--job-id', '1632', '--raw', '--subdir', 'DAGS_FOLDER/first-dag.py', '--cfg-path', '/tmp/tmpo45wt43w', '--error-file', '/tmp/tmpy8ib13s9']
[2022-12-12 05:25:34,397] {standard_task_runner.py:80} INFO - Job 1632: Subtask write_diff_task
[2022-12-12 05:25:34,707] {task_command.py:369} INFO - Running <TaskInstance: first_dag.write_diff_task manual__2022-12-12T05:25:19.865445+00:00 [running]> on host 7e39590a7807
[2022-12-12 05:25:35,355] {taskinstance.py:1571} INFO - Exporting the following env vars:
AIRFLOW_CTX_DAG_OWNER=***
AIRFLOW_CTX_DAG_ID=first_dag
AIRFLOW_CTX_TASK_ID=write_diff_task
AIRFLOW_CTX_EXECUTION_DATE=2022-12-12T05:25:19.865445+00:00
AIRFLOW_CTX_TRY_NUMBER=1
AIRFLOW_CTX_DAG_RUN_ID=manual__2022-12-12T05:25:19.865445+00:00
[2022-12-12 05:25:35,518] {python.py:173} INFO - Done. Returned value was: None
[2022-12-12 05:25:35,601] {taskinstance.py:1400} INFO - Marking task as SUCCESS. dag_id=first_dag, task_id=write_diff_task, execution_date=20221212T052519, start_date=20221212T052534, end_date=20221212T052535
[2022-12-12 05:25:35,658] {local_task_job.py:156} INFO - Task exited with return code 0
[2022-12-12 05:25:35,812] {local_task_job.py:273} INFO - 1 downstream tasks scheduled from follow-on schedule check
