[2022-12-11 16:51:15,069] {taskinstance.py:1159} INFO - Dependencies all met for <TaskInstance: first_dag.hello_task manual__2022-12-11T16:51:14.068449+00:00 [queued]>
[2022-12-11 16:51:15,084] {taskinstance.py:1159} INFO - Dependencies all met for <TaskInstance: first_dag.hello_task manual__2022-12-11T16:51:14.068449+00:00 [queued]>
[2022-12-11 16:51:15,085] {taskinstance.py:1356} INFO - 
--------------------------------------------------------------------------------
[2022-12-11 16:51:15,086] {taskinstance.py:1357} INFO - Starting attempt 1 of 1
[2022-12-11 16:51:15,087] {taskinstance.py:1358} INFO - 
--------------------------------------------------------------------------------
[2022-12-11 16:51:15,105] {taskinstance.py:1377} INFO - Executing <Task(BashOperator): hello_task> on 2022-12-11 16:51:14.068449+00:00
[2022-12-11 16:51:15,113] {standard_task_runner.py:52} INFO - Started process 3440 to run task
[2022-12-11 16:51:15,120] {standard_task_runner.py:79} INFO - Running: ['***', 'tasks', 'run', 'first_dag', 'hello_task', 'manual__2022-12-11T16:51:14.068449+00:00', '--job-id', '1028', '--raw', '--subdir', 'DAGS_FOLDER/first-dag.py', '--cfg-path', '/tmp/tmp5cw9yqg5', '--error-file', '/tmp/tmptmao0lgk']
[2022-12-11 16:51:15,124] {standard_task_runner.py:80} INFO - Job 1028: Subtask hello_task
[2022-12-11 16:51:15,249] {task_command.py:369} INFO - Running <TaskInstance: first_dag.hello_task manual__2022-12-11T16:51:14.068449+00:00 [running]> on host 7e39590a7807
[2022-12-11 16:51:15,386] {taskinstance.py:1571} INFO - Exporting the following env vars:
AIRFLOW_CTX_DAG_OWNER=***
AIRFLOW_CTX_DAG_ID=first_dag
AIRFLOW_CTX_TASK_ID=hello_task
AIRFLOW_CTX_EXECUTION_DATE=2022-12-11T16:51:14.068449+00:00
AIRFLOW_CTX_TRY_NUMBER=1
AIRFLOW_CTX_DAG_RUN_ID=manual__2022-12-11T16:51:14.068449+00:00
[2022-12-11 16:51:15,391] {subprocess.py:62} INFO - Tmp dir root location: 
 /tmp
[2022-12-11 16:51:15,393] {subprocess.py:74} INFO - Running command: ['bash', '-c', 'echo hello']
[2022-12-11 16:51:15,408] {subprocess.py:85} INFO - Output:
[2022-12-11 16:51:15,421] {subprocess.py:92} INFO - hello
[2022-12-11 16:51:15,423] {subprocess.py:96} INFO - Command exited with return code 0
[2022-12-11 16:51:15,467] {taskinstance.py:1400} INFO - Marking task as SUCCESS. dag_id=first_dag, task_id=hello_task, execution_date=20221211T165114, start_date=20221211T165115, end_date=20221211T165115
[2022-12-11 16:51:15,499] {local_task_job.py:156} INFO - Task exited with return code 0
[2022-12-11 16:51:15,565] {local_task_job.py:273} INFO - 1 downstream tasks scheduled from follow-on schedule check
