[2022-12-11 20:23:24,646] {taskinstance.py:1159} INFO - Dependencies all met for <TaskInstance: first_dag.hello_task manual__2022-12-11T20:23:22.398912+00:00 [queued]>
[2022-12-11 20:23:24,724] {taskinstance.py:1159} INFO - Dependencies all met for <TaskInstance: first_dag.hello_task manual__2022-12-11T20:23:22.398912+00:00 [queued]>
[2022-12-11 20:23:24,726] {taskinstance.py:1356} INFO - 
--------------------------------------------------------------------------------
[2022-12-11 20:23:24,733] {taskinstance.py:1357} INFO - Starting attempt 1 of 1
[2022-12-11 20:23:24,734] {taskinstance.py:1358} INFO - 
--------------------------------------------------------------------------------
[2022-12-11 20:23:24,821] {taskinstance.py:1377} INFO - Executing <Task(BashOperator): hello_task> on 2022-12-11 20:23:22.398912+00:00
[2022-12-11 20:23:24,829] {standard_task_runner.py:52} INFO - Started process 5814 to run task
[2022-12-11 20:23:24,837] {standard_task_runner.py:79} INFO - Running: ['***', 'tasks', 'run', 'first_dag', 'hello_task', 'manual__2022-12-11T20:23:22.398912+00:00', '--job-id', '1390', '--raw', '--subdir', 'DAGS_FOLDER/first-dag.py', '--cfg-path', '/tmp/tmpjyyrlnra', '--error-file', '/tmp/tmpqd1xbtt4']
[2022-12-11 20:23:24,840] {standard_task_runner.py:80} INFO - Job 1390: Subtask hello_task
[2022-12-11 20:23:25,090] {task_command.py:369} INFO - Running <TaskInstance: first_dag.hello_task manual__2022-12-11T20:23:22.398912+00:00 [running]> on host 7e39590a7807
[2022-12-11 20:23:25,362] {taskinstance.py:1571} INFO - Exporting the following env vars:
AIRFLOW_CTX_DAG_OWNER=***
AIRFLOW_CTX_DAG_ID=first_dag
AIRFLOW_CTX_TASK_ID=hello_task
AIRFLOW_CTX_EXECUTION_DATE=2022-12-11T20:23:22.398912+00:00
AIRFLOW_CTX_TRY_NUMBER=1
AIRFLOW_CTX_DAG_RUN_ID=manual__2022-12-11T20:23:22.398912+00:00
[2022-12-11 20:23:25,364] {subprocess.py:62} INFO - Tmp dir root location: 
 /tmp
[2022-12-11 20:23:25,370] {subprocess.py:74} INFO - Running command: ['bash', '-c', 'echo hello']
[2022-12-11 20:23:25,416] {subprocess.py:85} INFO - Output:
[2022-12-11 20:23:25,454] {subprocess.py:92} INFO - hello
[2022-12-11 20:23:25,469] {subprocess.py:96} INFO - Command exited with return code 0
[2022-12-11 20:23:25,558] {taskinstance.py:1400} INFO - Marking task as SUCCESS. dag_id=first_dag, task_id=hello_task, execution_date=20221211T202322, start_date=20221211T202324, end_date=20221211T202325
[2022-12-11 20:23:25,590] {local_task_job.py:156} INFO - Task exited with return code 0
[2022-12-11 20:23:25,676] {local_task_job.py:273} INFO - 1 downstream tasks scheduled from follow-on schedule check
