[2022-12-12 05:13:54,624] {taskinstance.py:1159} INFO - Dependencies all met for <TaskInstance: first_dag.sum_column_task manual__2022-12-12T05:13:41.354733+00:00 [queued]>
[2022-12-12 05:13:54,663] {taskinstance.py:1159} INFO - Dependencies all met for <TaskInstance: first_dag.sum_column_task manual__2022-12-12T05:13:41.354733+00:00 [queued]>
[2022-12-12 05:13:54,665] {taskinstance.py:1356} INFO - 
--------------------------------------------------------------------------------
[2022-12-12 05:13:54,668] {taskinstance.py:1357} INFO - Starting attempt 1 of 1
[2022-12-12 05:13:54,669] {taskinstance.py:1358} INFO - 
--------------------------------------------------------------------------------
[2022-12-12 05:13:54,741] {taskinstance.py:1377} INFO - Executing <Task(PythonOperator): sum_column_task> on 2022-12-12 05:13:41.354733+00:00
[2022-12-12 05:13:54,748] {standard_task_runner.py:52} INFO - Started process 7542 to run task
[2022-12-12 05:13:54,767] {standard_task_runner.py:79} INFO - Running: ['***', 'tasks', 'run', 'first_dag', 'sum_column_task', 'manual__2022-12-12T05:13:41.354733+00:00', '--job-id', '1590', '--raw', '--subdir', 'DAGS_FOLDER/first-dag.py', '--cfg-path', '/tmp/tmphzdqpzaq', '--error-file', '/tmp/tmpi0mx3ino']
[2022-12-12 05:13:54,776] {standard_task_runner.py:80} INFO - Job 1590: Subtask sum_column_task
[2022-12-12 05:13:55,380] {task_command.py:369} INFO - Running <TaskInstance: first_dag.sum_column_task manual__2022-12-12T05:13:41.354733+00:00 [running]> on host 7e39590a7807
[2022-12-12 05:13:55,859] {taskinstance.py:1571} INFO - Exporting the following env vars:
AIRFLOW_CTX_DAG_OWNER=***
AIRFLOW_CTX_DAG_ID=first_dag
AIRFLOW_CTX_TASK_ID=sum_column_task
AIRFLOW_CTX_EXECUTION_DATE=2022-12-12T05:13:41.354733+00:00
AIRFLOW_CTX_TRY_NUMBER=1
AIRFLOW_CTX_DAG_RUN_ID=manual__2022-12-12T05:13:41.354733+00:00
[2022-12-12 05:13:55,957] {logging_mixin.py:115} INFO - Different sum column is -9
[2022-12-12 05:13:55,958] {python.py:173} INFO - Done. Returned value was: -9
[2022-12-12 05:13:56,062] {taskinstance.py:1400} INFO - Marking task as SUCCESS. dag_id=first_dag, task_id=sum_column_task, execution_date=20221212T051341, start_date=20221212T051354, end_date=20221212T051356
[2022-12-12 05:13:56,168] {local_task_job.py:156} INFO - Task exited with return code 0
[2022-12-12 05:13:56,305] {local_task_job.py:273} INFO - 1 downstream tasks scheduled from follow-on schedule check
