[2022-12-12 05:01:45,537] {taskinstance.py:1159} INFO - Dependencies all met for <TaskInstance: first_dag.wait_for_file scheduled__2022-12-11T21:20:00+00:00 [queued]>
[2022-12-12 05:01:45,604] {taskinstance.py:1159} INFO - Dependencies all met for <TaskInstance: first_dag.wait_for_file scheduled__2022-12-11T21:20:00+00:00 [queued]>
[2022-12-12 05:01:45,605] {taskinstance.py:1356} INFO - 
--------------------------------------------------------------------------------
[2022-12-12 05:01:45,608] {taskinstance.py:1357} INFO - Starting attempt 2 of 3
[2022-12-12 05:01:45,610] {taskinstance.py:1358} INFO - 
--------------------------------------------------------------------------------
[2022-12-12 05:01:45,703] {taskinstance.py:1377} INFO - Executing <Task(PythonSensor): wait_for_file> on 2022-12-11 21:20:00+00:00
[2022-12-12 05:01:45,738] {standard_task_runner.py:52} INFO - Started process 7381 to run task
[2022-12-12 05:01:45,790] {standard_task_runner.py:79} INFO - Running: ['***', 'tasks', 'run', 'first_dag', 'wait_for_file', 'scheduled__2022-12-11T21:20:00+00:00', '--job-id', '1568', '--raw', '--subdir', 'DAGS_FOLDER/first-dag.py', '--cfg-path', '/tmp/tmpsz72cmq9', '--error-file', '/tmp/tmpk6vg7sfb']
[2022-12-12 05:01:45,813] {standard_task_runner.py:80} INFO - Job 1568: Subtask wait_for_file
[2022-12-12 05:01:49,135] {task_command.py:369} INFO - Running <TaskInstance: first_dag.wait_for_file scheduled__2022-12-11T21:20:00+00:00 [running]> on host 7e39590a7807
[2022-12-12 05:01:51,268] {taskinstance.py:1571} INFO - Exporting the following env vars:
AIRFLOW_CTX_DAG_OWNER=***
AIRFLOW_CTX_DAG_ID=first_dag
AIRFLOW_CTX_TASK_ID=wait_for_file
AIRFLOW_CTX_EXECUTION_DATE=2022-12-11T21:20:00+00:00
AIRFLOW_CTX_TRY_NUMBER=2
AIRFLOW_CTX_DAG_RUN_ID=scheduled__2022-12-11T21:20:00+00:00
[2022-12-12 05:01:51,278] {python.py:66} INFO - Poking callable: <function _wait_for_file at 0x7f6cec7ac560>
[2022-12-12 05:01:51,888] {logging_mixin.py:115} INFO - _wait_for_file True
[2022-12-12 05:02:12,939] {python.py:66} INFO - Poking callable: <function _wait_for_file at 0x7f6cec7ac560>
[2022-12-12 05:02:16,600] {logging_mixin.py:115} INFO - _wait_for_file True
[2022-12-12 05:02:37,963] {python.py:66} INFO - Poking callable: <function _wait_for_file at 0x7f6cec7ac560>
[2022-12-12 05:02:38,608] {logging_mixin.py:115} INFO - _wait_for_file True
[2022-12-12 05:02:58,017] {python.py:66} INFO - Poking callable: <function _wait_for_file at 0x7f6cec7ac560>
[2022-12-12 05:02:58,586] {logging_mixin.py:115} INFO - _wait_for_file True
[2022-12-12 05:03:18,613] {python.py:66} INFO - Poking callable: <function _wait_for_file at 0x7f6cec7ac560>
[2022-12-12 05:03:18,935] {logging_mixin.py:115} INFO - _wait_for_file True
[2022-12-12 05:03:38,996] {python.py:66} INFO - Poking callable: <function _wait_for_file at 0x7f6cec7ac560>
[2022-12-12 05:03:39,538] {logging_mixin.py:115} INFO - _wait_for_file True
[2022-12-12 05:03:59,559] {python.py:66} INFO - Poking callable: <function _wait_for_file at 0x7f6cec7ac560>
[2022-12-12 05:04:16,820] {logging_mixin.py:115} INFO - _wait_for_file True
[2022-12-12 05:04:36,815] {python.py:66} INFO - Poking callable: <function _wait_for_file at 0x7f6cec7ac560>
[2022-12-12 05:04:37,869] {logging_mixin.py:115} INFO - _wait_for_file True
[2022-12-12 05:04:57,885] {python.py:66} INFO - Poking callable: <function _wait_for_file at 0x7f6cec7ac560>
[2022-12-12 05:04:58,879] {logging_mixin.py:115} INFO - _wait_for_file True
[2022-12-12 05:05:18,949] {python.py:66} INFO - Poking callable: <function _wait_for_file at 0x7f6cec7ac560>
[2022-12-12 05:05:19,054] {logging_mixin.py:115} INFO - _wait_for_file True
[2022-12-12 05:05:39,117] {python.py:66} INFO - Poking callable: <function _wait_for_file at 0x7f6cec7ac560>
[2022-12-12 05:05:40,185] {logging_mixin.py:115} INFO - _wait_for_file True
[2022-12-12 05:06:00,224] {python.py:66} INFO - Poking callable: <function _wait_for_file at 0x7f6cec7ac560>
[2022-12-12 05:06:01,765] {logging_mixin.py:115} INFO - _wait_for_file True
[2022-12-12 05:06:21,792] {python.py:66} INFO - Poking callable: <function _wait_for_file at 0x7f6cec7ac560>
[2022-12-12 05:06:21,879] {logging_mixin.py:115} INFO - _wait_for_file True
[2022-12-12 05:06:41,892] {python.py:66} INFO - Poking callable: <function _wait_for_file at 0x7f6cec7ac560>
[2022-12-12 05:06:42,182] {logging_mixin.py:115} INFO - _wait_for_file True
[2022-12-12 05:07:02,181] {python.py:66} INFO - Poking callable: <function _wait_for_file at 0x7f6cec7ac560>
[2022-12-12 05:07:02,360] {logging_mixin.py:115} INFO - _wait_for_file True
[2022-12-12 05:07:22,392] {python.py:66} INFO - Poking callable: <function _wait_for_file at 0x7f6cec7ac560>
[2022-12-12 05:07:22,506] {logging_mixin.py:115} INFO - _wait_for_file True
[2022-12-12 05:07:42,502] {python.py:66} INFO - Poking callable: <function _wait_for_file at 0x7f6cec7ac560>
[2022-12-12 05:07:43,923] {logging_mixin.py:115} INFO - _wait_for_file True
[2022-12-12 05:08:03,928] {python.py:66} INFO - Poking callable: <function _wait_for_file at 0x7f6cec7ac560>
[2022-12-12 05:08:04,115] {logging_mixin.py:115} INFO - _wait_for_file True
[2022-12-12 05:08:24,156] {python.py:66} INFO - Poking callable: <function _wait_for_file at 0x7f6cec7ac560>
[2022-12-12 05:08:24,590] {logging_mixin.py:115} INFO - _wait_for_file True
[2022-12-12 05:08:47,291] {python.py:66} INFO - Poking callable: <function _wait_for_file at 0x7f6cec7ac560>
[2022-12-12 05:08:51,717] {logging_mixin.py:115} INFO - _wait_for_file True
[2022-12-12 05:09:12,145] {python.py:66} INFO - Poking callable: <function _wait_for_file at 0x7f6cec7ac560>
[2022-12-12 05:09:14,857] {logging_mixin.py:115} INFO - _wait_for_file True
[2022-12-12 05:09:34,900] {python.py:66} INFO - Poking callable: <function _wait_for_file at 0x7f6cec7ac560>
[2022-12-12 05:09:35,013] {logging_mixin.py:115} INFO - _wait_for_file True
[2022-12-12 05:09:55,016] {python.py:66} INFO - Poking callable: <function _wait_for_file at 0x7f6cec7ac560>
[2022-12-12 05:09:55,476] {logging_mixin.py:115} INFO - _wait_for_file False
[2022-12-12 05:10:15,534] {python.py:66} INFO - Poking callable: <function _wait_for_file at 0x7f6cec7ac560>
[2022-12-12 05:10:17,972] {logging_mixin.py:115} INFO - _wait_for_file False
[2022-12-12 05:10:37,966] {python.py:66} INFO - Poking callable: <function _wait_for_file at 0x7f6cec7ac560>
[2022-12-12 05:10:37,991] {logging_mixin.py:115} INFO - _wait_for_file False
[2022-12-12 05:10:57,416] {python.py:66} INFO - Poking callable: <function _wait_for_file at 0x7f6cec7ac560>
[2022-12-12 05:10:57,443] {logging_mixin.py:115} INFO - _wait_for_file False
[2022-12-12 05:11:17,466] {python.py:66} INFO - Poking callable: <function _wait_for_file at 0x7f6cec7ac560>
[2022-12-12 05:11:17,549] {logging_mixin.py:115} INFO - _wait_for_file False
[2022-12-12 05:11:37,533] {python.py:66} INFO - Poking callable: <function _wait_for_file at 0x7f6cec7ac560>
[2022-12-12 05:11:37,547] {logging_mixin.py:115} INFO - _wait_for_file False
[2022-12-12 05:11:57,532] {python.py:66} INFO - Poking callable: <function _wait_for_file at 0x7f6cec7ac560>
[2022-12-12 05:11:57,566] {logging_mixin.py:115} INFO - _wait_for_file False
[2022-12-12 05:12:17,589] {python.py:66} INFO - Poking callable: <function _wait_for_file at 0x7f6cec7ac560>
[2022-12-12 05:12:17,806] {logging_mixin.py:115} INFO - _wait_for_file False
[2022-12-12 05:12:37,785] {python.py:66} INFO - Poking callable: <function _wait_for_file at 0x7f6cec7ac560>
[2022-12-12 05:12:37,841] {logging_mixin.py:115} INFO - _wait_for_file False
[2022-12-12 05:12:58,012] {python.py:66} INFO - Poking callable: <function _wait_for_file at 0x7f6cec7ac560>
[2022-12-12 05:13:12,025] {logging_mixin.py:115} INFO - _wait_for_file False
[2022-12-12 05:13:19,991] {local_task_job.py:221} WARNING - State of this instance has been externally set to None. Terminating instance.
[2022-12-12 05:13:20,616] {process_utils.py:129} INFO - Sending Signals.SIGTERM to group 7381. PIDs of all processes in the group: [7381]
[2022-12-12 05:13:20,710] {process_utils.py:80} INFO - Sending the signal Signals.SIGTERM to group 7381
[2022-12-12 05:13:20,984] {taskinstance.py:1541} ERROR - Received SIGTERM. Terminating subprocesses.
[2022-12-12 05:13:25,359] {taskinstance.py:1889} ERROR - Task failed with exception
Traceback (most recent call last):
  File "/home/airflow/.local/lib/python3.7/site-packages/airflow/sensors/base.py", line 299, in execute
    time.sleep(self._get_next_poke_interval(started_at, run_duration, try_number))
  File "/home/airflow/.local/lib/python3.7/site-packages/airflow/models/taskinstance.py", line 1543, in signal_handler
    raise AirflowException("Task received SIGTERM signal")
airflow.exceptions.AirflowException: Task received SIGTERM signal
[2022-12-12 05:13:26,038] {taskinstance.py:1400} INFO - Marking task as FAILED. dag_id=first_dag, task_id=wait_for_file, execution_date=20221211T212000, start_date=20221212T050145, end_date=20221212T051325
[2022-12-12 05:13:27,193] {standard_task_runner.py:97} ERROR - Failed to execute job 1568 for task wait_for_file ((psycopg2.errors.ForeignKeyViolation) insert or update on table "task_fail" violates foreign key constraint "task_fail_ti_fkey"
DETAIL:  Key (dag_id, task_id, run_id, map_index)=(first_dag, wait_for_file, scheduled__2022-12-11T21:20:00+00:00, -1) is not present in table "task_instance".

[SQL: INSERT INTO task_fail (task_id, dag_id, run_id, map_index, start_date, end_date, duration) VALUES (%(task_id)s, %(dag_id)s, %(run_id)s, %(map_index)s, %(start_date)s, %(end_date)s, %(duration)s) RETURNING task_fail.id]
[parameters: {'task_id': 'wait_for_file', 'dag_id': 'first_dag', 'run_id': 'scheduled__2022-12-11T21:20:00+00:00', 'map_index': -1, 'start_date': datetime.datetime(2022, 12, 12, 5, 1, 45, 538599, tzinfo=Timezone('UTC')), 'end_date': datetime.datetime(2022, 12, 12, 5, 13, 25, 833541, tzinfo=Timezone('UTC')), 'duration': 700}]
(Background on this error at: http://sqlalche.me/e/14/gkpj); 7381)
[2022-12-12 05:13:27,384] {process_utils.py:75} INFO - Process psutil.Process(pid=7381, status='terminated', exitcode=1, started='05:01:45') (7381) terminated with exit code 1
