[2022-12-10 17:09:14,727] {taskinstance.py:1159} INFO - Dependencies all met for <TaskInstance: first_dag.printer scheduled__2022-12-04T00:00:00+00:00 [queued]>
[2022-12-10 17:09:14,769] {taskinstance.py:1159} INFO - Dependencies all met for <TaskInstance: first_dag.printer scheduled__2022-12-04T00:00:00+00:00 [queued]>
[2022-12-10 17:09:14,772] {taskinstance.py:1356} INFO - 
--------------------------------------------------------------------------------
[2022-12-10 17:09:14,774] {taskinstance.py:1357} INFO - Starting attempt 1 of 1
[2022-12-10 17:09:14,775] {taskinstance.py:1358} INFO - 
--------------------------------------------------------------------------------
[2022-12-10 17:09:14,816] {taskinstance.py:1377} INFO - Executing <Task(PythonOperator): printer> on 2022-12-04 00:00:00+00:00
[2022-12-10 17:09:14,824] {standard_task_runner.py:52} INFO - Started process 183 to run task
[2022-12-10 17:09:14,843] {standard_task_runner.py:79} INFO - Running: ['***', 'tasks', 'run', 'first_dag', 'printer', 'scheduled__2022-12-04T00:00:00+00:00', '--job-id', '304', '--raw', '--subdir', 'DAGS_FOLDER/first-dag.py', '--cfg-path', '/tmp/tmpujw27g9_', '--error-file', '/tmp/tmpbf92yout']
[2022-12-10 17:09:14,852] {standard_task_runner.py:80} INFO - Job 304: Subtask printer
[2022-12-10 17:09:15,087] {task_command.py:369} INFO - Running <TaskInstance: first_dag.printer scheduled__2022-12-04T00:00:00+00:00 [running]> on host 4393b4454aa8
[2022-12-10 17:09:15,533] {taskinstance.py:1571} INFO - Exporting the following env vars:
AIRFLOW_CTX_DAG_OWNER=***
AIRFLOW_CTX_DAG_ID=first_dag
AIRFLOW_CTX_TASK_ID=printer
AIRFLOW_CTX_EXECUTION_DATE=2022-12-04T00:00:00+00:00
AIRFLOW_CTX_TRY_NUMBER=1
AIRFLOW_CTX_DAG_RUN_ID=scheduled__2022-12-04T00:00:00+00:00
[2022-12-10 17:09:15,621] {logging_mixin.py:115} INFO - The value is: None
[2022-12-10 17:09:15,623] {python.py:173} INFO - Done. Returned value was: None
[2022-12-10 17:09:15,704] {taskinstance.py:1400} INFO - Marking task as SUCCESS. dag_id=first_dag, task_id=printer, execution_date=20221204T000000, start_date=20221210T170914, end_date=20221210T170915
[2022-12-10 17:09:15,938] {local_task_job.py:156} INFO - Task exited with return code 0
[2022-12-10 17:09:16,281] {local_task_job.py:273} INFO - 0 downstream tasks scheduled from follow-on schedule check
