[2022-12-11 17:09:12,428] {taskinstance.py:1159} INFO - Dependencies all met for <TaskInstance: first_dag.world manual__2022-12-11T17:09:04.443777+00:00 [queued]>
[2022-12-11 17:09:12,474] {taskinstance.py:1159} INFO - Dependencies all met for <TaskInstance: first_dag.world manual__2022-12-11T17:09:04.443777+00:00 [queued]>
[2022-12-11 17:09:12,475] {taskinstance.py:1356} INFO - 
--------------------------------------------------------------------------------
[2022-12-11 17:09:12,477] {taskinstance.py:1357} INFO - Starting attempt 1 of 1
[2022-12-11 17:09:12,478] {taskinstance.py:1358} INFO - 
--------------------------------------------------------------------------------
[2022-12-11 17:09:12,552] {taskinstance.py:1377} INFO - Executing <Task(PythonOperator): world> on 2022-12-11 17:09:04.443777+00:00
[2022-12-11 17:09:12,563] {standard_task_runner.py:52} INFO - Started process 3701 to run task
[2022-12-11 17:09:12,613] {standard_task_runner.py:79} INFO - Running: ['***', 'tasks', 'run', 'first_dag', 'world', 'manual__2022-12-11T17:09:04.443777+00:00', '--job-id', '1079', '--raw', '--subdir', 'DAGS_FOLDER/first-dag.py', '--cfg-path', '/tmp/tmpl1pcszbi', '--error-file', '/tmp/tmp18yfm5q6']
[2022-12-11 17:09:12,638] {standard_task_runner.py:80} INFO - Job 1079: Subtask world
[2022-12-11 17:09:12,982] {task_command.py:369} INFO - Running <TaskInstance: first_dag.world manual__2022-12-11T17:09:04.443777+00:00 [running]> on host 7e39590a7807
[2022-12-11 17:09:15,002] {taskinstance.py:1571} INFO - Exporting the following env vars:
AIRFLOW_CTX_DAG_OWNER=***
AIRFLOW_CTX_DAG_ID=first_dag
AIRFLOW_CTX_TASK_ID=world
AIRFLOW_CTX_EXECUTION_DATE=2022-12-11T17:09:04.443777+00:00
AIRFLOW_CTX_TRY_NUMBER=1
AIRFLOW_CTX_DAG_RUN_ID=manual__2022-12-11T17:09:04.443777+00:00
[2022-12-11 17:09:15,007] {logging_mixin.py:115} INFO - Airflow
[2022-12-11 17:09:15,009] {python.py:173} INFO - Done. Returned value was: None
[2022-12-11 17:09:15,270] {taskinstance.py:1400} INFO - Marking task as SUCCESS. dag_id=first_dag, task_id=world, execution_date=20221211T170904, start_date=20221211T170912, end_date=20221211T170915
[2022-12-11 17:09:15,424] {local_task_job.py:156} INFO - Task exited with return code 0
[2022-12-11 17:09:15,805] {local_task_job.py:273} INFO - 1 downstream tasks scheduled from follow-on schedule check
