[2022-12-12 05:25:22,165] {taskinstance.py:1159} INFO - Dependencies all met for <TaskInstance: first_dag.create_task_table manual__2022-12-12T05:25:19.865445+00:00 [queued]>
[2022-12-12 05:25:22,221] {taskinstance.py:1159} INFO - Dependencies all met for <TaskInstance: first_dag.create_task_table manual__2022-12-12T05:25:19.865445+00:00 [queued]>
[2022-12-12 05:25:22,237] {taskinstance.py:1356} INFO - 
--------------------------------------------------------------------------------
[2022-12-12 05:25:22,239] {taskinstance.py:1357} INFO - Starting attempt 1 of 1
[2022-12-12 05:25:22,241] {taskinstance.py:1358} INFO - 
--------------------------------------------------------------------------------
[2022-12-12 05:25:22,329] {taskinstance.py:1377} INFO - Executing <Task(PostgresOperator): create_task_table> on 2022-12-12 05:25:19.865445+00:00
[2022-12-12 05:25:22,351] {standard_task_runner.py:52} INFO - Started process 7717 to run task
[2022-12-12 05:25:22,362] {standard_task_runner.py:79} INFO - Running: ['***', 'tasks', 'run', 'first_dag', 'create_task_table', 'manual__2022-12-12T05:25:19.865445+00:00', '--job-id', '1615', '--raw', '--subdir', 'DAGS_FOLDER/first-dag.py', '--cfg-path', '/tmp/tmp2ex7p84w', '--error-file', '/tmp/tmpjhtt3tuj']
[2022-12-12 05:25:22,366] {standard_task_runner.py:80} INFO - Job 1615: Subtask create_task_table
[2022-12-12 05:25:22,510] {task_command.py:369} INFO - Running <TaskInstance: first_dag.create_task_table manual__2022-12-12T05:25:19.865445+00:00 [running]> on host 7e39590a7807
[2022-12-12 05:25:22,758] {taskinstance.py:1571} INFO - Exporting the following env vars:
AIRFLOW_CTX_DAG_OWNER=***
AIRFLOW_CTX_DAG_ID=first_dag
AIRFLOW_CTX_TASK_ID=create_task_table
AIRFLOW_CTX_EXECUTION_DATE=2022-12-12T05:25:19.865445+00:00
AIRFLOW_CTX_TRY_NUMBER=1
AIRFLOW_CTX_DAG_RUN_ID=manual__2022-12-12T05:25:19.865445+00:00
[2022-12-12 05:25:22,803] {base.py:68} INFO - Using connection ID 'db' for task execution.
[2022-12-12 05:25:22,843] {dbapi.py:208} INFO - Running statement: 
                create table if not exists task (
                id SERIAL,
	            value_1 INT,
	            value_2 INT
            );
              , parameters: None
[2022-12-12 05:25:22,851] {postgres.py:94} INFO - NOTICE:  relation "task" already exists, skipping

[2022-12-12 05:25:22,955] {taskinstance.py:1400} INFO - Marking task as SUCCESS. dag_id=first_dag, task_id=create_task_table, execution_date=20221212T052519, start_date=20221212T052522, end_date=20221212T052522
[2022-12-12 05:25:23,033] {local_task_job.py:156} INFO - Task exited with return code 0
[2022-12-12 05:25:23,113] {local_task_job.py:273} INFO - 1 downstream tasks scheduled from follow-on schedule check
