[2022-12-04 19:35:07,261] {taskinstance.py:1159} INFO - Dependencies all met for <TaskInstance: first_dag.sum_column_task manual__2022-12-04T19:35:02.066188+00:00 [queued]>
[2022-12-04 19:35:07,280] {taskinstance.py:1159} INFO - Dependencies all met for <TaskInstance: first_dag.sum_column_task manual__2022-12-04T19:35:02.066188+00:00 [queued]>
[2022-12-04 19:35:07,281] {taskinstance.py:1356} INFO - 
--------------------------------------------------------------------------------
[2022-12-04 19:35:07,282] {taskinstance.py:1357} INFO - Starting attempt 1 of 1
[2022-12-04 19:35:07,283] {taskinstance.py:1358} INFO - 
--------------------------------------------------------------------------------
[2022-12-04 19:35:07,305] {taskinstance.py:1377} INFO - Executing <Task(PythonOperator): sum_column_task> on 2022-12-04 19:35:02.066188+00:00
[2022-12-04 19:35:07,311] {standard_task_runner.py:52} INFO - Started process 532 to run task
[2022-12-04 19:35:07,322] {standard_task_runner.py:79} INFO - Running: ['***', 'tasks', 'run', 'first_dag', 'sum_column_task', 'manual__2022-12-04T19:35:02.066188+00:00', '--job-id', '277', '--raw', '--subdir', 'DAGS_FOLDER/first-dag.py', '--cfg-path', '/tmp/tmpaujg8fww', '--error-file', '/tmp/tmpk0gtwsfr']
[2022-12-04 19:35:07,325] {standard_task_runner.py:80} INFO - Job 277: Subtask sum_column_task
[2022-12-04 19:35:07,422] {task_command.py:369} INFO - Running <TaskInstance: first_dag.sum_column_task manual__2022-12-04T19:35:02.066188+00:00 [running]> on host 4393b4454aa8
[2022-12-04 19:35:07,545] {taskinstance.py:1571} INFO - Exporting the following env vars:
AIRFLOW_CTX_DAG_OWNER=***
AIRFLOW_CTX_DAG_ID=first_dag
AIRFLOW_CTX_TASK_ID=sum_column_task
AIRFLOW_CTX_EXECUTION_DATE=2022-12-04T19:35:02.066188+00:00
AIRFLOW_CTX_TRY_NUMBER=1
AIRFLOW_CTX_DAG_RUN_ID=manual__2022-12-04T19:35:02.066188+00:00
[2022-12-04 19:35:07,563] {python.py:173} INFO - Done. Returned value was: 216
[2022-12-04 19:35:07,612] {taskinstance.py:1400} INFO - Marking task as SUCCESS. dag_id=first_dag, task_id=sum_column_task, execution_date=20221204T193502, start_date=20221204T193507, end_date=20221204T193507
[2022-12-04 19:35:07,654] {local_task_job.py:156} INFO - Task exited with return code 0
[2022-12-04 19:35:07,711] {local_task_job.py:273} INFO - 1 downstream tasks scheduled from follow-on schedule check
