[2022-12-11 20:29:47,889] {taskinstance.py:1159} INFO - Dependencies all met for <TaskInstance: first_dag.insert_data manual__2022-12-11T20:29:04.151533+00:00 [queued]>
[2022-12-11 20:29:47,960] {taskinstance.py:1159} INFO - Dependencies all met for <TaskInstance: first_dag.insert_data manual__2022-12-11T20:29:04.151533+00:00 [queued]>
[2022-12-11 20:29:47,967] {taskinstance.py:1356} INFO - 
--------------------------------------------------------------------------------
[2022-12-11 20:29:47,970] {taskinstance.py:1357} INFO - Starting attempt 1 of 1
[2022-12-11 20:29:47,971] {taskinstance.py:1358} INFO - 
--------------------------------------------------------------------------------
[2022-12-11 20:29:48,118] {taskinstance.py:1377} INFO - Executing <Task(PythonOperator): insert_data> on 2022-12-11 20:29:04.151533+00:00
[2022-12-11 20:29:48,176] {standard_task_runner.py:52} INFO - Started process 6036 to run task
[2022-12-11 20:29:48,200] {standard_task_runner.py:79} INFO - Running: ['***', 'tasks', 'run', 'first_dag', 'insert_data', 'manual__2022-12-11T20:29:04.151533+00:00', '--job-id', '1461', '--raw', '--subdir', 'DAGS_FOLDER/first-dag.py', '--cfg-path', '/tmp/tmpch0hwtru', '--error-file', '/tmp/tmphrsc1hix']
[2022-12-11 20:29:48,222] {standard_task_runner.py:80} INFO - Job 1461: Subtask insert_data
[2022-12-11 20:29:48,564] {task_command.py:369} INFO - Running <TaskInstance: first_dag.insert_data manual__2022-12-11T20:29:04.151533+00:00 [running]> on host 7e39590a7807
[2022-12-11 20:29:49,115] {taskinstance.py:1571} INFO - Exporting the following env vars:
AIRFLOW_CTX_DAG_OWNER=***
AIRFLOW_CTX_DAG_ID=first_dag
AIRFLOW_CTX_TASK_ID=insert_data
AIRFLOW_CTX_EXECUTION_DATE=2022-12-11T20:29:04.151533+00:00
AIRFLOW_CTX_TRY_NUMBER=1
AIRFLOW_CTX_DAG_RUN_ID=manual__2022-12-11T20:29:04.151533+00:00
[2022-12-11 20:29:49,185] {base.py:68} INFO - Using connection ID 'db' for task execution.
[2022-12-11 20:29:49,248] {logging_mixin.py:115} INFO - PostgreSQL connection is closed
[2022-12-11 20:29:49,250] {python.py:173} INFO - Done. Returned value was: None
[2022-12-11 20:29:49,367] {taskinstance.py:1400} INFO - Marking task as SUCCESS. dag_id=first_dag, task_id=insert_data, execution_date=20221211T202904, start_date=20221211T202947, end_date=20221211T202949
[2022-12-11 20:29:49,521] {local_task_job.py:156} INFO - Task exited with return code 0
[2022-12-11 20:29:49,844] {local_task_job.py:273} INFO - 0 downstream tasks scheduled from follow-on schedule check
