[2022-12-11 20:39:00,426] {taskinstance.py:1159} INFO - Dependencies all met for <TaskInstance: first_dag.insert_data manual__2022-12-11T20:37:47.868656+00:00 [queued]>
[2022-12-11 20:39:00,560] {taskinstance.py:1159} INFO - Dependencies all met for <TaskInstance: first_dag.insert_data manual__2022-12-11T20:37:47.868656+00:00 [queued]>
[2022-12-11 20:39:00,562] {taskinstance.py:1356} INFO - 
--------------------------------------------------------------------------------
[2022-12-11 20:39:00,564] {taskinstance.py:1357} INFO - Starting attempt 1 of 1
[2022-12-11 20:39:00,565] {taskinstance.py:1358} INFO - 
--------------------------------------------------------------------------------
[2022-12-11 20:39:00,706] {taskinstance.py:1377} INFO - Executing <Task(PythonOperator): insert_data> on 2022-12-11 20:37:47.868656+00:00
[2022-12-11 20:39:00,725] {standard_task_runner.py:52} INFO - Started process 6226 to run task
[2022-12-11 20:39:00,777] {standard_task_runner.py:79} INFO - Running: ['***', 'tasks', 'run', 'first_dag', 'insert_data', 'manual__2022-12-11T20:37:47.868656+00:00', '--job-id', '1509', '--raw', '--subdir', 'DAGS_FOLDER/first-dag.py', '--cfg-path', '/tmp/tmptaqwkaq3', '--error-file', '/tmp/tmpbf4udpka']
[2022-12-11 20:39:00,800] {standard_task_runner.py:80} INFO - Job 1509: Subtask insert_data
[2022-12-11 20:39:01,263] {task_command.py:369} INFO - Running <TaskInstance: first_dag.insert_data manual__2022-12-11T20:37:47.868656+00:00 [running]> on host 7e39590a7807
[2022-12-11 20:39:04,994] {taskinstance.py:1571} INFO - Exporting the following env vars:
AIRFLOW_CTX_DAG_OWNER=***
AIRFLOW_CTX_DAG_ID=first_dag
AIRFLOW_CTX_TASK_ID=insert_data
AIRFLOW_CTX_EXECUTION_DATE=2022-12-11T20:37:47.868656+00:00
AIRFLOW_CTX_TRY_NUMBER=1
AIRFLOW_CTX_DAG_RUN_ID=manual__2022-12-11T20:37:47.868656+00:00
[2022-12-11 20:39:05,334] {base.py:68} INFO - Using connection ID 'db' for task execution.
[2022-12-11 20:39:05,504] {logging_mixin.py:115} INFO - insert into task(value_1, value_2) VALUES (7,6
);insert into task(value_1, value_2) VALUES (7,7
);insert into task(value_1, value_2) VALUES (6,9
);insert into task(value_1, value_2) VALUES (5,3
);insert into task(value_1, value_2) VALUES (9,9
);
[2022-12-11 20:39:05,519] {logging_mixin.py:115} INFO - PostgreSQL connection is closed
[2022-12-11 20:39:05,521] {python.py:173} INFO - Done. Returned value was: None
[2022-12-11 20:39:05,635] {taskinstance.py:1400} INFO - Marking task as SUCCESS. dag_id=first_dag, task_id=insert_data, execution_date=20221211T203747, start_date=20221211T203900, end_date=20221211T203905
[2022-12-11 20:39:05,784] {local_task_job.py:156} INFO - Task exited with return code 0
[2022-12-11 20:39:06,058] {local_task_job.py:273} INFO - 0 downstream tasks scheduled from follow-on schedule check
