[2022-12-04 16:41:48,098] {taskinstance.py:1159} INFO - Dependencies all met for <TaskInstance: first_dag.hello_task scheduled__2022-01-21T00:00:00+00:00 [queued]>
[2022-12-04 16:41:48,253] {taskinstance.py:1159} INFO - Dependencies all met for <TaskInstance: first_dag.hello_task scheduled__2022-01-21T00:00:00+00:00 [queued]>
[2022-12-04 16:41:48,254] {taskinstance.py:1356} INFO - 
--------------------------------------------------------------------------------
[2022-12-04 16:41:48,257] {taskinstance.py:1357} INFO - Starting attempt 1 of 1
[2022-12-04 16:41:48,262] {taskinstance.py:1358} INFO - 
--------------------------------------------------------------------------------
[2022-12-04 16:41:48,425] {taskinstance.py:1377} INFO - Executing <Task(BashOperator): hello_task> on 2022-01-21 00:00:00+00:00
[2022-12-04 16:41:48,485] {standard_task_runner.py:52} INFO - Started process 858 to run task
[2022-12-04 16:41:48,544] {standard_task_runner.py:79} INFO - Running: ['***', 'tasks', 'run', 'first_dag', 'hello_task', 'scheduled__2022-01-21T00:00:00+00:00', '--job-id', '142', '--raw', '--subdir', 'DAGS_FOLDER/first-dag.py', '--cfg-path', '/tmp/tmp9eimqll3', '--error-file', '/tmp/tmp5lpy0czg']
[2022-12-04 16:41:48,547] {standard_task_runner.py:80} INFO - Job 142: Subtask hello_task
[2022-12-04 16:41:49,299] {task_command.py:369} INFO - Running <TaskInstance: first_dag.hello_task scheduled__2022-01-21T00:00:00+00:00 [running]> on host fb90b48d1471
[2022-12-04 16:41:50,109] {taskinstance.py:1571} INFO - Exporting the following env vars:
AIRFLOW_CTX_DAG_OWNER=***
AIRFLOW_CTX_DAG_ID=first_dag
AIRFLOW_CTX_TASK_ID=hello_task
AIRFLOW_CTX_EXECUTION_DATE=2022-01-21T00:00:00+00:00
AIRFLOW_CTX_TRY_NUMBER=1
AIRFLOW_CTX_DAG_RUN_ID=scheduled__2022-01-21T00:00:00+00:00
[2022-12-04 16:41:50,125] {subprocess.py:62} INFO - Tmp dir root location: 
 /tmp
[2022-12-04 16:41:50,139] {subprocess.py:74} INFO - Running command: ['bash', '-c', 'echo hello']
[2022-12-04 16:41:50,248] {subprocess.py:85} INFO - Output:
[2022-12-04 16:41:50,268] {subprocess.py:92} INFO - hello
[2022-12-04 16:41:50,274] {subprocess.py:96} INFO - Command exited with return code 0
[2022-12-04 16:41:50,357] {taskinstance.py:1400} INFO - Marking task as SUCCESS. dag_id=first_dag, task_id=hello_task, execution_date=20220121T000000, start_date=20221204T164148, end_date=20221204T164150
[2022-12-04 16:41:50,515] {local_task_job.py:156} INFO - Task exited with return code 0
[2022-12-04 16:41:50,679] {local_task_job.py:273} INFO - 1 downstream tasks scheduled from follow-on schedule check
