[2022-12-11 14:35:04,653] {taskinstance.py:1159} INFO - Dependencies all met for <TaskInstance: first_dag.sum_column_task scheduled__2022-12-11T14:34:00+00:00 [queued]>
[2022-12-11 14:35:04,666] {taskinstance.py:1159} INFO - Dependencies all met for <TaskInstance: first_dag.sum_column_task scheduled__2022-12-11T14:34:00+00:00 [queued]>
[2022-12-11 14:35:04,667] {taskinstance.py:1356} INFO - 
--------------------------------------------------------------------------------
[2022-12-11 14:35:04,668] {taskinstance.py:1357} INFO - Starting attempt 1 of 1
[2022-12-11 14:35:04,669] {taskinstance.py:1358} INFO - 
--------------------------------------------------------------------------------
[2022-12-11 14:35:04,693] {taskinstance.py:1377} INFO - Executing <Task(PythonOperator): sum_column_task> on 2022-12-11 14:34:00+00:00
[2022-12-11 14:35:04,698] {standard_task_runner.py:52} INFO - Started process 942 to run task
[2022-12-11 14:35:04,710] {standard_task_runner.py:79} INFO - Running: ['***', 'tasks', 'run', 'first_dag', 'sum_column_task', 'scheduled__2022-12-11T14:34:00+00:00', '--job-id', '510', '--raw', '--subdir', 'DAGS_FOLDER/first-dag.py', '--cfg-path', '/tmp/tmprjw80t_k', '--error-file', '/tmp/tmp8wl4gyao']
[2022-12-11 14:35:04,712] {standard_task_runner.py:80} INFO - Job 510: Subtask sum_column_task
[2022-12-11 14:35:04,829] {task_command.py:369} INFO - Running <TaskInstance: first_dag.sum_column_task scheduled__2022-12-11T14:34:00+00:00 [running]> on host 7e39590a7807
[2022-12-11 14:35:05,131] {taskinstance.py:1571} INFO - Exporting the following env vars:
AIRFLOW_CTX_DAG_OWNER=***
AIRFLOW_CTX_DAG_ID=first_dag
AIRFLOW_CTX_TASK_ID=sum_column_task
AIRFLOW_CTX_EXECUTION_DATE=2022-12-11T14:34:00+00:00
AIRFLOW_CTX_TRY_NUMBER=1
AIRFLOW_CTX_DAG_RUN_ID=scheduled__2022-12-11T14:34:00+00:00
[2022-12-11 14:35:05,176] {python.py:173} INFO - Done. Returned value was: -446
[2022-12-11 14:35:05,233] {taskinstance.py:1400} INFO - Marking task as SUCCESS. dag_id=first_dag, task_id=sum_column_task, execution_date=20221211T143400, start_date=20221211T143504, end_date=20221211T143505
[2022-12-11 14:35:05,264] {local_task_job.py:156} INFO - Task exited with return code 0
[2022-12-11 14:35:05,333] {local_task_job.py:273} INFO - 1 downstream tasks scheduled from follow-on schedule check
