[2022-12-11 20:23:55,531] {taskinstance.py:1159} INFO - Dependencies all met for <TaskInstance: first_dag.write_diff_task manual__2022-12-11T20:23:25.714226+00:00 [queued]>
[2022-12-11 20:23:55,584] {taskinstance.py:1159} INFO - Dependencies all met for <TaskInstance: first_dag.write_diff_task manual__2022-12-11T20:23:25.714226+00:00 [queued]>
[2022-12-11 20:23:55,587] {taskinstance.py:1356} INFO - 
--------------------------------------------------------------------------------
[2022-12-11 20:23:55,588] {taskinstance.py:1357} INFO - Starting attempt 1 of 1
[2022-12-11 20:23:55,590] {taskinstance.py:1358} INFO - 
--------------------------------------------------------------------------------
[2022-12-11 20:23:55,646] {taskinstance.py:1377} INFO - Executing <Task(PythonOperator): write_diff_task> on 2022-12-11 20:23:25.714226+00:00
[2022-12-11 20:23:55,668] {standard_task_runner.py:52} INFO - Started process 5864 to run task
[2022-12-11 20:23:55,688] {standard_task_runner.py:79} INFO - Running: ['***', 'tasks', 'run', 'first_dag', 'write_diff_task', 'manual__2022-12-11T20:23:25.714226+00:00', '--job-id', '1410', '--raw', '--subdir', 'DAGS_FOLDER/first-dag.py', '--cfg-path', '/tmp/tmp09efw7v0', '--error-file', '/tmp/tmpp4tgqndr']
[2022-12-11 20:23:55,696] {standard_task_runner.py:80} INFO - Job 1410: Subtask write_diff_task
[2022-12-11 20:23:55,875] {task_command.py:369} INFO - Running <TaskInstance: first_dag.write_diff_task manual__2022-12-11T20:23:25.714226+00:00 [running]> on host 7e39590a7807
[2022-12-11 20:23:56,192] {taskinstance.py:1571} INFO - Exporting the following env vars:
AIRFLOW_CTX_DAG_OWNER=***
AIRFLOW_CTX_DAG_ID=first_dag
AIRFLOW_CTX_TASK_ID=write_diff_task
AIRFLOW_CTX_EXECUTION_DATE=2022-12-11T20:23:25.714226+00:00
AIRFLOW_CTX_TRY_NUMBER=1
AIRFLOW_CTX_DAG_RUN_ID=manual__2022-12-11T20:23:25.714226+00:00
[2022-12-11 20:23:56,329] {python.py:173} INFO - Done. Returned value was: None
[2022-12-11 20:23:56,671] {taskinstance.py:1400} INFO - Marking task as SUCCESS. dag_id=first_dag, task_id=write_diff_task, execution_date=20221211T202325, start_date=20221211T202355, end_date=20221211T202356
[2022-12-11 20:23:56,812] {local_task_job.py:156} INFO - Task exited with return code 0
[2022-12-11 20:23:57,003] {local_task_job.py:273} INFO - 1 downstream tasks scheduled from follow-on schedule check
