[2022-12-11 15:13:03,537] {taskinstance.py:1159} INFO - Dependencies all met for <TaskInstance: first_dag.hello_task manual__2022-12-11T15:13:02.661027+00:00 [queued]>
[2022-12-11 15:13:03,557] {taskinstance.py:1159} INFO - Dependencies all met for <TaskInstance: first_dag.hello_task manual__2022-12-11T15:13:02.661027+00:00 [queued]>
[2022-12-11 15:13:03,559] {taskinstance.py:1356} INFO - 
--------------------------------------------------------------------------------
[2022-12-11 15:13:03,561] {taskinstance.py:1357} INFO - Starting attempt 1 of 1
[2022-12-11 15:13:03,562] {taskinstance.py:1358} INFO - 
--------------------------------------------------------------------------------
[2022-12-11 15:13:03,591] {taskinstance.py:1377} INFO - Executing <Task(BashOperator): hello_task> on 2022-12-11 15:13:02.661027+00:00
[2022-12-11 15:13:03,600] {standard_task_runner.py:52} INFO - Started process 2156 to run task
[2022-12-11 15:13:03,620] {standard_task_runner.py:79} INFO - Running: ['***', 'tasks', 'run', 'first_dag', 'hello_task', 'manual__2022-12-11T15:13:02.661027+00:00', '--job-id', '784', '--raw', '--subdir', 'DAGS_FOLDER/first-dag.py', '--cfg-path', '/tmp/tmpna6t2h5v', '--error-file', '/tmp/tmpq_u9ecju']
[2022-12-11 15:13:03,623] {standard_task_runner.py:80} INFO - Job 784: Subtask hello_task
[2022-12-11 15:13:03,732] {task_command.py:369} INFO - Running <TaskInstance: first_dag.hello_task manual__2022-12-11T15:13:02.661027+00:00 [running]> on host 7e39590a7807
[2022-12-11 15:13:03,854] {taskinstance.py:1571} INFO - Exporting the following env vars:
AIRFLOW_CTX_DAG_OWNER=***
AIRFLOW_CTX_DAG_ID=first_dag
AIRFLOW_CTX_TASK_ID=hello_task
AIRFLOW_CTX_EXECUTION_DATE=2022-12-11T15:13:02.661027+00:00
AIRFLOW_CTX_TRY_NUMBER=1
AIRFLOW_CTX_DAG_RUN_ID=manual__2022-12-11T15:13:02.661027+00:00
[2022-12-11 15:13:03,865] {subprocess.py:62} INFO - Tmp dir root location: 
 /tmp
[2022-12-11 15:13:03,868] {subprocess.py:74} INFO - Running command: ['bash', '-c', 'echo hello']
[2022-12-11 15:13:03,891] {subprocess.py:85} INFO - Output:
[2022-12-11 15:13:03,898] {subprocess.py:92} INFO - hello
[2022-12-11 15:13:03,900] {subprocess.py:96} INFO - Command exited with return code 0
[2022-12-11 15:13:03,967] {taskinstance.py:1400} INFO - Marking task as SUCCESS. dag_id=first_dag, task_id=hello_task, execution_date=20221211T151302, start_date=20221211T151303, end_date=20221211T151303
[2022-12-11 15:13:04,036] {local_task_job.py:156} INFO - Task exited with return code 0
[2022-12-11 15:13:04,185] {local_task_job.py:273} INFO - 1 downstream tasks scheduled from follow-on schedule check
