[2022-12-04 19:35:02,862] {taskinstance.py:1159} INFO - Dependencies all met for <TaskInstance: first_dag.printer manual__2022-12-04T19:35:02.066188+00:00 [queued]>
[2022-12-04 19:35:02,882] {taskinstance.py:1159} INFO - Dependencies all met for <TaskInstance: first_dag.printer manual__2022-12-04T19:35:02.066188+00:00 [queued]>
[2022-12-04 19:35:02,884] {taskinstance.py:1356} INFO - 
--------------------------------------------------------------------------------
[2022-12-04 19:35:02,884] {taskinstance.py:1357} INFO - Starting attempt 1 of 1
[2022-12-04 19:35:02,885] {taskinstance.py:1358} INFO - 
--------------------------------------------------------------------------------
[2022-12-04 19:35:02,910] {taskinstance.py:1377} INFO - Executing <Task(PythonOperator): printer> on 2022-12-04 19:35:02.066188+00:00
[2022-12-04 19:35:02,914] {standard_task_runner.py:52} INFO - Started process 524 to run task
[2022-12-04 19:35:02,923] {standard_task_runner.py:79} INFO - Running: ['***', 'tasks', 'run', 'first_dag', 'printer', 'manual__2022-12-04T19:35:02.066188+00:00', '--job-id', '273', '--raw', '--subdir', 'DAGS_FOLDER/first-dag.py', '--cfg-path', '/tmp/tmpv40z783p', '--error-file', '/tmp/tmpv3vtggni']
[2022-12-04 19:35:02,925] {standard_task_runner.py:80} INFO - Job 273: Subtask printer
[2022-12-04 19:35:03,020] {task_command.py:369} INFO - Running <TaskInstance: first_dag.printer manual__2022-12-04T19:35:02.066188+00:00 [running]> on host 4393b4454aa8
[2022-12-04 19:35:03,187] {taskinstance.py:1571} INFO - Exporting the following env vars:
AIRFLOW_CTX_DAG_OWNER=***
AIRFLOW_CTX_DAG_ID=first_dag
AIRFLOW_CTX_TASK_ID=printer
AIRFLOW_CTX_EXECUTION_DATE=2022-12-04T19:35:02.066188+00:00
AIRFLOW_CTX_TRY_NUMBER=1
AIRFLOW_CTX_DAG_RUN_ID=manual__2022-12-04T19:35:02.066188+00:00
[2022-12-04 19:35:03,240] {logging_mixin.py:115} INFO - The value is: None
[2022-12-04 19:35:03,242] {python.py:173} INFO - Done. Returned value was: None
[2022-12-04 19:35:03,294] {taskinstance.py:1400} INFO - Marking task as SUCCESS. dag_id=first_dag, task_id=printer, execution_date=20221204T193502, start_date=20221204T193502, end_date=20221204T193503
[2022-12-04 19:35:03,392] {local_task_job.py:156} INFO - Task exited with return code 0
[2022-12-04 19:35:03,550] {local_task_job.py:273} INFO - 0 downstream tasks scheduled from follow-on schedule check
