[2022-12-11 15:06:00,479] {taskinstance.py:1159} INFO - Dependencies all met for <TaskInstance: first_dag.hello_task scheduled__2022-12-11T15:05:00+00:00 [queued]>
[2022-12-11 15:06:00,497] {taskinstance.py:1159} INFO - Dependencies all met for <TaskInstance: first_dag.hello_task scheduled__2022-12-11T15:05:00+00:00 [queued]>
[2022-12-11 15:06:00,498] {taskinstance.py:1356} INFO - 
--------------------------------------------------------------------------------
[2022-12-11 15:06:00,499] {taskinstance.py:1357} INFO - Starting attempt 1 of 1
[2022-12-11 15:06:00,500] {taskinstance.py:1358} INFO - 
--------------------------------------------------------------------------------
[2022-12-11 15:06:00,519] {taskinstance.py:1377} INFO - Executing <Task(BashOperator): hello_task> on 2022-12-11 15:05:00+00:00
[2022-12-11 15:06:00,525] {standard_task_runner.py:52} INFO - Started process 1831 to run task
[2022-12-11 15:06:00,531] {standard_task_runner.py:79} INFO - Running: ['***', 'tasks', 'run', 'first_dag', 'hello_task', 'scheduled__2022-12-11T15:05:00+00:00', '--job-id', '696', '--raw', '--subdir', 'DAGS_FOLDER/first-dag.py', '--cfg-path', '/tmp/tmpl6x9rqam', '--error-file', '/tmp/tmpsgn1d7zg']
[2022-12-11 15:06:00,534] {standard_task_runner.py:80} INFO - Job 696: Subtask hello_task
[2022-12-11 15:06:00,644] {task_command.py:369} INFO - Running <TaskInstance: first_dag.hello_task scheduled__2022-12-11T15:05:00+00:00 [running]> on host 7e39590a7807
[2022-12-11 15:06:00,774] {taskinstance.py:1571} INFO - Exporting the following env vars:
AIRFLOW_CTX_DAG_OWNER=***
AIRFLOW_CTX_DAG_ID=first_dag
AIRFLOW_CTX_TASK_ID=hello_task
AIRFLOW_CTX_EXECUTION_DATE=2022-12-11T15:05:00+00:00
AIRFLOW_CTX_TRY_NUMBER=1
AIRFLOW_CTX_DAG_RUN_ID=scheduled__2022-12-11T15:05:00+00:00
[2022-12-11 15:06:00,776] {subprocess.py:62} INFO - Tmp dir root location: 
 /tmp
[2022-12-11 15:06:00,779] {subprocess.py:74} INFO - Running command: ['bash', '-c', 'echo hello']
[2022-12-11 15:06:00,794] {subprocess.py:85} INFO - Output:
[2022-12-11 15:06:00,800] {subprocess.py:92} INFO - hello
[2022-12-11 15:06:00,801] {subprocess.py:96} INFO - Command exited with return code 0
[2022-12-11 15:06:00,847] {taskinstance.py:1400} INFO - Marking task as SUCCESS. dag_id=first_dag, task_id=hello_task, execution_date=20221211T150500, start_date=20221211T150600, end_date=20221211T150600
[2022-12-11 15:06:00,914] {local_task_job.py:156} INFO - Task exited with return code 0
[2022-12-11 15:06:00,983] {local_task_job.py:273} INFO - 1 downstream tasks scheduled from follow-on schedule check
