[2022-12-12 05:25:32,279] {taskinstance.py:1159} INFO - Dependencies all met for <TaskInstance: first_dag.insert_data manual__2022-12-12T05:25:27.068019+00:00 [queued]>
[2022-12-12 05:25:32,311] {taskinstance.py:1159} INFO - Dependencies all met for <TaskInstance: first_dag.insert_data manual__2022-12-12T05:25:27.068019+00:00 [queued]>
[2022-12-12 05:25:32,313] {taskinstance.py:1356} INFO - 
--------------------------------------------------------------------------------
[2022-12-12 05:25:32,314] {taskinstance.py:1357} INFO - Starting attempt 1 of 1
[2022-12-12 05:25:32,315] {taskinstance.py:1358} INFO - 
--------------------------------------------------------------------------------
[2022-12-12 05:25:32,345] {taskinstance.py:1377} INFO - Executing <Task(PythonOperator): insert_data> on 2022-12-12 05:25:27.068019+00:00
[2022-12-12 05:25:32,351] {standard_task_runner.py:52} INFO - Started process 7742 to run task
[2022-12-12 05:25:32,376] {standard_task_runner.py:79} INFO - Running: ['***', 'tasks', 'run', 'first_dag', 'insert_data', 'manual__2022-12-12T05:25:27.068019+00:00', '--job-id', '1628', '--raw', '--subdir', 'DAGS_FOLDER/first-dag.py', '--cfg-path', '/tmp/tmp819h51w1', '--error-file', '/tmp/tmptnp_xyal']
[2022-12-12 05:25:32,380] {standard_task_runner.py:80} INFO - Job 1628: Subtask insert_data
[2022-12-12 05:25:32,511] {task_command.py:369} INFO - Running <TaskInstance: first_dag.insert_data manual__2022-12-12T05:25:27.068019+00:00 [running]> on host 7e39590a7807
[2022-12-12 05:25:32,865] {taskinstance.py:1571} INFO - Exporting the following env vars:
AIRFLOW_CTX_DAG_OWNER=***
AIRFLOW_CTX_DAG_ID=first_dag
AIRFLOW_CTX_TASK_ID=insert_data
AIRFLOW_CTX_EXECUTION_DATE=2022-12-12T05:25:27.068019+00:00
AIRFLOW_CTX_TRY_NUMBER=1
AIRFLOW_CTX_DAG_RUN_ID=manual__2022-12-12T05:25:27.068019+00:00
[2022-12-12 05:25:32,908] {base.py:68} INFO - Using connection ID 'db' for task execution.
[2022-12-12 05:25:32,945] {logging_mixin.py:115} INFO - insert into task(value_1, value_2) VALUES (2,1
);
[2022-12-12 05:25:32,958] {logging_mixin.py:115} INFO - PostgreSQL connection is closed
[2022-12-12 05:25:32,959] {python.py:173} INFO - Done. Returned value was: None
[2022-12-12 05:25:33,008] {taskinstance.py:1400} INFO - Marking task as SUCCESS. dag_id=first_dag, task_id=insert_data, execution_date=20221212T052527, start_date=20221212T052532, end_date=20221212T052533
[2022-12-12 05:25:33,077] {local_task_job.py:156} INFO - Task exited with return code 0
[2022-12-12 05:25:33,310] {local_task_job.py:273} INFO - 1 downstream tasks scheduled from follow-on schedule check
