[2022-12-11 14:28:03,115] {taskinstance.py:1159} INFO - Dependencies all met for <TaskInstance: first_dag.generate_two_int_task scheduled__2022-12-11T14:27:00+00:00 [queued]>
[2022-12-11 14:28:03,136] {taskinstance.py:1159} INFO - Dependencies all met for <TaskInstance: first_dag.generate_two_int_task scheduled__2022-12-11T14:27:00+00:00 [queued]>
[2022-12-11 14:28:03,138] {taskinstance.py:1356} INFO - 
--------------------------------------------------------------------------------
[2022-12-11 14:28:03,139] {taskinstance.py:1357} INFO - Starting attempt 1 of 1
[2022-12-11 14:28:03,140] {taskinstance.py:1358} INFO - 
--------------------------------------------------------------------------------
[2022-12-11 14:28:03,159] {taskinstance.py:1377} INFO - Executing <Task(PythonOperator): generate_two_int_task> on 2022-12-11 14:27:00+00:00
[2022-12-11 14:28:03,169] {standard_task_runner.py:52} INFO - Started process 743 to run task
[2022-12-11 14:28:03,172] {standard_task_runner.py:79} INFO - Running: ['***', 'tasks', 'run', 'first_dag', 'generate_two_int_task', 'scheduled__2022-12-11T14:27:00+00:00', '--job-id', '460', '--raw', '--subdir', 'DAGS_FOLDER/first-dag.py', '--cfg-path', '/tmp/tmpxbefs_l8', '--error-file', '/tmp/tmp5mrhse_z']
[2022-12-11 14:28:03,175] {standard_task_runner.py:80} INFO - Job 460: Subtask generate_two_int_task
[2022-12-11 14:28:03,271] {task_command.py:369} INFO - Running <TaskInstance: first_dag.generate_two_int_task scheduled__2022-12-11T14:27:00+00:00 [running]> on host 7e39590a7807
[2022-12-11 14:28:03,410] {taskinstance.py:1571} INFO - Exporting the following env vars:
AIRFLOW_CTX_DAG_OWNER=***
AIRFLOW_CTX_DAG_ID=first_dag
AIRFLOW_CTX_TASK_ID=generate_two_int_task
AIRFLOW_CTX_EXECUTION_DATE=2022-12-11T14:27:00+00:00
AIRFLOW_CTX_TRY_NUMBER=1
AIRFLOW_CTX_DAG_RUN_ID=scheduled__2022-12-11T14:27:00+00:00
[2022-12-11 14:28:03,431] {python.py:173} INFO - Done. Returned value was: None
[2022-12-11 14:28:03,450] {taskinstance.py:1400} INFO - Marking task as SUCCESS. dag_id=first_dag, task_id=generate_two_int_task, execution_date=20221211T142700, start_date=20221211T142803, end_date=20221211T142803
[2022-12-11 14:28:03,479] {local_task_job.py:156} INFO - Task exited with return code 0
[2022-12-11 14:28:03,533] {local_task_job.py:273} INFO - 0 downstream tasks scheduled from follow-on schedule check
