[2022-12-11 20:00:33,762] {taskinstance.py:1159} INFO - Dependencies all met for <TaskInstance: first_dag.branch_operator manual__2022-12-11T19:59:55.921958+00:00 [queued]>
[2022-12-11 20:00:33,786] {taskinstance.py:1159} INFO - Dependencies all met for <TaskInstance: first_dag.branch_operator manual__2022-12-11T19:59:55.921958+00:00 [queued]>
[2022-12-11 20:00:33,788] {taskinstance.py:1356} INFO - 
--------------------------------------------------------------------------------
[2022-12-11 20:00:33,789] {taskinstance.py:1357} INFO - Starting attempt 1 of 1
[2022-12-11 20:00:33,789] {taskinstance.py:1358} INFO - 
--------------------------------------------------------------------------------
[2022-12-11 20:00:33,814] {taskinstance.py:1377} INFO - Executing <Task(BranchPythonOperator): branch_operator> on 2022-12-11 19:59:55.921958+00:00
[2022-12-11 20:00:33,828] {standard_task_runner.py:52} INFO - Started process 5433 to run task
[2022-12-11 20:00:33,838] {standard_task_runner.py:79} INFO - Running: ['***', 'tasks', 'run', 'first_dag', 'branch_operator', 'manual__2022-12-11T19:59:55.921958+00:00', '--job-id', '1334', '--raw', '--subdir', 'DAGS_FOLDER/first-dag.py', '--cfg-path', '/tmp/tmp9ehw_lj9', '--error-file', '/tmp/tmp3ffkz5m_']
[2022-12-11 20:00:33,842] {standard_task_runner.py:80} INFO - Job 1334: Subtask branch_operator
[2022-12-11 20:00:33,993] {task_command.py:369} INFO - Running <TaskInstance: first_dag.branch_operator manual__2022-12-11T19:59:55.921958+00:00 [running]> on host 7e39590a7807
[2022-12-11 20:00:34,118] {taskinstance.py:1571} INFO - Exporting the following env vars:
AIRFLOW_CTX_DAG_OWNER=***
AIRFLOW_CTX_DAG_ID=first_dag
AIRFLOW_CTX_TASK_ID=branch_operator
AIRFLOW_CTX_EXECUTION_DATE=2022-12-11T19:59:55.921958+00:00
AIRFLOW_CTX_TRY_NUMBER=1
AIRFLOW_CTX_DAG_RUN_ID=manual__2022-12-11T19:59:55.921958+00:00
[2022-12-11 20:00:34,141] {python.py:173} INFO - Done. Returned value was: create_task_table
[2022-12-11 20:00:34,143] {skipmixin.py:140} INFO - Following branch create_task_table
[2022-12-11 20:00:34,144] {skipmixin.py:175} INFO - Skipping tasks ['bash_error']
[2022-12-11 20:00:34,221] {taskinstance.py:1400} INFO - Marking task as SUCCESS. dag_id=first_dag, task_id=branch_operator, execution_date=20221211T195955, start_date=20221211T200033, end_date=20221211T200034
[2022-12-11 20:00:34,262] {local_task_job.py:156} INFO - Task exited with return code 0
[2022-12-11 20:00:34,331] {local_task_job.py:273} INFO - 1 downstream tasks scheduled from follow-on schedule check
