[2022-12-04 17:02:35,632] {taskinstance.py:1159} INFO - Dependencies all met for <TaskInstance: first_dag.generate_two_int_task manual__2022-12-04T17:02:32.615449+00:00 [queued]>
[2022-12-04 17:02:35,645] {taskinstance.py:1159} INFO - Dependencies all met for <TaskInstance: first_dag.generate_two_int_task manual__2022-12-04T17:02:32.615449+00:00 [queued]>
[2022-12-04 17:02:35,647] {taskinstance.py:1356} INFO - 
--------------------------------------------------------------------------------
[2022-12-04 17:02:35,648] {taskinstance.py:1357} INFO - Starting attempt 1 of 1
[2022-12-04 17:02:35,649] {taskinstance.py:1358} INFO - 
--------------------------------------------------------------------------------
[2022-12-04 17:02:35,668] {taskinstance.py:1377} INFO - Executing <Task(PythonOperator): generate_two_int_task> on 2022-12-04 17:02:32.615449+00:00
[2022-12-04 17:02:35,674] {standard_task_runner.py:52} INFO - Started process 1196 to run task
[2022-12-04 17:02:35,684] {standard_task_runner.py:79} INFO - Running: ['***', 'tasks', 'run', 'first_dag', 'generate_two_int_task', 'manual__2022-12-04T17:02:32.615449+00:00', '--job-id', '185', '--raw', '--subdir', 'DAGS_FOLDER/first-dag.py', '--cfg-path', '/tmp/tmp31_98lor', '--error-file', '/tmp/tmpi4y3lz_j']
[2022-12-04 17:02:35,686] {standard_task_runner.py:80} INFO - Job 185: Subtask generate_two_int_task
[2022-12-04 17:02:35,761] {task_command.py:369} INFO - Running <TaskInstance: first_dag.generate_two_int_task manual__2022-12-04T17:02:32.615449+00:00 [running]> on host fb90b48d1471
[2022-12-04 17:02:35,864] {taskinstance.py:1571} INFO - Exporting the following env vars:
AIRFLOW_CTX_DAG_OWNER=***
AIRFLOW_CTX_DAG_ID=first_dag
AIRFLOW_CTX_TASK_ID=generate_two_int_task
AIRFLOW_CTX_EXECUTION_DATE=2022-12-04T17:02:32.615449+00:00
AIRFLOW_CTX_TRY_NUMBER=1
AIRFLOW_CTX_DAG_RUN_ID=manual__2022-12-04T17:02:32.615449+00:00
[2022-12-04 17:02:35,885] {python.py:173} INFO - Done. Returned value was: None
[2022-12-04 17:02:35,906] {taskinstance.py:1400} INFO - Marking task as SUCCESS. dag_id=first_dag, task_id=generate_two_int_task, execution_date=20221204T170232, start_date=20221204T170235, end_date=20221204T170235
[2022-12-04 17:02:35,935] {local_task_job.py:156} INFO - Task exited with return code 0
[2022-12-04 17:02:35,982] {local_task_job.py:273} INFO - 0 downstream tasks scheduled from follow-on schedule check
