[2022-12-11 20:19:08,830] {taskinstance.py:1159} INFO - Dependencies all met for <TaskInstance: first_dag.world manual__2022-12-11T20:19:04.887695+00:00 [queued]>
[2022-12-11 20:19:08,900] {taskinstance.py:1159} INFO - Dependencies all met for <TaskInstance: first_dag.world manual__2022-12-11T20:19:04.887695+00:00 [queued]>
[2022-12-11 20:19:08,901] {taskinstance.py:1356} INFO - 
--------------------------------------------------------------------------------
[2022-12-11 20:19:08,902] {taskinstance.py:1357} INFO - Starting attempt 1 of 1
[2022-12-11 20:19:08,904] {taskinstance.py:1358} INFO - 
--------------------------------------------------------------------------------
[2022-12-11 20:19:08,958] {taskinstance.py:1377} INFO - Executing <Task(PythonOperator): world> on 2022-12-11 20:19:04.887695+00:00
[2022-12-11 20:19:08,969] {standard_task_runner.py:52} INFO - Started process 5682 to run task
[2022-12-11 20:19:08,995] {standard_task_runner.py:79} INFO - Running: ['***', 'tasks', 'run', 'first_dag', 'world', 'manual__2022-12-11T20:19:04.887695+00:00', '--job-id', '1347', '--raw', '--subdir', 'DAGS_FOLDER/first-dag.py', '--cfg-path', '/tmp/tmpxmk8hs50', '--error-file', '/tmp/tmpi25cqsox']
[2022-12-11 20:19:08,999] {standard_task_runner.py:80} INFO - Job 1347: Subtask world
[2022-12-11 20:19:09,254] {task_command.py:369} INFO - Running <TaskInstance: first_dag.world manual__2022-12-11T20:19:04.887695+00:00 [running]> on host 7e39590a7807
[2022-12-11 20:19:11,040] {taskinstance.py:1571} INFO - Exporting the following env vars:
AIRFLOW_CTX_DAG_OWNER=***
AIRFLOW_CTX_DAG_ID=first_dag
AIRFLOW_CTX_TASK_ID=world
AIRFLOW_CTX_EXECUTION_DATE=2022-12-11T20:19:04.887695+00:00
AIRFLOW_CTX_TRY_NUMBER=1
AIRFLOW_CTX_DAG_RUN_ID=manual__2022-12-11T20:19:04.887695+00:00
[2022-12-11 20:19:11,073] {logging_mixin.py:115} INFO - Airflow
[2022-12-11 20:19:11,093] {python.py:173} INFO - Done. Returned value was: None
[2022-12-11 20:19:44,619] {taskinstance.py:1400} INFO - Marking task as SUCCESS. dag_id=first_dag, task_id=world, execution_date=20221211T201904, start_date=20221211T201908, end_date=20221211T201944
[2022-12-11 20:19:44,896] {local_task_job.py:156} INFO - Task exited with return code 0
[2022-12-11 20:19:46,345] {local_task_job.py:273} INFO - 1 downstream tasks scheduled from follow-on schedule check
