[2022-12-04 16:40:57,241] {taskinstance.py:1159} INFO - Dependencies all met for <TaskInstance: first_dag.world scheduled__2021-01-01T06:10:00+00:00 [queued]>
[2022-12-04 16:40:57,394] {taskinstance.py:1159} INFO - Dependencies all met for <TaskInstance: first_dag.world scheduled__2021-01-01T06:10:00+00:00 [queued]>
[2022-12-04 16:40:57,395] {taskinstance.py:1356} INFO - 
--------------------------------------------------------------------------------
[2022-12-04 16:40:57,396] {taskinstance.py:1357} INFO - Starting attempt 1 of 1
[2022-12-04 16:40:57,398] {taskinstance.py:1358} INFO - 
--------------------------------------------------------------------------------
[2022-12-04 16:40:57,616] {taskinstance.py:1377} INFO - Executing <Task(PythonOperator): world> on 2021-01-01 06:10:00+00:00
[2022-12-04 16:40:57,668] {standard_task_runner.py:52} INFO - Started process 674 to run task
[2022-12-04 16:40:57,693] {standard_task_runner.py:79} INFO - Running: ['***', 'tasks', 'run', 'first_dag', 'world', 'scheduled__2021-01-01T06:10:00+00:00', '--job-id', '73', '--raw', '--subdir', 'DAGS_FOLDER/first-dag.py', '--cfg-path', '/tmp/tmpqlk7dv4b', '--error-file', '/tmp/tmpqh25d33o']
[2022-12-04 16:40:57,698] {standard_task_runner.py:80} INFO - Job 73: Subtask world
[2022-12-04 16:40:58,106] {task_command.py:369} INFO - Running <TaskInstance: first_dag.world scheduled__2021-01-01T06:10:00+00:00 [running]> on host fb90b48d1471
[2022-12-04 16:40:59,049] {taskinstance.py:1571} INFO - Exporting the following env vars:
AIRFLOW_CTX_DAG_OWNER=***
AIRFLOW_CTX_DAG_ID=first_dag
AIRFLOW_CTX_TASK_ID=world
AIRFLOW_CTX_EXECUTION_DATE=2021-01-01T06:10:00+00:00
AIRFLOW_CTX_TRY_NUMBER=1
AIRFLOW_CTX_DAG_RUN_ID=scheduled__2021-01-01T06:10:00+00:00
[2022-12-04 16:40:59,059] {logging_mixin.py:115} INFO - Airflow
[2022-12-04 16:40:59,061] {python.py:173} INFO - Done. Returned value was: None
[2022-12-04 16:40:59,210] {taskinstance.py:1400} INFO - Marking task as SUCCESS. dag_id=first_dag, task_id=world, execution_date=20210101T061000, start_date=20221204T164057, end_date=20221204T164059
[2022-12-04 16:40:59,625] {local_task_job.py:156} INFO - Task exited with return code 0
[2022-12-04 16:40:59,970] {local_task_job.py:273} INFO - 0 downstream tasks scheduled from follow-on schedule check
