[2022-12-11 15:13:05,863] {taskinstance.py:1159} INFO - Dependencies all met for <TaskInstance: first_dag.generate_two_int_task manual__2022-12-11T15:13:02.661027+00:00 [queued]>
[2022-12-11 15:13:05,891] {taskinstance.py:1159} INFO - Dependencies all met for <TaskInstance: first_dag.generate_two_int_task manual__2022-12-11T15:13:02.661027+00:00 [queued]>
[2022-12-11 15:13:05,892] {taskinstance.py:1356} INFO - 
--------------------------------------------------------------------------------
[2022-12-11 15:13:05,894] {taskinstance.py:1357} INFO - Starting attempt 1 of 1
[2022-12-11 15:13:05,895] {taskinstance.py:1358} INFO - 
--------------------------------------------------------------------------------
[2022-12-11 15:13:05,924] {taskinstance.py:1377} INFO - Executing <Task(PythonOperator): generate_two_int_task> on 2022-12-11 15:13:02.661027+00:00
[2022-12-11 15:13:05,929] {standard_task_runner.py:52} INFO - Started process 2165 to run task
[2022-12-11 15:13:05,943] {standard_task_runner.py:79} INFO - Running: ['***', 'tasks', 'run', 'first_dag', 'generate_two_int_task', 'manual__2022-12-11T15:13:02.661027+00:00', '--job-id', '789', '--raw', '--subdir', 'DAGS_FOLDER/first-dag.py', '--cfg-path', '/tmp/tmpu0jbzh8y', '--error-file', '/tmp/tmphtv1zsph']
[2022-12-11 15:13:05,949] {standard_task_runner.py:80} INFO - Job 789: Subtask generate_two_int_task
[2022-12-11 15:13:06,039] {task_command.py:369} INFO - Running <TaskInstance: first_dag.generate_two_int_task manual__2022-12-11T15:13:02.661027+00:00 [running]> on host 7e39590a7807
[2022-12-11 15:13:06,159] {taskinstance.py:1571} INFO - Exporting the following env vars:
AIRFLOW_CTX_DAG_OWNER=***
AIRFLOW_CTX_DAG_ID=first_dag
AIRFLOW_CTX_TASK_ID=generate_two_int_task
AIRFLOW_CTX_EXECUTION_DATE=2022-12-11T15:13:02.661027+00:00
AIRFLOW_CTX_TRY_NUMBER=1
AIRFLOW_CTX_DAG_RUN_ID=manual__2022-12-11T15:13:02.661027+00:00
[2022-12-11 15:13:06,193] {python.py:173} INFO - Done. Returned value was: None
[2022-12-11 15:13:06,225] {taskinstance.py:1400} INFO - Marking task as SUCCESS. dag_id=first_dag, task_id=generate_two_int_task, execution_date=20221211T151302, start_date=20221211T151305, end_date=20221211T151306
[2022-12-11 15:13:06,273] {local_task_job.py:156} INFO - Task exited with return code 0
[2022-12-11 15:13:06,350] {local_task_job.py:273} INFO - 1 downstream tasks scheduled from follow-on schedule check
