[2022-12-11 20:00:09,765] {taskinstance.py:1159} INFO - Dependencies all met for <TaskInstance: first_dag.sum_column_task manual__2022-12-11T19:59:58.361670+00:00 [queued]>
[2022-12-11 20:00:09,792] {taskinstance.py:1159} INFO - Dependencies all met for <TaskInstance: first_dag.sum_column_task manual__2022-12-11T19:59:58.361670+00:00 [queued]>
[2022-12-11 20:00:09,795] {taskinstance.py:1356} INFO - 
--------------------------------------------------------------------------------
[2022-12-11 20:00:09,796] {taskinstance.py:1357} INFO - Starting attempt 1 of 1
[2022-12-11 20:00:09,803] {taskinstance.py:1358} INFO - 
--------------------------------------------------------------------------------
[2022-12-11 20:00:09,872] {taskinstance.py:1377} INFO - Executing <Task(PythonOperator): sum_column_task> on 2022-12-11 19:59:58.361670+00:00
[2022-12-11 20:00:09,882] {standard_task_runner.py:52} INFO - Started process 5396 to run task
[2022-12-11 20:00:09,894] {standard_task_runner.py:79} INFO - Running: ['***', 'tasks', 'run', 'first_dag', 'sum_column_task', 'manual__2022-12-11T19:59:58.361670+00:00', '--job-id', '1315', '--raw', '--subdir', 'DAGS_FOLDER/first-dag.py', '--cfg-path', '/tmp/tmpb2pn3t65', '--error-file', '/tmp/tmp11_xo0c4']
[2022-12-11 20:00:09,897] {standard_task_runner.py:80} INFO - Job 1315: Subtask sum_column_task
[2022-12-11 20:00:10,156] {task_command.py:369} INFO - Running <TaskInstance: first_dag.sum_column_task manual__2022-12-11T19:59:58.361670+00:00 [running]> on host 7e39590a7807
[2022-12-11 20:00:10,455] {taskinstance.py:1571} INFO - Exporting the following env vars:
AIRFLOW_CTX_DAG_OWNER=***
AIRFLOW_CTX_DAG_ID=first_dag
AIRFLOW_CTX_TASK_ID=sum_column_task
AIRFLOW_CTX_EXECUTION_DATE=2022-12-11T19:59:58.361670+00:00
AIRFLOW_CTX_TRY_NUMBER=1
AIRFLOW_CTX_DAG_RUN_ID=manual__2022-12-11T19:59:58.361670+00:00
[2022-12-11 20:00:10,489] {logging_mixin.py:115} INFO - Different sum column is 2
[2022-12-11 20:00:10,491] {python.py:173} INFO - Done. Returned value was: 2
[2022-12-11 20:00:10,581] {taskinstance.py:1400} INFO - Marking task as SUCCESS. dag_id=first_dag, task_id=sum_column_task, execution_date=20221211T195958, start_date=20221211T200009, end_date=20221211T200010
[2022-12-11 20:00:10,687] {local_task_job.py:156} INFO - Task exited with return code 0
[2022-12-11 20:00:10,785] {local_task_job.py:273} INFO - 1 downstream tasks scheduled from follow-on schedule check
