[2022-12-12 05:27:18,596] {taskinstance.py:1159} INFO - Dependencies all met for <TaskInstance: first_dag.sum_column_task manual__2022-12-12T05:27:08.938323+00:00 [queued]>
[2022-12-12 05:27:18,615] {taskinstance.py:1159} INFO - Dependencies all met for <TaskInstance: first_dag.sum_column_task manual__2022-12-12T05:27:08.938323+00:00 [queued]>
[2022-12-12 05:27:18,617] {taskinstance.py:1356} INFO - 
--------------------------------------------------------------------------------
[2022-12-12 05:27:18,618] {taskinstance.py:1357} INFO - Starting attempt 1 of 1
[2022-12-12 05:27:18,619] {taskinstance.py:1358} INFO - 
--------------------------------------------------------------------------------
[2022-12-12 05:27:18,645] {taskinstance.py:1377} INFO - Executing <Task(PythonOperator): sum_column_task> on 2022-12-12 05:27:08.938323+00:00
[2022-12-12 05:27:18,656] {standard_task_runner.py:52} INFO - Started process 7839 to run task
[2022-12-12 05:27:18,661] {standard_task_runner.py:79} INFO - Running: ['***', 'tasks', 'run', 'first_dag', 'sum_column_task', 'manual__2022-12-12T05:27:08.938323+00:00', '--job-id', '1666', '--raw', '--subdir', 'DAGS_FOLDER/first-dag.py', '--cfg-path', '/tmp/tmpg2nfsrq0', '--error-file', '/tmp/tmp58dnmqx_']
[2022-12-12 05:27:18,666] {standard_task_runner.py:80} INFO - Job 1666: Subtask sum_column_task
[2022-12-12 05:27:18,792] {task_command.py:369} INFO - Running <TaskInstance: first_dag.sum_column_task manual__2022-12-12T05:27:08.938323+00:00 [running]> on host 7e39590a7807
[2022-12-12 05:27:18,963] {taskinstance.py:1571} INFO - Exporting the following env vars:
AIRFLOW_CTX_DAG_OWNER=***
AIRFLOW_CTX_DAG_ID=first_dag
AIRFLOW_CTX_TASK_ID=sum_column_task
AIRFLOW_CTX_EXECUTION_DATE=2022-12-12T05:27:08.938323+00:00
AIRFLOW_CTX_TRY_NUMBER=1
AIRFLOW_CTX_DAG_RUN_ID=manual__2022-12-12T05:27:08.938323+00:00
[2022-12-12 05:27:19,002] {logging_mixin.py:115} INFO - Different sum column is 0
[2022-12-12 05:27:19,004] {python.py:173} INFO - Done. Returned value was: 0
[2022-12-12 05:27:19,107] {taskinstance.py:1400} INFO - Marking task as SUCCESS. dag_id=first_dag, task_id=sum_column_task, execution_date=20221212T052708, start_date=20221212T052718, end_date=20221212T052719
[2022-12-12 05:27:19,164] {local_task_job.py:156} INFO - Task exited with return code 0
[2022-12-12 05:27:19,266] {local_task_job.py:273} INFO - 0 downstream tasks scheduled from follow-on schedule check
