[2022-12-11 17:08:40,921] {taskinstance.py:1159} INFO - Dependencies all met for <TaskInstance: first_dag.hello_task manual__2022-12-11T17:08:37.071274+00:00 [queued]>
[2022-12-11 17:08:40,963] {taskinstance.py:1159} INFO - Dependencies all met for <TaskInstance: first_dag.hello_task manual__2022-12-11T17:08:37.071274+00:00 [queued]>
[2022-12-11 17:08:40,965] {taskinstance.py:1356} INFO - 
--------------------------------------------------------------------------------
[2022-12-11 17:08:40,966] {taskinstance.py:1357} INFO - Starting attempt 1 of 1
[2022-12-11 17:08:40,968] {taskinstance.py:1358} INFO - 
--------------------------------------------------------------------------------
[2022-12-11 17:08:41,022] {taskinstance.py:1377} INFO - Executing <Task(BashOperator): hello_task> on 2022-12-11 17:08:37.071274+00:00
[2022-12-11 17:08:41,043] {standard_task_runner.py:52} INFO - Started process 3660 to run task
[2022-12-11 17:08:41,065] {standard_task_runner.py:79} INFO - Running: ['***', 'tasks', 'run', 'first_dag', 'hello_task', 'manual__2022-12-11T17:08:37.071274+00:00', '--job-id', '1064', '--raw', '--subdir', 'DAGS_FOLDER/first-dag.py', '--cfg-path', '/tmp/tmpeoff7rkr', '--error-file', '/tmp/tmppqsrozrf']
[2022-12-11 17:08:41,071] {standard_task_runner.py:80} INFO - Job 1064: Subtask hello_task
[2022-12-11 17:08:41,317] {task_command.py:369} INFO - Running <TaskInstance: first_dag.hello_task manual__2022-12-11T17:08:37.071274+00:00 [running]> on host 7e39590a7807
[2022-12-11 17:08:41,669] {taskinstance.py:1571} INFO - Exporting the following env vars:
AIRFLOW_CTX_DAG_OWNER=***
AIRFLOW_CTX_DAG_ID=first_dag
AIRFLOW_CTX_TASK_ID=hello_task
AIRFLOW_CTX_EXECUTION_DATE=2022-12-11T17:08:37.071274+00:00
AIRFLOW_CTX_TRY_NUMBER=1
AIRFLOW_CTX_DAG_RUN_ID=manual__2022-12-11T17:08:37.071274+00:00
[2022-12-11 17:08:41,681] {subprocess.py:62} INFO - Tmp dir root location: 
 /tmp
[2022-12-11 17:08:41,686] {subprocess.py:74} INFO - Running command: ['bash', '-c', 'echo hello']
[2022-12-11 17:08:41,721] {subprocess.py:85} INFO - Output:
[2022-12-11 17:08:41,741] {subprocess.py:92} INFO - hello
[2022-12-11 17:08:41,745] {subprocess.py:96} INFO - Command exited with return code 0
[2022-12-11 17:08:41,834] {taskinstance.py:1400} INFO - Marking task as SUCCESS. dag_id=first_dag, task_id=hello_task, execution_date=20221211T170837, start_date=20221211T170840, end_date=20221211T170841
[2022-12-11 17:08:41,892] {local_task_job.py:156} INFO - Task exited with return code 0
[2022-12-11 17:08:42,030] {local_task_job.py:273} INFO - 1 downstream tasks scheduled from follow-on schedule check
