[2022-12-04 18:32:53,861] {taskinstance.py:1159} INFO - Dependencies all met for <TaskInstance: first_dag.generate_two_int_task manual__2022-12-04T18:32:49.286427+00:00 [queued]>
[2022-12-04 18:32:53,874] {taskinstance.py:1159} INFO - Dependencies all met for <TaskInstance: first_dag.generate_two_int_task manual__2022-12-04T18:32:49.286427+00:00 [queued]>
[2022-12-04 18:32:53,875] {taskinstance.py:1356} INFO - 
--------------------------------------------------------------------------------
[2022-12-04 18:32:53,877] {taskinstance.py:1357} INFO - Starting attempt 1 of 1
[2022-12-04 18:32:53,878] {taskinstance.py:1358} INFO - 
--------------------------------------------------------------------------------
[2022-12-04 18:32:53,896] {taskinstance.py:1377} INFO - Executing <Task(PythonOperator): generate_two_int_task> on 2022-12-04 18:32:49.286427+00:00
[2022-12-04 18:32:53,908] {standard_task_runner.py:52} INFO - Started process 1933 to run task
[2022-12-04 18:32:53,911] {standard_task_runner.py:79} INFO - Running: ['***', 'tasks', 'run', 'first_dag', 'generate_two_int_task', 'manual__2022-12-04T18:32:49.286427+00:00', '--job-id', '212', '--raw', '--subdir', 'DAGS_FOLDER/first-dag.py', '--cfg-path', '/tmp/tmpmiio5zr_', '--error-file', '/tmp/tmpvijzzgl9']
[2022-12-04 18:32:53,914] {standard_task_runner.py:80} INFO - Job 212: Subtask generate_two_int_task
[2022-12-04 18:32:53,991] {task_command.py:369} INFO - Running <TaskInstance: first_dag.generate_two_int_task manual__2022-12-04T18:32:49.286427+00:00 [running]> on host fb90b48d1471
[2022-12-04 18:32:54,098] {taskinstance.py:1571} INFO - Exporting the following env vars:
AIRFLOW_CTX_DAG_OWNER=***
AIRFLOW_CTX_DAG_ID=first_dag
AIRFLOW_CTX_TASK_ID=generate_two_int_task
AIRFLOW_CTX_EXECUTION_DATE=2022-12-04T18:32:49.286427+00:00
AIRFLOW_CTX_TRY_NUMBER=1
AIRFLOW_CTX_DAG_RUN_ID=manual__2022-12-04T18:32:49.286427+00:00
[2022-12-04 18:32:54,118] {python.py:173} INFO - Done. Returned value was: None
[2022-12-04 18:32:54,140] {taskinstance.py:1400} INFO - Marking task as SUCCESS. dag_id=first_dag, task_id=generate_two_int_task, execution_date=20221204T183249, start_date=20221204T183253, end_date=20221204T183254
[2022-12-04 18:32:54,171] {local_task_job.py:156} INFO - Task exited with return code 0
[2022-12-04 18:32:54,215] {local_task_job.py:273} INFO - 0 downstream tasks scheduled from follow-on schedule check
