[2022-12-12 05:28:25,204] {taskinstance.py:1159} INFO - Dependencies all met for <TaskInstance: first_dag.wait_for_file manual__2022-12-12T05:27:34.840137+00:00 [queued]>
[2022-12-12 05:28:25,272] {taskinstance.py:1159} INFO - Dependencies all met for <TaskInstance: first_dag.wait_for_file manual__2022-12-12T05:27:34.840137+00:00 [queued]>
[2022-12-12 05:28:25,277] {taskinstance.py:1356} INFO - 
--------------------------------------------------------------------------------
[2022-12-12 05:28:25,278] {taskinstance.py:1357} INFO - Starting attempt 1 of 3
[2022-12-12 05:28:25,280] {taskinstance.py:1358} INFO - 
--------------------------------------------------------------------------------
[2022-12-12 05:28:25,587] {taskinstance.py:1377} INFO - Executing <Task(PythonSensor): wait_for_file> on 2022-12-12 05:27:34.840137+00:00
[2022-12-12 05:28:25,629] {standard_task_runner.py:52} INFO - Started process 7906 to run task
[2022-12-12 05:28:25,664] {standard_task_runner.py:79} INFO - Running: ['***', 'tasks', 'run', 'first_dag', 'wait_for_file', 'manual__2022-12-12T05:27:34.840137+00:00', '--job-id', '1689', '--raw', '--subdir', 'DAGS_FOLDER/first-dag.py', '--cfg-path', '/tmp/tmph15_enoz', '--error-file', '/tmp/tmpl1x4fj8j']
[2022-12-12 05:28:25,673] {standard_task_runner.py:80} INFO - Job 1689: Subtask wait_for_file
[2022-12-12 05:28:35,154] {task_command.py:369} INFO - Running <TaskInstance: first_dag.wait_for_file manual__2022-12-12T05:27:34.840137+00:00 [running]> on host 7e39590a7807
[2022-12-12 05:28:36,590] {taskinstance.py:1571} INFO - Exporting the following env vars:
AIRFLOW_CTX_DAG_OWNER=***
AIRFLOW_CTX_DAG_ID=first_dag
AIRFLOW_CTX_TASK_ID=wait_for_file
AIRFLOW_CTX_EXECUTION_DATE=2022-12-12T05:27:34.840137+00:00
AIRFLOW_CTX_TRY_NUMBER=1
AIRFLOW_CTX_DAG_RUN_ID=manual__2022-12-12T05:27:34.840137+00:00
[2022-12-12 05:28:36,600] {python.py:66} INFO - Poking callable: <function _wait_for_file at 0x7f6cec7ab320>
[2022-12-12 05:28:36,884] {logging_mixin.py:115} INFO - _wait_for_file True
[2022-12-12 05:28:56,885] {python.py:66} INFO - Poking callable: <function _wait_for_file at 0x7f6cec7ab320>
[2022-12-12 05:28:56,914] {logging_mixin.py:115} INFO - _wait_for_file True
[2022-12-12 05:28:56,920] {base.py:301} INFO - Success criteria met. Exiting.
[2022-12-12 05:28:56,951] {taskinstance.py:1400} INFO - Marking task as SUCCESS. dag_id=first_dag, task_id=wait_for_file, execution_date=20221212T052734, start_date=20221212T052825, end_date=20221212T052856
[2022-12-12 05:28:56,993] {local_task_job.py:156} INFO - Task exited with return code 0
[2022-12-12 05:28:57,093] {local_task_job.py:273} INFO - 1 downstream tasks scheduled from follow-on schedule check
