[2022-12-04 18:34:19,351] {taskinstance.py:1159} INFO - Dependencies all met for <TaskInstance: first_dag.generate_two_int_task manual__2022-12-04T18:34:14.615441+00:00 [queued]>
[2022-12-04 18:34:19,385] {taskinstance.py:1159} INFO - Dependencies all met for <TaskInstance: first_dag.generate_two_int_task manual__2022-12-04T18:34:14.615441+00:00 [queued]>
[2022-12-04 18:34:19,387] {taskinstance.py:1356} INFO - 
--------------------------------------------------------------------------------
[2022-12-04 18:34:19,390] {taskinstance.py:1357} INFO - Starting attempt 1 of 1
[2022-12-04 18:34:19,391] {taskinstance.py:1358} INFO - 
--------------------------------------------------------------------------------
[2022-12-04 18:34:19,428] {taskinstance.py:1377} INFO - Executing <Task(PythonOperator): generate_two_int_task> on 2022-12-04 18:34:14.615441+00:00
[2022-12-04 18:34:19,442] {standard_task_runner.py:52} INFO - Started process 1983 to run task
[2022-12-04 18:34:19,450] {standard_task_runner.py:79} INFO - Running: ['***', 'tasks', 'run', 'first_dag', 'generate_two_int_task', 'manual__2022-12-04T18:34:14.615441+00:00', '--job-id', '221', '--raw', '--subdir', 'DAGS_FOLDER/first-dag.py', '--cfg-path', '/tmp/tmp3ec0022b', '--error-file', '/tmp/tmpr0rxwu1s']
[2022-12-04 18:34:19,454] {standard_task_runner.py:80} INFO - Job 221: Subtask generate_two_int_task
[2022-12-04 18:34:19,606] {task_command.py:369} INFO - Running <TaskInstance: first_dag.generate_two_int_task manual__2022-12-04T18:34:14.615441+00:00 [running]> on host fb90b48d1471
[2022-12-04 18:34:20,069] {taskinstance.py:1571} INFO - Exporting the following env vars:
AIRFLOW_CTX_DAG_OWNER=***
AIRFLOW_CTX_DAG_ID=first_dag
AIRFLOW_CTX_TASK_ID=generate_two_int_task
AIRFLOW_CTX_EXECUTION_DATE=2022-12-04T18:34:14.615441+00:00
AIRFLOW_CTX_TRY_NUMBER=1
AIRFLOW_CTX_DAG_RUN_ID=manual__2022-12-04T18:34:14.615441+00:00
[2022-12-04 18:34:20,153] {python.py:173} INFO - Done. Returned value was: None
[2022-12-04 18:34:20,221] {taskinstance.py:1400} INFO - Marking task as SUCCESS. dag_id=first_dag, task_id=generate_two_int_task, execution_date=20221204T183414, start_date=20221204T183419, end_date=20221204T183420
[2022-12-04 18:34:20,288] {local_task_job.py:156} INFO - Task exited with return code 0
[2022-12-04 18:34:20,385] {local_task_job.py:273} INFO - 0 downstream tasks scheduled from follow-on schedule check
