[2022-12-11 17:37:24,919] {taskinstance.py:1159} INFO - Dependencies all met for <TaskInstance: first_dag.world scheduled__2022-12-11T17:27:00+00:00 [queued]>
[2022-12-11 17:37:25,060] {taskinstance.py:1159} INFO - Dependencies all met for <TaskInstance: first_dag.world scheduled__2022-12-11T17:27:00+00:00 [queued]>
[2022-12-11 17:37:25,061] {taskinstance.py:1356} INFO - 
--------------------------------------------------------------------------------
[2022-12-11 17:37:25,062] {taskinstance.py:1357} INFO - Starting attempt 1 of 1
[2022-12-11 17:37:25,063] {taskinstance.py:1358} INFO - 
--------------------------------------------------------------------------------
[2022-12-11 17:37:25,163] {taskinstance.py:1377} INFO - Executing <Task(PythonOperator): world> on 2022-12-11 17:27:00+00:00
[2022-12-11 17:37:25,188] {standard_task_runner.py:52} INFO - Started process 3864 to run task
[2022-12-11 17:37:25,216] {standard_task_runner.py:79} INFO - Running: ['***', 'tasks', 'run', 'first_dag', 'world', 'scheduled__2022-12-11T17:27:00+00:00', '--job-id', '1114', '--raw', '--subdir', 'DAGS_FOLDER/first-dag.py', '--cfg-path', '/tmp/tmpkiq2kvdy', '--error-file', '/tmp/tmp6h9ahs8o']
[2022-12-11 17:37:25,227] {standard_task_runner.py:80} INFO - Job 1114: Subtask world
[2022-12-11 17:37:25,490] {task_command.py:369} INFO - Running <TaskInstance: first_dag.world scheduled__2022-12-11T17:27:00+00:00 [running]> on host 7e39590a7807
[2022-12-11 17:37:25,845] {taskinstance.py:1571} INFO - Exporting the following env vars:
AIRFLOW_CTX_DAG_OWNER=***
AIRFLOW_CTX_DAG_ID=first_dag
AIRFLOW_CTX_TASK_ID=world
AIRFLOW_CTX_EXECUTION_DATE=2022-12-11T17:27:00+00:00
AIRFLOW_CTX_TRY_NUMBER=1
AIRFLOW_CTX_DAG_RUN_ID=scheduled__2022-12-11T17:27:00+00:00
[2022-12-11 17:37:25,848] {logging_mixin.py:115} INFO - Airflow
[2022-12-11 17:37:25,849] {python.py:173} INFO - Done. Returned value was: None
[2022-12-11 17:37:26,065] {taskinstance.py:1400} INFO - Marking task as SUCCESS. dag_id=first_dag, task_id=world, execution_date=20221211T172700, start_date=20221211T173724, end_date=20221211T173726
[2022-12-11 17:37:26,139] {local_task_job.py:156} INFO - Task exited with return code 0
[2022-12-11 17:37:26,268] {local_task_job.py:273} INFO - 1 downstream tasks scheduled from follow-on schedule check
