[2022-12-11 18:58:55,477] {taskinstance.py:1159} INFO - Dependencies all met for <TaskInstance: first_dag.write_diff_task scheduled__2022-12-11T18:28:00+00:00 [queued]>
[2022-12-11 18:58:55,531] {taskinstance.py:1159} INFO - Dependencies all met for <TaskInstance: first_dag.write_diff_task scheduled__2022-12-11T18:28:00+00:00 [queued]>
[2022-12-11 18:58:55,532] {taskinstance.py:1356} INFO - 
--------------------------------------------------------------------------------
[2022-12-11 18:58:55,533] {taskinstance.py:1357} INFO - Starting attempt 1 of 1
[2022-12-11 18:58:55,534] {taskinstance.py:1358} INFO - 
--------------------------------------------------------------------------------
[2022-12-11 18:58:55,600] {taskinstance.py:1377} INFO - Executing <Task(PythonOperator): write_diff_task> on 2022-12-11 18:28:00+00:00
[2022-12-11 18:58:55,605] {standard_task_runner.py:52} INFO - Started process 4497 to run task
[2022-12-11 18:58:55,630] {standard_task_runner.py:79} INFO - Running: ['***', 'tasks', 'run', 'first_dag', 'write_diff_task', 'scheduled__2022-12-11T18:28:00+00:00', '--job-id', '1206', '--raw', '--subdir', 'DAGS_FOLDER/first-dag.py', '--cfg-path', '/tmp/tmp2dnlkyr8', '--error-file', '/tmp/tmpojdf3akh']
[2022-12-11 18:58:55,638] {standard_task_runner.py:80} INFO - Job 1206: Subtask write_diff_task
[2022-12-11 18:58:55,880] {task_command.py:369} INFO - Running <TaskInstance: first_dag.write_diff_task scheduled__2022-12-11T18:28:00+00:00 [running]> on host 7e39590a7807
[2022-12-11 18:58:56,321] {taskinstance.py:1571} INFO - Exporting the following env vars:
AIRFLOW_CTX_DAG_OWNER=***
AIRFLOW_CTX_DAG_ID=first_dag
AIRFLOW_CTX_TASK_ID=write_diff_task
AIRFLOW_CTX_EXECUTION_DATE=2022-12-11T18:28:00+00:00
AIRFLOW_CTX_TRY_NUMBER=1
AIRFLOW_CTX_DAG_RUN_ID=scheduled__2022-12-11T18:28:00+00:00
[2022-12-11 18:58:56,386] {python.py:173} INFO - Done. Returned value was: None
[2022-12-11 18:58:56,427] {taskinstance.py:1400} INFO - Marking task as SUCCESS. dag_id=first_dag, task_id=write_diff_task, execution_date=20221211T182800, start_date=20221211T185855, end_date=20221211T185856
[2022-12-11 18:58:56,494] {local_task_job.py:156} INFO - Task exited with return code 0
[2022-12-11 18:58:56,797] {local_task_job.py:273} INFO - 0 downstream tasks scheduled from follow-on schedule check
