[2022-12-11 15:27:38,673] {taskinstance.py:1159} INFO - Dependencies all met for <TaskInstance: first_dag.world manual__2022-12-11T15:27:36.021286+00:00 [queued]>
[2022-12-11 15:27:38,700] {taskinstance.py:1159} INFO - Dependencies all met for <TaskInstance: first_dag.world manual__2022-12-11T15:27:36.021286+00:00 [queued]>
[2022-12-11 15:27:38,702] {taskinstance.py:1356} INFO - 
--------------------------------------------------------------------------------
[2022-12-11 15:27:38,703] {taskinstance.py:1357} INFO - Starting attempt 1 of 1
[2022-12-11 15:27:38,704] {taskinstance.py:1358} INFO - 
--------------------------------------------------------------------------------
[2022-12-11 15:27:38,741] {taskinstance.py:1377} INFO - Executing <Task(PythonOperator): world> on 2022-12-11 15:27:36.021286+00:00
[2022-12-11 15:27:38,751] {standard_task_runner.py:52} INFO - Started process 2654 to run task
[2022-12-11 15:27:38,764] {standard_task_runner.py:79} INFO - Running: ['***', 'tasks', 'run', 'first_dag', 'world', 'manual__2022-12-11T15:27:36.021286+00:00', '--job-id', '923', '--raw', '--subdir', 'DAGS_FOLDER/first-dag.py', '--cfg-path', '/tmp/tmp14kxcalx', '--error-file', '/tmp/tmpr56pslev']
[2022-12-11 15:27:38,766] {standard_task_runner.py:80} INFO - Job 923: Subtask world
[2022-12-11 15:27:39,036] {task_command.py:369} INFO - Running <TaskInstance: first_dag.world manual__2022-12-11T15:27:36.021286+00:00 [running]> on host 7e39590a7807
[2022-12-11 15:27:39,349] {taskinstance.py:1571} INFO - Exporting the following env vars:
AIRFLOW_CTX_DAG_OWNER=***
AIRFLOW_CTX_DAG_ID=first_dag
AIRFLOW_CTX_TASK_ID=world
AIRFLOW_CTX_EXECUTION_DATE=2022-12-11T15:27:36.021286+00:00
AIRFLOW_CTX_TRY_NUMBER=1
AIRFLOW_CTX_DAG_RUN_ID=manual__2022-12-11T15:27:36.021286+00:00
[2022-12-11 15:27:39,352] {logging_mixin.py:115} INFO - Airflow
[2022-12-11 15:27:39,355] {python.py:173} INFO - Done. Returned value was: None
[2022-12-11 15:27:39,388] {taskinstance.py:1400} INFO - Marking task as SUCCESS. dag_id=first_dag, task_id=world, execution_date=20221211T152736, start_date=20221211T152738, end_date=20221211T152739
[2022-12-11 15:27:39,424] {local_task_job.py:156} INFO - Task exited with return code 0
[2022-12-11 15:27:39,510] {local_task_job.py:273} INFO - 1 downstream tasks scheduled from follow-on schedule check
