[2022-12-11 16:10:04,869] {taskinstance.py:1159} INFO - Dependencies all met for <TaskInstance: first_dag.sum_column_task scheduled__2022-12-11T16:09:00+00:00 [queued]>
[2022-12-11 16:10:04,883] {taskinstance.py:1159} INFO - Dependencies all met for <TaskInstance: first_dag.sum_column_task scheduled__2022-12-11T16:09:00+00:00 [queued]>
[2022-12-11 16:10:04,884] {taskinstance.py:1356} INFO - 
--------------------------------------------------------------------------------
[2022-12-11 16:10:04,886] {taskinstance.py:1357} INFO - Starting attempt 1 of 1
[2022-12-11 16:10:04,887] {taskinstance.py:1358} INFO - 
--------------------------------------------------------------------------------
[2022-12-11 16:10:04,911] {taskinstance.py:1377} INFO - Executing <Task(PythonOperator): sum_column_task> on 2022-12-11 16:09:00+00:00
[2022-12-11 16:10:04,920] {standard_task_runner.py:52} INFO - Started process 2876 to run task
[2022-12-11 16:10:04,932] {standard_task_runner.py:79} INFO - Running: ['***', 'tasks', 'run', 'first_dag', 'sum_column_task', 'scheduled__2022-12-11T16:09:00+00:00', '--job-id', '985', '--raw', '--subdir', 'DAGS_FOLDER/first-dag.py', '--cfg-path', '/tmp/tmpj9usyjrk', '--error-file', '/tmp/tmpennrfxwx']
[2022-12-11 16:10:04,935] {standard_task_runner.py:80} INFO - Job 985: Subtask sum_column_task
[2022-12-11 16:10:05,031] {task_command.py:369} INFO - Running <TaskInstance: first_dag.sum_column_task scheduled__2022-12-11T16:09:00+00:00 [running]> on host 7e39590a7807
[2022-12-11 16:10:05,171] {taskinstance.py:1571} INFO - Exporting the following env vars:
AIRFLOW_CTX_DAG_OWNER=***
AIRFLOW_CTX_DAG_ID=first_dag
AIRFLOW_CTX_TASK_ID=sum_column_task
AIRFLOW_CTX_EXECUTION_DATE=2022-12-11T16:09:00+00:00
AIRFLOW_CTX_TRY_NUMBER=1
AIRFLOW_CTX_DAG_RUN_ID=scheduled__2022-12-11T16:09:00+00:00
[2022-12-11 16:10:05,201] {logging_mixin.py:115} INFO - Different sum column is 2
[2022-12-11 16:10:05,202] {python.py:173} INFO - Done. Returned value was: 2
[2022-12-11 16:10:05,253] {taskinstance.py:1400} INFO - Marking task as SUCCESS. dag_id=first_dag, task_id=sum_column_task, execution_date=20221211T160900, start_date=20221211T161004, end_date=20221211T161005
[2022-12-11 16:10:05,303] {local_task_job.py:156} INFO - Task exited with return code 0
[2022-12-11 16:10:05,356] {local_task_job.py:273} INFO - 1 downstream tasks scheduled from follow-on schedule check
