[2022-12-11 18:16:38,238] {taskinstance.py:1159} INFO - Dependencies all met for <TaskInstance: first_dag.world manual__2022-12-11T18:16:30.357931+00:00 [queued]>
[2022-12-11 18:16:38,258] {taskinstance.py:1159} INFO - Dependencies all met for <TaskInstance: first_dag.world manual__2022-12-11T18:16:30.357931+00:00 [queued]>
[2022-12-11 18:16:38,260] {taskinstance.py:1356} INFO - 
--------------------------------------------------------------------------------
[2022-12-11 18:16:38,261] {taskinstance.py:1357} INFO - Starting attempt 1 of 1
[2022-12-11 18:16:38,262] {taskinstance.py:1358} INFO - 
--------------------------------------------------------------------------------
[2022-12-11 18:16:38,289] {taskinstance.py:1377} INFO - Executing <Task(PythonOperator): world> on 2022-12-11 18:16:30.357931+00:00
[2022-12-11 18:16:38,307] {standard_task_runner.py:52} INFO - Started process 4235 to run task
[2022-12-11 18:16:38,318] {standard_task_runner.py:79} INFO - Running: ['***', 'tasks', 'run', 'first_dag', 'world', 'manual__2022-12-11T18:16:30.357931+00:00', '--job-id', '1161', '--raw', '--subdir', 'DAGS_FOLDER/first-dag.py', '--cfg-path', '/tmp/tmp87so8lzq', '--error-file', '/tmp/tmpqk3cd_52']
[2022-12-11 18:16:38,321] {standard_task_runner.py:80} INFO - Job 1161: Subtask world
[2022-12-11 18:16:38,504] {task_command.py:369} INFO - Running <TaskInstance: first_dag.world manual__2022-12-11T18:16:30.357931+00:00 [running]> on host 7e39590a7807
[2022-12-11 18:16:38,709] {taskinstance.py:1571} INFO - Exporting the following env vars:
AIRFLOW_CTX_DAG_OWNER=***
AIRFLOW_CTX_DAG_ID=first_dag
AIRFLOW_CTX_TASK_ID=world
AIRFLOW_CTX_EXECUTION_DATE=2022-12-11T18:16:30.357931+00:00
AIRFLOW_CTX_TRY_NUMBER=1
AIRFLOW_CTX_DAG_RUN_ID=manual__2022-12-11T18:16:30.357931+00:00
[2022-12-11 18:16:38,712] {logging_mixin.py:115} INFO - Airflow
[2022-12-11 18:16:38,713] {python.py:173} INFO - Done. Returned value was: None
[2022-12-11 18:16:38,760] {taskinstance.py:1400} INFO - Marking task as SUCCESS. dag_id=first_dag, task_id=world, execution_date=20221211T181630, start_date=20221211T181638, end_date=20221211T181638
[2022-12-11 18:16:38,815] {local_task_job.py:156} INFO - Task exited with return code 0
[2022-12-11 18:16:38,904] {local_task_job.py:273} INFO - 1 downstream tasks scheduled from follow-on schedule check
