[2022-12-11 19:11:17,381] {taskinstance.py:1159} INFO - Dependencies all met for <TaskInstance: first_dag.wait_for_file manual__2022-12-11T19:11:08.193757+00:00 [queued]>
[2022-12-11 19:11:17,398] {taskinstance.py:1159} INFO - Dependencies all met for <TaskInstance: first_dag.wait_for_file manual__2022-12-11T19:11:08.193757+00:00 [queued]>
[2022-12-11 19:11:17,399] {taskinstance.py:1356} INFO - 
--------------------------------------------------------------------------------
[2022-12-11 19:11:17,400] {taskinstance.py:1357} INFO - Starting attempt 1 of 3
[2022-12-11 19:11:17,400] {taskinstance.py:1358} INFO - 
--------------------------------------------------------------------------------
[2022-12-11 19:11:17,419] {taskinstance.py:1377} INFO - Executing <Task(PythonSensor): wait_for_file> on 2022-12-11 19:11:08.193757+00:00
[2022-12-11 19:11:17,424] {standard_task_runner.py:52} INFO - Started process 4649 to run task
[2022-12-11 19:11:17,433] {standard_task_runner.py:79} INFO - Running: ['***', 'tasks', 'run', 'first_dag', 'wait_for_file', 'manual__2022-12-11T19:11:08.193757+00:00', '--job-id', '1219', '--raw', '--subdir', 'DAGS_FOLDER/first-dag.py', '--cfg-path', '/tmp/tmp_vdi_fz8', '--error-file', '/tmp/tmplxnaanx2']
[2022-12-11 19:11:17,435] {standard_task_runner.py:80} INFO - Job 1219: Subtask wait_for_file
[2022-12-11 19:11:17,516] {task_command.py:369} INFO - Running <TaskInstance: first_dag.wait_for_file manual__2022-12-11T19:11:08.193757+00:00 [running]> on host 7e39590a7807
[2022-12-11 19:11:17,620] {taskinstance.py:1571} INFO - Exporting the following env vars:
AIRFLOW_CTX_DAG_OWNER=***
AIRFLOW_CTX_DAG_ID=first_dag
AIRFLOW_CTX_TASK_ID=wait_for_file
AIRFLOW_CTX_EXECUTION_DATE=2022-12-11T19:11:08.193757+00:00
AIRFLOW_CTX_TRY_NUMBER=1
AIRFLOW_CTX_DAG_RUN_ID=manual__2022-12-11T19:11:08.193757+00:00
[2022-12-11 19:11:17,623] {python.py:66} INFO - Poking callable: <function _wait_for_file at 0x7f6cec79fcb0>
[2022-12-11 19:11:17,640] {logging_mixin.py:115} INFO - _wait_for_file True
[2022-12-11 19:11:17,641] {logging_mixin.py:115} INFO - total attempt 0
[2022-12-11 19:11:37,623] {python.py:66} INFO - Poking callable: <function _wait_for_file at 0x7f6cec79fcb0>
[2022-12-11 19:11:37,654] {logging_mixin.py:115} INFO - _wait_for_file True
[2022-12-11 19:11:37,655] {logging_mixin.py:115} INFO - total attempt 0
[2022-12-11 19:11:57,635] {python.py:66} INFO - Poking callable: <function _wait_for_file at 0x7f6cec79fcb0>
[2022-12-11 19:11:57,692] {logging_mixin.py:115} INFO - _wait_for_file True
[2022-12-11 19:11:57,694] {logging_mixin.py:115} INFO - total attempt 0
[2022-12-11 19:12:17,723] {python.py:66} INFO - Poking callable: <function _wait_for_file at 0x7f6cec79fcb0>
[2022-12-11 19:12:17,761] {logging_mixin.py:115} INFO - _wait_for_file True
[2022-12-11 19:12:17,762] {logging_mixin.py:115} INFO - total attempt 0
[2022-12-11 19:12:17,765] {base.py:301} INFO - Success criteria met. Exiting.
[2022-12-11 19:12:17,871] {taskinstance.py:1400} INFO - Marking task as SUCCESS. dag_id=first_dag, task_id=wait_for_file, execution_date=20221211T191108, start_date=20221211T191117, end_date=20221211T191217
[2022-12-11 19:12:17,969] {local_task_job.py:156} INFO - Task exited with return code 0
[2022-12-11 19:12:18,032] {local_task_job.py:273} INFO - 1 downstream tasks scheduled from follow-on schedule check
