[2022-12-11 15:27:33,700] {taskinstance.py:1159} INFO - Dependencies all met for <TaskInstance: first_dag.hello_task manual__2022-12-11T15:27:32.966215+00:00 [queued]>
[2022-12-11 15:27:33,730] {taskinstance.py:1159} INFO - Dependencies all met for <TaskInstance: first_dag.hello_task manual__2022-12-11T15:27:32.966215+00:00 [queued]>
[2022-12-11 15:27:33,732] {taskinstance.py:1356} INFO - 
--------------------------------------------------------------------------------
[2022-12-11 15:27:33,733] {taskinstance.py:1357} INFO - Starting attempt 1 of 1
[2022-12-11 15:27:33,734] {taskinstance.py:1358} INFO - 
--------------------------------------------------------------------------------
[2022-12-11 15:27:33,758] {taskinstance.py:1377} INFO - Executing <Task(BashOperator): hello_task> on 2022-12-11 15:27:32.966215+00:00
[2022-12-11 15:27:33,762] {standard_task_runner.py:52} INFO - Started process 2635 to run task
[2022-12-11 15:27:33,771] {standard_task_runner.py:79} INFO - Running: ['***', 'tasks', 'run', 'first_dag', 'hello_task', 'manual__2022-12-11T15:27:32.966215+00:00', '--job-id', '914', '--raw', '--subdir', 'DAGS_FOLDER/first-dag.py', '--cfg-path', '/tmp/tmpxkm7htsw', '--error-file', '/tmp/tmpltx_61zh']
[2022-12-11 15:27:33,773] {standard_task_runner.py:80} INFO - Job 914: Subtask hello_task
[2022-12-11 15:27:33,881] {task_command.py:369} INFO - Running <TaskInstance: first_dag.hello_task manual__2022-12-11T15:27:32.966215+00:00 [running]> on host 7e39590a7807
[2022-12-11 15:27:34,014] {taskinstance.py:1571} INFO - Exporting the following env vars:
AIRFLOW_CTX_DAG_OWNER=***
AIRFLOW_CTX_DAG_ID=first_dag
AIRFLOW_CTX_TASK_ID=hello_task
AIRFLOW_CTX_EXECUTION_DATE=2022-12-11T15:27:32.966215+00:00
AIRFLOW_CTX_TRY_NUMBER=1
AIRFLOW_CTX_DAG_RUN_ID=manual__2022-12-11T15:27:32.966215+00:00
[2022-12-11 15:27:34,018] {subprocess.py:62} INFO - Tmp dir root location: 
 /tmp
[2022-12-11 15:27:34,020] {subprocess.py:74} INFO - Running command: ['bash', '-c', 'echo hello']
[2022-12-11 15:27:34,034] {subprocess.py:85} INFO - Output:
[2022-12-11 15:27:34,037] {subprocess.py:92} INFO - hello
[2022-12-11 15:27:34,038] {subprocess.py:96} INFO - Command exited with return code 0
[2022-12-11 15:27:34,079] {taskinstance.py:1400} INFO - Marking task as SUCCESS. dag_id=first_dag, task_id=hello_task, execution_date=20221211T152732, start_date=20221211T152733, end_date=20221211T152734
[2022-12-11 15:27:34,145] {local_task_job.py:156} INFO - Task exited with return code 0
[2022-12-11 15:27:34,255] {local_task_job.py:273} INFO - 0 downstream tasks scheduled from follow-on schedule check
