[2022-12-04 16:40:57,240] {taskinstance.py:1159} INFO - Dependencies all met for <TaskInstance: first_dag.hello_task scheduled__2021-01-01T10:10:00+00:00 [queued]>
[2022-12-04 16:40:57,429] {taskinstance.py:1159} INFO - Dependencies all met for <TaskInstance: first_dag.hello_task scheduled__2021-01-01T10:10:00+00:00 [queued]>
[2022-12-04 16:40:57,433] {taskinstance.py:1356} INFO - 
--------------------------------------------------------------------------------
[2022-12-04 16:40:57,435] {taskinstance.py:1357} INFO - Starting attempt 1 of 1
[2022-12-04 16:40:57,436] {taskinstance.py:1358} INFO - 
--------------------------------------------------------------------------------
[2022-12-04 16:40:57,632] {taskinstance.py:1377} INFO - Executing <Task(BashOperator): hello_task> on 2021-01-01 10:10:00+00:00
[2022-12-04 16:40:57,681] {standard_task_runner.py:52} INFO - Started process 675 to run task
[2022-12-04 16:40:57,831] {standard_task_runner.py:79} INFO - Running: ['***', 'tasks', 'run', 'first_dag', 'hello_task', 'scheduled__2021-01-01T10:10:00+00:00', '--job-id', '71', '--raw', '--subdir', 'DAGS_FOLDER/first-dag.py', '--cfg-path', '/tmp/tmpsbkla6a1', '--error-file', '/tmp/tmp_5pvamsl']
[2022-12-04 16:40:57,865] {standard_task_runner.py:80} INFO - Job 71: Subtask hello_task
[2022-12-04 16:40:59,093] {task_command.py:369} INFO - Running <TaskInstance: first_dag.hello_task scheduled__2021-01-01T10:10:00+00:00 [running]> on host fb90b48d1471
[2022-12-04 16:41:00,457] {taskinstance.py:1571} INFO - Exporting the following env vars:
AIRFLOW_CTX_DAG_OWNER=***
AIRFLOW_CTX_DAG_ID=first_dag
AIRFLOW_CTX_TASK_ID=hello_task
AIRFLOW_CTX_EXECUTION_DATE=2021-01-01T10:10:00+00:00
AIRFLOW_CTX_TRY_NUMBER=1
AIRFLOW_CTX_DAG_RUN_ID=scheduled__2021-01-01T10:10:00+00:00
[2022-12-04 16:41:00,502] {subprocess.py:62} INFO - Tmp dir root location: 
 /tmp
[2022-12-04 16:41:00,530] {subprocess.py:74} INFO - Running command: ['bash', '-c', 'echo hello']
[2022-12-04 16:41:00,896] {subprocess.py:85} INFO - Output:
[2022-12-04 16:41:01,006] {subprocess.py:92} INFO - hello
[2022-12-04 16:41:01,008] {subprocess.py:96} INFO - Command exited with return code 0
[2022-12-04 16:41:01,176] {taskinstance.py:1400} INFO - Marking task as SUCCESS. dag_id=first_dag, task_id=hello_task, execution_date=20210101T101000, start_date=20221204T164057, end_date=20221204T164101
[2022-12-04 16:41:01,384] {local_task_job.py:156} INFO - Task exited with return code 0
[2022-12-04 16:41:01,650] {local_task_job.py:273} INFO - 1 downstream tasks scheduled from follow-on schedule check
