[2022-12-11 15:33:20,856] {taskinstance.py:1159} INFO - Dependencies all met for <TaskInstance: first_dag.sum_column_task scheduled__2022-12-11T15:32:00+00:00 [queued]>
[2022-12-11 15:33:20,875] {taskinstance.py:1159} INFO - Dependencies all met for <TaskInstance: first_dag.sum_column_task scheduled__2022-12-11T15:32:00+00:00 [queued]>
[2022-12-11 15:33:20,876] {taskinstance.py:1356} INFO - 
--------------------------------------------------------------------------------
[2022-12-11 15:33:20,877] {taskinstance.py:1357} INFO - Starting attempt 1 of 1
[2022-12-11 15:33:20,879] {taskinstance.py:1358} INFO - 
--------------------------------------------------------------------------------
[2022-12-11 15:33:20,903] {taskinstance.py:1377} INFO - Executing <Task(PythonOperator): sum_column_task> on 2022-12-11 15:32:00+00:00
[2022-12-11 15:33:20,911] {standard_task_runner.py:52} INFO - Started process 2818 to run task
[2022-12-11 15:33:20,920] {standard_task_runner.py:79} INFO - Running: ['***', 'tasks', 'run', 'first_dag', 'sum_column_task', 'scheduled__2022-12-11T15:32:00+00:00', '--job-id', '965', '--raw', '--subdir', 'DAGS_FOLDER/first-dag.py', '--cfg-path', '/tmp/tmpn6e394ma', '--error-file', '/tmp/tmp4x25rcbf']
[2022-12-11 15:33:20,923] {standard_task_runner.py:80} INFO - Job 965: Subtask sum_column_task
[2022-12-11 15:33:21,001] {task_command.py:369} INFO - Running <TaskInstance: first_dag.sum_column_task scheduled__2022-12-11T15:32:00+00:00 [running]> on host 7e39590a7807
[2022-12-11 15:33:21,097] {taskinstance.py:1571} INFO - Exporting the following env vars:
AIRFLOW_CTX_DAG_OWNER=***
AIRFLOW_CTX_DAG_ID=first_dag
AIRFLOW_CTX_TASK_ID=sum_column_task
AIRFLOW_CTX_EXECUTION_DATE=2022-12-11T15:32:00+00:00
AIRFLOW_CTX_TRY_NUMBER=1
AIRFLOW_CTX_DAG_RUN_ID=scheduled__2022-12-11T15:32:00+00:00
[2022-12-11 15:33:21,117] {logging_mixin.py:115} INFO - Different sum column is -3
[2022-12-11 15:33:21,118] {python.py:173} INFO - Done. Returned value was: -3
[2022-12-11 15:33:21,152] {taskinstance.py:1400} INFO - Marking task as SUCCESS. dag_id=first_dag, task_id=sum_column_task, execution_date=20221211T153200, start_date=20221211T153320, end_date=20221211T153321
[2022-12-11 15:33:21,220] {local_task_job.py:156} INFO - Task exited with return code 0
[2022-12-11 15:33:21,274] {local_task_job.py:273} INFO - 1 downstream tasks scheduled from follow-on schedule check
