[2022-12-10 17:09:25,738] {taskinstance.py:1159} INFO - Dependencies all met for <TaskInstance: first_dag.write_diff_task scheduled__2022-12-04T00:00:00+00:00 [queued]>
[2022-12-10 17:09:25,770] {taskinstance.py:1159} INFO - Dependencies all met for <TaskInstance: first_dag.write_diff_task scheduled__2022-12-04T00:00:00+00:00 [queued]>
[2022-12-10 17:09:25,772] {taskinstance.py:1356} INFO - 
--------------------------------------------------------------------------------
[2022-12-10 17:09:25,774] {taskinstance.py:1357} INFO - Starting attempt 1 of 1
[2022-12-10 17:09:25,776] {taskinstance.py:1358} INFO - 
--------------------------------------------------------------------------------
[2022-12-10 17:09:25,805] {taskinstance.py:1377} INFO - Executing <Task(PythonOperator): write_diff_task> on 2022-12-04 00:00:00+00:00
[2022-12-10 17:09:25,819] {standard_task_runner.py:52} INFO - Started process 205 to run task
[2022-12-10 17:09:25,837] {standard_task_runner.py:79} INFO - Running: ['***', 'tasks', 'run', 'first_dag', 'write_diff_task', 'scheduled__2022-12-04T00:00:00+00:00', '--job-id', '314', '--raw', '--subdir', 'DAGS_FOLDER/first-dag.py', '--cfg-path', '/tmp/tmp_i_bh4vl', '--error-file', '/tmp/tmphi5iav75']
[2022-12-10 17:09:25,841] {standard_task_runner.py:80} INFO - Job 314: Subtask write_diff_task
[2022-12-10 17:09:25,991] {task_command.py:369} INFO - Running <TaskInstance: first_dag.write_diff_task scheduled__2022-12-04T00:00:00+00:00 [running]> on host 4393b4454aa8
[2022-12-10 17:09:26,455] {taskinstance.py:1571} INFO - Exporting the following env vars:
AIRFLOW_CTX_DAG_OWNER=***
AIRFLOW_CTX_DAG_ID=first_dag
AIRFLOW_CTX_TASK_ID=write_diff_task
AIRFLOW_CTX_EXECUTION_DATE=2022-12-04T00:00:00+00:00
AIRFLOW_CTX_TRY_NUMBER=1
AIRFLOW_CTX_DAG_RUN_ID=scheduled__2022-12-04T00:00:00+00:00
[2022-12-10 17:09:26,702] {python.py:173} INFO - Done. Returned value was: None
[2022-12-10 17:09:26,975] {taskinstance.py:1400} INFO - Marking task as SUCCESS. dag_id=first_dag, task_id=write_diff_task, execution_date=20221204T000000, start_date=20221210T170925, end_date=20221210T170926
[2022-12-10 17:09:27,176] {local_task_job.py:156} INFO - Task exited with return code 0
[2022-12-10 17:09:27,463] {local_task_job.py:273} INFO - 0 downstream tasks scheduled from follow-on schedule check
