[2022-12-04 19:24:50,340] {taskinstance.py:1159} INFO - Dependencies all met for <TaskInstance: first_dag.sum_column_task manual__2022-12-04T19:24:47.757058+00:00 [queued]>
[2022-12-04 19:24:50,379] {taskinstance.py:1159} INFO - Dependencies all met for <TaskInstance: first_dag.sum_column_task manual__2022-12-04T19:24:47.757058+00:00 [queued]>
[2022-12-04 19:24:50,392] {taskinstance.py:1356} INFO - 
--------------------------------------------------------------------------------
[2022-12-04 19:24:50,395] {taskinstance.py:1357} INFO - Starting attempt 1 of 1
[2022-12-04 19:24:50,396] {taskinstance.py:1358} INFO - 
--------------------------------------------------------------------------------
[2022-12-04 19:24:50,495] {taskinstance.py:1377} INFO - Executing <Task(PythonOperator): sum_column_task> on 2022-12-04 19:24:47.757058+00:00
[2022-12-04 19:24:50,515] {standard_task_runner.py:52} INFO - Started process 342 to run task
[2022-12-04 19:24:50,568] {standard_task_runner.py:79} INFO - Running: ['***', 'tasks', 'run', 'first_dag', 'sum_column_task', 'manual__2022-12-04T19:24:47.757058+00:00', '--job-id', '250', '--raw', '--subdir', 'DAGS_FOLDER/first-dag.py', '--cfg-path', '/tmp/tmp0jhp74oc', '--error-file', '/tmp/tmp9ygmas57']
[2022-12-04 19:24:50,594] {standard_task_runner.py:80} INFO - Job 250: Subtask sum_column_task
[2022-12-04 19:24:51,124] {task_command.py:369} INFO - Running <TaskInstance: first_dag.sum_column_task manual__2022-12-04T19:24:47.757058+00:00 [running]> on host 4393b4454aa8
[2022-12-04 19:24:51,501] {taskinstance.py:1571} INFO - Exporting the following env vars:
AIRFLOW_CTX_DAG_OWNER=***
AIRFLOW_CTX_DAG_ID=first_dag
AIRFLOW_CTX_TASK_ID=sum_column_task
AIRFLOW_CTX_EXECUTION_DATE=2022-12-04T19:24:47.757058+00:00
AIRFLOW_CTX_TRY_NUMBER=1
AIRFLOW_CTX_DAG_RUN_ID=manual__2022-12-04T19:24:47.757058+00:00
[2022-12-04 19:24:51,525] {python.py:173} INFO - Done. Returned value was: 2
[2022-12-04 19:24:51,627] {taskinstance.py:1400} INFO - Marking task as SUCCESS. dag_id=first_dag, task_id=sum_column_task, execution_date=20221204T192447, start_date=20221204T192450, end_date=20221204T192451
[2022-12-04 19:24:51,696] {local_task_job.py:156} INFO - Task exited with return code 0
[2022-12-04 19:24:51,816] {local_task_job.py:273} INFO - 0 downstream tasks scheduled from follow-on schedule check
