[2022-12-11 19:44:51,941] {taskinstance.py:1159} INFO - Dependencies all met for <TaskInstance: first_dag.wait_for_file manual__2022-12-11T19:44:29.307471+00:00 [queued]>
[2022-12-11 19:44:51,972] {taskinstance.py:1159} INFO - Dependencies all met for <TaskInstance: first_dag.wait_for_file manual__2022-12-11T19:44:29.307471+00:00 [queued]>
[2022-12-11 19:44:51,974] {taskinstance.py:1356} INFO - 
--------------------------------------------------------------------------------
[2022-12-11 19:44:51,975] {taskinstance.py:1357} INFO - Starting attempt 1 of 3
[2022-12-11 19:44:51,976] {taskinstance.py:1358} INFO - 
--------------------------------------------------------------------------------
[2022-12-11 19:44:52,018] {taskinstance.py:1377} INFO - Executing <Task(PythonSensor): wait_for_file> on 2022-12-11 19:44:29.307471+00:00
[2022-12-11 19:44:52,028] {standard_task_runner.py:52} INFO - Started process 5154 to run task
[2022-12-11 19:44:52,067] {standard_task_runner.py:79} INFO - Running: ['***', 'tasks', 'run', 'first_dag', 'wait_for_file', 'manual__2022-12-11T19:44:29.307471+00:00', '--job-id', '1288', '--raw', '--subdir', 'DAGS_FOLDER/first-dag.py', '--cfg-path', '/tmp/tmpedcls9df', '--error-file', '/tmp/tmpy9sib_w1']
[2022-12-11 19:44:52,108] {standard_task_runner.py:80} INFO - Job 1288: Subtask wait_for_file
[2022-12-11 19:44:52,600] {task_command.py:369} INFO - Running <TaskInstance: first_dag.wait_for_file manual__2022-12-11T19:44:29.307471+00:00 [running]> on host 7e39590a7807
[2022-12-11 19:44:53,076] {taskinstance.py:1571} INFO - Exporting the following env vars:
AIRFLOW_CTX_DAG_OWNER=***
AIRFLOW_CTX_DAG_ID=first_dag
AIRFLOW_CTX_TASK_ID=wait_for_file
AIRFLOW_CTX_EXECUTION_DATE=2022-12-11T19:44:29.307471+00:00
AIRFLOW_CTX_TRY_NUMBER=1
AIRFLOW_CTX_DAG_RUN_ID=manual__2022-12-11T19:44:29.307471+00:00
[2022-12-11 19:44:53,080] {python.py:66} INFO - Poking callable: <function _wait_for_file at 0x7f6cec7ae200>
[2022-12-11 19:44:53,137] {logging_mixin.py:115} INFO - _wait_for_file True
[2022-12-11 19:44:53,138] {logging_mixin.py:115} INFO - total attempt 0
[2022-12-11 19:44:53,141] {base.py:301} INFO - Success criteria met. Exiting.
[2022-12-11 19:44:53,166] {taskinstance.py:1400} INFO - Marking task as SUCCESS. dag_id=first_dag, task_id=wait_for_file, execution_date=20221211T194429, start_date=20221211T194451, end_date=20221211T194453
[2022-12-11 19:44:53,193] {local_task_job.py:156} INFO - Task exited with return code 0
[2022-12-11 19:44:53,305] {local_task_job.py:273} INFO - 1 downstream tasks scheduled from follow-on schedule check
