[2022-12-11 15:19:13,409] {taskinstance.py:1159} INFO - Dependencies all met for <TaskInstance: first_dag.hello_task manual__2022-12-11T15:19:11.961894+00:00 [queued]>
[2022-12-11 15:19:13,453] {taskinstance.py:1159} INFO - Dependencies all met for <TaskInstance: first_dag.hello_task manual__2022-12-11T15:19:11.961894+00:00 [queued]>
[2022-12-11 15:19:13,454] {taskinstance.py:1356} INFO - 
--------------------------------------------------------------------------------
[2022-12-11 15:19:13,456] {taskinstance.py:1357} INFO - Starting attempt 1 of 1
[2022-12-11 15:19:13,457] {taskinstance.py:1358} INFO - 
--------------------------------------------------------------------------------
[2022-12-11 15:19:13,492] {taskinstance.py:1377} INFO - Executing <Task(BashOperator): hello_task> on 2022-12-11 15:19:11.961894+00:00
[2022-12-11 15:19:13,502] {standard_task_runner.py:52} INFO - Started process 2430 to run task
[2022-12-11 15:19:13,510] {standard_task_runner.py:79} INFO - Running: ['***', 'tasks', 'run', 'first_dag', 'hello_task', 'manual__2022-12-11T15:19:11.961894+00:00', '--job-id', '863', '--raw', '--subdir', 'DAGS_FOLDER/first-dag.py', '--cfg-path', '/tmp/tmphoj_njc2', '--error-file', '/tmp/tmpgfr4qpdc']
[2022-12-11 15:19:13,512] {standard_task_runner.py:80} INFO - Job 863: Subtask hello_task
[2022-12-11 15:19:13,605] {task_command.py:369} INFO - Running <TaskInstance: first_dag.hello_task manual__2022-12-11T15:19:11.961894+00:00 [running]> on host 7e39590a7807
[2022-12-11 15:19:14,182] {taskinstance.py:1571} INFO - Exporting the following env vars:
AIRFLOW_CTX_DAG_OWNER=***
AIRFLOW_CTX_DAG_ID=first_dag
AIRFLOW_CTX_TASK_ID=hello_task
AIRFLOW_CTX_EXECUTION_DATE=2022-12-11T15:19:11.961894+00:00
AIRFLOW_CTX_TRY_NUMBER=1
AIRFLOW_CTX_DAG_RUN_ID=manual__2022-12-11T15:19:11.961894+00:00
[2022-12-11 15:19:14,185] {subprocess.py:62} INFO - Tmp dir root location: 
 /tmp
[2022-12-11 15:19:14,187] {subprocess.py:74} INFO - Running command: ['bash', '-c', 'echo hello']
[2022-12-11 15:19:14,222] {subprocess.py:85} INFO - Output:
[2022-12-11 15:19:14,244] {subprocess.py:92} INFO - hello
[2022-12-11 15:19:14,246] {subprocess.py:96} INFO - Command exited with return code 0
[2022-12-11 15:19:14,332] {taskinstance.py:1400} INFO - Marking task as SUCCESS. dag_id=first_dag, task_id=hello_task, execution_date=20221211T151911, start_date=20221211T151913, end_date=20221211T151914
[2022-12-11 15:19:14,402] {local_task_job.py:156} INFO - Task exited with return code 0
[2022-12-11 15:19:14,526] {local_task_job.py:273} INFO - 1 downstream tasks scheduled from follow-on schedule check
