[2022-12-11 18:16:19,472] {taskinstance.py:1159} INFO - Dependencies all met for <TaskInstance: first_dag.wait_for_file manual__2022-12-11T18:16:11.624927+00:00 [queued]>
[2022-12-11 18:16:19,581] {taskinstance.py:1159} INFO - Dependencies all met for <TaskInstance: first_dag.wait_for_file manual__2022-12-11T18:16:11.624927+00:00 [queued]>
[2022-12-11 18:16:19,584] {taskinstance.py:1356} INFO - 
--------------------------------------------------------------------------------
[2022-12-11 18:16:19,586] {taskinstance.py:1357} INFO - Starting attempt 1 of 1
[2022-12-11 18:16:19,598] {taskinstance.py:1358} INFO - 
--------------------------------------------------------------------------------
[2022-12-11 18:16:19,730] {taskinstance.py:1377} INFO - Executing <Task(PythonSensor): wait_for_file> on 2022-12-11 18:16:11.624927+00:00
[2022-12-11 18:16:19,746] {standard_task_runner.py:52} INFO - Started process 4219 to run task
[2022-12-11 18:16:19,755] {standard_task_runner.py:79} INFO - Running: ['***', 'tasks', 'run', 'first_dag', 'wait_for_file', 'manual__2022-12-11T18:16:11.624927+00:00', '--job-id', '1159', '--raw', '--subdir', 'DAGS_FOLDER/first-dag.py', '--cfg-path', '/tmp/tmpevl2yjfs', '--error-file', '/tmp/tmpmgrb930w']
[2022-12-11 18:16:19,759] {standard_task_runner.py:80} INFO - Job 1159: Subtask wait_for_file
[2022-12-11 18:16:20,046] {task_command.py:369} INFO - Running <TaskInstance: first_dag.wait_for_file manual__2022-12-11T18:16:11.624927+00:00 [running]> on host 7e39590a7807
[2022-12-11 18:16:20,260] {taskinstance.py:1571} INFO - Exporting the following env vars:
AIRFLOW_CTX_DAG_OWNER=***
AIRFLOW_CTX_DAG_ID=first_dag
AIRFLOW_CTX_TASK_ID=wait_for_file
AIRFLOW_CTX_EXECUTION_DATE=2022-12-11T18:16:11.624927+00:00
AIRFLOW_CTX_TRY_NUMBER=1
AIRFLOW_CTX_DAG_RUN_ID=manual__2022-12-11T18:16:11.624927+00:00
[2022-12-11 18:16:20,263] {python.py:66} INFO - Poking callable: <function _wait_for_file at 0x7f6cec7a5cb0>
[2022-12-11 18:16:20,293] {logging_mixin.py:115} INFO - _wait_for_file True
[2022-12-11 18:16:20,294] {logging_mixin.py:115} INFO - total attempt 0
[2022-12-11 18:17:20,290] {python.py:66} INFO - Poking callable: <function _wait_for_file at 0x7f6cec7a5cb0>
[2022-12-11 18:17:20,663] {logging_mixin.py:115} INFO - _wait_for_file True
[2022-12-11 18:17:20,678] {logging_mixin.py:115} INFO - total attempt 0
[2022-12-11 18:18:21,339] {python.py:66} INFO - Poking callable: <function _wait_for_file at 0x7f6cec7a5cb0>
[2022-12-11 18:18:21,750] {logging_mixin.py:115} INFO - _wait_for_file True
[2022-12-11 18:18:21,754] {logging_mixin.py:115} INFO - total attempt 0
[2022-12-11 18:19:21,795] {python.py:66} INFO - Poking callable: <function _wait_for_file at 0x7f6cec7a5cb0>
[2022-12-11 18:19:22,083] {logging_mixin.py:115} INFO - _wait_for_file True
[2022-12-11 18:19:22,085] {logging_mixin.py:115} INFO - total attempt 0
[2022-12-11 18:20:22,087] {python.py:66} INFO - Poking callable: <function _wait_for_file at 0x7f6cec7a5cb0>
[2022-12-11 18:20:22,216] {logging_mixin.py:115} INFO - _wait_for_file True
[2022-12-11 18:20:22,218] {logging_mixin.py:115} INFO - total attempt 0
[2022-12-11 18:20:22,221] {base.py:301} INFO - Success criteria met. Exiting.
[2022-12-11 18:20:22,539] {taskinstance.py:1400} INFO - Marking task as SUCCESS. dag_id=first_dag, task_id=wait_for_file, execution_date=20221211T181611, start_date=20221211T181619, end_date=20221211T182022
[2022-12-11 18:20:22,721] {local_task_job.py:156} INFO - Task exited with return code 0
[2022-12-11 18:20:22,946] {local_task_job.py:273} INFO - 1 downstream tasks scheduled from follow-on schedule check
