[2022-12-11 14:37:33,707] {taskinstance.py:1159} INFO - Dependencies all met for <TaskInstance: first_dag.hello_task manual__2022-12-11T14:37:32.433944+00:00 [queued]>
[2022-12-11 14:37:33,730] {taskinstance.py:1159} INFO - Dependencies all met for <TaskInstance: first_dag.hello_task manual__2022-12-11T14:37:32.433944+00:00 [queued]>
[2022-12-11 14:37:33,731] {taskinstance.py:1356} INFO - 
--------------------------------------------------------------------------------
[2022-12-11 14:37:33,734] {taskinstance.py:1357} INFO - Starting attempt 1 of 1
[2022-12-11 14:37:33,735] {taskinstance.py:1358} INFO - 
--------------------------------------------------------------------------------
[2022-12-11 14:37:33,777] {taskinstance.py:1377} INFO - Executing <Task(BashOperator): hello_task> on 2022-12-11 14:37:32.433944+00:00
[2022-12-11 14:37:33,785] {standard_task_runner.py:52} INFO - Started process 1040 to run task
[2022-12-11 14:37:33,793] {standard_task_runner.py:79} INFO - Running: ['***', 'tasks', 'run', 'first_dag', 'hello_task', 'manual__2022-12-11T14:37:32.433944+00:00', '--job-id', '531', '--raw', '--subdir', 'DAGS_FOLDER/first-dag.py', '--cfg-path', '/tmp/tmpilge4kzz', '--error-file', '/tmp/tmpx8rj1ih_']
[2022-12-11 14:37:33,795] {standard_task_runner.py:80} INFO - Job 531: Subtask hello_task
[2022-12-11 14:37:33,985] {task_command.py:369} INFO - Running <TaskInstance: first_dag.hello_task manual__2022-12-11T14:37:32.433944+00:00 [running]> on host 7e39590a7807
[2022-12-11 14:37:34,199] {taskinstance.py:1571} INFO - Exporting the following env vars:
AIRFLOW_CTX_DAG_OWNER=***
AIRFLOW_CTX_DAG_ID=first_dag
AIRFLOW_CTX_TASK_ID=hello_task
AIRFLOW_CTX_EXECUTION_DATE=2022-12-11T14:37:32.433944+00:00
AIRFLOW_CTX_TRY_NUMBER=1
AIRFLOW_CTX_DAG_RUN_ID=manual__2022-12-11T14:37:32.433944+00:00
[2022-12-11 14:37:34,203] {subprocess.py:62} INFO - Tmp dir root location: 
 /tmp
[2022-12-11 14:37:34,206] {subprocess.py:74} INFO - Running command: ['bash', '-c', 'echo hello']
[2022-12-11 14:37:34,243] {subprocess.py:85} INFO - Output:
[2022-12-11 14:37:34,262] {subprocess.py:92} INFO - hello
[2022-12-11 14:37:34,277] {subprocess.py:96} INFO - Command exited with return code 0
[2022-12-11 14:37:34,351] {taskinstance.py:1400} INFO - Marking task as SUCCESS. dag_id=first_dag, task_id=hello_task, execution_date=20221211T143732, start_date=20221211T143733, end_date=20221211T143734
[2022-12-11 14:37:34,415] {local_task_job.py:156} INFO - Task exited with return code 0
[2022-12-11 14:37:34,521] {local_task_job.py:273} INFO - 1 downstream tasks scheduled from follow-on schedule check
