[2022-12-12 05:27:50,563] {taskinstance.py:1159} INFO - Dependencies all met for <TaskInstance: first_dag.hello_task manual__2022-12-12T05:27:45.873390+00:00 [queued]>
[2022-12-12 05:27:50,704] {taskinstance.py:1159} INFO - Dependencies all met for <TaskInstance: first_dag.hello_task manual__2022-12-12T05:27:45.873390+00:00 [queued]>
[2022-12-12 05:27:50,725] {taskinstance.py:1356} INFO - 
--------------------------------------------------------------------------------
[2022-12-12 05:27:50,728] {taskinstance.py:1357} INFO - Starting attempt 1 of 1
[2022-12-12 05:27:50,731] {taskinstance.py:1358} INFO - 
--------------------------------------------------------------------------------
[2022-12-12 05:27:50,783] {taskinstance.py:1377} INFO - Executing <Task(BashOperator): hello_task> on 2022-12-12 05:27:45.873390+00:00
[2022-12-12 05:27:50,850] {standard_task_runner.py:52} INFO - Started process 7888 to run task
[2022-12-12 05:27:50,902] {standard_task_runner.py:79} INFO - Running: ['***', 'tasks', 'run', 'first_dag', 'hello_task', 'manual__2022-12-12T05:27:45.873390+00:00', '--job-id', '1686', '--raw', '--subdir', 'DAGS_FOLDER/first-dag.py', '--cfg-path', '/tmp/tmpf1_8vh2i', '--error-file', '/tmp/tmpp82u2dk6']
[2022-12-12 05:27:50,928] {standard_task_runner.py:80} INFO - Job 1686: Subtask hello_task
[2022-12-12 05:27:54,991] {task_command.py:369} INFO - Running <TaskInstance: first_dag.hello_task manual__2022-12-12T05:27:45.873390+00:00 [running]> on host 7e39590a7807
[2022-12-12 05:28:14,827] {taskinstance.py:1571} INFO - Exporting the following env vars:
AIRFLOW_CTX_DAG_OWNER=***
AIRFLOW_CTX_DAG_ID=first_dag
AIRFLOW_CTX_TASK_ID=hello_task
AIRFLOW_CTX_EXECUTION_DATE=2022-12-12T05:27:45.873390+00:00
AIRFLOW_CTX_TRY_NUMBER=1
AIRFLOW_CTX_DAG_RUN_ID=manual__2022-12-12T05:27:45.873390+00:00
[2022-12-12 05:28:14,876] {subprocess.py:62} INFO - Tmp dir root location: 
 /tmp
[2022-12-12 05:28:14,890] {subprocess.py:74} INFO - Running command: ['bash', '-c', 'echo hello']
[2022-12-12 05:28:15,092] {subprocess.py:85} INFO - Output:
[2022-12-12 05:28:15,174] {subprocess.py:92} INFO - hello
[2022-12-12 05:28:15,220] {subprocess.py:96} INFO - Command exited with return code 0
[2022-12-12 05:28:15,597] {taskinstance.py:1400} INFO - Marking task as SUCCESS. dag_id=first_dag, task_id=hello_task, execution_date=20221212T052745, start_date=20221212T052750, end_date=20221212T052815
[2022-12-12 05:28:15,764] {local_task_job.py:156} INFO - Task exited with return code 0
[2022-12-12 05:28:15,902] {local_task_job.py:273} INFO - 1 downstream tasks scheduled from follow-on schedule check
