[2022-12-11 20:38:41,426] {taskinstance.py:1159} INFO - Dependencies all met for <TaskInstance: first_dag.sum_column_task manual__2022-12-11T20:37:51.252016+00:00 [queued]>
[2022-12-11 20:38:41,516] {taskinstance.py:1159} INFO - Dependencies all met for <TaskInstance: first_dag.sum_column_task manual__2022-12-11T20:37:51.252016+00:00 [queued]>
[2022-12-11 20:38:41,518] {taskinstance.py:1356} INFO - 
--------------------------------------------------------------------------------
[2022-12-11 20:38:41,520] {taskinstance.py:1357} INFO - Starting attempt 1 of 1
[2022-12-11 20:38:41,521] {taskinstance.py:1358} INFO - 
--------------------------------------------------------------------------------
[2022-12-11 20:38:41,644] {taskinstance.py:1377} INFO - Executing <Task(PythonOperator): sum_column_task> on 2022-12-11 20:37:51.252016+00:00
[2022-12-11 20:38:41,693] {standard_task_runner.py:52} INFO - Started process 6198 to run task
[2022-12-11 20:38:41,739] {standard_task_runner.py:79} INFO - Running: ['***', 'tasks', 'run', 'first_dag', 'sum_column_task', 'manual__2022-12-11T20:37:51.252016+00:00', '--job-id', '1492', '--raw', '--subdir', 'DAGS_FOLDER/first-dag.py', '--cfg-path', '/tmp/tmpepi5tkov', '--error-file', '/tmp/tmpjkfu0lik']
[2022-12-11 20:38:41,753] {standard_task_runner.py:80} INFO - Job 1492: Subtask sum_column_task
[2022-12-11 20:38:42,298] {task_command.py:369} INFO - Running <TaskInstance: first_dag.sum_column_task manual__2022-12-11T20:37:51.252016+00:00 [running]> on host 7e39590a7807
[2022-12-11 20:38:42,915] {taskinstance.py:1571} INFO - Exporting the following env vars:
AIRFLOW_CTX_DAG_OWNER=***
AIRFLOW_CTX_DAG_ID=first_dag
AIRFLOW_CTX_TASK_ID=sum_column_task
AIRFLOW_CTX_EXECUTION_DATE=2022-12-11T20:37:51.252016+00:00
AIRFLOW_CTX_TRY_NUMBER=1
AIRFLOW_CTX_DAG_RUN_ID=manual__2022-12-11T20:37:51.252016+00:00
[2022-12-11 20:38:43,004] {logging_mixin.py:115} INFO - Different sum column is 0
[2022-12-11 20:38:43,005] {python.py:173} INFO - Done. Returned value was: 0
[2022-12-11 20:38:43,168] {taskinstance.py:1400} INFO - Marking task as SUCCESS. dag_id=first_dag, task_id=sum_column_task, execution_date=20221211T203751, start_date=20221211T203841, end_date=20221211T203843
[2022-12-11 20:38:43,316] {local_task_job.py:156} INFO - Task exited with return code 0
[2022-12-11 20:38:43,789] {local_task_job.py:273} INFO - 0 downstream tasks scheduled from follow-on schedule check
