[2022-12-11 14:37:05,058] {taskinstance.py:1159} INFO - Dependencies all met for <TaskInstance: first_dag.write_diff_task scheduled__2022-12-11T14:36:00+00:00 [queued]>
[2022-12-11 14:37:05,076] {taskinstance.py:1159} INFO - Dependencies all met for <TaskInstance: first_dag.write_diff_task scheduled__2022-12-11T14:36:00+00:00 [queued]>
[2022-12-11 14:37:05,077] {taskinstance.py:1356} INFO - 
--------------------------------------------------------------------------------
[2022-12-11 14:37:05,078] {taskinstance.py:1357} INFO - Starting attempt 1 of 1
[2022-12-11 14:37:05,079] {taskinstance.py:1358} INFO - 
--------------------------------------------------------------------------------
[2022-12-11 14:37:05,099] {taskinstance.py:1377} INFO - Executing <Task(PythonOperator): write_diff_task> on 2022-12-11 14:36:00+00:00
[2022-12-11 14:37:05,108] {standard_task_runner.py:52} INFO - Started process 1022 to run task
[2022-12-11 14:37:05,112] {standard_task_runner.py:79} INFO - Running: ['***', 'tasks', 'run', 'first_dag', 'write_diff_task', 'scheduled__2022-12-11T14:36:00+00:00', '--job-id', '526', '--raw', '--subdir', 'DAGS_FOLDER/first-dag.py', '--cfg-path', '/tmp/tmpb4jmeqht', '--error-file', '/tmp/tmps_degwos']
[2022-12-11 14:37:05,114] {standard_task_runner.py:80} INFO - Job 526: Subtask write_diff_task
[2022-12-11 14:37:05,192] {task_command.py:369} INFO - Running <TaskInstance: first_dag.write_diff_task scheduled__2022-12-11T14:36:00+00:00 [running]> on host 7e39590a7807
[2022-12-11 14:37:05,295] {taskinstance.py:1571} INFO - Exporting the following env vars:
AIRFLOW_CTX_DAG_OWNER=***
AIRFLOW_CTX_DAG_ID=first_dag
AIRFLOW_CTX_TASK_ID=write_diff_task
AIRFLOW_CTX_EXECUTION_DATE=2022-12-11T14:36:00+00:00
AIRFLOW_CTX_TRY_NUMBER=1
AIRFLOW_CTX_DAG_RUN_ID=scheduled__2022-12-11T14:36:00+00:00
[2022-12-11 14:37:05,326] {logging_mixin.py:115} INFO - res -4477087181
[2022-12-11 14:37:05,328] {python.py:173} INFO - Done. Returned value was: None
[2022-12-11 14:37:05,345] {taskinstance.py:1400} INFO - Marking task as SUCCESS. dag_id=first_dag, task_id=write_diff_task, execution_date=20221211T143600, start_date=20221211T143705, end_date=20221211T143705
[2022-12-11 14:37:05,373] {local_task_job.py:156} INFO - Task exited with return code 0
[2022-12-11 14:37:05,420] {local_task_job.py:273} INFO - 0 downstream tasks scheduled from follow-on schedule check
