[2022-12-11 20:23:27,283] {taskinstance.py:1159} INFO - Dependencies all met for <TaskInstance: first_dag.world manual__2022-12-11T20:23:22.398912+00:00 [queued]>
[2022-12-11 20:23:27,316] {taskinstance.py:1159} INFO - Dependencies all met for <TaskInstance: first_dag.world manual__2022-12-11T20:23:22.398912+00:00 [queued]>
[2022-12-11 20:23:27,318] {taskinstance.py:1356} INFO - 
--------------------------------------------------------------------------------
[2022-12-11 20:23:27,319] {taskinstance.py:1357} INFO - Starting attempt 1 of 1
[2022-12-11 20:23:27,320] {taskinstance.py:1358} INFO - 
--------------------------------------------------------------------------------
[2022-12-11 20:23:27,367] {taskinstance.py:1377} INFO - Executing <Task(PythonOperator): world> on 2022-12-11 20:23:22.398912+00:00
[2022-12-11 20:23:27,381] {standard_task_runner.py:52} INFO - Started process 5825 to run task
[2022-12-11 20:23:27,417] {standard_task_runner.py:79} INFO - Running: ['***', 'tasks', 'run', 'first_dag', 'world', 'manual__2022-12-11T20:23:22.398912+00:00', '--job-id', '1394', '--raw', '--subdir', 'DAGS_FOLDER/first-dag.py', '--cfg-path', '/tmp/tmpa0qih83b', '--error-file', '/tmp/tmpbk8zgf0c']
[2022-12-11 20:23:27,433] {standard_task_runner.py:80} INFO - Job 1394: Subtask world
[2022-12-11 20:23:28,065] {task_command.py:369} INFO - Running <TaskInstance: first_dag.world manual__2022-12-11T20:23:22.398912+00:00 [running]> on host 7e39590a7807
[2022-12-11 20:23:28,845] {taskinstance.py:1571} INFO - Exporting the following env vars:
AIRFLOW_CTX_DAG_OWNER=***
AIRFLOW_CTX_DAG_ID=first_dag
AIRFLOW_CTX_TASK_ID=world
AIRFLOW_CTX_EXECUTION_DATE=2022-12-11T20:23:22.398912+00:00
AIRFLOW_CTX_TRY_NUMBER=1
AIRFLOW_CTX_DAG_RUN_ID=manual__2022-12-11T20:23:22.398912+00:00
[2022-12-11 20:23:28,848] {logging_mixin.py:115} INFO - Airflow
[2022-12-11 20:23:28,850] {python.py:173} INFO - Done. Returned value was: None
[2022-12-11 20:23:28,930] {taskinstance.py:1400} INFO - Marking task as SUCCESS. dag_id=first_dag, task_id=world, execution_date=20221211T202322, start_date=20221211T202327, end_date=20221211T202328
[2022-12-11 20:23:29,122] {local_task_job.py:156} INFO - Task exited with return code 0
[2022-12-11 20:23:29,583] {local_task_job.py:273} INFO - 1 downstream tasks scheduled from follow-on schedule check
