[2022-12-11 20:29:50,974] {taskinstance.py:1159} INFO - Dependencies all met for <TaskInstance: first_dag.insert_data manual__2022-12-11T20:29:06.364170+00:00 [queued]>
[2022-12-11 20:29:51,080] {taskinstance.py:1159} INFO - Dependencies all met for <TaskInstance: first_dag.insert_data manual__2022-12-11T20:29:06.364170+00:00 [queued]>
[2022-12-11 20:29:51,085] {taskinstance.py:1356} INFO - 
--------------------------------------------------------------------------------
[2022-12-11 20:29:51,087] {taskinstance.py:1357} INFO - Starting attempt 1 of 1
[2022-12-11 20:29:51,088] {taskinstance.py:1358} INFO - 
--------------------------------------------------------------------------------
[2022-12-11 20:29:51,214] {taskinstance.py:1377} INFO - Executing <Task(PythonOperator): insert_data> on 2022-12-11 20:29:06.364170+00:00
[2022-12-11 20:29:51,234] {standard_task_runner.py:52} INFO - Started process 6044 to run task
[2022-12-11 20:29:51,297] {standard_task_runner.py:79} INFO - Running: ['***', 'tasks', 'run', 'first_dag', 'insert_data', 'manual__2022-12-11T20:29:06.364170+00:00', '--job-id', '1463', '--raw', '--subdir', 'DAGS_FOLDER/first-dag.py', '--cfg-path', '/tmp/tmp1g_e8ntb', '--error-file', '/tmp/tmpjv4vey58']
[2022-12-11 20:29:51,327] {standard_task_runner.py:80} INFO - Job 1463: Subtask insert_data
[2022-12-11 20:29:51,581] {task_command.py:369} INFO - Running <TaskInstance: first_dag.insert_data manual__2022-12-11T20:29:06.364170+00:00 [running]> on host 7e39590a7807
[2022-12-11 20:29:51,957] {taskinstance.py:1571} INFO - Exporting the following env vars:
AIRFLOW_CTX_DAG_OWNER=***
AIRFLOW_CTX_DAG_ID=first_dag
AIRFLOW_CTX_TASK_ID=insert_data
AIRFLOW_CTX_EXECUTION_DATE=2022-12-11T20:29:06.364170+00:00
AIRFLOW_CTX_TRY_NUMBER=1
AIRFLOW_CTX_DAG_RUN_ID=manual__2022-12-11T20:29:06.364170+00:00
[2022-12-11 20:29:51,986] {base.py:68} INFO - Using connection ID 'db' for task execution.
[2022-12-11 20:29:52,011] {logging_mixin.py:115} INFO - PostgreSQL connection is closed
[2022-12-11 20:29:52,012] {python.py:173} INFO - Done. Returned value was: None
[2022-12-11 20:29:52,052] {taskinstance.py:1400} INFO - Marking task as SUCCESS. dag_id=first_dag, task_id=insert_data, execution_date=20221211T202906, start_date=20221211T202950, end_date=20221211T202952
[2022-12-11 20:29:52,127] {local_task_job.py:156} INFO - Task exited with return code 0
[2022-12-11 20:29:52,268] {local_task_job.py:273} INFO - 0 downstream tasks scheduled from follow-on schedule check
