[2022-12-10 17:09:23,351] {taskinstance.py:1159} INFO - Dependencies all met for <TaskInstance: first_dag.sum_column_task scheduled__2022-12-09T00:00:00+00:00 [queued]>
[2022-12-10 17:09:23,384] {taskinstance.py:1159} INFO - Dependencies all met for <TaskInstance: first_dag.sum_column_task scheduled__2022-12-09T00:00:00+00:00 [queued]>
[2022-12-10 17:09:23,386] {taskinstance.py:1356} INFO - 
--------------------------------------------------------------------------------
[2022-12-10 17:09:23,387] {taskinstance.py:1357} INFO - Starting attempt 1 of 1
[2022-12-10 17:09:23,388] {taskinstance.py:1358} INFO - 
--------------------------------------------------------------------------------
[2022-12-10 17:09:23,435] {taskinstance.py:1377} INFO - Executing <Task(PythonOperator): sum_column_task> on 2022-12-09 00:00:00+00:00
[2022-12-10 17:09:23,442] {standard_task_runner.py:52} INFO - Started process 201 to run task
[2022-12-10 17:09:23,464] {standard_task_runner.py:79} INFO - Running: ['***', 'tasks', 'run', 'first_dag', 'sum_column_task', 'scheduled__2022-12-09T00:00:00+00:00', '--job-id', '312', '--raw', '--subdir', 'DAGS_FOLDER/first-dag.py', '--cfg-path', '/tmp/tmpffi2ki09', '--error-file', '/tmp/tmp3ophdyrd']
[2022-12-10 17:09:23,472] {standard_task_runner.py:80} INFO - Job 312: Subtask sum_column_task
[2022-12-10 17:09:23,663] {task_command.py:369} INFO - Running <TaskInstance: first_dag.sum_column_task scheduled__2022-12-09T00:00:00+00:00 [running]> on host 4393b4454aa8
[2022-12-10 17:09:24,046] {taskinstance.py:1571} INFO - Exporting the following env vars:
AIRFLOW_CTX_DAG_OWNER=***
AIRFLOW_CTX_DAG_ID=first_dag
AIRFLOW_CTX_TASK_ID=sum_column_task
AIRFLOW_CTX_EXECUTION_DATE=2022-12-09T00:00:00+00:00
AIRFLOW_CTX_TRY_NUMBER=1
AIRFLOW_CTX_DAG_RUN_ID=scheduled__2022-12-09T00:00:00+00:00
[2022-12-10 17:09:24,077] {python.py:173} INFO - Done. Returned value was: 216533072159
[2022-12-10 17:09:24,144] {taskinstance.py:1400} INFO - Marking task as SUCCESS. dag_id=first_dag, task_id=sum_column_task, execution_date=20221209T000000, start_date=20221210T170923, end_date=20221210T170924
[2022-12-10 17:09:24,234] {local_task_job.py:156} INFO - Task exited with return code 0
[2022-12-10 17:09:24,396] {local_task_job.py:273} INFO - 1 downstream tasks scheduled from follow-on schedule check
[2022-12-10 17:10:20,170] {taskinstance.py:1159} INFO - Dependencies all met for <TaskInstance: first_dag.sum_column_task scheduled__2022-12-09T00:00:00+00:00 [queued]>
[2022-12-10 17:10:20,189] {taskinstance.py:1159} INFO - Dependencies all met for <TaskInstance: first_dag.sum_column_task scheduled__2022-12-09T00:00:00+00:00 [queued]>
[2022-12-10 17:10:20,190] {taskinstance.py:1356} INFO - 
--------------------------------------------------------------------------------
[2022-12-10 17:10:20,191] {taskinstance.py:1357} INFO - Starting attempt 1 of 1
[2022-12-10 17:10:20,195] {taskinstance.py:1358} INFO - 
--------------------------------------------------------------------------------
[2022-12-10 17:10:20,224] {taskinstance.py:1377} INFO - Executing <Task(PythonOperator): sum_column_task> on 2022-12-09 00:00:00+00:00
[2022-12-10 17:10:20,239] {standard_task_runner.py:52} INFO - Started process 235 to run task
[2022-12-10 17:10:20,246] {standard_task_runner.py:79} INFO - Running: ['***', 'tasks', 'run', 'first_dag', 'sum_column_task', 'scheduled__2022-12-09T00:00:00+00:00', '--job-id', '320', '--raw', '--subdir', 'DAGS_FOLDER/first-dag.py', '--cfg-path', '/tmp/tmpqrz0fcsa', '--error-file', '/tmp/tmprg328u5i']
[2022-12-10 17:10:20,249] {standard_task_runner.py:80} INFO - Job 320: Subtask sum_column_task
[2022-12-10 17:10:20,332] {task_command.py:369} INFO - Running <TaskInstance: first_dag.sum_column_task scheduled__2022-12-09T00:00:00+00:00 [running]> on host 4393b4454aa8
[2022-12-10 17:10:20,437] {taskinstance.py:1571} INFO - Exporting the following env vars:
AIRFLOW_CTX_DAG_OWNER=***
AIRFLOW_CTX_DAG_ID=first_dag
AIRFLOW_CTX_TASK_ID=sum_column_task
AIRFLOW_CTX_EXECUTION_DATE=2022-12-09T00:00:00+00:00
AIRFLOW_CTX_TRY_NUMBER=1
AIRFLOW_CTX_DAG_RUN_ID=scheduled__2022-12-09T00:00:00+00:00
[2022-12-10 17:10:20,474] {python.py:173} INFO - Done. Returned value was: 216749605231298
[2022-12-10 17:10:20,517] {taskinstance.py:1400} INFO - Marking task as SUCCESS. dag_id=first_dag, task_id=sum_column_task, execution_date=20221209T000000, start_date=20221210T171020, end_date=20221210T171020
[2022-12-10 17:10:20,546] {local_task_job.py:156} INFO - Task exited with return code 0
[2022-12-10 17:10:20,602] {local_task_job.py:273} INFO - 1 downstream tasks scheduled from follow-on schedule check
