[2022-12-11 14:32:31,777] {taskinstance.py:1159} INFO - Dependencies all met for <TaskInstance: first_dag.world manual__2022-12-11T14:32:26.993639+00:00 [queued]>
[2022-12-11 14:32:31,791] {taskinstance.py:1159} INFO - Dependencies all met for <TaskInstance: first_dag.world manual__2022-12-11T14:32:26.993639+00:00 [queued]>
[2022-12-11 14:32:31,792] {taskinstance.py:1356} INFO - 
--------------------------------------------------------------------------------
[2022-12-11 14:32:31,793] {taskinstance.py:1357} INFO - Starting attempt 1 of 1
[2022-12-11 14:32:31,794] {taskinstance.py:1358} INFO - 
--------------------------------------------------------------------------------
[2022-12-11 14:32:31,816] {taskinstance.py:1377} INFO - Executing <Task(PythonOperator): world> on 2022-12-11 14:32:26.993639+00:00
[2022-12-11 14:32:31,820] {standard_task_runner.py:52} INFO - Started process 850 to run task
[2022-12-11 14:32:31,828] {standard_task_runner.py:79} INFO - Running: ['***', 'tasks', 'run', 'first_dag', 'world', 'manual__2022-12-11T14:32:26.993639+00:00', '--job-id', '484', '--raw', '--subdir', 'DAGS_FOLDER/first-dag.py', '--cfg-path', '/tmp/tmpggjnu8f2', '--error-file', '/tmp/tmpxscl1sel']
[2022-12-11 14:32:31,830] {standard_task_runner.py:80} INFO - Job 484: Subtask world
[2022-12-11 14:32:31,913] {task_command.py:369} INFO - Running <TaskInstance: first_dag.world manual__2022-12-11T14:32:26.993639+00:00 [running]> on host 7e39590a7807
[2022-12-11 14:32:32,029] {taskinstance.py:1571} INFO - Exporting the following env vars:
AIRFLOW_CTX_DAG_OWNER=***
AIRFLOW_CTX_DAG_ID=first_dag
AIRFLOW_CTX_TASK_ID=world
AIRFLOW_CTX_EXECUTION_DATE=2022-12-11T14:32:26.993639+00:00
AIRFLOW_CTX_TRY_NUMBER=1
AIRFLOW_CTX_DAG_RUN_ID=manual__2022-12-11T14:32:26.993639+00:00
[2022-12-11 14:32:32,033] {logging_mixin.py:115} INFO - Airflow
[2022-12-11 14:32:32,034] {python.py:173} INFO - Done. Returned value was: None
[2022-12-11 14:32:32,056] {taskinstance.py:1400} INFO - Marking task as SUCCESS. dag_id=first_dag, task_id=world, execution_date=20221211T143226, start_date=20221211T143231, end_date=20221211T143232
[2022-12-11 14:32:32,121] {local_task_job.py:156} INFO - Task exited with return code 0
[2022-12-11 14:32:32,197] {local_task_job.py:273} INFO - 1 downstream tasks scheduled from follow-on schedule check
