[2022-12-11 21:21:57,727] {taskinstance.py:1159} INFO - Dependencies all met for <TaskInstance: first_dag.sum_column_task scheduled__2022-12-11T21:20:00+00:00 [queued]>
[2022-12-11 21:21:57,743] {taskinstance.py:1159} INFO - Dependencies all met for <TaskInstance: first_dag.sum_column_task scheduled__2022-12-11T21:20:00+00:00 [queued]>
[2022-12-11 21:21:57,744] {taskinstance.py:1356} INFO - 
--------------------------------------------------------------------------------
[2022-12-11 21:21:57,745] {taskinstance.py:1357} INFO - Starting attempt 1 of 1
[2022-12-11 21:21:57,746] {taskinstance.py:1358} INFO - 
--------------------------------------------------------------------------------
[2022-12-11 21:21:57,773] {taskinstance.py:1377} INFO - Executing <Task(PythonOperator): sum_column_task> on 2022-12-11 21:20:00+00:00
[2022-12-11 21:21:57,779] {standard_task_runner.py:52} INFO - Started process 6624 to run task
[2022-12-11 21:21:57,795] {standard_task_runner.py:79} INFO - Running: ['***', 'tasks', 'run', 'first_dag', 'sum_column_task', 'scheduled__2022-12-11T21:20:00+00:00', '--job-id', '1546', '--raw', '--subdir', 'DAGS_FOLDER/first-dag.py', '--cfg-path', '/tmp/tmp14gz_4g7', '--error-file', '/tmp/tmphoeinr2h']
[2022-12-11 21:21:57,797] {standard_task_runner.py:80} INFO - Job 1546: Subtask sum_column_task
[2022-12-11 21:21:58,010] {task_command.py:369} INFO - Running <TaskInstance: first_dag.sum_column_task scheduled__2022-12-11T21:20:00+00:00 [running]> on host 7e39590a7807
[2022-12-11 21:21:58,224] {taskinstance.py:1571} INFO - Exporting the following env vars:
AIRFLOW_CTX_DAG_OWNER=***
AIRFLOW_CTX_DAG_ID=first_dag
AIRFLOW_CTX_TASK_ID=sum_column_task
AIRFLOW_CTX_EXECUTION_DATE=2022-12-11T21:20:00+00:00
AIRFLOW_CTX_TRY_NUMBER=1
AIRFLOW_CTX_DAG_RUN_ID=scheduled__2022-12-11T21:20:00+00:00
[2022-12-11 21:21:58,278] {logging_mixin.py:115} INFO - Different sum column is 0
[2022-12-11 21:21:58,279] {python.py:173} INFO - Done. Returned value was: 0
[2022-12-11 21:21:58,378] {taskinstance.py:1400} INFO - Marking task as SUCCESS. dag_id=first_dag, task_id=sum_column_task, execution_date=20221211T212000, start_date=20221211T212157, end_date=20221211T212158
[2022-12-11 21:21:58,427] {local_task_job.py:156} INFO - Task exited with return code 0
[2022-12-11 21:21:58,568] {local_task_job.py:273} INFO - 1 downstream tasks scheduled from follow-on schedule check
