[2022-12-04 18:34:17,805] {taskinstance.py:1159} INFO - Dependencies all met for <TaskInstance: first_dag.world manual__2022-12-04T18:34:14.615441+00:00 [queued]>
[2022-12-04 18:34:17,826] {taskinstance.py:1159} INFO - Dependencies all met for <TaskInstance: first_dag.world manual__2022-12-04T18:34:14.615441+00:00 [queued]>
[2022-12-04 18:34:17,828] {taskinstance.py:1356} INFO - 
--------------------------------------------------------------------------------
[2022-12-04 18:34:17,829] {taskinstance.py:1357} INFO - Starting attempt 1 of 1
[2022-12-04 18:34:17,830] {taskinstance.py:1358} INFO - 
--------------------------------------------------------------------------------
[2022-12-04 18:34:17,852] {taskinstance.py:1377} INFO - Executing <Task(PythonOperator): world> on 2022-12-04 18:34:14.615441+00:00
[2022-12-04 18:34:17,858] {standard_task_runner.py:52} INFO - Started process 1981 to run task
[2022-12-04 18:34:17,863] {standard_task_runner.py:79} INFO - Running: ['***', 'tasks', 'run', 'first_dag', 'world', 'manual__2022-12-04T18:34:14.615441+00:00', '--job-id', '220', '--raw', '--subdir', 'DAGS_FOLDER/first-dag.py', '--cfg-path', '/tmp/tmpxx_sly21', '--error-file', '/tmp/tmppatde6tm']
[2022-12-04 18:34:17,866] {standard_task_runner.py:80} INFO - Job 220: Subtask world
[2022-12-04 18:34:17,953] {task_command.py:369} INFO - Running <TaskInstance: first_dag.world manual__2022-12-04T18:34:14.615441+00:00 [running]> on host fb90b48d1471
[2022-12-04 18:34:18,065] {taskinstance.py:1571} INFO - Exporting the following env vars:
AIRFLOW_CTX_DAG_OWNER=***
AIRFLOW_CTX_DAG_ID=first_dag
AIRFLOW_CTX_TASK_ID=world
AIRFLOW_CTX_EXECUTION_DATE=2022-12-04T18:34:14.615441+00:00
AIRFLOW_CTX_TRY_NUMBER=1
AIRFLOW_CTX_DAG_RUN_ID=manual__2022-12-04T18:34:14.615441+00:00
[2022-12-04 18:34:18,067] {logging_mixin.py:115} INFO - Airflow
[2022-12-04 18:34:18,068] {python.py:173} INFO - Done. Returned value was: None
[2022-12-04 18:34:18,088] {taskinstance.py:1400} INFO - Marking task as SUCCESS. dag_id=first_dag, task_id=world, execution_date=20221204T183414, start_date=20221204T183417, end_date=20221204T183418
[2022-12-04 18:34:18,120] {local_task_job.py:156} INFO - Task exited with return code 0
[2022-12-04 18:34:18,171] {local_task_job.py:273} INFO - 1 downstream tasks scheduled from follow-on schedule check
