[2022-12-12 05:25:25,455] {taskinstance.py:1159} INFO - Dependencies all met for <TaskInstance: first_dag.hello_task manual__2022-12-12T05:25:23.498395+00:00 [queued]>
[2022-12-12 05:25:25,491] {taskinstance.py:1159} INFO - Dependencies all met for <TaskInstance: first_dag.hello_task manual__2022-12-12T05:25:23.498395+00:00 [queued]>
[2022-12-12 05:25:25,516] {taskinstance.py:1356} INFO - 
--------------------------------------------------------------------------------
[2022-12-12 05:25:25,518] {taskinstance.py:1357} INFO - Starting attempt 1 of 1
[2022-12-12 05:25:25,530] {taskinstance.py:1358} INFO - 
--------------------------------------------------------------------------------
[2022-12-12 05:25:25,601] {taskinstance.py:1377} INFO - Executing <Task(BashOperator): hello_task> on 2022-12-12 05:25:23.498395+00:00
[2022-12-12 05:25:25,618] {standard_task_runner.py:52} INFO - Started process 7724 to run task
[2022-12-12 05:25:25,642] {standard_task_runner.py:79} INFO - Running: ['***', 'tasks', 'run', 'first_dag', 'hello_task', 'manual__2022-12-12T05:25:23.498395+00:00', '--job-id', '1619', '--raw', '--subdir', 'DAGS_FOLDER/first-dag.py', '--cfg-path', '/tmp/tmpj27z6j83', '--error-file', '/tmp/tmpohox37r3']
[2022-12-12 05:25:25,651] {standard_task_runner.py:80} INFO - Job 1619: Subtask hello_task
[2022-12-12 05:25:25,983] {task_command.py:369} INFO - Running <TaskInstance: first_dag.hello_task manual__2022-12-12T05:25:23.498395+00:00 [running]> on host 7e39590a7807
[2022-12-12 05:25:26,347] {taskinstance.py:1571} INFO - Exporting the following env vars:
AIRFLOW_CTX_DAG_OWNER=***
AIRFLOW_CTX_DAG_ID=first_dag
AIRFLOW_CTX_TASK_ID=hello_task
AIRFLOW_CTX_EXECUTION_DATE=2022-12-12T05:25:23.498395+00:00
AIRFLOW_CTX_TRY_NUMBER=1
AIRFLOW_CTX_DAG_RUN_ID=manual__2022-12-12T05:25:23.498395+00:00
[2022-12-12 05:25:26,353] {subprocess.py:62} INFO - Tmp dir root location: 
 /tmp
[2022-12-12 05:25:26,356] {subprocess.py:74} INFO - Running command: ['bash', '-c', 'echo hello']
[2022-12-12 05:25:26,430] {subprocess.py:85} INFO - Output:
[2022-12-12 05:25:26,469] {subprocess.py:92} INFO - hello
[2022-12-12 05:25:26,483] {subprocess.py:96} INFO - Command exited with return code 0
[2022-12-12 05:25:26,618] {taskinstance.py:1400} INFO - Marking task as SUCCESS. dag_id=first_dag, task_id=hello_task, execution_date=20221212T052523, start_date=20221212T052525, end_date=20221212T052526
[2022-12-12 05:25:26,708] {local_task_job.py:156} INFO - Task exited with return code 0
[2022-12-12 05:25:26,821] {local_task_job.py:273} INFO - 1 downstream tasks scheduled from follow-on schedule check
