[2022-12-11 14:42:55,058] {taskinstance.py:1159} INFO - Dependencies all met for <TaskInstance: first_dag.sum_column_task manual__2022-12-11T14:42:50.286785+00:00 [queued]>
[2022-12-11 14:42:55,096] {taskinstance.py:1159} INFO - Dependencies all met for <TaskInstance: first_dag.sum_column_task manual__2022-12-11T14:42:50.286785+00:00 [queued]>
[2022-12-11 14:42:55,097] {taskinstance.py:1356} INFO - 
--------------------------------------------------------------------------------
[2022-12-11 14:42:55,098] {taskinstance.py:1357} INFO - Starting attempt 1 of 1
[2022-12-11 14:42:55,099] {taskinstance.py:1358} INFO - 
--------------------------------------------------------------------------------
[2022-12-11 14:42:55,128] {taskinstance.py:1377} INFO - Executing <Task(PythonOperator): sum_column_task> on 2022-12-11 14:42:50.286785+00:00
[2022-12-11 14:42:55,136] {standard_task_runner.py:52} INFO - Started process 1269 to run task
[2022-12-11 14:42:55,144] {standard_task_runner.py:79} INFO - Running: ['***', 'tasks', 'run', 'first_dag', 'sum_column_task', 'manual__2022-12-11T14:42:50.286785+00:00', '--job-id', '592', '--raw', '--subdir', 'DAGS_FOLDER/first-dag.py', '--cfg-path', '/tmp/tmphlgw5yz5', '--error-file', '/tmp/tmpx1juqckc']
[2022-12-11 14:42:55,147] {standard_task_runner.py:80} INFO - Job 592: Subtask sum_column_task
[2022-12-11 14:42:55,268] {task_command.py:369} INFO - Running <TaskInstance: first_dag.sum_column_task manual__2022-12-11T14:42:50.286785+00:00 [running]> on host 7e39590a7807
[2022-12-11 14:42:55,388] {taskinstance.py:1571} INFO - Exporting the following env vars:
AIRFLOW_CTX_DAG_OWNER=***
AIRFLOW_CTX_DAG_ID=first_dag
AIRFLOW_CTX_TASK_ID=sum_column_task
AIRFLOW_CTX_EXECUTION_DATE=2022-12-11T14:42:50.286785+00:00
AIRFLOW_CTX_TRY_NUMBER=1
AIRFLOW_CTX_DAG_RUN_ID=manual__2022-12-11T14:42:50.286785+00:00
[2022-12-11 14:42:55,417] {python.py:173} INFO - Done. Returned value was: -7
[2022-12-11 14:42:55,457] {taskinstance.py:1400} INFO - Marking task as SUCCESS. dag_id=first_dag, task_id=sum_column_task, execution_date=20221211T144250, start_date=20221211T144255, end_date=20221211T144255
[2022-12-11 14:42:55,488] {local_task_job.py:156} INFO - Task exited with return code 0
[2022-12-11 14:42:55,552] {local_task_job.py:273} INFO - 1 downstream tasks scheduled from follow-on schedule check
