[2022-12-04 16:40:44,368] {taskinstance.py:1159} INFO - Dependencies all met for <TaskInstance: first_dag.hello_task scheduled__2021-01-01T03:10:00+00:00 [queued]>
[2022-12-04 16:40:44,476] {taskinstance.py:1159} INFO - Dependencies all met for <TaskInstance: first_dag.hello_task scheduled__2021-01-01T03:10:00+00:00 [queued]>
[2022-12-04 16:40:44,480] {taskinstance.py:1356} INFO - 
--------------------------------------------------------------------------------
[2022-12-04 16:40:44,482] {taskinstance.py:1357} INFO - Starting attempt 1 of 1
[2022-12-04 16:40:44,485] {taskinstance.py:1358} INFO - 
--------------------------------------------------------------------------------
[2022-12-04 16:40:44,752] {taskinstance.py:1377} INFO - Executing <Task(BashOperator): hello_task> on 2021-01-01 03:10:00+00:00
[2022-12-04 16:40:44,812] {standard_task_runner.py:52} INFO - Started process 639 to run task
[2022-12-04 16:40:44,893] {standard_task_runner.py:79} INFO - Running: ['***', 'tasks', 'run', 'first_dag', 'hello_task', 'scheduled__2021-01-01T03:10:00+00:00', '--job-id', '59', '--raw', '--subdir', 'DAGS_FOLDER/first-dag.py', '--cfg-path', '/tmp/tmp6872kys1', '--error-file', '/tmp/tmp14854ta2']
[2022-12-04 16:40:44,921] {standard_task_runner.py:80} INFO - Job 59: Subtask hello_task
[2022-12-04 16:40:45,661] {task_command.py:369} INFO - Running <TaskInstance: first_dag.hello_task scheduled__2021-01-01T03:10:00+00:00 [running]> on host fb90b48d1471
[2022-12-04 16:40:46,648] {taskinstance.py:1571} INFO - Exporting the following env vars:
AIRFLOW_CTX_DAG_OWNER=***
AIRFLOW_CTX_DAG_ID=first_dag
AIRFLOW_CTX_TASK_ID=hello_task
AIRFLOW_CTX_EXECUTION_DATE=2021-01-01T03:10:00+00:00
AIRFLOW_CTX_TRY_NUMBER=1
AIRFLOW_CTX_DAG_RUN_ID=scheduled__2021-01-01T03:10:00+00:00
[2022-12-04 16:40:46,651] {subprocess.py:62} INFO - Tmp dir root location: 
 /tmp
[2022-12-04 16:40:46,652] {subprocess.py:74} INFO - Running command: ['bash', '-c', 'echo hello']
[2022-12-04 16:40:46,736] {subprocess.py:85} INFO - Output:
[2022-12-04 16:40:46,765] {subprocess.py:92} INFO - hello
[2022-12-04 16:40:46,773] {subprocess.py:96} INFO - Command exited with return code 0
[2022-12-04 16:40:46,978] {taskinstance.py:1400} INFO - Marking task as SUCCESS. dag_id=first_dag, task_id=hello_task, execution_date=20210101T031000, start_date=20221204T164044, end_date=20221204T164046
[2022-12-04 16:40:47,228] {local_task_job.py:156} INFO - Task exited with return code 0
[2022-12-04 16:40:47,633] {local_task_job.py:273} INFO - 0 downstream tasks scheduled from follow-on schedule check
