[2022-12-04 18:32:02,732] {taskinstance.py:1159} INFO - Dependencies all met for <TaskInstance: first_dag.generate_two_int_task manual__2022-12-04T18:31:58.720734+00:00 [queued]>
[2022-12-04 18:32:02,749] {taskinstance.py:1159} INFO - Dependencies all met for <TaskInstance: first_dag.generate_two_int_task manual__2022-12-04T18:31:58.720734+00:00 [queued]>
[2022-12-04 18:32:02,751] {taskinstance.py:1356} INFO - 
--------------------------------------------------------------------------------
[2022-12-04 18:32:02,752] {taskinstance.py:1357} INFO - Starting attempt 1 of 1
[2022-12-04 18:32:02,753] {taskinstance.py:1358} INFO - 
--------------------------------------------------------------------------------
[2022-12-04 18:32:02,775] {taskinstance.py:1377} INFO - Executing <Task(PythonOperator): generate_two_int_task> on 2022-12-04 18:31:58.720734+00:00
[2022-12-04 18:32:02,782] {standard_task_runner.py:52} INFO - Started process 1901 to run task
[2022-12-04 18:32:02,792] {standard_task_runner.py:79} INFO - Running: ['***', 'tasks', 'run', 'first_dag', 'generate_two_int_task', 'manual__2022-12-04T18:31:58.720734+00:00', '--job-id', '206', '--raw', '--subdir', 'DAGS_FOLDER/first-dag.py', '--cfg-path', '/tmp/tmp0e345ov9', '--error-file', '/tmp/tmp4ysfqbt1']
[2022-12-04 18:32:02,795] {standard_task_runner.py:80} INFO - Job 206: Subtask generate_two_int_task
[2022-12-04 18:32:02,880] {task_command.py:369} INFO - Running <TaskInstance: first_dag.generate_two_int_task manual__2022-12-04T18:31:58.720734+00:00 [running]> on host fb90b48d1471
[2022-12-04 18:32:03,004] {taskinstance.py:1571} INFO - Exporting the following env vars:
AIRFLOW_CTX_DAG_OWNER=***
AIRFLOW_CTX_DAG_ID=first_dag
AIRFLOW_CTX_TASK_ID=generate_two_int_task
AIRFLOW_CTX_EXECUTION_DATE=2022-12-04T18:31:58.720734+00:00
AIRFLOW_CTX_TRY_NUMBER=1
AIRFLOW_CTX_DAG_RUN_ID=manual__2022-12-04T18:31:58.720734+00:00
[2022-12-04 18:32:03,025] {python.py:173} INFO - Done. Returned value was: None
[2022-12-04 18:32:03,050] {taskinstance.py:1400} INFO - Marking task as SUCCESS. dag_id=first_dag, task_id=generate_two_int_task, execution_date=20221204T183158, start_date=20221204T183202, end_date=20221204T183203
[2022-12-04 18:32:03,083] {local_task_job.py:156} INFO - Task exited with return code 0
[2022-12-04 18:32:03,132] {local_task_job.py:273} INFO - 0 downstream tasks scheduled from follow-on schedule check
