[2022-12-11 20:00:09,725] {taskinstance.py:1159} INFO - Dependencies all met for <TaskInstance: first_dag.wait_for_file manual__2022-12-11T19:59:53.805292+00:00 [queued]>
[2022-12-11 20:00:09,784] {taskinstance.py:1159} INFO - Dependencies all met for <TaskInstance: first_dag.wait_for_file manual__2022-12-11T19:59:53.805292+00:00 [queued]>
[2022-12-11 20:00:09,787] {taskinstance.py:1356} INFO - 
--------------------------------------------------------------------------------
[2022-12-11 20:00:09,789] {taskinstance.py:1357} INFO - Starting attempt 1 of 3
[2022-12-11 20:00:09,790] {taskinstance.py:1358} INFO - 
--------------------------------------------------------------------------------
[2022-12-11 20:00:09,912] {taskinstance.py:1377} INFO - Executing <Task(PythonSensor): wait_for_file> on 2022-12-11 19:59:53.805292+00:00
[2022-12-11 20:00:09,929] {standard_task_runner.py:52} INFO - Started process 5399 to run task
[2022-12-11 20:00:09,962] {standard_task_runner.py:79} INFO - Running: ['***', 'tasks', 'run', 'first_dag', 'wait_for_file', 'manual__2022-12-11T19:59:53.805292+00:00', '--job-id', '1317', '--raw', '--subdir', 'DAGS_FOLDER/first-dag.py', '--cfg-path', '/tmp/tmpmp5e3vii', '--error-file', '/tmp/tmp0dpdtw5v']
[2022-12-11 20:00:09,964] {standard_task_runner.py:80} INFO - Job 1317: Subtask wait_for_file
[2022-12-11 20:00:10,245] {task_command.py:369} INFO - Running <TaskInstance: first_dag.wait_for_file manual__2022-12-11T19:59:53.805292+00:00 [running]> on host 7e39590a7807
[2022-12-11 20:00:10,656] {taskinstance.py:1571} INFO - Exporting the following env vars:
AIRFLOW_CTX_DAG_OWNER=***
AIRFLOW_CTX_DAG_ID=first_dag
AIRFLOW_CTX_TASK_ID=wait_for_file
AIRFLOW_CTX_EXECUTION_DATE=2022-12-11T19:59:53.805292+00:00
AIRFLOW_CTX_TRY_NUMBER=1
AIRFLOW_CTX_DAG_RUN_ID=manual__2022-12-11T19:59:53.805292+00:00
[2022-12-11 20:00:10,659] {python.py:66} INFO - Poking callable: <function _wait_for_file at 0x7f6cec7ac440>
[2022-12-11 20:00:10,706] {logging_mixin.py:115} INFO - _wait_for_file True
[2022-12-11 20:00:30,684] {python.py:66} INFO - Poking callable: <function _wait_for_file at 0x7f6cec7ac440>
[2022-12-11 20:00:30,707] {logging_mixin.py:115} INFO - _wait_for_file True
[2022-12-11 20:00:30,709] {base.py:301} INFO - Success criteria met. Exiting.
[2022-12-11 20:00:30,731] {taskinstance.py:1400} INFO - Marking task as SUCCESS. dag_id=first_dag, task_id=wait_for_file, execution_date=20221211T195953, start_date=20221211T200009, end_date=20221211T200030
[2022-12-11 20:00:30,797] {local_task_job.py:156} INFO - Task exited with return code 0
[2022-12-11 20:00:30,869] {local_task_job.py:273} INFO - 1 downstream tasks scheduled from follow-on schedule check
