[2022-12-04 19:18:05,108] {taskinstance.py:1159} INFO - Dependencies all met for <TaskInstance: first_dag.printer manual__2022-12-04T19:18:03.407949+00:00 [queued]>
[2022-12-04 19:18:05,155] {taskinstance.py:1159} INFO - Dependencies all met for <TaskInstance: first_dag.printer manual__2022-12-04T19:18:03.407949+00:00 [queued]>
[2022-12-04 19:18:05,157] {taskinstance.py:1356} INFO - 
--------------------------------------------------------------------------------
[2022-12-04 19:18:05,161] {taskinstance.py:1357} INFO - Starting attempt 1 of 1
[2022-12-04 19:18:05,166] {taskinstance.py:1358} INFO - 
--------------------------------------------------------------------------------
[2022-12-04 19:18:05,246] {taskinstance.py:1377} INFO - Executing <Task(PythonOperator): printer> on 2022-12-04 19:18:03.407949+00:00
[2022-12-04 19:18:05,253] {standard_task_runner.py:52} INFO - Started process 245 to run task
[2022-12-04 19:18:05,282] {standard_task_runner.py:79} INFO - Running: ['***', 'tasks', 'run', 'first_dag', 'printer', 'manual__2022-12-04T19:18:03.407949+00:00', '--job-id', '238', '--raw', '--subdir', 'DAGS_FOLDER/first-dag.py', '--cfg-path', '/tmp/tmpmggjggyi', '--error-file', '/tmp/tmpktokytlp']
[2022-12-04 19:18:05,293] {standard_task_runner.py:80} INFO - Job 238: Subtask printer
[2022-12-04 19:18:05,588] {task_command.py:369} INFO - Running <TaskInstance: first_dag.printer manual__2022-12-04T19:18:03.407949+00:00 [running]> on host 4393b4454aa8
[2022-12-04 19:18:06,021] {taskinstance.py:1571} INFO - Exporting the following env vars:
AIRFLOW_CTX_DAG_OWNER=***
AIRFLOW_CTX_DAG_ID=first_dag
AIRFLOW_CTX_TASK_ID=printer
AIRFLOW_CTX_EXECUTION_DATE=2022-12-04T19:18:03.407949+00:00
AIRFLOW_CTX_TRY_NUMBER=1
AIRFLOW_CTX_DAG_RUN_ID=manual__2022-12-04T19:18:03.407949+00:00
[2022-12-04 19:18:06,058] {logging_mixin.py:115} INFO - The value is: None
[2022-12-04 19:18:06,060] {python.py:173} INFO - Done. Returned value was: None
[2022-12-04 19:18:06,085] {taskinstance.py:1400} INFO - Marking task as SUCCESS. dag_id=first_dag, task_id=printer, execution_date=20221204T191803, start_date=20221204T191805, end_date=20221204T191806
[2022-12-04 19:18:06,147] {local_task_job.py:156} INFO - Task exited with return code 0
[2022-12-04 19:18:06,219] {local_task_job.py:273} INFO - 0 downstream tasks scheduled from follow-on schedule check
