[2022-12-11 20:59:52,561] {taskinstance.py:1159} INFO - Dependencies all met for <TaskInstance: first_dag.world scheduled__2022-12-11T20:58:00+00:00 [queued]>
[2022-12-11 20:59:52,578] {taskinstance.py:1159} INFO - Dependencies all met for <TaskInstance: first_dag.world scheduled__2022-12-11T20:58:00+00:00 [queued]>
[2022-12-11 20:59:52,579] {taskinstance.py:1356} INFO - 
--------------------------------------------------------------------------------
[2022-12-11 20:59:52,580] {taskinstance.py:1357} INFO - Starting attempt 1 of 1
[2022-12-11 20:59:52,581] {taskinstance.py:1358} INFO - 
--------------------------------------------------------------------------------
[2022-12-11 20:59:52,605] {taskinstance.py:1377} INFO - Executing <Task(PythonOperator): world> on 2022-12-11 20:58:00+00:00
[2022-12-11 20:59:52,612] {standard_task_runner.py:52} INFO - Started process 6430 to run task
[2022-12-11 20:59:52,623] {standard_task_runner.py:79} INFO - Running: ['***', 'tasks', 'run', 'first_dag', 'world', 'scheduled__2022-12-11T20:58:00+00:00', '--job-id', '1518', '--raw', '--subdir', 'DAGS_FOLDER/first-dag.py', '--cfg-path', '/tmp/tmpp2iqonpe', '--error-file', '/tmp/tmpm2gqc_8f']
[2022-12-11 20:59:52,626] {standard_task_runner.py:80} INFO - Job 1518: Subtask world
[2022-12-11 20:59:52,725] {task_command.py:369} INFO - Running <TaskInstance: first_dag.world scheduled__2022-12-11T20:58:00+00:00 [running]> on host 7e39590a7807
[2022-12-11 20:59:52,843] {taskinstance.py:1571} INFO - Exporting the following env vars:
AIRFLOW_CTX_DAG_OWNER=***
AIRFLOW_CTX_DAG_ID=first_dag
AIRFLOW_CTX_TASK_ID=world
AIRFLOW_CTX_EXECUTION_DATE=2022-12-11T20:58:00+00:00
AIRFLOW_CTX_TRY_NUMBER=1
AIRFLOW_CTX_DAG_RUN_ID=scheduled__2022-12-11T20:58:00+00:00
[2022-12-11 20:59:52,845] {logging_mixin.py:115} INFO - Airflow
[2022-12-11 20:59:52,846] {python.py:173} INFO - Done. Returned value was: None
[2022-12-11 20:59:52,867] {taskinstance.py:1400} INFO - Marking task as SUCCESS. dag_id=first_dag, task_id=world, execution_date=20221211T205800, start_date=20221211T205952, end_date=20221211T205952
[2022-12-11 20:59:52,914] {local_task_job.py:156} INFO - Task exited with return code 0
[2022-12-11 20:59:53,001] {local_task_job.py:273} INFO - 1 downstream tasks scheduled from follow-on schedule check
