[2022-12-12 05:13:38,787] {taskinstance.py:1159} INFO - Dependencies all met for <TaskInstance: first_dag.hello_task manual__2022-12-12T05:13:37.283978+00:00 [queued]>
[2022-12-12 05:13:38,809] {taskinstance.py:1159} INFO - Dependencies all met for <TaskInstance: first_dag.hello_task manual__2022-12-12T05:13:37.283978+00:00 [queued]>
[2022-12-12 05:13:38,811] {taskinstance.py:1356} INFO - 
--------------------------------------------------------------------------------
[2022-12-12 05:13:38,812] {taskinstance.py:1357} INFO - Starting attempt 1 of 1
[2022-12-12 05:13:38,814] {taskinstance.py:1358} INFO - 
--------------------------------------------------------------------------------
[2022-12-12 05:13:38,848] {taskinstance.py:1377} INFO - Executing <Task(BashOperator): hello_task> on 2022-12-12 05:13:37.283978+00:00
[2022-12-12 05:13:38,860] {standard_task_runner.py:52} INFO - Started process 7495 to run task
[2022-12-12 05:13:38,875] {standard_task_runner.py:79} INFO - Running: ['***', 'tasks', 'run', 'first_dag', 'hello_task', 'manual__2022-12-12T05:13:37.283978+00:00', '--job-id', '1572', '--raw', '--subdir', 'DAGS_FOLDER/first-dag.py', '--cfg-path', '/tmp/tmpt9n2m7j2', '--error-file', '/tmp/tmprjx7paei']
[2022-12-12 05:13:38,878] {standard_task_runner.py:80} INFO - Job 1572: Subtask hello_task
[2022-12-12 05:13:39,121] {task_command.py:369} INFO - Running <TaskInstance: first_dag.hello_task manual__2022-12-12T05:13:37.283978+00:00 [running]> on host 7e39590a7807
[2022-12-12 05:13:39,828] {taskinstance.py:1571} INFO - Exporting the following env vars:
AIRFLOW_CTX_DAG_OWNER=***
AIRFLOW_CTX_DAG_ID=first_dag
AIRFLOW_CTX_TASK_ID=hello_task
AIRFLOW_CTX_EXECUTION_DATE=2022-12-12T05:13:37.283978+00:00
AIRFLOW_CTX_TRY_NUMBER=1
AIRFLOW_CTX_DAG_RUN_ID=manual__2022-12-12T05:13:37.283978+00:00
[2022-12-12 05:13:39,839] {subprocess.py:62} INFO - Tmp dir root location: 
 /tmp
[2022-12-12 05:13:39,852] {subprocess.py:74} INFO - Running command: ['bash', '-c', 'echo hello']
[2022-12-12 05:13:39,893] {subprocess.py:85} INFO - Output:
[2022-12-12 05:13:39,915] {subprocess.py:92} INFO - hello
[2022-12-12 05:13:39,917] {subprocess.py:96} INFO - Command exited with return code 0
[2022-12-12 05:13:40,041] {taskinstance.py:1400} INFO - Marking task as SUCCESS. dag_id=first_dag, task_id=hello_task, execution_date=20221212T051337, start_date=20221212T051338, end_date=20221212T051340
[2022-12-12 05:13:40,161] {local_task_job.py:156} INFO - Task exited with return code 0
[2022-12-12 05:13:40,305] {local_task_job.py:273} INFO - 1 downstream tasks scheduled from follow-on schedule check
