[2022-12-11 14:10:01,882] {taskinstance.py:1159} INFO - Dependencies all met for <TaskInstance: first_dag.world scheduled__2022-12-11T14:09:00+00:00 [queued]>
[2022-12-11 14:10:01,899] {taskinstance.py:1159} INFO - Dependencies all met for <TaskInstance: first_dag.world scheduled__2022-12-11T14:09:00+00:00 [queued]>
[2022-12-11 14:10:01,901] {taskinstance.py:1356} INFO - 
--------------------------------------------------------------------------------
[2022-12-11 14:10:01,902] {taskinstance.py:1357} INFO - Starting attempt 1 of 1
[2022-12-11 14:10:01,903] {taskinstance.py:1358} INFO - 
--------------------------------------------------------------------------------
[2022-12-11 14:10:01,925] {taskinstance.py:1377} INFO - Executing <Task(PythonOperator): world> on 2022-12-11 14:09:00+00:00
[2022-12-11 14:10:01,934] {standard_task_runner.py:52} INFO - Started process 354 to run task
[2022-12-11 14:10:01,939] {standard_task_runner.py:79} INFO - Running: ['***', 'tasks', 'run', 'first_dag', 'world', 'scheduled__2022-12-11T14:09:00+00:00', '--job-id', '368', '--raw', '--subdir', 'DAGS_FOLDER/first-dag.py', '--cfg-path', '/tmp/tmpmq3cu00d', '--error-file', '/tmp/tmpgeb562v_']
[2022-12-11 14:10:01,941] {standard_task_runner.py:80} INFO - Job 368: Subtask world
[2022-12-11 14:10:02,028] {task_command.py:369} INFO - Running <TaskInstance: first_dag.world scheduled__2022-12-11T14:09:00+00:00 [running]> on host 7e39590a7807
[2022-12-11 14:10:02,130] {taskinstance.py:1571} INFO - Exporting the following env vars:
AIRFLOW_CTX_DAG_OWNER=***
AIRFLOW_CTX_DAG_ID=first_dag
AIRFLOW_CTX_TASK_ID=world
AIRFLOW_CTX_EXECUTION_DATE=2022-12-11T14:09:00+00:00
AIRFLOW_CTX_TRY_NUMBER=1
AIRFLOW_CTX_DAG_RUN_ID=scheduled__2022-12-11T14:09:00+00:00
[2022-12-11 14:10:02,134] {logging_mixin.py:115} INFO - Airflow
[2022-12-11 14:10:02,135] {python.py:173} INFO - Done. Returned value was: None
[2022-12-11 14:10:02,159] {taskinstance.py:1400} INFO - Marking task as SUCCESS. dag_id=first_dag, task_id=world, execution_date=20221211T140900, start_date=20221211T141001, end_date=20221211T141002
[2022-12-11 14:10:02,234] {local_task_job.py:156} INFO - Task exited with return code 0
[2022-12-11 14:10:02,314] {local_task_job.py:273} INFO - 1 downstream tasks scheduled from follow-on schedule check
