[2022-12-04 17:08:58,665] {taskinstance.py:1159} INFO - Dependencies all met for <TaskInstance: first_dag.hello_task manual__2022-12-04T17:08:57.761349+00:00 [queued]>
[2022-12-04 17:08:58,695] {taskinstance.py:1159} INFO - Dependencies all met for <TaskInstance: first_dag.hello_task manual__2022-12-04T17:08:57.761349+00:00 [queued]>
[2022-12-04 17:08:58,696] {taskinstance.py:1356} INFO - 
--------------------------------------------------------------------------------
[2022-12-04 17:08:58,697] {taskinstance.py:1357} INFO - Starting attempt 1 of 1
[2022-12-04 17:08:58,699] {taskinstance.py:1358} INFO - 
--------------------------------------------------------------------------------
[2022-12-04 17:08:58,725] {taskinstance.py:1377} INFO - Executing <Task(BashOperator): hello_task> on 2022-12-04 17:08:57.761349+00:00
[2022-12-04 17:08:58,730] {standard_task_runner.py:52} INFO - Started process 1311 to run task
[2022-12-04 17:08:58,742] {standard_task_runner.py:79} INFO - Running: ['***', 'tasks', 'run', 'first_dag', 'hello_task', 'manual__2022-12-04T17:08:57.761349+00:00', '--job-id', '195', '--raw', '--subdir', 'DAGS_FOLDER/first-dag.py', '--cfg-path', '/tmp/tmpwqnkiaz3', '--error-file', '/tmp/tmpbhr_hen7']
[2022-12-04 17:08:58,744] {standard_task_runner.py:80} INFO - Job 195: Subtask hello_task
[2022-12-04 17:08:58,829] {task_command.py:369} INFO - Running <TaskInstance: first_dag.hello_task manual__2022-12-04T17:08:57.761349+00:00 [running]> on host fb90b48d1471
[2022-12-04 17:08:58,942] {taskinstance.py:1571} INFO - Exporting the following env vars:
AIRFLOW_CTX_DAG_OWNER=***
AIRFLOW_CTX_DAG_ID=first_dag
AIRFLOW_CTX_TASK_ID=hello_task
AIRFLOW_CTX_EXECUTION_DATE=2022-12-04T17:08:57.761349+00:00
AIRFLOW_CTX_TRY_NUMBER=1
AIRFLOW_CTX_DAG_RUN_ID=manual__2022-12-04T17:08:57.761349+00:00
[2022-12-04 17:08:58,945] {subprocess.py:62} INFO - Tmp dir root location: 
 /tmp
[2022-12-04 17:08:58,947] {subprocess.py:74} INFO - Running command: ['bash', '-c', 'echo hello']
[2022-12-04 17:08:58,962] {subprocess.py:85} INFO - Output:
[2022-12-04 17:08:58,965] {subprocess.py:92} INFO - hello
[2022-12-04 17:08:58,967] {subprocess.py:96} INFO - Command exited with return code 0
[2022-12-04 17:08:59,032] {taskinstance.py:1400} INFO - Marking task as SUCCESS. dag_id=first_dag, task_id=hello_task, execution_date=20221204T170857, start_date=20221204T170858, end_date=20221204T170859
[2022-12-04 17:08:59,070] {local_task_job.py:156} INFO - Task exited with return code 0
[2022-12-04 17:08:59,135] {local_task_job.py:273} INFO - 1 downstream tasks scheduled from follow-on schedule check
