[2022-12-11 15:08:04,602] {taskinstance.py:1159} INFO - Dependencies all met for <TaskInstance: first_dag.sum_column_task scheduled__2022-12-11T15:07:00+00:00 [queued]>
[2022-12-11 15:08:04,626] {taskinstance.py:1159} INFO - Dependencies all met for <TaskInstance: first_dag.sum_column_task scheduled__2022-12-11T15:07:00+00:00 [queued]>
[2022-12-11 15:08:04,627] {taskinstance.py:1356} INFO - 
--------------------------------------------------------------------------------
[2022-12-11 15:08:04,628] {taskinstance.py:1357} INFO - Starting attempt 1 of 1
[2022-12-11 15:08:04,629] {taskinstance.py:1358} INFO - 
--------------------------------------------------------------------------------
[2022-12-11 15:08:04,652] {taskinstance.py:1377} INFO - Executing <Task(PythonOperator): sum_column_task> on 2022-12-11 15:07:00+00:00
[2022-12-11 15:08:04,667] {standard_task_runner.py:52} INFO - Started process 1902 to run task
[2022-12-11 15:08:04,673] {standard_task_runner.py:79} INFO - Running: ['***', 'tasks', 'run', 'first_dag', 'sum_column_task', 'scheduled__2022-12-11T15:07:00+00:00', '--job-id', '715', '--raw', '--subdir', 'DAGS_FOLDER/first-dag.py', '--cfg-path', '/tmp/tmp3mqknakh', '--error-file', '/tmp/tmpuqru5eao']
[2022-12-11 15:08:04,675] {standard_task_runner.py:80} INFO - Job 715: Subtask sum_column_task
[2022-12-11 15:08:04,758] {task_command.py:369} INFO - Running <TaskInstance: first_dag.sum_column_task scheduled__2022-12-11T15:07:00+00:00 [running]> on host 7e39590a7807
[2022-12-11 15:08:04,879] {taskinstance.py:1571} INFO - Exporting the following env vars:
AIRFLOW_CTX_DAG_OWNER=***
AIRFLOW_CTX_DAG_ID=first_dag
AIRFLOW_CTX_TASK_ID=sum_column_task
AIRFLOW_CTX_EXECUTION_DATE=2022-12-11T15:07:00+00:00
AIRFLOW_CTX_TRY_NUMBER=1
AIRFLOW_CTX_DAG_RUN_ID=scheduled__2022-12-11T15:07:00+00:00
[2022-12-11 15:08:04,901] {logging_mixin.py:115} INFO - Different sum column is 5
[2022-12-11 15:08:04,903] {python.py:173} INFO - Done. Returned value was: 5
[2022-12-11 15:08:04,943] {taskinstance.py:1400} INFO - Marking task as SUCCESS. dag_id=first_dag, task_id=sum_column_task, execution_date=20221211T150700, start_date=20221211T150804, end_date=20221211T150804
[2022-12-11 15:08:04,972] {local_task_job.py:156} INFO - Task exited with return code 0
[2022-12-11 15:08:05,023] {local_task_job.py:273} INFO - 1 downstream tasks scheduled from follow-on schedule check
