[2022-12-11 20:29:13,908] {taskinstance.py:1159} INFO - Dependencies all met for <TaskInstance: first_dag.generate_two_int_task manual__2022-12-11T20:29:04.151533+00:00 [queued]>
[2022-12-11 20:29:13,947] {taskinstance.py:1159} INFO - Dependencies all met for <TaskInstance: first_dag.generate_two_int_task manual__2022-12-11T20:29:04.151533+00:00 [queued]>
[2022-12-11 20:29:13,948] {taskinstance.py:1356} INFO - 
--------------------------------------------------------------------------------
[2022-12-11 20:29:13,949] {taskinstance.py:1357} INFO - Starting attempt 1 of 1
[2022-12-11 20:29:13,950] {taskinstance.py:1358} INFO - 
--------------------------------------------------------------------------------
[2022-12-11 20:29:14,035] {taskinstance.py:1377} INFO - Executing <Task(PythonOperator): generate_two_int_task> on 2022-12-11 20:29:04.151533+00:00
[2022-12-11 20:29:14,053] {standard_task_runner.py:52} INFO - Started process 5983 to run task
[2022-12-11 20:29:14,091] {standard_task_runner.py:79} INFO - Running: ['***', 'tasks', 'run', 'first_dag', 'generate_two_int_task', 'manual__2022-12-11T20:29:04.151533+00:00', '--job-id', '1438', '--raw', '--subdir', 'DAGS_FOLDER/first-dag.py', '--cfg-path', '/tmp/tmp0n4botv0', '--error-file', '/tmp/tmp5ztiapk2']
[2022-12-11 20:29:14,093] {standard_task_runner.py:80} INFO - Job 1438: Subtask generate_two_int_task
[2022-12-11 20:29:14,451] {task_command.py:369} INFO - Running <TaskInstance: first_dag.generate_two_int_task manual__2022-12-11T20:29:04.151533+00:00 [running]> on host 7e39590a7807
[2022-12-11 20:29:16,605] {taskinstance.py:1571} INFO - Exporting the following env vars:
AIRFLOW_CTX_DAG_OWNER=***
AIRFLOW_CTX_DAG_ID=first_dag
AIRFLOW_CTX_TASK_ID=generate_two_int_task
AIRFLOW_CTX_EXECUTION_DATE=2022-12-11T20:29:04.151533+00:00
AIRFLOW_CTX_TRY_NUMBER=1
AIRFLOW_CTX_DAG_RUN_ID=manual__2022-12-11T20:29:04.151533+00:00
[2022-12-11 20:29:17,111] {python.py:173} INFO - Done. Returned value was: None
[2022-12-11 20:29:17,179] {taskinstance.py:1400} INFO - Marking task as SUCCESS. dag_id=first_dag, task_id=generate_two_int_task, execution_date=20221211T202904, start_date=20221211T202913, end_date=20221211T202917
[2022-12-11 20:29:17,326] {local_task_job.py:156} INFO - Task exited with return code 0
[2022-12-11 20:29:17,776] {local_task_job.py:273} INFO - 0 downstream tasks scheduled from follow-on schedule check
