[2022-12-11 16:12:01,141] {taskinstance.py:1159} INFO - Dependencies all met for <TaskInstance: first_dag.hello_task scheduled__2022-12-11T16:11:00+00:00 [queued]>
[2022-12-11 16:12:01,157] {taskinstance.py:1159} INFO - Dependencies all met for <TaskInstance: first_dag.hello_task scheduled__2022-12-11T16:11:00+00:00 [queued]>
[2022-12-11 16:12:01,159] {taskinstance.py:1356} INFO - 
--------------------------------------------------------------------------------
[2022-12-11 16:12:01,160] {taskinstance.py:1357} INFO - Starting attempt 1 of 1
[2022-12-11 16:12:01,161] {taskinstance.py:1358} INFO - 
--------------------------------------------------------------------------------
[2022-12-11 16:12:01,194] {taskinstance.py:1377} INFO - Executing <Task(BashOperator): hello_task> on 2022-12-11 16:11:00+00:00
[2022-12-11 16:12:01,200] {standard_task_runner.py:52} INFO - Started process 2911 to run task
[2022-12-11 16:12:01,212] {standard_task_runner.py:79} INFO - Running: ['***', 'tasks', 'run', 'first_dag', 'hello_task', 'scheduled__2022-12-11T16:11:00+00:00', '--job-id', '992', '--raw', '--subdir', 'DAGS_FOLDER/first-dag.py', '--cfg-path', '/tmp/tmp1wg16dje', '--error-file', '/tmp/tmpywk1s2xb']
[2022-12-11 16:12:01,216] {standard_task_runner.py:80} INFO - Job 992: Subtask hello_task
[2022-12-11 16:12:01,313] {task_command.py:369} INFO - Running <TaskInstance: first_dag.hello_task scheduled__2022-12-11T16:11:00+00:00 [running]> on host 7e39590a7807
[2022-12-11 16:12:01,435] {taskinstance.py:1571} INFO - Exporting the following env vars:
AIRFLOW_CTX_DAG_OWNER=***
AIRFLOW_CTX_DAG_ID=first_dag
AIRFLOW_CTX_TASK_ID=hello_task
AIRFLOW_CTX_EXECUTION_DATE=2022-12-11T16:11:00+00:00
AIRFLOW_CTX_TRY_NUMBER=1
AIRFLOW_CTX_DAG_RUN_ID=scheduled__2022-12-11T16:11:00+00:00
[2022-12-11 16:12:01,437] {subprocess.py:62} INFO - Tmp dir root location: 
 /tmp
[2022-12-11 16:12:01,439] {subprocess.py:74} INFO - Running command: ['bash', '-c', 'echo hello']
[2022-12-11 16:12:01,454] {subprocess.py:85} INFO - Output:
[2022-12-11 16:12:01,458] {subprocess.py:92} INFO - hello
[2022-12-11 16:12:01,459] {subprocess.py:96} INFO - Command exited with return code 0
[2022-12-11 16:12:01,505] {taskinstance.py:1400} INFO - Marking task as SUCCESS. dag_id=first_dag, task_id=hello_task, execution_date=20221211T161100, start_date=20221211T161201, end_date=20221211T161201
[2022-12-11 16:12:01,580] {local_task_job.py:156} INFO - Task exited with return code 0
[2022-12-11 16:12:01,677] {local_task_job.py:273} INFO - 1 downstream tasks scheduled from follow-on schedule check
