[2022-12-11 15:11:49,183] {taskinstance.py:1159} INFO - Dependencies all met for <TaskInstance: first_dag.generate_two_int_task manual__2022-12-11T15:11:46.220471+00:00 [queued]>
[2022-12-11 15:11:49,196] {taskinstance.py:1159} INFO - Dependencies all met for <TaskInstance: first_dag.generate_two_int_task manual__2022-12-11T15:11:46.220471+00:00 [queued]>
[2022-12-11 15:11:49,197] {taskinstance.py:1356} INFO - 
--------------------------------------------------------------------------------
[2022-12-11 15:11:49,198] {taskinstance.py:1357} INFO - Starting attempt 1 of 1
[2022-12-11 15:11:49,199] {taskinstance.py:1358} INFO - 
--------------------------------------------------------------------------------
[2022-12-11 15:11:49,219] {taskinstance.py:1377} INFO - Executing <Task(PythonOperator): generate_two_int_task> on 2022-12-11 15:11:46.220471+00:00
[2022-12-11 15:11:49,225] {standard_task_runner.py:52} INFO - Started process 2096 to run task
[2022-12-11 15:11:49,230] {standard_task_runner.py:79} INFO - Running: ['***', 'tasks', 'run', 'first_dag', 'generate_two_int_task', 'manual__2022-12-11T15:11:46.220471+00:00', '--job-id', '769', '--raw', '--subdir', 'DAGS_FOLDER/first-dag.py', '--cfg-path', '/tmp/tmpxcphlzpx', '--error-file', '/tmp/tmphrj3vo0j']
[2022-12-11 15:11:49,232] {standard_task_runner.py:80} INFO - Job 769: Subtask generate_two_int_task
[2022-12-11 15:11:49,310] {task_command.py:369} INFO - Running <TaskInstance: first_dag.generate_two_int_task manual__2022-12-11T15:11:46.220471+00:00 [running]> on host 7e39590a7807
[2022-12-11 15:11:49,425] {taskinstance.py:1571} INFO - Exporting the following env vars:
AIRFLOW_CTX_DAG_OWNER=***
AIRFLOW_CTX_DAG_ID=first_dag
AIRFLOW_CTX_TASK_ID=generate_two_int_task
AIRFLOW_CTX_EXECUTION_DATE=2022-12-11T15:11:46.220471+00:00
AIRFLOW_CTX_TRY_NUMBER=1
AIRFLOW_CTX_DAG_RUN_ID=manual__2022-12-11T15:11:46.220471+00:00
[2022-12-11 15:11:49,442] {python.py:173} INFO - Done. Returned value was: None
[2022-12-11 15:11:49,462] {taskinstance.py:1400} INFO - Marking task as SUCCESS. dag_id=first_dag, task_id=generate_two_int_task, execution_date=20221211T151146, start_date=20221211T151149, end_date=20221211T151149
[2022-12-11 15:11:49,530] {local_task_job.py:156} INFO - Task exited with return code 0
[2022-12-11 15:11:49,602] {local_task_job.py:273} INFO - 1 downstream tasks scheduled from follow-on schedule check
