[2022-12-11 17:11:52,143] {taskinstance.py:1159} INFO - Dependencies all met for <TaskInstance: first_dag.wait_for_file manual__2022-12-11T17:11:32.109189+00:00 [queued]>
[2022-12-11 17:11:52,230] {taskinstance.py:1159} INFO - Dependencies all met for <TaskInstance: first_dag.wait_for_file manual__2022-12-11T17:11:32.109189+00:00 [queued]>
[2022-12-11 17:11:52,233] {taskinstance.py:1356} INFO - 
--------------------------------------------------------------------------------
[2022-12-11 17:11:52,237] {taskinstance.py:1357} INFO - Starting attempt 1 of 1
[2022-12-11 17:11:52,239] {taskinstance.py:1358} INFO - 
--------------------------------------------------------------------------------
[2022-12-11 17:11:52,309] {taskinstance.py:1377} INFO - Executing <Task(PythonSensor): wait_for_file> on 2022-12-11 17:11:32.109189+00:00
[2022-12-11 17:11:52,327] {standard_task_runner.py:52} INFO - Started process 3758 to run task
[2022-12-11 17:11:52,357] {standard_task_runner.py:79} INFO - Running: ['***', 'tasks', 'run', 'first_dag', 'wait_for_file', 'manual__2022-12-11T17:11:32.109189+00:00', '--job-id', '1093', '--raw', '--subdir', 'DAGS_FOLDER/first-dag.py', '--cfg-path', '/tmp/tmpl7d6ilqp', '--error-file', '/tmp/tmpfdxujaug']
[2022-12-11 17:11:52,365] {standard_task_runner.py:80} INFO - Job 1093: Subtask wait_for_file
[2022-12-11 17:11:52,657] {task_command.py:369} INFO - Running <TaskInstance: first_dag.wait_for_file manual__2022-12-11T17:11:32.109189+00:00 [running]> on host 7e39590a7807
[2022-12-11 17:11:52,984] {taskinstance.py:1571} INFO - Exporting the following env vars:
AIRFLOW_CTX_DAG_OWNER=***
AIRFLOW_CTX_DAG_ID=first_dag
AIRFLOW_CTX_TASK_ID=wait_for_file
AIRFLOW_CTX_EXECUTION_DATE=2022-12-11T17:11:32.109189+00:00
AIRFLOW_CTX_TRY_NUMBER=1
AIRFLOW_CTX_DAG_RUN_ID=manual__2022-12-11T17:11:32.109189+00:00
[2022-12-11 17:11:52,988] {python.py:66} INFO - Poking callable: <function _wait_for_file at 0x7f6cec7a5cb0>
[2022-12-11 17:11:53,101] {logging_mixin.py:115} INFO - _wait_for_file True
[2022-12-11 17:12:53,090] {python.py:66} INFO - Poking callable: <function _wait_for_file at 0x7f6cec7a5cb0>
[2022-12-11 17:12:53,132] {logging_mixin.py:115} INFO - _wait_for_file True
[2022-12-11 17:14:14,171] {python.py:66} INFO - Poking callable: <function _wait_for_file at 0x7f6cec7a5cb0>
[2022-12-11 17:14:34,144] {logging_mixin.py:115} INFO - _wait_for_file True
[2022-12-11 17:15:33,373] {python.py:66} INFO - Poking callable: <function _wait_for_file at 0x7f6cec7a5cb0>
[2022-12-11 17:15:33,727] {logging_mixin.py:115} INFO - _wait_for_file True
[2022-12-11 17:21:16,094] {python.py:66} INFO - Poking callable: <function _wait_for_file at 0x7f6cec7a5cb0>
[2022-12-11 17:21:24,296] {logging_mixin.py:115} INFO - _wait_for_file True
[2022-12-11 17:26:53,586] {local_task_job.py:221} WARNING - State of this instance has been externally set to failed. Terminating instance.
[2022-12-11 17:26:55,129] {process_utils.py:129} INFO - Sending Signals.SIGTERM to group 3758. PIDs of all processes in the group: [3758]
[2022-12-11 17:26:55,280] {process_utils.py:80} INFO - Sending the signal Signals.SIGTERM to group 3758
[2022-12-11 17:26:55,347] {taskinstance.py:1541} ERROR - Received SIGTERM. Terminating subprocesses.
[2022-12-11 17:27:07,023] {process_utils.py:75} INFO - Process psutil.Process(pid=3758, status='terminated', exitcode=0, started='17:11:51') (3758) terminated with exit code 0
