[2022-12-11 16:12:02,951] {taskinstance.py:1159} INFO - Dependencies all met for <TaskInstance: first_dag.generate_two_int_task scheduled__2022-12-11T16:11:00+00:00 [queued]>
[2022-12-11 16:12:02,964] {taskinstance.py:1159} INFO - Dependencies all met for <TaskInstance: first_dag.generate_two_int_task scheduled__2022-12-11T16:11:00+00:00 [queued]>
[2022-12-11 16:12:02,965] {taskinstance.py:1356} INFO - 
--------------------------------------------------------------------------------
[2022-12-11 16:12:02,966] {taskinstance.py:1357} INFO - Starting attempt 1 of 1
[2022-12-11 16:12:02,967] {taskinstance.py:1358} INFO - 
--------------------------------------------------------------------------------
[2022-12-11 16:12:02,985] {taskinstance.py:1377} INFO - Executing <Task(PythonOperator): generate_two_int_task> on 2022-12-11 16:11:00+00:00
[2022-12-11 16:12:02,990] {standard_task_runner.py:52} INFO - Started process 2916 to run task
[2022-12-11 16:12:03,001] {standard_task_runner.py:79} INFO - Running: ['***', 'tasks', 'run', 'first_dag', 'generate_two_int_task', 'scheduled__2022-12-11T16:11:00+00:00', '--job-id', '994', '--raw', '--subdir', 'DAGS_FOLDER/first-dag.py', '--cfg-path', '/tmp/tmpw9kb7hoj', '--error-file', '/tmp/tmpxlrqkoom']
[2022-12-11 16:12:03,004] {standard_task_runner.py:80} INFO - Job 994: Subtask generate_two_int_task
[2022-12-11 16:12:03,085] {task_command.py:369} INFO - Running <TaskInstance: first_dag.generate_two_int_task scheduled__2022-12-11T16:11:00+00:00 [running]> on host 7e39590a7807
[2022-12-11 16:12:03,183] {taskinstance.py:1571} INFO - Exporting the following env vars:
AIRFLOW_CTX_DAG_OWNER=***
AIRFLOW_CTX_DAG_ID=first_dag
AIRFLOW_CTX_TASK_ID=generate_two_int_task
AIRFLOW_CTX_EXECUTION_DATE=2022-12-11T16:11:00+00:00
AIRFLOW_CTX_TRY_NUMBER=1
AIRFLOW_CTX_DAG_RUN_ID=scheduled__2022-12-11T16:11:00+00:00
[2022-12-11 16:12:03,202] {python.py:173} INFO - Done. Returned value was: None
[2022-12-11 16:12:03,223] {taskinstance.py:1400} INFO - Marking task as SUCCESS. dag_id=first_dag, task_id=generate_two_int_task, execution_date=20221211T161100, start_date=20221211T161202, end_date=20221211T161203
[2022-12-11 16:12:03,252] {local_task_job.py:156} INFO - Task exited with return code 0
[2022-12-11 16:12:03,305] {local_task_job.py:273} INFO - 1 downstream tasks scheduled from follow-on schedule check
