[2022-12-11 18:33:01,531] {taskinstance.py:1159} INFO - Dependencies all met for <TaskInstance: first_dag.sum_column_task scheduled__2022-12-11T18:28:00+00:00 [queued]>
[2022-12-11 18:33:01,556] {taskinstance.py:1159} INFO - Dependencies all met for <TaskInstance: first_dag.sum_column_task scheduled__2022-12-11T18:28:00+00:00 [queued]>
[2022-12-11 18:33:01,558] {taskinstance.py:1356} INFO - 
--------------------------------------------------------------------------------
[2022-12-11 18:33:01,559] {taskinstance.py:1357} INFO - Starting attempt 1 of 1
[2022-12-11 18:33:01,562] {taskinstance.py:1358} INFO - 
--------------------------------------------------------------------------------
[2022-12-11 18:33:01,597] {taskinstance.py:1377} INFO - Executing <Task(PythonOperator): sum_column_task> on 2022-12-11 18:28:00+00:00
[2022-12-11 18:33:01,605] {standard_task_runner.py:52} INFO - Started process 4485 to run task
[2022-12-11 18:33:01,622] {standard_task_runner.py:79} INFO - Running: ['***', 'tasks', 'run', 'first_dag', 'sum_column_task', 'scheduled__2022-12-11T18:28:00+00:00', '--job-id', '1202', '--raw', '--subdir', 'DAGS_FOLDER/first-dag.py', '--cfg-path', '/tmp/tmpoj1mljf0', '--error-file', '/tmp/tmpg_35dm02']
[2022-12-11 18:33:01,630] {standard_task_runner.py:80} INFO - Job 1202: Subtask sum_column_task
[2022-12-11 18:33:01,929] {task_command.py:369} INFO - Running <TaskInstance: first_dag.sum_column_task scheduled__2022-12-11T18:28:00+00:00 [running]> on host 7e39590a7807
[2022-12-11 18:58:51,740] {taskinstance.py:1571} INFO - Exporting the following env vars:
AIRFLOW_CTX_DAG_OWNER=***
AIRFLOW_CTX_DAG_ID=first_dag
AIRFLOW_CTX_TASK_ID=sum_column_task
AIRFLOW_CTX_EXECUTION_DATE=2022-12-11T18:28:00+00:00
AIRFLOW_CTX_TRY_NUMBER=1
AIRFLOW_CTX_DAG_RUN_ID=scheduled__2022-12-11T18:28:00+00:00
[2022-12-11 18:58:51,822] {logging_mixin.py:115} INFO - Different sum column is -5
[2022-12-11 18:58:51,836] {python.py:173} INFO - Done. Returned value was: -5
[2022-12-11 18:58:51,942] {taskinstance.py:1400} INFO - Marking task as SUCCESS. dag_id=first_dag, task_id=sum_column_task, execution_date=20221211T182800, start_date=20221211T183301, end_date=20221211T185851
[2022-12-11 18:58:52,031] {local_task_job.py:156} INFO - Task exited with return code 0
[2022-12-11 18:58:52,594] {local_task_job.py:273} INFO - 1 downstream tasks scheduled from follow-on schedule check
