[2022-12-11 20:20:15,212] {taskinstance.py:1159} INFO - Dependencies all met for <TaskInstance: first_dag.branch_operator manual__2022-12-11T20:19:01.059537+00:00 [queued]>
[2022-12-11 20:20:15,236] {taskinstance.py:1159} INFO - Dependencies all met for <TaskInstance: first_dag.branch_operator manual__2022-12-11T20:19:01.059537+00:00 [queued]>
[2022-12-11 20:20:15,238] {taskinstance.py:1356} INFO - 
--------------------------------------------------------------------------------
[2022-12-11 20:20:15,240] {taskinstance.py:1357} INFO - Starting attempt 1 of 1
[2022-12-11 20:20:15,242] {taskinstance.py:1358} INFO - 
--------------------------------------------------------------------------------
[2022-12-11 20:20:15,270] {taskinstance.py:1377} INFO - Executing <Task(BranchPythonOperator): branch_operator> on 2022-12-11 20:19:01.059537+00:00
[2022-12-11 20:20:15,278] {standard_task_runner.py:52} INFO - Started process 5749 to run task
[2022-12-11 20:20:15,291] {standard_task_runner.py:79} INFO - Running: ['***', 'tasks', 'run', 'first_dag', 'branch_operator', 'manual__2022-12-11T20:19:01.059537+00:00', '--job-id', '1379', '--raw', '--subdir', 'DAGS_FOLDER/first-dag.py', '--cfg-path', '/tmp/tmpqhhcxax_', '--error-file', '/tmp/tmpe1d6r4ai']
[2022-12-11 20:20:15,294] {standard_task_runner.py:80} INFO - Job 1379: Subtask branch_operator
[2022-12-11 20:20:15,374] {task_command.py:369} INFO - Running <TaskInstance: first_dag.branch_operator manual__2022-12-11T20:19:01.059537+00:00 [running]> on host 7e39590a7807
[2022-12-11 20:20:15,477] {taskinstance.py:1571} INFO - Exporting the following env vars:
AIRFLOW_CTX_DAG_OWNER=***
AIRFLOW_CTX_DAG_ID=first_dag
AIRFLOW_CTX_TASK_ID=branch_operator
AIRFLOW_CTX_EXECUTION_DATE=2022-12-11T20:19:01.059537+00:00
AIRFLOW_CTX_TRY_NUMBER=1
AIRFLOW_CTX_DAG_RUN_ID=manual__2022-12-11T20:19:01.059537+00:00
[2022-12-11 20:20:15,496] {python.py:173} INFO - Done. Returned value was: create_task_table
[2022-12-11 20:20:15,498] {skipmixin.py:140} INFO - Following branch create_task_table
[2022-12-11 20:20:15,500] {skipmixin.py:175} INFO - Skipping tasks ['bash_error']
[2022-12-11 20:20:15,568] {taskinstance.py:1400} INFO - Marking task as SUCCESS. dag_id=first_dag, task_id=branch_operator, execution_date=20221211T201901, start_date=20221211T202015, end_date=20221211T202015
[2022-12-11 20:20:15,622] {local_task_job.py:156} INFO - Task exited with return code 0
[2022-12-11 20:20:15,695] {local_task_job.py:273} INFO - 0 downstream tasks scheduled from follow-on schedule check
