[2022-12-11 17:43:57,162] {taskinstance.py:1159} INFO - Dependencies all met for <TaskInstance: first_dag.write_diff_task scheduled__2022-12-11T17:39:00+00:00 [queued]>
[2022-12-11 17:43:57,300] {taskinstance.py:1159} INFO - Dependencies all met for <TaskInstance: first_dag.write_diff_task scheduled__2022-12-11T17:39:00+00:00 [queued]>
[2022-12-11 17:43:57,304] {taskinstance.py:1356} INFO - 
--------------------------------------------------------------------------------
[2022-12-11 17:43:57,305] {taskinstance.py:1357} INFO - Starting attempt 1 of 1
[2022-12-11 17:43:57,307] {taskinstance.py:1358} INFO - 
--------------------------------------------------------------------------------
[2022-12-11 17:43:57,576] {taskinstance.py:1377} INFO - Executing <Task(PythonOperator): write_diff_task> on 2022-12-11 17:39:00+00:00
[2022-12-11 17:43:57,611] {standard_task_runner.py:52} INFO - Started process 3917 to run task
[2022-12-11 17:43:57,690] {standard_task_runner.py:79} INFO - Running: ['***', 'tasks', 'run', 'first_dag', 'write_diff_task', 'scheduled__2022-12-11T17:39:00+00:00', '--job-id', '1133', '--raw', '--subdir', 'DAGS_FOLDER/first-dag.py', '--cfg-path', '/tmp/tmpa2p0xdkj', '--error-file', '/tmp/tmpj6q40rn0']
[2022-12-11 17:43:57,729] {standard_task_runner.py:80} INFO - Job 1133: Subtask write_diff_task
[2022-12-11 17:43:59,524] {task_command.py:369} INFO - Running <TaskInstance: first_dag.write_diff_task scheduled__2022-12-11T17:39:00+00:00 [running]> on host 7e39590a7807
[2022-12-11 17:44:10,916] {taskinstance.py:1571} INFO - Exporting the following env vars:
AIRFLOW_CTX_DAG_OWNER=***
AIRFLOW_CTX_DAG_ID=first_dag
AIRFLOW_CTX_TASK_ID=write_diff_task
AIRFLOW_CTX_EXECUTION_DATE=2022-12-11T17:39:00+00:00
AIRFLOW_CTX_TRY_NUMBER=1
AIRFLOW_CTX_DAG_RUN_ID=scheduled__2022-12-11T17:39:00+00:00
[2022-12-11 17:44:11,077] {python.py:173} INFO - Done. Returned value was: None
[2022-12-11 17:44:11,197] {taskinstance.py:1400} INFO - Marking task as SUCCESS. dag_id=first_dag, task_id=write_diff_task, execution_date=20221211T173900, start_date=20221211T174357, end_date=20221211T174411
[2022-12-11 17:44:11,293] {local_task_job.py:156} INFO - Task exited with return code 0
[2022-12-11 17:44:11,567] {local_task_job.py:273} INFO - 1 downstream tasks scheduled from follow-on schedule check
