[2022-12-11 17:37:25,153] {taskinstance.py:1159} INFO - Dependencies all met for <TaskInstance: first_dag.world scheduled__2022-12-11T17:31:00+00:00 [queued]>
[2022-12-11 17:37:25,181] {taskinstance.py:1159} INFO - Dependencies all met for <TaskInstance: first_dag.world scheduled__2022-12-11T17:31:00+00:00 [queued]>
[2022-12-11 17:37:25,189] {taskinstance.py:1356} INFO - 
--------------------------------------------------------------------------------
[2022-12-11 17:37:25,190] {taskinstance.py:1357} INFO - Starting attempt 1 of 1
[2022-12-11 17:37:25,191] {taskinstance.py:1358} INFO - 
--------------------------------------------------------------------------------
[2022-12-11 17:37:25,281] {taskinstance.py:1377} INFO - Executing <Task(PythonOperator): world> on 2022-12-11 17:31:00+00:00
[2022-12-11 17:37:25,300] {standard_task_runner.py:52} INFO - Started process 3865 to run task
[2022-12-11 17:37:25,334] {standard_task_runner.py:79} INFO - Running: ['***', 'tasks', 'run', 'first_dag', 'world', 'scheduled__2022-12-11T17:31:00+00:00', '--job-id', '1115', '--raw', '--subdir', 'DAGS_FOLDER/first-dag.py', '--cfg-path', '/tmp/tmpyesjgv5i', '--error-file', '/tmp/tmp8v2rbb08']
[2022-12-11 17:37:25,345] {standard_task_runner.py:80} INFO - Job 1115: Subtask world
[2022-12-11 17:37:25,612] {task_command.py:369} INFO - Running <TaskInstance: first_dag.world scheduled__2022-12-11T17:31:00+00:00 [running]> on host 7e39590a7807
[2022-12-11 17:37:25,958] {taskinstance.py:1571} INFO - Exporting the following env vars:
AIRFLOW_CTX_DAG_OWNER=***
AIRFLOW_CTX_DAG_ID=first_dag
AIRFLOW_CTX_TASK_ID=world
AIRFLOW_CTX_EXECUTION_DATE=2022-12-11T17:31:00+00:00
AIRFLOW_CTX_TRY_NUMBER=1
AIRFLOW_CTX_DAG_RUN_ID=scheduled__2022-12-11T17:31:00+00:00
[2022-12-11 17:37:25,961] {logging_mixin.py:115} INFO - Airflow
[2022-12-11 17:37:25,962] {python.py:173} INFO - Done. Returned value was: None
[2022-12-11 17:37:26,051] {taskinstance.py:1400} INFO - Marking task as SUCCESS. dag_id=first_dag, task_id=world, execution_date=20221211T173100, start_date=20221211T173725, end_date=20221211T173726
[2022-12-11 17:37:26,127] {local_task_job.py:156} INFO - Task exited with return code 0
[2022-12-11 17:37:26,230] {local_task_job.py:273} INFO - 1 downstream tasks scheduled from follow-on schedule check
