[2022-12-12 05:27:50,873] {taskinstance.py:1159} INFO - Dependencies all met for <TaskInstance: first_dag.create_task_table manual__2022-12-12T05:27:45.873390+00:00 [queued]>
[2022-12-12 05:27:50,962] {taskinstance.py:1159} INFO - Dependencies all met for <TaskInstance: first_dag.create_task_table manual__2022-12-12T05:27:45.873390+00:00 [queued]>
[2022-12-12 05:27:50,964] {taskinstance.py:1356} INFO - 
--------------------------------------------------------------------------------
[2022-12-12 05:27:50,967] {taskinstance.py:1357} INFO - Starting attempt 1 of 1
[2022-12-12 05:27:50,974] {taskinstance.py:1358} INFO - 
--------------------------------------------------------------------------------
[2022-12-12 05:27:51,418] {taskinstance.py:1377} INFO - Executing <Task(PostgresOperator): create_task_table> on 2022-12-12 05:27:45.873390+00:00
[2022-12-12 05:27:51,670] {standard_task_runner.py:52} INFO - Started process 7889 to run task
[2022-12-12 05:27:51,805] {standard_task_runner.py:79} INFO - Running: ['***', 'tasks', 'run', 'first_dag', 'create_task_table', 'manual__2022-12-12T05:27:45.873390+00:00', '--job-id', '1685', '--raw', '--subdir', 'DAGS_FOLDER/first-dag.py', '--cfg-path', '/tmp/tmp_p9t9ynh', '--error-file', '/tmp/tmpj0l7xzrk']
[2022-12-12 05:27:51,811] {standard_task_runner.py:80} INFO - Job 1685: Subtask create_task_table
[2022-12-12 05:27:55,256] {task_command.py:369} INFO - Running <TaskInstance: first_dag.create_task_table manual__2022-12-12T05:27:45.873390+00:00 [running]> on host 7e39590a7807
[2022-12-12 05:28:13,766] {taskinstance.py:1571} INFO - Exporting the following env vars:
AIRFLOW_CTX_DAG_OWNER=***
AIRFLOW_CTX_DAG_ID=first_dag
AIRFLOW_CTX_TASK_ID=create_task_table
AIRFLOW_CTX_EXECUTION_DATE=2022-12-12T05:27:45.873390+00:00
AIRFLOW_CTX_TRY_NUMBER=1
AIRFLOW_CTX_DAG_RUN_ID=manual__2022-12-12T05:27:45.873390+00:00
[2022-12-12 05:28:14,117] {base.py:68} INFO - Using connection ID 'db' for task execution.
[2022-12-12 05:28:14,331] {dbapi.py:208} INFO - Running statement: 
                create table if not exists task (
                id SERIAL,
	            value_1 INT,
	            value_2 INT
            );
              , parameters: None
[2022-12-12 05:28:14,347] {postgres.py:94} INFO - NOTICE:  relation "task" already exists, skipping

[2022-12-12 05:28:14,636] {taskinstance.py:1400} INFO - Marking task as SUCCESS. dag_id=first_dag, task_id=create_task_table, execution_date=20221212T052745, start_date=20221212T052750, end_date=20221212T052814
[2022-12-12 05:28:14,948] {local_task_job.py:156} INFO - Task exited with return code 0
[2022-12-12 05:28:15,337] {local_task_job.py:273} INFO - 1 downstream tasks scheduled from follow-on schedule check
