[2022-12-11 15:28:06,274] {taskinstance.py:1159} INFO - Dependencies all met for <TaskInstance: first_dag.write_diff_task scheduled__2022-12-11T15:27:00+00:00 [queued]>
[2022-12-11 15:28:06,296] {taskinstance.py:1159} INFO - Dependencies all met for <TaskInstance: first_dag.write_diff_task scheduled__2022-12-11T15:27:00+00:00 [queued]>
[2022-12-11 15:28:06,297] {taskinstance.py:1356} INFO - 
--------------------------------------------------------------------------------
[2022-12-11 15:28:06,298] {taskinstance.py:1357} INFO - Starting attempt 1 of 1
[2022-12-11 15:28:06,299] {taskinstance.py:1358} INFO - 
--------------------------------------------------------------------------------
[2022-12-11 15:28:06,335] {taskinstance.py:1377} INFO - Executing <Task(PythonOperator): write_diff_task> on 2022-12-11 15:27:00+00:00
[2022-12-11 15:28:06,341] {standard_task_runner.py:52} INFO - Started process 2692 to run task
[2022-12-11 15:28:06,357] {standard_task_runner.py:79} INFO - Running: ['***', 'tasks', 'run', 'first_dag', 'write_diff_task', 'scheduled__2022-12-11T15:27:00+00:00', '--job-id', '934', '--raw', '--subdir', 'DAGS_FOLDER/first-dag.py', '--cfg-path', '/tmp/tmp4n6oonq6', '--error-file', '/tmp/tmpo_pw7tgl']
[2022-12-11 15:28:06,360] {standard_task_runner.py:80} INFO - Job 934: Subtask write_diff_task
[2022-12-11 15:28:06,468] {task_command.py:369} INFO - Running <TaskInstance: first_dag.write_diff_task scheduled__2022-12-11T15:27:00+00:00 [running]> on host 7e39590a7807
[2022-12-11 15:28:06,644] {taskinstance.py:1571} INFO - Exporting the following env vars:
AIRFLOW_CTX_DAG_OWNER=***
AIRFLOW_CTX_DAG_ID=first_dag
AIRFLOW_CTX_TASK_ID=write_diff_task
AIRFLOW_CTX_EXECUTION_DATE=2022-12-11T15:27:00+00:00
AIRFLOW_CTX_TRY_NUMBER=1
AIRFLOW_CTX_DAG_RUN_ID=scheduled__2022-12-11T15:27:00+00:00
[2022-12-11 15:28:06,712] {python.py:173} INFO - Done. Returned value was: None
[2022-12-11 15:28:06,734] {taskinstance.py:1400} INFO - Marking task as SUCCESS. dag_id=first_dag, task_id=write_diff_task, execution_date=20221211T152700, start_date=20221211T152806, end_date=20221211T152806
[2022-12-11 15:28:06,771] {local_task_job.py:156} INFO - Task exited with return code 0
[2022-12-11 15:28:06,822] {local_task_job.py:273} INFO - 0 downstream tasks scheduled from follow-on schedule check
