[2022-12-11 19:11:12,307] {taskinstance.py:1159} INFO - Dependencies all met for <TaskInstance: first_dag.world manual__2022-12-11T19:11:08.193757+00:00 [queued]>
[2022-12-11 19:11:12,319] {taskinstance.py:1159} INFO - Dependencies all met for <TaskInstance: first_dag.world manual__2022-12-11T19:11:08.193757+00:00 [queued]>
[2022-12-11 19:11:12,320] {taskinstance.py:1356} INFO - 
--------------------------------------------------------------------------------
[2022-12-11 19:11:12,322] {taskinstance.py:1357} INFO - Starting attempt 1 of 1
[2022-12-11 19:11:12,323] {taskinstance.py:1358} INFO - 
--------------------------------------------------------------------------------
[2022-12-11 19:11:12,346] {taskinstance.py:1377} INFO - Executing <Task(PythonOperator): world> on 2022-12-11 19:11:08.193757+00:00
[2022-12-11 19:11:12,351] {standard_task_runner.py:52} INFO - Started process 4641 to run task
[2022-12-11 19:11:12,362] {standard_task_runner.py:79} INFO - Running: ['***', 'tasks', 'run', 'first_dag', 'world', 'manual__2022-12-11T19:11:08.193757+00:00', '--job-id', '1215', '--raw', '--subdir', 'DAGS_FOLDER/first-dag.py', '--cfg-path', '/tmp/tmpnpz_glcm', '--error-file', '/tmp/tmpdm4xuq_i']
[2022-12-11 19:11:12,364] {standard_task_runner.py:80} INFO - Job 1215: Subtask world
[2022-12-11 19:11:12,445] {task_command.py:369} INFO - Running <TaskInstance: first_dag.world manual__2022-12-11T19:11:08.193757+00:00 [running]> on host 7e39590a7807
[2022-12-11 19:11:12,544] {taskinstance.py:1571} INFO - Exporting the following env vars:
AIRFLOW_CTX_DAG_OWNER=***
AIRFLOW_CTX_DAG_ID=first_dag
AIRFLOW_CTX_TASK_ID=world
AIRFLOW_CTX_EXECUTION_DATE=2022-12-11T19:11:08.193757+00:00
AIRFLOW_CTX_TRY_NUMBER=1
AIRFLOW_CTX_DAG_RUN_ID=manual__2022-12-11T19:11:08.193757+00:00
[2022-12-11 19:11:12,547] {logging_mixin.py:115} INFO - Airflow
[2022-12-11 19:11:12,549] {python.py:173} INFO - Done. Returned value was: None
[2022-12-11 19:11:12,567] {taskinstance.py:1400} INFO - Marking task as SUCCESS. dag_id=first_dag, task_id=world, execution_date=20221211T191108, start_date=20221211T191112, end_date=20221211T191112
[2022-12-11 19:11:12,610] {local_task_job.py:156} INFO - Task exited with return code 0
[2022-12-11 19:11:12,666] {local_task_job.py:273} INFO - 1 downstream tasks scheduled from follow-on schedule check
