[2022-12-12 05:25:37,568] {taskinstance.py:1159} INFO - Dependencies all met for <TaskInstance: first_dag.create_task_table manual__2022-12-12T05:25:34.742287+00:00 [queued]>
[2022-12-12 05:25:37,652] {taskinstance.py:1159} INFO - Dependencies all met for <TaskInstance: first_dag.create_task_table manual__2022-12-12T05:25:34.742287+00:00 [queued]>
[2022-12-12 05:25:37,653] {taskinstance.py:1356} INFO - 
--------------------------------------------------------------------------------
[2022-12-12 05:25:37,654] {taskinstance.py:1357} INFO - Starting attempt 1 of 1
[2022-12-12 05:25:37,655] {taskinstance.py:1358} INFO - 
--------------------------------------------------------------------------------
[2022-12-12 05:25:37,728] {taskinstance.py:1377} INFO - Executing <Task(PostgresOperator): create_task_table> on 2022-12-12 05:25:34.742287+00:00
[2022-12-12 05:25:37,752] {standard_task_runner.py:52} INFO - Started process 7759 to run task
[2022-12-12 05:25:37,777] {standard_task_runner.py:79} INFO - Running: ['***', 'tasks', 'run', 'first_dag', 'create_task_table', 'manual__2022-12-12T05:25:34.742287+00:00', '--job-id', '1635', '--raw', '--subdir', 'DAGS_FOLDER/first-dag.py', '--cfg-path', '/tmp/tmpvskxuei9', '--error-file', '/tmp/tmpfekjekxm']
[2022-12-12 05:25:37,793] {standard_task_runner.py:80} INFO - Job 1635: Subtask create_task_table
[2022-12-12 05:25:38,452] {task_command.py:369} INFO - Running <TaskInstance: first_dag.create_task_table manual__2022-12-12T05:25:34.742287+00:00 [running]> on host 7e39590a7807
[2022-12-12 05:25:39,443] {taskinstance.py:1571} INFO - Exporting the following env vars:
AIRFLOW_CTX_DAG_OWNER=***
AIRFLOW_CTX_DAG_ID=first_dag
AIRFLOW_CTX_TASK_ID=create_task_table
AIRFLOW_CTX_EXECUTION_DATE=2022-12-12T05:25:34.742287+00:00
AIRFLOW_CTX_TRY_NUMBER=1
AIRFLOW_CTX_DAG_RUN_ID=manual__2022-12-12T05:25:34.742287+00:00
[2022-12-12 05:25:39,659] {base.py:68} INFO - Using connection ID 'db' for task execution.
[2022-12-12 05:25:39,726] {dbapi.py:208} INFO - Running statement: 
                create table if not exists task (
                id SERIAL,
	            value_1 INT,
	            value_2 INT
            );
              , parameters: None
[2022-12-12 05:25:39,748] {postgres.py:94} INFO - NOTICE:  relation "task" already exists, skipping

[2022-12-12 05:25:40,013] {taskinstance.py:1400} INFO - Marking task as SUCCESS. dag_id=first_dag, task_id=create_task_table, execution_date=20221212T052534, start_date=20221212T052537, end_date=20221212T052540
[2022-12-12 05:25:40,169] {local_task_job.py:156} INFO - Task exited with return code 0
[2022-12-12 05:25:40,808] {local_task_job.py:273} INFO - 1 downstream tasks scheduled from follow-on schedule check
