[2022-12-11 16:11:05,565] {taskinstance.py:1159} INFO - Dependencies all met for <TaskInstance: first_dag.write_diff_task scheduled__2022-12-11T16:10:00+00:00 [queued]>
[2022-12-11 16:11:05,580] {taskinstance.py:1159} INFO - Dependencies all met for <TaskInstance: first_dag.write_diff_task scheduled__2022-12-11T16:10:00+00:00 [queued]>
[2022-12-11 16:11:05,581] {taskinstance.py:1356} INFO - 
--------------------------------------------------------------------------------
[2022-12-11 16:11:05,582] {taskinstance.py:1357} INFO - Starting attempt 1 of 1
[2022-12-11 16:11:05,583] {taskinstance.py:1358} INFO - 
--------------------------------------------------------------------------------
[2022-12-11 16:11:05,599] {taskinstance.py:1377} INFO - Executing <Task(PythonOperator): write_diff_task> on 2022-12-11 16:10:00+00:00
[2022-12-11 16:11:05,606] {standard_task_runner.py:52} INFO - Started process 2899 to run task
[2022-12-11 16:11:05,616] {standard_task_runner.py:79} INFO - Running: ['***', 'tasks', 'run', 'first_dag', 'write_diff_task', 'scheduled__2022-12-11T16:10:00+00:00', '--job-id', '991', '--raw', '--subdir', 'DAGS_FOLDER/first-dag.py', '--cfg-path', '/tmp/tmpjaqr5kw8', '--error-file', '/tmp/tmpq0uh28rt']
[2022-12-11 16:11:05,619] {standard_task_runner.py:80} INFO - Job 991: Subtask write_diff_task
[2022-12-11 16:11:05,692] {task_command.py:369} INFO - Running <TaskInstance: first_dag.write_diff_task scheduled__2022-12-11T16:10:00+00:00 [running]> on host 7e39590a7807
[2022-12-11 16:11:05,785] {taskinstance.py:1571} INFO - Exporting the following env vars:
AIRFLOW_CTX_DAG_OWNER=***
AIRFLOW_CTX_DAG_ID=first_dag
AIRFLOW_CTX_TASK_ID=write_diff_task
AIRFLOW_CTX_EXECUTION_DATE=2022-12-11T16:10:00+00:00
AIRFLOW_CTX_TRY_NUMBER=1
AIRFLOW_CTX_DAG_RUN_ID=scheduled__2022-12-11T16:10:00+00:00
[2022-12-11 16:11:05,821] {python.py:173} INFO - Done. Returned value was: None
[2022-12-11 16:11:05,842] {taskinstance.py:1400} INFO - Marking task as SUCCESS. dag_id=first_dag, task_id=write_diff_task, execution_date=20221211T161000, start_date=20221211T161105, end_date=20221211T161105
[2022-12-11 16:11:05,865] {local_task_job.py:156} INFO - Task exited with return code 0
[2022-12-11 16:11:05,909] {local_task_job.py:273} INFO - 0 downstream tasks scheduled from follow-on schedule check
