[2022-12-11 15:03:01,667] {taskinstance.py:1159} INFO - Dependencies all met for <TaskInstance: first_dag.world scheduled__2022-12-11T15:02:00+00:00 [queued]>
[2022-12-11 15:03:01,690] {taskinstance.py:1159} INFO - Dependencies all met for <TaskInstance: first_dag.world scheduled__2022-12-11T15:02:00+00:00 [queued]>
[2022-12-11 15:03:01,691] {taskinstance.py:1356} INFO - 
--------------------------------------------------------------------------------
[2022-12-11 15:03:01,693] {taskinstance.py:1357} INFO - Starting attempt 1 of 1
[2022-12-11 15:03:01,694] {taskinstance.py:1358} INFO - 
--------------------------------------------------------------------------------
[2022-12-11 15:03:01,721] {taskinstance.py:1377} INFO - Executing <Task(PythonOperator): world> on 2022-12-11 15:02:00+00:00
[2022-12-11 15:03:01,728] {standard_task_runner.py:52} INFO - Started process 1758 to run task
[2022-12-11 15:03:01,742] {standard_task_runner.py:79} INFO - Running: ['***', 'tasks', 'run', 'first_dag', 'world', 'scheduled__2022-12-11T15:02:00+00:00', '--job-id', '683', '--raw', '--subdir', 'DAGS_FOLDER/first-dag.py', '--cfg-path', '/tmp/tmpxftpr2zp', '--error-file', '/tmp/tmpxihf4jp5']
[2022-12-11 15:03:01,745] {standard_task_runner.py:80} INFO - Job 683: Subtask world
[2022-12-11 15:03:01,827] {task_command.py:369} INFO - Running <TaskInstance: first_dag.world scheduled__2022-12-11T15:02:00+00:00 [running]> on host 7e39590a7807
[2022-12-11 15:03:01,922] {taskinstance.py:1571} INFO - Exporting the following env vars:
AIRFLOW_CTX_DAG_OWNER=***
AIRFLOW_CTX_DAG_ID=first_dag
AIRFLOW_CTX_TASK_ID=world
AIRFLOW_CTX_EXECUTION_DATE=2022-12-11T15:02:00+00:00
AIRFLOW_CTX_TRY_NUMBER=1
AIRFLOW_CTX_DAG_RUN_ID=scheduled__2022-12-11T15:02:00+00:00
[2022-12-11 15:03:01,924] {logging_mixin.py:115} INFO - Airflow
[2022-12-11 15:03:01,926] {python.py:173} INFO - Done. Returned value was: None
[2022-12-11 15:03:01,946] {taskinstance.py:1400} INFO - Marking task as SUCCESS. dag_id=first_dag, task_id=world, execution_date=20221211T150200, start_date=20221211T150301, end_date=20221211T150301
[2022-12-11 15:03:01,995] {local_task_job.py:156} INFO - Task exited with return code 0
[2022-12-11 15:03:02,049] {local_task_job.py:273} INFO - 1 downstream tasks scheduled from follow-on schedule check
