[2022-12-11 15:17:50,470] {taskinstance.py:1159} INFO - Dependencies all met for <TaskInstance: first_dag.hello_task manual__2022-12-11T15:17:47.891332+00:00 [queued]>
[2022-12-11 15:17:50,576] {taskinstance.py:1159} INFO - Dependencies all met for <TaskInstance: first_dag.hello_task manual__2022-12-11T15:17:47.891332+00:00 [queued]>
[2022-12-11 15:17:50,583] {taskinstance.py:1356} INFO - 
--------------------------------------------------------------------------------
[2022-12-11 15:17:50,587] {taskinstance.py:1357} INFO - Starting attempt 1 of 1
[2022-12-11 15:17:50,592] {taskinstance.py:1358} INFO - 
--------------------------------------------------------------------------------
[2022-12-11 15:17:50,656] {taskinstance.py:1377} INFO - Executing <Task(BashOperator): hello_task> on 2022-12-11 15:17:47.891332+00:00
[2022-12-11 15:17:50,668] {standard_task_runner.py:52} INFO - Started process 2341 to run task
[2022-12-11 15:17:50,712] {standard_task_runner.py:79} INFO - Running: ['***', 'tasks', 'run', 'first_dag', 'hello_task', 'manual__2022-12-11T15:17:47.891332+00:00', '--job-id', '834', '--raw', '--subdir', 'DAGS_FOLDER/first-dag.py', '--cfg-path', '/tmp/tmpqc4kiatw', '--error-file', '/tmp/tmpep8zxdop']
[2022-12-11 15:17:50,722] {standard_task_runner.py:80} INFO - Job 834: Subtask hello_task
[2022-12-11 15:17:51,025] {task_command.py:369} INFO - Running <TaskInstance: first_dag.hello_task manual__2022-12-11T15:17:47.891332+00:00 [running]> on host 7e39590a7807
[2022-12-11 15:17:51,533] {taskinstance.py:1571} INFO - Exporting the following env vars:
AIRFLOW_CTX_DAG_OWNER=***
AIRFLOW_CTX_DAG_ID=first_dag
AIRFLOW_CTX_TASK_ID=hello_task
AIRFLOW_CTX_EXECUTION_DATE=2022-12-11T15:17:47.891332+00:00
AIRFLOW_CTX_TRY_NUMBER=1
AIRFLOW_CTX_DAG_RUN_ID=manual__2022-12-11T15:17:47.891332+00:00
[2022-12-11 15:17:51,536] {subprocess.py:62} INFO - Tmp dir root location: 
 /tmp
[2022-12-11 15:17:51,539] {subprocess.py:74} INFO - Running command: ['bash', '-c', 'echo hello']
[2022-12-11 15:17:51,687] {subprocess.py:85} INFO - Output:
[2022-12-11 15:17:51,786] {subprocess.py:92} INFO - hello
[2022-12-11 15:17:51,810] {subprocess.py:96} INFO - Command exited with return code 0
[2022-12-11 15:17:55,445] {taskinstance.py:1400} INFO - Marking task as SUCCESS. dag_id=first_dag, task_id=hello_task, execution_date=20221211T151747, start_date=20221211T151750, end_date=20221211T151755
[2022-12-11 15:17:55,559] {local_task_job.py:156} INFO - Task exited with return code 0
[2022-12-11 15:17:55,725] {local_task_job.py:273} INFO - 1 downstream tasks scheduled from follow-on schedule check
