[2022-12-11 17:09:03,474] {taskinstance.py:1159} INFO - Dependencies all met for <TaskInstance: first_dag.world manual__2022-12-11T17:08:58.815487+00:00 [queued]>
[2022-12-11 17:09:03,502] {taskinstance.py:1159} INFO - Dependencies all met for <TaskInstance: first_dag.world manual__2022-12-11T17:08:58.815487+00:00 [queued]>
[2022-12-11 17:09:03,504] {taskinstance.py:1356} INFO - 
--------------------------------------------------------------------------------
[2022-12-11 17:09:03,506] {taskinstance.py:1357} INFO - Starting attempt 1 of 1
[2022-12-11 17:09:03,508] {taskinstance.py:1358} INFO - 
--------------------------------------------------------------------------------
[2022-12-11 17:09:03,596] {taskinstance.py:1377} INFO - Executing <Task(PythonOperator): world> on 2022-12-11 17:08:58.815487+00:00
[2022-12-11 17:09:03,604] {standard_task_runner.py:52} INFO - Started process 3690 to run task
[2022-12-11 17:09:03,634] {standard_task_runner.py:79} INFO - Running: ['***', 'tasks', 'run', 'first_dag', 'world', 'manual__2022-12-11T17:08:58.815487+00:00', '--job-id', '1075', '--raw', '--subdir', 'DAGS_FOLDER/first-dag.py', '--cfg-path', '/tmp/tmpnh1racnx', '--error-file', '/tmp/tmp5x3iezg2']
[2022-12-11 17:09:03,640] {standard_task_runner.py:80} INFO - Job 1075: Subtask world
[2022-12-11 17:09:04,028] {task_command.py:369} INFO - Running <TaskInstance: first_dag.world manual__2022-12-11T17:08:58.815487+00:00 [running]> on host 7e39590a7807
[2022-12-11 17:09:04,385] {taskinstance.py:1571} INFO - Exporting the following env vars:
AIRFLOW_CTX_DAG_OWNER=***
AIRFLOW_CTX_DAG_ID=first_dag
AIRFLOW_CTX_TASK_ID=world
AIRFLOW_CTX_EXECUTION_DATE=2022-12-11T17:08:58.815487+00:00
AIRFLOW_CTX_TRY_NUMBER=1
AIRFLOW_CTX_DAG_RUN_ID=manual__2022-12-11T17:08:58.815487+00:00
[2022-12-11 17:09:04,398] {logging_mixin.py:115} INFO - Airflow
[2022-12-11 17:09:04,401] {python.py:173} INFO - Done. Returned value was: None
[2022-12-11 17:09:04,459] {taskinstance.py:1400} INFO - Marking task as SUCCESS. dag_id=first_dag, task_id=world, execution_date=20221211T170858, start_date=20221211T170903, end_date=20221211T170904
[2022-12-11 17:09:04,585] {local_task_job.py:156} INFO - Task exited with return code 0
[2022-12-11 17:09:04,735] {local_task_job.py:273} INFO - 1 downstream tasks scheduled from follow-on schedule check
