[2022-12-11 20:23:24,466] {taskinstance.py:1159} INFO - Dependencies all met for <TaskInstance: first_dag.create_task_table manual__2022-12-11T20:23:22.398912+00:00 [queued]>
[2022-12-11 20:23:24,511] {taskinstance.py:1159} INFO - Dependencies all met for <TaskInstance: first_dag.create_task_table manual__2022-12-11T20:23:22.398912+00:00 [queued]>
[2022-12-11 20:23:24,512] {taskinstance.py:1356} INFO - 
--------------------------------------------------------------------------------
[2022-12-11 20:23:24,513] {taskinstance.py:1357} INFO - Starting attempt 1 of 1
[2022-12-11 20:23:24,514] {taskinstance.py:1358} INFO - 
--------------------------------------------------------------------------------
[2022-12-11 20:23:24,550] {taskinstance.py:1377} INFO - Executing <Task(PostgresOperator): create_task_table> on 2022-12-11 20:23:22.398912+00:00
[2022-12-11 20:23:24,564] {standard_task_runner.py:52} INFO - Started process 5811 to run task
[2022-12-11 20:23:24,580] {standard_task_runner.py:79} INFO - Running: ['***', 'tasks', 'run', 'first_dag', 'create_task_table', 'manual__2022-12-11T20:23:22.398912+00:00', '--job-id', '1387', '--raw', '--subdir', 'DAGS_FOLDER/first-dag.py', '--cfg-path', '/tmp/tmpai3_ixvu', '--error-file', '/tmp/tmp0la_sywy']
[2022-12-11 20:23:24,582] {standard_task_runner.py:80} INFO - Job 1387: Subtask create_task_table
[2022-12-11 20:23:24,827] {task_command.py:369} INFO - Running <TaskInstance: first_dag.create_task_table manual__2022-12-11T20:23:22.398912+00:00 [running]> on host 7e39590a7807
[2022-12-11 20:23:25,171] {taskinstance.py:1571} INFO - Exporting the following env vars:
AIRFLOW_CTX_DAG_OWNER=***
AIRFLOW_CTX_DAG_ID=first_dag
AIRFLOW_CTX_TASK_ID=create_task_table
AIRFLOW_CTX_EXECUTION_DATE=2022-12-11T20:23:22.398912+00:00
AIRFLOW_CTX_TRY_NUMBER=1
AIRFLOW_CTX_DAG_RUN_ID=manual__2022-12-11T20:23:22.398912+00:00
[2022-12-11 20:23:25,242] {base.py:68} INFO - Using connection ID 'db' for task execution.
[2022-12-11 20:23:25,278] {dbapi.py:208} INFO - Running statement: 
                create table if not exists task (
	            value_1 INT,
	            value_2 INT
            );
              , parameters: None
[2022-12-11 20:23:25,284] {postgres.py:94} INFO - NOTICE:  relation "task" already exists, skipping

[2022-12-11 20:23:25,337] {taskinstance.py:1400} INFO - Marking task as SUCCESS. dag_id=first_dag, task_id=create_task_table, execution_date=20221211T202322, start_date=20221211T202324, end_date=20221211T202325
[2022-12-11 20:23:25,414] {local_task_job.py:156} INFO - Task exited with return code 0
[2022-12-11 20:23:25,556] {local_task_job.py:273} INFO - 0 downstream tasks scheduled from follow-on schedule check
