[2022-12-12 05:28:59,202] {taskinstance.py:1159} INFO - Dependencies all met for <TaskInstance: first_dag.update_task_table manual__2022-12-12T05:27:34.840137+00:00 [queued]>
[2022-12-12 05:28:59,219] {taskinstance.py:1159} INFO - Dependencies all met for <TaskInstance: first_dag.update_task_table manual__2022-12-12T05:27:34.840137+00:00 [queued]>
[2022-12-12 05:28:59,221] {taskinstance.py:1356} INFO - 
--------------------------------------------------------------------------------
[2022-12-12 05:28:59,222] {taskinstance.py:1357} INFO - Starting attempt 1 of 1
[2022-12-12 05:28:59,223] {taskinstance.py:1358} INFO - 
--------------------------------------------------------------------------------
[2022-12-12 05:28:59,243] {taskinstance.py:1377} INFO - Executing <Task(PostgresOperator): update_task_table> on 2022-12-12 05:27:34.840137+00:00
[2022-12-12 05:28:59,249] {standard_task_runner.py:52} INFO - Started process 7944 to run task
[2022-12-12 05:28:59,257] {standard_task_runner.py:79} INFO - Running: ['***', 'tasks', 'run', 'first_dag', 'update_task_table', 'manual__2022-12-12T05:27:34.840137+00:00', '--job-id', '1709', '--raw', '--subdir', 'DAGS_FOLDER/first-dag.py', '--cfg-path', '/tmp/tmphfohno1z', '--error-file', '/tmp/tmphj6d8z38']
[2022-12-12 05:28:59,260] {standard_task_runner.py:80} INFO - Job 1709: Subtask update_task_table
[2022-12-12 05:28:59,332] {task_command.py:369} INFO - Running <TaskInstance: first_dag.update_task_table manual__2022-12-12T05:27:34.840137+00:00 [running]> on host 7e39590a7807
[2022-12-12 05:28:59,460] {taskinstance.py:1571} INFO - Exporting the following env vars:
AIRFLOW_CTX_DAG_OWNER=***
AIRFLOW_CTX_DAG_ID=first_dag
AIRFLOW_CTX_TASK_ID=update_task_table
AIRFLOW_CTX_EXECUTION_DATE=2022-12-12T05:27:34.840137+00:00
AIRFLOW_CTX_TRY_NUMBER=1
AIRFLOW_CTX_DAG_RUN_ID=manual__2022-12-12T05:27:34.840137+00:00
[2022-12-12 05:28:59,488] {base.py:68} INFO - Using connection ID 'db' for task execution.
[2022-12-12 05:28:59,534] {dbapi.py:208} INFO - Running statement: 
               UPDATE task
                SET coef = t.remainder from (
                select  id, value_1,value_2,
                sum(value_1) over (order by value_1 rows between unbounded preceding and current row)-
                sum(value_2) over (order by value_2 rows between unbounded preceding and current row) as remainder
                from task) as t where task.id=t.id;
                  , parameters: None
[2022-12-12 05:28:59,567] {dbapi.py:216} INFO - Rows affected: 7
[2022-12-12 05:28:59,589] {taskinstance.py:1400} INFO - Marking task as SUCCESS. dag_id=first_dag, task_id=update_task_table, execution_date=20221212T052734, start_date=20221212T052859, end_date=20221212T052859
[2022-12-12 05:28:59,633] {local_task_job.py:156} INFO - Task exited with return code 0
[2022-12-12 05:28:59,676] {local_task_job.py:273} INFO - 0 downstream tasks scheduled from follow-on schedule check
