[2022-12-11 18:17:42,656] {taskinstance.py:1159} INFO - Dependencies all met for <TaskInstance: first_dag.wait_for_file manual__2022-12-11T18:16:56.832698+00:00 [queued]>
[2022-12-11 18:17:42,705] {taskinstance.py:1159} INFO - Dependencies all met for <TaskInstance: first_dag.wait_for_file manual__2022-12-11T18:16:56.832698+00:00 [queued]>
[2022-12-11 18:17:42,706] {taskinstance.py:1356} INFO - 
--------------------------------------------------------------------------------
[2022-12-11 18:17:42,707] {taskinstance.py:1357} INFO - Starting attempt 1 of 1
[2022-12-11 18:17:42,708] {taskinstance.py:1358} INFO - 
--------------------------------------------------------------------------------
[2022-12-11 18:17:42,773] {taskinstance.py:1377} INFO - Executing <Task(PythonSensor): wait_for_file> on 2022-12-11 18:16:56.832698+00:00
[2022-12-11 18:17:42,778] {standard_task_runner.py:52} INFO - Started process 4311 to run task
[2022-12-11 18:17:42,793] {standard_task_runner.py:79} INFO - Running: ['***', 'tasks', 'run', 'first_dag', 'wait_for_file', 'manual__2022-12-11T18:16:56.832698+00:00', '--job-id', '1181', '--raw', '--subdir', 'DAGS_FOLDER/first-dag.py', '--cfg-path', '/tmp/tmpurk7zs8a', '--error-file', '/tmp/tmpxptzb7as']
[2022-12-11 18:17:42,796] {standard_task_runner.py:80} INFO - Job 1181: Subtask wait_for_file
[2022-12-11 18:17:43,414] {task_command.py:369} INFO - Running <TaskInstance: first_dag.wait_for_file manual__2022-12-11T18:16:56.832698+00:00 [running]> on host 7e39590a7807
[2022-12-11 18:17:44,707] {taskinstance.py:1571} INFO - Exporting the following env vars:
AIRFLOW_CTX_DAG_OWNER=***
AIRFLOW_CTX_DAG_ID=first_dag
AIRFLOW_CTX_TASK_ID=wait_for_file
AIRFLOW_CTX_EXECUTION_DATE=2022-12-11T18:16:56.832698+00:00
AIRFLOW_CTX_TRY_NUMBER=1
AIRFLOW_CTX_DAG_RUN_ID=manual__2022-12-11T18:16:56.832698+00:00
[2022-12-11 18:17:44,714] {python.py:66} INFO - Poking callable: <function _wait_for_file at 0x7f6cec7a5cb0>
[2022-12-11 18:17:44,879] {logging_mixin.py:115} INFO - _wait_for_file True
[2022-12-11 18:17:44,885] {logging_mixin.py:115} INFO - total attempt 0
[2022-12-11 18:18:45,010] {python.py:66} INFO - Poking callable: <function _wait_for_file at 0x7f6cec7a5cb0>
[2022-12-11 18:18:45,243] {logging_mixin.py:115} INFO - _wait_for_file True
[2022-12-11 18:18:45,248] {logging_mixin.py:115} INFO - total attempt 0
[2022-12-11 18:19:45,238] {python.py:66} INFO - Poking callable: <function _wait_for_file at 0x7f6cec7a5cb0>
[2022-12-11 18:19:45,378] {logging_mixin.py:115} INFO - _wait_for_file True
[2022-12-11 18:19:45,380] {logging_mixin.py:115} INFO - total attempt 0
[2022-12-11 18:19:45,387] {base.py:301} INFO - Success criteria met. Exiting.
[2022-12-11 18:19:45,453] {taskinstance.py:1400} INFO - Marking task as SUCCESS. dag_id=first_dag, task_id=wait_for_file, execution_date=20221211T181656, start_date=20221211T181742, end_date=20221211T181945
[2022-12-11 18:19:45,642] {local_task_job.py:156} INFO - Task exited with return code 0
[2022-12-11 18:19:45,852] {local_task_job.py:273} INFO - 0 downstream tasks scheduled from follow-on schedule check
