[2022-12-11 15:01:21,149] {taskinstance.py:1159} INFO - Dependencies all met for <TaskInstance: first_dag.world manual__2022-12-11T15:01:18.374683+00:00 [queued]>
[2022-12-11 15:01:21,162] {taskinstance.py:1159} INFO - Dependencies all met for <TaskInstance: first_dag.world manual__2022-12-11T15:01:18.374683+00:00 [queued]>
[2022-12-11 15:01:21,163] {taskinstance.py:1356} INFO - 
--------------------------------------------------------------------------------
[2022-12-11 15:01:21,164] {taskinstance.py:1357} INFO - Starting attempt 1 of 1
[2022-12-11 15:01:21,164] {taskinstance.py:1358} INFO - 
--------------------------------------------------------------------------------
[2022-12-11 15:01:21,182] {taskinstance.py:1377} INFO - Executing <Task(PythonOperator): world> on 2022-12-11 15:01:18.374683+00:00
[2022-12-11 15:01:21,189] {standard_task_runner.py:52} INFO - Started process 1719 to run task
[2022-12-11 15:01:21,201] {standard_task_runner.py:79} INFO - Running: ['***', 'tasks', 'run', 'first_dag', 'world', 'manual__2022-12-11T15:01:18.374683+00:00', '--job-id', '674', '--raw', '--subdir', 'DAGS_FOLDER/first-dag.py', '--cfg-path', '/tmp/tmp2h7vxvo2', '--error-file', '/tmp/tmptetkfae9']
[2022-12-11 15:01:21,204] {standard_task_runner.py:80} INFO - Job 674: Subtask world
[2022-12-11 15:01:21,290] {task_command.py:369} INFO - Running <TaskInstance: first_dag.world manual__2022-12-11T15:01:18.374683+00:00 [running]> on host 7e39590a7807
[2022-12-11 15:01:21,400] {taskinstance.py:1571} INFO - Exporting the following env vars:
AIRFLOW_CTX_DAG_OWNER=***
AIRFLOW_CTX_DAG_ID=first_dag
AIRFLOW_CTX_TASK_ID=world
AIRFLOW_CTX_EXECUTION_DATE=2022-12-11T15:01:18.374683+00:00
AIRFLOW_CTX_TRY_NUMBER=1
AIRFLOW_CTX_DAG_RUN_ID=manual__2022-12-11T15:01:18.374683+00:00
[2022-12-11 15:01:21,402] {logging_mixin.py:115} INFO - Airflow
[2022-12-11 15:01:21,404] {python.py:173} INFO - Done. Returned value was: None
[2022-12-11 15:01:21,430] {taskinstance.py:1400} INFO - Marking task as SUCCESS. dag_id=first_dag, task_id=world, execution_date=20221211T150118, start_date=20221211T150121, end_date=20221211T150121
[2022-12-11 15:01:21,491] {local_task_job.py:156} INFO - Task exited with return code 0
[2022-12-11 15:01:21,555] {local_task_job.py:273} INFO - 1 downstream tasks scheduled from follow-on schedule check
