[2022-12-11 20:23:27,230] {taskinstance.py:1159} INFO - Dependencies all met for <TaskInstance: first_dag.write_diff_task manual__2022-12-11T20:23:17.573147+00:00 [queued]>
[2022-12-11 20:23:27,276] {taskinstance.py:1159} INFO - Dependencies all met for <TaskInstance: first_dag.write_diff_task manual__2022-12-11T20:23:17.573147+00:00 [queued]>
[2022-12-11 20:23:27,280] {taskinstance.py:1356} INFO - 
--------------------------------------------------------------------------------
[2022-12-11 20:23:27,281] {taskinstance.py:1357} INFO - Starting attempt 1 of 1
[2022-12-11 20:23:27,282] {taskinstance.py:1358} INFO - 
--------------------------------------------------------------------------------
[2022-12-11 20:23:27,383] {taskinstance.py:1377} INFO - Executing <Task(PythonOperator): write_diff_task> on 2022-12-11 20:23:17.573147+00:00
[2022-12-11 20:23:27,399] {standard_task_runner.py:52} INFO - Started process 5827 to run task
[2022-12-11 20:23:27,444] {standard_task_runner.py:79} INFO - Running: ['***', 'tasks', 'run', 'first_dag', 'write_diff_task', 'manual__2022-12-11T20:23:17.573147+00:00', '--job-id', '1391', '--raw', '--subdir', 'DAGS_FOLDER/first-dag.py', '--cfg-path', '/tmp/tmpg0d99jns', '--error-file', '/tmp/tmpqw5x98uf']
[2022-12-11 20:23:27,462] {standard_task_runner.py:80} INFO - Job 1391: Subtask write_diff_task
[2022-12-11 20:23:28,061] {task_command.py:369} INFO - Running <TaskInstance: first_dag.write_diff_task manual__2022-12-11T20:23:17.573147+00:00 [running]> on host 7e39590a7807
[2022-12-11 20:23:28,824] {taskinstance.py:1571} INFO - Exporting the following env vars:
AIRFLOW_CTX_DAG_OWNER=***
AIRFLOW_CTX_DAG_ID=first_dag
AIRFLOW_CTX_TASK_ID=write_diff_task
AIRFLOW_CTX_EXECUTION_DATE=2022-12-11T20:23:17.573147+00:00
AIRFLOW_CTX_TRY_NUMBER=1
AIRFLOW_CTX_DAG_RUN_ID=manual__2022-12-11T20:23:17.573147+00:00
[2022-12-11 20:23:28,949] {python.py:173} INFO - Done. Returned value was: None
[2022-12-11 20:23:29,004] {taskinstance.py:1400} INFO - Marking task as SUCCESS. dag_id=first_dag, task_id=write_diff_task, execution_date=20221211T202317, start_date=20221211T202327, end_date=20221211T202329
[2022-12-11 20:23:29,126] {local_task_job.py:156} INFO - Task exited with return code 0
[2022-12-11 20:23:29,724] {local_task_job.py:273} INFO - 1 downstream tasks scheduled from follow-on schedule check
