[2022-12-11 15:27:33,772] {taskinstance.py:1159} INFO - Dependencies all met for <TaskInstance: first_dag.generate_two_int_task manual__2022-12-11T15:27:30.472640+00:00 [queued]>
[2022-12-11 15:27:33,801] {taskinstance.py:1159} INFO - Dependencies all met for <TaskInstance: first_dag.generate_two_int_task manual__2022-12-11T15:27:30.472640+00:00 [queued]>
[2022-12-11 15:27:33,803] {taskinstance.py:1356} INFO - 
--------------------------------------------------------------------------------
[2022-12-11 15:27:33,805] {taskinstance.py:1357} INFO - Starting attempt 1 of 1
[2022-12-11 15:27:33,806] {taskinstance.py:1358} INFO - 
--------------------------------------------------------------------------------
[2022-12-11 15:27:33,825] {taskinstance.py:1377} INFO - Executing <Task(PythonOperator): generate_two_int_task> on 2022-12-11 15:27:30.472640+00:00
[2022-12-11 15:27:33,831] {standard_task_runner.py:52} INFO - Started process 2636 to run task
[2022-12-11 15:27:33,840] {standard_task_runner.py:79} INFO - Running: ['***', 'tasks', 'run', 'first_dag', 'generate_two_int_task', 'manual__2022-12-11T15:27:30.472640+00:00', '--job-id', '915', '--raw', '--subdir', 'DAGS_FOLDER/first-dag.py', '--cfg-path', '/tmp/tmprj3soi2u', '--error-file', '/tmp/tmpslyvdz0q']
[2022-12-11 15:27:33,843] {standard_task_runner.py:80} INFO - Job 915: Subtask generate_two_int_task
[2022-12-11 15:27:33,956] {task_command.py:369} INFO - Running <TaskInstance: first_dag.generate_two_int_task manual__2022-12-11T15:27:30.472640+00:00 [running]> on host 7e39590a7807
[2022-12-11 15:27:34,122] {taskinstance.py:1571} INFO - Exporting the following env vars:
AIRFLOW_CTX_DAG_OWNER=***
AIRFLOW_CTX_DAG_ID=first_dag
AIRFLOW_CTX_TASK_ID=generate_two_int_task
AIRFLOW_CTX_EXECUTION_DATE=2022-12-11T15:27:30.472640+00:00
AIRFLOW_CTX_TRY_NUMBER=1
AIRFLOW_CTX_DAG_RUN_ID=manual__2022-12-11T15:27:30.472640+00:00
[2022-12-11 15:27:34,143] {python.py:173} INFO - Done. Returned value was: None
[2022-12-11 15:27:34,183] {taskinstance.py:1400} INFO - Marking task as SUCCESS. dag_id=first_dag, task_id=generate_two_int_task, execution_date=20221211T152730, start_date=20221211T152733, end_date=20221211T152734
[2022-12-11 15:27:34,265] {local_task_job.py:156} INFO - Task exited with return code 0
[2022-12-11 15:27:34,465] {local_task_job.py:273} INFO - 0 downstream tasks scheduled from follow-on schedule check
