[2022-12-04 18:32:44,943] {taskinstance.py:1159} INFO - Dependencies all met for <TaskInstance: first_dag.hello_task manual__2022-12-04T18:32:43.759777+00:00 [queued]>
[2022-12-04 18:32:44,960] {taskinstance.py:1159} INFO - Dependencies all met for <TaskInstance: first_dag.hello_task manual__2022-12-04T18:32:43.759777+00:00 [queued]>
[2022-12-04 18:32:44,961] {taskinstance.py:1356} INFO - 
--------------------------------------------------------------------------------
[2022-12-04 18:32:44,962] {taskinstance.py:1357} INFO - Starting attempt 1 of 1
[2022-12-04 18:32:44,963] {taskinstance.py:1358} INFO - 
--------------------------------------------------------------------------------
[2022-12-04 18:32:44,987] {taskinstance.py:1377} INFO - Executing <Task(BashOperator): hello_task> on 2022-12-04 18:32:43.759777+00:00
[2022-12-04 18:32:44,997] {standard_task_runner.py:52} INFO - Started process 1920 to run task
[2022-12-04 18:32:45,001] {standard_task_runner.py:79} INFO - Running: ['***', 'tasks', 'run', 'first_dag', 'hello_task', 'manual__2022-12-04T18:32:43.759777+00:00', '--job-id', '207', '--raw', '--subdir', 'DAGS_FOLDER/first-dag.py', '--cfg-path', '/tmp/tmpc7_6znmr', '--error-file', '/tmp/tmpdh2oh15_']
[2022-12-04 18:32:45,003] {standard_task_runner.py:80} INFO - Job 207: Subtask hello_task
[2022-12-04 18:32:45,095] {task_command.py:369} INFO - Running <TaskInstance: first_dag.hello_task manual__2022-12-04T18:32:43.759777+00:00 [running]> on host fb90b48d1471
[2022-12-04 18:32:45,198] {taskinstance.py:1571} INFO - Exporting the following env vars:
AIRFLOW_CTX_DAG_OWNER=***
AIRFLOW_CTX_DAG_ID=first_dag
AIRFLOW_CTX_TASK_ID=hello_task
AIRFLOW_CTX_EXECUTION_DATE=2022-12-04T18:32:43.759777+00:00
AIRFLOW_CTX_TRY_NUMBER=1
AIRFLOW_CTX_DAG_RUN_ID=manual__2022-12-04T18:32:43.759777+00:00
[2022-12-04 18:32:45,201] {subprocess.py:62} INFO - Tmp dir root location: 
 /tmp
[2022-12-04 18:32:45,204] {subprocess.py:74} INFO - Running command: ['bash', '-c', 'echo hello']
[2022-12-04 18:32:45,218] {subprocess.py:85} INFO - Output:
[2022-12-04 18:32:45,222] {subprocess.py:92} INFO - hello
[2022-12-04 18:32:45,224] {subprocess.py:96} INFO - Command exited with return code 0
[2022-12-04 18:32:45,270] {taskinstance.py:1400} INFO - Marking task as SUCCESS. dag_id=first_dag, task_id=hello_task, execution_date=20221204T183243, start_date=20221204T183244, end_date=20221204T183245
[2022-12-04 18:32:45,299] {local_task_job.py:156} INFO - Task exited with return code 0
[2022-12-04 18:32:45,358] {local_task_job.py:273} INFO - 1 downstream tasks scheduled from follow-on schedule check
