[2022-12-11 19:59:57,250] {taskinstance.py:1159} INFO - Dependencies all met for <TaskInstance: first_dag.world manual__2022-12-11T19:59:53.805292+00:00 [queued]>
[2022-12-11 19:59:57,280] {taskinstance.py:1159} INFO - Dependencies all met for <TaskInstance: first_dag.world manual__2022-12-11T19:59:53.805292+00:00 [queued]>
[2022-12-11 19:59:57,282] {taskinstance.py:1356} INFO - 
--------------------------------------------------------------------------------
[2022-12-11 19:59:57,283] {taskinstance.py:1357} INFO - Starting attempt 1 of 1
[2022-12-11 19:59:57,284] {taskinstance.py:1358} INFO - 
--------------------------------------------------------------------------------
[2022-12-11 19:59:57,323] {taskinstance.py:1377} INFO - Executing <Task(PythonOperator): world> on 2022-12-11 19:59:53.805292+00:00
[2022-12-11 19:59:57,331] {standard_task_runner.py:52} INFO - Started process 5365 to run task
[2022-12-11 19:59:57,345] {standard_task_runner.py:79} INFO - Running: ['***', 'tasks', 'run', 'first_dag', 'world', 'manual__2022-12-11T19:59:53.805292+00:00', '--job-id', '1304', '--raw', '--subdir', 'DAGS_FOLDER/first-dag.py', '--cfg-path', '/tmp/tmps9yvwg1c', '--error-file', '/tmp/tmpqk9b5bf_']
[2022-12-11 19:59:57,353] {standard_task_runner.py:80} INFO - Job 1304: Subtask world
[2022-12-11 19:59:57,515] {task_command.py:369} INFO - Running <TaskInstance: first_dag.world manual__2022-12-11T19:59:53.805292+00:00 [running]> on host 7e39590a7807
[2022-12-11 19:59:57,819] {taskinstance.py:1571} INFO - Exporting the following env vars:
AIRFLOW_CTX_DAG_OWNER=***
AIRFLOW_CTX_DAG_ID=first_dag
AIRFLOW_CTX_TASK_ID=world
AIRFLOW_CTX_EXECUTION_DATE=2022-12-11T19:59:53.805292+00:00
AIRFLOW_CTX_TRY_NUMBER=1
AIRFLOW_CTX_DAG_RUN_ID=manual__2022-12-11T19:59:53.805292+00:00
[2022-12-11 19:59:57,829] {logging_mixin.py:115} INFO - Airflow
[2022-12-11 19:59:57,831] {python.py:173} INFO - Done. Returned value was: None
[2022-12-11 19:59:57,865] {taskinstance.py:1400} INFO - Marking task as SUCCESS. dag_id=first_dag, task_id=world, execution_date=20221211T195953, start_date=20221211T195957, end_date=20221211T195957
[2022-12-11 19:59:57,937] {local_task_job.py:156} INFO - Task exited with return code 0
[2022-12-11 19:59:58,006] {local_task_job.py:273} INFO - 1 downstream tasks scheduled from follow-on schedule check
