[2022-12-11 18:59:01,899] {taskinstance.py:1159} INFO - Dependencies all met for <TaskInstance: first_dag.sum_column_task scheduled__2022-12-11T18:33:00+00:00 [queued]>
[2022-12-11 18:59:01,922] {taskinstance.py:1159} INFO - Dependencies all met for <TaskInstance: first_dag.sum_column_task scheduled__2022-12-11T18:33:00+00:00 [queued]>
[2022-12-11 18:59:01,923] {taskinstance.py:1356} INFO - 
--------------------------------------------------------------------------------
[2022-12-11 18:59:01,924] {taskinstance.py:1357} INFO - Starting attempt 1 of 1
[2022-12-11 18:59:01,926] {taskinstance.py:1358} INFO - 
--------------------------------------------------------------------------------
[2022-12-11 18:59:01,957] {taskinstance.py:1377} INFO - Executing <Task(PythonOperator): sum_column_task> on 2022-12-11 18:33:00+00:00
[2022-12-11 18:59:01,962] {standard_task_runner.py:52} INFO - Started process 4513 to run task
[2022-12-11 18:59:01,976] {standard_task_runner.py:79} INFO - Running: ['***', 'tasks', 'run', 'first_dag', 'sum_column_task', 'scheduled__2022-12-11T18:33:00+00:00', '--job-id', '1211', '--raw', '--subdir', 'DAGS_FOLDER/first-dag.py', '--cfg-path', '/tmp/tmp9phizqmh', '--error-file', '/tmp/tmpz1re5s_d']
[2022-12-11 18:59:01,978] {standard_task_runner.py:80} INFO - Job 1211: Subtask sum_column_task
[2022-12-11 18:59:02,076] {task_command.py:369} INFO - Running <TaskInstance: first_dag.sum_column_task scheduled__2022-12-11T18:33:00+00:00 [running]> on host 7e39590a7807
[2022-12-11 18:59:02,248] {taskinstance.py:1571} INFO - Exporting the following env vars:
AIRFLOW_CTX_DAG_OWNER=***
AIRFLOW_CTX_DAG_ID=first_dag
AIRFLOW_CTX_TASK_ID=sum_column_task
AIRFLOW_CTX_EXECUTION_DATE=2022-12-11T18:33:00+00:00
AIRFLOW_CTX_TRY_NUMBER=1
AIRFLOW_CTX_DAG_RUN_ID=scheduled__2022-12-11T18:33:00+00:00
[2022-12-11 18:59:02,279] {logging_mixin.py:115} INFO - Different sum column is -6
[2022-12-11 18:59:02,281] {python.py:173} INFO - Done. Returned value was: -6
[2022-12-11 18:59:02,327] {taskinstance.py:1400} INFO - Marking task as SUCCESS. dag_id=first_dag, task_id=sum_column_task, execution_date=20221211T183300, start_date=20221211T185901, end_date=20221211T185902
[2022-12-11 18:59:02,388] {local_task_job.py:156} INFO - Task exited with return code 0
[2022-12-11 18:59:02,683] {local_task_job.py:273} INFO - 0 downstream tasks scheduled from follow-on schedule check
