[2022-12-11 16:16:08,007] {taskinstance.py:1159} INFO - Dependencies all met for <TaskInstance: first_dag.write_diff_task scheduled__2022-12-11T16:15:00+00:00 [queued]>
[2022-12-11 16:16:08,033] {taskinstance.py:1159} INFO - Dependencies all met for <TaskInstance: first_dag.write_diff_task scheduled__2022-12-11T16:15:00+00:00 [queued]>
[2022-12-11 16:16:08,034] {taskinstance.py:1356} INFO - 
--------------------------------------------------------------------------------
[2022-12-11 16:16:08,036] {taskinstance.py:1357} INFO - Starting attempt 1 of 1
[2022-12-11 16:16:08,037] {taskinstance.py:1358} INFO - 
--------------------------------------------------------------------------------
[2022-12-11 16:16:08,067] {taskinstance.py:1377} INFO - Executing <Task(PythonOperator): write_diff_task> on 2022-12-11 16:15:00+00:00
[2022-12-11 16:16:08,077] {standard_task_runner.py:52} INFO - Started process 3007 to run task
[2022-12-11 16:16:08,096] {standard_task_runner.py:79} INFO - Running: ['***', 'tasks', 'run', 'first_dag', 'write_diff_task', 'scheduled__2022-12-11T16:15:00+00:00', '--job-id', '1011', '--raw', '--subdir', 'DAGS_FOLDER/first-dag.py', '--cfg-path', '/tmp/tmpwq_tcicv', '--error-file', '/tmp/tmpjel1d7k5']
[2022-12-11 16:16:08,100] {standard_task_runner.py:80} INFO - Job 1011: Subtask write_diff_task
[2022-12-11 16:16:08,310] {task_command.py:369} INFO - Running <TaskInstance: first_dag.write_diff_task scheduled__2022-12-11T16:15:00+00:00 [running]> on host 7e39590a7807
[2022-12-11 16:16:08,552] {taskinstance.py:1571} INFO - Exporting the following env vars:
AIRFLOW_CTX_DAG_OWNER=***
AIRFLOW_CTX_DAG_ID=first_dag
AIRFLOW_CTX_TASK_ID=write_diff_task
AIRFLOW_CTX_EXECUTION_DATE=2022-12-11T16:15:00+00:00
AIRFLOW_CTX_TRY_NUMBER=1
AIRFLOW_CTX_DAG_RUN_ID=scheduled__2022-12-11T16:15:00+00:00
[2022-12-11 16:16:08,607] {python.py:173} INFO - Done. Returned value was: None
[2022-12-11 16:16:08,637] {taskinstance.py:1400} INFO - Marking task as SUCCESS. dag_id=first_dag, task_id=write_diff_task, execution_date=20221211T161500, start_date=20221211T161608, end_date=20221211T161608
[2022-12-11 16:16:08,692] {local_task_job.py:156} INFO - Task exited with return code 0
[2022-12-11 16:16:08,784] {local_task_job.py:273} INFO - 0 downstream tasks scheduled from follow-on schedule check
