[2022-12-11 20:00:01,642] {taskinstance.py:1159} INFO - Dependencies all met for <TaskInstance: first_dag.generate_two_int_task manual__2022-12-11T19:59:55.921958+00:00 [queued]>
[2022-12-11 20:00:01,670] {taskinstance.py:1159} INFO - Dependencies all met for <TaskInstance: first_dag.generate_two_int_task manual__2022-12-11T19:59:55.921958+00:00 [queued]>
[2022-12-11 20:00:01,673] {taskinstance.py:1356} INFO - 
--------------------------------------------------------------------------------
[2022-12-11 20:00:01,674] {taskinstance.py:1357} INFO - Starting attempt 1 of 1
[2022-12-11 20:00:01,676] {taskinstance.py:1358} INFO - 
--------------------------------------------------------------------------------
[2022-12-11 20:00:01,754] {taskinstance.py:1377} INFO - Executing <Task(PythonOperator): generate_two_int_task> on 2022-12-11 19:59:55.921958+00:00
[2022-12-11 20:00:01,759] {standard_task_runner.py:52} INFO - Started process 5378 to run task
[2022-12-11 20:00:01,769] {standard_task_runner.py:79} INFO - Running: ['***', 'tasks', 'run', 'first_dag', 'generate_two_int_task', 'manual__2022-12-11T19:59:55.921958+00:00', '--job-id', '1308', '--raw', '--subdir', 'DAGS_FOLDER/first-dag.py', '--cfg-path', '/tmp/tmpbjpmqeql', '--error-file', '/tmp/tmp4k4y0mt_']
[2022-12-11 20:00:01,779] {standard_task_runner.py:80} INFO - Job 1308: Subtask generate_two_int_task
[2022-12-11 20:00:01,933] {task_command.py:369} INFO - Running <TaskInstance: first_dag.generate_two_int_task manual__2022-12-11T19:59:55.921958+00:00 [running]> on host 7e39590a7807
[2022-12-11 20:00:02,245] {taskinstance.py:1571} INFO - Exporting the following env vars:
AIRFLOW_CTX_DAG_OWNER=***
AIRFLOW_CTX_DAG_ID=first_dag
AIRFLOW_CTX_TASK_ID=generate_two_int_task
AIRFLOW_CTX_EXECUTION_DATE=2022-12-11T19:59:55.921958+00:00
AIRFLOW_CTX_TRY_NUMBER=1
AIRFLOW_CTX_DAG_RUN_ID=manual__2022-12-11T19:59:55.921958+00:00
[2022-12-11 20:00:02,285] {python.py:173} INFO - Done. Returned value was: None
[2022-12-11 20:00:02,358] {taskinstance.py:1400} INFO - Marking task as SUCCESS. dag_id=first_dag, task_id=generate_two_int_task, execution_date=20221211T195955, start_date=20221211T200001, end_date=20221211T200002
[2022-12-11 20:00:02,424] {local_task_job.py:156} INFO - Task exited with return code 0
[2022-12-11 20:00:02,549] {local_task_job.py:273} INFO - 1 downstream tasks scheduled from follow-on schedule check
