[2022-12-11 19:43:25,866] {taskinstance.py:1159} INFO - Dependencies all met for <TaskInstance: first_dag.wait_for_file manual__2022-12-11T19:43:13.165788+00:00 [queued]>
[2022-12-11 19:43:25,889] {taskinstance.py:1159} INFO - Dependencies all met for <TaskInstance: first_dag.wait_for_file manual__2022-12-11T19:43:13.165788+00:00 [queued]>
[2022-12-11 19:43:25,891] {taskinstance.py:1356} INFO - 
--------------------------------------------------------------------------------
[2022-12-11 19:43:25,893] {taskinstance.py:1357} INFO - Starting attempt 1 of 3
[2022-12-11 19:43:25,894] {taskinstance.py:1358} INFO - 
--------------------------------------------------------------------------------
[2022-12-11 19:43:25,912] {taskinstance.py:1377} INFO - Executing <Task(PythonSensor): wait_for_file> on 2022-12-11 19:43:13.165788+00:00
[2022-12-11 19:43:25,918] {standard_task_runner.py:52} INFO - Started process 5066 to run task
[2022-12-11 19:43:25,930] {standard_task_runner.py:79} INFO - Running: ['***', 'tasks', 'run', 'first_dag', 'wait_for_file', 'manual__2022-12-11T19:43:13.165788+00:00', '--job-id', '1255', '--raw', '--subdir', 'DAGS_FOLDER/first-dag.py', '--cfg-path', '/tmp/tmphrlmbshv', '--error-file', '/tmp/tmpyajw1yrz']
[2022-12-11 19:43:25,933] {standard_task_runner.py:80} INFO - Job 1255: Subtask wait_for_file
[2022-12-11 19:43:26,016] {task_command.py:369} INFO - Running <TaskInstance: first_dag.wait_for_file manual__2022-12-11T19:43:13.165788+00:00 [running]> on host 7e39590a7807
[2022-12-11 19:43:26,125] {taskinstance.py:1571} INFO - Exporting the following env vars:
AIRFLOW_CTX_DAG_OWNER=***
AIRFLOW_CTX_DAG_ID=first_dag
AIRFLOW_CTX_TASK_ID=wait_for_file
AIRFLOW_CTX_EXECUTION_DATE=2022-12-11T19:43:13.165788+00:00
AIRFLOW_CTX_TRY_NUMBER=1
AIRFLOW_CTX_DAG_RUN_ID=manual__2022-12-11T19:43:13.165788+00:00
[2022-12-11 19:43:26,128] {python.py:66} INFO - Poking callable: <function _wait_for_file at 0x7f6cec797440>
[2022-12-11 19:43:26,142] {logging_mixin.py:115} INFO - _wait_for_file True
[2022-12-11 19:43:26,144] {logging_mixin.py:115} INFO - total attempt 0
[2022-12-11 19:43:46,122] {python.py:66} INFO - Poking callable: <function _wait_for_file at 0x7f6cec797440>
[2022-12-11 19:43:46,152] {logging_mixin.py:115} INFO - _wait_for_file True
[2022-12-11 19:43:46,154] {logging_mixin.py:115} INFO - total attempt 0
[2022-12-11 19:44:06,128] {python.py:66} INFO - Poking callable: <function _wait_for_file at 0x7f6cec797440>
[2022-12-11 19:44:06,150] {logging_mixin.py:115} INFO - _wait_for_file False
[2022-12-11 19:44:06,153] {logging_mixin.py:115} INFO - total attempt 0
[2022-12-11 19:44:06,786] {local_task_job.py:221} WARNING - State of this instance has been externally set to None. Terminating instance.
[2022-12-11 19:44:06,811] {process_utils.py:129} INFO - Sending Signals.SIGTERM to group 5066. PIDs of all processes in the group: [5066]
[2022-12-11 19:44:06,814] {process_utils.py:80} INFO - Sending the signal Signals.SIGTERM to group 5066
[2022-12-11 19:44:06,815] {taskinstance.py:1541} ERROR - Received SIGTERM. Terminating subprocesses.
[2022-12-11 19:44:06,844] {taskinstance.py:1889} ERROR - Task failed with exception
Traceback (most recent call last):
  File "/home/airflow/.local/lib/python3.7/site-packages/airflow/sensors/base.py", line 299, in execute
    time.sleep(self._get_next_poke_interval(started_at, run_duration, try_number))
  File "/home/airflow/.local/lib/python3.7/site-packages/airflow/models/taskinstance.py", line 1543, in signal_handler
    raise AirflowException("Task received SIGTERM signal")
airflow.exceptions.AirflowException: Task received SIGTERM signal
[2022-12-11 19:44:06,861] {taskinstance.py:1400} INFO - Marking task as UP_FOR_RETRY. dag_id=first_dag, task_id=wait_for_file, execution_date=20221211T194313, start_date=20221211T194325, end_date=20221211T194406
[2022-12-11 19:44:06,916] {standard_task_runner.py:97} ERROR - Failed to execute job 1255 for task wait_for_file ((psycopg2.errors.ForeignKeyViolation) insert or update on table "task_fail" violates foreign key constraint "task_fail_ti_fkey"
DETAIL:  Key (dag_id, task_id, run_id, map_index)=(first_dag, wait_for_file, manual__2022-12-11T19:43:13.165788+00:00, -1) is not present in table "task_instance".

[SQL: INSERT INTO task_fail (task_id, dag_id, run_id, map_index, start_date, end_date, duration) VALUES (%(task_id)s, %(dag_id)s, %(run_id)s, %(map_index)s, %(start_date)s, %(end_date)s, %(duration)s) RETURNING task_fail.id]
[parameters: {'task_id': 'wait_for_file', 'dag_id': 'first_dag', 'run_id': 'manual__2022-12-11T19:43:13.165788+00:00', 'map_index': -1, 'start_date': datetime.datetime(2022, 12, 11, 19, 43, 25, 869496, tzinfo=Timezone('UTC')), 'end_date': datetime.datetime(2022, 12, 11, 19, 44, 6, 859774, tzinfo=Timezone('UTC')), 'duration': 40}]
(Background on this error at: http://sqlalche.me/e/14/gkpj); 5066)
[2022-12-11 19:44:06,956] {process_utils.py:75} INFO - Process psutil.Process(pid=5066, status='terminated', exitcode=1, started='19:43:25') (5066) terminated with exit code 1
