[2022-12-11 16:59:17,751] {taskinstance.py:1159} INFO - Dependencies all met for <TaskInstance: first_dag.generate_two_int_task manual__2022-12-11T16:59:11.435193+00:00 [queued]>
[2022-12-11 16:59:17,788] {taskinstance.py:1159} INFO - Dependencies all met for <TaskInstance: first_dag.generate_two_int_task manual__2022-12-11T16:59:11.435193+00:00 [queued]>
[2022-12-11 16:59:17,791] {taskinstance.py:1356} INFO - 
--------------------------------------------------------------------------------
[2022-12-11 16:59:17,792] {taskinstance.py:1357} INFO - Starting attempt 1 of 1
[2022-12-11 16:59:17,794] {taskinstance.py:1358} INFO - 
--------------------------------------------------------------------------------
[2022-12-11 16:59:17,821] {taskinstance.py:1377} INFO - Executing <Task(PythonOperator): generate_two_int_task> on 2022-12-11 16:59:11.435193+00:00
[2022-12-11 16:59:17,831] {standard_task_runner.py:52} INFO - Started process 3521 to run task
[2022-12-11 16:59:17,839] {standard_task_runner.py:79} INFO - Running: ['***', 'tasks', 'run', 'first_dag', 'generate_two_int_task', 'manual__2022-12-11T16:59:11.435193+00:00', '--job-id', '1048', '--raw', '--subdir', 'DAGS_FOLDER/first-dag.py', '--cfg-path', '/tmp/tmp4v3fhw65', '--error-file', '/tmp/tmprul7bm05']
[2022-12-11 16:59:17,851] {standard_task_runner.py:80} INFO - Job 1048: Subtask generate_two_int_task
[2022-12-11 16:59:18,058] {task_command.py:369} INFO - Running <TaskInstance: first_dag.generate_two_int_task manual__2022-12-11T16:59:11.435193+00:00 [running]> on host 7e39590a7807
[2022-12-11 16:59:18,249] {taskinstance.py:1571} INFO - Exporting the following env vars:
AIRFLOW_CTX_DAG_OWNER=***
AIRFLOW_CTX_DAG_ID=first_dag
AIRFLOW_CTX_TASK_ID=generate_two_int_task
AIRFLOW_CTX_EXECUTION_DATE=2022-12-11T16:59:11.435193+00:00
AIRFLOW_CTX_TRY_NUMBER=1
AIRFLOW_CTX_DAG_RUN_ID=manual__2022-12-11T16:59:11.435193+00:00
[2022-12-11 16:59:18,303] {python.py:173} INFO - Done. Returned value was: None
[2022-12-11 16:59:18,344] {taskinstance.py:1400} INFO - Marking task as SUCCESS. dag_id=first_dag, task_id=generate_two_int_task, execution_date=20221211T165911, start_date=20221211T165917, end_date=20221211T165918
[2022-12-11 16:59:18,385] {local_task_job.py:156} INFO - Task exited with return code 0
[2022-12-11 16:59:18,455] {local_task_job.py:273} INFO - 1 downstream tasks scheduled from follow-on schedule check
