[2022-12-11 19:44:47,662] {taskinstance.py:1159} INFO - Dependencies all met for <TaskInstance: first_dag.write_diff_task manual__2022-12-11T19:44:29.307471+00:00 [queued]>
[2022-12-11 19:44:47,685] {taskinstance.py:1159} INFO - Dependencies all met for <TaskInstance: first_dag.write_diff_task manual__2022-12-11T19:44:29.307471+00:00 [queued]>
[2022-12-11 19:44:47,686] {taskinstance.py:1356} INFO - 
--------------------------------------------------------------------------------
[2022-12-11 19:44:47,688] {taskinstance.py:1357} INFO - Starting attempt 1 of 1
[2022-12-11 19:44:47,689] {taskinstance.py:1358} INFO - 
--------------------------------------------------------------------------------
[2022-12-11 19:44:47,796] {taskinstance.py:1377} INFO - Executing <Task(PythonOperator): write_diff_task> on 2022-12-11 19:44:29.307471+00:00
[2022-12-11 19:44:47,818] {standard_task_runner.py:52} INFO - Started process 5146 to run task
[2022-12-11 19:44:47,838] {standard_task_runner.py:79} INFO - Running: ['***', 'tasks', 'run', 'first_dag', 'write_diff_task', 'manual__2022-12-11T19:44:29.307471+00:00', '--job-id', '1283', '--raw', '--subdir', 'DAGS_FOLDER/first-dag.py', '--cfg-path', '/tmp/tmpnbkl274y', '--error-file', '/tmp/tmpzi0msqke']
[2022-12-11 19:44:47,851] {standard_task_runner.py:80} INFO - Job 1283: Subtask write_diff_task
[2022-12-11 19:44:48,365] {task_command.py:369} INFO - Running <TaskInstance: first_dag.write_diff_task manual__2022-12-11T19:44:29.307471+00:00 [running]> on host 7e39590a7807
[2022-12-11 19:44:49,802] {taskinstance.py:1571} INFO - Exporting the following env vars:
AIRFLOW_CTX_DAG_OWNER=***
AIRFLOW_CTX_DAG_ID=first_dag
AIRFLOW_CTX_TASK_ID=write_diff_task
AIRFLOW_CTX_EXECUTION_DATE=2022-12-11T19:44:29.307471+00:00
AIRFLOW_CTX_TRY_NUMBER=1
AIRFLOW_CTX_DAG_RUN_ID=manual__2022-12-11T19:44:29.307471+00:00
[2022-12-11 19:44:49,902] {python.py:173} INFO - Done. Returned value was: None
[2022-12-11 19:44:49,951] {taskinstance.py:1400} INFO - Marking task as SUCCESS. dag_id=first_dag, task_id=write_diff_task, execution_date=20221211T194429, start_date=20221211T194447, end_date=20221211T194449
[2022-12-11 19:44:50,032] {local_task_job.py:156} INFO - Task exited with return code 0
[2022-12-11 19:44:50,155] {local_task_job.py:273} INFO - 1 downstream tasks scheduled from follow-on schedule check
