[2022-12-11 19:45:02,280] {taskinstance.py:1159} INFO - Dependencies all met for <TaskInstance: first_dag.create_pet_table manual__2022-12-11T19:44:11.012625+00:00 [queued]>
[2022-12-11 19:45:02,303] {taskinstance.py:1159} INFO - Dependencies all met for <TaskInstance: first_dag.create_pet_table manual__2022-12-11T19:44:11.012625+00:00 [queued]>
[2022-12-11 19:45:02,304] {taskinstance.py:1356} INFO - 
--------------------------------------------------------------------------------
[2022-12-11 19:45:02,305] {taskinstance.py:1357} INFO - Starting attempt 1 of 1
[2022-12-11 19:45:02,306] {taskinstance.py:1358} INFO - 
--------------------------------------------------------------------------------
[2022-12-11 19:45:02,324] {taskinstance.py:1377} INFO - Executing <Task(PostgresOperator): create_pet_table> on 2022-12-11 19:44:11.012625+00:00
[2022-12-11 19:45:02,332] {standard_task_runner.py:52} INFO - Started process 5173 to run task
[2022-12-11 19:45:02,336] {standard_task_runner.py:79} INFO - Running: ['***', 'tasks', 'run', 'first_dag', 'create_pet_table', 'manual__2022-12-11T19:44:11.012625+00:00', '--job-id', '1295', '--raw', '--subdir', 'DAGS_FOLDER/first-dag.py', '--cfg-path', '/tmp/tmp75j3mu12', '--error-file', '/tmp/tmp64thqrve']
[2022-12-11 19:45:02,338] {standard_task_runner.py:80} INFO - Job 1295: Subtask create_pet_table
[2022-12-11 19:45:02,422] {task_command.py:369} INFO - Running <TaskInstance: first_dag.create_pet_table manual__2022-12-11T19:44:11.012625+00:00 [running]> on host 7e39590a7807
[2022-12-11 19:45:02,525] {taskinstance.py:1571} INFO - Exporting the following env vars:
AIRFLOW_CTX_DAG_OWNER=***
AIRFLOW_CTX_DAG_ID=first_dag
AIRFLOW_CTX_TASK_ID=create_pet_table
AIRFLOW_CTX_EXECUTION_DATE=2022-12-11T19:44:11.012625+00:00
AIRFLOW_CTX_TRY_NUMBER=1
AIRFLOW_CTX_DAG_RUN_ID=manual__2022-12-11T19:44:11.012625+00:00
[2022-12-11 19:45:02,546] {base.py:68} INFO - Using connection ID 'db' for task execution.
[2022-12-11 19:45:02,556] {dbapi.py:208} INFO - Running statement: 
                CREATE TABLE IF NOT EXISTS pet (
                pet_id SERIAL PRIMARY KEY,
                name VARCHAR NOT NULL,
                pet_type VARCHAR NOT NULL,
                birth_date DATE NOT NULL,
                OWNER VARCHAR NOT NULL);
              , parameters: None
[2022-12-11 19:45:02,558] {postgres.py:94} INFO - NOTICE:  relation "pet" already exists, skipping

[2022-12-11 19:45:02,578] {taskinstance.py:1400} INFO - Marking task as SUCCESS. dag_id=first_dag, task_id=create_pet_table, execution_date=20221211T194411, start_date=20221211T194502, end_date=20221211T194502
[2022-12-11 19:45:02,609] {local_task_job.py:156} INFO - Task exited with return code 0
[2022-12-11 19:45:02,655] {local_task_job.py:273} INFO - 0 downstream tasks scheduled from follow-on schedule check
