[2022-12-04 19:36:48,127] {taskinstance.py:1159} INFO - Dependencies all met for <TaskInstance: first_dag.hello_task manual__2022-12-04T19:36:47.297971+00:00 [queued]>
[2022-12-04 19:36:48,146] {taskinstance.py:1159} INFO - Dependencies all met for <TaskInstance: first_dag.hello_task manual__2022-12-04T19:36:47.297971+00:00 [queued]>
[2022-12-04 19:36:48,147] {taskinstance.py:1356} INFO - 
--------------------------------------------------------------------------------
[2022-12-04 19:36:48,148] {taskinstance.py:1357} INFO - Starting attempt 1 of 1
[2022-12-04 19:36:48,149] {taskinstance.py:1358} INFO - 
--------------------------------------------------------------------------------
[2022-12-04 19:36:48,176] {taskinstance.py:1377} INFO - Executing <Task(BashOperator): hello_task> on 2022-12-04 19:36:47.297971+00:00
[2022-12-04 19:36:48,187] {standard_task_runner.py:52} INFO - Started process 615 to run task
[2022-12-04 19:36:48,207] {standard_task_runner.py:79} INFO - Running: ['***', 'tasks', 'run', 'first_dag', 'hello_task', 'manual__2022-12-04T19:36:47.297971+00:00', '--job-id', '297', '--raw', '--subdir', 'DAGS_FOLDER/first-dag.py', '--cfg-path', '/tmp/tmphyls8act', '--error-file', '/tmp/tmpqnctnej0']
[2022-12-04 19:36:48,209] {standard_task_runner.py:80} INFO - Job 297: Subtask hello_task
[2022-12-04 19:36:48,308] {task_command.py:369} INFO - Running <TaskInstance: first_dag.hello_task manual__2022-12-04T19:36:47.297971+00:00 [running]> on host 4393b4454aa8
[2022-12-04 19:36:48,445] {taskinstance.py:1571} INFO - Exporting the following env vars:
AIRFLOW_CTX_DAG_OWNER=***
AIRFLOW_CTX_DAG_ID=first_dag
AIRFLOW_CTX_TASK_ID=hello_task
AIRFLOW_CTX_EXECUTION_DATE=2022-12-04T19:36:47.297971+00:00
AIRFLOW_CTX_TRY_NUMBER=1
AIRFLOW_CTX_DAG_RUN_ID=manual__2022-12-04T19:36:47.297971+00:00
[2022-12-04 19:36:48,448] {subprocess.py:62} INFO - Tmp dir root location: 
 /tmp
[2022-12-04 19:36:48,451] {subprocess.py:74} INFO - Running command: ['bash', '-c', 'echo hello']
[2022-12-04 19:36:48,462] {subprocess.py:85} INFO - Output:
[2022-12-04 19:36:48,465] {subprocess.py:92} INFO - hello
[2022-12-04 19:36:48,467] {subprocess.py:96} INFO - Command exited with return code 0
[2022-12-04 19:36:48,545] {taskinstance.py:1400} INFO - Marking task as SUCCESS. dag_id=first_dag, task_id=hello_task, execution_date=20221204T193647, start_date=20221204T193648, end_date=20221204T193648
[2022-12-04 19:36:48,578] {local_task_job.py:156} INFO - Task exited with return code 0
[2022-12-04 19:36:48,653] {local_task_job.py:273} INFO - 1 downstream tasks scheduled from follow-on schedule check
