[2022-12-12 05:25:25,351] {taskinstance.py:1159} INFO - Dependencies all met for <TaskInstance: first_dag.insert_data manual__2022-12-12T05:25:19.865445+00:00 [queued]>
[2022-12-12 05:25:25,374] {taskinstance.py:1159} INFO - Dependencies all met for <TaskInstance: first_dag.insert_data manual__2022-12-12T05:25:19.865445+00:00 [queued]>
[2022-12-12 05:25:25,378] {taskinstance.py:1356} INFO - 
--------------------------------------------------------------------------------
[2022-12-12 05:25:25,382] {taskinstance.py:1357} INFO - Starting attempt 1 of 1
[2022-12-12 05:25:25,385] {taskinstance.py:1358} INFO - 
--------------------------------------------------------------------------------
[2022-12-12 05:25:25,656] {taskinstance.py:1377} INFO - Executing <Task(PythonOperator): insert_data> on 2022-12-12 05:25:19.865445+00:00
[2022-12-12 05:25:25,701] {standard_task_runner.py:52} INFO - Started process 7725 to run task
[2022-12-12 05:25:25,710] {standard_task_runner.py:79} INFO - Running: ['***', 'tasks', 'run', 'first_dag', 'insert_data', 'manual__2022-12-12T05:25:19.865445+00:00', '--job-id', '1618', '--raw', '--subdir', 'DAGS_FOLDER/first-dag.py', '--cfg-path', '/tmp/tmpcpcjupq_', '--error-file', '/tmp/tmpevjl4jpn']
[2022-12-12 05:25:25,713] {standard_task_runner.py:80} INFO - Job 1618: Subtask insert_data
[2022-12-12 05:25:25,983] {task_command.py:369} INFO - Running <TaskInstance: first_dag.insert_data manual__2022-12-12T05:25:19.865445+00:00 [running]> on host 7e39590a7807
[2022-12-12 05:25:26,350] {taskinstance.py:1571} INFO - Exporting the following env vars:
AIRFLOW_CTX_DAG_OWNER=***
AIRFLOW_CTX_DAG_ID=first_dag
AIRFLOW_CTX_TASK_ID=insert_data
AIRFLOW_CTX_EXECUTION_DATE=2022-12-12T05:25:19.865445+00:00
AIRFLOW_CTX_TRY_NUMBER=1
AIRFLOW_CTX_DAG_RUN_ID=manual__2022-12-12T05:25:19.865445+00:00
[2022-12-12 05:25:26,404] {base.py:68} INFO - Using connection ID 'db' for task execution.
[2022-12-12 05:25:26,464] {logging_mixin.py:115} INFO - PostgreSQL connection is closed
[2022-12-12 05:25:26,471] {taskinstance.py:1889} ERROR - Task failed with exception
Traceback (most recent call last):
  File "/home/airflow/.local/lib/python3.7/site-packages/airflow/operators/python.py", line 171, in execute
    return_value = self.execute_callable()
  File "/home/airflow/.local/lib/python3.7/site-packages/airflow/operators/python.py", line 189, in execute_callable
    return self.python_callable(*self.op_args, **self.op_kwargs)
  File "/opt/airflow/dags/first-dag.py", line 32, in insert_data_to_db
    with open(path_to_file, "r") as file:
FileNotFoundError: [Errno 2] No such file or directory: '/tmp/file.txt'
[2022-12-12 05:25:26,522] {taskinstance.py:1400} INFO - Marking task as FAILED. dag_id=first_dag, task_id=insert_data, execution_date=20221212T052519, start_date=20221212T052525, end_date=20221212T052526
[2022-12-12 05:25:26,629] {standard_task_runner.py:97} ERROR - Failed to execute job 1618 for task insert_data ([Errno 2] No such file or directory: '/tmp/file.txt'; 7725)
[2022-12-12 05:25:26,681] {local_task_job.py:156} INFO - Task exited with return code 1
[2022-12-12 05:25:26,793] {local_task_job.py:273} INFO - 0 downstream tasks scheduled from follow-on schedule check
