[2022-12-11 16:16:07,978] {taskinstance.py:1159} INFO - Dependencies all met for <TaskInstance: first_dag.write_diff_task scheduled__2022-12-11T16:14:00+00:00 [queued]>
[2022-12-11 16:16:08,014] {taskinstance.py:1159} INFO - Dependencies all met for <TaskInstance: first_dag.write_diff_task scheduled__2022-12-11T16:14:00+00:00 [queued]>
[2022-12-11 16:16:08,015] {taskinstance.py:1356} INFO - 
--------------------------------------------------------------------------------
[2022-12-11 16:16:08,016] {taskinstance.py:1357} INFO - Starting attempt 1 of 1
[2022-12-11 16:16:08,017] {taskinstance.py:1358} INFO - 
--------------------------------------------------------------------------------
[2022-12-11 16:16:08,063] {taskinstance.py:1377} INFO - Executing <Task(PythonOperator): write_diff_task> on 2022-12-11 16:14:00+00:00
[2022-12-11 16:16:08,068] {standard_task_runner.py:52} INFO - Started process 3006 to run task
[2022-12-11 16:16:08,076] {standard_task_runner.py:79} INFO - Running: ['***', 'tasks', 'run', 'first_dag', 'write_diff_task', 'scheduled__2022-12-11T16:14:00+00:00', '--job-id', '1010', '--raw', '--subdir', 'DAGS_FOLDER/first-dag.py', '--cfg-path', '/tmp/tmp81fw6gy0', '--error-file', '/tmp/tmpv12b0h59']
[2022-12-11 16:16:08,079] {standard_task_runner.py:80} INFO - Job 1010: Subtask write_diff_task
[2022-12-11 16:16:08,325] {task_command.py:369} INFO - Running <TaskInstance: first_dag.write_diff_task scheduled__2022-12-11T16:14:00+00:00 [running]> on host 7e39590a7807
[2022-12-11 16:16:08,538] {taskinstance.py:1571} INFO - Exporting the following env vars:
AIRFLOW_CTX_DAG_OWNER=***
AIRFLOW_CTX_DAG_ID=first_dag
AIRFLOW_CTX_TASK_ID=write_diff_task
AIRFLOW_CTX_EXECUTION_DATE=2022-12-11T16:14:00+00:00
AIRFLOW_CTX_TRY_NUMBER=1
AIRFLOW_CTX_DAG_RUN_ID=scheduled__2022-12-11T16:14:00+00:00
[2022-12-11 16:16:08,599] {python.py:173} INFO - Done. Returned value was: None
[2022-12-11 16:16:08,627] {taskinstance.py:1400} INFO - Marking task as SUCCESS. dag_id=first_dag, task_id=write_diff_task, execution_date=20221211T161400, start_date=20221211T161607, end_date=20221211T161608
[2022-12-11 16:16:08,702] {local_task_job.py:156} INFO - Task exited with return code 0
[2022-12-11 16:16:08,790] {local_task_job.py:273} INFO - 0 downstream tasks scheduled from follow-on schedule check
