[2022-12-04 18:36:22,147] {taskinstance.py:1159} INFO - Dependencies all met for <TaskInstance: first_dag.world manual__2022-12-04T18:36:18.991767+00:00 [queued]>
[2022-12-04 18:36:22,174] {taskinstance.py:1159} INFO - Dependencies all met for <TaskInstance: first_dag.world manual__2022-12-04T18:36:18.991767+00:00 [queued]>
[2022-12-04 18:36:22,176] {taskinstance.py:1356} INFO - 
--------------------------------------------------------------------------------
[2022-12-04 18:36:22,177] {taskinstance.py:1357} INFO - Starting attempt 1 of 1
[2022-12-04 18:36:22,178] {taskinstance.py:1358} INFO - 
--------------------------------------------------------------------------------
[2022-12-04 18:36:22,198] {taskinstance.py:1377} INFO - Executing <Task(PythonOperator): world> on 2022-12-04 18:36:18.991767+00:00
[2022-12-04 18:36:22,203] {standard_task_runner.py:52} INFO - Started process 2039 to run task
[2022-12-04 18:36:22,212] {standard_task_runner.py:79} INFO - Running: ['***', 'tasks', 'run', 'first_dag', 'world', 'manual__2022-12-04T18:36:18.991767+00:00', '--job-id', '226', '--raw', '--subdir', 'DAGS_FOLDER/first-dag.py', '--cfg-path', '/tmp/tmpeveekgcp', '--error-file', '/tmp/tmpe00hbw8c']
[2022-12-04 18:36:22,215] {standard_task_runner.py:80} INFO - Job 226: Subtask world
[2022-12-04 18:36:22,297] {task_command.py:369} INFO - Running <TaskInstance: first_dag.world manual__2022-12-04T18:36:18.991767+00:00 [running]> on host fb90b48d1471
[2022-12-04 18:36:22,418] {taskinstance.py:1571} INFO - Exporting the following env vars:
AIRFLOW_CTX_DAG_OWNER=***
AIRFLOW_CTX_DAG_ID=first_dag
AIRFLOW_CTX_TASK_ID=world
AIRFLOW_CTX_EXECUTION_DATE=2022-12-04T18:36:18.991767+00:00
AIRFLOW_CTX_TRY_NUMBER=1
AIRFLOW_CTX_DAG_RUN_ID=manual__2022-12-04T18:36:18.991767+00:00
[2022-12-04 18:36:22,419] {logging_mixin.py:115} INFO - Airflow
[2022-12-04 18:36:22,420] {python.py:173} INFO - Done. Returned value was: None
[2022-12-04 18:36:22,437] {taskinstance.py:1400} INFO - Marking task as SUCCESS. dag_id=first_dag, task_id=world, execution_date=20221204T183618, start_date=20221204T183622, end_date=20221204T183622
[2022-12-04 18:36:22,464] {local_task_job.py:156} INFO - Task exited with return code 0
[2022-12-04 18:36:22,515] {local_task_job.py:273} INFO - 1 downstream tasks scheduled from follow-on schedule check
