[2022-12-11 20:19:55,540] {taskinstance.py:1159} INFO - Dependencies all met for <TaskInstance: first_dag.generate_two_int_task manual__2022-12-11T20:19:09.561108+00:00 [queued]>
[2022-12-11 20:19:55,577] {taskinstance.py:1159} INFO - Dependencies all met for <TaskInstance: first_dag.generate_two_int_task manual__2022-12-11T20:19:09.561108+00:00 [queued]>
[2022-12-11 20:19:55,581] {taskinstance.py:1356} INFO - 
--------------------------------------------------------------------------------
[2022-12-11 20:19:55,582] {taskinstance.py:1357} INFO - Starting attempt 1 of 1
[2022-12-11 20:19:55,584] {taskinstance.py:1358} INFO - 
--------------------------------------------------------------------------------
[2022-12-11 20:19:55,629] {taskinstance.py:1377} INFO - Executing <Task(PythonOperator): generate_two_int_task> on 2022-12-11 20:19:09.561108+00:00
[2022-12-11 20:19:55,635] {standard_task_runner.py:52} INFO - Started process 5719 to run task
[2022-12-11 20:19:55,650] {standard_task_runner.py:79} INFO - Running: ['***', 'tasks', 'run', 'first_dag', 'generate_two_int_task', 'manual__2022-12-11T20:19:09.561108+00:00', '--job-id', '1364', '--raw', '--subdir', 'DAGS_FOLDER/first-dag.py', '--cfg-path', '/tmp/tmphdoc41m7', '--error-file', '/tmp/tmp1f7l0_2c']
[2022-12-11 20:19:55,653] {standard_task_runner.py:80} INFO - Job 1364: Subtask generate_two_int_task
[2022-12-11 20:19:55,819] {task_command.py:369} INFO - Running <TaskInstance: first_dag.generate_two_int_task manual__2022-12-11T20:19:09.561108+00:00 [running]> on host 7e39590a7807
[2022-12-11 20:19:56,064] {taskinstance.py:1571} INFO - Exporting the following env vars:
AIRFLOW_CTX_DAG_OWNER=***
AIRFLOW_CTX_DAG_ID=first_dag
AIRFLOW_CTX_TASK_ID=generate_two_int_task
AIRFLOW_CTX_EXECUTION_DATE=2022-12-11T20:19:09.561108+00:00
AIRFLOW_CTX_TRY_NUMBER=1
AIRFLOW_CTX_DAG_RUN_ID=manual__2022-12-11T20:19:09.561108+00:00
[2022-12-11 20:19:56,119] {python.py:173} INFO - Done. Returned value was: None
[2022-12-11 20:19:56,157] {taskinstance.py:1400} INFO - Marking task as SUCCESS. dag_id=first_dag, task_id=generate_two_int_task, execution_date=20221211T201909, start_date=20221211T201955, end_date=20221211T201956
[2022-12-11 20:19:56,237] {local_task_job.py:156} INFO - Task exited with return code 0
[2022-12-11 20:19:56,426] {local_task_job.py:273} INFO - 1 downstream tasks scheduled from follow-on schedule check
