[2022-12-04 17:06:54,311] {taskinstance.py:1159} INFO - Dependencies all met for <TaskInstance: first_dag.generate_two_int_task manual__2022-12-04T17:06:50.361116+00:00 [queued]>
[2022-12-04 17:06:54,331] {taskinstance.py:1159} INFO - Dependencies all met for <TaskInstance: first_dag.generate_two_int_task manual__2022-12-04T17:06:50.361116+00:00 [queued]>
[2022-12-04 17:06:54,332] {taskinstance.py:1356} INFO - 
--------------------------------------------------------------------------------
[2022-12-04 17:06:54,333] {taskinstance.py:1357} INFO - Starting attempt 1 of 1
[2022-12-04 17:06:54,335] {taskinstance.py:1358} INFO - 
--------------------------------------------------------------------------------
[2022-12-04 17:06:54,355] {taskinstance.py:1377} INFO - Executing <Task(PythonOperator): generate_two_int_task> on 2022-12-04 17:06:50.361116+00:00
[2022-12-04 17:06:54,361] {standard_task_runner.py:52} INFO - Started process 1272 to run task
[2022-12-04 17:06:54,372] {standard_task_runner.py:79} INFO - Running: ['***', 'tasks', 'run', 'first_dag', 'generate_two_int_task', 'manual__2022-12-04T17:06:50.361116+00:00', '--job-id', '191', '--raw', '--subdir', 'DAGS_FOLDER/first-dag.py', '--cfg-path', '/tmp/tmprlvhcrhm', '--error-file', '/tmp/tmpurgnsqo1']
[2022-12-04 17:06:54,375] {standard_task_runner.py:80} INFO - Job 191: Subtask generate_two_int_task
[2022-12-04 17:06:54,472] {task_command.py:369} INFO - Running <TaskInstance: first_dag.generate_two_int_task manual__2022-12-04T17:06:50.361116+00:00 [running]> on host fb90b48d1471
[2022-12-04 17:06:54,584] {taskinstance.py:1571} INFO - Exporting the following env vars:
AIRFLOW_CTX_DAG_OWNER=***
AIRFLOW_CTX_DAG_ID=first_dag
AIRFLOW_CTX_TASK_ID=generate_two_int_task
AIRFLOW_CTX_EXECUTION_DATE=2022-12-04T17:06:50.361116+00:00
AIRFLOW_CTX_TRY_NUMBER=1
AIRFLOW_CTX_DAG_RUN_ID=manual__2022-12-04T17:06:50.361116+00:00
[2022-12-04 17:06:54,604] {logging_mixin.py:115} INFO - /tmp/file.txt
[2022-12-04 17:06:54,605] {taskinstance.py:1889} ERROR - Task failed with exception
Traceback (most recent call last):
  File "/home/airflow/.local/lib/python3.7/site-packages/airflow/operators/python.py", line 171, in execute
    return_value = self.execute_callable()
  File "/home/airflow/.local/lib/python3.7/site-packages/airflow/operators/python.py", line 189, in execute_callable
    return self.python_callable(*self.op_args, **self.op_kwargs)
  File "/opt/airflow/dags/first-dag.py", line 19, in generate_two_number
    file.write(f'\n{generated_numbers(0)} {generated_numbers(1)}')
TypeError: 'tuple' object is not callable
[2022-12-04 17:06:54,623] {taskinstance.py:1400} INFO - Marking task as FAILED. dag_id=first_dag, task_id=generate_two_int_task, execution_date=20221204T170650, start_date=20221204T170654, end_date=20221204T170654
[2022-12-04 17:06:54,639] {standard_task_runner.py:97} ERROR - Failed to execute job 191 for task generate_two_int_task ('tuple' object is not callable; 1272)
[2022-12-04 17:06:54,665] {local_task_job.py:156} INFO - Task exited with return code 1
[2022-12-04 17:06:54,715] {local_task_job.py:273} INFO - 0 downstream tasks scheduled from follow-on schedule check
