[2022-12-11 20:29:47,905] {taskinstance.py:1159} INFO - Dependencies all met for <TaskInstance: first_dag.write_diff_task manual__2022-12-11T20:29:14.809239+00:00 [queued]>
[2022-12-11 20:29:47,960] {taskinstance.py:1159} INFO - Dependencies all met for <TaskInstance: first_dag.write_diff_task manual__2022-12-11T20:29:14.809239+00:00 [queued]>
[2022-12-11 20:29:47,962] {taskinstance.py:1356} INFO - 
--------------------------------------------------------------------------------
[2022-12-11 20:29:47,963] {taskinstance.py:1357} INFO - Starting attempt 1 of 1
[2022-12-11 20:29:47,964] {taskinstance.py:1358} INFO - 
--------------------------------------------------------------------------------
[2022-12-11 20:29:48,036] {taskinstance.py:1377} INFO - Executing <Task(PythonOperator): write_diff_task> on 2022-12-11 20:29:14.809239+00:00
[2022-12-11 20:29:48,050] {standard_task_runner.py:52} INFO - Started process 6034 to run task
[2022-12-11 20:29:48,114] {standard_task_runner.py:79} INFO - Running: ['***', 'tasks', 'run', 'first_dag', 'write_diff_task', 'manual__2022-12-11T20:29:14.809239+00:00', '--job-id', '1460', '--raw', '--subdir', 'DAGS_FOLDER/first-dag.py', '--cfg-path', '/tmp/tmp7s_e9xwx', '--error-file', '/tmp/tmp5ljvu54x']
[2022-12-11 20:29:48,120] {standard_task_runner.py:80} INFO - Job 1460: Subtask write_diff_task
[2022-12-11 20:29:48,307] {task_command.py:369} INFO - Running <TaskInstance: first_dag.write_diff_task manual__2022-12-11T20:29:14.809239+00:00 [running]> on host 7e39590a7807
[2022-12-11 20:29:48,921] {taskinstance.py:1571} INFO - Exporting the following env vars:
AIRFLOW_CTX_DAG_OWNER=***
AIRFLOW_CTX_DAG_ID=first_dag
AIRFLOW_CTX_TASK_ID=write_diff_task
AIRFLOW_CTX_EXECUTION_DATE=2022-12-11T20:29:14.809239+00:00
AIRFLOW_CTX_TRY_NUMBER=1
AIRFLOW_CTX_DAG_RUN_ID=manual__2022-12-11T20:29:14.809239+00:00
[2022-12-11 20:29:49,082] {python.py:173} INFO - Done. Returned value was: None
[2022-12-11 20:29:49,366] {taskinstance.py:1400} INFO - Marking task as SUCCESS. dag_id=first_dag, task_id=write_diff_task, execution_date=20221211T202914, start_date=20221211T202947, end_date=20221211T202949
[2022-12-11 20:29:49,459] {local_task_job.py:156} INFO - Task exited with return code 0
[2022-12-11 20:29:49,842] {local_task_job.py:273} INFO - 1 downstream tasks scheduled from follow-on schedule check
