[2022-12-11 20:00:11,921] {taskinstance.py:1159} INFO - Dependencies all met for <TaskInstance: first_dag.generate_two_int_task manual__2022-12-11T20:00:02.854018+00:00 [queued]>
[2022-12-11 20:00:11,952] {taskinstance.py:1159} INFO - Dependencies all met for <TaskInstance: first_dag.generate_two_int_task manual__2022-12-11T20:00:02.854018+00:00 [queued]>
[2022-12-11 20:00:11,952] {taskinstance.py:1356} INFO - 
--------------------------------------------------------------------------------
[2022-12-11 20:00:11,954] {taskinstance.py:1357} INFO - Starting attempt 1 of 1
[2022-12-11 20:00:11,955] {taskinstance.py:1358} INFO - 
--------------------------------------------------------------------------------
[2022-12-11 20:00:11,990] {taskinstance.py:1377} INFO - Executing <Task(PythonOperator): generate_two_int_task> on 2022-12-11 20:00:02.854018+00:00
[2022-12-11 20:00:11,994] {standard_task_runner.py:52} INFO - Started process 5406 to run task
[2022-12-11 20:00:12,025] {standard_task_runner.py:79} INFO - Running: ['***', 'tasks', 'run', 'first_dag', 'generate_two_int_task', 'manual__2022-12-11T20:00:02.854018+00:00', '--job-id', '1321', '--raw', '--subdir', 'DAGS_FOLDER/first-dag.py', '--cfg-path', '/tmp/tmpdqra13xt', '--error-file', '/tmp/tmpv4k89gwx']
[2022-12-11 20:00:12,039] {standard_task_runner.py:80} INFO - Job 1321: Subtask generate_two_int_task
[2022-12-11 20:00:12,232] {task_command.py:369} INFO - Running <TaskInstance: first_dag.generate_two_int_task manual__2022-12-11T20:00:02.854018+00:00 [running]> on host 7e39590a7807
[2022-12-11 20:00:12,414] {taskinstance.py:1571} INFO - Exporting the following env vars:
AIRFLOW_CTX_DAG_OWNER=***
AIRFLOW_CTX_DAG_ID=first_dag
AIRFLOW_CTX_TASK_ID=generate_two_int_task
AIRFLOW_CTX_EXECUTION_DATE=2022-12-11T20:00:02.854018+00:00
AIRFLOW_CTX_TRY_NUMBER=1
AIRFLOW_CTX_DAG_RUN_ID=manual__2022-12-11T20:00:02.854018+00:00
[2022-12-11 20:00:12,448] {python.py:173} INFO - Done. Returned value was: None
[2022-12-11 20:00:12,527] {taskinstance.py:1400} INFO - Marking task as SUCCESS. dag_id=first_dag, task_id=generate_two_int_task, execution_date=20221211T200002, start_date=20221211T200011, end_date=20221211T200012
[2022-12-11 20:00:12,640] {local_task_job.py:156} INFO - Task exited with return code 0
[2022-12-11 20:00:12,721] {local_task_job.py:273} INFO - 1 downstream tasks scheduled from follow-on schedule check
