[2022-12-04 16:42:18,494] {taskinstance.py:1159} INFO - Dependencies all met for <TaskInstance: first_dag.hello_task scheduled__2022-02-01T00:00:00+00:00 [queued]>
[2022-12-04 16:42:18,727] {taskinstance.py:1159} INFO - Dependencies all met for <TaskInstance: first_dag.hello_task scheduled__2022-02-01T00:00:00+00:00 [queued]>
[2022-12-04 16:42:18,728] {taskinstance.py:1356} INFO - 
--------------------------------------------------------------------------------
[2022-12-04 16:42:18,736] {taskinstance.py:1357} INFO - Starting attempt 1 of 1
[2022-12-04 16:42:18,741] {taskinstance.py:1358} INFO - 
--------------------------------------------------------------------------------
[2022-12-04 16:42:19,183] {taskinstance.py:1377} INFO - Executing <Task(BashOperator): hello_task> on 2022-02-01 00:00:00+00:00
[2022-12-04 16:42:19,226] {standard_task_runner.py:52} INFO - Started process 922 to run task
[2022-12-04 16:42:19,351] {standard_task_runner.py:79} INFO - Running: ['***', 'tasks', 'run', 'first_dag', 'hello_task', 'scheduled__2022-02-01T00:00:00+00:00', '--job-id', '164', '--raw', '--subdir', 'DAGS_FOLDER/first-dag.py', '--cfg-path', '/tmp/tmp2orahfpt', '--error-file', '/tmp/tmptmd_b7qb']
[2022-12-04 16:42:19,396] {standard_task_runner.py:80} INFO - Job 164: Subtask hello_task
[2022-12-04 16:42:20,158] {task_command.py:369} INFO - Running <TaskInstance: first_dag.hello_task scheduled__2022-02-01T00:00:00+00:00 [running]> on host fb90b48d1471
[2022-12-04 16:42:20,848] {taskinstance.py:1571} INFO - Exporting the following env vars:
AIRFLOW_CTX_DAG_OWNER=***
AIRFLOW_CTX_DAG_ID=first_dag
AIRFLOW_CTX_TASK_ID=hello_task
AIRFLOW_CTX_EXECUTION_DATE=2022-02-01T00:00:00+00:00
AIRFLOW_CTX_TRY_NUMBER=1
AIRFLOW_CTX_DAG_RUN_ID=scheduled__2022-02-01T00:00:00+00:00
[2022-12-04 16:42:20,854] {subprocess.py:62} INFO - Tmp dir root location: 
 /tmp
[2022-12-04 16:42:20,866] {subprocess.py:74} INFO - Running command: ['bash', '-c', 'echo hello']
[2022-12-04 16:42:20,936] {subprocess.py:85} INFO - Output:
[2022-12-04 16:42:20,955] {subprocess.py:92} INFO - hello
[2022-12-04 16:42:20,962] {subprocess.py:96} INFO - Command exited with return code 0
[2022-12-04 16:42:21,108] {taskinstance.py:1400} INFO - Marking task as SUCCESS. dag_id=first_dag, task_id=hello_task, execution_date=20220201T000000, start_date=20221204T164218, end_date=20221204T164221
[2022-12-04 16:42:21,172] {local_task_job.py:156} INFO - Task exited with return code 0
[2022-12-04 16:42:21,414] {local_task_job.py:273} INFO - 1 downstream tasks scheduled from follow-on schedule check
