[2022-12-04 16:41:47,496] {taskinstance.py:1159} INFO - Dependencies all met for <TaskInstance: first_dag.hello_task scheduled__2022-01-20T00:00:00+00:00 [queued]>
[2022-12-04 16:41:47,570] {taskinstance.py:1159} INFO - Dependencies all met for <TaskInstance: first_dag.hello_task scheduled__2022-01-20T00:00:00+00:00 [queued]>
[2022-12-04 16:41:47,572] {taskinstance.py:1356} INFO - 
--------------------------------------------------------------------------------
[2022-12-04 16:41:47,573] {taskinstance.py:1357} INFO - Starting attempt 1 of 1
[2022-12-04 16:41:47,575] {taskinstance.py:1358} INFO - 
--------------------------------------------------------------------------------
[2022-12-04 16:41:47,787] {taskinstance.py:1377} INFO - Executing <Task(BashOperator): hello_task> on 2022-01-20 00:00:00+00:00
[2022-12-04 16:41:47,815] {standard_task_runner.py:52} INFO - Started process 854 to run task
[2022-12-04 16:41:47,863] {standard_task_runner.py:79} INFO - Running: ['***', 'tasks', 'run', 'first_dag', 'hello_task', 'scheduled__2022-01-20T00:00:00+00:00', '--job-id', '139', '--raw', '--subdir', 'DAGS_FOLDER/first-dag.py', '--cfg-path', '/tmp/tmpuemhdmyz', '--error-file', '/tmp/tmpbgngyqxo']
[2022-12-04 16:41:47,874] {standard_task_runner.py:80} INFO - Job 139: Subtask hello_task
[2022-12-04 16:41:48,551] {task_command.py:369} INFO - Running <TaskInstance: first_dag.hello_task scheduled__2022-01-20T00:00:00+00:00 [running]> on host fb90b48d1471
[2022-12-04 16:41:49,480] {taskinstance.py:1571} INFO - Exporting the following env vars:
AIRFLOW_CTX_DAG_OWNER=***
AIRFLOW_CTX_DAG_ID=first_dag
AIRFLOW_CTX_TASK_ID=hello_task
AIRFLOW_CTX_EXECUTION_DATE=2022-01-20T00:00:00+00:00
AIRFLOW_CTX_TRY_NUMBER=1
AIRFLOW_CTX_DAG_RUN_ID=scheduled__2022-01-20T00:00:00+00:00
[2022-12-04 16:41:49,489] {subprocess.py:62} INFO - Tmp dir root location: 
 /tmp
[2022-12-04 16:41:49,502] {subprocess.py:74} INFO - Running command: ['bash', '-c', 'echo hello']
[2022-12-04 16:41:49,705] {subprocess.py:85} INFO - Output:
[2022-12-04 16:41:49,835] {subprocess.py:92} INFO - hello
[2022-12-04 16:41:49,842] {subprocess.py:96} INFO - Command exited with return code 0
[2022-12-04 16:41:50,153] {taskinstance.py:1400} INFO - Marking task as SUCCESS. dag_id=first_dag, task_id=hello_task, execution_date=20220120T000000, start_date=20221204T164147, end_date=20221204T164150
[2022-12-04 16:41:50,300] {local_task_job.py:156} INFO - Task exited with return code 0
[2022-12-04 16:41:50,489] {local_task_job.py:273} INFO - 1 downstream tasks scheduled from follow-on schedule check
