[2022-12-11 14:36:03,544] {taskinstance.py:1159} INFO - Dependencies all met for <TaskInstance: first_dag.generate_two_int_task scheduled__2022-12-11T14:35:00+00:00 [queued]>
[2022-12-11 14:36:03,559] {taskinstance.py:1159} INFO - Dependencies all met for <TaskInstance: first_dag.generate_two_int_task scheduled__2022-12-11T14:35:00+00:00 [queued]>
[2022-12-11 14:36:03,561] {taskinstance.py:1356} INFO - 
--------------------------------------------------------------------------------
[2022-12-11 14:36:03,562] {taskinstance.py:1357} INFO - Starting attempt 1 of 1
[2022-12-11 14:36:03,564] {taskinstance.py:1358} INFO - 
--------------------------------------------------------------------------------
[2022-12-11 14:36:03,595] {taskinstance.py:1377} INFO - Executing <Task(PythonOperator): generate_two_int_task> on 2022-12-11 14:35:00+00:00
[2022-12-11 14:36:03,600] {standard_task_runner.py:52} INFO - Started process 972 to run task
[2022-12-11 14:36:03,607] {standard_task_runner.py:79} INFO - Running: ['***', 'tasks', 'run', 'first_dag', 'generate_two_int_task', 'scheduled__2022-12-11T14:35:00+00:00', '--job-id', '519', '--raw', '--subdir', 'DAGS_FOLDER/first-dag.py', '--cfg-path', '/tmp/tmpgwvjskhn', '--error-file', '/tmp/tmpt16lvo7d']
[2022-12-11 14:36:03,609] {standard_task_runner.py:80} INFO - Job 519: Subtask generate_two_int_task
[2022-12-11 14:36:03,718] {task_command.py:369} INFO - Running <TaskInstance: first_dag.generate_two_int_task scheduled__2022-12-11T14:35:00+00:00 [running]> on host 7e39590a7807
[2022-12-11 14:36:03,888] {taskinstance.py:1571} INFO - Exporting the following env vars:
AIRFLOW_CTX_DAG_OWNER=***
AIRFLOW_CTX_DAG_ID=first_dag
AIRFLOW_CTX_TASK_ID=generate_two_int_task
AIRFLOW_CTX_EXECUTION_DATE=2022-12-11T14:35:00+00:00
AIRFLOW_CTX_TRY_NUMBER=1
AIRFLOW_CTX_DAG_RUN_ID=scheduled__2022-12-11T14:35:00+00:00
[2022-12-11 14:36:03,935] {python.py:173} INFO - Done. Returned value was: None
[2022-12-11 14:36:03,967] {taskinstance.py:1400} INFO - Marking task as SUCCESS. dag_id=first_dag, task_id=generate_two_int_task, execution_date=20221211T143500, start_date=20221211T143603, end_date=20221211T143603
[2022-12-11 14:36:04,038] {local_task_job.py:156} INFO - Task exited with return code 0
[2022-12-11 14:36:04,190] {local_task_job.py:273} INFO - 1 downstream tasks scheduled from follow-on schedule check
