[2022-12-12 05:14:17,027] {taskinstance.py:1159} INFO - Dependencies all met for <TaskInstance: first_dag.branch_operator manual__2022-12-12T05:13:33.076186+00:00 [queued]>
[2022-12-12 05:14:17,055] {taskinstance.py:1159} INFO - Dependencies all met for <TaskInstance: first_dag.branch_operator manual__2022-12-12T05:13:33.076186+00:00 [queued]>
[2022-12-12 05:14:17,056] {taskinstance.py:1356} INFO - 
--------------------------------------------------------------------------------
[2022-12-12 05:14:17,057] {taskinstance.py:1357} INFO - Starting attempt 1 of 1
[2022-12-12 05:14:17,058] {taskinstance.py:1358} INFO - 
--------------------------------------------------------------------------------
[2022-12-12 05:14:17,077] {taskinstance.py:1377} INFO - Executing <Task(BranchPythonOperator): branch_operator> on 2022-12-12 05:13:33.076186+00:00
[2022-12-12 05:14:17,085] {standard_task_runner.py:52} INFO - Started process 7584 to run task
[2022-12-12 05:14:17,090] {standard_task_runner.py:79} INFO - Running: ['***', 'tasks', 'run', 'first_dag', 'branch_operator', 'manual__2022-12-12T05:13:33.076186+00:00', '--job-id', '1613', '--raw', '--subdir', 'DAGS_FOLDER/first-dag.py', '--cfg-path', '/tmp/tmp0ko4t60z', '--error-file', '/tmp/tmpew974625']
[2022-12-12 05:14:17,093] {standard_task_runner.py:80} INFO - Job 1613: Subtask branch_operator
[2022-12-12 05:14:17,180] {task_command.py:369} INFO - Running <TaskInstance: first_dag.branch_operator manual__2022-12-12T05:13:33.076186+00:00 [running]> on host 7e39590a7807
[2022-12-12 05:14:17,303] {taskinstance.py:1571} INFO - Exporting the following env vars:
AIRFLOW_CTX_DAG_OWNER=***
AIRFLOW_CTX_DAG_ID=first_dag
AIRFLOW_CTX_TASK_ID=branch_operator
AIRFLOW_CTX_EXECUTION_DATE=2022-12-12T05:13:33.076186+00:00
AIRFLOW_CTX_TRY_NUMBER=1
AIRFLOW_CTX_DAG_RUN_ID=manual__2022-12-12T05:13:33.076186+00:00
[2022-12-12 05:14:17,329] {python.py:173} INFO - Done. Returned value was: create_task_table
[2022-12-12 05:14:17,330] {skipmixin.py:140} INFO - Following branch create_task_table
[2022-12-12 05:14:17,331] {skipmixin.py:175} INFO - Skipping tasks ['bash_error']
[2022-12-12 05:14:17,414] {taskinstance.py:1400} INFO - Marking task as SUCCESS. dag_id=first_dag, task_id=branch_operator, execution_date=20221212T051333, start_date=20221212T051417, end_date=20221212T051417
[2022-12-12 05:14:17,470] {local_task_job.py:156} INFO - Task exited with return code 0
[2022-12-12 05:14:17,545] {local_task_job.py:273} INFO - 1 downstream tasks scheduled from follow-on schedule check
