[2022-12-04 19:20:40,568] {taskinstance.py:1159} INFO - Dependencies all met for <TaskInstance: first_dag.world manual__2022-12-04T19:20:34.067265+00:00 [queued]>
[2022-12-04 19:20:40,589] {taskinstance.py:1159} INFO - Dependencies all met for <TaskInstance: first_dag.world manual__2022-12-04T19:20:34.067265+00:00 [queued]>
[2022-12-04 19:20:40,590] {taskinstance.py:1356} INFO - 
--------------------------------------------------------------------------------
[2022-12-04 19:20:40,592] {taskinstance.py:1357} INFO - Starting attempt 1 of 1
[2022-12-04 19:20:40,593] {taskinstance.py:1358} INFO - 
--------------------------------------------------------------------------------
[2022-12-04 19:20:40,617] {taskinstance.py:1377} INFO - Executing <Task(PythonOperator): world> on 2022-12-04 19:20:34.067265+00:00
[2022-12-04 19:20:40,627] {standard_task_runner.py:52} INFO - Started process 288 to run task
[2022-12-04 19:20:40,632] {standard_task_runner.py:79} INFO - Running: ['***', 'tasks', 'run', 'first_dag', 'world', 'manual__2022-12-04T19:20:34.067265+00:00', '--job-id', '247', '--raw', '--subdir', 'DAGS_FOLDER/first-dag.py', '--cfg-path', '/tmp/tmplqtbrc7l', '--error-file', '/tmp/tmpb05od5wb']
[2022-12-04 19:20:40,635] {standard_task_runner.py:80} INFO - Job 247: Subtask world
[2022-12-04 19:20:40,718] {task_command.py:369} INFO - Running <TaskInstance: first_dag.world manual__2022-12-04T19:20:34.067265+00:00 [running]> on host 4393b4454aa8
[2022-12-04 19:20:40,831] {taskinstance.py:1571} INFO - Exporting the following env vars:
AIRFLOW_CTX_DAG_OWNER=***
AIRFLOW_CTX_DAG_ID=first_dag
AIRFLOW_CTX_TASK_ID=world
AIRFLOW_CTX_EXECUTION_DATE=2022-12-04T19:20:34.067265+00:00
AIRFLOW_CTX_TRY_NUMBER=1
AIRFLOW_CTX_DAG_RUN_ID=manual__2022-12-04T19:20:34.067265+00:00
[2022-12-04 19:20:40,833] {logging_mixin.py:115} INFO - Airflow
[2022-12-04 19:20:40,833] {python.py:173} INFO - Done. Returned value was: None
[2022-12-04 19:20:40,861] {taskinstance.py:1400} INFO - Marking task as SUCCESS. dag_id=first_dag, task_id=world, execution_date=20221204T192034, start_date=20221204T192040, end_date=20221204T192040
[2022-12-04 19:20:40,930] {local_task_job.py:156} INFO - Task exited with return code 0
[2022-12-04 19:20:40,999] {local_task_job.py:273} INFO - 1 downstream tasks scheduled from follow-on schedule check
