[2022-12-11 20:38:03,910] {taskinstance.py:1159} INFO - Dependencies all met for <TaskInstance: first_dag.generate_two_int_task manual__2022-12-11T20:37:47.868656+00:00 [queued]>
[2022-12-11 20:38:03,975] {taskinstance.py:1159} INFO - Dependencies all met for <TaskInstance: first_dag.generate_two_int_task manual__2022-12-11T20:37:47.868656+00:00 [queued]>
[2022-12-11 20:38:03,983] {taskinstance.py:1356} INFO - 
--------------------------------------------------------------------------------
[2022-12-11 20:38:03,985] {taskinstance.py:1357} INFO - Starting attempt 1 of 1
[2022-12-11 20:38:03,986] {taskinstance.py:1358} INFO - 
--------------------------------------------------------------------------------
[2022-12-11 20:38:04,058] {taskinstance.py:1377} INFO - Executing <Task(PythonOperator): generate_two_int_task> on 2022-12-11 20:37:47.868656+00:00
[2022-12-11 20:38:04,107] {standard_task_runner.py:52} INFO - Started process 6169 to run task
[2022-12-11 20:38:04,197] {standard_task_runner.py:79} INFO - Running: ['***', 'tasks', 'run', 'first_dag', 'generate_two_int_task', 'manual__2022-12-11T20:37:47.868656+00:00', '--job-id', '1483', '--raw', '--subdir', 'DAGS_FOLDER/first-dag.py', '--cfg-path', '/tmp/tmpxpxszgrj', '--error-file', '/tmp/tmpr_g3a7_p']
[2022-12-11 20:38:04,221] {standard_task_runner.py:80} INFO - Job 1483: Subtask generate_two_int_task
[2022-12-11 20:38:11,701] {task_command.py:369} INFO - Running <TaskInstance: first_dag.generate_two_int_task manual__2022-12-11T20:37:47.868656+00:00 [running]> on host 7e39590a7807
[2022-12-11 20:38:20,791] {taskinstance.py:1571} INFO - Exporting the following env vars:
AIRFLOW_CTX_DAG_OWNER=***
AIRFLOW_CTX_DAG_ID=first_dag
AIRFLOW_CTX_TASK_ID=generate_two_int_task
AIRFLOW_CTX_EXECUTION_DATE=2022-12-11T20:37:47.868656+00:00
AIRFLOW_CTX_TRY_NUMBER=1
AIRFLOW_CTX_DAG_RUN_ID=manual__2022-12-11T20:37:47.868656+00:00
[2022-12-11 20:38:22,350] {python.py:173} INFO - Done. Returned value was: None
[2022-12-11 20:38:23,657] {taskinstance.py:1400} INFO - Marking task as SUCCESS. dag_id=first_dag, task_id=generate_two_int_task, execution_date=20221211T203747, start_date=20221211T203803, end_date=20221211T203823
[2022-12-11 20:38:32,782] {local_task_job.py:156} INFO - Task exited with return code 0
[2022-12-11 20:38:33,790] {local_task_job.py:273} INFO - 1 downstream tasks scheduled from follow-on schedule check
