[2022-12-11 14:34:01,371] {taskinstance.py:1159} INFO - Dependencies all met for <TaskInstance: first_dag.hello_task scheduled__2022-12-11T14:33:00+00:00 [queued]>
[2022-12-11 14:34:01,391] {taskinstance.py:1159} INFO - Dependencies all met for <TaskInstance: first_dag.hello_task scheduled__2022-12-11T14:33:00+00:00 [queued]>
[2022-12-11 14:34:01,392] {taskinstance.py:1356} INFO - 
--------------------------------------------------------------------------------
[2022-12-11 14:34:01,393] {taskinstance.py:1357} INFO - Starting attempt 1 of 1
[2022-12-11 14:34:01,394] {taskinstance.py:1358} INFO - 
--------------------------------------------------------------------------------
[2022-12-11 14:34:01,414] {taskinstance.py:1377} INFO - Executing <Task(BashOperator): hello_task> on 2022-12-11 14:33:00+00:00
[2022-12-11 14:34:01,419] {standard_task_runner.py:52} INFO - Started process 909 to run task
[2022-12-11 14:34:01,427] {standard_task_runner.py:79} INFO - Running: ['***', 'tasks', 'run', 'first_dag', 'hello_task', 'scheduled__2022-12-11T14:33:00+00:00', '--job-id', '502', '--raw', '--subdir', 'DAGS_FOLDER/first-dag.py', '--cfg-path', '/tmp/tmpnwl258p7', '--error-file', '/tmp/tmp_u6393we']
[2022-12-11 14:34:01,430] {standard_task_runner.py:80} INFO - Job 502: Subtask hello_task
[2022-12-11 14:34:01,571] {task_command.py:369} INFO - Running <TaskInstance: first_dag.hello_task scheduled__2022-12-11T14:33:00+00:00 [running]> on host 7e39590a7807
[2022-12-11 14:34:01,694] {taskinstance.py:1571} INFO - Exporting the following env vars:
AIRFLOW_CTX_DAG_OWNER=***
AIRFLOW_CTX_DAG_ID=first_dag
AIRFLOW_CTX_TASK_ID=hello_task
AIRFLOW_CTX_EXECUTION_DATE=2022-12-11T14:33:00+00:00
AIRFLOW_CTX_TRY_NUMBER=1
AIRFLOW_CTX_DAG_RUN_ID=scheduled__2022-12-11T14:33:00+00:00
[2022-12-11 14:34:01,698] {subprocess.py:62} INFO - Tmp dir root location: 
 /tmp
[2022-12-11 14:34:01,700] {subprocess.py:74} INFO - Running command: ['bash', '-c', 'echo hello']
[2022-12-11 14:34:01,718] {subprocess.py:85} INFO - Output:
[2022-12-11 14:34:01,722] {subprocess.py:92} INFO - hello
[2022-12-11 14:34:01,723] {subprocess.py:96} INFO - Command exited with return code 0
[2022-12-11 14:34:01,788] {taskinstance.py:1400} INFO - Marking task as SUCCESS. dag_id=first_dag, task_id=hello_task, execution_date=20221211T143300, start_date=20221211T143401, end_date=20221211T143401
[2022-12-11 14:34:01,851] {local_task_job.py:156} INFO - Task exited with return code 0
[2022-12-11 14:34:01,954] {local_task_job.py:273} INFO - 1 downstream tasks scheduled from follow-on schedule check
