[2022-12-11 16:09:42,830] {taskinstance.py:1159} INFO - Dependencies all met for <TaskInstance: first_dag.hello_task scheduled__2022-12-11T15:38:00+00:00 [queued]>
[2022-12-11 16:09:42,901] {taskinstance.py:1159} INFO - Dependencies all met for <TaskInstance: first_dag.hello_task scheduled__2022-12-11T15:38:00+00:00 [queued]>
[2022-12-11 16:09:42,903] {taskinstance.py:1356} INFO - 
--------------------------------------------------------------------------------
[2022-12-11 16:09:42,904] {taskinstance.py:1357} INFO - Starting attempt 1 of 1
[2022-12-11 16:09:42,908] {taskinstance.py:1358} INFO - 
--------------------------------------------------------------------------------
[2022-12-11 16:09:42,985] {taskinstance.py:1377} INFO - Executing <Task(BashOperator): hello_task> on 2022-12-11 15:38:00+00:00
[2022-12-11 16:09:43,003] {standard_task_runner.py:52} INFO - Started process 2848 to run task
[2022-12-11 16:09:43,037] {standard_task_runner.py:79} INFO - Running: ['***', 'tasks', 'run', 'first_dag', 'hello_task', 'scheduled__2022-12-11T15:38:00+00:00', '--job-id', '972', '--raw', '--subdir', 'DAGS_FOLDER/first-dag.py', '--cfg-path', '/tmp/tmp5m94i9gw', '--error-file', '/tmp/tmp3y6o5zz0']
[2022-12-11 16:09:43,072] {standard_task_runner.py:80} INFO - Job 972: Subtask hello_task
[2022-12-11 16:09:43,907] {task_command.py:369} INFO - Running <TaskInstance: first_dag.hello_task scheduled__2022-12-11T15:38:00+00:00 [running]> on host 7e39590a7807
[2022-12-11 16:09:44,313] {taskinstance.py:1571} INFO - Exporting the following env vars:
AIRFLOW_CTX_DAG_OWNER=***
AIRFLOW_CTX_DAG_ID=first_dag
AIRFLOW_CTX_TASK_ID=hello_task
AIRFLOW_CTX_EXECUTION_DATE=2022-12-11T15:38:00+00:00
AIRFLOW_CTX_TRY_NUMBER=1
AIRFLOW_CTX_DAG_RUN_ID=scheduled__2022-12-11T15:38:00+00:00
[2022-12-11 16:09:44,320] {subprocess.py:62} INFO - Tmp dir root location: 
 /tmp
[2022-12-11 16:09:44,322] {subprocess.py:74} INFO - Running command: ['bash', '-c', 'echo hello']
[2022-12-11 16:09:44,355] {subprocess.py:85} INFO - Output:
[2022-12-11 16:09:44,383] {subprocess.py:92} INFO - hello
[2022-12-11 16:09:44,385] {subprocess.py:96} INFO - Command exited with return code 0
[2022-12-11 16:09:44,655] {taskinstance.py:1400} INFO - Marking task as SUCCESS. dag_id=first_dag, task_id=hello_task, execution_date=20221211T153800, start_date=20221211T160942, end_date=20221211T160944
[2022-12-11 16:09:44,819] {local_task_job.py:156} INFO - Task exited with return code 0
[2022-12-11 16:09:45,271] {local_task_job.py:273} INFO - 0 downstream tasks scheduled from follow-on schedule check
