[2022-12-11 19:44:13,728] {taskinstance.py:1159} INFO - Dependencies all met for <TaskInstance: first_dag.world manual__2022-12-11T19:44:11.012625+00:00 [queued]>
[2022-12-11 19:44:13,744] {taskinstance.py:1159} INFO - Dependencies all met for <TaskInstance: first_dag.world manual__2022-12-11T19:44:11.012625+00:00 [queued]>
[2022-12-11 19:44:13,745] {taskinstance.py:1356} INFO - 
--------------------------------------------------------------------------------
[2022-12-11 19:44:13,747] {taskinstance.py:1357} INFO - Starting attempt 1 of 1
[2022-12-11 19:44:13,749] {taskinstance.py:1358} INFO - 
--------------------------------------------------------------------------------
[2022-12-11 19:44:13,775] {taskinstance.py:1377} INFO - Executing <Task(PythonOperator): world> on 2022-12-11 19:44:11.012625+00:00
[2022-12-11 19:44:13,781] {standard_task_runner.py:52} INFO - Started process 5083 to run task
[2022-12-11 19:44:13,788] {standard_task_runner.py:79} INFO - Running: ['***', 'tasks', 'run', 'first_dag', 'world', 'manual__2022-12-11T19:44:11.012625+00:00', '--job-id', '1257', '--raw', '--subdir', 'DAGS_FOLDER/first-dag.py', '--cfg-path', '/tmp/tmp4zqxvnyz', '--error-file', '/tmp/tmpzdl7uc88']
[2022-12-11 19:44:13,791] {standard_task_runner.py:80} INFO - Job 1257: Subtask world
[2022-12-11 19:44:13,873] {task_command.py:369} INFO - Running <TaskInstance: first_dag.world manual__2022-12-11T19:44:11.012625+00:00 [running]> on host 7e39590a7807
[2022-12-11 19:44:13,968] {taskinstance.py:1571} INFO - Exporting the following env vars:
AIRFLOW_CTX_DAG_OWNER=***
AIRFLOW_CTX_DAG_ID=first_dag
AIRFLOW_CTX_TASK_ID=world
AIRFLOW_CTX_EXECUTION_DATE=2022-12-11T19:44:11.012625+00:00
AIRFLOW_CTX_TRY_NUMBER=1
AIRFLOW_CTX_DAG_RUN_ID=manual__2022-12-11T19:44:11.012625+00:00
[2022-12-11 19:44:13,972] {logging_mixin.py:115} INFO - Airflow
[2022-12-11 19:44:13,973] {python.py:173} INFO - Done. Returned value was: None
[2022-12-11 19:44:13,993] {taskinstance.py:1400} INFO - Marking task as SUCCESS. dag_id=first_dag, task_id=world, execution_date=20221211T194411, start_date=20221211T194413, end_date=20221211T194413
[2022-12-11 19:44:14,040] {local_task_job.py:156} INFO - Task exited with return code 0
[2022-12-11 19:44:14,106] {local_task_job.py:273} INFO - 1 downstream tasks scheduled from follow-on schedule check
