[2022-12-04 18:39:03,320] {taskinstance.py:1159} INFO - Dependencies all met for <TaskInstance: first_dag.generate_two_int_task manual__2022-12-04T18:38:58.466068+00:00 [queued]>
[2022-12-04 18:39:03,333] {taskinstance.py:1159} INFO - Dependencies all met for <TaskInstance: first_dag.generate_two_int_task manual__2022-12-04T18:38:58.466068+00:00 [queued]>
[2022-12-04 18:39:03,334] {taskinstance.py:1356} INFO - 
--------------------------------------------------------------------------------
[2022-12-04 18:39:03,335] {taskinstance.py:1357} INFO - Starting attempt 1 of 1
[2022-12-04 18:39:03,336] {taskinstance.py:1358} INFO - 
--------------------------------------------------------------------------------
[2022-12-04 18:39:03,357] {taskinstance.py:1377} INFO - Executing <Task(PythonOperator): generate_two_int_task> on 2022-12-04 18:38:58.466068+00:00
[2022-12-04 18:39:03,368] {standard_task_runner.py:52} INFO - Started process 2078 to run task
[2022-12-04 18:39:03,374] {standard_task_runner.py:79} INFO - Running: ['***', 'tasks', 'run', 'first_dag', 'generate_two_int_task', 'manual__2022-12-04T18:38:58.466068+00:00', '--job-id', '230', '--raw', '--subdir', 'DAGS_FOLDER/first-dag.py', '--cfg-path', '/tmp/tmp1k8kukrk', '--error-file', '/tmp/tmp_wzutb0_']
[2022-12-04 18:39:03,376] {standard_task_runner.py:80} INFO - Job 230: Subtask generate_two_int_task
[2022-12-04 18:39:03,466] {task_command.py:369} INFO - Running <TaskInstance: first_dag.generate_two_int_task manual__2022-12-04T18:38:58.466068+00:00 [running]> on host fb90b48d1471
[2022-12-04 18:39:03,582] {taskinstance.py:1571} INFO - Exporting the following env vars:
AIRFLOW_CTX_DAG_OWNER=***
AIRFLOW_CTX_DAG_ID=first_dag
AIRFLOW_CTX_TASK_ID=generate_two_int_task
AIRFLOW_CTX_EXECUTION_DATE=2022-12-04T18:38:58.466068+00:00
AIRFLOW_CTX_TRY_NUMBER=1
AIRFLOW_CTX_DAG_RUN_ID=manual__2022-12-04T18:38:58.466068+00:00
[2022-12-04 18:39:03,604] {python.py:173} INFO - Done. Returned value was: None
[2022-12-04 18:39:03,630] {taskinstance.py:1400} INFO - Marking task as SUCCESS. dag_id=first_dag, task_id=generate_two_int_task, execution_date=20221204T183858, start_date=20221204T183903, end_date=20221204T183903
[2022-12-04 18:39:03,671] {local_task_job.py:156} INFO - Task exited with return code 0
[2022-12-04 18:39:03,720] {local_task_job.py:273} INFO - 1 downstream tasks scheduled from follow-on schedule check
