[2022-12-11 14:35:37,947] {taskinstance.py:1159} INFO - Dependencies all met for <TaskInstance: first_dag.sum_column_task manual__2022-12-11T14:35:33.520021+00:00 [queued]>
[2022-12-11 14:35:37,963] {taskinstance.py:1159} INFO - Dependencies all met for <TaskInstance: first_dag.sum_column_task manual__2022-12-11T14:35:33.520021+00:00 [queued]>
[2022-12-11 14:35:37,964] {taskinstance.py:1356} INFO - 
--------------------------------------------------------------------------------
[2022-12-11 14:35:37,965] {taskinstance.py:1357} INFO - Starting attempt 1 of 1
[2022-12-11 14:35:37,966] {taskinstance.py:1358} INFO - 
--------------------------------------------------------------------------------
[2022-12-11 14:35:37,986] {taskinstance.py:1377} INFO - Executing <Task(PythonOperator): sum_column_task> on 2022-12-11 14:35:33.520021+00:00
[2022-12-11 14:35:37,994] {standard_task_runner.py:52} INFO - Started process 958 to run task
[2022-12-11 14:35:38,003] {standard_task_runner.py:79} INFO - Running: ['***', 'tasks', 'run', 'first_dag', 'sum_column_task', 'manual__2022-12-11T14:35:33.520021+00:00', '--job-id', '515', '--raw', '--subdir', 'DAGS_FOLDER/first-dag.py', '--cfg-path', '/tmp/tmp7_rqj5iz', '--error-file', '/tmp/tmp2h_jfwe8']
[2022-12-11 14:35:38,005] {standard_task_runner.py:80} INFO - Job 515: Subtask sum_column_task
[2022-12-11 14:35:38,087] {task_command.py:369} INFO - Running <TaskInstance: first_dag.sum_column_task manual__2022-12-11T14:35:33.520021+00:00 [running]> on host 7e39590a7807
[2022-12-11 14:35:38,183] {taskinstance.py:1571} INFO - Exporting the following env vars:
AIRFLOW_CTX_DAG_OWNER=***
AIRFLOW_CTX_DAG_ID=first_dag
AIRFLOW_CTX_TASK_ID=sum_column_task
AIRFLOW_CTX_EXECUTION_DATE=2022-12-11T14:35:33.520021+00:00
AIRFLOW_CTX_TRY_NUMBER=1
AIRFLOW_CTX_DAG_RUN_ID=manual__2022-12-11T14:35:33.520021+00:00
[2022-12-11 14:35:38,202] {python.py:173} INFO - Done. Returned value was: -447707
[2022-12-11 14:35:38,246] {taskinstance.py:1400} INFO - Marking task as SUCCESS. dag_id=first_dag, task_id=sum_column_task, execution_date=20221211T143533, start_date=20221211T143537, end_date=20221211T143538
[2022-12-11 14:35:38,294] {local_task_job.py:156} INFO - Task exited with return code 0
[2022-12-11 14:35:38,348] {local_task_job.py:273} INFO - 1 downstream tasks scheduled from follow-on schedule check
