[2022-12-11 17:37:24,847] {taskinstance.py:1159} INFO - Dependencies all met for <TaskInstance: first_dag.wait_for_file scheduled__2022-12-11T17:21:00+00:00 [queued]>
[2022-12-11 17:37:24,961] {taskinstance.py:1159} INFO - Dependencies all met for <TaskInstance: first_dag.wait_for_file scheduled__2022-12-11T17:21:00+00:00 [queued]>
[2022-12-11 17:37:24,969] {taskinstance.py:1356} INFO - 
--------------------------------------------------------------------------------
[2022-12-11 17:37:24,981] {taskinstance.py:1357} INFO - Starting attempt 1 of 1
[2022-12-11 17:37:24,985] {taskinstance.py:1358} INFO - 
--------------------------------------------------------------------------------
[2022-12-11 17:37:25,028] {taskinstance.py:1377} INFO - Executing <Task(PythonSensor): wait_for_file> on 2022-12-11 17:21:00+00:00
[2022-12-11 17:37:25,038] {standard_task_runner.py:52} INFO - Started process 3863 to run task
[2022-12-11 17:37:25,062] {standard_task_runner.py:79} INFO - Running: ['***', 'tasks', 'run', 'first_dag', 'wait_for_file', 'scheduled__2022-12-11T17:21:00+00:00', '--job-id', '1113', '--raw', '--subdir', 'DAGS_FOLDER/first-dag.py', '--cfg-path', '/tmp/tmprehgljx9', '--error-file', '/tmp/tmpxvn0knbk']
[2022-12-11 17:37:25,065] {standard_task_runner.py:80} INFO - Job 1113: Subtask wait_for_file
[2022-12-11 17:37:25,256] {task_command.py:369} INFO - Running <TaskInstance: first_dag.wait_for_file scheduled__2022-12-11T17:21:00+00:00 [running]> on host 7e39590a7807
[2022-12-11 17:37:25,674] {taskinstance.py:1571} INFO - Exporting the following env vars:
AIRFLOW_CTX_DAG_OWNER=***
AIRFLOW_CTX_DAG_ID=first_dag
AIRFLOW_CTX_TASK_ID=wait_for_file
AIRFLOW_CTX_EXECUTION_DATE=2022-12-11T17:21:00+00:00
AIRFLOW_CTX_TRY_NUMBER=1
AIRFLOW_CTX_DAG_RUN_ID=scheduled__2022-12-11T17:21:00+00:00
[2022-12-11 17:37:25,681] {python.py:66} INFO - Poking callable: <function _wait_for_file at 0x7f6cec9b8c20>
[2022-12-11 17:37:25,781] {logging_mixin.py:115} INFO - _wait_for_file True
[2022-12-11 17:37:25,783] {logging_mixin.py:115} INFO - total attempt 0
[2022-12-11 17:43:07,762] {python.py:66} INFO - Poking callable: <function _wait_for_file at 0x7f6cec9b8c20>
[2022-12-11 17:43:14,434] {logging_mixin.py:115} INFO - _wait_for_file True
[2022-12-11 17:43:14,442] {logging_mixin.py:115} INFO - total attempt 0
[2022-12-11 17:44:14,444] {python.py:66} INFO - Poking callable: <function _wait_for_file at 0x7f6cec9b8c20>
[2022-12-11 17:44:14,576] {logging_mixin.py:115} INFO - _wait_for_file True
[2022-12-11 17:44:14,582] {logging_mixin.py:115} INFO - total attempt 0
[2022-12-11 17:45:14,576] {python.py:66} INFO - Poking callable: <function _wait_for_file at 0x7f6cec9b8c20>
[2022-12-11 17:45:14,722] {logging_mixin.py:115} INFO - _wait_for_file True
[2022-12-11 17:45:14,724] {logging_mixin.py:115} INFO - total attempt 0
[2022-12-11 17:50:58,152] {python.py:66} INFO - Poking callable: <function _wait_for_file at 0x7f6cec9b8c20>
[2022-12-11 17:51:04,034] {logging_mixin.py:115} INFO - _wait_for_file True
[2022-12-11 17:51:04,047] {logging_mixin.py:115} INFO - total attempt 0
[2022-12-11 17:51:47,184] {local_task_job.py:221} WARNING - State of this instance has been externally set to failed. Terminating instance.
[2022-12-11 17:51:47,217] {process_utils.py:129} INFO - Sending Signals.SIGTERM to group 3863. PIDs of all processes in the group: [3863]
[2022-12-11 17:51:47,226] {process_utils.py:80} INFO - Sending the signal Signals.SIGTERM to group 3863
[2022-12-11 17:51:47,233] {taskinstance.py:1541} ERROR - Received SIGTERM. Terminating subprocesses.
[2022-12-11 17:51:48,746] {process_utils.py:75} INFO - Process psutil.Process(pid=3863, status='terminated', exitcode=0, started='17:37:24') (3863) terminated with exit code 0
