[2022-12-11 20:38:36,926] {taskinstance.py:1159} INFO - Dependencies all met for <TaskInstance: first_dag.world manual__2022-12-11T20:37:59.760449+00:00 [queued]>
[2022-12-11 20:38:36,972] {taskinstance.py:1159} INFO - Dependencies all met for <TaskInstance: first_dag.world manual__2022-12-11T20:37:59.760449+00:00 [queued]>
[2022-12-11 20:38:36,974] {taskinstance.py:1356} INFO - 
--------------------------------------------------------------------------------
[2022-12-11 20:38:36,976] {taskinstance.py:1357} INFO - Starting attempt 1 of 1
[2022-12-11 20:38:36,977] {taskinstance.py:1358} INFO - 
--------------------------------------------------------------------------------
[2022-12-11 20:38:37,050] {taskinstance.py:1377} INFO - Executing <Task(PythonOperator): world> on 2022-12-11 20:37:59.760449+00:00
[2022-12-11 20:38:37,066] {standard_task_runner.py:52} INFO - Started process 6185 to run task
[2022-12-11 20:38:37,117] {standard_task_runner.py:79} INFO - Running: ['***', 'tasks', 'run', 'first_dag', 'world', 'manual__2022-12-11T20:37:59.760449+00:00', '--job-id', '1486', '--raw', '--subdir', 'DAGS_FOLDER/first-dag.py', '--cfg-path', '/tmp/tmph0d2st_0', '--error-file', '/tmp/tmpwwvkq_ao']
[2022-12-11 20:38:37,135] {standard_task_runner.py:80} INFO - Job 1486: Subtask world
[2022-12-11 20:38:37,469] {task_command.py:369} INFO - Running <TaskInstance: first_dag.world manual__2022-12-11T20:37:59.760449+00:00 [running]> on host 7e39590a7807
[2022-12-11 20:38:38,338] {taskinstance.py:1571} INFO - Exporting the following env vars:
AIRFLOW_CTX_DAG_OWNER=***
AIRFLOW_CTX_DAG_ID=first_dag
AIRFLOW_CTX_TASK_ID=world
AIRFLOW_CTX_EXECUTION_DATE=2022-12-11T20:37:59.760449+00:00
AIRFLOW_CTX_TRY_NUMBER=1
AIRFLOW_CTX_DAG_RUN_ID=manual__2022-12-11T20:37:59.760449+00:00
[2022-12-11 20:38:38,366] {logging_mixin.py:115} INFO - Airflow
[2022-12-11 20:38:38,367] {python.py:173} INFO - Done. Returned value was: None
[2022-12-11 20:38:38,428] {taskinstance.py:1400} INFO - Marking task as SUCCESS. dag_id=first_dag, task_id=world, execution_date=20221211T203759, start_date=20221211T203836, end_date=20221211T203838
[2022-12-11 20:38:38,835] {local_task_job.py:156} INFO - Task exited with return code 0
[2022-12-11 20:38:39,178] {local_task_job.py:273} INFO - 1 downstream tasks scheduled from follow-on schedule check
