[2022-12-11 20:19:57,784] {taskinstance.py:1159} INFO - Dependencies all met for <TaskInstance: first_dag.write_diff_task manual__2022-12-11T20:19:07.408949+00:00 [queued]>
[2022-12-11 20:19:57,808] {taskinstance.py:1159} INFO - Dependencies all met for <TaskInstance: first_dag.write_diff_task manual__2022-12-11T20:19:07.408949+00:00 [queued]>
[2022-12-11 20:19:57,809] {taskinstance.py:1356} INFO - 
--------------------------------------------------------------------------------
[2022-12-11 20:19:57,810] {taskinstance.py:1357} INFO - Starting attempt 1 of 1
[2022-12-11 20:19:57,811] {taskinstance.py:1358} INFO - 
--------------------------------------------------------------------------------
[2022-12-11 20:19:57,861] {taskinstance.py:1377} INFO - Executing <Task(PythonOperator): write_diff_task> on 2022-12-11 20:19:07.408949+00:00
[2022-12-11 20:19:57,867] {standard_task_runner.py:52} INFO - Started process 5724 to run task
[2022-12-11 20:19:57,885] {standard_task_runner.py:79} INFO - Running: ['***', 'tasks', 'run', 'first_dag', 'write_diff_task', 'manual__2022-12-11T20:19:07.408949+00:00', '--job-id', '1367', '--raw', '--subdir', 'DAGS_FOLDER/first-dag.py', '--cfg-path', '/tmp/tmpni5hwk0o', '--error-file', '/tmp/tmpyi24rytm']
[2022-12-11 20:19:57,889] {standard_task_runner.py:80} INFO - Job 1367: Subtask write_diff_task
[2022-12-11 20:19:58,061] {task_command.py:369} INFO - Running <TaskInstance: first_dag.write_diff_task manual__2022-12-11T20:19:07.408949+00:00 [running]> on host 7e39590a7807
[2022-12-11 20:19:58,304] {taskinstance.py:1571} INFO - Exporting the following env vars:
AIRFLOW_CTX_DAG_OWNER=***
AIRFLOW_CTX_DAG_ID=first_dag
AIRFLOW_CTX_TASK_ID=write_diff_task
AIRFLOW_CTX_EXECUTION_DATE=2022-12-11T20:19:07.408949+00:00
AIRFLOW_CTX_TRY_NUMBER=1
AIRFLOW_CTX_DAG_RUN_ID=manual__2022-12-11T20:19:07.408949+00:00
[2022-12-11 20:19:58,377] {python.py:173} INFO - Done. Returned value was: None
[2022-12-11 20:19:58,454] {taskinstance.py:1400} INFO - Marking task as SUCCESS. dag_id=first_dag, task_id=write_diff_task, execution_date=20221211T201907, start_date=20221211T201957, end_date=20221211T201958
[2022-12-11 20:19:58,556] {local_task_job.py:156} INFO - Task exited with return code 0
[2022-12-11 20:19:58,753] {local_task_job.py:273} INFO - 0 downstream tasks scheduled from follow-on schedule check
