[2022-12-11 20:29:39,282] {taskinstance.py:1159} INFO - Dependencies all met for <TaskInstance: first_dag.wait_for_file manual__2022-12-11T20:29:06.364170+00:00 [queued]>
[2022-12-11 20:29:39,351] {taskinstance.py:1159} INFO - Dependencies all met for <TaskInstance: first_dag.wait_for_file manual__2022-12-11T20:29:06.364170+00:00 [queued]>
[2022-12-11 20:29:39,353] {taskinstance.py:1356} INFO - 
--------------------------------------------------------------------------------
[2022-12-11 20:29:39,354] {taskinstance.py:1357} INFO - Starting attempt 1 of 3
[2022-12-11 20:29:39,355] {taskinstance.py:1358} INFO - 
--------------------------------------------------------------------------------
[2022-12-11 20:29:39,432] {taskinstance.py:1377} INFO - Executing <Task(PythonSensor): wait_for_file> on 2022-12-11 20:29:06.364170+00:00
[2022-12-11 20:29:39,439] {standard_task_runner.py:52} INFO - Started process 6027 to run task
[2022-12-11 20:29:39,654] {standard_task_runner.py:79} INFO - Running: ['***', 'tasks', 'run', 'first_dag', 'wait_for_file', 'manual__2022-12-11T20:29:06.364170+00:00', '--job-id', '1456', '--raw', '--subdir', 'DAGS_FOLDER/first-dag.py', '--cfg-path', '/tmp/tmpal3ya5s_', '--error-file', '/tmp/tmp1_7lnomn']
[2022-12-11 20:29:39,672] {standard_task_runner.py:80} INFO - Job 1456: Subtask wait_for_file
[2022-12-11 20:29:45,025] {task_command.py:369} INFO - Running <TaskInstance: first_dag.wait_for_file manual__2022-12-11T20:29:06.364170+00:00 [running]> on host 7e39590a7807
[2022-12-11 20:29:45,565] {taskinstance.py:1571} INFO - Exporting the following env vars:
AIRFLOW_CTX_DAG_OWNER=***
AIRFLOW_CTX_DAG_ID=first_dag
AIRFLOW_CTX_TASK_ID=wait_for_file
AIRFLOW_CTX_EXECUTION_DATE=2022-12-11T20:29:06.364170+00:00
AIRFLOW_CTX_TRY_NUMBER=1
AIRFLOW_CTX_DAG_RUN_ID=manual__2022-12-11T20:29:06.364170+00:00
[2022-12-11 20:29:45,583] {python.py:66} INFO - Poking callable: <function _wait_for_file at 0x7f6cec7af560>
[2022-12-11 20:29:45,629] {logging_mixin.py:115} INFO - _wait_for_file True
[2022-12-11 20:29:45,631] {base.py:301} INFO - Success criteria met. Exiting.
[2022-12-11 20:29:45,797] {taskinstance.py:1400} INFO - Marking task as SUCCESS. dag_id=first_dag, task_id=wait_for_file, execution_date=20221211T202906, start_date=20221211T202939, end_date=20221211T202945
[2022-12-11 20:29:45,896] {local_task_job.py:156} INFO - Task exited with return code 0
[2022-12-11 20:29:46,357] {local_task_job.py:273} INFO - 1 downstream tasks scheduled from follow-on schedule check
