[2022-12-11 14:58:54,050] {taskinstance.py:1159} INFO - Dependencies all met for <TaskInstance: first_dag.sum_column_task manual__2022-12-11T14:58:50.146846+00:00 [queued]>
[2022-12-11 14:58:54,067] {taskinstance.py:1159} INFO - Dependencies all met for <TaskInstance: first_dag.sum_column_task manual__2022-12-11T14:58:50.146846+00:00 [queued]>
[2022-12-11 14:58:54,069] {taskinstance.py:1356} INFO - 
--------------------------------------------------------------------------------
[2022-12-11 14:58:54,070] {taskinstance.py:1357} INFO - Starting attempt 1 of 1
[2022-12-11 14:58:54,071] {taskinstance.py:1358} INFO - 
--------------------------------------------------------------------------------
[2022-12-11 14:58:54,098] {taskinstance.py:1377} INFO - Executing <Task(PythonOperator): sum_column_task> on 2022-12-11 14:58:50.146846+00:00
[2022-12-11 14:58:54,106] {standard_task_runner.py:52} INFO - Started process 1647 to run task
[2022-12-11 14:58:54,112] {standard_task_runner.py:79} INFO - Running: ['***', 'tasks', 'run', 'first_dag', 'sum_column_task', 'manual__2022-12-11T14:58:50.146846+00:00', '--job-id', '660', '--raw', '--subdir', 'DAGS_FOLDER/first-dag.py', '--cfg-path', '/tmp/tmp4858epz1', '--error-file', '/tmp/tmpe753bwvx']
[2022-12-11 14:58:54,114] {standard_task_runner.py:80} INFO - Job 660: Subtask sum_column_task
[2022-12-11 14:58:54,197] {task_command.py:369} INFO - Running <TaskInstance: first_dag.sum_column_task manual__2022-12-11T14:58:50.146846+00:00 [running]> on host 7e39590a7807
[2022-12-11 14:58:54,306] {taskinstance.py:1571} INFO - Exporting the following env vars:
AIRFLOW_CTX_DAG_OWNER=***
AIRFLOW_CTX_DAG_ID=first_dag
AIRFLOW_CTX_TASK_ID=sum_column_task
AIRFLOW_CTX_EXECUTION_DATE=2022-12-11T14:58:50.146846+00:00
AIRFLOW_CTX_TRY_NUMBER=1
AIRFLOW_CTX_DAG_RUN_ID=manual__2022-12-11T14:58:50.146846+00:00
[2022-12-11 14:58:54,327] {python.py:173} INFO - Done. Returned value was: 0
[2022-12-11 14:58:54,369] {taskinstance.py:1400} INFO - Marking task as SUCCESS. dag_id=first_dag, task_id=sum_column_task, execution_date=20221211T145850, start_date=20221211T145854, end_date=20221211T145854
[2022-12-11 14:58:54,408] {local_task_job.py:156} INFO - Task exited with return code 0
[2022-12-11 14:58:54,480] {local_task_job.py:273} INFO - 1 downstream tasks scheduled from follow-on schedule check
