[2022-12-04 17:00:43,727] {taskinstance.py:1159} INFO - Dependencies all met for <TaskInstance: first_dag.generate_two_int_task manual__2022-12-04T17:00:40.599613+00:00 [queued]>
[2022-12-04 17:00:43,742] {taskinstance.py:1159} INFO - Dependencies all met for <TaskInstance: first_dag.generate_two_int_task manual__2022-12-04T17:00:40.599613+00:00 [queued]>
[2022-12-04 17:00:43,743] {taskinstance.py:1356} INFO - 
--------------------------------------------------------------------------------
[2022-12-04 17:00:43,745] {taskinstance.py:1357} INFO - Starting attempt 1 of 1
[2022-12-04 17:00:43,746] {taskinstance.py:1358} INFO - 
--------------------------------------------------------------------------------
[2022-12-04 17:00:43,767] {taskinstance.py:1377} INFO - Executing <Task(PythonOperator): generate_two_int_task> on 2022-12-04 17:00:40.599613+00:00
[2022-12-04 17:00:43,776] {standard_task_runner.py:52} INFO - Started process 1169 to run task
[2022-12-04 17:00:43,779] {standard_task_runner.py:79} INFO - Running: ['***', 'tasks', 'run', 'first_dag', 'generate_two_int_task', 'manual__2022-12-04T17:00:40.599613+00:00', '--job-id', '182', '--raw', '--subdir', 'DAGS_FOLDER/first-dag.py', '--cfg-path', '/tmp/tmpsp_t2up_', '--error-file', '/tmp/tmp61t3bhne']
[2022-12-04 17:00:43,781] {standard_task_runner.py:80} INFO - Job 182: Subtask generate_two_int_task
[2022-12-04 17:00:43,859] {task_command.py:369} INFO - Running <TaskInstance: first_dag.generate_two_int_task manual__2022-12-04T17:00:40.599613+00:00 [running]> on host fb90b48d1471
[2022-12-04 17:00:43,960] {taskinstance.py:1571} INFO - Exporting the following env vars:
AIRFLOW_CTX_DAG_OWNER=***
AIRFLOW_CTX_DAG_ID=first_dag
AIRFLOW_CTX_TASK_ID=generate_two_int_task
AIRFLOW_CTX_EXECUTION_DATE=2022-12-04T17:00:40.599613+00:00
AIRFLOW_CTX_TRY_NUMBER=1
AIRFLOW_CTX_DAG_RUN_ID=manual__2022-12-04T17:00:40.599613+00:00
[2022-12-04 17:00:43,982] {python.py:173} INFO - Done. Returned value was: None
[2022-12-04 17:00:44,005] {taskinstance.py:1400} INFO - Marking task as SUCCESS. dag_id=first_dag, task_id=generate_two_int_task, execution_date=20221204T170040, start_date=20221204T170043, end_date=20221204T170044
[2022-12-04 17:00:44,037] {local_task_job.py:156} INFO - Task exited with return code 0
[2022-12-04 17:00:44,085] {local_task_job.py:273} INFO - 0 downstream tasks scheduled from follow-on schedule check
