[2022-12-11 20:23:21,671] {taskinstance.py:1159} INFO - Dependencies all met for <TaskInstance: first_dag.create_task_table manual__2022-12-11T20:23:20.120434+00:00 [queued]>
[2022-12-11 20:23:21,694] {taskinstance.py:1159} INFO - Dependencies all met for <TaskInstance: first_dag.create_task_table manual__2022-12-11T20:23:20.120434+00:00 [queued]>
[2022-12-11 20:23:21,695] {taskinstance.py:1356} INFO - 
--------------------------------------------------------------------------------
[2022-12-11 20:23:21,696] {taskinstance.py:1357} INFO - Starting attempt 1 of 1
[2022-12-11 20:23:21,698] {taskinstance.py:1358} INFO - 
--------------------------------------------------------------------------------
[2022-12-11 20:23:21,756] {taskinstance.py:1377} INFO - Executing <Task(PostgresOperator): create_task_table> on 2022-12-11 20:23:20.120434+00:00
[2022-12-11 20:23:21,771] {standard_task_runner.py:52} INFO - Started process 5805 to run task
[2022-12-11 20:23:21,806] {standard_task_runner.py:79} INFO - Running: ['***', 'tasks', 'run', 'first_dag', 'create_task_table', 'manual__2022-12-11T20:23:20.120434+00:00', '--job-id', '1385', '--raw', '--subdir', 'DAGS_FOLDER/first-dag.py', '--cfg-path', '/tmp/tmpq_p1i7p2', '--error-file', '/tmp/tmpstg8o1hn']
[2022-12-11 20:23:21,811] {standard_task_runner.py:80} INFO - Job 1385: Subtask create_task_table
[2022-12-11 20:23:22,141] {task_command.py:369} INFO - Running <TaskInstance: first_dag.create_task_table manual__2022-12-11T20:23:20.120434+00:00 [running]> on host 7e39590a7807
[2022-12-11 20:23:22,479] {taskinstance.py:1571} INFO - Exporting the following env vars:
AIRFLOW_CTX_DAG_OWNER=***
AIRFLOW_CTX_DAG_ID=first_dag
AIRFLOW_CTX_TASK_ID=create_task_table
AIRFLOW_CTX_EXECUTION_DATE=2022-12-11T20:23:20.120434+00:00
AIRFLOW_CTX_TRY_NUMBER=1
AIRFLOW_CTX_DAG_RUN_ID=manual__2022-12-11T20:23:20.120434+00:00
[2022-12-11 20:23:22,548] {base.py:68} INFO - Using connection ID 'db' for task execution.
[2022-12-11 20:23:22,579] {dbapi.py:208} INFO - Running statement: 
                create table if not exists task (
	            value_1 INT,
	            value_2 INT
            );
              , parameters: None
[2022-12-11 20:23:22,592] {postgres.py:94} INFO - NOTICE:  relation "task" already exists, skipping

[2022-12-11 20:23:22,672] {taskinstance.py:1400} INFO - Marking task as SUCCESS. dag_id=first_dag, task_id=create_task_table, execution_date=20221211T202320, start_date=20221211T202321, end_date=20221211T202322
[2022-12-11 20:23:22,843] {local_task_job.py:156} INFO - Task exited with return code 0
[2022-12-11 20:23:23,031] {local_task_job.py:273} INFO - 0 downstream tasks scheduled from follow-on schedule check
