[2022-12-11 15:18:05,791] {taskinstance.py:1159} INFO - Dependencies all met for <TaskInstance: first_dag.sum_column_task scheduled__2022-12-11T15:17:00+00:00 [queued]>
[2022-12-11 15:18:05,812] {taskinstance.py:1159} INFO - Dependencies all met for <TaskInstance: first_dag.sum_column_task scheduled__2022-12-11T15:17:00+00:00 [queued]>
[2022-12-11 15:18:05,816] {taskinstance.py:1356} INFO - 
--------------------------------------------------------------------------------
[2022-12-11 15:18:05,818] {taskinstance.py:1357} INFO - Starting attempt 1 of 1
[2022-12-11 15:18:05,824] {taskinstance.py:1358} INFO - 
--------------------------------------------------------------------------------
[2022-12-11 15:18:05,847] {taskinstance.py:1377} INFO - Executing <Task(PythonOperator): sum_column_task> on 2022-12-11 15:17:00+00:00
[2022-12-11 15:18:05,857] {standard_task_runner.py:52} INFO - Started process 2384 to run task
[2022-12-11 15:18:05,862] {standard_task_runner.py:79} INFO - Running: ['***', 'tasks', 'run', 'first_dag', 'sum_column_task', 'scheduled__2022-12-11T15:17:00+00:00', '--job-id', '850', '--raw', '--subdir', 'DAGS_FOLDER/first-dag.py', '--cfg-path', '/tmp/tmp56rsx7dk', '--error-file', '/tmp/tmpq29d3iyc']
[2022-12-11 15:18:05,864] {standard_task_runner.py:80} INFO - Job 850: Subtask sum_column_task
[2022-12-11 15:18:05,947] {task_command.py:369} INFO - Running <TaskInstance: first_dag.sum_column_task scheduled__2022-12-11T15:17:00+00:00 [running]> on host 7e39590a7807
[2022-12-11 15:18:06,051] {taskinstance.py:1571} INFO - Exporting the following env vars:
AIRFLOW_CTX_DAG_OWNER=***
AIRFLOW_CTX_DAG_ID=first_dag
AIRFLOW_CTX_TASK_ID=sum_column_task
AIRFLOW_CTX_EXECUTION_DATE=2022-12-11T15:17:00+00:00
AIRFLOW_CTX_TRY_NUMBER=1
AIRFLOW_CTX_DAG_RUN_ID=scheduled__2022-12-11T15:17:00+00:00
[2022-12-11 15:18:06,073] {logging_mixin.py:115} INFO - Different sum column is 17
[2022-12-11 15:18:06,075] {python.py:173} INFO - Done. Returned value was: 17
[2022-12-11 15:18:06,113] {taskinstance.py:1400} INFO - Marking task as SUCCESS. dag_id=first_dag, task_id=sum_column_task, execution_date=20221211T151700, start_date=20221211T151805, end_date=20221211T151806
[2022-12-11 15:18:06,161] {local_task_job.py:156} INFO - Task exited with return code 0
[2022-12-11 15:18:06,217] {local_task_job.py:273} INFO - 1 downstream tasks scheduled from follow-on schedule check
