[2022-12-12 04:56:47,335] {taskinstance.py:1159} INFO - Dependencies all met for <TaskInstance: first_dag.write_diff_task scheduled__2022-12-11T22:40:00+00:00 [queued]>
[2022-12-12 04:56:47,374] {taskinstance.py:1159} INFO - Dependencies all met for <TaskInstance: first_dag.write_diff_task scheduled__2022-12-11T22:40:00+00:00 [queued]>
[2022-12-12 04:56:47,376] {taskinstance.py:1356} INFO - 
--------------------------------------------------------------------------------
[2022-12-12 04:56:47,377] {taskinstance.py:1357} INFO - Starting attempt 1 of 1
[2022-12-12 04:56:47,379] {taskinstance.py:1358} INFO - 
--------------------------------------------------------------------------------
[2022-12-12 04:56:47,412] {taskinstance.py:1377} INFO - Executing <Task(PythonOperator): write_diff_task> on 2022-12-11 22:40:00+00:00
[2022-12-12 04:56:47,419] {standard_task_runner.py:52} INFO - Started process 7326 to run task
[2022-12-12 04:56:47,433] {standard_task_runner.py:79} INFO - Running: ['***', 'tasks', 'run', 'first_dag', 'write_diff_task', 'scheduled__2022-12-11T22:40:00+00:00', '--job-id', '1561', '--raw', '--subdir', 'DAGS_FOLDER/first-dag.py', '--cfg-path', '/tmp/tmpp9656bw2', '--error-file', '/tmp/tmpbrn2nctn']
[2022-12-12 04:56:47,436] {standard_task_runner.py:80} INFO - Job 1561: Subtask write_diff_task
[2022-12-12 04:56:47,651] {task_command.py:369} INFO - Running <TaskInstance: first_dag.write_diff_task scheduled__2022-12-11T22:40:00+00:00 [running]> on host 7e39590a7807
[2022-12-12 04:56:48,141] {taskinstance.py:1571} INFO - Exporting the following env vars:
AIRFLOW_CTX_DAG_OWNER=***
AIRFLOW_CTX_DAG_ID=first_dag
AIRFLOW_CTX_TASK_ID=write_diff_task
AIRFLOW_CTX_EXECUTION_DATE=2022-12-11T22:40:00+00:00
AIRFLOW_CTX_TRY_NUMBER=1
AIRFLOW_CTX_DAG_RUN_ID=scheduled__2022-12-11T22:40:00+00:00
[2022-12-12 04:56:48,300] {python.py:173} INFO - Done. Returned value was: None
[2022-12-12 04:56:48,516] {taskinstance.py:1400} INFO - Marking task as SUCCESS. dag_id=first_dag, task_id=write_diff_task, execution_date=20221211T224000, start_date=20221212T045647, end_date=20221212T045648
[2022-12-12 04:56:48,599] {local_task_job.py:156} INFO - Task exited with return code 0
[2022-12-12 04:56:48,788] {local_task_job.py:273} INFO - 0 downstream tasks scheduled from follow-on schedule check
