[2022-12-11 17:44:15,237] {taskinstance.py:1159} INFO - Dependencies all met for <TaskInstance: first_dag.wait_for_file scheduled__2022-12-11T17:39:00+00:00 [queued]>
[2022-12-11 17:44:15,343] {taskinstance.py:1159} INFO - Dependencies all met for <TaskInstance: first_dag.wait_for_file scheduled__2022-12-11T17:39:00+00:00 [queued]>
[2022-12-11 17:44:15,346] {taskinstance.py:1356} INFO - 
--------------------------------------------------------------------------------
[2022-12-11 17:44:15,349] {taskinstance.py:1357} INFO - Starting attempt 1 of 1
[2022-12-11 17:44:15,351] {taskinstance.py:1358} INFO - 
--------------------------------------------------------------------------------
[2022-12-11 17:44:15,617] {taskinstance.py:1377} INFO - Executing <Task(PythonSensor): wait_for_file> on 2022-12-11 17:39:00+00:00
[2022-12-11 17:44:15,689] {standard_task_runner.py:52} INFO - Started process 3923 to run task
[2022-12-11 17:44:15,734] {standard_task_runner.py:79} INFO - Running: ['***', 'tasks', 'run', 'first_dag', 'wait_for_file', 'scheduled__2022-12-11T17:39:00+00:00', '--job-id', '1135', '--raw', '--subdir', 'DAGS_FOLDER/first-dag.py', '--cfg-path', '/tmp/tmp43wt9g60', '--error-file', '/tmp/tmpejytzc_4']
[2022-12-11 17:44:15,757] {standard_task_runner.py:80} INFO - Job 1135: Subtask wait_for_file
[2022-12-11 17:44:17,071] {task_command.py:369} INFO - Running <TaskInstance: first_dag.wait_for_file scheduled__2022-12-11T17:39:00+00:00 [running]> on host 7e39590a7807
[2022-12-11 17:44:18,173] {taskinstance.py:1571} INFO - Exporting the following env vars:
AIRFLOW_CTX_DAG_OWNER=***
AIRFLOW_CTX_DAG_ID=first_dag
AIRFLOW_CTX_TASK_ID=wait_for_file
AIRFLOW_CTX_EXECUTION_DATE=2022-12-11T17:39:00+00:00
AIRFLOW_CTX_TRY_NUMBER=1
AIRFLOW_CTX_DAG_RUN_ID=scheduled__2022-12-11T17:39:00+00:00
[2022-12-11 17:44:18,204] {python.py:66} INFO - Poking callable: <function _wait_for_file at 0x7f6cec7a5cb0>
[2022-12-11 17:44:18,459] {logging_mixin.py:115} INFO - _wait_for_file True
[2022-12-11 17:44:18,463] {logging_mixin.py:115} INFO - total attempt 0
[2022-12-11 17:45:18,463] {python.py:66} INFO - Poking callable: <function _wait_for_file at 0x7f6cec7a5cb0>
[2022-12-11 17:45:18,517] {logging_mixin.py:115} INFO - _wait_for_file True
[2022-12-11 17:45:18,522] {logging_mixin.py:115} INFO - total attempt 0
[2022-12-11 17:51:02,687] {python.py:66} INFO - Poking callable: <function _wait_for_file at 0x7f6cec7a5cb0>
[2022-12-11 17:51:04,691] {logging_mixin.py:115} INFO - _wait_for_file True
[2022-12-11 17:51:04,692] {logging_mixin.py:115} INFO - total attempt 0
[2022-12-11 17:51:47,187] {local_task_job.py:221} WARNING - State of this instance has been externally set to failed. Terminating instance.
[2022-12-11 17:51:47,327] {process_utils.py:129} INFO - Sending Signals.SIGTERM to group 3923. PIDs of all processes in the group: [3923]
[2022-12-11 17:51:47,330] {process_utils.py:80} INFO - Sending the signal Signals.SIGTERM to group 3923
[2022-12-11 17:51:47,332] {taskinstance.py:1541} ERROR - Received SIGTERM. Terminating subprocesses.
[2022-12-11 17:51:48,231] {process_utils.py:75} INFO - Process psutil.Process(pid=3923, status='terminated', exitcode=0, started='17:44:15') (3923) terminated with exit code 0
