[2022-12-11 18:16:54,543] {taskinstance.py:1159} INFO - Dependencies all met for <TaskInstance: first_dag.hello_task manual__2022-12-11T18:16:53.193489+00:00 [queued]>
[2022-12-11 18:16:54,559] {taskinstance.py:1159} INFO - Dependencies all met for <TaskInstance: first_dag.hello_task manual__2022-12-11T18:16:53.193489+00:00 [queued]>
[2022-12-11 18:16:54,560] {taskinstance.py:1356} INFO - 
--------------------------------------------------------------------------------
[2022-12-11 18:16:54,562] {taskinstance.py:1357} INFO - Starting attempt 1 of 1
[2022-12-11 18:16:54,563] {taskinstance.py:1358} INFO - 
--------------------------------------------------------------------------------
[2022-12-11 18:16:54,595] {taskinstance.py:1377} INFO - Executing <Task(BashOperator): hello_task> on 2022-12-11 18:16:53.193489+00:00
[2022-12-11 18:16:54,603] {standard_task_runner.py:52} INFO - Started process 4254 to run task
[2022-12-11 18:16:54,610] {standard_task_runner.py:79} INFO - Running: ['***', 'tasks', 'run', 'first_dag', 'hello_task', 'manual__2022-12-11T18:16:53.193489+00:00', '--job-id', '1166', '--raw', '--subdir', 'DAGS_FOLDER/first-dag.py', '--cfg-path', '/tmp/tmpwibtsip1', '--error-file', '/tmp/tmpvalt4brf']
[2022-12-11 18:16:54,620] {standard_task_runner.py:80} INFO - Job 1166: Subtask hello_task
[2022-12-11 18:16:55,073] {task_command.py:369} INFO - Running <TaskInstance: first_dag.hello_task manual__2022-12-11T18:16:53.193489+00:00 [running]> on host 7e39590a7807
[2022-12-11 18:16:57,377] {taskinstance.py:1571} INFO - Exporting the following env vars:
AIRFLOW_CTX_DAG_OWNER=***
AIRFLOW_CTX_DAG_ID=first_dag
AIRFLOW_CTX_TASK_ID=hello_task
AIRFLOW_CTX_EXECUTION_DATE=2022-12-11T18:16:53.193489+00:00
AIRFLOW_CTX_TRY_NUMBER=1
AIRFLOW_CTX_DAG_RUN_ID=manual__2022-12-11T18:16:53.193489+00:00
[2022-12-11 18:16:57,392] {subprocess.py:62} INFO - Tmp dir root location: 
 /tmp
[2022-12-11 18:16:57,398] {subprocess.py:74} INFO - Running command: ['bash', '-c', 'echo hello']
[2022-12-11 18:16:57,546] {subprocess.py:85} INFO - Output:
[2022-12-11 18:16:57,609] {subprocess.py:92} INFO - hello
[2022-12-11 18:16:57,613] {subprocess.py:96} INFO - Command exited with return code 0
[2022-12-11 18:16:57,794] {taskinstance.py:1400} INFO - Marking task as SUCCESS. dag_id=first_dag, task_id=hello_task, execution_date=20221211T181653, start_date=20221211T181654, end_date=20221211T181657
[2022-12-11 18:16:57,843] {local_task_job.py:156} INFO - Task exited with return code 0
[2022-12-11 18:16:57,962] {local_task_job.py:273} INFO - 1 downstream tasks scheduled from follow-on schedule check
