[2022-12-04 18:29:34,782] {taskinstance.py:1159} INFO - Dependencies all met for <TaskInstance: first_dag.world manual__2022-12-04T18:29:30.030264+00:00 [queued]>
[2022-12-04 18:29:34,799] {taskinstance.py:1159} INFO - Dependencies all met for <TaskInstance: first_dag.world manual__2022-12-04T18:29:30.030264+00:00 [queued]>
[2022-12-04 18:29:34,801] {taskinstance.py:1356} INFO - 
--------------------------------------------------------------------------------
[2022-12-04 18:29:34,802] {taskinstance.py:1357} INFO - Starting attempt 1 of 1
[2022-12-04 18:29:34,803] {taskinstance.py:1358} INFO - 
--------------------------------------------------------------------------------
[2022-12-04 18:29:34,820] {taskinstance.py:1377} INFO - Executing <Task(PythonOperator): world> on 2022-12-04 18:29:30.030264+00:00
[2022-12-04 18:29:34,827] {standard_task_runner.py:52} INFO - Started process 1833 to run task
[2022-12-04 18:29:34,831] {standard_task_runner.py:79} INFO - Running: ['***', 'tasks', 'run', 'first_dag', 'world', 'manual__2022-12-04T18:29:30.030264+00:00', '--job-id', '199', '--raw', '--subdir', 'DAGS_FOLDER/first-dag.py', '--cfg-path', '/tmp/tmpvg9pngqr', '--error-file', '/tmp/tmp6tc1n6wr']
[2022-12-04 18:29:34,834] {standard_task_runner.py:80} INFO - Job 199: Subtask world
[2022-12-04 18:29:34,927] {task_command.py:369} INFO - Running <TaskInstance: first_dag.world manual__2022-12-04T18:29:30.030264+00:00 [running]> on host fb90b48d1471
[2022-12-04 18:29:35,035] {taskinstance.py:1571} INFO - Exporting the following env vars:
AIRFLOW_CTX_DAG_OWNER=***
AIRFLOW_CTX_DAG_ID=first_dag
AIRFLOW_CTX_TASK_ID=world
AIRFLOW_CTX_EXECUTION_DATE=2022-12-04T18:29:30.030264+00:00
AIRFLOW_CTX_TRY_NUMBER=1
AIRFLOW_CTX_DAG_RUN_ID=manual__2022-12-04T18:29:30.030264+00:00
[2022-12-04 18:29:35,036] {logging_mixin.py:115} INFO - Airflow
[2022-12-04 18:29:35,038] {python.py:173} INFO - Done. Returned value was: None
[2022-12-04 18:29:35,058] {taskinstance.py:1400} INFO - Marking task as SUCCESS. dag_id=first_dag, task_id=world, execution_date=20221204T182930, start_date=20221204T182934, end_date=20221204T182935
[2022-12-04 18:29:35,091] {local_task_job.py:156} INFO - Task exited with return code 0
[2022-12-04 18:29:35,143] {local_task_job.py:273} INFO - 1 downstream tasks scheduled from follow-on schedule check
