[2022-12-04 16:40:46,991] {taskinstance.py:1159} INFO - Dependencies all met for <TaskInstance: first_dag.hello_task scheduled__2021-01-01T04:10:00+00:00 [queued]>
[2022-12-04 16:40:47,115] {taskinstance.py:1159} INFO - Dependencies all met for <TaskInstance: first_dag.hello_task scheduled__2021-01-01T04:10:00+00:00 [queued]>
[2022-12-04 16:40:47,119] {taskinstance.py:1356} INFO - 
--------------------------------------------------------------------------------
[2022-12-04 16:40:47,122] {taskinstance.py:1357} INFO - Starting attempt 1 of 1
[2022-12-04 16:40:47,129] {taskinstance.py:1358} INFO - 
--------------------------------------------------------------------------------
[2022-12-04 16:40:47,386] {taskinstance.py:1377} INFO - Executing <Task(BashOperator): hello_task> on 2021-01-01 04:10:00+00:00
[2022-12-04 16:40:47,392] {standard_task_runner.py:52} INFO - Started process 647 to run task
[2022-12-04 16:40:47,417] {standard_task_runner.py:79} INFO - Running: ['***', 'tasks', 'run', 'first_dag', 'hello_task', 'scheduled__2021-01-01T04:10:00+00:00', '--job-id', '60', '--raw', '--subdir', 'DAGS_FOLDER/first-dag.py', '--cfg-path', '/tmp/tmp84nrs_g2', '--error-file', '/tmp/tmpmh5u4cl9']
[2022-12-04 16:40:47,421] {standard_task_runner.py:80} INFO - Job 60: Subtask hello_task
[2022-12-04 16:40:47,674] {task_command.py:369} INFO - Running <TaskInstance: first_dag.hello_task scheduled__2021-01-01T04:10:00+00:00 [running]> on host fb90b48d1471
[2022-12-04 16:40:48,753] {taskinstance.py:1571} INFO - Exporting the following env vars:
AIRFLOW_CTX_DAG_OWNER=***
AIRFLOW_CTX_DAG_ID=first_dag
AIRFLOW_CTX_TASK_ID=hello_task
AIRFLOW_CTX_EXECUTION_DATE=2021-01-01T04:10:00+00:00
AIRFLOW_CTX_TRY_NUMBER=1
AIRFLOW_CTX_DAG_RUN_ID=scheduled__2021-01-01T04:10:00+00:00
[2022-12-04 16:40:48,764] {subprocess.py:62} INFO - Tmp dir root location: 
 /tmp
[2022-12-04 16:40:48,768] {subprocess.py:74} INFO - Running command: ['bash', '-c', 'echo hello']
[2022-12-04 16:40:48,941] {subprocess.py:85} INFO - Output:
[2022-12-04 16:40:49,045] {subprocess.py:92} INFO - hello
[2022-12-04 16:40:49,049] {subprocess.py:96} INFO - Command exited with return code 0
[2022-12-04 16:40:49,371] {taskinstance.py:1400} INFO - Marking task as SUCCESS. dag_id=first_dag, task_id=hello_task, execution_date=20210101T041000, start_date=20221204T164046, end_date=20221204T164049
[2022-12-04 16:40:49,448] {local_task_job.py:156} INFO - Task exited with return code 0
[2022-12-04 16:40:49,663] {local_task_job.py:273} INFO - 1 downstream tasks scheduled from follow-on schedule check
