[2022-12-04 19:26:31,058] {taskinstance.py:1159} INFO - Dependencies all met for <TaskInstance: first_dag.printer manual__2022-12-04T19:26:29.252891+00:00 [queued]>
[2022-12-04 19:26:31,079] {taskinstance.py:1159} INFO - Dependencies all met for <TaskInstance: first_dag.printer manual__2022-12-04T19:26:29.252891+00:00 [queued]>
[2022-12-04 19:26:31,081] {taskinstance.py:1356} INFO - 
--------------------------------------------------------------------------------
[2022-12-04 19:26:31,082] {taskinstance.py:1357} INFO - Starting attempt 1 of 1
[2022-12-04 19:26:31,083] {taskinstance.py:1358} INFO - 
--------------------------------------------------------------------------------
[2022-12-04 19:26:31,110] {taskinstance.py:1377} INFO - Executing <Task(PythonOperator): printer> on 2022-12-04 19:26:29.252891+00:00
[2022-12-04 19:26:31,120] {standard_task_runner.py:52} INFO - Started process 387 to run task
[2022-12-04 19:26:31,137] {standard_task_runner.py:79} INFO - Running: ['***', 'tasks', 'run', 'first_dag', 'printer', 'manual__2022-12-04T19:26:29.252891+00:00', '--job-id', '256', '--raw', '--subdir', 'DAGS_FOLDER/first-dag.py', '--cfg-path', '/tmp/tmpgvtldmx5', '--error-file', '/tmp/tmpr3do1fis']
[2022-12-04 19:26:31,140] {standard_task_runner.py:80} INFO - Job 256: Subtask printer
[2022-12-04 19:26:31,252] {task_command.py:369} INFO - Running <TaskInstance: first_dag.printer manual__2022-12-04T19:26:29.252891+00:00 [running]> on host 4393b4454aa8
[2022-12-04 19:26:31,422] {taskinstance.py:1571} INFO - Exporting the following env vars:
AIRFLOW_CTX_DAG_OWNER=***
AIRFLOW_CTX_DAG_ID=first_dag
AIRFLOW_CTX_TASK_ID=printer
AIRFLOW_CTX_EXECUTION_DATE=2022-12-04T19:26:29.252891+00:00
AIRFLOW_CTX_TRY_NUMBER=1
AIRFLOW_CTX_DAG_RUN_ID=manual__2022-12-04T19:26:29.252891+00:00
[2022-12-04 19:26:31,447] {logging_mixin.py:115} INFO - The value is: None
[2022-12-04 19:26:31,449] {python.py:173} INFO - Done. Returned value was: None
[2022-12-04 19:26:31,489] {taskinstance.py:1400} INFO - Marking task as SUCCESS. dag_id=first_dag, task_id=printer, execution_date=20221204T192629, start_date=20221204T192631, end_date=20221204T192631
[2022-12-04 19:26:31,589] {local_task_job.py:156} INFO - Task exited with return code 0
[2022-12-04 19:26:31,657] {local_task_job.py:273} INFO - 0 downstream tasks scheduled from follow-on schedule check
