[2022-12-11 20:29:35,223] {taskinstance.py:1159} INFO - Dependencies all met for <TaskInstance: first_dag.sum_column_task manual__2022-12-11T20:29:08.806608+00:00 [queued]>
[2022-12-11 20:29:35,340] {taskinstance.py:1159} INFO - Dependencies all met for <TaskInstance: first_dag.sum_column_task manual__2022-12-11T20:29:08.806608+00:00 [queued]>
[2022-12-11 20:29:35,341] {taskinstance.py:1356} INFO - 
--------------------------------------------------------------------------------
[2022-12-11 20:29:35,342] {taskinstance.py:1357} INFO - Starting attempt 1 of 1
[2022-12-11 20:29:35,343] {taskinstance.py:1358} INFO - 
--------------------------------------------------------------------------------
[2022-12-11 20:29:35,463] {taskinstance.py:1377} INFO - Executing <Task(PythonOperator): sum_column_task> on 2022-12-11 20:29:08.806608+00:00
[2022-12-11 20:29:35,480] {standard_task_runner.py:52} INFO - Started process 6021 to run task
[2022-12-11 20:29:35,505] {standard_task_runner.py:79} INFO - Running: ['***', 'tasks', 'run', 'first_dag', 'sum_column_task', 'manual__2022-12-11T20:29:08.806608+00:00', '--job-id', '1454', '--raw', '--subdir', 'DAGS_FOLDER/first-dag.py', '--cfg-path', '/tmp/tmpgao1n355', '--error-file', '/tmp/tmp99ls3b6q']
[2022-12-11 20:29:35,509] {standard_task_runner.py:80} INFO - Job 1454: Subtask sum_column_task
[2022-12-11 20:29:35,899] {task_command.py:369} INFO - Running <TaskInstance: first_dag.sum_column_task manual__2022-12-11T20:29:08.806608+00:00 [running]> on host 7e39590a7807
[2022-12-11 20:29:36,679] {taskinstance.py:1571} INFO - Exporting the following env vars:
AIRFLOW_CTX_DAG_OWNER=***
AIRFLOW_CTX_DAG_ID=first_dag
AIRFLOW_CTX_TASK_ID=sum_column_task
AIRFLOW_CTX_EXECUTION_DATE=2022-12-11T20:29:08.806608+00:00
AIRFLOW_CTX_TRY_NUMBER=1
AIRFLOW_CTX_DAG_RUN_ID=manual__2022-12-11T20:29:08.806608+00:00
[2022-12-11 20:29:36,976] {logging_mixin.py:115} INFO - Different sum column is 3
[2022-12-11 20:29:36,977] {python.py:173} INFO - Done. Returned value was: 3
[2022-12-11 20:29:37,663] {taskinstance.py:1400} INFO - Marking task as SUCCESS. dag_id=first_dag, task_id=sum_column_task, execution_date=20221211T202908, start_date=20221211T202935, end_date=20221211T202937
[2022-12-11 20:29:37,818] {local_task_job.py:156} INFO - Task exited with return code 0
[2022-12-11 20:29:38,516] {local_task_job.py:273} INFO - 0 downstream tasks scheduled from follow-on schedule check
