[2022-12-11 17:21:43,690] {taskinstance.py:1159} INFO - Dependencies all met for <TaskInstance: first_dag.write_diff_task scheduled__2022-12-11T17:16:00+00:00 [queued]>
[2022-12-11 17:21:43,739] {taskinstance.py:1159} INFO - Dependencies all met for <TaskInstance: first_dag.write_diff_task scheduled__2022-12-11T17:16:00+00:00 [queued]>
[2022-12-11 17:21:43,741] {taskinstance.py:1356} INFO - 
--------------------------------------------------------------------------------
[2022-12-11 17:21:43,743] {taskinstance.py:1357} INFO - Starting attempt 1 of 1
[2022-12-11 17:21:43,745] {taskinstance.py:1358} INFO - 
--------------------------------------------------------------------------------
[2022-12-11 17:21:43,814] {taskinstance.py:1377} INFO - Executing <Task(PythonOperator): write_diff_task> on 2022-12-11 17:16:00+00:00
[2022-12-11 17:21:43,834] {standard_task_runner.py:52} INFO - Started process 3819 to run task
[2022-12-11 17:21:43,860] {standard_task_runner.py:79} INFO - Running: ['***', 'tasks', 'run', 'first_dag', 'write_diff_task', 'scheduled__2022-12-11T17:16:00+00:00', '--job-id', '1103', '--raw', '--subdir', 'DAGS_FOLDER/first-dag.py', '--cfg-path', '/tmp/tmp0qhl4kb_', '--error-file', '/tmp/tmpuurgyan0']
[2022-12-11 17:21:43,864] {standard_task_runner.py:80} INFO - Job 1103: Subtask write_diff_task
[2022-12-11 17:21:44,003] {task_command.py:369} INFO - Running <TaskInstance: first_dag.write_diff_task scheduled__2022-12-11T17:16:00+00:00 [running]> on host 7e39590a7807
[2022-12-11 17:21:44,512] {taskinstance.py:1571} INFO - Exporting the following env vars:
AIRFLOW_CTX_DAG_OWNER=***
AIRFLOW_CTX_DAG_ID=first_dag
AIRFLOW_CTX_TASK_ID=write_diff_task
AIRFLOW_CTX_EXECUTION_DATE=2022-12-11T17:16:00+00:00
AIRFLOW_CTX_TRY_NUMBER=1
AIRFLOW_CTX_DAG_RUN_ID=scheduled__2022-12-11T17:16:00+00:00
[2022-12-11 17:26:33,004] {python.py:173} INFO - Done. Returned value was: None
[2022-12-11 17:26:40,548] {taskinstance.py:1400} INFO - Marking task as SUCCESS. dag_id=first_dag, task_id=write_diff_task, execution_date=20221211T171600, start_date=20221211T172143, end_date=20221211T172640
[2022-12-11 17:26:46,373] {local_task_job.py:156} INFO - Task exited with return code 0
[2022-12-11 17:26:55,591] {local_task_job.py:273} INFO - 1 downstream tasks scheduled from follow-on schedule check
