[2022-12-12 05:28:40,628] {taskinstance.py:1159} INFO - Dependencies all met for <TaskInstance: first_dag.generate_two_int_task manual__2022-12-12T05:27:45.873390+00:00 [queued]>
[2022-12-12 05:28:40,699] {taskinstance.py:1159} INFO - Dependencies all met for <TaskInstance: first_dag.generate_two_int_task manual__2022-12-12T05:27:45.873390+00:00 [queued]>
[2022-12-12 05:28:40,701] {taskinstance.py:1356} INFO - 
--------------------------------------------------------------------------------
[2022-12-12 05:28:40,703] {taskinstance.py:1357} INFO - Starting attempt 1 of 1
[2022-12-12 05:28:40,703] {taskinstance.py:1358} INFO - 
--------------------------------------------------------------------------------
[2022-12-12 05:28:40,959] {taskinstance.py:1377} INFO - Executing <Task(PythonOperator): generate_two_int_task> on 2022-12-12 05:27:45.873390+00:00
[2022-12-12 05:28:41,010] {standard_task_runner.py:52} INFO - Started process 7917 to run task
[2022-12-12 05:28:41,040] {standard_task_runner.py:79} INFO - Running: ['***', 'tasks', 'run', 'first_dag', 'generate_two_int_task', 'manual__2022-12-12T05:27:45.873390+00:00', '--job-id', '1696', '--raw', '--subdir', 'DAGS_FOLDER/first-dag.py', '--cfg-path', '/tmp/tmptlgcmc3y', '--error-file', '/tmp/tmpt58b72_3']
[2022-12-12 05:28:41,055] {standard_task_runner.py:80} INFO - Job 1696: Subtask generate_two_int_task
[2022-12-12 05:28:41,609] {task_command.py:369} INFO - Running <TaskInstance: first_dag.generate_two_int_task manual__2022-12-12T05:27:45.873390+00:00 [running]> on host 7e39590a7807
[2022-12-12 05:28:42,322] {taskinstance.py:1571} INFO - Exporting the following env vars:
AIRFLOW_CTX_DAG_OWNER=***
AIRFLOW_CTX_DAG_ID=first_dag
AIRFLOW_CTX_TASK_ID=generate_two_int_task
AIRFLOW_CTX_EXECUTION_DATE=2022-12-12T05:27:45.873390+00:00
AIRFLOW_CTX_TRY_NUMBER=1
AIRFLOW_CTX_DAG_RUN_ID=manual__2022-12-12T05:27:45.873390+00:00
[2022-12-12 05:28:42,491] {python.py:173} INFO - Done. Returned value was: None
[2022-12-12 05:28:42,578] {taskinstance.py:1400} INFO - Marking task as SUCCESS. dag_id=first_dag, task_id=generate_two_int_task, execution_date=20221212T052745, start_date=20221212T052840, end_date=20221212T052842
[2022-12-12 05:28:42,728] {local_task_job.py:156} INFO - Task exited with return code 0
[2022-12-12 05:28:43,009] {local_task_job.py:273} INFO - 1 downstream tasks scheduled from follow-on schedule check
