[2022-12-11 20:24:19,971] {taskinstance.py:1159} INFO - Dependencies all met for <TaskInstance: first_dag.insert_data manual__2022-12-11T20:23:20.120434+00:00 [queued]>
[2022-12-11 20:24:20,001] {taskinstance.py:1159} INFO - Dependencies all met for <TaskInstance: first_dag.insert_data manual__2022-12-11T20:23:20.120434+00:00 [queued]>
[2022-12-11 20:24:20,007] {taskinstance.py:1356} INFO - 
--------------------------------------------------------------------------------
[2022-12-11 20:24:20,009] {taskinstance.py:1357} INFO - Starting attempt 1 of 1
[2022-12-11 20:24:20,010] {taskinstance.py:1358} INFO - 
--------------------------------------------------------------------------------
[2022-12-11 20:24:20,045] {taskinstance.py:1377} INFO - Executing <Task(PythonOperator): insert_data> on 2022-12-11 20:23:20.120434+00:00
[2022-12-11 20:24:20,051] {standard_task_runner.py:52} INFO - Started process 5897 to run task
[2022-12-11 20:24:20,073] {standard_task_runner.py:79} INFO - Running: ['***', 'tasks', 'run', 'first_dag', 'insert_data', 'manual__2022-12-11T20:23:20.120434+00:00', '--job-id', '1425', '--raw', '--subdir', 'DAGS_FOLDER/first-dag.py', '--cfg-path', '/tmp/tmpc4oimcc5', '--error-file', '/tmp/tmplltwg7sw']
[2022-12-11 20:24:20,075] {standard_task_runner.py:80} INFO - Job 1425: Subtask insert_data
[2022-12-11 20:24:20,203] {task_command.py:369} INFO - Running <TaskInstance: first_dag.insert_data manual__2022-12-11T20:23:20.120434+00:00 [running]> on host 7e39590a7807
[2022-12-11 20:24:20,447] {taskinstance.py:1571} INFO - Exporting the following env vars:
AIRFLOW_CTX_DAG_OWNER=***
AIRFLOW_CTX_DAG_ID=first_dag
AIRFLOW_CTX_TASK_ID=insert_data
AIRFLOW_CTX_EXECUTION_DATE=2022-12-11T20:23:20.120434+00:00
AIRFLOW_CTX_TRY_NUMBER=1
AIRFLOW_CTX_DAG_RUN_ID=manual__2022-12-11T20:23:20.120434+00:00
[2022-12-11 20:24:20,476] {base.py:68} INFO - Using connection ID 'db' for task execution.
[2022-12-11 20:24:20,498] {python.py:173} INFO - Done. Returned value was: None
[2022-12-11 20:24:20,557] {taskinstance.py:1400} INFO - Marking task as SUCCESS. dag_id=first_dag, task_id=insert_data, execution_date=20221211T202320, start_date=20221211T202419, end_date=20221211T202420
[2022-12-11 20:24:20,651] {local_task_job.py:156} INFO - Task exited with return code 0
[2022-12-11 20:24:20,708] {local_task_job.py:273} INFO - 0 downstream tasks scheduled from follow-on schedule check
