[2022-12-11 15:09:52,958] {taskinstance.py:1159} INFO - Dependencies all met for <TaskInstance: first_dag.generate_two_int_task manual__2022-12-11T15:09:49.498431+00:00 [queued]>
[2022-12-11 15:09:52,971] {taskinstance.py:1159} INFO - Dependencies all met for <TaskInstance: first_dag.generate_two_int_task manual__2022-12-11T15:09:49.498431+00:00 [queued]>
[2022-12-11 15:09:52,972] {taskinstance.py:1356} INFO - 
--------------------------------------------------------------------------------
[2022-12-11 15:09:52,973] {taskinstance.py:1357} INFO - Starting attempt 1 of 1
[2022-12-11 15:09:52,974] {taskinstance.py:1358} INFO - 
--------------------------------------------------------------------------------
[2022-12-11 15:09:52,993] {taskinstance.py:1377} INFO - Executing <Task(PythonOperator): generate_two_int_task> on 2022-12-11 15:09:49.498431+00:00
[2022-12-11 15:09:52,998] {standard_task_runner.py:52} INFO - Started process 1994 to run task
[2022-12-11 15:09:53,003] {standard_task_runner.py:79} INFO - Running: ['***', 'tasks', 'run', 'first_dag', 'generate_two_int_task', 'manual__2022-12-11T15:09:49.498431+00:00', '--job-id', '739', '--raw', '--subdir', 'DAGS_FOLDER/first-dag.py', '--cfg-path', '/tmp/tmpknmmizz_', '--error-file', '/tmp/tmp3gq2ur1t']
[2022-12-11 15:09:53,006] {standard_task_runner.py:80} INFO - Job 739: Subtask generate_two_int_task
[2022-12-11 15:09:53,083] {task_command.py:369} INFO - Running <TaskInstance: first_dag.generate_two_int_task manual__2022-12-11T15:09:49.498431+00:00 [running]> on host 7e39590a7807
[2022-12-11 15:09:53,178] {taskinstance.py:1571} INFO - Exporting the following env vars:
AIRFLOW_CTX_DAG_OWNER=***
AIRFLOW_CTX_DAG_ID=first_dag
AIRFLOW_CTX_TASK_ID=generate_two_int_task
AIRFLOW_CTX_EXECUTION_DATE=2022-12-11T15:09:49.498431+00:00
AIRFLOW_CTX_TRY_NUMBER=1
AIRFLOW_CTX_DAG_RUN_ID=manual__2022-12-11T15:09:49.498431+00:00
[2022-12-11 15:09:53,192] {python.py:173} INFO - Done. Returned value was: None
[2022-12-11 15:09:53,213] {taskinstance.py:1400} INFO - Marking task as SUCCESS. dag_id=first_dag, task_id=generate_two_int_task, execution_date=20221211T150949, start_date=20221211T150952, end_date=20221211T150953
[2022-12-11 15:09:53,270] {local_task_job.py:156} INFO - Task exited with return code 0
[2022-12-11 15:09:53,340] {local_task_job.py:273} INFO - 1 downstream tasks scheduled from follow-on schedule check
