[2022-12-04T14:58:54.779+0000] {processor.py:153} INFO - Started process (PID=84) to work on /home/airflow/.local/lib/python3.7/site-packages/airflow/example_dags/example_latest_only_with_trigger.py
[2022-12-04T14:58:54.791+0000] {processor.py:743} INFO - Processing file /home/airflow/.local/lib/python3.7/site-packages/airflow/example_dags/example_latest_only_with_trigger.py for tasks to queue
[2022-12-04T14:58:54.793+0000] {logging_mixin.py:137} INFO - [2022-12-04T14:58:54.793+0000] {dagbag.py:538} INFO - Filling up the DagBag from /home/airflow/.local/lib/python3.7/site-packages/airflow/example_dags/example_latest_only_with_trigger.py
[2022-12-04T14:58:54.892+0000] {processor.py:753} INFO - DAG(s) dict_keys(['latest_only_with_trigger']) retrieved from /home/airflow/.local/lib/python3.7/site-packages/airflow/example_dags/example_latest_only_with_trigger.py
[2022-12-04T14:58:55.144+0000] {logging_mixin.py:137} INFO - [2022-12-04T14:58:55.143+0000] {dag.py:2676} INFO - Sync 1 DAGs
[2022-12-04T14:58:55.277+0000] {logging_mixin.py:137} INFO - [2022-12-04T14:58:55.276+0000] {dag.py:3427} INFO - Setting next_dagrun for latest_only_with_trigger to 2022-12-04T10:58:55.276542+00:00, run_after=2022-12-04T14:58:55.276542+00:00
[2022-12-04T14:58:55.435+0000] {processor.py:175} INFO - Processing /home/airflow/.local/lib/python3.7/site-packages/airflow/example_dags/example_latest_only_with_trigger.py took 0.669 seconds
[2022-12-04T15:19:27.924+0000] {processor.py:153} INFO - Started process (PID=128) to work on /home/airflow/.local/lib/python3.7/site-packages/airflow/example_dags/example_latest_only_with_trigger.py
[2022-12-04T15:19:27.957+0000] {processor.py:743} INFO - Processing file /home/airflow/.local/lib/python3.7/site-packages/airflow/example_dags/example_latest_only_with_trigger.py for tasks to queue
[2022-12-04T15:19:27.981+0000] {logging_mixin.py:137} INFO - [2022-12-04T15:19:27.980+0000] {dagbag.py:538} INFO - Filling up the DagBag from /home/airflow/.local/lib/python3.7/site-packages/airflow/example_dags/example_latest_only_with_trigger.py
[2022-12-04T15:19:28.219+0000] {processor.py:753} INFO - DAG(s) dict_keys(['latest_only_with_trigger']) retrieved from /home/airflow/.local/lib/python3.7/site-packages/airflow/example_dags/example_latest_only_with_trigger.py
[2022-12-04T15:19:29.221+0000] {logging_mixin.py:137} INFO - [2022-12-04T15:19:29.184+0000] {dag.py:2676} INFO - Sync 1 DAGs
[2022-12-04T15:19:30.177+0000] {logging_mixin.py:137} INFO - [2022-12-04T15:19:30.177+0000] {dag.py:3427} INFO - Setting next_dagrun for latest_only_with_trigger to 2022-12-04T11:19:30.147768+00:00, run_after=2022-12-04T15:19:30.147768+00:00
[2022-12-04T15:19:30.658+0000] {processor.py:175} INFO - Processing /home/airflow/.local/lib/python3.7/site-packages/airflow/example_dags/example_latest_only_with_trigger.py took 2.788 seconds
[2022-12-04T15:21:26.407+0000] {processor.py:153} INFO - Started process (PID=237) to work on /home/airflow/.local/lib/python3.7/site-packages/airflow/example_dags/example_latest_only_with_trigger.py
[2022-12-04T15:21:26.436+0000] {processor.py:743} INFO - Processing file /home/airflow/.local/lib/python3.7/site-packages/airflow/example_dags/example_latest_only_with_trigger.py for tasks to queue
[2022-12-04T15:21:26.439+0000] {logging_mixin.py:137} INFO - [2022-12-04T15:21:26.439+0000] {dagbag.py:538} INFO - Filling up the DagBag from /home/airflow/.local/lib/python3.7/site-packages/airflow/example_dags/example_latest_only_with_trigger.py
[2022-12-04T15:21:44.640+0000] {processor.py:753} INFO - DAG(s) dict_keys(['latest_only_with_trigger']) retrieved from /home/airflow/.local/lib/python3.7/site-packages/airflow/example_dags/example_latest_only_with_trigger.py
[2022-12-04T15:21:59.819+0000] {logging_mixin.py:137} INFO - [2022-12-04T15:21:59.810+0000] {dag.py:2676} INFO - Sync 1 DAGs
[2022-12-04T15:22:03.643+0000] {logging_mixin.py:137} INFO - [2022-12-04T15:22:03.565+0000] {dag.py:3427} INFO - Setting next_dagrun for latest_only_with_trigger to 2022-12-04T11:22:03.532205+00:00, run_after=2022-12-04T15:22:03.532205+00:00
[2022-12-04T15:22:05.208+0000] {processor.py:175} INFO - Processing /home/airflow/.local/lib/python3.7/site-packages/airflow/example_dags/example_latest_only_with_trigger.py took 38.851 seconds
[2022-12-04T15:24:03.174+0000] {processor.py:153} INFO - Started process (PID=371) to work on /home/airflow/.local/lib/python3.7/site-packages/airflow/example_dags/example_latest_only_with_trigger.py
[2022-12-04T15:24:03.179+0000] {processor.py:743} INFO - Processing file /home/airflow/.local/lib/python3.7/site-packages/airflow/example_dags/example_latest_only_with_trigger.py for tasks to queue
[2022-12-04T15:24:03.188+0000] {logging_mixin.py:137} INFO - [2022-12-04T15:24:03.184+0000] {dagbag.py:538} INFO - Filling up the DagBag from /home/airflow/.local/lib/python3.7/site-packages/airflow/example_dags/example_latest_only_with_trigger.py
[2022-12-04T15:24:03.269+0000] {processor.py:753} INFO - DAG(s) dict_keys(['latest_only_with_trigger']) retrieved from /home/airflow/.local/lib/python3.7/site-packages/airflow/example_dags/example_latest_only_with_trigger.py
[2022-12-04T15:24:03.811+0000] {logging_mixin.py:137} INFO - [2022-12-04T15:24:03.801+0000] {dag.py:2676} INFO - Sync 1 DAGs
[2022-12-04T15:24:04.100+0000] {logging_mixin.py:137} INFO - [2022-12-04T15:24:04.100+0000] {dag.py:3427} INFO - Setting next_dagrun for latest_only_with_trigger to 2022-12-04T11:24:04.091649+00:00, run_after=2022-12-04T15:24:04.091649+00:00
[2022-12-04T15:24:04.224+0000] {processor.py:175} INFO - Processing /home/airflow/.local/lib/python3.7/site-packages/airflow/example_dags/example_latest_only_with_trigger.py took 1.092 seconds
