[2022-12-04T14:54:45.635+0000] {processor.py:153} INFO - Started process (PID=70) to work on /home/airflow/.local/lib/python3.7/site-packages/airflow/example_dags/example_subdag_operator.py
[2022-12-04T14:54:45.642+0000] {processor.py:743} INFO - Processing file /home/airflow/.local/lib/python3.7/site-packages/airflow/example_dags/example_subdag_operator.py for tasks to queue
[2022-12-04T14:54:45.653+0000] {logging_mixin.py:137} INFO - [2022-12-04T14:54:45.652+0000] {dagbag.py:538} INFO - Filling up the DagBag from /home/airflow/.local/lib/python3.7/site-packages/airflow/example_dags/example_subdag_operator.py
[2022-12-04T14:54:49.617+0000] {processor.py:753} INFO - DAG(s) dict_keys(['example_subdag_operator.section-1', 'example_subdag_operator.section-2', 'example_subdag_operator']) retrieved from /home/airflow/.local/lib/python3.7/site-packages/airflow/example_dags/example_subdag_operator.py
[2022-12-04T14:54:50.095+0000] {logging_mixin.py:137} INFO - [2022-12-04T14:54:50.081+0000] {dag.py:2676} INFO - Sync 3 DAGs
[2022-12-04T14:54:50.418+0000] {logging_mixin.py:137} INFO - [2022-12-04T14:54:50.418+0000] {dag.py:3427} INFO - Setting next_dagrun for example_subdag_operator to 2022-01-01T00:00:00+00:00, run_after=2022-01-01T00:00:00+00:00
[2022-12-04T14:54:50.468+0000] {logging_mixin.py:137} INFO - [2022-12-04T14:54:50.468+0000] {dag.py:3427} INFO - Setting next_dagrun for example_subdag_operator.section-1 to None, run_after=None
[2022-12-04T14:54:50.480+0000] {logging_mixin.py:137} INFO - [2022-12-04T14:54:50.479+0000] {dag.py:3427} INFO - Setting next_dagrun for example_subdag_operator.section-2 to None, run_after=None
[2022-12-04T14:54:50.544+0000] {logging_mixin.py:137} INFO - [2022-12-04T14:54:50.544+0000] {dag.py:2676} INFO - Sync 2 DAGs
[2022-12-04T14:54:50.605+0000] {logging_mixin.py:137} INFO - [2022-12-04T14:54:50.603+0000] {dag.py:3427} INFO - Setting next_dagrun for example_subdag_operator.section-1 to None, run_after=None
[2022-12-04T14:54:50.606+0000] {logging_mixin.py:137} INFO - [2022-12-04T14:54:50.606+0000] {dag.py:3427} INFO - Setting next_dagrun for example_subdag_operator.section-2 to None, run_after=None
[2022-12-04T14:54:50.684+0000] {processor.py:175} INFO - Processing /home/airflow/.local/lib/python3.7/site-packages/airflow/example_dags/example_subdag_operator.py took 5.062 seconds
[2022-12-04T14:58:41.482+0000] {processor.py:153} INFO - Started process (PID=50) to work on /home/airflow/.local/lib/python3.7/site-packages/airflow/example_dags/example_subdag_operator.py
[2022-12-04T14:58:41.510+0000] {processor.py:743} INFO - Processing file /home/airflow/.local/lib/python3.7/site-packages/airflow/example_dags/example_subdag_operator.py for tasks to queue
[2022-12-04T14:58:41.522+0000] {logging_mixin.py:137} INFO - [2022-12-04T14:58:41.522+0000] {dagbag.py:538} INFO - Filling up the DagBag from /home/airflow/.local/lib/python3.7/site-packages/airflow/example_dags/example_subdag_operator.py
[2022-12-04T14:58:41.700+0000] {processor.py:753} INFO - DAG(s) dict_keys(['example_subdag_operator.section-1', 'example_subdag_operator.section-2', 'example_subdag_operator']) retrieved from /home/airflow/.local/lib/python3.7/site-packages/airflow/example_dags/example_subdag_operator.py
[2022-12-04T14:58:41.886+0000] {logging_mixin.py:137} INFO - [2022-12-04T14:58:41.883+0000] {dag.py:2676} INFO - Sync 3 DAGs
[2022-12-04T14:58:41.987+0000] {logging_mixin.py:137} INFO - [2022-12-04T14:58:41.984+0000] {dag.py:3427} INFO - Setting next_dagrun for example_subdag_operator to 2022-01-01T00:00:00+00:00, run_after=2022-01-01T00:00:00+00:00
[2022-12-04T14:58:41.998+0000] {logging_mixin.py:137} INFO - [2022-12-04T14:58:41.997+0000] {dag.py:3427} INFO - Setting next_dagrun for example_subdag_operator.section-1 to None, run_after=None
[2022-12-04T14:58:42.006+0000] {logging_mixin.py:137} INFO - [2022-12-04T14:58:42.005+0000] {dag.py:3427} INFO - Setting next_dagrun for example_subdag_operator.section-2 to None, run_after=None
[2022-12-04T14:58:42.032+0000] {logging_mixin.py:137} INFO - [2022-12-04T14:58:42.031+0000] {dag.py:2676} INFO - Sync 2 DAGs
[2022-12-04T14:58:42.054+0000] {logging_mixin.py:137} INFO - [2022-12-04T14:58:42.054+0000] {dag.py:3427} INFO - Setting next_dagrun for example_subdag_operator.section-1 to None, run_after=None
[2022-12-04T14:58:42.063+0000] {logging_mixin.py:137} INFO - [2022-12-04T14:58:42.060+0000] {dag.py:3427} INFO - Setting next_dagrun for example_subdag_operator.section-2 to None, run_after=None
[2022-12-04T14:58:42.131+0000] {processor.py:175} INFO - Processing /home/airflow/.local/lib/python3.7/site-packages/airflow/example_dags/example_subdag_operator.py took 0.666 seconds
[2022-12-04T15:01:37.371+0000] {processor.py:153} INFO - Started process (PID=139) to work on /home/airflow/.local/lib/python3.7/site-packages/airflow/example_dags/example_subdag_operator.py
[2022-12-04T15:01:37.511+0000] {processor.py:743} INFO - Processing file /home/airflow/.local/lib/python3.7/site-packages/airflow/example_dags/example_subdag_operator.py for tasks to queue
[2022-12-04T15:01:37.626+0000] {logging_mixin.py:137} INFO - [2022-12-04T15:01:37.603+0000] {dagbag.py:538} INFO - Filling up the DagBag from /home/airflow/.local/lib/python3.7/site-packages/airflow/example_dags/example_subdag_operator.py
[2022-12-04T15:01:43.934+0000] {processor.py:753} INFO - DAG(s) dict_keys(['example_subdag_operator.section-1', 'example_subdag_operator.section-2', 'example_subdag_operator']) retrieved from /home/airflow/.local/lib/python3.7/site-packages/airflow/example_dags/example_subdag_operator.py
[2022-12-04T15:01:49.371+0000] {logging_mixin.py:137} INFO - [2022-12-04T15:01:49.371+0000] {dag.py:2676} INFO - Sync 3 DAGs
[2022-12-04T15:01:52.369+0000] {logging_mixin.py:137} INFO - [2022-12-04T15:01:52.339+0000] {dag.py:3427} INFO - Setting next_dagrun for example_subdag_operator to 2022-01-01T00:00:00+00:00, run_after=2022-01-01T00:00:00+00:00
[2022-12-04T15:01:52.678+0000] {logging_mixin.py:137} INFO - [2022-12-04T15:01:52.677+0000] {dag.py:3427} INFO - Setting next_dagrun for example_subdag_operator.section-1 to None, run_after=None
[2022-12-04T15:01:52.726+0000] {logging_mixin.py:137} INFO - [2022-12-04T15:01:52.726+0000] {dag.py:3427} INFO - Setting next_dagrun for example_subdag_operator.section-2 to None, run_after=None
[2022-12-04T15:01:53.368+0000] {logging_mixin.py:137} INFO - [2022-12-04T15:01:53.368+0000] {dag.py:2676} INFO - Sync 2 DAGs
[2022-12-04T15:01:53.401+0000] {logging_mixin.py:137} INFO - [2022-12-04T15:01:53.400+0000] {dag.py:3427} INFO - Setting next_dagrun for example_subdag_operator.section-1 to None, run_after=None
[2022-12-04T15:01:53.405+0000] {logging_mixin.py:137} INFO - [2022-12-04T15:01:53.403+0000] {dag.py:3427} INFO - Setting next_dagrun for example_subdag_operator.section-2 to None, run_after=None
[2022-12-04T15:01:53.704+0000] {processor.py:175} INFO - Processing /home/airflow/.local/lib/python3.7/site-packages/airflow/example_dags/example_subdag_operator.py took 16.674 seconds
