[2022-12-04T14:54:41.548+0000] {processor.py:153} INFO - Started process (PID=69) to work on /home/airflow/.local/lib/python3.7/site-packages/airflow/example_dags/example_short_circuit_operator.py
[2022-12-04T14:54:41.575+0000] {processor.py:743} INFO - Processing file /home/airflow/.local/lib/python3.7/site-packages/airflow/example_dags/example_short_circuit_operator.py for tasks to queue
[2022-12-04T14:54:41.592+0000] {logging_mixin.py:137} INFO - [2022-12-04T14:54:41.592+0000] {dagbag.py:538} INFO - Filling up the DagBag from /home/airflow/.local/lib/python3.7/site-packages/airflow/example_dags/example_short_circuit_operator.py
[2022-12-04T14:54:42.109+0000] {processor.py:753} INFO - DAG(s) dict_keys(['example_short_circuit_operator']) retrieved from /home/airflow/.local/lib/python3.7/site-packages/airflow/example_dags/example_short_circuit_operator.py
[2022-12-04T14:54:42.428+0000] {logging_mixin.py:137} INFO - [2022-12-04T14:54:42.427+0000] {dag.py:2676} INFO - Sync 1 DAGs
[2022-12-04T14:54:42.985+0000] {logging_mixin.py:137} INFO - [2022-12-04T14:54:42.972+0000] {dag.py:3427} INFO - Setting next_dagrun for example_short_circuit_operator to 2022-12-03T14:54:42.946427+00:00, run_after=2022-12-04T14:54:42.946427+00:00
[2022-12-04T14:54:43.690+0000] {processor.py:175} INFO - Processing /home/airflow/.local/lib/python3.7/site-packages/airflow/example_dags/example_short_circuit_operator.py took 2.186 seconds
[2022-12-04T14:58:40.653+0000] {processor.py:153} INFO - Started process (PID=49) to work on /home/airflow/.local/lib/python3.7/site-packages/airflow/example_dags/example_short_circuit_operator.py
[2022-12-04T14:58:40.660+0000] {processor.py:743} INFO - Processing file /home/airflow/.local/lib/python3.7/site-packages/airflow/example_dags/example_short_circuit_operator.py for tasks to queue
[2022-12-04T14:58:40.669+0000] {logging_mixin.py:137} INFO - [2022-12-04T14:58:40.666+0000] {dagbag.py:538} INFO - Filling up the DagBag from /home/airflow/.local/lib/python3.7/site-packages/airflow/example_dags/example_short_circuit_operator.py
[2022-12-04T14:58:40.762+0000] {processor.py:753} INFO - DAG(s) dict_keys(['example_short_circuit_operator']) retrieved from /home/airflow/.local/lib/python3.7/site-packages/airflow/example_dags/example_short_circuit_operator.py
[2022-12-04T14:58:40.919+0000] {logging_mixin.py:137} INFO - [2022-12-04T14:58:40.919+0000] {dag.py:2676} INFO - Sync 1 DAGs
[2022-12-04T14:58:41.016+0000] {logging_mixin.py:137} INFO - [2022-12-04T14:58:41.016+0000] {dag.py:3427} INFO - Setting next_dagrun for example_short_circuit_operator to 2022-12-03T14:58:41.015960+00:00, run_after=2022-12-04T14:58:41.015960+00:00
[2022-12-04T14:58:41.354+0000] {processor.py:175} INFO - Processing /home/airflow/.local/lib/python3.7/site-packages/airflow/example_dags/example_short_circuit_operator.py took 0.747 seconds
[2022-12-04T15:00:11.262+0000] {processor.py:153} INFO - Started process (PID=130) to work on /home/airflow/.local/lib/python3.7/site-packages/airflow/example_dags/example_short_circuit_operator.py
[2022-12-04T15:00:11.341+0000] {processor.py:743} INFO - Processing file /home/airflow/.local/lib/python3.7/site-packages/airflow/example_dags/example_short_circuit_operator.py for tasks to queue
[2022-12-04T15:00:11.345+0000] {logging_mixin.py:137} INFO - [2022-12-04T15:00:11.345+0000] {dagbag.py:538} INFO - Filling up the DagBag from /home/airflow/.local/lib/python3.7/site-packages/airflow/example_dags/example_short_circuit_operator.py
[2022-12-04T15:00:48.039+0000] {processor.py:753} INFO - DAG(s) dict_keys(['example_short_circuit_operator']) retrieved from /home/airflow/.local/lib/python3.7/site-packages/airflow/example_dags/example_short_circuit_operator.py
[2022-12-04T15:06:37.473+0000] {processor.py:153} INFO - Started process (PID=53) to work on /home/airflow/.local/lib/python3.7/site-packages/airflow/example_dags/example_short_circuit_operator.py
[2022-12-04T15:06:37.516+0000] {processor.py:743} INFO - Processing file /home/airflow/.local/lib/python3.7/site-packages/airflow/example_dags/example_short_circuit_operator.py for tasks to queue
[2022-12-04T15:06:37.530+0000] {logging_mixin.py:137} INFO - [2022-12-04T15:06:37.530+0000] {dagbag.py:538} INFO - Filling up the DagBag from /home/airflow/.local/lib/python3.7/site-packages/airflow/example_dags/example_short_circuit_operator.py
[2022-12-04T15:06:38.038+0000] {processor.py:753} INFO - DAG(s) dict_keys(['example_short_circuit_operator']) retrieved from /home/airflow/.local/lib/python3.7/site-packages/airflow/example_dags/example_short_circuit_operator.py
[2022-12-04T15:07:10.577+0000] {logging_mixin.py:137} INFO - [2022-12-04T15:07:10.562+0000] {dag.py:2676} INFO - Sync 1 DAGs
[2022-12-04T15:07:11.264+0000] {logging_mixin.py:137} INFO - [2022-12-04T15:07:11.262+0000] {dag.py:3427} INFO - Setting next_dagrun for example_short_circuit_operator to 2022-12-03T15:07:11.256456+00:00, run_after=2022-12-04T15:07:11.256456+00:00
[2022-12-04T15:07:11.769+0000] {processor.py:175} INFO - Processing /home/airflow/.local/lib/python3.7/site-packages/airflow/example_dags/example_short_circuit_operator.py took 34.328 seconds
[2022-12-04T15:12:34.636+0000] {processor.py:153} INFO - Started process (PID=69) to work on /home/airflow/.local/lib/python3.7/site-packages/airflow/example_dags/example_short_circuit_operator.py
[2022-12-04T15:12:34.650+0000] {processor.py:743} INFO - Processing file /home/airflow/.local/lib/python3.7/site-packages/airflow/example_dags/example_short_circuit_operator.py for tasks to queue
[2022-12-04T15:12:34.663+0000] {logging_mixin.py:137} INFO - [2022-12-04T15:12:34.663+0000] {dagbag.py:538} INFO - Filling up the DagBag from /home/airflow/.local/lib/python3.7/site-packages/airflow/example_dags/example_short_circuit_operator.py
[2022-12-04T15:12:36.071+0000] {processor.py:753} INFO - DAG(s) dict_keys(['example_short_circuit_operator']) retrieved from /home/airflow/.local/lib/python3.7/site-packages/airflow/example_dags/example_short_circuit_operator.py
[2022-12-04T15:12:50.847+0000] {logging_mixin.py:137} INFO - [2022-12-04T15:12:50.650+0000] {dag.py:2676} INFO - Sync 1 DAGs
[2022-12-04T15:12:57.249+0000] {logging_mixin.py:137} INFO - [2022-12-04T15:12:57.232+0000] {dag.py:3427} INFO - Setting next_dagrun for example_short_circuit_operator to 2022-12-03T15:12:57.206721+00:00, run_after=2022-12-04T15:12:57.206721+00:00
[2022-12-04T15:17:37.301+0000] {processor.py:153} INFO - Started process (PID=67) to work on /home/airflow/.local/lib/python3.7/site-packages/airflow/example_dags/example_short_circuit_operator.py
[2022-12-04T15:17:37.313+0000] {processor.py:743} INFO - Processing file /home/airflow/.local/lib/python3.7/site-packages/airflow/example_dags/example_short_circuit_operator.py for tasks to queue
[2022-12-04T15:17:37.325+0000] {logging_mixin.py:137} INFO - [2022-12-04T15:17:37.325+0000] {dagbag.py:538} INFO - Filling up the DagBag from /home/airflow/.local/lib/python3.7/site-packages/airflow/example_dags/example_short_circuit_operator.py
[2022-12-04T15:17:37.430+0000] {processor.py:753} INFO - DAG(s) dict_keys(['example_short_circuit_operator']) retrieved from /home/airflow/.local/lib/python3.7/site-packages/airflow/example_dags/example_short_circuit_operator.py
[2022-12-04T15:17:38.018+0000] {logging_mixin.py:137} INFO - [2022-12-04T15:17:38.016+0000] {dag.py:2676} INFO - Sync 1 DAGs
[2022-12-04T15:17:38.462+0000] {logging_mixin.py:137} INFO - [2022-12-04T15:17:38.462+0000] {dag.py:3427} INFO - Setting next_dagrun for example_short_circuit_operator to 2022-12-03T15:17:38.454835+00:00, run_after=2022-12-04T15:17:38.454835+00:00
[2022-12-04T15:17:38.915+0000] {processor.py:175} INFO - Processing /home/airflow/.local/lib/python3.7/site-packages/airflow/example_dags/example_short_circuit_operator.py took 1.638 seconds
[2022-12-04T15:19:48.706+0000] {processor.py:153} INFO - Started process (PID=155) to work on /home/airflow/.local/lib/python3.7/site-packages/airflow/example_dags/example_short_circuit_operator.py
[2022-12-04T15:19:48.747+0000] {processor.py:743} INFO - Processing file /home/airflow/.local/lib/python3.7/site-packages/airflow/example_dags/example_short_circuit_operator.py for tasks to queue
[2022-12-04T15:19:48.785+0000] {logging_mixin.py:137} INFO - [2022-12-04T15:19:48.785+0000] {dagbag.py:538} INFO - Filling up the DagBag from /home/airflow/.local/lib/python3.7/site-packages/airflow/example_dags/example_short_circuit_operator.py
[2022-12-04T15:19:52.334+0000] {processor.py:753} INFO - DAG(s) dict_keys(['example_short_circuit_operator']) retrieved from /home/airflow/.local/lib/python3.7/site-packages/airflow/example_dags/example_short_circuit_operator.py
[2022-12-04T15:19:54.215+0000] {logging_mixin.py:137} INFO - [2022-12-04T15:19:54.193+0000] {dag.py:2676} INFO - Sync 1 DAGs
[2022-12-04T15:19:54.882+0000] {logging_mixin.py:137} INFO - [2022-12-04T15:19:54.847+0000] {dag.py:3427} INFO - Setting next_dagrun for example_short_circuit_operator to 2022-12-03T15:19:54.808907+00:00, run_after=2022-12-04T15:19:54.808907+00:00
[2022-12-04T15:19:56.907+0000] {processor.py:175} INFO - Processing /home/airflow/.local/lib/python3.7/site-packages/airflow/example_dags/example_short_circuit_operator.py took 8.303 seconds
[2022-12-04T15:21:11.727+0000] {processor.py:153} INFO - Started process (PID=214) to work on /home/airflow/.local/lib/python3.7/site-packages/airflow/example_dags/example_short_circuit_operator.py
[2022-12-04T15:21:11.746+0000] {processor.py:743} INFO - Processing file /home/airflow/.local/lib/python3.7/site-packages/airflow/example_dags/example_short_circuit_operator.py for tasks to queue
[2022-12-04T15:21:11.764+0000] {logging_mixin.py:137} INFO - [2022-12-04T15:21:11.763+0000] {dagbag.py:538} INFO - Filling up the DagBag from /home/airflow/.local/lib/python3.7/site-packages/airflow/example_dags/example_short_circuit_operator.py
[2022-12-04T15:21:12.067+0000] {processor.py:753} INFO - DAG(s) dict_keys(['example_short_circuit_operator']) retrieved from /home/airflow/.local/lib/python3.7/site-packages/airflow/example_dags/example_short_circuit_operator.py
[2022-12-04T15:21:12.824+0000] {logging_mixin.py:137} INFO - [2022-12-04T15:21:12.823+0000] {dag.py:2676} INFO - Sync 1 DAGs
[2022-12-04T15:21:13.154+0000] {logging_mixin.py:137} INFO - [2022-12-04T15:21:13.154+0000] {dag.py:3427} INFO - Setting next_dagrun for example_short_circuit_operator to 2022-12-03T15:21:13.154186+00:00, run_after=2022-12-04T15:21:13.154186+00:00
[2022-12-04T15:21:13.454+0000] {processor.py:175} INFO - Processing /home/airflow/.local/lib/python3.7/site-packages/airflow/example_dags/example_short_circuit_operator.py took 1.784 seconds
[2022-12-04T15:22:19.797+0000] {processor.py:153} INFO - Started process (PID=273) to work on /home/airflow/.local/lib/python3.7/site-packages/airflow/example_dags/example_short_circuit_operator.py
[2022-12-04T15:22:19.808+0000] {processor.py:743} INFO - Processing file /home/airflow/.local/lib/python3.7/site-packages/airflow/example_dags/example_short_circuit_operator.py for tasks to queue
[2022-12-04T15:22:19.820+0000] {logging_mixin.py:137} INFO - [2022-12-04T15:22:19.819+0000] {dagbag.py:538} INFO - Filling up the DagBag from /home/airflow/.local/lib/python3.7/site-packages/airflow/example_dags/example_short_circuit_operator.py
[2022-12-04T15:22:20.251+0000] {processor.py:753} INFO - DAG(s) dict_keys(['example_short_circuit_operator']) retrieved from /home/airflow/.local/lib/python3.7/site-packages/airflow/example_dags/example_short_circuit_operator.py
[2022-12-04T15:22:20.980+0000] {logging_mixin.py:137} INFO - [2022-12-04T15:22:20.979+0000] {dag.py:2676} INFO - Sync 1 DAGs
[2022-12-04T15:22:21.558+0000] {logging_mixin.py:137} INFO - [2022-12-04T15:22:21.558+0000] {dag.py:3427} INFO - Setting next_dagrun for example_short_circuit_operator to 2022-12-03T15:22:21.534513+00:00, run_after=2022-12-04T15:22:21.534513+00:00
[2022-12-04T15:22:21.914+0000] {processor.py:175} INFO - Processing /home/airflow/.local/lib/python3.7/site-packages/airflow/example_dags/example_short_circuit_operator.py took 2.209 seconds
[2022-12-04T15:23:47.663+0000] {processor.py:153} INFO - Started process (PID=349) to work on /home/airflow/.local/lib/python3.7/site-packages/airflow/example_dags/example_short_circuit_operator.py
[2022-12-04T15:23:47.683+0000] {processor.py:743} INFO - Processing file /home/airflow/.local/lib/python3.7/site-packages/airflow/example_dags/example_short_circuit_operator.py for tasks to queue
[2022-12-04T15:23:47.725+0000] {logging_mixin.py:137} INFO - [2022-12-04T15:23:47.710+0000] {dagbag.py:538} INFO - Filling up the DagBag from /home/airflow/.local/lib/python3.7/site-packages/airflow/example_dags/example_short_circuit_operator.py
[2022-12-04T15:23:48.107+0000] {processor.py:753} INFO - DAG(s) dict_keys(['example_short_circuit_operator']) retrieved from /home/airflow/.local/lib/python3.7/site-packages/airflow/example_dags/example_short_circuit_operator.py
[2022-12-04T15:23:48.713+0000] {logging_mixin.py:137} INFO - [2022-12-04T15:23:48.695+0000] {dag.py:2676} INFO - Sync 1 DAGs
[2022-12-04T15:23:49.276+0000] {logging_mixin.py:137} INFO - [2022-12-04T15:23:49.264+0000] {dag.py:3427} INFO - Setting next_dagrun for example_short_circuit_operator to 2022-12-03T15:23:49.264418+00:00, run_after=2022-12-04T15:23:49.264418+00:00
[2022-12-04T15:23:49.662+0000] {processor.py:175} INFO - Processing /home/airflow/.local/lib/python3.7/site-packages/airflow/example_dags/example_short_circuit_operator.py took 2.123 seconds
