[2022-12-04T14:58:53.698+0000] {processor.py:153} INFO - Started process (PID=80) to work on /home/airflow/.local/lib/python3.7/site-packages/airflow/example_dags/example_trigger_controller_dag.py
[2022-12-04T14:58:53.705+0000] {processor.py:743} INFO - Processing file /home/airflow/.local/lib/python3.7/site-packages/airflow/example_dags/example_trigger_controller_dag.py for tasks to queue
[2022-12-04T14:58:53.709+0000] {logging_mixin.py:137} INFO - [2022-12-04T14:58:53.709+0000] {dagbag.py:538} INFO - Filling up the DagBag from /home/airflow/.local/lib/python3.7/site-packages/airflow/example_dags/example_trigger_controller_dag.py
[2022-12-04T14:58:53.895+0000] {processor.py:753} INFO - DAG(s) dict_keys(['example_trigger_controller_dag']) retrieved from /home/airflow/.local/lib/python3.7/site-packages/airflow/example_dags/example_trigger_controller_dag.py
[2022-12-04T14:58:54.152+0000] {logging_mixin.py:137} INFO - [2022-12-04T14:58:54.151+0000] {dag.py:2676} INFO - Sync 1 DAGs
[2022-12-04T14:58:54.448+0000] {logging_mixin.py:137} INFO - [2022-12-04T14:58:54.448+0000] {dag.py:3427} INFO - Setting next_dagrun for example_trigger_controller_dag to 2021-01-01T00:00:00+00:00, run_after=2021-01-01T00:00:00+00:00
[2022-12-04T14:58:54.491+0000] {processor.py:175} INFO - Processing /home/airflow/.local/lib/python3.7/site-packages/airflow/example_dags/example_trigger_controller_dag.py took 0.812 seconds
[2022-12-04T15:19:21.102+0000] {processor.py:153} INFO - Started process (PID=117) to work on /home/airflow/.local/lib/python3.7/site-packages/airflow/example_dags/example_trigger_controller_dag.py
[2022-12-04T15:19:21.149+0000] {processor.py:743} INFO - Processing file /home/airflow/.local/lib/python3.7/site-packages/airflow/example_dags/example_trigger_controller_dag.py for tasks to queue
[2022-12-04T15:19:21.152+0000] {logging_mixin.py:137} INFO - [2022-12-04T15:19:21.152+0000] {dagbag.py:538} INFO - Filling up the DagBag from /home/airflow/.local/lib/python3.7/site-packages/airflow/example_dags/example_trigger_controller_dag.py
[2022-12-04T15:19:21.514+0000] {processor.py:753} INFO - DAG(s) dict_keys(['example_trigger_controller_dag']) retrieved from /home/airflow/.local/lib/python3.7/site-packages/airflow/example_dags/example_trigger_controller_dag.py
[2022-12-04T15:19:22.241+0000] {logging_mixin.py:137} INFO - [2022-12-04T15:19:22.241+0000] {dag.py:2676} INFO - Sync 1 DAGs
[2022-12-04T15:19:23.029+0000] {logging_mixin.py:137} INFO - [2022-12-04T15:19:23.029+0000] {dag.py:3427} INFO - Setting next_dagrun for example_trigger_controller_dag to 2021-01-01T00:00:00+00:00, run_after=2021-01-01T00:00:00+00:00
[2022-12-04T15:19:23.762+0000] {processor.py:175} INFO - Processing /home/airflow/.local/lib/python3.7/site-packages/airflow/example_dags/example_trigger_controller_dag.py took 2.736 seconds
[2022-12-04T15:21:21.202+0000] {processor.py:153} INFO - Started process (PID=226) to work on /home/airflow/.local/lib/python3.7/site-packages/airflow/example_dags/example_trigger_controller_dag.py
[2022-12-04T15:21:21.213+0000] {processor.py:743} INFO - Processing file /home/airflow/.local/lib/python3.7/site-packages/airflow/example_dags/example_trigger_controller_dag.py for tasks to queue
[2022-12-04T15:21:21.228+0000] {logging_mixin.py:137} INFO - [2022-12-04T15:21:21.225+0000] {dagbag.py:538} INFO - Filling up the DagBag from /home/airflow/.local/lib/python3.7/site-packages/airflow/example_dags/example_trigger_controller_dag.py
[2022-12-04T15:21:21.349+0000] {processor.py:753} INFO - DAG(s) dict_keys(['example_trigger_controller_dag']) retrieved from /home/airflow/.local/lib/python3.7/site-packages/airflow/example_dags/example_trigger_controller_dag.py
[2022-12-04T15:21:21.916+0000] {logging_mixin.py:137} INFO - [2022-12-04T15:21:21.916+0000] {dag.py:2676} INFO - Sync 1 DAGs
[2022-12-04T15:21:21.957+0000] {logging_mixin.py:137} INFO - [2022-12-04T15:21:21.957+0000] {dag.py:3427} INFO - Setting next_dagrun for example_trigger_controller_dag to 2021-01-01T00:00:00+00:00, run_after=2021-01-01T00:00:00+00:00
[2022-12-04T15:21:22.215+0000] {processor.py:175} INFO - Processing /home/airflow/.local/lib/python3.7/site-packages/airflow/example_dags/example_trigger_controller_dag.py took 1.046 seconds
[2022-12-04T15:23:40.767+0000] {processor.py:153} INFO - Started process (PID=335) to work on /home/airflow/.local/lib/python3.7/site-packages/airflow/example_dags/example_trigger_controller_dag.py
[2022-12-04T15:23:40.786+0000] {processor.py:743} INFO - Processing file /home/airflow/.local/lib/python3.7/site-packages/airflow/example_dags/example_trigger_controller_dag.py for tasks to queue
[2022-12-04T15:23:40.810+0000] {logging_mixin.py:137} INFO - [2022-12-04T15:23:40.809+0000] {dagbag.py:538} INFO - Filling up the DagBag from /home/airflow/.local/lib/python3.7/site-packages/airflow/example_dags/example_trigger_controller_dag.py
[2022-12-04T15:23:41.096+0000] {processor.py:753} INFO - DAG(s) dict_keys(['example_trigger_controller_dag']) retrieved from /home/airflow/.local/lib/python3.7/site-packages/airflow/example_dags/example_trigger_controller_dag.py
[2022-12-04T15:23:41.711+0000] {logging_mixin.py:137} INFO - [2022-12-04T15:23:41.711+0000] {dag.py:2676} INFO - Sync 1 DAGs
[2022-12-04T15:23:42.224+0000] {logging_mixin.py:137} INFO - [2022-12-04T15:23:42.223+0000] {dag.py:3427} INFO - Setting next_dagrun for example_trigger_controller_dag to 2021-01-01T00:00:00+00:00, run_after=2021-01-01T00:00:00+00:00
[2022-12-04T15:23:42.526+0000] {processor.py:175} INFO - Processing /home/airflow/.local/lib/python3.7/site-packages/airflow/example_dags/example_trigger_controller_dag.py took 1.805 seconds
