[2022-12-04T14:58:55.475+0000] {processor.py:153} INFO - Started process (PID=85) to work on /home/airflow/.local/lib/python3.7/site-packages/airflow/example_dags/example_nested_branch_dag.py
[2022-12-04T14:58:55.485+0000] {processor.py:743} INFO - Processing file /home/airflow/.local/lib/python3.7/site-packages/airflow/example_dags/example_nested_branch_dag.py for tasks to queue
[2022-12-04T14:58:55.489+0000] {logging_mixin.py:137} INFO - [2022-12-04T14:58:55.488+0000] {dagbag.py:538} INFO - Filling up the DagBag from /home/airflow/.local/lib/python3.7/site-packages/airflow/example_dags/example_nested_branch_dag.py
[2022-12-04T14:58:55.720+0000] {processor.py:753} INFO - DAG(s) dict_keys(['example_nested_branch_dag']) retrieved from /home/airflow/.local/lib/python3.7/site-packages/airflow/example_dags/example_nested_branch_dag.py
[2022-12-04T14:58:56.016+0000] {logging_mixin.py:137} INFO - [2022-12-04T14:58:56.016+0000] {dag.py:2676} INFO - Sync 1 DAGs
[2022-12-04T14:58:56.124+0000] {logging_mixin.py:137} INFO - [2022-12-04T14:58:56.123+0000] {dag.py:3427} INFO - Setting next_dagrun for example_nested_branch_dag to 2022-12-03T00:00:00+00:00, run_after=2022-12-04T00:00:00+00:00
[2022-12-04T14:58:56.309+0000] {processor.py:175} INFO - Processing /home/airflow/.local/lib/python3.7/site-packages/airflow/example_dags/example_nested_branch_dag.py took 0.844 seconds
[2022-12-04T15:19:28.410+0000] {processor.py:153} INFO - Started process (PID=129) to work on /home/airflow/.local/lib/python3.7/site-packages/airflow/example_dags/example_nested_branch_dag.py
[2022-12-04T15:19:28.430+0000] {processor.py:743} INFO - Processing file /home/airflow/.local/lib/python3.7/site-packages/airflow/example_dags/example_nested_branch_dag.py for tasks to queue
[2022-12-04T15:19:28.439+0000] {logging_mixin.py:137} INFO - [2022-12-04T15:19:28.439+0000] {dagbag.py:538} INFO - Filling up the DagBag from /home/airflow/.local/lib/python3.7/site-packages/airflow/example_dags/example_nested_branch_dag.py
[2022-12-04T15:19:29.491+0000] {processor.py:753} INFO - DAG(s) dict_keys(['example_nested_branch_dag']) retrieved from /home/airflow/.local/lib/python3.7/site-packages/airflow/example_dags/example_nested_branch_dag.py
[2022-12-04T15:19:30.563+0000] {logging_mixin.py:137} INFO - [2022-12-04T15:19:30.563+0000] {dag.py:2676} INFO - Sync 1 DAGs
[2022-12-04T15:19:31.266+0000] {logging_mixin.py:137} INFO - [2022-12-04T15:19:31.266+0000] {dag.py:3427} INFO - Setting next_dagrun for example_nested_branch_dag to 2022-12-03T00:00:00+00:00, run_after=2022-12-04T00:00:00+00:00
[2022-12-04T15:19:31.703+0000] {processor.py:175} INFO - Processing /home/airflow/.local/lib/python3.7/site-packages/airflow/example_dags/example_nested_branch_dag.py took 3.352 seconds
[2022-12-04T15:21:48.674+0000] {processor.py:153} INFO - Started process (PID=246) to work on /home/airflow/.local/lib/python3.7/site-packages/airflow/example_dags/example_nested_branch_dag.py
[2022-12-04T15:21:48.801+0000] {processor.py:743} INFO - Processing file /home/airflow/.local/lib/python3.7/site-packages/airflow/example_dags/example_nested_branch_dag.py for tasks to queue
[2022-12-04T15:21:48.845+0000] {logging_mixin.py:137} INFO - [2022-12-04T15:21:48.843+0000] {dagbag.py:538} INFO - Filling up the DagBag from /home/airflow/.local/lib/python3.7/site-packages/airflow/example_dags/example_nested_branch_dag.py
[2022-12-04T15:21:56.790+0000] {processor.py:753} INFO - DAG(s) dict_keys(['example_nested_branch_dag']) retrieved from /home/airflow/.local/lib/python3.7/site-packages/airflow/example_dags/example_nested_branch_dag.py
[2022-12-04T15:22:05.844+0000] {logging_mixin.py:137} INFO - [2022-12-04T15:22:05.777+0000] {dag.py:2676} INFO - Sync 1 DAGs
[2022-12-04T15:22:07.020+0000] {logging_mixin.py:137} INFO - [2022-12-04T15:22:07.020+0000] {dag.py:3427} INFO - Setting next_dagrun for example_nested_branch_dag to 2022-12-03T00:00:00+00:00, run_after=2022-12-04T00:00:00+00:00
[2022-12-04T15:22:07.467+0000] {processor.py:175} INFO - Processing /home/airflow/.local/lib/python3.7/site-packages/airflow/example_dags/example_nested_branch_dag.py took 19.575 seconds
[2022-12-04T15:24:03.664+0000] {processor.py:153} INFO - Started process (PID=372) to work on /home/airflow/.local/lib/python3.7/site-packages/airflow/example_dags/example_nested_branch_dag.py
[2022-12-04T15:24:03.688+0000] {processor.py:743} INFO - Processing file /home/airflow/.local/lib/python3.7/site-packages/airflow/example_dags/example_nested_branch_dag.py for tasks to queue
[2022-12-04T15:24:03.706+0000] {logging_mixin.py:137} INFO - [2022-12-04T15:24:03.705+0000] {dagbag.py:538} INFO - Filling up the DagBag from /home/airflow/.local/lib/python3.7/site-packages/airflow/example_dags/example_nested_branch_dag.py
[2022-12-04T15:24:03.990+0000] {processor.py:753} INFO - DAG(s) dict_keys(['example_nested_branch_dag']) retrieved from /home/airflow/.local/lib/python3.7/site-packages/airflow/example_dags/example_nested_branch_dag.py
[2022-12-04T15:24:04.366+0000] {logging_mixin.py:137} INFO - [2022-12-04T15:24:04.365+0000] {dag.py:2676} INFO - Sync 1 DAGs
[2022-12-04T15:24:04.670+0000] {logging_mixin.py:137} INFO - [2022-12-04T15:24:04.670+0000] {dag.py:3427} INFO - Setting next_dagrun for example_nested_branch_dag to 2022-12-03T00:00:00+00:00, run_after=2022-12-04T00:00:00+00:00
[2022-12-04T15:24:04.860+0000] {processor.py:175} INFO - Processing /home/airflow/.local/lib/python3.7/site-packages/airflow/example_dags/example_nested_branch_dag.py took 1.232 seconds
