[2022-12-04T14:54:39.522+0000] {processor.py:153} INFO - Started process (PID=67) to work on /home/airflow/.local/lib/python3.7/site-packages/airflow/example_dags/example_complex.py
[2022-12-04T14:54:39.525+0000] {processor.py:743} INFO - Processing file /home/airflow/.local/lib/python3.7/site-packages/airflow/example_dags/example_complex.py for tasks to queue
[2022-12-04T14:54:39.527+0000] {logging_mixin.py:137} INFO - [2022-12-04T14:54:39.527+0000] {dagbag.py:538} INFO - Filling up the DagBag from /home/airflow/.local/lib/python3.7/site-packages/airflow/example_dags/example_complex.py
[2022-12-04T14:54:39.554+0000] {logging_mixin.py:137} INFO - [2022-12-04T14:54:39.554+0000] {taskmixin.py:205} WARNING - Dependency <Task(BashOperator): create_entry_group>, delete_entry_group already registered for DAG: example_complex
[2022-12-04T14:54:39.556+0000] {logging_mixin.py:137} INFO - [2022-12-04T14:54:39.556+0000] {taskmixin.py:205} WARNING - Dependency <Task(BashOperator): delete_entry_group>, create_entry_group already registered for DAG: example_complex
[2022-12-04T14:54:39.561+0000] {logging_mixin.py:137} INFO - [2022-12-04T14:54:39.561+0000] {taskmixin.py:205} WARNING - Dependency <Task(BashOperator): create_entry_gcs>, delete_entry already registered for DAG: example_complex
[2022-12-04T14:54:39.564+0000] {logging_mixin.py:137} INFO - [2022-12-04T14:54:39.564+0000] {taskmixin.py:205} WARNING - Dependency <Task(BashOperator): delete_entry>, create_entry_gcs already registered for DAG: example_complex
[2022-12-04T14:54:39.566+0000] {logging_mixin.py:137} INFO - [2022-12-04T14:54:39.566+0000] {taskmixin.py:205} WARNING - Dependency <Task(BashOperator): create_tag>, delete_tag already registered for DAG: example_complex
[2022-12-04T14:54:39.567+0000] {logging_mixin.py:137} INFO - [2022-12-04T14:54:39.567+0000] {taskmixin.py:205} WARNING - Dependency <Task(BashOperator): delete_tag>, create_tag already registered for DAG: example_complex
[2022-12-04T14:54:39.579+0000] {processor.py:753} INFO - DAG(s) dict_keys(['example_complex']) retrieved from /home/airflow/.local/lib/python3.7/site-packages/airflow/example_dags/example_complex.py
[2022-12-04T14:54:39.979+0000] {logging_mixin.py:137} INFO - [2022-12-04T14:54:39.979+0000] {dag.py:2676} INFO - Sync 1 DAGs
[2022-12-04T14:54:40.510+0000] {logging_mixin.py:137} INFO - [2022-12-04T14:54:40.510+0000] {dag.py:3427} INFO - Setting next_dagrun for example_complex to None, run_after=None
[2022-12-04T14:54:40.760+0000] {processor.py:175} INFO - Processing /home/airflow/.local/lib/python3.7/site-packages/airflow/example_dags/example_complex.py took 1.242 seconds
[2022-12-04T14:58:39.803+0000] {processor.py:153} INFO - Started process (PID=47) to work on /home/airflow/.local/lib/python3.7/site-packages/airflow/example_dags/example_complex.py
[2022-12-04T14:58:39.813+0000] {processor.py:743} INFO - Processing file /home/airflow/.local/lib/python3.7/site-packages/airflow/example_dags/example_complex.py for tasks to queue
[2022-12-04T14:58:39.821+0000] {logging_mixin.py:137} INFO - [2022-12-04T14:58:39.819+0000] {dagbag.py:538} INFO - Filling up the DagBag from /home/airflow/.local/lib/python3.7/site-packages/airflow/example_dags/example_complex.py
[2022-12-04T14:58:39.893+0000] {logging_mixin.py:137} INFO - [2022-12-04T14:58:39.892+0000] {taskmixin.py:205} WARNING - Dependency <Task(BashOperator): create_entry_group>, delete_entry_group already registered for DAG: example_complex
[2022-12-04T14:58:39.898+0000] {logging_mixin.py:137} INFO - [2022-12-04T14:58:39.897+0000] {taskmixin.py:205} WARNING - Dependency <Task(BashOperator): delete_entry_group>, create_entry_group already registered for DAG: example_complex
[2022-12-04T14:58:39.903+0000] {logging_mixin.py:137} INFO - [2022-12-04T14:58:39.901+0000] {taskmixin.py:205} WARNING - Dependency <Task(BashOperator): create_entry_gcs>, delete_entry already registered for DAG: example_complex
[2022-12-04T14:58:39.919+0000] {logging_mixin.py:137} INFO - [2022-12-04T14:58:39.914+0000] {taskmixin.py:205} WARNING - Dependency <Task(BashOperator): delete_entry>, create_entry_gcs already registered for DAG: example_complex
[2022-12-04T14:58:39.928+0000] {logging_mixin.py:137} INFO - [2022-12-04T14:58:39.927+0000] {taskmixin.py:205} WARNING - Dependency <Task(BashOperator): create_tag>, delete_tag already registered for DAG: example_complex
[2022-12-04T14:58:39.930+0000] {logging_mixin.py:137} INFO - [2022-12-04T14:58:39.929+0000] {taskmixin.py:205} WARNING - Dependency <Task(BashOperator): delete_tag>, create_tag already registered for DAG: example_complex
[2022-12-04T14:58:39.951+0000] {processor.py:753} INFO - DAG(s) dict_keys(['example_complex']) retrieved from /home/airflow/.local/lib/python3.7/site-packages/airflow/example_dags/example_complex.py
[2022-12-04T14:58:40.290+0000] {logging_mixin.py:137} INFO - [2022-12-04T14:58:40.289+0000] {dag.py:2676} INFO - Sync 1 DAGs
[2022-12-04T14:58:40.438+0000] {logging_mixin.py:137} INFO - [2022-12-04T14:58:40.438+0000] {dag.py:3427} INFO - Setting next_dagrun for example_complex to None, run_after=None
[2022-12-04T14:58:40.528+0000] {processor.py:175} INFO - Processing /home/airflow/.local/lib/python3.7/site-packages/airflow/example_dags/example_complex.py took 0.743 seconds
[2022-12-04T14:59:39.187+0000] {processor.py:153} INFO - Started process (PID=111) to work on /home/airflow/.local/lib/python3.7/site-packages/airflow/example_dags/example_complex.py
[2022-12-04T14:59:39.286+0000] {processor.py:743} INFO - Processing file /home/airflow/.local/lib/python3.7/site-packages/airflow/example_dags/example_complex.py for tasks to queue
[2022-12-04T14:59:39.498+0000] {logging_mixin.py:137} INFO - [2022-12-04T14:59:39.447+0000] {dagbag.py:538} INFO - Filling up the DagBag from /home/airflow/.local/lib/python3.7/site-packages/airflow/example_dags/example_complex.py
[2022-12-04T14:59:41.762+0000] {logging_mixin.py:137} INFO - [2022-12-04T14:59:41.737+0000] {taskmixin.py:205} WARNING - Dependency <Task(BashOperator): create_entry_group>, delete_entry_group already registered for DAG: example_complex
[2022-12-04T14:59:41.765+0000] {logging_mixin.py:137} INFO - [2022-12-04T14:59:41.765+0000] {taskmixin.py:205} WARNING - Dependency <Task(BashOperator): delete_entry_group>, create_entry_group already registered for DAG: example_complex
[2022-12-04T14:59:41.767+0000] {logging_mixin.py:137} INFO - [2022-12-04T14:59:41.767+0000] {taskmixin.py:205} WARNING - Dependency <Task(BashOperator): create_entry_gcs>, delete_entry already registered for DAG: example_complex
[2022-12-04T14:59:41.770+0000] {logging_mixin.py:137} INFO - [2022-12-04T14:59:41.769+0000] {taskmixin.py:205} WARNING - Dependency <Task(BashOperator): delete_entry>, create_entry_gcs already registered for DAG: example_complex
[2022-12-04T14:59:41.777+0000] {logging_mixin.py:137} INFO - [2022-12-04T14:59:41.775+0000] {taskmixin.py:205} WARNING - Dependency <Task(BashOperator): create_tag>, delete_tag already registered for DAG: example_complex
[2022-12-04T14:59:41.780+0000] {logging_mixin.py:137} INFO - [2022-12-04T14:59:41.780+0000] {taskmixin.py:205} WARNING - Dependency <Task(BashOperator): delete_tag>, create_tag already registered for DAG: example_complex
[2022-12-04T14:59:44.246+0000] {processor.py:753} INFO - DAG(s) dict_keys(['example_complex']) retrieved from /home/airflow/.local/lib/python3.7/site-packages/airflow/example_dags/example_complex.py
[2022-12-04T14:59:59.171+0000] {logging_mixin.py:137} INFO - [2022-12-04T14:59:59.151+0000] {dag.py:2676} INFO - Sync 1 DAGs
[2022-12-04T15:00:05.451+0000] {logging_mixin.py:137} INFO - [2022-12-04T15:00:05.422+0000] {dag.py:3427} INFO - Setting next_dagrun for example_complex to None, run_after=None
[2022-12-04T15:00:09.103+0000] {processor.py:175} INFO - Processing /home/airflow/.local/lib/python3.7/site-packages/airflow/example_dags/example_complex.py took 30.553 seconds
[2022-12-04T15:06:32.544+0000] {processor.py:153} INFO - Started process (PID=51) to work on /home/airflow/.local/lib/python3.7/site-packages/airflow/example_dags/example_complex.py
[2022-12-04T15:06:32.616+0000] {processor.py:743} INFO - Processing file /home/airflow/.local/lib/python3.7/site-packages/airflow/example_dags/example_complex.py for tasks to queue
[2022-12-04T15:06:32.799+0000] {logging_mixin.py:137} INFO - [2022-12-04T15:06:32.771+0000] {dagbag.py:538} INFO - Filling up the DagBag from /home/airflow/.local/lib/python3.7/site-packages/airflow/example_dags/example_complex.py
[2022-12-04T15:06:34.949+0000] {logging_mixin.py:137} INFO - [2022-12-04T15:06:34.939+0000] {taskmixin.py:205} WARNING - Dependency <Task(BashOperator): create_entry_group>, delete_entry_group already registered for DAG: example_complex
[2022-12-04T15:06:34.950+0000] {logging_mixin.py:137} INFO - [2022-12-04T15:06:34.950+0000] {taskmixin.py:205} WARNING - Dependency <Task(BashOperator): delete_entry_group>, create_entry_group already registered for DAG: example_complex
[2022-12-04T15:06:34.953+0000] {logging_mixin.py:137} INFO - [2022-12-04T15:06:34.953+0000] {taskmixin.py:205} WARNING - Dependency <Task(BashOperator): create_entry_gcs>, delete_entry already registered for DAG: example_complex
[2022-12-04T15:06:34.956+0000] {logging_mixin.py:137} INFO - [2022-12-04T15:06:34.956+0000] {taskmixin.py:205} WARNING - Dependency <Task(BashOperator): delete_entry>, create_entry_gcs already registered for DAG: example_complex
[2022-12-04T15:06:34.962+0000] {logging_mixin.py:137} INFO - [2022-12-04T15:06:34.961+0000] {taskmixin.py:205} WARNING - Dependency <Task(BashOperator): create_tag>, delete_tag already registered for DAG: example_complex
[2022-12-04T15:06:34.964+0000] {logging_mixin.py:137} INFO - [2022-12-04T15:06:34.964+0000] {taskmixin.py:205} WARNING - Dependency <Task(BashOperator): delete_tag>, create_tag already registered for DAG: example_complex
[2022-12-04T15:06:35.049+0000] {processor.py:753} INFO - DAG(s) dict_keys(['example_complex']) retrieved from /home/airflow/.local/lib/python3.7/site-packages/airflow/example_dags/example_complex.py
[2022-12-04T15:06:35.595+0000] {logging_mixin.py:137} INFO - [2022-12-04T15:06:35.595+0000] {dag.py:2676} INFO - Sync 1 DAGs
[2022-12-04T15:06:36.548+0000] {logging_mixin.py:137} INFO - [2022-12-04T15:06:36.547+0000] {dag.py:3427} INFO - Setting next_dagrun for example_complex to None, run_after=None
[2022-12-04T15:06:37.016+0000] {processor.py:175} INFO - Processing /home/airflow/.local/lib/python3.7/site-packages/airflow/example_dags/example_complex.py took 4.541 seconds
[2022-12-04T15:12:19.848+0000] {processor.py:153} INFO - Started process (PID=65) to work on /home/airflow/.local/lib/python3.7/site-packages/airflow/example_dags/example_complex.py
[2022-12-04T15:12:19.972+0000] {processor.py:743} INFO - Processing file /home/airflow/.local/lib/python3.7/site-packages/airflow/example_dags/example_complex.py for tasks to queue
[2022-12-04T15:12:20.353+0000] {logging_mixin.py:137} INFO - [2022-12-04T15:12:20.107+0000] {dagbag.py:538} INFO - Filling up the DagBag from /home/airflow/.local/lib/python3.7/site-packages/airflow/example_dags/example_complex.py
[2022-12-04T15:12:22.073+0000] {logging_mixin.py:137} INFO - [2022-12-04T15:12:22.069+0000] {taskmixin.py:205} WARNING - Dependency <Task(BashOperator): create_entry_group>, delete_entry_group already registered for DAG: example_complex
[2022-12-04T15:12:22.083+0000] {logging_mixin.py:137} INFO - [2022-12-04T15:12:22.080+0000] {taskmixin.py:205} WARNING - Dependency <Task(BashOperator): delete_entry_group>, create_entry_group already registered for DAG: example_complex
[2022-12-04T15:12:22.090+0000] {logging_mixin.py:137} INFO - [2022-12-04T15:12:22.089+0000] {taskmixin.py:205} WARNING - Dependency <Task(BashOperator): create_entry_gcs>, delete_entry already registered for DAG: example_complex
[2022-12-04T15:12:22.092+0000] {logging_mixin.py:137} INFO - [2022-12-04T15:12:22.092+0000] {taskmixin.py:205} WARNING - Dependency <Task(BashOperator): delete_entry>, create_entry_gcs already registered for DAG: example_complex
[2022-12-04T15:12:22.094+0000] {logging_mixin.py:137} INFO - [2022-12-04T15:12:22.094+0000] {taskmixin.py:205} WARNING - Dependency <Task(BashOperator): create_tag>, delete_tag already registered for DAG: example_complex
[2022-12-04T15:12:22.098+0000] {logging_mixin.py:137} INFO - [2022-12-04T15:12:22.098+0000] {taskmixin.py:205} WARNING - Dependency <Task(BashOperator): delete_tag>, create_tag already registered for DAG: example_complex
[2022-12-04T15:12:25.139+0000] {processor.py:753} INFO - DAG(s) dict_keys(['example_complex']) retrieved from /home/airflow/.local/lib/python3.7/site-packages/airflow/example_dags/example_complex.py
[2022-12-04T15:12:32.543+0000] {logging_mixin.py:137} INFO - [2022-12-04T15:12:32.537+0000] {dag.py:2676} INFO - Sync 1 DAGs
[2022-12-04T15:12:32.977+0000] {logging_mixin.py:137} INFO - [2022-12-04T15:12:32.972+0000] {dag.py:3427} INFO - Setting next_dagrun for example_complex to None, run_after=None
[2022-12-04T15:12:34.251+0000] {processor.py:175} INFO - Processing /home/airflow/.local/lib/python3.7/site-packages/airflow/example_dags/example_complex.py took 14.573 seconds
[2022-12-04T15:17:35.632+0000] {processor.py:153} INFO - Started process (PID=63) to work on /home/airflow/.local/lib/python3.7/site-packages/airflow/example_dags/example_complex.py
[2022-12-04T15:17:35.639+0000] {processor.py:743} INFO - Processing file /home/airflow/.local/lib/python3.7/site-packages/airflow/example_dags/example_complex.py for tasks to queue
[2022-12-04T15:17:35.649+0000] {logging_mixin.py:137} INFO - [2022-12-04T15:17:35.647+0000] {dagbag.py:538} INFO - Filling up the DagBag from /home/airflow/.local/lib/python3.7/site-packages/airflow/example_dags/example_complex.py
[2022-12-04T15:17:35.732+0000] {logging_mixin.py:137} INFO - [2022-12-04T15:17:35.732+0000] {taskmixin.py:205} WARNING - Dependency <Task(BashOperator): create_entry_group>, delete_entry_group already registered for DAG: example_complex
[2022-12-04T15:17:35.738+0000] {logging_mixin.py:137} INFO - [2022-12-04T15:17:35.736+0000] {taskmixin.py:205} WARNING - Dependency <Task(BashOperator): delete_entry_group>, create_entry_group already registered for DAG: example_complex
[2022-12-04T15:17:35.744+0000] {logging_mixin.py:137} INFO - [2022-12-04T15:17:35.742+0000] {taskmixin.py:205} WARNING - Dependency <Task(BashOperator): create_entry_gcs>, delete_entry already registered for DAG: example_complex
[2022-12-04T15:17:35.749+0000] {logging_mixin.py:137} INFO - [2022-12-04T15:17:35.748+0000] {taskmixin.py:205} WARNING - Dependency <Task(BashOperator): delete_entry>, create_entry_gcs already registered for DAG: example_complex
[2022-12-04T15:17:35.756+0000] {logging_mixin.py:137} INFO - [2022-12-04T15:17:35.754+0000] {taskmixin.py:205} WARNING - Dependency <Task(BashOperator): create_tag>, delete_tag already registered for DAG: example_complex
[2022-12-04T15:17:35.764+0000] {logging_mixin.py:137} INFO - [2022-12-04T15:17:35.763+0000] {taskmixin.py:205} WARNING - Dependency <Task(BashOperator): delete_tag>, create_tag already registered for DAG: example_complex
[2022-12-04T15:17:35.808+0000] {processor.py:753} INFO - DAG(s) dict_keys(['example_complex']) retrieved from /home/airflow/.local/lib/python3.7/site-packages/airflow/example_dags/example_complex.py
[2022-12-04T15:17:36.332+0000] {logging_mixin.py:137} INFO - [2022-12-04T15:17:36.331+0000] {dag.py:2676} INFO - Sync 1 DAGs
[2022-12-04T15:17:36.784+0000] {logging_mixin.py:137} INFO - [2022-12-04T15:17:36.784+0000] {dag.py:3427} INFO - Setting next_dagrun for example_complex to None, run_after=None
[2022-12-04T15:17:36.995+0000] {processor.py:175} INFO - Processing /home/airflow/.local/lib/python3.7/site-packages/airflow/example_dags/example_complex.py took 1.385 seconds
[2022-12-04T15:19:44.413+0000] {processor.py:153} INFO - Started process (PID=151) to work on /home/airflow/.local/lib/python3.7/site-packages/airflow/example_dags/example_complex.py
[2022-12-04T15:19:44.416+0000] {processor.py:743} INFO - Processing file /home/airflow/.local/lib/python3.7/site-packages/airflow/example_dags/example_complex.py for tasks to queue
[2022-12-04T15:19:44.419+0000] {logging_mixin.py:137} INFO - [2022-12-04T15:19:44.418+0000] {dagbag.py:538} INFO - Filling up the DagBag from /home/airflow/.local/lib/python3.7/site-packages/airflow/example_dags/example_complex.py
[2022-12-04T15:19:44.999+0000] {logging_mixin.py:137} INFO - [2022-12-04T15:19:44.999+0000] {taskmixin.py:205} WARNING - Dependency <Task(BashOperator): create_entry_group>, delete_entry_group already registered for DAG: example_complex
[2022-12-04T15:19:45.017+0000] {logging_mixin.py:137} INFO - [2022-12-04T15:19:45.017+0000] {taskmixin.py:205} WARNING - Dependency <Task(BashOperator): delete_entry_group>, create_entry_group already registered for DAG: example_complex
[2022-12-04T15:19:45.029+0000] {logging_mixin.py:137} INFO - [2022-12-04T15:19:45.029+0000] {taskmixin.py:205} WARNING - Dependency <Task(BashOperator): create_entry_gcs>, delete_entry already registered for DAG: example_complex
[2022-12-04T15:19:45.096+0000] {logging_mixin.py:137} INFO - [2022-12-04T15:19:45.095+0000] {taskmixin.py:205} WARNING - Dependency <Task(BashOperator): delete_entry>, create_entry_gcs already registered for DAG: example_complex
[2022-12-04T15:19:45.117+0000] {logging_mixin.py:137} INFO - [2022-12-04T15:19:45.117+0000] {taskmixin.py:205} WARNING - Dependency <Task(BashOperator): create_tag>, delete_tag already registered for DAG: example_complex
[2022-12-04T15:19:45.155+0000] {logging_mixin.py:137} INFO - [2022-12-04T15:19:45.155+0000] {taskmixin.py:205} WARNING - Dependency <Task(BashOperator): delete_tag>, create_tag already registered for DAG: example_complex
[2022-12-04T15:19:45.563+0000] {processor.py:753} INFO - DAG(s) dict_keys(['example_complex']) retrieved from /home/airflow/.local/lib/python3.7/site-packages/airflow/example_dags/example_complex.py
[2022-12-04T15:19:47.072+0000] {logging_mixin.py:137} INFO - [2022-12-04T15:19:47.065+0000] {dag.py:2676} INFO - Sync 1 DAGs
[2022-12-04T15:19:47.531+0000] {logging_mixin.py:137} INFO - [2022-12-04T15:19:47.528+0000] {dag.py:3427} INFO - Setting next_dagrun for example_complex to None, run_after=None
[2022-12-04T15:19:48.261+0000] {processor.py:175} INFO - Processing /home/airflow/.local/lib/python3.7/site-packages/airflow/example_dags/example_complex.py took 3.903 seconds
[2022-12-04T15:21:08.776+0000] {processor.py:153} INFO - Started process (PID=210) to work on /home/airflow/.local/lib/python3.7/site-packages/airflow/example_dags/example_complex.py
[2022-12-04T15:21:08.805+0000] {processor.py:743} INFO - Processing file /home/airflow/.local/lib/python3.7/site-packages/airflow/example_dags/example_complex.py for tasks to queue
[2022-12-04T15:21:08.810+0000] {logging_mixin.py:137} INFO - [2022-12-04T15:21:08.810+0000] {dagbag.py:538} INFO - Filling up the DagBag from /home/airflow/.local/lib/python3.7/site-packages/airflow/example_dags/example_complex.py
[2022-12-04T15:21:09.019+0000] {logging_mixin.py:137} INFO - [2022-12-04T15:21:09.019+0000] {taskmixin.py:205} WARNING - Dependency <Task(BashOperator): create_entry_group>, delete_entry_group already registered for DAG: example_complex
[2022-12-04T15:21:09.021+0000] {logging_mixin.py:137} INFO - [2022-12-04T15:21:09.021+0000] {taskmixin.py:205} WARNING - Dependency <Task(BashOperator): delete_entry_group>, create_entry_group already registered for DAG: example_complex
[2022-12-04T15:21:09.024+0000] {logging_mixin.py:137} INFO - [2022-12-04T15:21:09.023+0000] {taskmixin.py:205} WARNING - Dependency <Task(BashOperator): create_entry_gcs>, delete_entry already registered for DAG: example_complex
[2022-12-04T15:21:09.028+0000] {logging_mixin.py:137} INFO - [2022-12-04T15:21:09.028+0000] {taskmixin.py:205} WARNING - Dependency <Task(BashOperator): delete_entry>, create_entry_gcs already registered for DAG: example_complex
[2022-12-04T15:21:09.036+0000] {logging_mixin.py:137} INFO - [2022-12-04T15:21:09.036+0000] {taskmixin.py:205} WARNING - Dependency <Task(BashOperator): create_tag>, delete_tag already registered for DAG: example_complex
[2022-12-04T15:21:09.038+0000] {logging_mixin.py:137} INFO - [2022-12-04T15:21:09.038+0000] {taskmixin.py:205} WARNING - Dependency <Task(BashOperator): delete_tag>, create_tag already registered for DAG: example_complex
[2022-12-04T15:21:09.182+0000] {processor.py:753} INFO - DAG(s) dict_keys(['example_complex']) retrieved from /home/airflow/.local/lib/python3.7/site-packages/airflow/example_dags/example_complex.py
[2022-12-04T15:21:10.260+0000] {logging_mixin.py:137} INFO - [2022-12-04T15:21:10.260+0000] {dag.py:2676} INFO - Sync 1 DAGs
[2022-12-04T15:21:10.947+0000] {logging_mixin.py:137} INFO - [2022-12-04T15:21:10.946+0000] {dag.py:3427} INFO - Setting next_dagrun for example_complex to None, run_after=None
[2022-12-04T15:21:11.391+0000] {processor.py:175} INFO - Processing /home/airflow/.local/lib/python3.7/site-packages/airflow/example_dags/example_complex.py took 2.731 seconds
[2022-12-04T15:22:17.589+0000] {processor.py:153} INFO - Started process (PID=270) to work on /home/airflow/.local/lib/python3.7/site-packages/airflow/example_dags/example_complex.py
[2022-12-04T15:22:17.605+0000] {processor.py:743} INFO - Processing file /home/airflow/.local/lib/python3.7/site-packages/airflow/example_dags/example_complex.py for tasks to queue
[2022-12-04T15:22:17.625+0000] {logging_mixin.py:137} INFO - [2022-12-04T15:22:17.625+0000] {dagbag.py:538} INFO - Filling up the DagBag from /home/airflow/.local/lib/python3.7/site-packages/airflow/example_dags/example_complex.py
[2022-12-04T15:22:18.041+0000] {logging_mixin.py:137} INFO - [2022-12-04T15:22:18.041+0000] {taskmixin.py:205} WARNING - Dependency <Task(BashOperator): create_entry_group>, delete_entry_group already registered for DAG: example_complex
[2022-12-04T15:22:18.043+0000] {logging_mixin.py:137} INFO - [2022-12-04T15:22:18.043+0000] {taskmixin.py:205} WARNING - Dependency <Task(BashOperator): delete_entry_group>, create_entry_group already registered for DAG: example_complex
[2022-12-04T15:22:18.045+0000] {logging_mixin.py:137} INFO - [2022-12-04T15:22:18.045+0000] {taskmixin.py:205} WARNING - Dependency <Task(BashOperator): create_entry_gcs>, delete_entry already registered for DAG: example_complex
[2022-12-04T15:22:18.047+0000] {logging_mixin.py:137} INFO - [2022-12-04T15:22:18.046+0000] {taskmixin.py:205} WARNING - Dependency <Task(BashOperator): delete_entry>, create_entry_gcs already registered for DAG: example_complex
[2022-12-04T15:22:18.048+0000] {logging_mixin.py:137} INFO - [2022-12-04T15:22:18.048+0000] {taskmixin.py:205} WARNING - Dependency <Task(BashOperator): create_tag>, delete_tag already registered for DAG: example_complex
[2022-12-04T15:22:18.049+0000] {logging_mixin.py:137} INFO - [2022-12-04T15:22:18.049+0000] {taskmixin.py:205} WARNING - Dependency <Task(BashOperator): delete_tag>, create_tag already registered for DAG: example_complex
[2022-12-04T15:22:18.228+0000] {processor.py:753} INFO - DAG(s) dict_keys(['example_complex']) retrieved from /home/airflow/.local/lib/python3.7/site-packages/airflow/example_dags/example_complex.py
[2022-12-04T15:22:18.633+0000] {logging_mixin.py:137} INFO - [2022-12-04T15:22:18.633+0000] {dag.py:2676} INFO - Sync 1 DAGs
[2022-12-04T15:22:18.743+0000] {logging_mixin.py:137} INFO - [2022-12-04T15:22:18.743+0000] {dag.py:3427} INFO - Setting next_dagrun for example_complex to None, run_after=None
[2022-12-04T15:22:18.791+0000] {processor.py:175} INFO - Processing /home/airflow/.local/lib/python3.7/site-packages/airflow/example_dags/example_complex.py took 1.292 seconds
[2022-12-04T15:23:45.560+0000] {processor.py:153} INFO - Started process (PID=340) to work on /home/airflow/.local/lib/python3.7/site-packages/airflow/example_dags/example_complex.py
[2022-12-04T15:23:45.585+0000] {processor.py:743} INFO - Processing file /home/airflow/.local/lib/python3.7/site-packages/airflow/example_dags/example_complex.py for tasks to queue
[2022-12-04T15:23:45.591+0000] {logging_mixin.py:137} INFO - [2022-12-04T15:23:45.587+0000] {dagbag.py:538} INFO - Filling up the DagBag from /home/airflow/.local/lib/python3.7/site-packages/airflow/example_dags/example_complex.py
[2022-12-04T15:23:45.795+0000] {logging_mixin.py:137} INFO - [2022-12-04T15:23:45.789+0000] {taskmixin.py:205} WARNING - Dependency <Task(BashOperator): create_entry_group>, delete_entry_group already registered for DAG: example_complex
[2022-12-04T15:23:45.798+0000] {logging_mixin.py:137} INFO - [2022-12-04T15:23:45.798+0000] {taskmixin.py:205} WARNING - Dependency <Task(BashOperator): delete_entry_group>, create_entry_group already registered for DAG: example_complex
[2022-12-04T15:23:45.812+0000] {logging_mixin.py:137} INFO - [2022-12-04T15:23:45.812+0000] {taskmixin.py:205} WARNING - Dependency <Task(BashOperator): create_entry_gcs>, delete_entry already registered for DAG: example_complex
[2022-12-04T15:23:45.815+0000] {logging_mixin.py:137} INFO - [2022-12-04T15:23:45.815+0000] {taskmixin.py:205} WARNING - Dependency <Task(BashOperator): delete_entry>, create_entry_gcs already registered for DAG: example_complex
[2022-12-04T15:23:45.817+0000] {logging_mixin.py:137} INFO - [2022-12-04T15:23:45.817+0000] {taskmixin.py:205} WARNING - Dependency <Task(BashOperator): create_tag>, delete_tag already registered for DAG: example_complex
[2022-12-04T15:23:45.820+0000] {logging_mixin.py:137} INFO - [2022-12-04T15:23:45.820+0000] {taskmixin.py:205} WARNING - Dependency <Task(BashOperator): delete_tag>, create_tag already registered for DAG: example_complex
[2022-12-04T15:23:45.970+0000] {processor.py:753} INFO - DAG(s) dict_keys(['example_complex']) retrieved from /home/airflow/.local/lib/python3.7/site-packages/airflow/example_dags/example_complex.py
[2022-12-04T15:23:46.654+0000] {logging_mixin.py:137} INFO - [2022-12-04T15:23:46.654+0000] {dag.py:2676} INFO - Sync 1 DAGs
[2022-12-04T15:23:47.018+0000] {logging_mixin.py:137} INFO - [2022-12-04T15:23:47.017+0000] {dag.py:3427} INFO - Setting next_dagrun for example_complex to None, run_after=None
[2022-12-04T15:23:47.260+0000] {processor.py:175} INFO - Processing /home/airflow/.local/lib/python3.7/site-packages/airflow/example_dags/example_complex.py took 1.751 seconds
