[2022-12-04T14:54:39.529+0000] {processor.py:153} INFO - Started process (PID=66) to work on /home/airflow/.local/lib/python3.7/site-packages/airflow/example_dags/example_latest_only.py
[2022-12-04T14:54:39.551+0000] {processor.py:743} INFO - Processing file /home/airflow/.local/lib/python3.7/site-packages/airflow/example_dags/example_latest_only.py for tasks to queue
[2022-12-04T14:54:39.589+0000] {logging_mixin.py:137} INFO - [2022-12-04T14:54:39.584+0000] {dagbag.py:538} INFO - Filling up the DagBag from /home/airflow/.local/lib/python3.7/site-packages/airflow/example_dags/example_latest_only.py
[2022-12-04T14:54:39.883+0000] {processor.py:753} INFO - DAG(s) dict_keys(['latest_only']) retrieved from /home/airflow/.local/lib/python3.7/site-packages/airflow/example_dags/example_latest_only.py
[2022-12-04T14:54:40.564+0000] {logging_mixin.py:137} INFO - [2022-12-04T14:54:40.564+0000] {dag.py:2676} INFO - Sync 1 DAGs
[2022-12-04T14:54:40.818+0000] {logging_mixin.py:137} INFO - [2022-12-04T14:54:40.818+0000] {dag.py:3427} INFO - Setting next_dagrun for latest_only to 2022-12-04T10:54:40.818103+00:00, run_after=2022-12-04T14:54:40.818103+00:00
[2022-12-04T14:54:41.228+0000] {processor.py:175} INFO - Processing /home/airflow/.local/lib/python3.7/site-packages/airflow/example_dags/example_latest_only.py took 1.777 seconds
[2022-12-04T14:58:39.627+0000] {processor.py:153} INFO - Started process (PID=46) to work on /home/airflow/.local/lib/python3.7/site-packages/airflow/example_dags/example_latest_only.py
[2022-12-04T14:58:39.639+0000] {processor.py:743} INFO - Processing file /home/airflow/.local/lib/python3.7/site-packages/airflow/example_dags/example_latest_only.py for tasks to queue
[2022-12-04T14:58:39.648+0000] {logging_mixin.py:137} INFO - [2022-12-04T14:58:39.646+0000] {dagbag.py:538} INFO - Filling up the DagBag from /home/airflow/.local/lib/python3.7/site-packages/airflow/example_dags/example_latest_only.py
[2022-12-04T14:58:39.749+0000] {processor.py:753} INFO - DAG(s) dict_keys(['latest_only']) retrieved from /home/airflow/.local/lib/python3.7/site-packages/airflow/example_dags/example_latest_only.py
[2022-12-04T14:58:39.932+0000] {logging_mixin.py:137} INFO - [2022-12-04T14:58:39.931+0000] {dag.py:2676} INFO - Sync 1 DAGs
[2022-12-04T14:58:40.212+0000] {logging_mixin.py:137} INFO - [2022-12-04T14:58:40.212+0000] {dag.py:3427} INFO - Setting next_dagrun for latest_only to 2022-12-04T10:58:40.212389+00:00, run_after=2022-12-04T14:58:40.212389+00:00
[2022-12-04T14:58:40.401+0000] {processor.py:175} INFO - Processing /home/airflow/.local/lib/python3.7/site-packages/airflow/example_dags/example_latest_only.py took 0.788 seconds
[2022-12-04T14:59:38.197+0000] {processor.py:153} INFO - Started process (PID=110) to work on /home/airflow/.local/lib/python3.7/site-packages/airflow/example_dags/example_latest_only.py
[2022-12-04T14:59:38.229+0000] {processor.py:743} INFO - Processing file /home/airflow/.local/lib/python3.7/site-packages/airflow/example_dags/example_latest_only.py for tasks to queue
[2022-12-04T14:59:38.239+0000] {logging_mixin.py:137} INFO - [2022-12-04T14:59:38.239+0000] {dagbag.py:538} INFO - Filling up the DagBag from /home/airflow/.local/lib/python3.7/site-packages/airflow/example_dags/example_latest_only.py
[2022-12-04T14:59:42.102+0000] {processor.py:753} INFO - DAG(s) dict_keys(['latest_only']) retrieved from /home/airflow/.local/lib/python3.7/site-packages/airflow/example_dags/example_latest_only.py
[2022-12-04T14:59:59.238+0000] {logging_mixin.py:137} INFO - [2022-12-04T14:59:59.232+0000] {dag.py:2676} INFO - Sync 1 DAGs
[2022-12-04T15:00:05.440+0000] {logging_mixin.py:137} INFO - [2022-12-04T15:00:05.383+0000] {dag.py:3427} INFO - Setting next_dagrun for latest_only to 2022-12-04T11:00:05.230618+00:00, run_after=2022-12-04T15:00:05.230618+00:00
[2022-12-04T15:00:09.462+0000] {processor.py:175} INFO - Processing /home/airflow/.local/lib/python3.7/site-packages/airflow/example_dags/example_latest_only.py took 31.814 seconds
