[2022-12-04T14:54:50.459+0000] {processor.py:153} INFO - Started process (PID=80) to work on /home/airflow/.local/lib/python3.7/site-packages/airflow/example_dags/example_short_circuit_decorator.py
[2022-12-04T14:54:50.466+0000] {processor.py:743} INFO - Processing file /home/airflow/.local/lib/python3.7/site-packages/airflow/example_dags/example_short_circuit_decorator.py for tasks to queue
[2022-12-04T14:54:50.487+0000] {logging_mixin.py:137} INFO - [2022-12-04T14:54:50.483+0000] {dagbag.py:538} INFO - Filling up the DagBag from /home/airflow/.local/lib/python3.7/site-packages/airflow/example_dags/example_short_circuit_decorator.py
[2022-12-04T14:54:50.875+0000] {processor.py:753} INFO - DAG(s) dict_keys(['example_short_circuit_decorator']) retrieved from /home/airflow/.local/lib/python3.7/site-packages/airflow/example_dags/example_short_circuit_decorator.py
[2022-12-04T14:54:53.769+0000] {logging_mixin.py:137} INFO - [2022-12-04T14:54:53.769+0000] {dag.py:2676} INFO - Sync 1 DAGs
[2022-12-04T14:54:56.250+0000] {logging_mixin.py:137} INFO - [2022-12-04T14:54:56.249+0000] {dag.py:3427} INFO - Setting next_dagrun for example_short_circuit_decorator to 2022-12-03T14:54:56.228713+00:00, run_after=2022-12-04T14:54:56.228713+00:00
[2022-12-04T14:54:58.025+0000] {processor.py:175} INFO - Processing /home/airflow/.local/lib/python3.7/site-packages/airflow/example_dags/example_short_circuit_decorator.py took 7.594 seconds
[2022-12-04T14:58:42.171+0000] {processor.py:153} INFO - Started process (PID=52) to work on /home/airflow/.local/lib/python3.7/site-packages/airflow/example_dags/example_short_circuit_decorator.py
[2022-12-04T14:58:42.174+0000] {processor.py:743} INFO - Processing file /home/airflow/.local/lib/python3.7/site-packages/airflow/example_dags/example_short_circuit_decorator.py for tasks to queue
[2022-12-04T14:58:42.176+0000] {logging_mixin.py:137} INFO - [2022-12-04T14:58:42.176+0000] {dagbag.py:538} INFO - Filling up the DagBag from /home/airflow/.local/lib/python3.7/site-packages/airflow/example_dags/example_short_circuit_decorator.py
[2022-12-04T14:58:42.390+0000] {processor.py:753} INFO - DAG(s) dict_keys(['example_short_circuit_decorator']) retrieved from /home/airflow/.local/lib/python3.7/site-packages/airflow/example_dags/example_short_circuit_decorator.py
[2022-12-04T14:58:42.630+0000] {logging_mixin.py:137} INFO - [2022-12-04T14:58:42.630+0000] {dag.py:2676} INFO - Sync 1 DAGs
[2022-12-04T14:58:42.806+0000] {logging_mixin.py:137} INFO - [2022-12-04T14:58:42.805+0000] {dag.py:3427} INFO - Setting next_dagrun for example_short_circuit_decorator to 2022-12-03T14:58:42.804772+00:00, run_after=2022-12-04T14:58:42.804772+00:00
[2022-12-04T14:58:42.898+0000] {processor.py:175} INFO - Processing /home/airflow/.local/lib/python3.7/site-packages/airflow/example_dags/example_short_circuit_decorator.py took 0.740 seconds
[2022-12-04T15:01:55.599+0000] {processor.py:153} INFO - Started process (PID=153) to work on /home/airflow/.local/lib/python3.7/site-packages/airflow/example_dags/example_short_circuit_decorator.py
[2022-12-04T15:01:55.702+0000] {processor.py:743} INFO - Processing file /home/airflow/.local/lib/python3.7/site-packages/airflow/example_dags/example_short_circuit_decorator.py for tasks to queue
[2022-12-04T15:01:55.836+0000] {logging_mixin.py:137} INFO - [2022-12-04T15:01:55.833+0000] {dagbag.py:538} INFO - Filling up the DagBag from /home/airflow/.local/lib/python3.7/site-packages/airflow/example_dags/example_short_circuit_decorator.py
[2022-12-04T15:02:00.039+0000] {processor.py:753} INFO - DAG(s) dict_keys(['example_short_circuit_decorator']) retrieved from /home/airflow/.local/lib/python3.7/site-packages/airflow/example_dags/example_short_circuit_decorator.py
[2022-12-04T15:02:07.711+0000] {logging_mixin.py:137} INFO - [2022-12-04T15:02:07.642+0000] {dag.py:2676} INFO - Sync 1 DAGs
[2022-12-04T15:07:34.334+0000] {processor.py:153} INFO - Started process (PID=69) to work on /home/airflow/.local/lib/python3.7/site-packages/airflow/example_dags/example_short_circuit_decorator.py
[2022-12-04T15:07:34.339+0000] {processor.py:743} INFO - Processing file /home/airflow/.local/lib/python3.7/site-packages/airflow/example_dags/example_short_circuit_decorator.py for tasks to queue
[2022-12-04T15:07:34.347+0000] {logging_mixin.py:137} INFO - [2022-12-04T15:07:34.346+0000] {dagbag.py:538} INFO - Filling up the DagBag from /home/airflow/.local/lib/python3.7/site-packages/airflow/example_dags/example_short_circuit_decorator.py
[2022-12-04T15:07:36.604+0000] {processor.py:753} INFO - DAG(s) dict_keys(['example_short_circuit_decorator']) retrieved from /home/airflow/.local/lib/python3.7/site-packages/airflow/example_dags/example_short_circuit_decorator.py
[2022-12-04T15:17:41.495+0000] {processor.py:153} INFO - Started process (PID=70) to work on /home/airflow/.local/lib/python3.7/site-packages/airflow/example_dags/example_short_circuit_decorator.py
[2022-12-04T15:17:41.518+0000] {processor.py:743} INFO - Processing file /home/airflow/.local/lib/python3.7/site-packages/airflow/example_dags/example_short_circuit_decorator.py for tasks to queue
[2022-12-04T15:17:41.528+0000] {logging_mixin.py:137} INFO - [2022-12-04T15:17:41.526+0000] {dagbag.py:538} INFO - Filling up the DagBag from /home/airflow/.local/lib/python3.7/site-packages/airflow/example_dags/example_short_circuit_decorator.py
[2022-12-04T15:17:41.892+0000] {processor.py:753} INFO - DAG(s) dict_keys(['example_short_circuit_decorator']) retrieved from /home/airflow/.local/lib/python3.7/site-packages/airflow/example_dags/example_short_circuit_decorator.py
[2022-12-04T15:17:42.188+0000] {logging_mixin.py:137} INFO - [2022-12-04T15:17:42.188+0000] {dag.py:2676} INFO - Sync 1 DAGs
[2022-12-04T15:17:42.613+0000] {logging_mixin.py:137} INFO - [2022-12-04T15:17:42.599+0000] {dag.py:3427} INFO - Setting next_dagrun for example_short_circuit_decorator to 2022-12-03T15:17:42.577306+00:00, run_after=2022-12-04T15:17:42.577306+00:00
[2022-12-04T15:17:45.659+0000] {processor.py:175} INFO - Processing /home/airflow/.local/lib/python3.7/site-packages/airflow/example_dags/example_short_circuit_decorator.py took 4.208 seconds
[2022-12-04T15:20:16.550+0000] {processor.py:153} INFO - Started process (PID=165) to work on /home/airflow/.local/lib/python3.7/site-packages/airflow/example_dags/example_short_circuit_decorator.py
[2022-12-04T15:20:16.569+0000] {processor.py:743} INFO - Processing file /home/airflow/.local/lib/python3.7/site-packages/airflow/example_dags/example_short_circuit_decorator.py for tasks to queue
[2022-12-04T15:20:16.582+0000] {logging_mixin.py:137} INFO - [2022-12-04T15:20:16.581+0000] {dagbag.py:538} INFO - Filling up the DagBag from /home/airflow/.local/lib/python3.7/site-packages/airflow/example_dags/example_short_circuit_decorator.py
[2022-12-04T15:20:17.871+0000] {processor.py:753} INFO - DAG(s) dict_keys(['example_short_circuit_decorator']) retrieved from /home/airflow/.local/lib/python3.7/site-packages/airflow/example_dags/example_short_circuit_decorator.py
[2022-12-04T15:20:33.544+0000] {logging_mixin.py:137} INFO - [2022-12-04T15:20:33.527+0000] {dag.py:2676} INFO - Sync 1 DAGs
[2022-12-04T15:20:43.290+0000] {logging_mixin.py:137} INFO - [2022-12-04T15:20:43.286+0000] {dag.py:3427} INFO - Setting next_dagrun for example_short_circuit_decorator to 2022-12-03T15:20:43.176935+00:00, run_after=2022-12-04T15:20:43.176935+00:00
[2022-12-04T15:20:46.641+0000] {processor.py:175} INFO - Processing /home/airflow/.local/lib/python3.7/site-packages/airflow/example_dags/example_short_circuit_decorator.py took 30.202 seconds
[2022-12-04T15:22:25.320+0000] {processor.py:153} INFO - Started process (PID=283) to work on /home/airflow/.local/lib/python3.7/site-packages/airflow/example_dags/example_short_circuit_decorator.py
[2022-12-04T15:22:25.361+0000] {processor.py:743} INFO - Processing file /home/airflow/.local/lib/python3.7/site-packages/airflow/example_dags/example_short_circuit_decorator.py for tasks to queue
[2022-12-04T15:22:25.460+0000] {logging_mixin.py:137} INFO - [2022-12-04T15:22:25.441+0000] {dagbag.py:538} INFO - Filling up the DagBag from /home/airflow/.local/lib/python3.7/site-packages/airflow/example_dags/example_short_circuit_decorator.py
[2022-12-04T15:22:26.902+0000] {processor.py:753} INFO - DAG(s) dict_keys(['example_short_circuit_decorator']) retrieved from /home/airflow/.local/lib/python3.7/site-packages/airflow/example_dags/example_short_circuit_decorator.py
[2022-12-04T15:22:27.537+0000] {logging_mixin.py:137} INFO - [2022-12-04T15:22:27.537+0000] {dag.py:2676} INFO - Sync 1 DAGs
[2022-12-04T15:22:28.120+0000] {logging_mixin.py:137} INFO - [2022-12-04T15:22:28.120+0000] {dag.py:3427} INFO - Setting next_dagrun for example_short_circuit_decorator to 2022-12-03T15:22:28.105214+00:00, run_after=2022-12-04T15:22:28.105214+00:00
[2022-12-04T15:22:28.613+0000] {processor.py:175} INFO - Processing /home/airflow/.local/lib/python3.7/site-packages/airflow/example_dags/example_short_circuit_decorator.py took 3.590 seconds
[2022-12-04T15:23:50.968+0000] {processor.py:153} INFO - Started process (PID=354) to work on /home/airflow/.local/lib/python3.7/site-packages/airflow/example_dags/example_short_circuit_decorator.py
[2022-12-04T15:23:50.989+0000] {processor.py:743} INFO - Processing file /home/airflow/.local/lib/python3.7/site-packages/airflow/example_dags/example_short_circuit_decorator.py for tasks to queue
[2022-12-04T15:23:50.993+0000] {logging_mixin.py:137} INFO - [2022-12-04T15:23:50.993+0000] {dagbag.py:538} INFO - Filling up the DagBag from /home/airflow/.local/lib/python3.7/site-packages/airflow/example_dags/example_short_circuit_decorator.py
[2022-12-04T15:23:51.332+0000] {processor.py:753} INFO - DAG(s) dict_keys(['example_short_circuit_decorator']) retrieved from /home/airflow/.local/lib/python3.7/site-packages/airflow/example_dags/example_short_circuit_decorator.py
[2022-12-04T15:23:51.760+0000] {logging_mixin.py:137} INFO - [2022-12-04T15:23:51.760+0000] {dag.py:2676} INFO - Sync 1 DAGs
[2022-12-04T15:23:51.972+0000] {logging_mixin.py:137} INFO - [2022-12-04T15:23:51.972+0000] {dag.py:3427} INFO - Setting next_dagrun for example_short_circuit_decorator to 2022-12-03T15:23:51.971669+00:00, run_after=2022-12-04T15:23:51.971669+00:00
[2022-12-04T15:23:52.186+0000] {processor.py:175} INFO - Processing /home/airflow/.local/lib/python3.7/site-packages/airflow/example_dags/example_short_circuit_decorator.py took 1.254 seconds
