[2022-12-04T14:58:57.554+0000] {processor.py:153} INFO - Started process (PID=89) to work on /home/airflow/.local/lib/python3.7/site-packages/airflow/example_dags/example_python_operator.py
[2022-12-04T14:58:57.569+0000] {processor.py:743} INFO - Processing file /home/airflow/.local/lib/python3.7/site-packages/airflow/example_dags/example_python_operator.py for tasks to queue
[2022-12-04T14:58:57.573+0000] {logging_mixin.py:137} INFO - [2022-12-04T14:58:57.572+0000] {dagbag.py:538} INFO - Filling up the DagBag from /home/airflow/.local/lib/python3.7/site-packages/airflow/example_dags/example_python_operator.py
[2022-12-04T14:58:57.671+0000] {logging_mixin.py:137} INFO - [2022-12-04T14:58:57.670+0000] {taskmixin.py:205} WARNING - Dependency <Task(_PythonDecoratedOperator): print_the_context>, log_sql_query already registered for DAG: example_python_operator
[2022-12-04T14:58:57.675+0000] {logging_mixin.py:137} INFO - [2022-12-04T14:58:57.674+0000] {taskmixin.py:205} WARNING - Dependency <Task(_PythonDecoratedOperator): log_sql_query>, print_the_context already registered for DAG: example_python_operator
[2022-12-04T14:58:57.687+0000] {logging_mixin.py:137} INFO - [2022-12-04T14:58:57.685+0000] {taskmixin.py:205} WARNING - Dependency <Task(_PythonDecoratedOperator): print_the_context>, log_sql_query already registered for DAG: example_python_operator
[2022-12-04T14:58:57.688+0000] {logging_mixin.py:137} INFO - [2022-12-04T14:58:57.688+0000] {taskmixin.py:205} WARNING - Dependency <Task(_PythonDecoratedOperator): log_sql_query>, print_the_context already registered for DAG: example_python_operator
[2022-12-04T14:58:57.692+0000] {logging_mixin.py:137} INFO - [2022-12-04T14:58:57.691+0000] {taskmixin.py:205} WARNING - Dependency <Task(_PythonDecoratedOperator): print_the_context>, log_sql_query already registered for DAG: example_python_operator
[2022-12-04T14:58:57.693+0000] {logging_mixin.py:137} INFO - [2022-12-04T14:58:57.693+0000] {taskmixin.py:205} WARNING - Dependency <Task(_PythonDecoratedOperator): log_sql_query>, print_the_context already registered for DAG: example_python_operator
[2022-12-04T14:58:57.697+0000] {logging_mixin.py:137} INFO - [2022-12-04T14:58:57.696+0000] {taskmixin.py:205} WARNING - Dependency <Task(_PythonDecoratedOperator): print_the_context>, log_sql_query already registered for DAG: example_python_operator
[2022-12-04T14:58:57.698+0000] {logging_mixin.py:137} INFO - [2022-12-04T14:58:57.698+0000] {taskmixin.py:205} WARNING - Dependency <Task(_PythonDecoratedOperator): log_sql_query>, print_the_context already registered for DAG: example_python_operator
[2022-12-04T14:58:57.720+0000] {processor.py:753} INFO - DAG(s) dict_keys(['example_python_operator']) retrieved from /home/airflow/.local/lib/python3.7/site-packages/airflow/example_dags/example_python_operator.py
[2022-12-04T14:58:58.539+0000] {logging_mixin.py:137} INFO - [2022-12-04T14:58:58.538+0000] {dag.py:2676} INFO - Sync 1 DAGs
[2022-12-04T14:58:58.712+0000] {logging_mixin.py:137} INFO - [2022-12-04T14:58:58.711+0000] {dag.py:3427} INFO - Setting next_dagrun for example_python_operator to None, run_after=None
[2022-12-04T14:58:58.822+0000] {processor.py:175} INFO - Processing /home/airflow/.local/lib/python3.7/site-packages/airflow/example_dags/example_python_operator.py took 1.278 seconds
[2022-12-04T15:19:36.451+0000] {processor.py:153} INFO - Started process (PID=135) to work on /home/airflow/.local/lib/python3.7/site-packages/airflow/example_dags/example_python_operator.py
[2022-12-04T15:19:36.459+0000] {processor.py:743} INFO - Processing file /home/airflow/.local/lib/python3.7/site-packages/airflow/example_dags/example_python_operator.py for tasks to queue
[2022-12-04T15:19:36.467+0000] {logging_mixin.py:137} INFO - [2022-12-04T15:19:36.467+0000] {dagbag.py:538} INFO - Filling up the DagBag from /home/airflow/.local/lib/python3.7/site-packages/airflow/example_dags/example_python_operator.py
[2022-12-04T15:19:36.903+0000] {logging_mixin.py:137} INFO - [2022-12-04T15:19:36.887+0000] {taskmixin.py:205} WARNING - Dependency <Task(_PythonDecoratedOperator): print_the_context>, log_sql_query already registered for DAG: example_python_operator
[2022-12-04T15:19:36.911+0000] {logging_mixin.py:137} INFO - [2022-12-04T15:19:36.907+0000] {taskmixin.py:205} WARNING - Dependency <Task(_PythonDecoratedOperator): log_sql_query>, print_the_context already registered for DAG: example_python_operator
[2022-12-04T15:19:36.940+0000] {logging_mixin.py:137} INFO - [2022-12-04T15:19:36.940+0000] {taskmixin.py:205} WARNING - Dependency <Task(_PythonDecoratedOperator): print_the_context>, log_sql_query already registered for DAG: example_python_operator
[2022-12-04T15:19:36.949+0000] {logging_mixin.py:137} INFO - [2022-12-04T15:19:36.941+0000] {taskmixin.py:205} WARNING - Dependency <Task(_PythonDecoratedOperator): log_sql_query>, print_the_context already registered for DAG: example_python_operator
[2022-12-04T15:19:36.972+0000] {logging_mixin.py:137} INFO - [2022-12-04T15:19:36.971+0000] {taskmixin.py:205} WARNING - Dependency <Task(_PythonDecoratedOperator): print_the_context>, log_sql_query already registered for DAG: example_python_operator
[2022-12-04T15:19:36.985+0000] {logging_mixin.py:137} INFO - [2022-12-04T15:19:36.985+0000] {taskmixin.py:205} WARNING - Dependency <Task(_PythonDecoratedOperator): log_sql_query>, print_the_context already registered for DAG: example_python_operator
[2022-12-04T15:19:36.987+0000] {logging_mixin.py:137} INFO - [2022-12-04T15:19:36.987+0000] {taskmixin.py:205} WARNING - Dependency <Task(_PythonDecoratedOperator): print_the_context>, log_sql_query already registered for DAG: example_python_operator
[2022-12-04T15:19:36.998+0000] {logging_mixin.py:137} INFO - [2022-12-04T15:19:36.998+0000] {taskmixin.py:205} WARNING - Dependency <Task(_PythonDecoratedOperator): log_sql_query>, print_the_context already registered for DAG: example_python_operator
[2022-12-04T15:19:37.105+0000] {processor.py:753} INFO - DAG(s) dict_keys(['example_python_operator']) retrieved from /home/airflow/.local/lib/python3.7/site-packages/airflow/example_dags/example_python_operator.py
[2022-12-04T15:19:38.713+0000] {logging_mixin.py:137} INFO - [2022-12-04T15:19:38.713+0000] {dag.py:2676} INFO - Sync 1 DAGs
[2022-12-04T15:19:38.844+0000] {logging_mixin.py:137} INFO - [2022-12-04T15:19:38.844+0000] {dag.py:3427} INFO - Setting next_dagrun for example_python_operator to None, run_after=None
[2022-12-04T15:19:39.210+0000] {processor.py:175} INFO - Processing /home/airflow/.local/lib/python3.7/site-packages/airflow/example_dags/example_python_operator.py took 3.022 seconds
[2022-12-04T15:22:10.100+0000] {processor.py:153} INFO - Started process (PID=263) to work on /home/airflow/.local/lib/python3.7/site-packages/airflow/example_dags/example_python_operator.py
[2022-12-04T15:22:10.137+0000] {processor.py:743} INFO - Processing file /home/airflow/.local/lib/python3.7/site-packages/airflow/example_dags/example_python_operator.py for tasks to queue
[2022-12-04T15:22:10.148+0000] {logging_mixin.py:137} INFO - [2022-12-04T15:22:10.143+0000] {dagbag.py:538} INFO - Filling up the DagBag from /home/airflow/.local/lib/python3.7/site-packages/airflow/example_dags/example_python_operator.py
[2022-12-04T15:22:10.836+0000] {logging_mixin.py:137} INFO - [2022-12-04T15:22:10.778+0000] {taskmixin.py:205} WARNING - Dependency <Task(_PythonDecoratedOperator): print_the_context>, log_sql_query already registered for DAG: example_python_operator
[2022-12-04T15:22:10.874+0000] {logging_mixin.py:137} INFO - [2022-12-04T15:22:10.847+0000] {taskmixin.py:205} WARNING - Dependency <Task(_PythonDecoratedOperator): log_sql_query>, print_the_context already registered for DAG: example_python_operator
[2022-12-04T15:22:10.900+0000] {logging_mixin.py:137} INFO - [2022-12-04T15:22:10.900+0000] {taskmixin.py:205} WARNING - Dependency <Task(_PythonDecoratedOperator): print_the_context>, log_sql_query already registered for DAG: example_python_operator
[2022-12-04T15:22:10.936+0000] {logging_mixin.py:137} INFO - [2022-12-04T15:22:10.936+0000] {taskmixin.py:205} WARNING - Dependency <Task(_PythonDecoratedOperator): log_sql_query>, print_the_context already registered for DAG: example_python_operator
[2022-12-04T15:22:10.949+0000] {logging_mixin.py:137} INFO - [2022-12-04T15:22:10.948+0000] {taskmixin.py:205} WARNING - Dependency <Task(_PythonDecoratedOperator): print_the_context>, log_sql_query already registered for DAG: example_python_operator
[2022-12-04T15:22:10.969+0000] {logging_mixin.py:137} INFO - [2022-12-04T15:22:10.969+0000] {taskmixin.py:205} WARNING - Dependency <Task(_PythonDecoratedOperator): log_sql_query>, print_the_context already registered for DAG: example_python_operator
[2022-12-04T15:22:10.987+0000] {logging_mixin.py:137} INFO - [2022-12-04T15:22:10.987+0000] {taskmixin.py:205} WARNING - Dependency <Task(_PythonDecoratedOperator): print_the_context>, log_sql_query already registered for DAG: example_python_operator
[2022-12-04T15:22:11.010+0000] {logging_mixin.py:137} INFO - [2022-12-04T15:22:11.010+0000] {taskmixin.py:205} WARNING - Dependency <Task(_PythonDecoratedOperator): log_sql_query>, print_the_context already registered for DAG: example_python_operator
[2022-12-04T15:22:11.442+0000] {processor.py:753} INFO - DAG(s) dict_keys(['example_python_operator']) retrieved from /home/airflow/.local/lib/python3.7/site-packages/airflow/example_dags/example_python_operator.py
[2022-12-04T15:22:12.090+0000] {logging_mixin.py:137} INFO - [2022-12-04T15:22:12.090+0000] {dag.py:2676} INFO - Sync 1 DAGs
[2022-12-04T15:22:12.630+0000] {logging_mixin.py:137} INFO - [2022-12-04T15:22:12.630+0000] {dag.py:3427} INFO - Setting next_dagrun for example_python_operator to None, run_after=None
[2022-12-04T15:22:13.038+0000] {processor.py:175} INFO - Processing /home/airflow/.local/lib/python3.7/site-packages/airflow/example_dags/example_python_operator.py took 2.972 seconds
