[2022-12-04T14:56:38.129+0000] {processor.py:153} INFO - Started process (PID=115) to work on /home/airflow/.local/lib/python3.7/site-packages/airflow/example_dags/tutorial_taskflow_api.py
[2022-12-04T14:56:38.148+0000] {processor.py:743} INFO - Processing file /home/airflow/.local/lib/python3.7/site-packages/airflow/example_dags/tutorial_taskflow_api.py for tasks to queue
[2022-12-04T14:56:38.167+0000] {logging_mixin.py:137} INFO - [2022-12-04T14:56:38.167+0000] {dagbag.py:538} INFO - Filling up the DagBag from /home/airflow/.local/lib/python3.7/site-packages/airflow/example_dags/tutorial_taskflow_api.py
[2022-12-04T14:56:40.835+0000] {processor.py:753} INFO - DAG(s) dict_keys(['tutorial_taskflow_api']) retrieved from /home/airflow/.local/lib/python3.7/site-packages/airflow/example_dags/tutorial_taskflow_api.py
[2022-12-04T14:56:45.909+0000] {logging_mixin.py:137} INFO - [2022-12-04T14:56:45.900+0000] {dag.py:2676} INFO - Sync 1 DAGs
[2022-12-04T14:56:47.038+0000] {logging_mixin.py:137} INFO - [2022-12-04T14:56:47.038+0000] {dag.py:3427} INFO - Setting next_dagrun for tutorial_taskflow_api to None, run_after=None
[2022-12-04T14:56:48.082+0000] {processor.py:175} INFO - Processing /home/airflow/.local/lib/python3.7/site-packages/airflow/example_dags/tutorial_taskflow_api.py took 10.015 seconds
[2022-12-04T14:58:46.675+0000] {processor.py:153} INFO - Started process (PID=70) to work on /home/airflow/.local/lib/python3.7/site-packages/airflow/example_dags/tutorial_taskflow_api.py
[2022-12-04T14:58:46.688+0000] {processor.py:743} INFO - Processing file /home/airflow/.local/lib/python3.7/site-packages/airflow/example_dags/tutorial_taskflow_api.py for tasks to queue
[2022-12-04T14:58:46.701+0000] {logging_mixin.py:137} INFO - [2022-12-04T14:58:46.699+0000] {dagbag.py:538} INFO - Filling up the DagBag from /home/airflow/.local/lib/python3.7/site-packages/airflow/example_dags/tutorial_taskflow_api.py
[2022-12-04T14:58:46.995+0000] {processor.py:753} INFO - DAG(s) dict_keys(['tutorial_taskflow_api']) retrieved from /home/airflow/.local/lib/python3.7/site-packages/airflow/example_dags/tutorial_taskflow_api.py
[2022-12-04T14:58:47.388+0000] {logging_mixin.py:137} INFO - [2022-12-04T14:58:47.388+0000] {dag.py:2676} INFO - Sync 1 DAGs
[2022-12-04T14:58:47.705+0000] {logging_mixin.py:137} INFO - [2022-12-04T14:58:47.701+0000] {dag.py:3427} INFO - Setting next_dagrun for tutorial_taskflow_api to None, run_after=None
[2022-12-04T14:58:48.024+0000] {processor.py:175} INFO - Processing /home/airflow/.local/lib/python3.7/site-packages/airflow/example_dags/tutorial_taskflow_api.py took 1.391 seconds
[2022-12-04T15:18:22.141+0000] {processor.py:153} INFO - Started process (PID=96) to work on /home/airflow/.local/lib/python3.7/site-packages/airflow/example_dags/tutorial_taskflow_api.py
[2022-12-04T15:18:22.219+0000] {processor.py:743} INFO - Processing file /home/airflow/.local/lib/python3.7/site-packages/airflow/example_dags/tutorial_taskflow_api.py for tasks to queue
[2022-12-04T15:18:22.297+0000] {logging_mixin.py:137} INFO - [2022-12-04T15:18:22.279+0000] {dagbag.py:538} INFO - Filling up the DagBag from /home/airflow/.local/lib/python3.7/site-packages/airflow/example_dags/tutorial_taskflow_api.py
[2022-12-04T15:18:25.229+0000] {processor.py:753} INFO - DAG(s) dict_keys(['tutorial_taskflow_api']) retrieved from /home/airflow/.local/lib/python3.7/site-packages/airflow/example_dags/tutorial_taskflow_api.py
[2022-12-04T15:18:31.249+0000] {logging_mixin.py:137} INFO - [2022-12-04T15:18:31.247+0000] {dag.py:2676} INFO - Sync 1 DAGs
[2022-12-04T15:19:03.211+0000] {logging_mixin.py:137} INFO - [2022-12-04T15:19:03.080+0000] {dag.py:3427} INFO - Setting next_dagrun for tutorial_taskflow_api to None, run_after=None
[2022-12-04T15:19:04.367+0000] {processor.py:175} INFO - Processing /home/airflow/.local/lib/python3.7/site-packages/airflow/example_dags/tutorial_taskflow_api.py took 42.513 seconds
[2022-12-04T15:21:02.690+0000] {processor.py:153} INFO - Started process (PID=196) to work on /home/airflow/.local/lib/python3.7/site-packages/airflow/example_dags/tutorial_taskflow_api.py
[2022-12-04T15:21:02.780+0000] {processor.py:743} INFO - Processing file /home/airflow/.local/lib/python3.7/site-packages/airflow/example_dags/tutorial_taskflow_api.py for tasks to queue
[2022-12-04T15:21:02.818+0000] {logging_mixin.py:137} INFO - [2022-12-04T15:21:02.817+0000] {dagbag.py:538} INFO - Filling up the DagBag from /home/airflow/.local/lib/python3.7/site-packages/airflow/example_dags/tutorial_taskflow_api.py
[2022-12-04T15:21:03.543+0000] {processor.py:753} INFO - DAG(s) dict_keys(['tutorial_taskflow_api']) retrieved from /home/airflow/.local/lib/python3.7/site-packages/airflow/example_dags/tutorial_taskflow_api.py
[2022-12-04T15:21:04.453+0000] {logging_mixin.py:137} INFO - [2022-12-04T15:21:04.453+0000] {dag.py:2676} INFO - Sync 1 DAGs
[2022-12-04T15:21:04.910+0000] {logging_mixin.py:137} INFO - [2022-12-04T15:21:04.898+0000] {dag.py:3427} INFO - Setting next_dagrun for tutorial_taskflow_api to None, run_after=None
[2022-12-04T15:21:05.175+0000] {processor.py:175} INFO - Processing /home/airflow/.local/lib/python3.7/site-packages/airflow/example_dags/tutorial_taskflow_api.py took 2.545 seconds
[2022-12-04T15:22:42.470+0000] {processor.py:153} INFO - Started process (PID=295) to work on /home/airflow/.local/lib/python3.7/site-packages/airflow/example_dags/tutorial_taskflow_api.py
[2022-12-04T15:22:42.503+0000] {processor.py:743} INFO - Processing file /home/airflow/.local/lib/python3.7/site-packages/airflow/example_dags/tutorial_taskflow_api.py for tasks to queue
[2022-12-04T15:22:42.601+0000] {logging_mixin.py:137} INFO - [2022-12-04T15:22:42.584+0000] {dagbag.py:538} INFO - Filling up the DagBag from /home/airflow/.local/lib/python3.7/site-packages/airflow/example_dags/tutorial_taskflow_api.py
[2022-12-04T15:22:45.977+0000] {processor.py:753} INFO - DAG(s) dict_keys(['tutorial_taskflow_api']) retrieved from /home/airflow/.local/lib/python3.7/site-packages/airflow/example_dags/tutorial_taskflow_api.py
[2022-12-04T15:22:47.607+0000] {logging_mixin.py:137} INFO - [2022-12-04T15:22:47.607+0000] {dag.py:2676} INFO - Sync 1 DAGs
[2022-12-04T15:22:47.827+0000] {logging_mixin.py:137} INFO - [2022-12-04T15:22:47.827+0000] {dag.py:3427} INFO - Setting next_dagrun for tutorial_taskflow_api to None, run_after=None
[2022-12-04T15:22:48.027+0000] {processor.py:175} INFO - Processing /home/airflow/.local/lib/python3.7/site-packages/airflow/example_dags/tutorial_taskflow_api.py took 5.969 seconds
[2022-12-04T15:23:58.277+0000] {processor.py:153} INFO - Started process (PID=366) to work on /home/airflow/.local/lib/python3.7/site-packages/airflow/example_dags/tutorial_taskflow_api.py
[2022-12-04T15:23:58.286+0000] {processor.py:743} INFO - Processing file /home/airflow/.local/lib/python3.7/site-packages/airflow/example_dags/tutorial_taskflow_api.py for tasks to queue
[2022-12-04T15:23:58.310+0000] {logging_mixin.py:137} INFO - [2022-12-04T15:23:58.308+0000] {dagbag.py:538} INFO - Filling up the DagBag from /home/airflow/.local/lib/python3.7/site-packages/airflow/example_dags/tutorial_taskflow_api.py
[2022-12-04T15:23:58.967+0000] {processor.py:753} INFO - DAG(s) dict_keys(['tutorial_taskflow_api']) retrieved from /home/airflow/.local/lib/python3.7/site-packages/airflow/example_dags/tutorial_taskflow_api.py
[2022-12-04T15:23:59.279+0000] {logging_mixin.py:137} INFO - [2022-12-04T15:23:59.279+0000] {dag.py:2676} INFO - Sync 1 DAGs
[2022-12-04T15:23:59.368+0000] {logging_mixin.py:137} INFO - [2022-12-04T15:23:59.368+0000] {dag.py:3427} INFO - Setting next_dagrun for tutorial_taskflow_api to None, run_after=None
[2022-12-04T15:23:59.427+0000] {processor.py:175} INFO - Processing /home/airflow/.local/lib/python3.7/site-packages/airflow/example_dags/tutorial_taskflow_api.py took 1.191 seconds
