[2022-12-12 05:14:00,494] {taskinstance.py:1159} INFO - Dependencies all met for <TaskInstance: first_dag.wait_for_file manual__2022-12-12T05:13:41.354733+00:00 [queued]>
[2022-12-12 05:14:00,519] {taskinstance.py:1159} INFO - Dependencies all met for <TaskInstance: first_dag.wait_for_file manual__2022-12-12T05:13:41.354733+00:00 [queued]>
[2022-12-12 05:14:00,521] {taskinstance.py:1356} INFO - 
--------------------------------------------------------------------------------
[2022-12-12 05:14:00,522] {taskinstance.py:1357} INFO - Starting attempt 1 of 3
[2022-12-12 05:14:00,523] {taskinstance.py:1358} INFO - 
--------------------------------------------------------------------------------
[2022-12-12 05:14:00,603] {taskinstance.py:1377} INFO - Executing <Task(PythonSensor): wait_for_file> on 2022-12-12 05:13:41.354733+00:00
[2022-12-12 05:14:00,620] {standard_task_runner.py:52} INFO - Started process 7559 to run task
[2022-12-12 05:14:00,640] {standard_task_runner.py:79} INFO - Running: ['***', 'tasks', 'run', 'first_dag', 'wait_for_file', 'manual__2022-12-12T05:13:41.354733+00:00', '--job-id', '1601', '--raw', '--subdir', 'DAGS_FOLDER/first-dag.py', '--cfg-path', '/tmp/tmpob6sqdg6', '--error-file', '/tmp/tmpu15jkukn']
[2022-12-12 05:14:00,644] {standard_task_runner.py:80} INFO - Job 1601: Subtask wait_for_file
[2022-12-12 05:14:00,863] {task_command.py:369} INFO - Running <TaskInstance: first_dag.wait_for_file manual__2022-12-12T05:13:41.354733+00:00 [running]> on host 7e39590a7807
[2022-12-12 05:14:01,258] {taskinstance.py:1571} INFO - Exporting the following env vars:
AIRFLOW_CTX_DAG_OWNER=***
AIRFLOW_CTX_DAG_ID=first_dag
AIRFLOW_CTX_TASK_ID=wait_for_file
AIRFLOW_CTX_EXECUTION_DATE=2022-12-12T05:13:41.354733+00:00
AIRFLOW_CTX_TRY_NUMBER=1
AIRFLOW_CTX_DAG_RUN_ID=manual__2022-12-12T05:13:41.354733+00:00
[2022-12-12 05:14:01,260] {python.py:66} INFO - Poking callable: <function _wait_for_file at 0x7f6cec7a0560>
[2022-12-12 05:14:01,345] {logging_mixin.py:115} INFO - _wait_for_file True
[2022-12-12 05:14:01,347] {base.py:301} INFO - Success criteria met. Exiting.
[2022-12-12 05:14:01,401] {taskinstance.py:1400} INFO - Marking task as SUCCESS. dag_id=first_dag, task_id=wait_for_file, execution_date=20221212T051341, start_date=20221212T051400, end_date=20221212T051401
[2022-12-12 05:14:01,514] {local_task_job.py:156} INFO - Task exited with return code 0
[2022-12-12 05:14:01,621] {local_task_job.py:273} INFO - 1 downstream tasks scheduled from follow-on schedule check
