[2022-12-11 19:44:51,941] {taskinstance.py:1159} INFO - Dependencies all met for <TaskInstance: first_dag.create_pet_table manual__2022-12-11T19:44:20.814427+00:00 [queued]>
[2022-12-11 19:44:51,972] {taskinstance.py:1159} INFO - Dependencies all met for <TaskInstance: first_dag.create_pet_table manual__2022-12-11T19:44:20.814427+00:00 [queued]>
[2022-12-11 19:44:51,973] {taskinstance.py:1356} INFO - 
--------------------------------------------------------------------------------
[2022-12-11 19:44:51,973] {taskinstance.py:1357} INFO - Starting attempt 1 of 1
[2022-12-11 19:44:51,975] {taskinstance.py:1358} INFO - 
--------------------------------------------------------------------------------
[2022-12-11 19:44:52,018] {taskinstance.py:1377} INFO - Executing <Task(PostgresOperator): create_pet_table> on 2022-12-11 19:44:20.814427+00:00
[2022-12-11 19:44:52,024] {standard_task_runner.py:52} INFO - Started process 5153 to run task
[2022-12-11 19:44:52,041] {standard_task_runner.py:79} INFO - Running: ['***', 'tasks', 'run', 'first_dag', 'create_pet_table', 'manual__2022-12-11T19:44:20.814427+00:00', '--job-id', '1286', '--raw', '--subdir', 'DAGS_FOLDER/first-dag.py', '--cfg-path', '/tmp/tmp_cfra443', '--error-file', '/tmp/tmp_omhe4da']
[2022-12-11 19:44:52,043] {standard_task_runner.py:80} INFO - Job 1286: Subtask create_pet_table
[2022-12-11 19:44:52,433] {task_command.py:369} INFO - Running <TaskInstance: first_dag.create_pet_table manual__2022-12-11T19:44:20.814427+00:00 [running]> on host 7e39590a7807
[2022-12-11 19:44:53,070] {taskinstance.py:1571} INFO - Exporting the following env vars:
AIRFLOW_CTX_DAG_OWNER=***
AIRFLOW_CTX_DAG_ID=first_dag
AIRFLOW_CTX_TASK_ID=create_pet_table
AIRFLOW_CTX_EXECUTION_DATE=2022-12-11T19:44:20.814427+00:00
AIRFLOW_CTX_TRY_NUMBER=1
AIRFLOW_CTX_DAG_RUN_ID=manual__2022-12-11T19:44:20.814427+00:00
[2022-12-11 19:44:53,192] {base.py:68} INFO - Using connection ID 'db' for task execution.
[2022-12-11 19:44:53,253] {dbapi.py:208} INFO - Running statement: 
                CREATE TABLE IF NOT EXISTS pet (
                pet_id SERIAL PRIMARY KEY,
                name VARCHAR NOT NULL,
                pet_type VARCHAR NOT NULL,
                birth_date DATE NOT NULL,
                OWNER VARCHAR NOT NULL);
              , parameters: None
[2022-12-11 19:44:53,390] {taskinstance.py:1400} INFO - Marking task as SUCCESS. dag_id=first_dag, task_id=create_pet_table, execution_date=20221211T194420, start_date=20221211T194451, end_date=20221211T194453
[2022-12-11 19:44:53,441] {local_task_job.py:156} INFO - Task exited with return code 0
[2022-12-11 19:44:53,522] {local_task_job.py:273} INFO - 0 downstream tasks scheduled from follow-on schedule check
