[2022-12-11 14:32:01,633] {taskinstance.py:1159} INFO - Dependencies all met for <TaskInstance: first_dag.world scheduled__2022-12-11T14:31:00+00:00 [queued]>
[2022-12-11 14:32:01,646] {taskinstance.py:1159} INFO - Dependencies all met for <TaskInstance: first_dag.world scheduled__2022-12-11T14:31:00+00:00 [queued]>
[2022-12-11 14:32:01,647] {taskinstance.py:1356} INFO - 
--------------------------------------------------------------------------------
[2022-12-11 14:32:01,648] {taskinstance.py:1357} INFO - Starting attempt 1 of 1
[2022-12-11 14:32:01,649] {taskinstance.py:1358} INFO - 
--------------------------------------------------------------------------------
[2022-12-11 14:32:01,681] {taskinstance.py:1377} INFO - Executing <Task(PythonOperator): world> on 2022-12-11 14:31:00+00:00
[2022-12-11 14:32:01,691] {standard_task_runner.py:52} INFO - Started process 833 to run task
[2022-12-11 14:32:01,712] {standard_task_runner.py:79} INFO - Running: ['***', 'tasks', 'run', 'first_dag', 'world', 'scheduled__2022-12-11T14:31:00+00:00', '--job-id', '479', '--raw', '--subdir', 'DAGS_FOLDER/first-dag.py', '--cfg-path', '/tmp/tmp_8qc2_mo', '--error-file', '/tmp/tmp1xo_9no3']
[2022-12-11 14:32:01,715] {standard_task_runner.py:80} INFO - Job 479: Subtask world
[2022-12-11 14:32:01,822] {task_command.py:369} INFO - Running <TaskInstance: first_dag.world scheduled__2022-12-11T14:31:00+00:00 [running]> on host 7e39590a7807
[2022-12-11 14:32:01,952] {taskinstance.py:1571} INFO - Exporting the following env vars:
AIRFLOW_CTX_DAG_OWNER=***
AIRFLOW_CTX_DAG_ID=first_dag
AIRFLOW_CTX_TASK_ID=world
AIRFLOW_CTX_EXECUTION_DATE=2022-12-11T14:31:00+00:00
AIRFLOW_CTX_TRY_NUMBER=1
AIRFLOW_CTX_DAG_RUN_ID=scheduled__2022-12-11T14:31:00+00:00
[2022-12-11 14:32:01,954] {logging_mixin.py:115} INFO - Airflow
[2022-12-11 14:32:01,955] {python.py:173} INFO - Done. Returned value was: None
[2022-12-11 14:32:01,973] {taskinstance.py:1400} INFO - Marking task as SUCCESS. dag_id=first_dag, task_id=world, execution_date=20221211T143100, start_date=20221211T143201, end_date=20221211T143201
[2022-12-11 14:32:02,003] {local_task_job.py:156} INFO - Task exited with return code 0
[2022-12-11 14:32:02,064] {local_task_job.py:273} INFO - 0 downstream tasks scheduled from follow-on schedule check
[2022-12-11 14:32:48,539] {taskinstance.py:1159} INFO - Dependencies all met for <TaskInstance: first_dag.world scheduled__2022-12-11T14:31:00+00:00 [queued]>
[2022-12-11 14:32:48,555] {taskinstance.py:1159} INFO - Dependencies all met for <TaskInstance: first_dag.world scheduled__2022-12-11T14:31:00+00:00 [queued]>
[2022-12-11 14:32:48,556] {taskinstance.py:1356} INFO - 
--------------------------------------------------------------------------------
[2022-12-11 14:32:48,557] {taskinstance.py:1357} INFO - Starting attempt 1 of 1
[2022-12-11 14:32:48,558] {taskinstance.py:1358} INFO - 
--------------------------------------------------------------------------------
[2022-12-11 14:32:48,575] {taskinstance.py:1377} INFO - Executing <Task(PythonOperator): world> on 2022-12-11 14:31:00+00:00
[2022-12-11 14:32:48,580] {standard_task_runner.py:52} INFO - Started process 866 to run task
[2022-12-11 14:32:48,588] {standard_task_runner.py:79} INFO - Running: ['***', 'tasks', 'run', 'first_dag', 'world', 'scheduled__2022-12-11T14:31:00+00:00', '--job-id', '489', '--raw', '--subdir', 'DAGS_FOLDER/first-dag.py', '--cfg-path', '/tmp/tmpmovcgjiy', '--error-file', '/tmp/tmph238vale']
[2022-12-11 14:32:48,590] {standard_task_runner.py:80} INFO - Job 489: Subtask world
[2022-12-11 14:32:48,675] {task_command.py:369} INFO - Running <TaskInstance: first_dag.world scheduled__2022-12-11T14:31:00+00:00 [running]> on host 7e39590a7807
[2022-12-11 14:32:48,776] {taskinstance.py:1571} INFO - Exporting the following env vars:
AIRFLOW_CTX_DAG_OWNER=***
AIRFLOW_CTX_DAG_ID=first_dag
AIRFLOW_CTX_TASK_ID=world
AIRFLOW_CTX_EXECUTION_DATE=2022-12-11T14:31:00+00:00
AIRFLOW_CTX_TRY_NUMBER=1
AIRFLOW_CTX_DAG_RUN_ID=scheduled__2022-12-11T14:31:00+00:00
[2022-12-11 14:32:48,778] {logging_mixin.py:115} INFO - Airflow
[2022-12-11 14:32:48,780] {python.py:173} INFO - Done. Returned value was: None
[2022-12-11 14:32:48,803] {taskinstance.py:1400} INFO - Marking task as SUCCESS. dag_id=first_dag, task_id=world, execution_date=20221211T143100, start_date=20221211T143248, end_date=20221211T143248
[2022-12-11 14:32:48,840] {local_task_job.py:156} INFO - Task exited with return code 0
[2022-12-11 14:32:48,922] {local_task_job.py:273} INFO - 0 downstream tasks scheduled from follow-on schedule check
