[2022-12-12 05:27:40,582] {taskinstance.py:1159} INFO - Dependencies all met for <TaskInstance: first_dag.hello_task manual__2022-12-12T05:27:38.502835+00:00 [queued]>
[2022-12-12 05:27:40,654] {taskinstance.py:1159} INFO - Dependencies all met for <TaskInstance: first_dag.hello_task manual__2022-12-12T05:27:38.502835+00:00 [queued]>
[2022-12-12 05:27:40,656] {taskinstance.py:1356} INFO - 
--------------------------------------------------------------------------------
[2022-12-12 05:27:40,657] {taskinstance.py:1357} INFO - Starting attempt 1 of 1
[2022-12-12 05:27:40,658] {taskinstance.py:1358} INFO - 
--------------------------------------------------------------------------------
[2022-12-12 05:27:40,724] {taskinstance.py:1377} INFO - Executing <Task(BashOperator): hello_task> on 2022-12-12 05:27:38.502835+00:00
[2022-12-12 05:27:40,748] {standard_task_runner.py:52} INFO - Started process 7865 to run task
[2022-12-12 05:27:40,794] {standard_task_runner.py:79} INFO - Running: ['***', 'tasks', 'run', 'first_dag', 'hello_task', 'manual__2022-12-12T05:27:38.502835+00:00', '--job-id', '1676', '--raw', '--subdir', 'DAGS_FOLDER/first-dag.py', '--cfg-path', '/tmp/tmpee8rzh5_', '--error-file', '/tmp/tmpef073qnt']
[2022-12-12 05:27:40,808] {standard_task_runner.py:80} INFO - Job 1676: Subtask hello_task
[2022-12-12 05:27:41,055] {task_command.py:369} INFO - Running <TaskInstance: first_dag.hello_task manual__2022-12-12T05:27:38.502835+00:00 [running]> on host 7e39590a7807
[2022-12-12 05:27:41,705] {taskinstance.py:1571} INFO - Exporting the following env vars:
AIRFLOW_CTX_DAG_OWNER=***
AIRFLOW_CTX_DAG_ID=first_dag
AIRFLOW_CTX_TASK_ID=hello_task
AIRFLOW_CTX_EXECUTION_DATE=2022-12-12T05:27:38.502835+00:00
AIRFLOW_CTX_TRY_NUMBER=1
AIRFLOW_CTX_DAG_RUN_ID=manual__2022-12-12T05:27:38.502835+00:00
[2022-12-12 05:27:41,725] {subprocess.py:62} INFO - Tmp dir root location: 
 /tmp
[2022-12-12 05:27:41,733] {subprocess.py:74} INFO - Running command: ['bash', '-c', 'echo hello']
[2022-12-12 05:27:41,806] {subprocess.py:85} INFO - Output:
[2022-12-12 05:27:41,830] {subprocess.py:92} INFO - hello
[2022-12-12 05:27:41,833] {subprocess.py:96} INFO - Command exited with return code 0
[2022-12-12 05:27:41,906] {taskinstance.py:1400} INFO - Marking task as SUCCESS. dag_id=first_dag, task_id=hello_task, execution_date=20221212T052738, start_date=20221212T052740, end_date=20221212T052741
[2022-12-12 05:27:41,986] {local_task_job.py:156} INFO - Task exited with return code 0
[2022-12-12 05:27:42,075] {local_task_job.py:273} INFO - 1 downstream tasks scheduled from follow-on schedule check
