[2022-12-11 16:17:04,141] {taskinstance.py:1159} INFO - Dependencies all met for <TaskInstance: first_dag.sum_column_task scheduled__2022-12-11T16:16:00+00:00 [queued]>
[2022-12-11 16:17:04,161] {taskinstance.py:1159} INFO - Dependencies all met for <TaskInstance: first_dag.sum_column_task scheduled__2022-12-11T16:16:00+00:00 [queued]>
[2022-12-11 16:17:04,162] {taskinstance.py:1356} INFO - 
--------------------------------------------------------------------------------
[2022-12-11 16:17:04,163] {taskinstance.py:1357} INFO - Starting attempt 1 of 1
[2022-12-11 16:17:04,165] {taskinstance.py:1358} INFO - 
--------------------------------------------------------------------------------
[2022-12-11 16:17:04,184] {taskinstance.py:1377} INFO - Executing <Task(PythonOperator): sum_column_task> on 2022-12-11 16:16:00+00:00
[2022-12-11 16:17:04,193] {standard_task_runner.py:52} INFO - Started process 3026 to run task
[2022-12-11 16:17:04,197] {standard_task_runner.py:79} INFO - Running: ['***', 'tasks', 'run', 'first_dag', 'sum_column_task', 'scheduled__2022-12-11T16:16:00+00:00', '--job-id', '1015', '--raw', '--subdir', 'DAGS_FOLDER/first-dag.py', '--cfg-path', '/tmp/tmp9qtpoyfg', '--error-file', '/tmp/tmpy0es26yn']
[2022-12-11 16:17:04,200] {standard_task_runner.py:80} INFO - Job 1015: Subtask sum_column_task
[2022-12-11 16:17:04,283] {task_command.py:369} INFO - Running <TaskInstance: first_dag.sum_column_task scheduled__2022-12-11T16:16:00+00:00 [running]> on host 7e39590a7807
[2022-12-11 16:17:04,412] {taskinstance.py:1571} INFO - Exporting the following env vars:
AIRFLOW_CTX_DAG_OWNER=***
AIRFLOW_CTX_DAG_ID=first_dag
AIRFLOW_CTX_TASK_ID=sum_column_task
AIRFLOW_CTX_EXECUTION_DATE=2022-12-11T16:16:00+00:00
AIRFLOW_CTX_TRY_NUMBER=1
AIRFLOW_CTX_DAG_RUN_ID=scheduled__2022-12-11T16:16:00+00:00
[2022-12-11 16:17:04,429] {logging_mixin.py:115} INFO - Different sum column is 10
[2022-12-11 16:17:04,430] {python.py:173} INFO - Done. Returned value was: 10
[2022-12-11 16:17:04,468] {taskinstance.py:1400} INFO - Marking task as SUCCESS. dag_id=first_dag, task_id=sum_column_task, execution_date=20221211T161600, start_date=20221211T161704, end_date=20221211T161704
[2022-12-11 16:17:04,537] {local_task_job.py:156} INFO - Task exited with return code 0
[2022-12-11 16:17:04,589] {local_task_job.py:273} INFO - 1 downstream tasks scheduled from follow-on schedule check
