[2022-12-04 18:34:13,930] {taskinstance.py:1159} INFO - Dependencies all met for <TaskInstance: first_dag.generate_two_int_task manual__2022-12-04T18:34:10.608618+00:00 [queued]>
[2022-12-04 18:34:13,951] {taskinstance.py:1159} INFO - Dependencies all met for <TaskInstance: first_dag.generate_two_int_task manual__2022-12-04T18:34:10.608618+00:00 [queued]>
[2022-12-04 18:34:13,953] {taskinstance.py:1356} INFO - 
--------------------------------------------------------------------------------
[2022-12-04 18:34:13,954] {taskinstance.py:1357} INFO - Starting attempt 1 of 1
[2022-12-04 18:34:13,956] {taskinstance.py:1358} INFO - 
--------------------------------------------------------------------------------
[2022-12-04 18:34:13,978] {taskinstance.py:1377} INFO - Executing <Task(PythonOperator): generate_two_int_task> on 2022-12-04 18:34:10.608618+00:00
[2022-12-04 18:34:13,987] {standard_task_runner.py:52} INFO - Started process 1976 to run task
[2022-12-04 18:34:13,996] {standard_task_runner.py:79} INFO - Running: ['***', 'tasks', 'run', 'first_dag', 'generate_two_int_task', 'manual__2022-12-04T18:34:10.608618+00:00', '--job-id', '218', '--raw', '--subdir', 'DAGS_FOLDER/first-dag.py', '--cfg-path', '/tmp/tmptkpd79_6', '--error-file', '/tmp/tmp46n2ef7h']
[2022-12-04 18:34:14,000] {standard_task_runner.py:80} INFO - Job 218: Subtask generate_two_int_task
[2022-12-04 18:34:14,090] {task_command.py:369} INFO - Running <TaskInstance: first_dag.generate_two_int_task manual__2022-12-04T18:34:10.608618+00:00 [running]> on host fb90b48d1471
[2022-12-04 18:34:14,218] {taskinstance.py:1571} INFO - Exporting the following env vars:
AIRFLOW_CTX_DAG_OWNER=***
AIRFLOW_CTX_DAG_ID=first_dag
AIRFLOW_CTX_TASK_ID=generate_two_int_task
AIRFLOW_CTX_EXECUTION_DATE=2022-12-04T18:34:10.608618+00:00
AIRFLOW_CTX_TRY_NUMBER=1
AIRFLOW_CTX_DAG_RUN_ID=manual__2022-12-04T18:34:10.608618+00:00
[2022-12-04 18:34:14,243] {python.py:173} INFO - Done. Returned value was: None
[2022-12-04 18:34:14,266] {taskinstance.py:1400} INFO - Marking task as SUCCESS. dag_id=first_dag, task_id=generate_two_int_task, execution_date=20221204T183410, start_date=20221204T183413, end_date=20221204T183414
[2022-12-04 18:34:14,331] {local_task_job.py:156} INFO - Task exited with return code 0
[2022-12-04 18:34:14,397] {local_task_job.py:273} INFO - 0 downstream tasks scheduled from follow-on schedule check
