[2022-12-11 18:20:24,840] {taskinstance.py:1159} INFO - Dependencies all met for <TaskInstance: first_dag.hello_task2 manual__2022-12-11T18:16:11.624927+00:00 [queued]>
[2022-12-11 18:20:24,881] {taskinstance.py:1159} INFO - Dependencies all met for <TaskInstance: first_dag.hello_task2 manual__2022-12-11T18:16:11.624927+00:00 [queued]>
[2022-12-11 18:20:24,882] {taskinstance.py:1356} INFO - 
--------------------------------------------------------------------------------
[2022-12-11 18:20:24,883] {taskinstance.py:1357} INFO - Starting attempt 1 of 1
[2022-12-11 18:20:24,884] {taskinstance.py:1358} INFO - 
--------------------------------------------------------------------------------
[2022-12-11 18:20:24,922] {taskinstance.py:1377} INFO - Executing <Task(BashOperator): hello_task2> on 2022-12-11 18:16:11.624927+00:00
[2022-12-11 18:20:24,930] {standard_task_runner.py:52} INFO - Started process 4384 to run task
[2022-12-11 18:20:24,950] {standard_task_runner.py:79} INFO - Running: ['***', 'tasks', 'run', 'first_dag', 'hello_task2', 'manual__2022-12-11T18:16:11.624927+00:00', '--job-id', '1195', '--raw', '--subdir', 'DAGS_FOLDER/first-dag.py', '--cfg-path', '/tmp/tmpgwztclbe', '--error-file', '/tmp/tmpe7wzzcdx']
[2022-12-11 18:20:24,954] {standard_task_runner.py:80} INFO - Job 1195: Subtask hello_task2
[2022-12-11 18:20:25,069] {task_command.py:369} INFO - Running <TaskInstance: first_dag.hello_task2 manual__2022-12-11T18:16:11.624927+00:00 [running]> on host 7e39590a7807
[2022-12-11 18:20:25,190] {taskinstance.py:1571} INFO - Exporting the following env vars:
AIRFLOW_CTX_DAG_OWNER=***
AIRFLOW_CTX_DAG_ID=first_dag
AIRFLOW_CTX_TASK_ID=hello_task2
AIRFLOW_CTX_EXECUTION_DATE=2022-12-11T18:16:11.624927+00:00
AIRFLOW_CTX_TRY_NUMBER=1
AIRFLOW_CTX_DAG_RUN_ID=manual__2022-12-11T18:16:11.624927+00:00
[2022-12-11 18:20:25,193] {subprocess.py:62} INFO - Tmp dir root location: 
 /tmp
[2022-12-11 18:20:25,196] {subprocess.py:74} INFO - Running command: ['bash', '-c', 'echo hello']
[2022-12-11 18:20:25,216] {subprocess.py:85} INFO - Output:
[2022-12-11 18:20:25,231] {subprocess.py:92} INFO - hello
[2022-12-11 18:20:25,233] {subprocess.py:96} INFO - Command exited with return code 0
[2022-12-11 18:20:25,282] {taskinstance.py:1400} INFO - Marking task as SUCCESS. dag_id=first_dag, task_id=hello_task2, execution_date=20221211T181611, start_date=20221211T182024, end_date=20221211T182025
[2022-12-11 18:20:25,327] {local_task_job.py:156} INFO - Task exited with return code 0
[2022-12-11 18:20:25,425] {local_task_job.py:273} INFO - 0 downstream tasks scheduled from follow-on schedule check
