[2022-12-11 17:11:41,915] {taskinstance.py:1159} INFO - Dependencies all met for <TaskInstance: first_dag.generate_two_int_task manual__2022-12-11T17:11:32.109189+00:00 [queued]>
[2022-12-11 17:11:42,115] {taskinstance.py:1159} INFO - Dependencies all met for <TaskInstance: first_dag.generate_two_int_task manual__2022-12-11T17:11:32.109189+00:00 [queued]>
[2022-12-11 17:11:42,117] {taskinstance.py:1356} INFO - 
--------------------------------------------------------------------------------
[2022-12-11 17:11:42,119] {taskinstance.py:1357} INFO - Starting attempt 1 of 1
[2022-12-11 17:11:42,122] {taskinstance.py:1358} INFO - 
--------------------------------------------------------------------------------
[2022-12-11 17:11:42,170] {taskinstance.py:1377} INFO - Executing <Task(PythonOperator): generate_two_int_task> on 2022-12-11 17:11:32.109189+00:00
[2022-12-11 17:11:42,180] {standard_task_runner.py:52} INFO - Started process 3747 to run task
[2022-12-11 17:11:42,210] {standard_task_runner.py:79} INFO - Running: ['***', 'tasks', 'run', 'first_dag', 'generate_two_int_task', 'manual__2022-12-11T17:11:32.109189+00:00', '--job-id', '1090', '--raw', '--subdir', 'DAGS_FOLDER/first-dag.py', '--cfg-path', '/tmp/tmpbwe4y6o0', '--error-file', '/tmp/tmpmbxbui2r']
[2022-12-11 17:11:42,213] {standard_task_runner.py:80} INFO - Job 1090: Subtask generate_two_int_task
[2022-12-11 17:11:43,109] {task_command.py:369} INFO - Running <TaskInstance: first_dag.generate_two_int_task manual__2022-12-11T17:11:32.109189+00:00 [running]> on host 7e39590a7807
[2022-12-11 17:11:43,886] {taskinstance.py:1571} INFO - Exporting the following env vars:
AIRFLOW_CTX_DAG_OWNER=***
AIRFLOW_CTX_DAG_ID=first_dag
AIRFLOW_CTX_TASK_ID=generate_two_int_task
AIRFLOW_CTX_EXECUTION_DATE=2022-12-11T17:11:32.109189+00:00
AIRFLOW_CTX_TRY_NUMBER=1
AIRFLOW_CTX_DAG_RUN_ID=manual__2022-12-11T17:11:32.109189+00:00
[2022-12-11 17:11:44,007] {python.py:173} INFO - Done. Returned value was: None
[2022-12-11 17:11:44,047] {taskinstance.py:1400} INFO - Marking task as SUCCESS. dag_id=first_dag, task_id=generate_two_int_task, execution_date=20221211T171132, start_date=20221211T171141, end_date=20221211T171144
[2022-12-11 17:11:44,093] {local_task_job.py:156} INFO - Task exited with return code 0
[2022-12-11 17:11:44,447] {local_task_job.py:273} INFO - 1 downstream tasks scheduled from follow-on schedule check
