[2022-12-10 17:09:16,726] {taskinstance.py:1159} INFO - Dependencies all met for <TaskInstance: first_dag.printer scheduled__2022-12-09T00:00:00+00:00 [queued]>
[2022-12-10 17:09:16,767] {taskinstance.py:1159} INFO - Dependencies all met for <TaskInstance: first_dag.printer scheduled__2022-12-09T00:00:00+00:00 [queued]>
[2022-12-10 17:09:16,769] {taskinstance.py:1356} INFO - 
--------------------------------------------------------------------------------
[2022-12-10 17:09:16,771] {taskinstance.py:1357} INFO - Starting attempt 1 of 1
[2022-12-10 17:09:16,773] {taskinstance.py:1358} INFO - 
--------------------------------------------------------------------------------
[2022-12-10 17:09:16,877] {taskinstance.py:1377} INFO - Executing <Task(PythonOperator): printer> on 2022-12-09 00:00:00+00:00
[2022-12-10 17:09:16,890] {standard_task_runner.py:52} INFO - Started process 188 to run task
[2022-12-10 17:09:16,932] {standard_task_runner.py:79} INFO - Running: ['***', 'tasks', 'run', 'first_dag', 'printer', 'scheduled__2022-12-09T00:00:00+00:00', '--job-id', '307', '--raw', '--subdir', 'DAGS_FOLDER/first-dag.py', '--cfg-path', '/tmp/tmp5iqfaip7', '--error-file', '/tmp/tmpipse57cr']
[2022-12-10 17:09:16,968] {standard_task_runner.py:80} INFO - Job 307: Subtask printer
[2022-12-10 17:09:17,415] {task_command.py:369} INFO - Running <TaskInstance: first_dag.printer scheduled__2022-12-09T00:00:00+00:00 [running]> on host 4393b4454aa8
[2022-12-10 17:09:17,946] {taskinstance.py:1571} INFO - Exporting the following env vars:
AIRFLOW_CTX_DAG_OWNER=***
AIRFLOW_CTX_DAG_ID=first_dag
AIRFLOW_CTX_TASK_ID=printer
AIRFLOW_CTX_EXECUTION_DATE=2022-12-09T00:00:00+00:00
AIRFLOW_CTX_TRY_NUMBER=1
AIRFLOW_CTX_DAG_RUN_ID=scheduled__2022-12-09T00:00:00+00:00
[2022-12-10 17:09:17,998] {logging_mixin.py:115} INFO - The value is: None
[2022-12-10 17:09:17,999] {python.py:173} INFO - Done. Returned value was: None
[2022-12-10 17:09:18,082] {taskinstance.py:1400} INFO - Marking task as SUCCESS. dag_id=first_dag, task_id=printer, execution_date=20221209T000000, start_date=20221210T170916, end_date=20221210T170918
[2022-12-10 17:09:18,215] {local_task_job.py:156} INFO - Task exited with return code 0
[2022-12-10 17:09:18,348] {local_task_job.py:273} INFO - 0 downstream tasks scheduled from follow-on schedule check
[2022-12-10 17:10:16,247] {taskinstance.py:1159} INFO - Dependencies all met for <TaskInstance: first_dag.printer scheduled__2022-12-09T00:00:00+00:00 [queued]>
[2022-12-10 17:10:16,268] {taskinstance.py:1159} INFO - Dependencies all met for <TaskInstance: first_dag.printer scheduled__2022-12-09T00:00:00+00:00 [queued]>
[2022-12-10 17:10:16,269] {taskinstance.py:1356} INFO - 
--------------------------------------------------------------------------------
[2022-12-10 17:10:16,270] {taskinstance.py:1357} INFO - Starting attempt 1 of 1
[2022-12-10 17:10:16,271] {taskinstance.py:1358} INFO - 
--------------------------------------------------------------------------------
[2022-12-10 17:10:16,304] {taskinstance.py:1377} INFO - Executing <Task(PythonOperator): printer> on 2022-12-09 00:00:00+00:00
[2022-12-10 17:10:16,321] {standard_task_runner.py:52} INFO - Started process 226 to run task
[2022-12-10 17:10:16,340] {standard_task_runner.py:79} INFO - Running: ['***', 'tasks', 'run', 'first_dag', 'printer', 'scheduled__2022-12-09T00:00:00+00:00', '--job-id', '316', '--raw', '--subdir', 'DAGS_FOLDER/first-dag.py', '--cfg-path', '/tmp/tmpwpfb7wju', '--error-file', '/tmp/tmp3td78fdo']
[2022-12-10 17:10:16,344] {standard_task_runner.py:80} INFO - Job 316: Subtask printer
[2022-12-10 17:10:16,540] {task_command.py:369} INFO - Running <TaskInstance: first_dag.printer scheduled__2022-12-09T00:00:00+00:00 [running]> on host 4393b4454aa8
[2022-12-10 17:10:17,003] {taskinstance.py:1571} INFO - Exporting the following env vars:
AIRFLOW_CTX_DAG_OWNER=***
AIRFLOW_CTX_DAG_ID=first_dag
AIRFLOW_CTX_TASK_ID=printer
AIRFLOW_CTX_EXECUTION_DATE=2022-12-09T00:00:00+00:00
AIRFLOW_CTX_TRY_NUMBER=1
AIRFLOW_CTX_DAG_RUN_ID=scheduled__2022-12-09T00:00:00+00:00
[2022-12-10 17:10:17,030] {logging_mixin.py:115} INFO - The value is: None
[2022-12-10 17:10:17,043] {python.py:173} INFO - Done. Returned value was: None
[2022-12-10 17:10:17,072] {taskinstance.py:1400} INFO - Marking task as SUCCESS. dag_id=first_dag, task_id=printer, execution_date=20221209T000000, start_date=20221210T171016, end_date=20221210T171017
[2022-12-10 17:10:17,144] {local_task_job.py:156} INFO - Task exited with return code 0
[2022-12-10 17:10:17,220] {local_task_job.py:273} INFO - 0 downstream tasks scheduled from follow-on schedule check
