[2022-12-04 19:26:36,311] {taskinstance.py:1159} INFO - Dependencies all met for <TaskInstance: first_dag.sum_column_task manual__2022-12-04T19:26:29.252891+00:00 [queued]>
[2022-12-04 19:26:36,325] {taskinstance.py:1159} INFO - Dependencies all met for <TaskInstance: first_dag.sum_column_task manual__2022-12-04T19:26:29.252891+00:00 [queued]>
[2022-12-04 19:26:36,327] {taskinstance.py:1356} INFO - 
--------------------------------------------------------------------------------
[2022-12-04 19:26:36,329] {taskinstance.py:1357} INFO - Starting attempt 1 of 1
[2022-12-04 19:26:36,330] {taskinstance.py:1358} INFO - 
--------------------------------------------------------------------------------
[2022-12-04 19:26:36,360] {taskinstance.py:1377} INFO - Executing <Task(PythonOperator): sum_column_task> on 2022-12-04 19:26:29.252891+00:00
[2022-12-04 19:26:36,374] {standard_task_runner.py:52} INFO - Started process 394 to run task
[2022-12-04 19:26:36,388] {standard_task_runner.py:79} INFO - Running: ['***', 'tasks', 'run', 'first_dag', 'sum_column_task', 'manual__2022-12-04T19:26:29.252891+00:00', '--job-id', '259', '--raw', '--subdir', 'DAGS_FOLDER/first-dag.py', '--cfg-path', '/tmp/tmpdq85ayu6', '--error-file', '/tmp/tmp5esuxrd6']
[2022-12-04 19:26:36,393] {standard_task_runner.py:80} INFO - Job 259: Subtask sum_column_task
[2022-12-04 19:26:36,478] {task_command.py:369} INFO - Running <TaskInstance: first_dag.sum_column_task manual__2022-12-04T19:26:29.252891+00:00 [running]> on host 4393b4454aa8
[2022-12-04 19:26:36,606] {taskinstance.py:1571} INFO - Exporting the following env vars:
AIRFLOW_CTX_DAG_OWNER=***
AIRFLOW_CTX_DAG_ID=first_dag
AIRFLOW_CTX_TASK_ID=sum_column_task
AIRFLOW_CTX_EXECUTION_DATE=2022-12-04T19:26:29.252891+00:00
AIRFLOW_CTX_TRY_NUMBER=1
AIRFLOW_CTX_DAG_RUN_ID=manual__2022-12-04T19:26:29.252891+00:00
[2022-12-04 19:26:36,625] {python.py:173} INFO - Done. Returned value was: -246
[2022-12-04 19:26:36,681] {taskinstance.py:1400} INFO - Marking task as SUCCESS. dag_id=first_dag, task_id=sum_column_task, execution_date=20221204T192629, start_date=20221204T192636, end_date=20221204T192636
[2022-12-04 19:26:36,720] {local_task_job.py:156} INFO - Task exited with return code 0
[2022-12-04 19:26:36,776] {local_task_job.py:273} INFO - 1 downstream tasks scheduled from follow-on schedule check
