[2022-12-12 04:56:18,845] {taskinstance.py:1159} INFO - Dependencies all met for <TaskInstance: first_dag.create_task_table scheduled__2022-12-11T22:41:00+00:00 [queued]>
[2022-12-12 04:56:19,041] {taskinstance.py:1159} INFO - Dependencies all met for <TaskInstance: first_dag.create_task_table scheduled__2022-12-11T22:41:00+00:00 [queued]>
[2022-12-12 04:56:19,043] {taskinstance.py:1356} INFO - 
--------------------------------------------------------------------------------
[2022-12-12 04:56:19,044] {taskinstance.py:1357} INFO - Starting attempt 1 of 1
[2022-12-12 04:56:19,045] {taskinstance.py:1358} INFO - 
--------------------------------------------------------------------------------
[2022-12-12 04:56:19,232] {taskinstance.py:1377} INFO - Executing <Task(PostgresOperator): create_task_table> on 2022-12-11 22:41:00+00:00
[2022-12-12 04:56:19,356] {standard_task_runner.py:52} INFO - Started process 7300 to run task
[2022-12-12 04:56:19,473] {standard_task_runner.py:79} INFO - Running: ['***', 'tasks', 'run', 'first_dag', 'create_task_table', 'scheduled__2022-12-11T22:41:00+00:00', '--job-id', '1554', '--raw', '--subdir', 'DAGS_FOLDER/first-dag.py', '--cfg-path', '/tmp/tmpeyunrfhf', '--error-file', '/tmp/tmpio54gwl3']
[2022-12-12 04:56:19,483] {standard_task_runner.py:80} INFO - Job 1554: Subtask create_task_table
[2022-12-12 04:56:29,964] {task_command.py:369} INFO - Running <TaskInstance: first_dag.create_task_table scheduled__2022-12-11T22:41:00+00:00 [running]> on host 7e39590a7807
[2022-12-12 04:56:30,626] {taskinstance.py:1571} INFO - Exporting the following env vars:
AIRFLOW_CTX_DAG_OWNER=***
AIRFLOW_CTX_DAG_ID=first_dag
AIRFLOW_CTX_TASK_ID=create_task_table
AIRFLOW_CTX_EXECUTION_DATE=2022-12-11T22:41:00+00:00
AIRFLOW_CTX_TRY_NUMBER=1
AIRFLOW_CTX_DAG_RUN_ID=scheduled__2022-12-11T22:41:00+00:00
[2022-12-12 04:56:30,836] {base.py:68} INFO - Using connection ID 'db' for task execution.
[2022-12-12 04:56:30,982] {dbapi.py:208} INFO - Running statement: 
                create table if not exists task (
	            value_1 INT,
	            value_2 INT
            );
              , parameters: None
[2022-12-12 04:56:31,010] {postgres.py:94} INFO - NOTICE:  relation "task" already exists, skipping

[2022-12-12 04:56:31,203] {taskinstance.py:1400} INFO - Marking task as SUCCESS. dag_id=first_dag, task_id=create_task_table, execution_date=20221211T224100, start_date=20221212T045618, end_date=20221212T045631
[2022-12-12 04:56:31,388] {local_task_job.py:156} INFO - Task exited with return code 0
[2022-12-12 04:56:31,670] {local_task_job.py:273} INFO - 0 downstream tasks scheduled from follow-on schedule check
