[2022-12-11 17:09:19,315] {taskinstance.py:1159} INFO - Dependencies all met for <TaskInstance: first_dag.write_diff_task manual__2022-12-11T17:08:58.815487+00:00 [queued]>
[2022-12-11 17:09:19,363] {taskinstance.py:1159} INFO - Dependencies all met for <TaskInstance: first_dag.write_diff_task manual__2022-12-11T17:08:58.815487+00:00 [queued]>
[2022-12-11 17:09:19,365] {taskinstance.py:1356} INFO - 
--------------------------------------------------------------------------------
[2022-12-11 17:09:19,367] {taskinstance.py:1357} INFO - Starting attempt 1 of 1
[2022-12-11 17:09:19,368] {taskinstance.py:1358} INFO - 
--------------------------------------------------------------------------------
[2022-12-11 17:09:19,436] {taskinstance.py:1377} INFO - Executing <Task(PythonOperator): write_diff_task> on 2022-12-11 17:08:58.815487+00:00
[2022-12-11 17:09:19,449] {standard_task_runner.py:52} INFO - Started process 3706 to run task
[2022-12-11 17:09:19,470] {standard_task_runner.py:79} INFO - Running: ['***', 'tasks', 'run', 'first_dag', 'write_diff_task', 'manual__2022-12-11T17:08:58.815487+00:00', '--job-id', '1083', '--raw', '--subdir', 'DAGS_FOLDER/first-dag.py', '--cfg-path', '/tmp/tmp63bix7ge', '--error-file', '/tmp/tmpuzzdklhm']
[2022-12-11 17:09:19,478] {standard_task_runner.py:80} INFO - Job 1083: Subtask write_diff_task
[2022-12-11 17:09:20,192] {task_command.py:369} INFO - Running <TaskInstance: first_dag.write_diff_task manual__2022-12-11T17:08:58.815487+00:00 [running]> on host 7e39590a7807
[2022-12-11 17:09:20,690] {taskinstance.py:1571} INFO - Exporting the following env vars:
AIRFLOW_CTX_DAG_OWNER=***
AIRFLOW_CTX_DAG_ID=first_dag
AIRFLOW_CTX_TASK_ID=write_diff_task
AIRFLOW_CTX_EXECUTION_DATE=2022-12-11T17:08:58.815487+00:00
AIRFLOW_CTX_TRY_NUMBER=1
AIRFLOW_CTX_DAG_RUN_ID=manual__2022-12-11T17:08:58.815487+00:00
[2022-12-11 17:09:21,041] {python.py:173} INFO - Done. Returned value was: None
[2022-12-11 17:09:21,580] {taskinstance.py:1400} INFO - Marking task as SUCCESS. dag_id=first_dag, task_id=write_diff_task, execution_date=20221211T170858, start_date=20221211T170919, end_date=20221211T170921
[2022-12-11 17:09:21,782] {local_task_job.py:156} INFO - Task exited with return code 0
[2022-12-11 17:09:21,922] {local_task_job.py:273} INFO - 1 downstream tasks scheduled from follow-on schedule check
