[2022-12-04 16:59:00,801] {taskinstance.py:1159} INFO - Dependencies all met for <TaskInstance: first_dag.world manual__2022-12-04T16:58:58.057943+00:00 [queued]>
[2022-12-04 16:59:00,818] {taskinstance.py:1159} INFO - Dependencies all met for <TaskInstance: first_dag.world manual__2022-12-04T16:58:58.057943+00:00 [queued]>
[2022-12-04 16:59:00,819] {taskinstance.py:1356} INFO - 
--------------------------------------------------------------------------------
[2022-12-04 16:59:00,821] {taskinstance.py:1357} INFO - Starting attempt 1 of 1
[2022-12-04 16:59:00,822] {taskinstance.py:1358} INFO - 
--------------------------------------------------------------------------------
[2022-12-04 16:59:00,840] {taskinstance.py:1377} INFO - Executing <Task(PythonOperator): world> on 2022-12-04 16:58:58.057943+00:00
[2022-12-04 16:59:00,846] {standard_task_runner.py:52} INFO - Started process 1135 to run task
[2022-12-04 16:59:00,854] {standard_task_runner.py:79} INFO - Running: ['***', 'tasks', 'run', 'first_dag', 'world', 'manual__2022-12-04T16:58:58.057943+00:00', '--job-id', '178', '--raw', '--subdir', 'DAGS_FOLDER/first-dag.py', '--cfg-path', '/tmp/tmpjt_u_8ue', '--error-file', '/tmp/tmppi6efp8i']
[2022-12-04 16:59:00,856] {standard_task_runner.py:80} INFO - Job 178: Subtask world
[2022-12-04 16:59:00,947] {task_command.py:369} INFO - Running <TaskInstance: first_dag.world manual__2022-12-04T16:58:58.057943+00:00 [running]> on host fb90b48d1471
[2022-12-04 16:59:01,061] {taskinstance.py:1571} INFO - Exporting the following env vars:
AIRFLOW_CTX_DAG_OWNER=***
AIRFLOW_CTX_DAG_ID=first_dag
AIRFLOW_CTX_TASK_ID=world
AIRFLOW_CTX_EXECUTION_DATE=2022-12-04T16:58:58.057943+00:00
AIRFLOW_CTX_TRY_NUMBER=1
AIRFLOW_CTX_DAG_RUN_ID=manual__2022-12-04T16:58:58.057943+00:00
[2022-12-04 16:59:01,063] {logging_mixin.py:115} INFO - Airflow
[2022-12-04 16:59:01,065] {python.py:173} INFO - Done. Returned value was: None
[2022-12-04 16:59:01,084] {taskinstance.py:1400} INFO - Marking task as SUCCESS. dag_id=first_dag, task_id=world, execution_date=20221204T165858, start_date=20221204T165900, end_date=20221204T165901
[2022-12-04 16:59:01,108] {local_task_job.py:156} INFO - Task exited with return code 0
[2022-12-04 16:59:01,154] {local_task_job.py:273} INFO - 1 downstream tasks scheduled from follow-on schedule check
