[2022-12-12 05:27:37,608] {taskinstance.py:1159} INFO - Dependencies all met for <TaskInstance: first_dag.insert_data manual__2022-12-12T05:27:34.840137+00:00 [queued]>
[2022-12-12 05:27:37,626] {taskinstance.py:1159} INFO - Dependencies all met for <TaskInstance: first_dag.insert_data manual__2022-12-12T05:27:34.840137+00:00 [queued]>
[2022-12-12 05:27:37,627] {taskinstance.py:1356} INFO - 
--------------------------------------------------------------------------------
[2022-12-12 05:27:37,628] {taskinstance.py:1357} INFO - Starting attempt 1 of 1
[2022-12-12 05:27:37,629] {taskinstance.py:1358} INFO - 
--------------------------------------------------------------------------------
[2022-12-12 05:27:37,671] {taskinstance.py:1377} INFO - Executing <Task(PythonOperator): insert_data> on 2022-12-12 05:27:34.840137+00:00
[2022-12-12 05:27:37,687] {standard_task_runner.py:52} INFO - Started process 7851 to run task
[2022-12-12 05:27:37,700] {standard_task_runner.py:79} INFO - Running: ['***', 'tasks', 'run', 'first_dag', 'insert_data', 'manual__2022-12-12T05:27:34.840137+00:00', '--job-id', '1671', '--raw', '--subdir', 'DAGS_FOLDER/first-dag.py', '--cfg-path', '/tmp/tmpcqnlur9n', '--error-file', '/tmp/tmphki8i20s']
[2022-12-12 05:27:37,702] {standard_task_runner.py:80} INFO - Job 1671: Subtask insert_data
[2022-12-12 05:27:37,839] {task_command.py:369} INFO - Running <TaskInstance: first_dag.insert_data manual__2022-12-12T05:27:34.840137+00:00 [running]> on host 7e39590a7807
[2022-12-12 05:27:37,992] {taskinstance.py:1571} INFO - Exporting the following env vars:
AIRFLOW_CTX_DAG_OWNER=***
AIRFLOW_CTX_DAG_ID=first_dag
AIRFLOW_CTX_TASK_ID=insert_data
AIRFLOW_CTX_EXECUTION_DATE=2022-12-12T05:27:34.840137+00:00
AIRFLOW_CTX_TRY_NUMBER=1
AIRFLOW_CTX_DAG_RUN_ID=manual__2022-12-12T05:27:34.840137+00:00
[2022-12-12 05:27:38,024] {base.py:68} INFO - Using connection ID 'db' for task execution.
[2022-12-12 05:27:38,070] {logging_mixin.py:115} INFO - insert into task(value_1, value_2) VALUES (10,5
);
[2022-12-12 05:27:38,075] {logging_mixin.py:115} INFO - PostgreSQL connection is closed
[2022-12-12 05:27:38,077] {python.py:173} INFO - Done. Returned value was: None
[2022-12-12 05:27:38,136] {taskinstance.py:1400} INFO - Marking task as SUCCESS. dag_id=first_dag, task_id=insert_data, execution_date=20221212T052734, start_date=20221212T052737, end_date=20221212T052738
[2022-12-12 05:27:38,244] {local_task_job.py:156} INFO - Task exited with return code 0
[2022-12-12 05:27:38,361] {local_task_job.py:273} INFO - 1 downstream tasks scheduled from follow-on schedule check
