[2022-12-11 14:18:02,152] {taskinstance.py:1159} INFO - Dependencies all met for <TaskInstance: first_dag.world scheduled__2022-12-11T14:17:00+00:00 [queued]>
[2022-12-11 14:18:02,167] {taskinstance.py:1159} INFO - Dependencies all met for <TaskInstance: first_dag.world scheduled__2022-12-11T14:17:00+00:00 [queued]>
[2022-12-11 14:18:02,169] {taskinstance.py:1356} INFO - 
--------------------------------------------------------------------------------
[2022-12-11 14:18:02,169] {taskinstance.py:1357} INFO - Starting attempt 1 of 1
[2022-12-11 14:18:02,170] {taskinstance.py:1358} INFO - 
--------------------------------------------------------------------------------
[2022-12-11 14:18:02,186] {taskinstance.py:1377} INFO - Executing <Task(PythonOperator): world> on 2022-12-11 14:17:00+00:00
[2022-12-11 14:18:02,191] {standard_task_runner.py:52} INFO - Started process 533 to run task
[2022-12-11 14:18:02,201] {standard_task_runner.py:79} INFO - Running: ['***', 'tasks', 'run', 'first_dag', 'world', 'scheduled__2022-12-11T14:17:00+00:00', '--job-id', '410', '--raw', '--subdir', 'DAGS_FOLDER/first-dag.py', '--cfg-path', '/tmp/tmpdk_88h70', '--error-file', '/tmp/tmpxny7utdl']
[2022-12-11 14:18:02,203] {standard_task_runner.py:80} INFO - Job 410: Subtask world
[2022-12-11 14:18:02,280] {task_command.py:369} INFO - Running <TaskInstance: first_dag.world scheduled__2022-12-11T14:17:00+00:00 [running]> on host 7e39590a7807
[2022-12-11 14:18:02,379] {taskinstance.py:1571} INFO - Exporting the following env vars:
AIRFLOW_CTX_DAG_OWNER=***
AIRFLOW_CTX_DAG_ID=first_dag
AIRFLOW_CTX_TASK_ID=world
AIRFLOW_CTX_EXECUTION_DATE=2022-12-11T14:17:00+00:00
AIRFLOW_CTX_TRY_NUMBER=1
AIRFLOW_CTX_DAG_RUN_ID=scheduled__2022-12-11T14:17:00+00:00
[2022-12-11 14:18:02,381] {logging_mixin.py:115} INFO - Airflow
[2022-12-11 14:18:02,383] {python.py:173} INFO - Done. Returned value was: None
[2022-12-11 14:18:02,405] {taskinstance.py:1400} INFO - Marking task as SUCCESS. dag_id=first_dag, task_id=world, execution_date=20221211T141700, start_date=20221211T141802, end_date=20221211T141802
[2022-12-11 14:18:02,454] {local_task_job.py:156} INFO - Task exited with return code 0
[2022-12-11 14:18:02,513] {local_task_job.py:273} INFO - 1 downstream tasks scheduled from follow-on schedule check
