[2022-12-11 16:51:18,462] {taskinstance.py:1159} INFO - Dependencies all met for <TaskInstance: first_dag.sum_column_task manual__2022-12-11T16:51:14.068449+00:00 [queued]>
[2022-12-11 16:51:18,477] {taskinstance.py:1159} INFO - Dependencies all met for <TaskInstance: first_dag.sum_column_task manual__2022-12-11T16:51:14.068449+00:00 [queued]>
[2022-12-11 16:51:18,479] {taskinstance.py:1356} INFO - 
--------------------------------------------------------------------------------
[2022-12-11 16:51:18,482] {taskinstance.py:1357} INFO - Starting attempt 1 of 1
[2022-12-11 16:51:18,484] {taskinstance.py:1358} INFO - 
--------------------------------------------------------------------------------
[2022-12-11 16:51:18,504] {taskinstance.py:1377} INFO - Executing <Task(PythonOperator): sum_column_task> on 2022-12-11 16:51:14.068449+00:00
[2022-12-11 16:51:18,510] {standard_task_runner.py:52} INFO - Started process 3447 to run task
[2022-12-11 16:51:18,519] {standard_task_runner.py:79} INFO - Running: ['***', 'tasks', 'run', 'first_dag', 'sum_column_task', 'manual__2022-12-11T16:51:14.068449+00:00', '--job-id', '1031', '--raw', '--subdir', 'DAGS_FOLDER/first-dag.py', '--cfg-path', '/tmp/tmp648lzpwm', '--error-file', '/tmp/tmp6smup9r_']
[2022-12-11 16:51:18,521] {standard_task_runner.py:80} INFO - Job 1031: Subtask sum_column_task
[2022-12-11 16:51:18,606] {task_command.py:369} INFO - Running <TaskInstance: first_dag.sum_column_task manual__2022-12-11T16:51:14.068449+00:00 [running]> on host 7e39590a7807
[2022-12-11 16:51:18,706] {taskinstance.py:1571} INFO - Exporting the following env vars:
AIRFLOW_CTX_DAG_OWNER=***
AIRFLOW_CTX_DAG_ID=first_dag
AIRFLOW_CTX_TASK_ID=sum_column_task
AIRFLOW_CTX_EXECUTION_DATE=2022-12-11T16:51:14.068449+00:00
AIRFLOW_CTX_TRY_NUMBER=1
AIRFLOW_CTX_DAG_RUN_ID=manual__2022-12-11T16:51:14.068449+00:00
[2022-12-11 16:51:18,723] {logging_mixin.py:115} INFO - Different sum column is 17
[2022-12-11 16:51:18,725] {python.py:173} INFO - Done. Returned value was: 17
[2022-12-11 16:51:18,769] {taskinstance.py:1400} INFO - Marking task as SUCCESS. dag_id=first_dag, task_id=sum_column_task, execution_date=20221211T165114, start_date=20221211T165118, end_date=20221211T165118
[2022-12-11 16:51:18,811] {local_task_job.py:156} INFO - Task exited with return code 0
[2022-12-11 16:51:18,881] {local_task_job.py:273} INFO - 1 downstream tasks scheduled from follow-on schedule check
