[2022-12-11 20:38:45,743] {taskinstance.py:1159} INFO - Dependencies all met for <TaskInstance: first_dag.sum_column_task manual__2022-12-11T20:38:00.101696+00:00 [queued]>
[2022-12-11 20:38:45,778] {taskinstance.py:1159} INFO - Dependencies all met for <TaskInstance: first_dag.sum_column_task manual__2022-12-11T20:38:00.101696+00:00 [queued]>
[2022-12-11 20:38:45,781] {taskinstance.py:1356} INFO - 
--------------------------------------------------------------------------------
[2022-12-11 20:38:45,783] {taskinstance.py:1357} INFO - Starting attempt 1 of 1
[2022-12-11 20:38:45,785] {taskinstance.py:1358} INFO - 
--------------------------------------------------------------------------------
[2022-12-11 20:38:45,826] {taskinstance.py:1377} INFO - Executing <Task(PythonOperator): sum_column_task> on 2022-12-11 20:38:00.101696+00:00
[2022-12-11 20:38:45,833] {standard_task_runner.py:52} INFO - Started process 6205 to run task
[2022-12-11 20:38:45,846] {standard_task_runner.py:79} INFO - Running: ['***', 'tasks', 'run', 'first_dag', 'sum_column_task', 'manual__2022-12-11T20:38:00.101696+00:00', '--job-id', '1496', '--raw', '--subdir', 'DAGS_FOLDER/first-dag.py', '--cfg-path', '/tmp/tmpmwkosr24', '--error-file', '/tmp/tmpbnx6qh71']
[2022-12-11 20:38:45,850] {standard_task_runner.py:80} INFO - Job 1496: Subtask sum_column_task
[2022-12-11 20:38:46,274] {task_command.py:369} INFO - Running <TaskInstance: first_dag.sum_column_task manual__2022-12-11T20:38:00.101696+00:00 [running]> on host 7e39590a7807
[2022-12-11 20:38:51,165] {taskinstance.py:1571} INFO - Exporting the following env vars:
AIRFLOW_CTX_DAG_OWNER=***
AIRFLOW_CTX_DAG_ID=first_dag
AIRFLOW_CTX_TASK_ID=sum_column_task
AIRFLOW_CTX_EXECUTION_DATE=2022-12-11T20:38:00.101696+00:00
AIRFLOW_CTX_TRY_NUMBER=1
AIRFLOW_CTX_DAG_RUN_ID=manual__2022-12-11T20:38:00.101696+00:00
[2022-12-11 20:38:51,536] {logging_mixin.py:115} INFO - Different sum column is 0
[2022-12-11 20:38:51,546] {python.py:173} INFO - Done. Returned value was: 0
[2022-12-11 20:38:51,833] {taskinstance.py:1400} INFO - Marking task as SUCCESS. dag_id=first_dag, task_id=sum_column_task, execution_date=20221211T203800, start_date=20221211T203845, end_date=20221211T203851
[2022-12-11 20:38:51,940] {local_task_job.py:156} INFO - Task exited with return code 0
[2022-12-11 20:38:52,269] {local_task_job.py:273} INFO - 1 downstream tasks scheduled from follow-on schedule check
