[2022-12-04 19:18:04,998] {taskinstance.py:1159} INFO - Dependencies all met for <TaskInstance: first_dag.hello_task manual__2022-12-04T19:18:03.407949+00:00 [queued]>
[2022-12-04 19:18:05,030] {taskinstance.py:1159} INFO - Dependencies all met for <TaskInstance: first_dag.hello_task manual__2022-12-04T19:18:03.407949+00:00 [queued]>
[2022-12-04 19:18:05,032] {taskinstance.py:1356} INFO - 
--------------------------------------------------------------------------------
[2022-12-04 19:18:05,034] {taskinstance.py:1357} INFO - Starting attempt 1 of 1
[2022-12-04 19:18:05,035] {taskinstance.py:1358} INFO - 
--------------------------------------------------------------------------------
[2022-12-04 19:18:05,094] {taskinstance.py:1377} INFO - Executing <Task(BashOperator): hello_task> on 2022-12-04 19:18:03.407949+00:00
[2022-12-04 19:18:05,108] {standard_task_runner.py:52} INFO - Started process 244 to run task
[2022-12-04 19:18:05,128] {standard_task_runner.py:79} INFO - Running: ['***', 'tasks', 'run', 'first_dag', 'hello_task', 'manual__2022-12-04T19:18:03.407949+00:00', '--job-id', '239', '--raw', '--subdir', 'DAGS_FOLDER/first-dag.py', '--cfg-path', '/tmp/tmpp98z5lj9', '--error-file', '/tmp/tmppkol8gkj']
[2022-12-04 19:18:05,134] {standard_task_runner.py:80} INFO - Job 239: Subtask hello_task
[2022-12-04 19:18:05,344] {task_command.py:369} INFO - Running <TaskInstance: first_dag.hello_task manual__2022-12-04T19:18:03.407949+00:00 [running]> on host 4393b4454aa8
[2022-12-04 19:18:05,735] {taskinstance.py:1571} INFO - Exporting the following env vars:
AIRFLOW_CTX_DAG_OWNER=***
AIRFLOW_CTX_DAG_ID=first_dag
AIRFLOW_CTX_TASK_ID=hello_task
AIRFLOW_CTX_EXECUTION_DATE=2022-12-04T19:18:03.407949+00:00
AIRFLOW_CTX_TRY_NUMBER=1
AIRFLOW_CTX_DAG_RUN_ID=manual__2022-12-04T19:18:03.407949+00:00
[2022-12-04 19:18:05,741] {subprocess.py:62} INFO - Tmp dir root location: 
 /tmp
[2022-12-04 19:18:05,748] {subprocess.py:74} INFO - Running command: ['bash', '-c', 'echo hello']
[2022-12-04 19:18:05,835] {subprocess.py:85} INFO - Output:
[2022-12-04 19:18:05,867] {subprocess.py:92} INFO - hello
[2022-12-04 19:18:05,870] {subprocess.py:96} INFO - Command exited with return code 0
[2022-12-04 19:18:05,992] {taskinstance.py:1400} INFO - Marking task as SUCCESS. dag_id=first_dag, task_id=hello_task, execution_date=20221204T191803, start_date=20221204T191805, end_date=20221204T191805
[2022-12-04 19:18:06,082] {local_task_job.py:156} INFO - Task exited with return code 0
[2022-12-04 19:18:06,173] {local_task_job.py:273} INFO - 1 downstream tasks scheduled from follow-on schedule check
