[2022-12-11 17:08:53,394] {taskinstance.py:1159} INFO - Dependencies all met for <TaskInstance: first_dag.hello_task manual__2022-12-11T17:08:51.190149+00:00 [queued]>
[2022-12-11 17:08:53,466] {taskinstance.py:1159} INFO - Dependencies all met for <TaskInstance: first_dag.hello_task manual__2022-12-11T17:08:51.190149+00:00 [queued]>
[2022-12-11 17:08:53,471] {taskinstance.py:1356} INFO - 
--------------------------------------------------------------------------------
[2022-12-11 17:08:53,476] {taskinstance.py:1357} INFO - Starting attempt 1 of 1
[2022-12-11 17:08:53,481] {taskinstance.py:1358} INFO - 
--------------------------------------------------------------------------------
[2022-12-11 17:08:53,538] {taskinstance.py:1377} INFO - Executing <Task(BashOperator): hello_task> on 2022-12-11 17:08:51.190149+00:00
[2022-12-11 17:08:53,549] {standard_task_runner.py:52} INFO - Started process 3673 to run task
[2022-12-11 17:08:53,595] {standard_task_runner.py:79} INFO - Running: ['***', 'tasks', 'run', 'first_dag', 'hello_task', 'manual__2022-12-11T17:08:51.190149+00:00', '--job-id', '1070', '--raw', '--subdir', 'DAGS_FOLDER/first-dag.py', '--cfg-path', '/tmp/tmphi48qz0h', '--error-file', '/tmp/tmpk0vsg3dc']
[2022-12-11 17:08:53,618] {standard_task_runner.py:80} INFO - Job 1070: Subtask hello_task
[2022-12-11 17:08:53,985] {task_command.py:369} INFO - Running <TaskInstance: first_dag.hello_task manual__2022-12-11T17:08:51.190149+00:00 [running]> on host 7e39590a7807
[2022-12-11 17:08:55,190] {taskinstance.py:1571} INFO - Exporting the following env vars:
AIRFLOW_CTX_DAG_OWNER=***
AIRFLOW_CTX_DAG_ID=first_dag
AIRFLOW_CTX_TASK_ID=hello_task
AIRFLOW_CTX_EXECUTION_DATE=2022-12-11T17:08:51.190149+00:00
AIRFLOW_CTX_TRY_NUMBER=1
AIRFLOW_CTX_DAG_RUN_ID=manual__2022-12-11T17:08:51.190149+00:00
[2022-12-11 17:08:55,204] {subprocess.py:62} INFO - Tmp dir root location: 
 /tmp
[2022-12-11 17:08:55,219] {subprocess.py:74} INFO - Running command: ['bash', '-c', 'echo hello']
[2022-12-11 17:08:55,277] {subprocess.py:85} INFO - Output:
[2022-12-11 17:08:55,296] {subprocess.py:92} INFO - hello
[2022-12-11 17:08:55,303] {subprocess.py:96} INFO - Command exited with return code 0
[2022-12-11 17:08:55,409] {taskinstance.py:1400} INFO - Marking task as SUCCESS. dag_id=first_dag, task_id=hello_task, execution_date=20221211T170851, start_date=20221211T170853, end_date=20221211T170855
[2022-12-11 17:08:55,510] {local_task_job.py:156} INFO - Task exited with return code 0
[2022-12-11 17:08:55,688] {local_task_job.py:273} INFO - 1 downstream tasks scheduled from follow-on schedule check
