[2022-12-11 15:27:37,241] {taskinstance.py:1159} INFO - Dependencies all met for <TaskInstance: first_dag.sum_column_task manual__2022-12-11T15:27:32.966215+00:00 [queued]>
[2022-12-11 15:27:37,281] {taskinstance.py:1159} INFO - Dependencies all met for <TaskInstance: first_dag.sum_column_task manual__2022-12-11T15:27:32.966215+00:00 [queued]>
[2022-12-11 15:27:37,282] {taskinstance.py:1356} INFO - 
--------------------------------------------------------------------------------
[2022-12-11 15:27:37,284] {taskinstance.py:1357} INFO - Starting attempt 1 of 1
[2022-12-11 15:27:37,285] {taskinstance.py:1358} INFO - 
--------------------------------------------------------------------------------
[2022-12-11 15:27:37,332] {taskinstance.py:1377} INFO - Executing <Task(PythonOperator): sum_column_task> on 2022-12-11 15:27:32.966215+00:00
[2022-12-11 15:27:37,344] {standard_task_runner.py:52} INFO - Started process 2648 to run task
[2022-12-11 15:27:37,360] {standard_task_runner.py:79} INFO - Running: ['***', 'tasks', 'run', 'first_dag', 'sum_column_task', 'manual__2022-12-11T15:27:32.966215+00:00', '--job-id', '920', '--raw', '--subdir', 'DAGS_FOLDER/first-dag.py', '--cfg-path', '/tmp/tmp0trw61pr', '--error-file', '/tmp/tmppst6mdxq']
[2022-12-11 15:27:37,368] {standard_task_runner.py:80} INFO - Job 920: Subtask sum_column_task
[2022-12-11 15:27:37,542] {task_command.py:369} INFO - Running <TaskInstance: first_dag.sum_column_task manual__2022-12-11T15:27:32.966215+00:00 [running]> on host 7e39590a7807
[2022-12-11 15:27:37,694] {taskinstance.py:1571} INFO - Exporting the following env vars:
AIRFLOW_CTX_DAG_OWNER=***
AIRFLOW_CTX_DAG_ID=first_dag
AIRFLOW_CTX_TASK_ID=sum_column_task
AIRFLOW_CTX_EXECUTION_DATE=2022-12-11T15:27:32.966215+00:00
AIRFLOW_CTX_TRY_NUMBER=1
AIRFLOW_CTX_DAG_RUN_ID=manual__2022-12-11T15:27:32.966215+00:00
[2022-12-11 15:27:37,711] {logging_mixin.py:115} INFO - Different sum column is -2
[2022-12-11 15:27:37,712] {python.py:173} INFO - Done. Returned value was: -2
[2022-12-11 15:27:37,757] {taskinstance.py:1400} INFO - Marking task as SUCCESS. dag_id=first_dag, task_id=sum_column_task, execution_date=20221211T152732, start_date=20221211T152737, end_date=20221211T152737
[2022-12-11 15:27:37,811] {local_task_job.py:156} INFO - Task exited with return code 0
[2022-12-11 15:27:37,872] {local_task_job.py:273} INFO - 1 downstream tasks scheduled from follow-on schedule check
