[2022-12-11 17:21:35,657] {taskinstance.py:1159} INFO - Dependencies all met for <TaskInstance: first_dag.hello_task scheduled__2022-12-11T17:16:00+00:00 [queued]>
[2022-12-11 17:21:35,724] {taskinstance.py:1159} INFO - Dependencies all met for <TaskInstance: first_dag.hello_task scheduled__2022-12-11T17:16:00+00:00 [queued]>
[2022-12-11 17:21:35,727] {taskinstance.py:1356} INFO - 
--------------------------------------------------------------------------------
[2022-12-11 17:21:35,728] {taskinstance.py:1357} INFO - Starting attempt 1 of 1
[2022-12-11 17:21:35,734] {taskinstance.py:1358} INFO - 
--------------------------------------------------------------------------------
[2022-12-11 17:21:35,820] {taskinstance.py:1377} INFO - Executing <Task(BashOperator): hello_task> on 2022-12-11 17:16:00+00:00
[2022-12-11 17:21:35,831] {standard_task_runner.py:52} INFO - Started process 3801 to run task
[2022-12-11 17:21:35,854] {standard_task_runner.py:79} INFO - Running: ['***', 'tasks', 'run', 'first_dag', 'hello_task', 'scheduled__2022-12-11T17:16:00+00:00', '--job-id', '1094', '--raw', '--subdir', 'DAGS_FOLDER/first-dag.py', '--cfg-path', '/tmp/tmpo4s3znqk', '--error-file', '/tmp/tmprw_8jez1']
[2022-12-11 17:21:35,858] {standard_task_runner.py:80} INFO - Job 1094: Subtask hello_task
[2022-12-11 17:21:36,055] {task_command.py:369} INFO - Running <TaskInstance: first_dag.hello_task scheduled__2022-12-11T17:16:00+00:00 [running]> on host 7e39590a7807
[2022-12-11 17:21:36,320] {taskinstance.py:1571} INFO - Exporting the following env vars:
AIRFLOW_CTX_DAG_OWNER=***
AIRFLOW_CTX_DAG_ID=first_dag
AIRFLOW_CTX_TASK_ID=hello_task
AIRFLOW_CTX_EXECUTION_DATE=2022-12-11T17:16:00+00:00
AIRFLOW_CTX_TRY_NUMBER=1
AIRFLOW_CTX_DAG_RUN_ID=scheduled__2022-12-11T17:16:00+00:00
[2022-12-11 17:21:36,322] {subprocess.py:62} INFO - Tmp dir root location: 
 /tmp
[2022-12-11 17:21:36,324] {subprocess.py:74} INFO - Running command: ['bash', '-c', 'echo hello']
[2022-12-11 17:21:36,353] {subprocess.py:85} INFO - Output:
[2022-12-11 17:21:36,384] {subprocess.py:92} INFO - hello
[2022-12-11 17:21:36,386] {subprocess.py:96} INFO - Command exited with return code 0
[2022-12-11 17:21:36,480] {taskinstance.py:1400} INFO - Marking task as SUCCESS. dag_id=first_dag, task_id=hello_task, execution_date=20221211T171600, start_date=20221211T172135, end_date=20221211T172136
[2022-12-11 17:21:36,548] {local_task_job.py:156} INFO - Task exited with return code 0
[2022-12-11 17:21:36,697] {local_task_job.py:273} INFO - 1 downstream tasks scheduled from follow-on schedule check
