[2022-12-04 15:59:06,761] {taskinstance.py:1159} INFO - Dependencies all met for <TaskInstance: first_dag.hel1o scheduled__2022-02-07T00:00:00+00:00 [queued]>
[2022-12-04 15:59:06,889] {taskinstance.py:1159} INFO - Dependencies all met for <TaskInstance: first_dag.hel1o scheduled__2022-02-07T00:00:00+00:00 [queued]>
[2022-12-04 15:59:06,891] {taskinstance.py:1356} INFO - 
--------------------------------------------------------------------------------
[2022-12-04 15:59:06,895] {taskinstance.py:1357} INFO - Starting attempt 1 of 1
[2022-12-04 15:59:06,901] {taskinstance.py:1358} INFO - 
--------------------------------------------------------------------------------
[2022-12-04 15:59:07,114] {taskinstance.py:1377} INFO - Executing <Task(BashOperator): hel1o> on 2022-02-07 00:00:00+00:00
[2022-12-04 15:59:07,153] {standard_task_runner.py:52} INFO - Started process 395 to run task
[2022-12-04 15:59:07,210] {standard_task_runner.py:79} INFO - Running: ['***', 'tasks', 'run', 'first_dag', 'hel1o', 'scheduled__2022-02-07T00:00:00+00:00', '--job-id', '41', '--raw', '--subdir', 'DAGS_FOLDER/first-dag.py', '--cfg-path', '/tmp/tmp93hmum3j', '--error-file', '/tmp/tmp79tngkmo']
[2022-12-04 15:59:07,249] {standard_task_runner.py:80} INFO - Job 41: Subtask hel1o
[2022-12-04 15:59:10,916] {task_command.py:369} INFO - Running <TaskInstance: first_dag.hel1o scheduled__2022-02-07T00:00:00+00:00 [running]> on host fb90b48d1471
[2022-12-04 15:59:14,012] {taskinstance.py:1571} INFO - Exporting the following env vars:
AIRFLOW_CTX_DAG_OWNER=***
AIRFLOW_CTX_DAG_ID=first_dag
AIRFLOW_CTX_TASK_ID=hel1o
AIRFLOW_CTX_EXECUTION_DATE=2022-02-07T00:00:00+00:00
AIRFLOW_CTX_TRY_NUMBER=1
AIRFLOW_CTX_DAG_RUN_ID=scheduled__2022-02-07T00:00:00+00:00
[2022-12-04 15:59:14,073] {subprocess.py:62} INFO - Tmp dir root location: 
 /tmp
[2022-12-04 15:59:14,131] {subprocess.py:74} INFO - Running command: ['bash', '-c', 'echo hello']
[2022-12-04 15:59:14,321] {subprocess.py:85} INFO - Output:
[2022-12-04 15:59:14,582] {subprocess.py:92} INFO - hello
[2022-12-04 15:59:14,587] {subprocess.py:96} INFO - Command exited with return code 0
[2022-12-04 16:02:17,752] {taskinstance.py:1400} INFO - Marking task as SUCCESS. dag_id=first_dag, task_id=hel1o, execution_date=20220207T000000, start_date=20221204T155906, end_date=20221204T160217
[2022-12-04 16:02:19,493] {local_task_job.py:156} INFO - Task exited with return code 0
[2022-12-04 16:02:22,144] {local_task_job.py:273} INFO - 1 downstream tasks scheduled from follow-on schedule check
