[2022-12-11 14:23:02,007] {taskinstance.py:1159} INFO - Dependencies all met for <TaskInstance: first_dag.world scheduled__2022-12-11T14:22:00+00:00 [queued]>
[2022-12-11 14:23:02,023] {taskinstance.py:1159} INFO - Dependencies all met for <TaskInstance: first_dag.world scheduled__2022-12-11T14:22:00+00:00 [queued]>
[2022-12-11 14:23:02,025] {taskinstance.py:1356} INFO - 
--------------------------------------------------------------------------------
[2022-12-11 14:23:02,026] {taskinstance.py:1357} INFO - Starting attempt 1 of 1
[2022-12-11 14:23:02,028] {taskinstance.py:1358} INFO - 
--------------------------------------------------------------------------------
[2022-12-11 14:23:02,049] {taskinstance.py:1377} INFO - Executing <Task(PythonOperator): world> on 2022-12-11 14:22:00+00:00
[2022-12-11 14:23:02,058] {standard_task_runner.py:52} INFO - Started process 638 to run task
[2022-12-11 14:23:02,063] {standard_task_runner.py:79} INFO - Running: ['***', 'tasks', 'run', 'first_dag', 'world', 'scheduled__2022-12-11T14:22:00+00:00', '--job-id', '435', '--raw', '--subdir', 'DAGS_FOLDER/first-dag.py', '--cfg-path', '/tmp/tmp7nw90zll', '--error-file', '/tmp/tmpgboqnrfw']
[2022-12-11 14:23:02,066] {standard_task_runner.py:80} INFO - Job 435: Subtask world
[2022-12-11 14:23:02,150] {task_command.py:369} INFO - Running <TaskInstance: first_dag.world scheduled__2022-12-11T14:22:00+00:00 [running]> on host 7e39590a7807
[2022-12-11 14:23:02,270] {taskinstance.py:1571} INFO - Exporting the following env vars:
AIRFLOW_CTX_DAG_OWNER=***
AIRFLOW_CTX_DAG_ID=first_dag
AIRFLOW_CTX_TASK_ID=world
AIRFLOW_CTX_EXECUTION_DATE=2022-12-11T14:22:00+00:00
AIRFLOW_CTX_TRY_NUMBER=1
AIRFLOW_CTX_DAG_RUN_ID=scheduled__2022-12-11T14:22:00+00:00
[2022-12-11 14:23:02,273] {logging_mixin.py:115} INFO - Airflow
[2022-12-11 14:23:02,275] {python.py:173} INFO - Done. Returned value was: None
[2022-12-11 14:23:02,299] {taskinstance.py:1400} INFO - Marking task as SUCCESS. dag_id=first_dag, task_id=world, execution_date=20221211T142200, start_date=20221211T142302, end_date=20221211T142302
[2022-12-11 14:23:02,321] {local_task_job.py:156} INFO - Task exited with return code 0
[2022-12-11 14:23:02,380] {local_task_job.py:273} INFO - 1 downstream tasks scheduled from follow-on schedule check
