[2022-12-11 14:17:01,018] {taskinstance.py:1159} INFO - Dependencies all met for <TaskInstance: first_dag.hello_task scheduled__2022-12-11T14:16:00+00:00 [queued]>
[2022-12-11 14:17:01,029] {taskinstance.py:1159} INFO - Dependencies all met for <TaskInstance: first_dag.hello_task scheduled__2022-12-11T14:16:00+00:00 [queued]>
[2022-12-11 14:17:01,030] {taskinstance.py:1356} INFO - 
--------------------------------------------------------------------------------
[2022-12-11 14:17:01,031] {taskinstance.py:1357} INFO - Starting attempt 1 of 1
[2022-12-11 14:17:01,032] {taskinstance.py:1358} INFO - 
--------------------------------------------------------------------------------
[2022-12-11 14:17:01,053] {taskinstance.py:1377} INFO - Executing <Task(BashOperator): hello_task> on 2022-12-11 14:16:00+00:00
[2022-12-11 14:17:01,059] {standard_task_runner.py:52} INFO - Started process 508 to run task
[2022-12-11 14:17:01,069] {standard_task_runner.py:79} INFO - Running: ['***', 'tasks', 'run', 'first_dag', 'hello_task', 'scheduled__2022-12-11T14:16:00+00:00', '--job-id', '403', '--raw', '--subdir', 'DAGS_FOLDER/first-dag.py', '--cfg-path', '/tmp/tmpvhkcd4uo', '--error-file', '/tmp/tmpl43gugad']
[2022-12-11 14:17:01,073] {standard_task_runner.py:80} INFO - Job 403: Subtask hello_task
[2022-12-11 14:17:01,172] {task_command.py:369} INFO - Running <TaskInstance: first_dag.hello_task scheduled__2022-12-11T14:16:00+00:00 [running]> on host 7e39590a7807
[2022-12-11 14:17:01,364] {taskinstance.py:1571} INFO - Exporting the following env vars:
AIRFLOW_CTX_DAG_OWNER=***
AIRFLOW_CTX_DAG_ID=first_dag
AIRFLOW_CTX_TASK_ID=hello_task
AIRFLOW_CTX_EXECUTION_DATE=2022-12-11T14:16:00+00:00
AIRFLOW_CTX_TRY_NUMBER=1
AIRFLOW_CTX_DAG_RUN_ID=scheduled__2022-12-11T14:16:00+00:00
[2022-12-11 14:17:01,368] {subprocess.py:62} INFO - Tmp dir root location: 
 /tmp
[2022-12-11 14:17:01,370] {subprocess.py:74} INFO - Running command: ['bash', '-c', 'echo hello']
[2022-12-11 14:17:01,402] {subprocess.py:85} INFO - Output:
[2022-12-11 14:17:01,410] {subprocess.py:92} INFO - hello
[2022-12-11 14:17:01,412] {subprocess.py:96} INFO - Command exited with return code 0
[2022-12-11 14:17:01,522] {taskinstance.py:1400} INFO - Marking task as SUCCESS. dag_id=first_dag, task_id=hello_task, execution_date=20221211T141600, start_date=20221211T141701, end_date=20221211T141701
[2022-12-11 14:17:01,562] {local_task_job.py:156} INFO - Task exited with return code 0
[2022-12-11 14:17:01,691] {local_task_job.py:273} INFO - 1 downstream tasks scheduled from follow-on schedule check
