[2022-12-12 04:56:42,087] {taskinstance.py:1159} INFO - Dependencies all met for <TaskInstance: first_dag.generate_two_int_task scheduled__2022-12-11T22:40:00+00:00 [queued]>
[2022-12-12 04:56:42,129] {taskinstance.py:1159} INFO - Dependencies all met for <TaskInstance: first_dag.generate_two_int_task scheduled__2022-12-11T22:40:00+00:00 [queued]>
[2022-12-12 04:56:42,131] {taskinstance.py:1356} INFO - 
--------------------------------------------------------------------------------
[2022-12-12 04:56:42,132] {taskinstance.py:1357} INFO - Starting attempt 1 of 1
[2022-12-12 04:56:42,133] {taskinstance.py:1358} INFO - 
--------------------------------------------------------------------------------
[2022-12-12 04:56:42,167] {taskinstance.py:1377} INFO - Executing <Task(PythonOperator): generate_two_int_task> on 2022-12-11 22:40:00+00:00
[2022-12-12 04:56:42,173] {standard_task_runner.py:52} INFO - Started process 7317 to run task
[2022-12-12 04:56:42,185] {standard_task_runner.py:79} INFO - Running: ['***', 'tasks', 'run', 'first_dag', 'generate_two_int_task', 'scheduled__2022-12-11T22:40:00+00:00', '--job-id', '1557', '--raw', '--subdir', 'DAGS_FOLDER/first-dag.py', '--cfg-path', '/tmp/tmph6ve6hhn', '--error-file', '/tmp/tmpq3pjk1ui']
[2022-12-12 04:56:42,192] {standard_task_runner.py:80} INFO - Job 1557: Subtask generate_two_int_task
[2022-12-12 04:56:42,387] {task_command.py:369} INFO - Running <TaskInstance: first_dag.generate_two_int_task scheduled__2022-12-11T22:40:00+00:00 [running]> on host 7e39590a7807
[2022-12-12 04:56:42,768] {taskinstance.py:1571} INFO - Exporting the following env vars:
AIRFLOW_CTX_DAG_OWNER=***
AIRFLOW_CTX_DAG_ID=first_dag
AIRFLOW_CTX_TASK_ID=generate_two_int_task
AIRFLOW_CTX_EXECUTION_DATE=2022-12-11T22:40:00+00:00
AIRFLOW_CTX_TRY_NUMBER=1
AIRFLOW_CTX_DAG_RUN_ID=scheduled__2022-12-11T22:40:00+00:00
[2022-12-12 04:56:42,865] {python.py:173} INFO - Done. Returned value was: None
[2022-12-12 04:56:42,896] {taskinstance.py:1400} INFO - Marking task as SUCCESS. dag_id=first_dag, task_id=generate_two_int_task, execution_date=20221211T224000, start_date=20221212T045642, end_date=20221212T045642
[2022-12-12 04:56:42,944] {local_task_job.py:156} INFO - Task exited with return code 0
[2022-12-12 04:56:43,057] {local_task_job.py:273} INFO - 1 downstream tasks scheduled from follow-on schedule check
