[2022-12-04 19:32:30,886] {taskinstance.py:1159} INFO - Dependencies all met for <TaskInstance: first_dag.hello_task manual__2022-12-04T19:32:29.235120+00:00 [queued]>
[2022-12-04 19:32:30,934] {taskinstance.py:1159} INFO - Dependencies all met for <TaskInstance: first_dag.hello_task manual__2022-12-04T19:32:29.235120+00:00 [queued]>
[2022-12-04 19:32:30,935] {taskinstance.py:1356} INFO - 
--------------------------------------------------------------------------------
[2022-12-04 19:32:30,936] {taskinstance.py:1357} INFO - Starting attempt 1 of 1
[2022-12-04 19:32:30,937] {taskinstance.py:1358} INFO - 
--------------------------------------------------------------------------------
[2022-12-04 19:32:30,983] {taskinstance.py:1377} INFO - Executing <Task(BashOperator): hello_task> on 2022-12-04 19:32:29.235120+00:00
[2022-12-04 19:32:30,998] {standard_task_runner.py:52} INFO - Started process 464 to run task
[2022-12-04 19:32:31,025] {standard_task_runner.py:79} INFO - Running: ['***', 'tasks', 'run', 'first_dag', 'hello_task', 'manual__2022-12-04T19:32:29.235120+00:00', '--job-id', '262', '--raw', '--subdir', 'DAGS_FOLDER/first-dag.py', '--cfg-path', '/tmp/tmpq_2vxqi1', '--error-file', '/tmp/tmp4dcon98l']
[2022-12-04 19:32:31,038] {standard_task_runner.py:80} INFO - Job 262: Subtask hello_task
[2022-12-04 19:32:31,438] {task_command.py:369} INFO - Running <TaskInstance: first_dag.hello_task manual__2022-12-04T19:32:29.235120+00:00 [running]> on host 4393b4454aa8
[2022-12-04 19:32:31,723] {taskinstance.py:1571} INFO - Exporting the following env vars:
AIRFLOW_CTX_DAG_OWNER=***
AIRFLOW_CTX_DAG_ID=first_dag
AIRFLOW_CTX_TASK_ID=hello_task
AIRFLOW_CTX_EXECUTION_DATE=2022-12-04T19:32:29.235120+00:00
AIRFLOW_CTX_TRY_NUMBER=1
AIRFLOW_CTX_DAG_RUN_ID=manual__2022-12-04T19:32:29.235120+00:00
[2022-12-04 19:32:31,729] {subprocess.py:62} INFO - Tmp dir root location: 
 /tmp
[2022-12-04 19:32:31,734] {subprocess.py:74} INFO - Running command: ['bash', '-c', 'echo hello']
[2022-12-04 19:32:31,758] {subprocess.py:85} INFO - Output:
[2022-12-04 19:32:31,782] {subprocess.py:92} INFO - hello
[2022-12-04 19:32:31,827] {subprocess.py:96} INFO - Command exited with return code 0
[2022-12-04 19:32:31,882] {taskinstance.py:1400} INFO - Marking task as SUCCESS. dag_id=first_dag, task_id=hello_task, execution_date=20221204T193229, start_date=20221204T193230, end_date=20221204T193231
[2022-12-04 19:32:31,931] {local_task_job.py:156} INFO - Task exited with return code 0
[2022-12-04 19:32:31,996] {local_task_job.py:273} INFO - 1 downstream tasks scheduled from follow-on schedule check
