[2022-12-11 20:29:39,165] {taskinstance.py:1159} INFO - Dependencies all met for <TaskInstance: first_dag.sum_column_task manual__2022-12-11T20:29:14.809239+00:00 [queued]>
[2022-12-11 20:29:39,243] {taskinstance.py:1159} INFO - Dependencies all met for <TaskInstance: first_dag.sum_column_task manual__2022-12-11T20:29:14.809239+00:00 [queued]>
[2022-12-11 20:29:39,246] {taskinstance.py:1356} INFO - 
--------------------------------------------------------------------------------
[2022-12-11 20:29:39,248] {taskinstance.py:1357} INFO - Starting attempt 1 of 1
[2022-12-11 20:29:39,249] {taskinstance.py:1358} INFO - 
--------------------------------------------------------------------------------
[2022-12-11 20:29:39,335] {taskinstance.py:1377} INFO - Executing <Task(PythonOperator): sum_column_task> on 2022-12-11 20:29:14.809239+00:00
[2022-12-11 20:29:39,393] {standard_task_runner.py:79} INFO - Running: ['***', 'tasks', 'run', 'first_dag', 'sum_column_task', 'manual__2022-12-11T20:29:14.809239+00:00', '--job-id', '1455', '--raw', '--subdir', 'DAGS_FOLDER/first-dag.py', '--cfg-path', '/tmp/tmpxknukjh_', '--error-file', '/tmp/tmpd629gzpf']
[2022-12-11 20:29:39,402] {standard_task_runner.py:80} INFO - Job 1455: Subtask sum_column_task
[2022-12-11 20:29:39,387] {standard_task_runner.py:52} INFO - Started process 6026 to run task
[2022-12-11 20:29:44,787] {task_command.py:369} INFO - Running <TaskInstance: first_dag.sum_column_task manual__2022-12-11T20:29:14.809239+00:00 [running]> on host 7e39590a7807
[2022-12-11 20:29:45,547] {taskinstance.py:1571} INFO - Exporting the following env vars:
AIRFLOW_CTX_DAG_OWNER=***
AIRFLOW_CTX_DAG_ID=first_dag
AIRFLOW_CTX_TASK_ID=sum_column_task
AIRFLOW_CTX_EXECUTION_DATE=2022-12-11T20:29:14.809239+00:00
AIRFLOW_CTX_TRY_NUMBER=1
AIRFLOW_CTX_DAG_RUN_ID=manual__2022-12-11T20:29:14.809239+00:00
[2022-12-11 20:29:45,636] {logging_mixin.py:115} INFO - Different sum column is 3
[2022-12-11 20:29:45,640] {python.py:173} INFO - Done. Returned value was: 3
[2022-12-11 20:29:45,892] {taskinstance.py:1400} INFO - Marking task as SUCCESS. dag_id=first_dag, task_id=sum_column_task, execution_date=20221211T202914, start_date=20221211T202939, end_date=20221211T202945
[2022-12-11 20:29:46,017] {local_task_job.py:156} INFO - Task exited with return code 0
[2022-12-11 20:29:46,130] {local_task_job.py:273} INFO - 1 downstream tasks scheduled from follow-on schedule check
