[2022-12-12 05:13:54,668] {taskinstance.py:1159} INFO - Dependencies all met for <TaskInstance: first_dag.write_diff_task manual__2022-12-12T05:13:37.283978+00:00 [queued]>
[2022-12-12 05:13:54,727] {taskinstance.py:1159} INFO - Dependencies all met for <TaskInstance: first_dag.write_diff_task manual__2022-12-12T05:13:37.283978+00:00 [queued]>
[2022-12-12 05:13:54,728] {taskinstance.py:1356} INFO - 
--------------------------------------------------------------------------------
[2022-12-12 05:13:54,730] {taskinstance.py:1357} INFO - Starting attempt 1 of 1
[2022-12-12 05:13:54,731] {taskinstance.py:1358} INFO - 
--------------------------------------------------------------------------------
[2022-12-12 05:13:54,854] {taskinstance.py:1377} INFO - Executing <Task(PythonOperator): write_diff_task> on 2022-12-12 05:13:37.283978+00:00
[2022-12-12 05:13:54,884] {standard_task_runner.py:52} INFO - Started process 7546 to run task
[2022-12-12 05:13:54,930] {standard_task_runner.py:79} INFO - Running: ['***', 'tasks', 'run', 'first_dag', 'write_diff_task', 'manual__2022-12-12T05:13:37.283978+00:00', '--job-id', '1594', '--raw', '--subdir', 'DAGS_FOLDER/first-dag.py', '--cfg-path', '/tmp/tmpurw4mbpw', '--error-file', '/tmp/tmpitipd_io']
[2022-12-12 05:13:54,934] {standard_task_runner.py:80} INFO - Job 1594: Subtask write_diff_task
[2022-12-12 05:13:55,383] {task_command.py:369} INFO - Running <TaskInstance: first_dag.write_diff_task manual__2022-12-12T05:13:37.283978+00:00 [running]> on host 7e39590a7807
[2022-12-12 05:13:55,882] {taskinstance.py:1571} INFO - Exporting the following env vars:
AIRFLOW_CTX_DAG_OWNER=***
AIRFLOW_CTX_DAG_ID=first_dag
AIRFLOW_CTX_TASK_ID=write_diff_task
AIRFLOW_CTX_EXECUTION_DATE=2022-12-12T05:13:37.283978+00:00
AIRFLOW_CTX_TRY_NUMBER=1
AIRFLOW_CTX_DAG_RUN_ID=manual__2022-12-12T05:13:37.283978+00:00
[2022-12-12 05:13:56,001] {python.py:173} INFO - Done. Returned value was: None
[2022-12-12 05:13:56,057] {taskinstance.py:1400} INFO - Marking task as SUCCESS. dag_id=first_dag, task_id=write_diff_task, execution_date=20221212T051337, start_date=20221212T051354, end_date=20221212T051356
[2022-12-12 05:13:56,121] {local_task_job.py:156} INFO - Task exited with return code 0
[2022-12-12 05:13:56,200] {local_task_job.py:273} INFO - 1 downstream tasks scheduled from follow-on schedule check
