[2022-12-12 04:56:19,581] {taskinstance.py:1159} INFO - Dependencies all met for <TaskInstance: first_dag.hello_task scheduled__2022-12-11T22:41:00+00:00 [queued]>
[2022-12-12 04:56:19,750] {taskinstance.py:1159} INFO - Dependencies all met for <TaskInstance: first_dag.hello_task scheduled__2022-12-11T22:41:00+00:00 [queued]>
[2022-12-12 04:56:19,759] {taskinstance.py:1356} INFO - 
--------------------------------------------------------------------------------
[2022-12-12 04:56:19,762] {taskinstance.py:1357} INFO - Starting attempt 1 of 1
[2022-12-12 04:56:19,767] {taskinstance.py:1358} INFO - 
--------------------------------------------------------------------------------
[2022-12-12 04:56:20,204] {taskinstance.py:1377} INFO - Executing <Task(BashOperator): hello_task> on 2022-12-11 22:41:00+00:00
[2022-12-12 04:56:20,245] {standard_task_runner.py:52} INFO - Started process 7303 to run task
[2022-12-12 04:56:20,385] {standard_task_runner.py:79} INFO - Running: ['***', 'tasks', 'run', 'first_dag', 'hello_task', 'scheduled__2022-12-11T22:41:00+00:00', '--job-id', '1552', '--raw', '--subdir', 'DAGS_FOLDER/first-dag.py', '--cfg-path', '/tmp/tmpwn_kmhmd', '--error-file', '/tmp/tmp1_00yg_h']
[2022-12-12 04:56:20,534] {standard_task_runner.py:80} INFO - Job 1552: Subtask hello_task
[2022-12-12 04:56:30,125] {task_command.py:369} INFO - Running <TaskInstance: first_dag.hello_task scheduled__2022-12-11T22:41:00+00:00 [running]> on host 7e39590a7807
[2022-12-12 04:56:30,861] {taskinstance.py:1571} INFO - Exporting the following env vars:
AIRFLOW_CTX_DAG_OWNER=***
AIRFLOW_CTX_DAG_ID=first_dag
AIRFLOW_CTX_TASK_ID=hello_task
AIRFLOW_CTX_EXECUTION_DATE=2022-12-11T22:41:00+00:00
AIRFLOW_CTX_TRY_NUMBER=1
AIRFLOW_CTX_DAG_RUN_ID=scheduled__2022-12-11T22:41:00+00:00
[2022-12-12 04:56:30,885] {subprocess.py:62} INFO - Tmp dir root location: 
 /tmp
[2022-12-12 04:56:30,892] {subprocess.py:74} INFO - Running command: ['bash', '-c', 'echo hello']
[2022-12-12 04:56:31,057] {subprocess.py:85} INFO - Output:
[2022-12-12 04:56:31,117] {subprocess.py:92} INFO - hello
[2022-12-12 04:56:31,125] {subprocess.py:96} INFO - Command exited with return code 0
[2022-12-12 04:56:31,372] {taskinstance.py:1400} INFO - Marking task as SUCCESS. dag_id=first_dag, task_id=hello_task, execution_date=20221211T224100, start_date=20221212T045619, end_date=20221212T045631
[2022-12-12 04:56:31,677] {local_task_job.py:156} INFO - Task exited with return code 0
[2022-12-12 04:56:31,946] {local_task_job.py:273} INFO - 1 downstream tasks scheduled from follow-on schedule check
