[2022-12-12 05:27:36,187] {taskinstance.py:1159} INFO - Dependencies all met for <TaskInstance: first_dag.hello_task manual__2022-12-12T05:27:34.840137+00:00 [queued]>
[2022-12-12 05:27:36,214] {taskinstance.py:1159} INFO - Dependencies all met for <TaskInstance: first_dag.hello_task manual__2022-12-12T05:27:34.840137+00:00 [queued]>
[2022-12-12 05:27:36,216] {taskinstance.py:1356} INFO - 
--------------------------------------------------------------------------------
[2022-12-12 05:27:36,218] {taskinstance.py:1357} INFO - Starting attempt 1 of 1
[2022-12-12 05:27:36,219] {taskinstance.py:1358} INFO - 
--------------------------------------------------------------------------------
[2022-12-12 05:27:36,270] {taskinstance.py:1377} INFO - Executing <Task(BashOperator): hello_task> on 2022-12-12 05:27:34.840137+00:00
[2022-12-12 05:27:36,281] {standard_task_runner.py:52} INFO - Started process 7847 to run task
[2022-12-12 05:27:36,298] {standard_task_runner.py:79} INFO - Running: ['***', 'tasks', 'run', 'first_dag', 'hello_task', 'manual__2022-12-12T05:27:34.840137+00:00', '--job-id', '1669', '--raw', '--subdir', 'DAGS_FOLDER/first-dag.py', '--cfg-path', '/tmp/tmpije03gsz', '--error-file', '/tmp/tmpx_jasqp6']
[2022-12-12 05:27:36,302] {standard_task_runner.py:80} INFO - Job 1669: Subtask hello_task
[2022-12-12 05:27:36,529] {task_command.py:369} INFO - Running <TaskInstance: first_dag.hello_task manual__2022-12-12T05:27:34.840137+00:00 [running]> on host 7e39590a7807
[2022-12-12 05:27:36,711] {taskinstance.py:1571} INFO - Exporting the following env vars:
AIRFLOW_CTX_DAG_OWNER=***
AIRFLOW_CTX_DAG_ID=first_dag
AIRFLOW_CTX_TASK_ID=hello_task
AIRFLOW_CTX_EXECUTION_DATE=2022-12-12T05:27:34.840137+00:00
AIRFLOW_CTX_TRY_NUMBER=1
AIRFLOW_CTX_DAG_RUN_ID=manual__2022-12-12T05:27:34.840137+00:00
[2022-12-12 05:27:36,723] {subprocess.py:62} INFO - Tmp dir root location: 
 /tmp
[2022-12-12 05:27:36,728] {subprocess.py:74} INFO - Running command: ['bash', '-c', 'echo hello']
[2022-12-12 05:27:36,753] {subprocess.py:85} INFO - Output:
[2022-12-12 05:27:36,774] {subprocess.py:92} INFO - hello
[2022-12-12 05:27:36,778] {subprocess.py:96} INFO - Command exited with return code 0
[2022-12-12 05:27:36,861] {taskinstance.py:1400} INFO - Marking task as SUCCESS. dag_id=first_dag, task_id=hello_task, execution_date=20221212T052734, start_date=20221212T052736, end_date=20221212T052736
[2022-12-12 05:27:36,916] {local_task_job.py:156} INFO - Task exited with return code 0
[2022-12-12 05:27:37,072] {local_task_job.py:273} INFO - 1 downstream tasks scheduled from follow-on schedule check
