[2022-12-11 15:11:25,497] {taskinstance.py:1159} INFO - Dependencies all met for <TaskInstance: first_dag.world manual__2022-12-11T15:11:23.374866+00:00 [queued]>
[2022-12-11 15:11:25,512] {taskinstance.py:1159} INFO - Dependencies all met for <TaskInstance: first_dag.world manual__2022-12-11T15:11:23.374866+00:00 [queued]>
[2022-12-11 15:11:25,514] {taskinstance.py:1356} INFO - 
--------------------------------------------------------------------------------
[2022-12-11 15:11:25,515] {taskinstance.py:1357} INFO - Starting attempt 1 of 1
[2022-12-11 15:11:25,516] {taskinstance.py:1358} INFO - 
--------------------------------------------------------------------------------
[2022-12-11 15:11:25,541] {taskinstance.py:1377} INFO - Executing <Task(PythonOperator): world> on 2022-12-11 15:11:23.374866+00:00
[2022-12-11 15:11:25,550] {standard_task_runner.py:52} INFO - Started process 2078 to run task
[2022-12-11 15:11:25,560] {standard_task_runner.py:79} INFO - Running: ['***', 'tasks', 'run', 'first_dag', 'world', 'manual__2022-12-11T15:11:23.374866+00:00', '--job-id', '763', '--raw', '--subdir', 'DAGS_FOLDER/first-dag.py', '--cfg-path', '/tmp/tmp26bq4q6k', '--error-file', '/tmp/tmpto0d6y32']
[2022-12-11 15:11:25,563] {standard_task_runner.py:80} INFO - Job 763: Subtask world
[2022-12-11 15:11:25,641] {task_command.py:369} INFO - Running <TaskInstance: first_dag.world manual__2022-12-11T15:11:23.374866+00:00 [running]> on host 7e39590a7807
[2022-12-11 15:11:25,758] {taskinstance.py:1571} INFO - Exporting the following env vars:
AIRFLOW_CTX_DAG_OWNER=***
AIRFLOW_CTX_DAG_ID=first_dag
AIRFLOW_CTX_TASK_ID=world
AIRFLOW_CTX_EXECUTION_DATE=2022-12-11T15:11:23.374866+00:00
AIRFLOW_CTX_TRY_NUMBER=1
AIRFLOW_CTX_DAG_RUN_ID=manual__2022-12-11T15:11:23.374866+00:00
[2022-12-11 15:11:25,761] {logging_mixin.py:115} INFO - Airflow
[2022-12-11 15:11:25,763] {python.py:173} INFO - Done. Returned value was: None
[2022-12-11 15:11:25,782] {taskinstance.py:1400} INFO - Marking task as SUCCESS. dag_id=first_dag, task_id=world, execution_date=20221211T151123, start_date=20221211T151125, end_date=20221211T151125
[2022-12-11 15:11:25,809] {local_task_job.py:156} INFO - Task exited with return code 0
[2022-12-11 15:11:25,866] {local_task_job.py:273} INFO - 1 downstream tasks scheduled from follow-on schedule check
