[2022-12-12 05:28:44,483] {taskinstance.py:1159} INFO - Dependencies all met for <TaskInstance: first_dag.sum_column_task manual__2022-12-12T05:27:45.873390+00:00 [queued]>
[2022-12-12 05:28:44,527] {taskinstance.py:1159} INFO - Dependencies all met for <TaskInstance: first_dag.sum_column_task manual__2022-12-12T05:27:45.873390+00:00 [queued]>
[2022-12-12 05:28:44,529] {taskinstance.py:1356} INFO - 
--------------------------------------------------------------------------------
[2022-12-12 05:28:44,530] {taskinstance.py:1357} INFO - Starting attempt 1 of 1
[2022-12-12 05:28:44,531] {taskinstance.py:1358} INFO - 
--------------------------------------------------------------------------------
[2022-12-12 05:28:44,608] {taskinstance.py:1377} INFO - Executing <Task(PythonOperator): sum_column_task> on 2022-12-12 05:27:45.873390+00:00
[2022-12-12 05:28:44,615] {standard_task_runner.py:52} INFO - Started process 7922 to run task
[2022-12-12 05:28:44,638] {standard_task_runner.py:79} INFO - Running: ['***', 'tasks', 'run', 'first_dag', 'sum_column_task', 'manual__2022-12-12T05:27:45.873390+00:00', '--job-id', '1699', '--raw', '--subdir', 'DAGS_FOLDER/first-dag.py', '--cfg-path', '/tmp/tmpiob1vaza', '--error-file', '/tmp/tmppqbsyf1z']
[2022-12-12 05:28:44,660] {standard_task_runner.py:80} INFO - Job 1699: Subtask sum_column_task
[2022-12-12 05:28:45,037] {task_command.py:369} INFO - Running <TaskInstance: first_dag.sum_column_task manual__2022-12-12T05:27:45.873390+00:00 [running]> on host 7e39590a7807
[2022-12-12 05:28:45,445] {taskinstance.py:1571} INFO - Exporting the following env vars:
AIRFLOW_CTX_DAG_OWNER=***
AIRFLOW_CTX_DAG_ID=first_dag
AIRFLOW_CTX_TASK_ID=sum_column_task
AIRFLOW_CTX_EXECUTION_DATE=2022-12-12T05:27:45.873390+00:00
AIRFLOW_CTX_TRY_NUMBER=1
AIRFLOW_CTX_DAG_RUN_ID=manual__2022-12-12T05:27:45.873390+00:00
[2022-12-12 05:28:45,511] {logging_mixin.py:115} INFO - Different sum column is 14
[2022-12-12 05:28:45,515] {python.py:173} INFO - Done. Returned value was: 14
[2022-12-12 05:28:45,642] {taskinstance.py:1400} INFO - Marking task as SUCCESS. dag_id=first_dag, task_id=sum_column_task, execution_date=20221212T052745, start_date=20221212T052844, end_date=20221212T052845
[2022-12-12 05:28:45,745] {local_task_job.py:156} INFO - Task exited with return code 0
[2022-12-12 05:28:45,903] {local_task_job.py:273} INFO - 1 downstream tasks scheduled from follow-on schedule check
