[2022-12-04 16:40:48,958] {taskinstance.py:1159} INFO - Dependencies all met for <TaskInstance: first_dag.world scheduled__2021-01-01T00:10:00+00:00 [queued]>
[2022-12-04 16:40:49,186] {taskinstance.py:1159} INFO - Dependencies all met for <TaskInstance: first_dag.world scheduled__2021-01-01T00:10:00+00:00 [queued]>
[2022-12-04 16:40:49,188] {taskinstance.py:1356} INFO - 
--------------------------------------------------------------------------------
[2022-12-04 16:40:49,195] {taskinstance.py:1357} INFO - Starting attempt 1 of 1
[2022-12-04 16:40:49,196] {taskinstance.py:1358} INFO - 
--------------------------------------------------------------------------------
[2022-12-04 16:40:49,357] {taskinstance.py:1377} INFO - Executing <Task(PythonOperator): world> on 2021-01-01 00:10:00+00:00
[2022-12-04 16:40:49,363] {standard_task_runner.py:52} INFO - Started process 655 to run task
[2022-12-04 16:40:49,376] {standard_task_runner.py:79} INFO - Running: ['***', 'tasks', 'run', 'first_dag', 'world', 'scheduled__2021-01-01T00:10:00+00:00', '--job-id', '63', '--raw', '--subdir', 'DAGS_FOLDER/first-dag.py', '--cfg-path', '/tmp/tmpc5r7b68m', '--error-file', '/tmp/tmp___fak6d']
[2022-12-04 16:40:49,381] {standard_task_runner.py:80} INFO - Job 63: Subtask world
[2022-12-04 16:40:49,965] {task_command.py:369} INFO - Running <TaskInstance: first_dag.world scheduled__2021-01-01T00:10:00+00:00 [running]> on host fb90b48d1471
[2022-12-04 16:40:51,861] {taskinstance.py:1571} INFO - Exporting the following env vars:
AIRFLOW_CTX_DAG_OWNER=***
AIRFLOW_CTX_DAG_ID=first_dag
AIRFLOW_CTX_TASK_ID=world
AIRFLOW_CTX_EXECUTION_DATE=2021-01-01T00:10:00+00:00
AIRFLOW_CTX_TRY_NUMBER=1
AIRFLOW_CTX_DAG_RUN_ID=scheduled__2021-01-01T00:10:00+00:00
[2022-12-04 16:40:51,961] {logging_mixin.py:115} INFO - Airflow
[2022-12-04 16:40:51,999] {python.py:173} INFO - Done. Returned value was: None
[2022-12-04 16:40:53,701] {taskinstance.py:1400} INFO - Marking task as SUCCESS. dag_id=first_dag, task_id=world, execution_date=20210101T001000, start_date=20221204T164048, end_date=20221204T164053
[2022-12-04 16:40:55,716] {local_task_job.py:156} INFO - Task exited with return code 0
[2022-12-04 16:40:56,267] {local_task_job.py:273} INFO - 0 downstream tasks scheduled from follow-on schedule check
