[2022-12-11 16:59:13,359] {taskinstance.py:1159} INFO - Dependencies all met for <TaskInstance: first_dag.hello_task manual__2022-12-11T16:59:11.435193+00:00 [queued]>
[2022-12-11 16:59:13,378] {taskinstance.py:1159} INFO - Dependencies all met for <TaskInstance: first_dag.hello_task manual__2022-12-11T16:59:11.435193+00:00 [queued]>
[2022-12-11 16:59:13,380] {taskinstance.py:1356} INFO - 
--------------------------------------------------------------------------------
[2022-12-11 16:59:13,381] {taskinstance.py:1357} INFO - Starting attempt 1 of 1
[2022-12-11 16:59:13,383] {taskinstance.py:1358} INFO - 
--------------------------------------------------------------------------------
[2022-12-11 16:59:13,403] {taskinstance.py:1377} INFO - Executing <Task(BashOperator): hello_task> on 2022-12-11 16:59:11.435193+00:00
[2022-12-11 16:59:13,411] {standard_task_runner.py:52} INFO - Started process 3516 to run task
[2022-12-11 16:59:13,421] {standard_task_runner.py:79} INFO - Running: ['***', 'tasks', 'run', 'first_dag', 'hello_task', 'manual__2022-12-11T16:59:11.435193+00:00', '--job-id', '1046', '--raw', '--subdir', 'DAGS_FOLDER/first-dag.py', '--cfg-path', '/tmp/tmp5pk0mq3k', '--error-file', '/tmp/tmpjm7irjum']
[2022-12-11 16:59:13,424] {standard_task_runner.py:80} INFO - Job 1046: Subtask hello_task
[2022-12-11 16:59:13,556] {task_command.py:369} INFO - Running <TaskInstance: first_dag.hello_task manual__2022-12-11T16:59:11.435193+00:00 [running]> on host 7e39590a7807
[2022-12-11 16:59:13,973] {taskinstance.py:1571} INFO - Exporting the following env vars:
AIRFLOW_CTX_DAG_OWNER=***
AIRFLOW_CTX_DAG_ID=first_dag
AIRFLOW_CTX_TASK_ID=hello_task
AIRFLOW_CTX_EXECUTION_DATE=2022-12-11T16:59:11.435193+00:00
AIRFLOW_CTX_TRY_NUMBER=1
AIRFLOW_CTX_DAG_RUN_ID=manual__2022-12-11T16:59:11.435193+00:00
[2022-12-11 16:59:13,978] {subprocess.py:62} INFO - Tmp dir root location: 
 /tmp
[2022-12-11 16:59:13,985] {subprocess.py:74} INFO - Running command: ['bash', '-c', 'echo hello']
[2022-12-11 16:59:14,040] {subprocess.py:85} INFO - Output:
[2022-12-11 16:59:14,086] {subprocess.py:92} INFO - hello
[2022-12-11 16:59:14,091] {subprocess.py:96} INFO - Command exited with return code 0
[2022-12-11 16:59:14,262] {taskinstance.py:1400} INFO - Marking task as SUCCESS. dag_id=first_dag, task_id=hello_task, execution_date=20221211T165911, start_date=20221211T165913, end_date=20221211T165914
[2022-12-11 16:59:14,328] {local_task_job.py:156} INFO - Task exited with return code 0
[2022-12-11 16:59:14,424] {local_task_job.py:273} INFO - 1 downstream tasks scheduled from follow-on schedule check
