[2022-12-12 05:28:48,809] {taskinstance.py:1159} INFO - Dependencies all met for <TaskInstance: first_dag.wait_for_file manual__2022-12-12T05:27:42.228125+00:00 [queued]>
[2022-12-12 05:28:48,867] {taskinstance.py:1159} INFO - Dependencies all met for <TaskInstance: first_dag.wait_for_file manual__2022-12-12T05:27:42.228125+00:00 [queued]>
[2022-12-12 05:28:48,870] {taskinstance.py:1356} INFO - 
--------------------------------------------------------------------------------
[2022-12-12 05:28:48,871] {taskinstance.py:1357} INFO - Starting attempt 1 of 3
[2022-12-12 05:28:48,872] {taskinstance.py:1358} INFO - 
--------------------------------------------------------------------------------
[2022-12-12 05:28:48,949] {taskinstance.py:1377} INFO - Executing <Task(PythonSensor): wait_for_file> on 2022-12-12 05:27:42.228125+00:00
[2022-12-12 05:28:48,977] {standard_task_runner.py:52} INFO - Started process 7928 to run task
[2022-12-12 05:28:49,048] {standard_task_runner.py:79} INFO - Running: ['***', 'tasks', 'run', 'first_dag', 'wait_for_file', 'manual__2022-12-12T05:27:42.228125+00:00', '--job-id', '1703', '--raw', '--subdir', 'DAGS_FOLDER/first-dag.py', '--cfg-path', '/tmp/tmpoivkhifb', '--error-file', '/tmp/tmp0hx9m16c']
[2022-12-12 05:28:49,085] {standard_task_runner.py:80} INFO - Job 1703: Subtask wait_for_file
[2022-12-12 05:28:50,003] {task_command.py:369} INFO - Running <TaskInstance: first_dag.wait_for_file manual__2022-12-12T05:27:42.228125+00:00 [running]> on host 7e39590a7807
[2022-12-12 05:28:51,133] {taskinstance.py:1571} INFO - Exporting the following env vars:
AIRFLOW_CTX_DAG_OWNER=***
AIRFLOW_CTX_DAG_ID=first_dag
AIRFLOW_CTX_TASK_ID=wait_for_file
AIRFLOW_CTX_EXECUTION_DATE=2022-12-12T05:27:42.228125+00:00
AIRFLOW_CTX_TRY_NUMBER=1
AIRFLOW_CTX_DAG_RUN_ID=manual__2022-12-12T05:27:42.228125+00:00
[2022-12-12 05:28:51,166] {python.py:66} INFO - Poking callable: <function _wait_for_file at 0x7f6cec7a04d0>
[2022-12-12 05:28:51,516] {logging_mixin.py:115} INFO - _wait_for_file True
[2022-12-12 05:29:11,546] {python.py:66} INFO - Poking callable: <function _wait_for_file at 0x7f6cec7a04d0>
[2022-12-12 05:29:11,566] {logging_mixin.py:115} INFO - _wait_for_file True
[2022-12-12 05:29:11,568] {base.py:301} INFO - Success criteria met. Exiting.
[2022-12-12 05:29:11,588] {taskinstance.py:1400} INFO - Marking task as SUCCESS. dag_id=first_dag, task_id=wait_for_file, execution_date=20221212T052742, start_date=20221212T052848, end_date=20221212T052911
[2022-12-12 05:29:11,625] {local_task_job.py:156} INFO - Task exited with return code 0
[2022-12-12 05:29:11,698] {local_task_job.py:273} INFO - 1 downstream tasks scheduled from follow-on schedule check
