[2022-12-11 14:58:59,109] {taskinstance.py:1159} INFO - Dependencies all met for <TaskInstance: first_dag.sum_column_task manual__2022-12-11T14:58:54.453903+00:00 [queued]>
[2022-12-11 14:58:59,121] {taskinstance.py:1159} INFO - Dependencies all met for <TaskInstance: first_dag.sum_column_task manual__2022-12-11T14:58:54.453903+00:00 [queued]>
[2022-12-11 14:58:59,123] {taskinstance.py:1356} INFO - 
--------------------------------------------------------------------------------
[2022-12-11 14:58:59,124] {taskinstance.py:1357} INFO - Starting attempt 1 of 1
[2022-12-11 14:58:59,125] {taskinstance.py:1358} INFO - 
--------------------------------------------------------------------------------
[2022-12-11 14:58:59,142] {taskinstance.py:1377} INFO - Executing <Task(PythonOperator): sum_column_task> on 2022-12-11 14:58:54.453903+00:00
[2022-12-11 14:58:59,146] {standard_task_runner.py:52} INFO - Started process 1660 to run task
[2022-12-11 14:58:59,156] {standard_task_runner.py:79} INFO - Running: ['***', 'tasks', 'run', 'first_dag', 'sum_column_task', 'manual__2022-12-11T14:58:54.453903+00:00', '--job-id', '665', '--raw', '--subdir', 'DAGS_FOLDER/first-dag.py', '--cfg-path', '/tmp/tmp9587vb9c', '--error-file', '/tmp/tmp8r7cgfc1']
[2022-12-11 14:58:59,159] {standard_task_runner.py:80} INFO - Job 665: Subtask sum_column_task
[2022-12-11 14:58:59,234] {task_command.py:369} INFO - Running <TaskInstance: first_dag.sum_column_task manual__2022-12-11T14:58:54.453903+00:00 [running]> on host 7e39590a7807
[2022-12-11 14:58:59,325] {taskinstance.py:1571} INFO - Exporting the following env vars:
AIRFLOW_CTX_DAG_OWNER=***
AIRFLOW_CTX_DAG_ID=first_dag
AIRFLOW_CTX_TASK_ID=sum_column_task
AIRFLOW_CTX_EXECUTION_DATE=2022-12-11T14:58:54.453903+00:00
AIRFLOW_CTX_TRY_NUMBER=1
AIRFLOW_CTX_DAG_RUN_ID=manual__2022-12-11T14:58:54.453903+00:00
[2022-12-11 14:58:59,342] {python.py:173} INFO - Done. Returned value was: 9
[2022-12-11 14:58:59,380] {taskinstance.py:1400} INFO - Marking task as SUCCESS. dag_id=first_dag, task_id=sum_column_task, execution_date=20221211T145854, start_date=20221211T145859, end_date=20221211T145859
[2022-12-11 14:58:59,405] {local_task_job.py:156} INFO - Task exited with return code 0
[2022-12-11 14:58:59,455] {local_task_job.py:273} INFO - 1 downstream tasks scheduled from follow-on schedule check
