[2022-12-11 20:19:59,375] {taskinstance.py:1159} INFO - Dependencies all met for <TaskInstance: first_dag.write_diff_task manual__2022-12-11T20:19:09.561108+00:00 [queued]>
[2022-12-11 20:19:59,392] {taskinstance.py:1159} INFO - Dependencies all met for <TaskInstance: first_dag.write_diff_task manual__2022-12-11T20:19:09.561108+00:00 [queued]>
[2022-12-11 20:19:59,394] {taskinstance.py:1356} INFO - 
--------------------------------------------------------------------------------
[2022-12-11 20:19:59,395] {taskinstance.py:1357} INFO - Starting attempt 1 of 1
[2022-12-11 20:19:59,396] {taskinstance.py:1358} INFO - 
--------------------------------------------------------------------------------
[2022-12-11 20:19:59,422] {taskinstance.py:1377} INFO - Executing <Task(PythonOperator): write_diff_task> on 2022-12-11 20:19:09.561108+00:00
[2022-12-11 20:19:59,428] {standard_task_runner.py:52} INFO - Started process 5729 to run task
[2022-12-11 20:19:59,437] {standard_task_runner.py:79} INFO - Running: ['***', 'tasks', 'run', 'first_dag', 'write_diff_task', 'manual__2022-12-11T20:19:09.561108+00:00', '--job-id', '1369', '--raw', '--subdir', 'DAGS_FOLDER/first-dag.py', '--cfg-path', '/tmp/tmpfn8_wkdw', '--error-file', '/tmp/tmpbgn95mhv']
[2022-12-11 20:19:59,439] {standard_task_runner.py:80} INFO - Job 1369: Subtask write_diff_task
[2022-12-11 20:19:59,568] {task_command.py:369} INFO - Running <TaskInstance: first_dag.write_diff_task manual__2022-12-11T20:19:09.561108+00:00 [running]> on host 7e39590a7807
[2022-12-11 20:19:59,788] {taskinstance.py:1571} INFO - Exporting the following env vars:
AIRFLOW_CTX_DAG_OWNER=***
AIRFLOW_CTX_DAG_ID=first_dag
AIRFLOW_CTX_TASK_ID=write_diff_task
AIRFLOW_CTX_EXECUTION_DATE=2022-12-11T20:19:09.561108+00:00
AIRFLOW_CTX_TRY_NUMBER=1
AIRFLOW_CTX_DAG_RUN_ID=manual__2022-12-11T20:19:09.561108+00:00
[2022-12-11 20:19:59,881] {python.py:173} INFO - Done. Returned value was: None
[2022-12-11 20:19:59,938] {taskinstance.py:1400} INFO - Marking task as SUCCESS. dag_id=first_dag, task_id=write_diff_task, execution_date=20221211T201909, start_date=20221211T201959, end_date=20221211T201959
[2022-12-11 20:20:00,017] {local_task_job.py:156} INFO - Task exited with return code 0
[2022-12-11 20:20:00,160] {local_task_job.py:273} INFO - 1 downstream tasks scheduled from follow-on schedule check
