[2022-12-11 19:12:08,210] {taskinstance.py:1159} INFO - Dependencies all met for <TaskInstance: first_dag.wait_for_file manual__2022-12-11T19:11:55.541817+00:00 [queued]>
[2022-12-11 19:12:08,229] {taskinstance.py:1159} INFO - Dependencies all met for <TaskInstance: first_dag.wait_for_file manual__2022-12-11T19:11:55.541817+00:00 [queued]>
[2022-12-11 19:12:08,230] {taskinstance.py:1356} INFO - 
--------------------------------------------------------------------------------
[2022-12-11 19:12:08,232] {taskinstance.py:1357} INFO - Starting attempt 1 of 3
[2022-12-11 19:12:08,232] {taskinstance.py:1358} INFO - 
--------------------------------------------------------------------------------
[2022-12-11 19:12:08,253] {taskinstance.py:1377} INFO - Executing <Task(PythonSensor): wait_for_file> on 2022-12-11 19:11:55.541817+00:00
[2022-12-11 19:12:08,259] {standard_task_runner.py:52} INFO - Started process 4712 to run task
[2022-12-11 19:12:08,274] {standard_task_runner.py:79} INFO - Running: ['***', 'tasks', 'run', 'first_dag', 'wait_for_file', 'manual__2022-12-11T19:11:55.541817+00:00', '--job-id', '1243', '--raw', '--subdir', 'DAGS_FOLDER/first-dag.py', '--cfg-path', '/tmp/tmp_fflq_bg', '--error-file', '/tmp/tmpabd6fr6w']
[2022-12-11 19:12:08,277] {standard_task_runner.py:80} INFO - Job 1243: Subtask wait_for_file
[2022-12-11 19:12:08,353] {task_command.py:369} INFO - Running <TaskInstance: first_dag.wait_for_file manual__2022-12-11T19:11:55.541817+00:00 [running]> on host 7e39590a7807
[2022-12-11 19:12:08,475] {taskinstance.py:1571} INFO - Exporting the following env vars:
AIRFLOW_CTX_DAG_OWNER=***
AIRFLOW_CTX_DAG_ID=first_dag
AIRFLOW_CTX_TASK_ID=wait_for_file
AIRFLOW_CTX_EXECUTION_DATE=2022-12-11T19:11:55.541817+00:00
AIRFLOW_CTX_TRY_NUMBER=1
AIRFLOW_CTX_DAG_RUN_ID=manual__2022-12-11T19:11:55.541817+00:00
[2022-12-11 19:12:08,477] {python.py:66} INFO - Poking callable: <function _wait_for_file at 0x7f6cec7a5cb0>
[2022-12-11 19:12:08,500] {logging_mixin.py:115} INFO - _wait_for_file True
[2022-12-11 19:12:08,502] {logging_mixin.py:115} INFO - total attempt 0
[2022-12-11 19:12:08,503] {base.py:301} INFO - Success criteria met. Exiting.
[2022-12-11 19:12:08,584] {taskinstance.py:1400} INFO - Marking task as SUCCESS. dag_id=first_dag, task_id=wait_for_file, execution_date=20221211T191155, start_date=20221211T191208, end_date=20221211T191208
[2022-12-11 19:12:08,645] {local_task_job.py:156} INFO - Task exited with return code 0
[2022-12-11 19:12:08,716] {local_task_job.py:273} INFO - 1 downstream tasks scheduled from follow-on schedule check
