[2022-12-04 17:03:45,406] {taskinstance.py:1159} INFO - Dependencies all met for <TaskInstance: first_dag.world manual__2022-12-04T17:03:42.767246+00:00 [queued]>
[2022-12-04 17:03:45,421] {taskinstance.py:1159} INFO - Dependencies all met for <TaskInstance: first_dag.world manual__2022-12-04T17:03:42.767246+00:00 [queued]>
[2022-12-04 17:03:45,422] {taskinstance.py:1356} INFO - 
--------------------------------------------------------------------------------
[2022-12-04 17:03:45,423] {taskinstance.py:1357} INFO - Starting attempt 1 of 1
[2022-12-04 17:03:45,423] {taskinstance.py:1358} INFO - 
--------------------------------------------------------------------------------
[2022-12-04 17:03:45,442] {taskinstance.py:1377} INFO - Executing <Task(PythonOperator): world> on 2022-12-04 17:03:42.767246+00:00
[2022-12-04 17:03:45,450] {standard_task_runner.py:52} INFO - Started process 1216 to run task
[2022-12-04 17:03:45,460] {standard_task_runner.py:79} INFO - Running: ['***', 'tasks', 'run', 'first_dag', 'world', 'manual__2022-12-04T17:03:42.767246+00:00', '--job-id', '187', '--raw', '--subdir', 'DAGS_FOLDER/first-dag.py', '--cfg-path', '/tmp/tmph0bsl0x6', '--error-file', '/tmp/tmpp0fjzsu0']
[2022-12-04 17:03:45,463] {standard_task_runner.py:80} INFO - Job 187: Subtask world
[2022-12-04 17:03:45,562] {task_command.py:369} INFO - Running <TaskInstance: first_dag.world manual__2022-12-04T17:03:42.767246+00:00 [running]> on host fb90b48d1471
[2022-12-04 17:03:45,671] {taskinstance.py:1571} INFO - Exporting the following env vars:
AIRFLOW_CTX_DAG_OWNER=***
AIRFLOW_CTX_DAG_ID=first_dag
AIRFLOW_CTX_TASK_ID=world
AIRFLOW_CTX_EXECUTION_DATE=2022-12-04T17:03:42.767246+00:00
AIRFLOW_CTX_TRY_NUMBER=1
AIRFLOW_CTX_DAG_RUN_ID=manual__2022-12-04T17:03:42.767246+00:00
[2022-12-04 17:03:45,674] {logging_mixin.py:115} INFO - Airflow
[2022-12-04 17:03:45,675] {python.py:173} INFO - Done. Returned value was: None
[2022-12-04 17:03:45,695] {taskinstance.py:1400} INFO - Marking task as SUCCESS. dag_id=first_dag, task_id=world, execution_date=20221204T170342, start_date=20221204T170345, end_date=20221204T170345
[2022-12-04 17:03:45,748] {local_task_job.py:156} INFO - Task exited with return code 0
[2022-12-04 17:03:45,819] {local_task_job.py:273} INFO - 1 downstream tasks scheduled from follow-on schedule check
