[2022-12-04 16:41:36,177] {taskinstance.py:1159} INFO - Dependencies all met for <TaskInstance: first_dag.world scheduled__2022-01-08T00:00:00+00:00 [queued]>
[2022-12-04 16:41:36,205] {taskinstance.py:1159} INFO - Dependencies all met for <TaskInstance: first_dag.world scheduled__2022-01-08T00:00:00+00:00 [queued]>
[2022-12-04 16:41:36,206] {taskinstance.py:1356} INFO - 
--------------------------------------------------------------------------------
[2022-12-04 16:41:36,208] {taskinstance.py:1357} INFO - Starting attempt 1 of 1
[2022-12-04 16:41:36,209] {taskinstance.py:1358} INFO - 
--------------------------------------------------------------------------------
[2022-12-04 16:41:36,254] {taskinstance.py:1377} INFO - Executing <Task(PythonOperator): world> on 2022-01-08 00:00:00+00:00
[2022-12-04 16:41:36,261] {standard_task_runner.py:52} INFO - Started process 812 to run task
[2022-12-04 16:41:36,272] {standard_task_runner.py:79} INFO - Running: ['***', 'tasks', 'run', 'first_dag', 'world', 'scheduled__2022-01-08T00:00:00+00:00', '--job-id', '124', '--raw', '--subdir', 'DAGS_FOLDER/first-dag.py', '--cfg-path', '/tmp/tmplm86if57', '--error-file', '/tmp/tmpkdakdft1']
[2022-12-04 16:41:36,274] {standard_task_runner.py:80} INFO - Job 124: Subtask world
[2022-12-04 16:41:36,437] {task_command.py:369} INFO - Running <TaskInstance: first_dag.world scheduled__2022-01-08T00:00:00+00:00 [running]> on host fb90b48d1471
[2022-12-04 16:41:36,691] {taskinstance.py:1571} INFO - Exporting the following env vars:
AIRFLOW_CTX_DAG_OWNER=***
AIRFLOW_CTX_DAG_ID=first_dag
AIRFLOW_CTX_TASK_ID=world
AIRFLOW_CTX_EXECUTION_DATE=2022-01-08T00:00:00+00:00
AIRFLOW_CTX_TRY_NUMBER=1
AIRFLOW_CTX_DAG_RUN_ID=scheduled__2022-01-08T00:00:00+00:00
[2022-12-04 16:41:36,697] {logging_mixin.py:115} INFO - Airflow
[2022-12-04 16:41:36,698] {python.py:173} INFO - Done. Returned value was: None
[2022-12-04 16:41:36,730] {taskinstance.py:1400} INFO - Marking task as SUCCESS. dag_id=first_dag, task_id=world, execution_date=20220108T000000, start_date=20221204T164136, end_date=20221204T164136
[2022-12-04 16:41:36,805] {local_task_job.py:156} INFO - Task exited with return code 0
[2022-12-04 16:41:36,874] {local_task_job.py:273} INFO - 0 downstream tasks scheduled from follow-on schedule check
