[2022-12-11 20:38:04,068] {taskinstance.py:1159} INFO - Dependencies all met for <TaskInstance: first_dag.hello_task manual__2022-12-11T20:38:00.101696+00:00 [queued]>
[2022-12-11 20:38:04,237] {taskinstance.py:1159} INFO - Dependencies all met for <TaskInstance: first_dag.hello_task manual__2022-12-11T20:38:00.101696+00:00 [queued]>
[2022-12-11 20:38:04,238] {taskinstance.py:1356} INFO - 
--------------------------------------------------------------------------------
[2022-12-11 20:38:04,244] {taskinstance.py:1357} INFO - Starting attempt 1 of 1
[2022-12-11 20:38:04,252] {taskinstance.py:1358} INFO - 
--------------------------------------------------------------------------------
[2022-12-11 20:38:09,622] {taskinstance.py:1377} INFO - Executing <Task(BashOperator): hello_task> on 2022-12-11 20:38:00.101696+00:00
[2022-12-11 20:38:09,764] {standard_task_runner.py:52} INFO - Started process 6170 to run task
[2022-12-11 20:38:10,619] {standard_task_runner.py:79} INFO - Running: ['***', 'tasks', 'run', 'first_dag', 'hello_task', 'manual__2022-12-11T20:38:00.101696+00:00', '--job-id', '1480', '--raw', '--subdir', 'DAGS_FOLDER/first-dag.py', '--cfg-path', '/tmp/tmp4s7s16fy', '--error-file', '/tmp/tmpxwngid77']
[2022-12-11 20:38:10,698] {standard_task_runner.py:80} INFO - Job 1480: Subtask hello_task
[2022-12-11 20:38:13,628] {task_command.py:369} INFO - Running <TaskInstance: first_dag.hello_task manual__2022-12-11T20:38:00.101696+00:00 [running]> on host 7e39590a7807
[2022-12-11 20:38:32,052] {taskinstance.py:1571} INFO - Exporting the following env vars:
AIRFLOW_CTX_DAG_OWNER=***
AIRFLOW_CTX_DAG_ID=first_dag
AIRFLOW_CTX_TASK_ID=hello_task
AIRFLOW_CTX_EXECUTION_DATE=2022-12-11T20:38:00.101696+00:00
AIRFLOW_CTX_TRY_NUMBER=1
AIRFLOW_CTX_DAG_RUN_ID=manual__2022-12-11T20:38:00.101696+00:00
[2022-12-11 20:38:32,106] {subprocess.py:62} INFO - Tmp dir root location: 
 /tmp
[2022-12-11 20:38:32,204] {subprocess.py:74} INFO - Running command: ['bash', '-c', 'echo hello']
[2022-12-11 20:38:32,564] {subprocess.py:85} INFO - Output:
[2022-12-11 20:38:32,606] {subprocess.py:92} INFO - hello
[2022-12-11 20:38:32,609] {subprocess.py:96} INFO - Command exited with return code 0
[2022-12-11 20:38:33,293] {taskinstance.py:1400} INFO - Marking task as SUCCESS. dag_id=first_dag, task_id=hello_task, execution_date=20221211T203800, start_date=20221211T203804, end_date=20221211T203833
[2022-12-11 20:38:33,827] {local_task_job.py:156} INFO - Task exited with return code 0
[2022-12-11 20:38:34,186] {local_task_job.py:273} INFO - 1 downstream tasks scheduled from follow-on schedule check
