[2022-12-11 14:13:02,986] {taskinstance.py:1159} INFO - Dependencies all met for <TaskInstance: first_dag.world scheduled__2022-12-11T14:12:00+00:00 [queued]>
[2022-12-11 14:13:03,029] {taskinstance.py:1159} INFO - Dependencies all met for <TaskInstance: first_dag.world scheduled__2022-12-11T14:12:00+00:00 [queued]>
[2022-12-11 14:13:03,031] {taskinstance.py:1356} INFO - 
--------------------------------------------------------------------------------
[2022-12-11 14:13:03,034] {taskinstance.py:1357} INFO - Starting attempt 1 of 1
[2022-12-11 14:13:03,036] {taskinstance.py:1358} INFO - 
--------------------------------------------------------------------------------
[2022-12-11 14:13:03,069] {taskinstance.py:1377} INFO - Executing <Task(PythonOperator): world> on 2022-12-11 14:12:00+00:00
[2022-12-11 14:13:03,077] {standard_task_runner.py:52} INFO - Started process 424 to run task
[2022-12-11 14:13:03,091] {standard_task_runner.py:79} INFO - Running: ['***', 'tasks', 'run', 'first_dag', 'world', 'scheduled__2022-12-11T14:12:00+00:00', '--job-id', '385', '--raw', '--subdir', 'DAGS_FOLDER/first-dag.py', '--cfg-path', '/tmp/tmppkf5ohrv', '--error-file', '/tmp/tmpbo5tjltc']
[2022-12-11 14:13:03,094] {standard_task_runner.py:80} INFO - Job 385: Subtask world
[2022-12-11 14:13:03,225] {task_command.py:369} INFO - Running <TaskInstance: first_dag.world scheduled__2022-12-11T14:12:00+00:00 [running]> on host 7e39590a7807
[2022-12-11 14:13:03,369] {taskinstance.py:1571} INFO - Exporting the following env vars:
AIRFLOW_CTX_DAG_OWNER=***
AIRFLOW_CTX_DAG_ID=first_dag
AIRFLOW_CTX_TASK_ID=world
AIRFLOW_CTX_EXECUTION_DATE=2022-12-11T14:12:00+00:00
AIRFLOW_CTX_TRY_NUMBER=1
AIRFLOW_CTX_DAG_RUN_ID=scheduled__2022-12-11T14:12:00+00:00
[2022-12-11 14:13:03,372] {logging_mixin.py:115} INFO - Airflow
[2022-12-11 14:13:03,373] {python.py:173} INFO - Done. Returned value was: None
[2022-12-11 14:13:03,395] {taskinstance.py:1400} INFO - Marking task as SUCCESS. dag_id=first_dag, task_id=world, execution_date=20221211T141200, start_date=20221211T141302, end_date=20221211T141303
[2022-12-11 14:13:03,429] {local_task_job.py:156} INFO - Task exited with return code 0
[2022-12-11 14:13:03,483] {local_task_job.py:273} INFO - 1 downstream tasks scheduled from follow-on schedule check
