[2022-12-04 19:35:35,600] {taskinstance.py:1159} INFO - Dependencies all met for <TaskInstance: first_dag.hello_task manual__2022-12-04T19:35:34.601862+00:00 [queued]>
[2022-12-04 19:35:35,622] {taskinstance.py:1159} INFO - Dependencies all met for <TaskInstance: first_dag.hello_task manual__2022-12-04T19:35:34.601862+00:00 [queued]>
[2022-12-04 19:35:35,623] {taskinstance.py:1356} INFO - 
--------------------------------------------------------------------------------
[2022-12-04 19:35:35,625] {taskinstance.py:1357} INFO - Starting attempt 1 of 1
[2022-12-04 19:35:35,626] {taskinstance.py:1358} INFO - 
--------------------------------------------------------------------------------
[2022-12-04 19:35:35,651] {taskinstance.py:1377} INFO - Executing <Task(BashOperator): hello_task> on 2022-12-04 19:35:34.601862+00:00
[2022-12-04 19:35:35,660] {standard_task_runner.py:52} INFO - Started process 551 to run task
[2022-12-04 19:35:35,676] {standard_task_runner.py:79} INFO - Running: ['***', 'tasks', 'run', 'first_dag', 'hello_task', 'manual__2022-12-04T19:35:34.601862+00:00', '--job-id', '280', '--raw', '--subdir', 'DAGS_FOLDER/first-dag.py', '--cfg-path', '/tmp/tmpx2h2we6b', '--error-file', '/tmp/tmphwqwft9n']
[2022-12-04 19:35:35,679] {standard_task_runner.py:80} INFO - Job 280: Subtask hello_task
[2022-12-04 19:35:35,793] {task_command.py:369} INFO - Running <TaskInstance: first_dag.hello_task manual__2022-12-04T19:35:34.601862+00:00 [running]> on host 4393b4454aa8
[2022-12-04 19:35:35,946] {taskinstance.py:1571} INFO - Exporting the following env vars:
AIRFLOW_CTX_DAG_OWNER=***
AIRFLOW_CTX_DAG_ID=first_dag
AIRFLOW_CTX_TASK_ID=hello_task
AIRFLOW_CTX_EXECUTION_DATE=2022-12-04T19:35:34.601862+00:00
AIRFLOW_CTX_TRY_NUMBER=1
AIRFLOW_CTX_DAG_RUN_ID=manual__2022-12-04T19:35:34.601862+00:00
[2022-12-04 19:35:35,950] {subprocess.py:62} INFO - Tmp dir root location: 
 /tmp
[2022-12-04 19:35:35,951] {subprocess.py:74} INFO - Running command: ['bash', '-c', 'echo hello']
[2022-12-04 19:35:35,973] {subprocess.py:85} INFO - Output:
[2022-12-04 19:35:35,980] {subprocess.py:92} INFO - hello
[2022-12-04 19:35:35,983] {subprocess.py:96} INFO - Command exited with return code 0
[2022-12-04 19:35:36,037] {taskinstance.py:1400} INFO - Marking task as SUCCESS. dag_id=first_dag, task_id=hello_task, execution_date=20221204T193534, start_date=20221204T193535, end_date=20221204T193536
[2022-12-04 19:35:36,084] {local_task_job.py:156} INFO - Task exited with return code 0
[2022-12-04 19:35:36,146] {local_task_job.py:273} INFO - 1 downstream tasks scheduled from follow-on schedule check
