[2022-12-11 19:59:59,509] {taskinstance.py:1159} INFO - Dependencies all met for <TaskInstance: first_dag.world manual__2022-12-11T19:59:55.921958+00:00 [queued]>
[2022-12-11 19:59:59,561] {taskinstance.py:1159} INFO - Dependencies all met for <TaskInstance: first_dag.world manual__2022-12-11T19:59:55.921958+00:00 [queued]>
[2022-12-11 19:59:59,564] {taskinstance.py:1356} INFO - 
--------------------------------------------------------------------------------
[2022-12-11 19:59:59,565] {taskinstance.py:1357} INFO - Starting attempt 1 of 1
[2022-12-11 19:59:59,567] {taskinstance.py:1358} INFO - 
--------------------------------------------------------------------------------
[2022-12-11 19:59:59,657] {taskinstance.py:1377} INFO - Executing <Task(PythonOperator): world> on 2022-12-11 19:59:55.921958+00:00
[2022-12-11 19:59:59,676] {standard_task_runner.py:52} INFO - Started process 5372 to run task
[2022-12-11 19:59:59,700] {standard_task_runner.py:79} INFO - Running: ['***', 'tasks', 'run', 'first_dag', 'world', 'manual__2022-12-11T19:59:55.921958+00:00', '--job-id', '1307', '--raw', '--subdir', 'DAGS_FOLDER/first-dag.py', '--cfg-path', '/tmp/tmpog36u2ro', '--error-file', '/tmp/tmptmmhcisy']
[2022-12-11 19:59:59,705] {standard_task_runner.py:80} INFO - Job 1307: Subtask world
[2022-12-11 19:59:59,852] {task_command.py:369} INFO - Running <TaskInstance: first_dag.world manual__2022-12-11T19:59:55.921958+00:00 [running]> on host 7e39590a7807
[2022-12-11 20:00:00,170] {taskinstance.py:1571} INFO - Exporting the following env vars:
AIRFLOW_CTX_DAG_OWNER=***
AIRFLOW_CTX_DAG_ID=first_dag
AIRFLOW_CTX_TASK_ID=world
AIRFLOW_CTX_EXECUTION_DATE=2022-12-11T19:59:55.921958+00:00
AIRFLOW_CTX_TRY_NUMBER=1
AIRFLOW_CTX_DAG_RUN_ID=manual__2022-12-11T19:59:55.921958+00:00
[2022-12-11 20:00:00,186] {logging_mixin.py:115} INFO - Airflow
[2022-12-11 20:00:00,193] {python.py:173} INFO - Done. Returned value was: None
[2022-12-11 20:00:00,275] {taskinstance.py:1400} INFO - Marking task as SUCCESS. dag_id=first_dag, task_id=world, execution_date=20221211T195955, start_date=20221211T195959, end_date=20221211T200000
[2022-12-11 20:00:00,368] {local_task_job.py:156} INFO - Task exited with return code 0
[2022-12-11 20:00:00,623] {local_task_job.py:273} INFO - 1 downstream tasks scheduled from follow-on schedule check
