[2022-12-04 19:36:18,118] {taskinstance.py:1159} INFO - Dependencies all met for <TaskInstance: first_dag.world manual__2022-12-04T19:36:16.311057+00:00 [queued]>
[2022-12-04 19:36:18,132] {taskinstance.py:1159} INFO - Dependencies all met for <TaskInstance: first_dag.world manual__2022-12-04T19:36:16.311057+00:00 [queued]>
[2022-12-04 19:36:18,133] {taskinstance.py:1356} INFO - 
--------------------------------------------------------------------------------
[2022-12-04 19:36:18,134] {taskinstance.py:1357} INFO - Starting attempt 1 of 1
[2022-12-04 19:36:18,136] {taskinstance.py:1358} INFO - 
--------------------------------------------------------------------------------
[2022-12-04 19:36:18,187] {taskinstance.py:1377} INFO - Executing <Task(PythonOperator): world> on 2022-12-04 19:36:16.311057+00:00
[2022-12-04 19:36:18,197] {standard_task_runner.py:52} INFO - Started process 577 to run task
[2022-12-04 19:36:18,215] {standard_task_runner.py:79} INFO - Running: ['***', 'tasks', 'run', 'first_dag', 'world', 'manual__2022-12-04T19:36:16.311057+00:00', '--job-id', '287', '--raw', '--subdir', 'DAGS_FOLDER/first-dag.py', '--cfg-path', '/tmp/tmpsi7w5jrv', '--error-file', '/tmp/tmp7l6jo1g2']
[2022-12-04 19:36:18,219] {standard_task_runner.py:80} INFO - Job 287: Subtask world
[2022-12-04 19:36:18,332] {task_command.py:369} INFO - Running <TaskInstance: first_dag.world manual__2022-12-04T19:36:16.311057+00:00 [running]> on host 4393b4454aa8
[2022-12-04 19:36:18,452] {taskinstance.py:1571} INFO - Exporting the following env vars:
AIRFLOW_CTX_DAG_OWNER=***
AIRFLOW_CTX_DAG_ID=first_dag
AIRFLOW_CTX_TASK_ID=world
AIRFLOW_CTX_EXECUTION_DATE=2022-12-04T19:36:16.311057+00:00
AIRFLOW_CTX_TRY_NUMBER=1
AIRFLOW_CTX_DAG_RUN_ID=manual__2022-12-04T19:36:16.311057+00:00
[2022-12-04 19:36:18,455] {logging_mixin.py:115} INFO - Airflow
[2022-12-04 19:36:18,456] {python.py:173} INFO - Done. Returned value was: None
[2022-12-04 19:36:18,481] {taskinstance.py:1400} INFO - Marking task as SUCCESS. dag_id=first_dag, task_id=world, execution_date=20221204T193616, start_date=20221204T193618, end_date=20221204T193618
[2022-12-04 19:36:18,502] {local_task_job.py:156} INFO - Task exited with return code 0
[2022-12-04 19:36:18,571] {local_task_job.py:273} INFO - 1 downstream tasks scheduled from follow-on schedule check
