[2022-12-12 05:25:37,591] {taskinstance.py:1159} INFO - Dependencies all met for <TaskInstance: first_dag.wait_for_file manual__2022-12-12T05:25:19.865445+00:00 [queued]>
[2022-12-12 05:25:37,629] {taskinstance.py:1159} INFO - Dependencies all met for <TaskInstance: first_dag.wait_for_file manual__2022-12-12T05:25:19.865445+00:00 [queued]>
[2022-12-12 05:25:37,631] {taskinstance.py:1356} INFO - 
--------------------------------------------------------------------------------
[2022-12-12 05:25:37,632] {taskinstance.py:1357} INFO - Starting attempt 1 of 3
[2022-12-12 05:25:37,632] {taskinstance.py:1358} INFO - 
--------------------------------------------------------------------------------
[2022-12-12 05:25:37,717] {taskinstance.py:1377} INFO - Executing <Task(PythonSensor): wait_for_file> on 2022-12-12 05:25:19.865445+00:00
[2022-12-12 05:25:37,722] {standard_task_runner.py:52} INFO - Started process 7758 to run task
[2022-12-12 05:25:37,774] {standard_task_runner.py:79} INFO - Running: ['***', 'tasks', 'run', 'first_dag', 'wait_for_file', 'manual__2022-12-12T05:25:19.865445+00:00', '--job-id', '1636', '--raw', '--subdir', 'DAGS_FOLDER/first-dag.py', '--cfg-path', '/tmp/tmpiacxzj45', '--error-file', '/tmp/tmpeb7ty6_7']
[2022-12-12 05:25:37,787] {standard_task_runner.py:80} INFO - Job 1636: Subtask wait_for_file
[2022-12-12 05:25:38,407] {task_command.py:369} INFO - Running <TaskInstance: first_dag.wait_for_file manual__2022-12-12T05:25:19.865445+00:00 [running]> on host 7e39590a7807
[2022-12-12 05:25:39,790] {taskinstance.py:1571} INFO - Exporting the following env vars:
AIRFLOW_CTX_DAG_OWNER=***
AIRFLOW_CTX_DAG_ID=first_dag
AIRFLOW_CTX_TASK_ID=wait_for_file
AIRFLOW_CTX_EXECUTION_DATE=2022-12-12T05:25:19.865445+00:00
AIRFLOW_CTX_TRY_NUMBER=1
AIRFLOW_CTX_DAG_RUN_ID=manual__2022-12-12T05:25:19.865445+00:00
[2022-12-12 05:25:39,809] {python.py:66} INFO - Poking callable: <function _wait_for_file at 0x7f6cec7ab4d0>
[2022-12-12 05:25:39,914] {logging_mixin.py:115} INFO - _wait_for_file True
[2022-12-12 05:26:00,370] {python.py:66} INFO - Poking callable: <function _wait_for_file at 0x7f6cec7ab4d0>
[2022-12-12 05:26:01,499] {logging_mixin.py:115} INFO - _wait_for_file True
[2022-12-12 05:26:21,652] {python.py:66} INFO - Poking callable: <function _wait_for_file at 0x7f6cec7ab4d0>
[2022-12-12 05:26:21,778] {logging_mixin.py:115} INFO - _wait_for_file True
[2022-12-12 05:26:21,780] {base.py:301} INFO - Success criteria met. Exiting.
[2022-12-12 05:26:22,022] {taskinstance.py:1400} INFO - Marking task as SUCCESS. dag_id=first_dag, task_id=wait_for_file, execution_date=20221212T052519, start_date=20221212T052537, end_date=20221212T052622
[2022-12-12 05:26:22,211] {local_task_job.py:156} INFO - Task exited with return code 0
[2022-12-12 05:26:22,409] {local_task_job.py:273} INFO - 0 downstream tasks scheduled from follow-on schedule check
