[2022-12-11 18:16:44,355] {taskinstance.py:1159} INFO - Dependencies all met for <TaskInstance: first_dag.sum_column_task manual__2022-12-11T18:16:30.357931+00:00 [queued]>
[2022-12-11 18:16:44,374] {taskinstance.py:1159} INFO - Dependencies all met for <TaskInstance: first_dag.sum_column_task manual__2022-12-11T18:16:30.357931+00:00 [queued]>
[2022-12-11 18:16:44,375] {taskinstance.py:1356} INFO - 
--------------------------------------------------------------------------------
[2022-12-11 18:16:44,378] {taskinstance.py:1357} INFO - Starting attempt 1 of 1
[2022-12-11 18:16:44,380] {taskinstance.py:1358} INFO - 
--------------------------------------------------------------------------------
[2022-12-11 18:16:44,401] {taskinstance.py:1377} INFO - Executing <Task(PythonOperator): sum_column_task> on 2022-12-11 18:16:30.357931+00:00
[2022-12-11 18:16:44,405] {standard_task_runner.py:52} INFO - Started process 4245 to run task
[2022-12-11 18:16:44,413] {standard_task_runner.py:79} INFO - Running: ['***', 'tasks', 'run', 'first_dag', 'sum_column_task', 'manual__2022-12-11T18:16:30.357931+00:00', '--job-id', '1163', '--raw', '--subdir', 'DAGS_FOLDER/first-dag.py', '--cfg-path', '/tmp/tmp2hleezj7', '--error-file', '/tmp/tmp6j4b6gva']
[2022-12-11 18:16:44,416] {standard_task_runner.py:80} INFO - Job 1163: Subtask sum_column_task
[2022-12-11 18:16:44,508] {task_command.py:369} INFO - Running <TaskInstance: first_dag.sum_column_task manual__2022-12-11T18:16:30.357931+00:00 [running]> on host 7e39590a7807
[2022-12-11 18:16:44,621] {taskinstance.py:1571} INFO - Exporting the following env vars:
AIRFLOW_CTX_DAG_OWNER=***
AIRFLOW_CTX_DAG_ID=first_dag
AIRFLOW_CTX_TASK_ID=sum_column_task
AIRFLOW_CTX_EXECUTION_DATE=2022-12-11T18:16:30.357931+00:00
AIRFLOW_CTX_TRY_NUMBER=1
AIRFLOW_CTX_DAG_RUN_ID=manual__2022-12-11T18:16:30.357931+00:00
[2022-12-11 18:16:44,650] {logging_mixin.py:115} INFO - Different sum column is 9
[2022-12-11 18:16:44,651] {python.py:173} INFO - Done. Returned value was: 9
[2022-12-11 18:16:44,690] {taskinstance.py:1400} INFO - Marking task as SUCCESS. dag_id=first_dag, task_id=sum_column_task, execution_date=20221211T181630, start_date=20221211T181644, end_date=20221211T181644
[2022-12-11 18:16:44,751] {local_task_job.py:156} INFO - Task exited with return code 0
[2022-12-11 18:16:44,835] {local_task_job.py:273} INFO - 1 downstream tasks scheduled from follow-on schedule check
