[2022-12-11 19:44:38,291] {taskinstance.py:1159} INFO - Dependencies all met for <TaskInstance: first_dag.sum_column_task manual__2022-12-11T19:44:20.814427+00:00 [queued]>
[2022-12-11 19:44:38,360] {taskinstance.py:1159} INFO - Dependencies all met for <TaskInstance: first_dag.sum_column_task manual__2022-12-11T19:44:20.814427+00:00 [queued]>
[2022-12-11 19:44:38,362] {taskinstance.py:1356} INFO - 
--------------------------------------------------------------------------------
[2022-12-11 19:44:38,363] {taskinstance.py:1357} INFO - Starting attempt 1 of 1
[2022-12-11 19:44:38,365] {taskinstance.py:1358} INFO - 
--------------------------------------------------------------------------------
[2022-12-11 19:44:38,448] {taskinstance.py:1377} INFO - Executing <Task(PythonOperator): sum_column_task> on 2022-12-11 19:44:20.814427+00:00
[2022-12-11 19:44:38,486] {standard_task_runner.py:52} INFO - Started process 5127 to run task
[2022-12-11 19:44:38,523] {standard_task_runner.py:79} INFO - Running: ['***', 'tasks', 'run', 'first_dag', 'sum_column_task', 'manual__2022-12-11T19:44:20.814427+00:00', '--job-id', '1273', '--raw', '--subdir', 'DAGS_FOLDER/first-dag.py', '--cfg-path', '/tmp/tmp55nbo6aq', '--error-file', '/tmp/tmp9arymdyd']
[2022-12-11 19:44:38,535] {standard_task_runner.py:80} INFO - Job 1273: Subtask sum_column_task
[2022-12-11 19:44:38,896] {task_command.py:369} INFO - Running <TaskInstance: first_dag.sum_column_task manual__2022-12-11T19:44:20.814427+00:00 [running]> on host 7e39590a7807
[2022-12-11 19:44:39,428] {taskinstance.py:1571} INFO - Exporting the following env vars:
AIRFLOW_CTX_DAG_OWNER=***
AIRFLOW_CTX_DAG_ID=first_dag
AIRFLOW_CTX_TASK_ID=sum_column_task
AIRFLOW_CTX_EXECUTION_DATE=2022-12-11T19:44:20.814427+00:00
AIRFLOW_CTX_TRY_NUMBER=1
AIRFLOW_CTX_DAG_RUN_ID=manual__2022-12-11T19:44:20.814427+00:00
[2022-12-11 19:44:39,467] {logging_mixin.py:115} INFO - Different sum column is -15
[2022-12-11 19:44:39,468] {python.py:173} INFO - Done. Returned value was: -15
[2022-12-11 19:44:39,523] {taskinstance.py:1400} INFO - Marking task as SUCCESS. dag_id=first_dag, task_id=sum_column_task, execution_date=20221211T194420, start_date=20221211T194438, end_date=20221211T194439
[2022-12-11 19:44:39,597] {local_task_job.py:156} INFO - Task exited with return code 0
[2022-12-11 19:44:39,685] {local_task_job.py:273} INFO - 1 downstream tasks scheduled from follow-on schedule check
