[2022-12-11 17:51:30,742] {taskinstance.py:1159} INFO - Dependencies all met for <TaskInstance: first_dag.sum_column_task scheduled__2022-12-11T17:46:00+00:00 [queued]>
[2022-12-11 17:51:30,800] {taskinstance.py:1159} INFO - Dependencies all met for <TaskInstance: first_dag.sum_column_task scheduled__2022-12-11T17:46:00+00:00 [queued]>
[2022-12-11 17:51:30,803] {taskinstance.py:1356} INFO - 
--------------------------------------------------------------------------------
[2022-12-11 17:51:30,807] {taskinstance.py:1357} INFO - Starting attempt 1 of 1
[2022-12-11 17:51:30,812] {taskinstance.py:1358} INFO - 
--------------------------------------------------------------------------------
[2022-12-11 17:51:30,942] {taskinstance.py:1377} INFO - Executing <Task(PythonOperator): sum_column_task> on 2022-12-11 17:46:00+00:00
[2022-12-11 17:51:30,979] {standard_task_runner.py:52} INFO - Started process 3952 to run task
[2022-12-11 17:51:31,003] {standard_task_runner.py:79} INFO - Running: ['***', 'tasks', 'run', 'first_dag', 'sum_column_task', 'scheduled__2022-12-11T17:46:00+00:00', '--job-id', '1139', '--raw', '--subdir', 'DAGS_FOLDER/first-dag.py', '--cfg-path', '/tmp/tmp7xpacrq6', '--error-file', '/tmp/tmp_g6fwrc8']
[2022-12-11 17:51:31,029] {standard_task_runner.py:80} INFO - Job 1139: Subtask sum_column_task
[2022-12-11 17:51:36,495] {task_command.py:369} INFO - Running <TaskInstance: first_dag.sum_column_task scheduled__2022-12-11T17:46:00+00:00 [running]> on host 7e39590a7807
[2022-12-11 17:51:36,893] {taskinstance.py:1571} INFO - Exporting the following env vars:
AIRFLOW_CTX_DAG_OWNER=***
AIRFLOW_CTX_DAG_ID=first_dag
AIRFLOW_CTX_TASK_ID=sum_column_task
AIRFLOW_CTX_EXECUTION_DATE=2022-12-11T17:46:00+00:00
AIRFLOW_CTX_TRY_NUMBER=1
AIRFLOW_CTX_DAG_RUN_ID=scheduled__2022-12-11T17:46:00+00:00
[2022-12-11 17:51:36,965] {logging_mixin.py:115} INFO - Different sum column is -14
[2022-12-11 17:51:36,968] {python.py:173} INFO - Done. Returned value was: -14
[2022-12-11 17:51:37,087] {taskinstance.py:1400} INFO - Marking task as SUCCESS. dag_id=first_dag, task_id=sum_column_task, execution_date=20221211T174600, start_date=20221211T175130, end_date=20221211T175137
[2022-12-11 17:51:37,176] {local_task_job.py:156} INFO - Task exited with return code 0
[2022-12-11 17:51:37,291] {local_task_job.py:273} INFO - 1 downstream tasks scheduled from follow-on schedule check
