[2022-12-11 15:00:02,110] {taskinstance.py:1159} INFO - Dependencies all met for <TaskInstance: first_dag.world scheduled__2022-12-11T14:50:00+00:00 [queued]>
[2022-12-11 15:00:02,125] {taskinstance.py:1159} INFO - Dependencies all met for <TaskInstance: first_dag.world scheduled__2022-12-11T14:50:00+00:00 [queued]>
[2022-12-11 15:00:02,127] {taskinstance.py:1356} INFO - 
--------------------------------------------------------------------------------
[2022-12-11 15:00:02,128] {taskinstance.py:1357} INFO - Starting attempt 1 of 1
[2022-12-11 15:00:02,129] {taskinstance.py:1358} INFO - 
--------------------------------------------------------------------------------
[2022-12-11 15:00:02,149] {taskinstance.py:1377} INFO - Executing <Task(PythonOperator): world> on 2022-12-11 14:50:00+00:00
[2022-12-11 15:00:02,158] {standard_task_runner.py:52} INFO - Started process 1687 to run task
[2022-12-11 15:00:02,166] {standard_task_runner.py:79} INFO - Running: ['***', 'tasks', 'run', 'first_dag', 'world', 'scheduled__2022-12-11T14:50:00+00:00', '--job-id', '668', '--raw', '--subdir', 'DAGS_FOLDER/first-dag.py', '--cfg-path', '/tmp/tmpjj_6sgs_', '--error-file', '/tmp/tmpmfc8_5st']
[2022-12-11 15:00:02,169] {standard_task_runner.py:80} INFO - Job 668: Subtask world
[2022-12-11 15:00:02,268] {task_command.py:369} INFO - Running <TaskInstance: first_dag.world scheduled__2022-12-11T14:50:00+00:00 [running]> on host 7e39590a7807
[2022-12-11 15:00:02,376] {taskinstance.py:1571} INFO - Exporting the following env vars:
AIRFLOW_CTX_DAG_OWNER=***
AIRFLOW_CTX_DAG_ID=first_dag
AIRFLOW_CTX_TASK_ID=world
AIRFLOW_CTX_EXECUTION_DATE=2022-12-11T14:50:00+00:00
AIRFLOW_CTX_TRY_NUMBER=1
AIRFLOW_CTX_DAG_RUN_ID=scheduled__2022-12-11T14:50:00+00:00
[2022-12-11 15:00:02,380] {logging_mixin.py:115} INFO - Airflow
[2022-12-11 15:00:02,381] {python.py:173} INFO - Done. Returned value was: None
[2022-12-11 15:00:02,400] {taskinstance.py:1400} INFO - Marking task as SUCCESS. dag_id=first_dag, task_id=world, execution_date=20221211T145000, start_date=20221211T150002, end_date=20221211T150002
[2022-12-11 15:00:02,466] {local_task_job.py:156} INFO - Task exited with return code 0
[2022-12-11 15:00:02,529] {local_task_job.py:273} INFO - 1 downstream tasks scheduled from follow-on schedule check
