[2022-12-11 14:50:59,816] {taskinstance.py:1159} INFO - Dependencies all met for <TaskInstance: first_dag.generate_two_int_task manual__2022-12-11T14:50:56.762825+00:00 [queued]>
[2022-12-11 14:50:59,835] {taskinstance.py:1159} INFO - Dependencies all met for <TaskInstance: first_dag.generate_two_int_task manual__2022-12-11T14:50:56.762825+00:00 [queued]>
[2022-12-11 14:50:59,836] {taskinstance.py:1356} INFO - 
--------------------------------------------------------------------------------
[2022-12-11 14:50:59,838] {taskinstance.py:1357} INFO - Starting attempt 1 of 1
[2022-12-11 14:50:59,839] {taskinstance.py:1358} INFO - 
--------------------------------------------------------------------------------
[2022-12-11 14:50:59,860] {taskinstance.py:1377} INFO - Executing <Task(PythonOperator): generate_two_int_task> on 2022-12-11 14:50:56.762825+00:00
[2022-12-11 14:50:59,868] {standard_task_runner.py:52} INFO - Started process 1531 to run task
[2022-12-11 14:50:59,876] {standard_task_runner.py:79} INFO - Running: ['***', 'tasks', 'run', 'first_dag', 'generate_two_int_task', 'manual__2022-12-11T14:50:56.762825+00:00', '--job-id', '649', '--raw', '--subdir', 'DAGS_FOLDER/first-dag.py', '--cfg-path', '/tmp/tmp2ec1tb5f', '--error-file', '/tmp/tmp5ei_c6ob']
[2022-12-11 14:50:59,878] {standard_task_runner.py:80} INFO - Job 649: Subtask generate_two_int_task
[2022-12-11 14:50:59,974] {task_command.py:369} INFO - Running <TaskInstance: first_dag.generate_two_int_task manual__2022-12-11T14:50:56.762825+00:00 [running]> on host 7e39590a7807
[2022-12-11 14:51:00,096] {taskinstance.py:1571} INFO - Exporting the following env vars:
AIRFLOW_CTX_DAG_OWNER=***
AIRFLOW_CTX_DAG_ID=first_dag
AIRFLOW_CTX_TASK_ID=generate_two_int_task
AIRFLOW_CTX_EXECUTION_DATE=2022-12-11T14:50:56.762825+00:00
AIRFLOW_CTX_TRY_NUMBER=1
AIRFLOW_CTX_DAG_RUN_ID=manual__2022-12-11T14:50:56.762825+00:00
[2022-12-11 14:51:00,124] {python.py:173} INFO - Done. Returned value was: None
[2022-12-11 14:51:00,145] {taskinstance.py:1400} INFO - Marking task as SUCCESS. dag_id=first_dag, task_id=generate_two_int_task, execution_date=20221211T145056, start_date=20221211T145059, end_date=20221211T145100
[2022-12-11 14:51:00,170] {local_task_job.py:156} INFO - Task exited with return code 0
[2022-12-11 14:51:00,242] {local_task_job.py:273} INFO - 1 downstream tasks scheduled from follow-on schedule check
