[2022-12-11 15:19:13,420] {taskinstance.py:1159} INFO - Dependencies all met for <TaskInstance: first_dag.generate_two_int_task manual__2022-12-11T15:19:09.011585+00:00 [queued]>
[2022-12-11 15:19:13,447] {taskinstance.py:1159} INFO - Dependencies all met for <TaskInstance: first_dag.generate_two_int_task manual__2022-12-11T15:19:09.011585+00:00 [queued]>
[2022-12-11 15:19:13,449] {taskinstance.py:1356} INFO - 
--------------------------------------------------------------------------------
[2022-12-11 15:19:13,450] {taskinstance.py:1357} INFO - Starting attempt 1 of 1
[2022-12-11 15:19:13,452] {taskinstance.py:1358} INFO - 
--------------------------------------------------------------------------------
[2022-12-11 15:19:13,485] {taskinstance.py:1377} INFO - Executing <Task(PythonOperator): generate_two_int_task> on 2022-12-11 15:19:09.011585+00:00
[2022-12-11 15:19:13,495] {standard_task_runner.py:52} INFO - Started process 2429 to run task
[2022-12-11 15:19:13,527] {standard_task_runner.py:79} INFO - Running: ['***', 'tasks', 'run', 'first_dag', 'generate_two_int_task', 'manual__2022-12-11T15:19:09.011585+00:00', '--job-id', '864', '--raw', '--subdir', 'DAGS_FOLDER/first-dag.py', '--cfg-path', '/tmp/tmpwh44eynq', '--error-file', '/tmp/tmpfc9a8jec']
[2022-12-11 15:19:13,530] {standard_task_runner.py:80} INFO - Job 864: Subtask generate_two_int_task
[2022-12-11 15:19:13,961] {task_command.py:369} INFO - Running <TaskInstance: first_dag.generate_two_int_task manual__2022-12-11T15:19:09.011585+00:00 [running]> on host 7e39590a7807
[2022-12-11 15:19:14,312] {taskinstance.py:1571} INFO - Exporting the following env vars:
AIRFLOW_CTX_DAG_OWNER=***
AIRFLOW_CTX_DAG_ID=first_dag
AIRFLOW_CTX_TASK_ID=generate_two_int_task
AIRFLOW_CTX_EXECUTION_DATE=2022-12-11T15:19:09.011585+00:00
AIRFLOW_CTX_TRY_NUMBER=1
AIRFLOW_CTX_DAG_RUN_ID=manual__2022-12-11T15:19:09.011585+00:00
[2022-12-11 15:19:14,371] {python.py:173} INFO - Done. Returned value was: None
[2022-12-11 15:19:14,418] {taskinstance.py:1400} INFO - Marking task as SUCCESS. dag_id=first_dag, task_id=generate_two_int_task, execution_date=20221211T151909, start_date=20221211T151913, end_date=20221211T151914
[2022-12-11 15:19:14,484] {local_task_job.py:156} INFO - Task exited with return code 0
[2022-12-11 15:19:14,773] {local_task_job.py:273} INFO - 0 downstream tasks scheduled from follow-on schedule check
