[2022-12-04 19:35:38,966] {taskinstance.py:1159} INFO - Dependencies all met for <TaskInstance: first_dag.sum_column_task manual__2022-12-04T19:35:34.601862+00:00 [queued]>
[2022-12-04 19:35:38,997] {taskinstance.py:1159} INFO - Dependencies all met for <TaskInstance: first_dag.sum_column_task manual__2022-12-04T19:35:34.601862+00:00 [queued]>
[2022-12-04 19:35:39,007] {taskinstance.py:1356} INFO - 
--------------------------------------------------------------------------------
[2022-12-04 19:35:39,009] {taskinstance.py:1357} INFO - Starting attempt 1 of 1
[2022-12-04 19:35:39,018] {taskinstance.py:1358} INFO - 
--------------------------------------------------------------------------------
[2022-12-04 19:35:39,054] {taskinstance.py:1377} INFO - Executing <Task(PythonOperator): sum_column_task> on 2022-12-04 19:35:34.601862+00:00
[2022-12-04 19:35:39,075] {standard_task_runner.py:52} INFO - Started process 558 to run task
[2022-12-04 19:35:39,083] {standard_task_runner.py:79} INFO - Running: ['***', 'tasks', 'run', 'first_dag', 'sum_column_task', 'manual__2022-12-04T19:35:34.601862+00:00', '--job-id', '283', '--raw', '--subdir', 'DAGS_FOLDER/first-dag.py', '--cfg-path', '/tmp/tmpuoldhkue', '--error-file', '/tmp/tmpwpfgpkzz']
[2022-12-04 19:35:39,086] {standard_task_runner.py:80} INFO - Job 283: Subtask sum_column_task
[2022-12-04 19:35:39,209] {task_command.py:369} INFO - Running <TaskInstance: first_dag.sum_column_task manual__2022-12-04T19:35:34.601862+00:00 [running]> on host 4393b4454aa8
[2022-12-04 19:35:39,318] {taskinstance.py:1571} INFO - Exporting the following env vars:
AIRFLOW_CTX_DAG_OWNER=***
AIRFLOW_CTX_DAG_ID=first_dag
AIRFLOW_CTX_TASK_ID=sum_column_task
AIRFLOW_CTX_EXECUTION_DATE=2022-12-04T19:35:34.601862+00:00
AIRFLOW_CTX_TRY_NUMBER=1
AIRFLOW_CTX_DAG_RUN_ID=manual__2022-12-04T19:35:34.601862+00:00
[2022-12-04 19:35:39,343] {python.py:173} INFO - Done. Returned value was: 216316
[2022-12-04 19:35:39,381] {taskinstance.py:1400} INFO - Marking task as SUCCESS. dag_id=first_dag, task_id=sum_column_task, execution_date=20221204T193534, start_date=20221204T193538, end_date=20221204T193539
[2022-12-04 19:35:39,422] {local_task_job.py:156} INFO - Task exited with return code 0
[2022-12-04 19:35:39,550] {local_task_job.py:273} INFO - 1 downstream tasks scheduled from follow-on schedule check
