[2022-12-11 14:31:01,057] {taskinstance.py:1159} INFO - Dependencies all met for <TaskInstance: first_dag.write_diff_task scheduled__2022-12-11T14:30:00+00:00 [queued]>
[2022-12-11 14:31:01,078] {taskinstance.py:1159} INFO - Dependencies all met for <TaskInstance: first_dag.write_diff_task scheduled__2022-12-11T14:30:00+00:00 [queued]>
[2022-12-11 14:31:01,080] {taskinstance.py:1356} INFO - 
--------------------------------------------------------------------------------
[2022-12-11 14:31:01,081] {taskinstance.py:1357} INFO - Starting attempt 1 of 1
[2022-12-11 14:31:01,082] {taskinstance.py:1358} INFO - 
--------------------------------------------------------------------------------
[2022-12-11 14:31:01,101] {taskinstance.py:1377} INFO - Executing <Task(PythonOperator): write_diff_task> on 2022-12-11 14:30:00+00:00
[2022-12-11 14:31:01,107] {standard_task_runner.py:52} INFO - Started process 800 to run task
[2022-12-11 14:31:01,114] {standard_task_runner.py:79} INFO - Running: ['***', 'tasks', 'run', 'first_dag', 'write_diff_task', 'scheduled__2022-12-11T14:30:00+00:00', '--job-id', '472', '--raw', '--subdir', 'DAGS_FOLDER/first-dag.py', '--cfg-path', '/tmp/tmponr6sktb', '--error-file', '/tmp/tmpapkxl6_f']
[2022-12-11 14:31:01,116] {standard_task_runner.py:80} INFO - Job 472: Subtask write_diff_task
[2022-12-11 14:31:01,208] {task_command.py:369} INFO - Running <TaskInstance: first_dag.write_diff_task scheduled__2022-12-11T14:30:00+00:00 [running]> on host 7e39590a7807
[2022-12-11 14:31:01,327] {taskinstance.py:1571} INFO - Exporting the following env vars:
AIRFLOW_CTX_DAG_OWNER=***
AIRFLOW_CTX_DAG_ID=first_dag
AIRFLOW_CTX_TASK_ID=write_diff_task
AIRFLOW_CTX_EXECUTION_DATE=2022-12-11T14:30:00+00:00
AIRFLOW_CTX_TRY_NUMBER=1
AIRFLOW_CTX_DAG_RUN_ID=scheduled__2022-12-11T14:30:00+00:00
[2022-12-11 14:31:01,364] {python.py:173} INFO - Done. Returned value was: None
[2022-12-11 14:31:01,401] {taskinstance.py:1400} INFO - Marking task as SUCCESS. dag_id=first_dag, task_id=write_diff_task, execution_date=20221211T143000, start_date=20221211T143101, end_date=20221211T143101
[2022-12-11 14:31:01,446] {local_task_job.py:156} INFO - Task exited with return code 0
[2022-12-11 14:31:01,512] {local_task_job.py:273} INFO - 0 downstream tasks scheduled from follow-on schedule check
[2022-12-11 14:46:52,076] {taskinstance.py:1159} INFO - Dependencies all met for <TaskInstance: first_dag.write_diff_task scheduled__2022-12-11T14:30:00+00:00 [queued]>
[2022-12-11 14:46:52,096] {taskinstance.py:1159} INFO - Dependencies all met for <TaskInstance: first_dag.write_diff_task scheduled__2022-12-11T14:30:00+00:00 [queued]>
[2022-12-11 14:46:52,097] {taskinstance.py:1356} INFO - 
--------------------------------------------------------------------------------
[2022-12-11 14:46:52,098] {taskinstance.py:1357} INFO - Starting attempt 1 of 1
[2022-12-11 14:46:52,099] {taskinstance.py:1358} INFO - 
--------------------------------------------------------------------------------
[2022-12-11 14:46:52,117] {taskinstance.py:1377} INFO - Executing <Task(PythonOperator): write_diff_task> on 2022-12-11 14:30:00+00:00
[2022-12-11 14:46:52,122] {standard_task_runner.py:52} INFO - Started process 1383 to run task
[2022-12-11 14:46:52,133] {standard_task_runner.py:79} INFO - Running: ['***', 'tasks', 'run', 'first_dag', 'write_diff_task', 'scheduled__2022-12-11T14:30:00+00:00', '--job-id', '616', '--raw', '--subdir', 'DAGS_FOLDER/first-dag.py', '--cfg-path', '/tmp/tmp0xsrt4ci', '--error-file', '/tmp/tmp_fws63yq']
[2022-12-11 14:46:52,136] {standard_task_runner.py:80} INFO - Job 616: Subtask write_diff_task
[2022-12-11 14:46:52,212] {task_command.py:369} INFO - Running <TaskInstance: first_dag.write_diff_task scheduled__2022-12-11T14:30:00+00:00 [running]> on host 7e39590a7807
[2022-12-11 14:46:52,317] {taskinstance.py:1571} INFO - Exporting the following env vars:
AIRFLOW_CTX_DAG_OWNER=***
AIRFLOW_CTX_DAG_ID=first_dag
AIRFLOW_CTX_TASK_ID=write_diff_task
AIRFLOW_CTX_EXECUTION_DATE=2022-12-11T14:30:00+00:00
AIRFLOW_CTX_TRY_NUMBER=1
AIRFLOW_CTX_DAG_RUN_ID=scheduled__2022-12-11T14:30:00+00:00
[2022-12-11 14:46:52,373] {logging_mixin.py:115} INFO - res -3
[2022-12-11 14:46:52,375] {taskinstance.py:1889} ERROR - Task failed with exception
Traceback (most recent call last):
  File "/home/airflow/.local/lib/python3.7/site-packages/airflow/operators/python.py", line 171, in execute
    return_value = self.execute_callable()
  File "/home/airflow/.local/lib/python3.7/site-packages/airflow/operators/python.py", line 189, in execute_callable
    return self.python_callable(*self.op_args, **self.op_kwargs)
  File "/opt/airflow/dags/first-dag.py", line 56, in write_diff
    f.write(res+"\n")
TypeError: unsupported operand type(s) for +: 'int' and 'str'
[2022-12-11 14:46:52,394] {taskinstance.py:1400} INFO - Marking task as FAILED. dag_id=first_dag, task_id=write_diff_task, execution_date=20221211T143000, start_date=20221211T144652, end_date=20221211T144652
[2022-12-11 14:46:52,414] {standard_task_runner.py:97} ERROR - Failed to execute job 616 for task write_diff_task (unsupported operand type(s) for +: 'int' and 'str'; 1383)
[2022-12-11 14:46:52,467] {local_task_job.py:156} INFO - Task exited with return code 1
[2022-12-11 14:46:52,522] {local_task_job.py:273} INFO - 0 downstream tasks scheduled from follow-on schedule check
