[2022-12-11 20:29:48,529] {taskinstance.py:1159} INFO - Dependencies all met for <TaskInstance: first_dag.wait_for_file manual__2022-12-11T20:29:08.806608+00:00 [queued]>
[2022-12-11 20:29:48,632] {taskinstance.py:1159} INFO - Dependencies all met for <TaskInstance: first_dag.wait_for_file manual__2022-12-11T20:29:08.806608+00:00 [queued]>
[2022-12-11 20:29:48,635] {taskinstance.py:1356} INFO - 
--------------------------------------------------------------------------------
[2022-12-11 20:29:48,640] {taskinstance.py:1357} INFO - Starting attempt 1 of 3
[2022-12-11 20:29:48,647] {taskinstance.py:1358} INFO - 
--------------------------------------------------------------------------------
[2022-12-11 20:29:48,772] {taskinstance.py:1377} INFO - Executing <Task(PythonSensor): wait_for_file> on 2022-12-11 20:29:08.806608+00:00
[2022-12-11 20:29:48,779] {standard_task_runner.py:52} INFO - Started process 6037 to run task
[2022-12-11 20:29:48,790] {standard_task_runner.py:79} INFO - Running: ['***', 'tasks', 'run', 'first_dag', 'wait_for_file', 'manual__2022-12-11T20:29:08.806608+00:00', '--job-id', '1462', '--raw', '--subdir', 'DAGS_FOLDER/first-dag.py', '--cfg-path', '/tmp/tmpxzpgdnkr', '--error-file', '/tmp/tmpa_r821zg']
[2022-12-11 20:29:48,793] {standard_task_runner.py:80} INFO - Job 1462: Subtask wait_for_file
[2022-12-11 20:29:49,168] {task_command.py:369} INFO - Running <TaskInstance: first_dag.wait_for_file manual__2022-12-11T20:29:08.806608+00:00 [running]> on host 7e39590a7807
[2022-12-11 20:29:49,909] {taskinstance.py:1571} INFO - Exporting the following env vars:
AIRFLOW_CTX_DAG_OWNER=***
AIRFLOW_CTX_DAG_ID=first_dag
AIRFLOW_CTX_TASK_ID=wait_for_file
AIRFLOW_CTX_EXECUTION_DATE=2022-12-11T20:29:08.806608+00:00
AIRFLOW_CTX_TRY_NUMBER=1
AIRFLOW_CTX_DAG_RUN_ID=manual__2022-12-11T20:29:08.806608+00:00
[2022-12-11 20:29:49,914] {python.py:66} INFO - Poking callable: <function _wait_for_file at 0x7f6cec7a05f0>
[2022-12-11 20:29:49,962] {logging_mixin.py:115} INFO - _wait_for_file True
[2022-12-11 20:29:49,963] {base.py:301} INFO - Success criteria met. Exiting.
[2022-12-11 20:29:50,116] {taskinstance.py:1400} INFO - Marking task as SUCCESS. dag_id=first_dag, task_id=wait_for_file, execution_date=20221211T202908, start_date=20221211T202948, end_date=20221211T202950
[2022-12-11 20:29:50,209] {local_task_job.py:156} INFO - Task exited with return code 0
[2022-12-11 20:29:50,601] {local_task_job.py:273} INFO - 1 downstream tasks scheduled from follow-on schedule check
