[2022-12-11 19:59:57,239] {taskinstance.py:1159} INFO - Dependencies all met for <TaskInstance: first_dag.wait_for_file manual__2022-12-11T19:59:47.771434+00:00 [queued]>
[2022-12-11 19:59:57,269] {taskinstance.py:1159} INFO - Dependencies all met for <TaskInstance: first_dag.wait_for_file manual__2022-12-11T19:59:47.771434+00:00 [queued]>
[2022-12-11 19:59:57,270] {taskinstance.py:1356} INFO - 
--------------------------------------------------------------------------------
[2022-12-11 19:59:57,271] {taskinstance.py:1357} INFO - Starting attempt 1 of 3
[2022-12-11 19:59:57,272] {taskinstance.py:1358} INFO - 
--------------------------------------------------------------------------------
[2022-12-11 19:59:57,313] {taskinstance.py:1377} INFO - Executing <Task(PythonSensor): wait_for_file> on 2022-12-11 19:59:47.771434+00:00
[2022-12-11 19:59:57,319] {standard_task_runner.py:52} INFO - Started process 5364 to run task
[2022-12-11 19:59:57,336] {standard_task_runner.py:79} INFO - Running: ['***', 'tasks', 'run', 'first_dag', 'wait_for_file', 'manual__2022-12-11T19:59:47.771434+00:00', '--job-id', '1302', '--raw', '--subdir', 'DAGS_FOLDER/first-dag.py', '--cfg-path', '/tmp/tmp38m1_nag', '--error-file', '/tmp/tmpw39khqna']
[2022-12-11 19:59:57,346] {standard_task_runner.py:80} INFO - Job 1302: Subtask wait_for_file
[2022-12-11 19:59:57,549] {task_command.py:369} INFO - Running <TaskInstance: first_dag.wait_for_file manual__2022-12-11T19:59:47.771434+00:00 [running]> on host 7e39590a7807
[2022-12-11 19:59:57,748] {taskinstance.py:1571} INFO - Exporting the following env vars:
AIRFLOW_CTX_DAG_OWNER=***
AIRFLOW_CTX_DAG_ID=first_dag
AIRFLOW_CTX_TASK_ID=wait_for_file
AIRFLOW_CTX_EXECUTION_DATE=2022-12-11T19:59:47.771434+00:00
AIRFLOW_CTX_TRY_NUMBER=1
AIRFLOW_CTX_DAG_RUN_ID=manual__2022-12-11T19:59:47.771434+00:00
[2022-12-11 19:59:57,755] {python.py:66} INFO - Poking callable: <function _wait_for_file at 0x7f6cec7ab440>
[2022-12-11 19:59:57,786] {logging_mixin.py:115} INFO - _wait_for_file True
[2022-12-11 20:00:17,811] {python.py:66} INFO - Poking callable: <function _wait_for_file at 0x7f6cec7ab440>
[2022-12-11 20:00:17,901] {logging_mixin.py:115} INFO - _wait_for_file True
[2022-12-11 20:00:17,925] {base.py:301} INFO - Success criteria met. Exiting.
[2022-12-11 20:00:18,010] {taskinstance.py:1400} INFO - Marking task as SUCCESS. dag_id=first_dag, task_id=wait_for_file, execution_date=20221211T195947, start_date=20221211T195957, end_date=20221211T200018
[2022-12-11 20:00:18,058] {local_task_job.py:156} INFO - Task exited with return code 0
[2022-12-11 20:00:18,142] {local_task_job.py:273} INFO - 1 downstream tasks scheduled from follow-on schedule check
