[2022-12-11 18:32:35,732] {taskinstance.py:1159} INFO - Dependencies all met for <TaskInstance: first_dag.hello_task scheduled__2022-12-11T18:31:00+00:00 [queued]>
[2022-12-11 18:32:35,750] {taskinstance.py:1159} INFO - Dependencies all met for <TaskInstance: first_dag.hello_task scheduled__2022-12-11T18:31:00+00:00 [queued]>
[2022-12-11 18:32:35,752] {taskinstance.py:1356} INFO - 
--------------------------------------------------------------------------------
[2022-12-11 18:32:35,753] {taskinstance.py:1357} INFO - Starting attempt 1 of 1
[2022-12-11 18:32:35,754] {taskinstance.py:1358} INFO - 
--------------------------------------------------------------------------------
[2022-12-11 18:32:35,796] {taskinstance.py:1377} INFO - Executing <Task(BashOperator): hello_task> on 2022-12-11 18:31:00+00:00
[2022-12-11 18:32:35,803] {standard_task_runner.py:52} INFO - Started process 4473 to run task
[2022-12-11 18:32:35,837] {standard_task_runner.py:79} INFO - Running: ['***', 'tasks', 'run', 'first_dag', 'hello_task', 'scheduled__2022-12-11T18:31:00+00:00', '--job-id', '1197', '--raw', '--subdir', 'DAGS_FOLDER/first-dag.py', '--cfg-path', '/tmp/tmp924yrpqo', '--error-file', '/tmp/tmp_mwj4nb2']
[2022-12-11 18:32:35,844] {standard_task_runner.py:80} INFO - Job 1197: Subtask hello_task
[2022-12-11 18:32:35,996] {task_command.py:369} INFO - Running <TaskInstance: first_dag.hello_task scheduled__2022-12-11T18:31:00+00:00 [running]> on host 7e39590a7807
[2022-12-11 18:32:36,163] {taskinstance.py:1571} INFO - Exporting the following env vars:
AIRFLOW_CTX_DAG_OWNER=***
AIRFLOW_CTX_DAG_ID=first_dag
AIRFLOW_CTX_TASK_ID=hello_task
AIRFLOW_CTX_EXECUTION_DATE=2022-12-11T18:31:00+00:00
AIRFLOW_CTX_TRY_NUMBER=1
AIRFLOW_CTX_DAG_RUN_ID=scheduled__2022-12-11T18:31:00+00:00
[2022-12-11 18:32:36,167] {subprocess.py:62} INFO - Tmp dir root location: 
 /tmp
[2022-12-11 18:32:36,169] {subprocess.py:74} INFO - Running command: ['bash', '-c', 'echo hello']
[2022-12-11 18:32:36,181] {subprocess.py:85} INFO - Output:
[2022-12-11 18:32:36,184] {subprocess.py:92} INFO - hello
[2022-12-11 18:32:36,187] {subprocess.py:96} INFO - Command exited with return code 0
[2022-12-11 18:32:36,238] {taskinstance.py:1400} INFO - Marking task as SUCCESS. dag_id=first_dag, task_id=hello_task, execution_date=20221211T183100, start_date=20221211T183235, end_date=20221211T183236
[2022-12-11 18:32:36,284] {local_task_job.py:156} INFO - Task exited with return code 0
[2022-12-11 18:32:36,356] {local_task_job.py:273} INFO - 1 downstream tasks scheduled from follow-on schedule check
