[2022-12-12 05:27:50,611] {taskinstance.py:1159} INFO - Dependencies all met for <TaskInstance: first_dag.alter_task_table manual__2022-12-12T05:27:38.502835+00:00 [queued]>
[2022-12-12 05:27:50,723] {taskinstance.py:1159} INFO - Dependencies all met for <TaskInstance: first_dag.alter_task_table manual__2022-12-12T05:27:38.502835+00:00 [queued]>
[2022-12-12 05:27:50,725] {taskinstance.py:1356} INFO - 
--------------------------------------------------------------------------------
[2022-12-12 05:27:50,732] {taskinstance.py:1357} INFO - Starting attempt 1 of 1
[2022-12-12 05:27:50,734] {taskinstance.py:1358} INFO - 
--------------------------------------------------------------------------------
[2022-12-12 05:27:50,806] {taskinstance.py:1377} INFO - Executing <Task(PostgresOperator): alter_task_table> on 2022-12-12 05:27:38.502835+00:00
[2022-12-12 05:27:50,811] {standard_task_runner.py:52} INFO - Started process 7887 to run task
[2022-12-12 05:27:50,830] {standard_task_runner.py:79} INFO - Running: ['***', 'tasks', 'run', 'first_dag', 'alter_task_table', 'manual__2022-12-12T05:27:38.502835+00:00', '--job-id', '1684', '--raw', '--subdir', 'DAGS_FOLDER/first-dag.py', '--cfg-path', '/tmp/tmpw6v5kpmi', '--error-file', '/tmp/tmpf6u3_0h8']
[2022-12-12 05:27:50,835] {standard_task_runner.py:80} INFO - Job 1684: Subtask alter_task_table
[2022-12-12 05:27:54,564] {task_command.py:369} INFO - Running <TaskInstance: first_dag.alter_task_table manual__2022-12-12T05:27:38.502835+00:00 [running]> on host 7e39590a7807
[2022-12-12 05:28:03,913] {taskinstance.py:1571} INFO - Exporting the following env vars:
AIRFLOW_CTX_DAG_OWNER=***
AIRFLOW_CTX_DAG_ID=first_dag
AIRFLOW_CTX_TASK_ID=alter_task_table
AIRFLOW_CTX_EXECUTION_DATE=2022-12-12T05:27:38.502835+00:00
AIRFLOW_CTX_TRY_NUMBER=1
AIRFLOW_CTX_DAG_RUN_ID=manual__2022-12-12T05:27:38.502835+00:00
[2022-12-12 05:28:13,559] {base.py:68} INFO - Using connection ID 'db' for task execution.
[2022-12-12 05:28:13,667] {dbapi.py:208} INFO - Running statement: 
               alter table task add column coef int;
                  , parameters: None
[2022-12-12 05:28:13,728] {taskinstance.py:1889} ERROR - Task failed with exception
Traceback (most recent call last):
  File "/home/airflow/.local/lib/python3.7/site-packages/airflow/providers/postgres/operators/postgres.py", line 92, in execute
    self.hook.run(self.sql, self.autocommit, parameters=self.parameters)
  File "/home/airflow/.local/lib/python3.7/site-packages/airflow/hooks/dbapi.py", line 188, in run
    self._run_command(cur, sql_statement, parameters)
  File "/home/airflow/.local/lib/python3.7/site-packages/airflow/hooks/dbapi.py", line 212, in _run_command
    cur.execute(sql_statement)
psycopg2.errors.DuplicateColumn: column "coef" of relation "task" already exists

[2022-12-12 05:28:13,956] {taskinstance.py:1400} INFO - Marking task as FAILED. dag_id=first_dag, task_id=alter_task_table, execution_date=20221212T052738, start_date=20221212T052750, end_date=20221212T052813
[2022-12-12 05:28:14,589] {standard_task_runner.py:97} ERROR - Failed to execute job 1684 for task alter_task_table (column "coef" of relation "task" already exists
; 7887)
[2022-12-12 05:28:14,779] {local_task_job.py:156} INFO - Task exited with return code 1
[2022-12-12 05:28:15,320] {local_task_job.py:273} INFO - 0 downstream tasks scheduled from follow-on schedule check
