[2022-12-04 15:59:01,595] {taskinstance.py:1159} INFO - Dependencies all met for <TaskInstance: first_dag.hel1o scheduled__2022-02-02T00:00:00+00:00 [queued]>
[2022-12-04 15:59:01,626] {taskinstance.py:1159} INFO - Dependencies all met for <TaskInstance: first_dag.hel1o scheduled__2022-02-02T00:00:00+00:00 [queued]>
[2022-12-04 15:59:01,629] {taskinstance.py:1356} INFO - 
--------------------------------------------------------------------------------
[2022-12-04 15:59:01,630] {taskinstance.py:1357} INFO - Starting attempt 1 of 1
[2022-12-04 15:59:01,631] {taskinstance.py:1358} INFO - 
--------------------------------------------------------------------------------
[2022-12-04 15:59:01,722] {taskinstance.py:1377} INFO - Executing <Task(BashOperator): hel1o> on 2022-02-02 00:00:00+00:00
[2022-12-04 15:59:01,742] {standard_task_runner.py:52} INFO - Started process 372 to run task
[2022-12-04 15:59:01,776] {standard_task_runner.py:79} INFO - Running: ['***', 'tasks', 'run', 'first_dag', 'hel1o', 'scheduled__2022-02-02T00:00:00+00:00', '--job-id', '36', '--raw', '--subdir', 'DAGS_FOLDER/first-dag.py', '--cfg-path', '/tmp/tmpl0k60ifc', '--error-file', '/tmp/tmp586yw15f']
[2022-12-04 15:59:01,783] {standard_task_runner.py:80} INFO - Job 36: Subtask hel1o
[2022-12-04 15:59:02,520] {task_command.py:369} INFO - Running <TaskInstance: first_dag.hel1o scheduled__2022-02-02T00:00:00+00:00 [running]> on host fb90b48d1471
[2022-12-04 15:59:03,387] {taskinstance.py:1571} INFO - Exporting the following env vars:
AIRFLOW_CTX_DAG_OWNER=***
AIRFLOW_CTX_DAG_ID=first_dag
AIRFLOW_CTX_TASK_ID=hel1o
AIRFLOW_CTX_EXECUTION_DATE=2022-02-02T00:00:00+00:00
AIRFLOW_CTX_TRY_NUMBER=1
AIRFLOW_CTX_DAG_RUN_ID=scheduled__2022-02-02T00:00:00+00:00
[2022-12-04 15:59:03,401] {subprocess.py:62} INFO - Tmp dir root location: 
 /tmp
[2022-12-04 15:59:03,405] {subprocess.py:74} INFO - Running command: ['bash', '-c', 'echo hello']
[2022-12-04 15:59:03,568] {subprocess.py:85} INFO - Output:
[2022-12-04 15:59:03,637] {subprocess.py:92} INFO - hello
[2022-12-04 15:59:03,659] {subprocess.py:96} INFO - Command exited with return code 0
[2022-12-04 15:59:04,248] {taskinstance.py:1400} INFO - Marking task as SUCCESS. dag_id=first_dag, task_id=hel1o, execution_date=20220202T000000, start_date=20221204T155901, end_date=20221204T155904
[2022-12-04 15:59:04,434] {local_task_job.py:156} INFO - Task exited with return code 0
[2022-12-04 15:59:05,204] {local_task_job.py:273} INFO - 0 downstream tasks scheduled from follow-on schedule check
