[2022-12-04 15:57:26,718] {taskinstance.py:1159} INFO - Dependencies all met for <TaskInstance: first_dag.hel1o scheduled__2022-01-12T00:00:00+00:00 [queued]>
[2022-12-04 15:57:26,798] {taskinstance.py:1159} INFO - Dependencies all met for <TaskInstance: first_dag.hel1o scheduled__2022-01-12T00:00:00+00:00 [queued]>
[2022-12-04 15:57:26,801] {taskinstance.py:1356} INFO - 
--------------------------------------------------------------------------------
[2022-12-04 15:57:26,802] {taskinstance.py:1357} INFO - Starting attempt 1 of 1
[2022-12-04 15:57:26,803] {taskinstance.py:1358} INFO - 
--------------------------------------------------------------------------------
[2022-12-04 15:57:27,002] {taskinstance.py:1377} INFO - Executing <Task(BashOperator): hel1o> on 2022-01-12 00:00:00+00:00
[2022-12-04 15:57:27,008] {standard_task_runner.py:52} INFO - Started process 294 to run task
[2022-12-04 15:57:27,044] {standard_task_runner.py:79} INFO - Running: ['***', 'tasks', 'run', 'first_dag', 'hel1o', 'scheduled__2022-01-12T00:00:00+00:00', '--job-id', '15', '--raw', '--subdir', 'DAGS_FOLDER/first-dag.py', '--cfg-path', '/tmp/tmpjm1thgws', '--error-file', '/tmp/tmphc57v12l']
[2022-12-04 15:57:27,070] {standard_task_runner.py:80} INFO - Job 15: Subtask hel1o
[2022-12-04 15:57:27,476] {task_command.py:369} INFO - Running <TaskInstance: first_dag.hel1o scheduled__2022-01-12T00:00:00+00:00 [running]> on host fb90b48d1471
[2022-12-04 15:57:28,103] {taskinstance.py:1571} INFO - Exporting the following env vars:
AIRFLOW_CTX_DAG_OWNER=***
AIRFLOW_CTX_DAG_ID=first_dag
AIRFLOW_CTX_TASK_ID=hel1o
AIRFLOW_CTX_EXECUTION_DATE=2022-01-12T00:00:00+00:00
AIRFLOW_CTX_TRY_NUMBER=1
AIRFLOW_CTX_DAG_RUN_ID=scheduled__2022-01-12T00:00:00+00:00
[2022-12-04 15:57:28,105] {subprocess.py:62} INFO - Tmp dir root location: 
 /tmp
[2022-12-04 15:57:28,108] {subprocess.py:74} INFO - Running command: ['bash', '-c', 'echohe11o']
[2022-12-04 15:57:28,155] {subprocess.py:85} INFO - Output:
[2022-12-04 15:57:28,165] {subprocess.py:92} INFO - bash: line 1: echohe11o: command not found
[2022-12-04 15:57:28,167] {subprocess.py:96} INFO - Command exited with return code 127
[2022-12-04 15:57:28,203] {taskinstance.py:1889} ERROR - Task failed with exception
Traceback (most recent call last):
  File "/home/airflow/.local/lib/python3.7/site-packages/airflow/operators/bash.py", line 195, in execute
    f'Bash command failed. The command returned a non-zero exit code {result.exit_code}.'
airflow.exceptions.AirflowException: Bash command failed. The command returned a non-zero exit code 127.
[2022-12-04 15:57:28,222] {taskinstance.py:1400} INFO - Marking task as FAILED. dag_id=first_dag, task_id=hel1o, execution_date=20220112T000000, start_date=20221204T155726, end_date=20221204T155728
[2022-12-04 15:57:28,381] {standard_task_runner.py:97} ERROR - Failed to execute job 15 for task hel1o (Bash command failed. The command returned a non-zero exit code 127.; 294)
[2022-12-04 15:57:28,451] {local_task_job.py:156} INFO - Task exited with return code 1
[2022-12-04 15:57:28,841] {local_task_job.py:273} INFO - 0 downstream tasks scheduled from follow-on schedule check
