[2022-12-04 18:31:59,938] {taskinstance.py:1159} INFO - Dependencies all met for <TaskInstance: first_dag.hello_task manual__2022-12-04T18:31:58.720734+00:00 [queued]>
[2022-12-04 18:31:59,953] {taskinstance.py:1159} INFO - Dependencies all met for <TaskInstance: first_dag.hello_task manual__2022-12-04T18:31:58.720734+00:00 [queued]>
[2022-12-04 18:31:59,955] {taskinstance.py:1356} INFO - 
--------------------------------------------------------------------------------
[2022-12-04 18:31:59,956] {taskinstance.py:1357} INFO - Starting attempt 1 of 1
[2022-12-04 18:31:59,957] {taskinstance.py:1358} INFO - 
--------------------------------------------------------------------------------
[2022-12-04 18:31:59,982] {taskinstance.py:1377} INFO - Executing <Task(BashOperator): hello_task> on 2022-12-04 18:31:58.720734+00:00
[2022-12-04 18:31:59,996] {standard_task_runner.py:52} INFO - Started process 1896 to run task
[2022-12-04 18:32:00,001] {standard_task_runner.py:79} INFO - Running: ['***', 'tasks', 'run', 'first_dag', 'hello_task', 'manual__2022-12-04T18:31:58.720734+00:00', '--job-id', '204', '--raw', '--subdir', 'DAGS_FOLDER/first-dag.py', '--cfg-path', '/tmp/tmpa70jhauj', '--error-file', '/tmp/tmpm6r41xrv']
[2022-12-04 18:32:00,003] {standard_task_runner.py:80} INFO - Job 204: Subtask hello_task
[2022-12-04 18:32:00,096] {task_command.py:369} INFO - Running <TaskInstance: first_dag.hello_task manual__2022-12-04T18:31:58.720734+00:00 [running]> on host fb90b48d1471
[2022-12-04 18:32:00,204] {taskinstance.py:1571} INFO - Exporting the following env vars:
AIRFLOW_CTX_DAG_OWNER=***
AIRFLOW_CTX_DAG_ID=first_dag
AIRFLOW_CTX_TASK_ID=hello_task
AIRFLOW_CTX_EXECUTION_DATE=2022-12-04T18:31:58.720734+00:00
AIRFLOW_CTX_TRY_NUMBER=1
AIRFLOW_CTX_DAG_RUN_ID=manual__2022-12-04T18:31:58.720734+00:00
[2022-12-04 18:32:00,208] {subprocess.py:62} INFO - Tmp dir root location: 
 /tmp
[2022-12-04 18:32:00,210] {subprocess.py:74} INFO - Running command: ['bash', '-c', 'echo hello']
[2022-12-04 18:32:00,225] {subprocess.py:85} INFO - Output:
[2022-12-04 18:32:00,228] {subprocess.py:92} INFO - hello
[2022-12-04 18:32:00,230] {subprocess.py:96} INFO - Command exited with return code 0
[2022-12-04 18:32:00,284] {taskinstance.py:1400} INFO - Marking task as SUCCESS. dag_id=first_dag, task_id=hello_task, execution_date=20221204T183158, start_date=20221204T183159, end_date=20221204T183200
[2022-12-04 18:32:00,341] {local_task_job.py:156} INFO - Task exited with return code 0
[2022-12-04 18:32:00,411] {local_task_job.py:273} INFO - 1 downstream tasks scheduled from follow-on schedule check
