[2022-12-04 16:41:35,998] {taskinstance.py:1159} INFO - Dependencies all met for <TaskInstance: first_dag.world scheduled__2022-01-09T00:00:00+00:00 [queued]>
[2022-12-04 16:41:36,053] {taskinstance.py:1159} INFO - Dependencies all met for <TaskInstance: first_dag.world scheduled__2022-01-09T00:00:00+00:00 [queued]>
[2022-12-04 16:41:36,054] {taskinstance.py:1356} INFO - 
--------------------------------------------------------------------------------
[2022-12-04 16:41:36,055] {taskinstance.py:1357} INFO - Starting attempt 1 of 1
[2022-12-04 16:41:36,056] {taskinstance.py:1358} INFO - 
--------------------------------------------------------------------------------
[2022-12-04 16:41:36,149] {taskinstance.py:1377} INFO - Executing <Task(PythonOperator): world> on 2022-01-09 00:00:00+00:00
[2022-12-04 16:41:36,169] {standard_task_runner.py:52} INFO - Started process 811 to run task
[2022-12-04 16:41:36,185] {standard_task_runner.py:79} INFO - Running: ['***', 'tasks', 'run', 'first_dag', 'world', 'scheduled__2022-01-09T00:00:00+00:00', '--job-id', '123', '--raw', '--subdir', 'DAGS_FOLDER/first-dag.py', '--cfg-path', '/tmp/tmpxi6w_tbi', '--error-file', '/tmp/tmp0hr1b9gr']
[2022-12-04 16:41:36,191] {standard_task_runner.py:80} INFO - Job 123: Subtask world
[2022-12-04 16:41:36,424] {task_command.py:369} INFO - Running <TaskInstance: first_dag.world scheduled__2022-01-09T00:00:00+00:00 [running]> on host fb90b48d1471
[2022-12-04 16:41:36,614] {taskinstance.py:1571} INFO - Exporting the following env vars:
AIRFLOW_CTX_DAG_OWNER=***
AIRFLOW_CTX_DAG_ID=first_dag
AIRFLOW_CTX_TASK_ID=world
AIRFLOW_CTX_EXECUTION_DATE=2022-01-09T00:00:00+00:00
AIRFLOW_CTX_TRY_NUMBER=1
AIRFLOW_CTX_DAG_RUN_ID=scheduled__2022-01-09T00:00:00+00:00
[2022-12-04 16:41:36,617] {logging_mixin.py:115} INFO - Airflow
[2022-12-04 16:41:36,618] {python.py:173} INFO - Done. Returned value was: None
[2022-12-04 16:41:36,658] {taskinstance.py:1400} INFO - Marking task as SUCCESS. dag_id=first_dag, task_id=world, execution_date=20220109T000000, start_date=20221204T164136, end_date=20221204T164136
[2022-12-04 16:41:36,716] {local_task_job.py:156} INFO - Task exited with return code 0
[2022-12-04 16:41:36,807] {local_task_job.py:273} INFO - 0 downstream tasks scheduled from follow-on schedule check
