[2022-12-11 20:24:16,474] {taskinstance.py:1159} INFO - Dependencies all met for <TaskInstance: first_dag.branch_operator manual__2022-12-11T20:23:20.120434+00:00 [queued]>
[2022-12-11 20:24:16,558] {taskinstance.py:1159} INFO - Dependencies all met for <TaskInstance: first_dag.branch_operator manual__2022-12-11T20:23:20.120434+00:00 [queued]>
[2022-12-11 20:24:16,559] {taskinstance.py:1356} INFO - 
--------------------------------------------------------------------------------
[2022-12-11 20:24:16,560] {taskinstance.py:1357} INFO - Starting attempt 1 of 1
[2022-12-11 20:24:16,561] {taskinstance.py:1358} INFO - 
--------------------------------------------------------------------------------
[2022-12-11 20:24:16,635] {taskinstance.py:1377} INFO - Executing <Task(BranchPythonOperator): branch_operator> on 2022-12-11 20:23:20.120434+00:00
[2022-12-11 20:24:16,645] {standard_task_runner.py:52} INFO - Started process 5890 to run task
[2022-12-11 20:24:16,680] {standard_task_runner.py:79} INFO - Running: ['***', 'tasks', 'run', 'first_dag', 'branch_operator', 'manual__2022-12-11T20:23:20.120434+00:00', '--job-id', '1420', '--raw', '--subdir', 'DAGS_FOLDER/first-dag.py', '--cfg-path', '/tmp/tmph70rg_tm', '--error-file', '/tmp/tmp7kvy49ox']
[2022-12-11 20:24:16,685] {standard_task_runner.py:80} INFO - Job 1420: Subtask branch_operator
[2022-12-11 20:24:17,193] {task_command.py:369} INFO - Running <TaskInstance: first_dag.branch_operator manual__2022-12-11T20:23:20.120434+00:00 [running]> on host 7e39590a7807
[2022-12-11 20:24:17,902] {taskinstance.py:1571} INFO - Exporting the following env vars:
AIRFLOW_CTX_DAG_OWNER=***
AIRFLOW_CTX_DAG_ID=first_dag
AIRFLOW_CTX_TASK_ID=branch_operator
AIRFLOW_CTX_EXECUTION_DATE=2022-12-11T20:23:20.120434+00:00
AIRFLOW_CTX_TRY_NUMBER=1
AIRFLOW_CTX_DAG_RUN_ID=manual__2022-12-11T20:23:20.120434+00:00
[2022-12-11 20:24:18,107] {python.py:173} INFO - Done. Returned value was: create_task_table
[2022-12-11 20:24:18,122] {skipmixin.py:140} INFO - Following branch create_task_table
[2022-12-11 20:24:18,127] {skipmixin.py:175} INFO - Skipping tasks ['bash_error']
[2022-12-11 20:24:18,622] {taskinstance.py:1400} INFO - Marking task as SUCCESS. dag_id=first_dag, task_id=branch_operator, execution_date=20221211T202320, start_date=20221211T202416, end_date=20221211T202418
[2022-12-11 20:24:18,765] {local_task_job.py:156} INFO - Task exited with return code 0
[2022-12-11 20:24:18,892] {local_task_job.py:273} INFO - 0 downstream tasks scheduled from follow-on schedule check
