[2022-12-11 20:00:31,308] {taskinstance.py:1159} INFO - Dependencies all met for <TaskInstance: first_dag.branch_operator manual__2022-12-11T19:59:53.805292+00:00 [queued]>
[2022-12-11 20:00:31,327] {taskinstance.py:1159} INFO - Dependencies all met for <TaskInstance: first_dag.branch_operator manual__2022-12-11T19:59:53.805292+00:00 [queued]>
[2022-12-11 20:00:31,328] {taskinstance.py:1356} INFO - 
--------------------------------------------------------------------------------
[2022-12-11 20:00:31,329] {taskinstance.py:1357} INFO - Starting attempt 1 of 1
[2022-12-11 20:00:31,331] {taskinstance.py:1358} INFO - 
--------------------------------------------------------------------------------
[2022-12-11 20:00:31,351] {taskinstance.py:1377} INFO - Executing <Task(BranchPythonOperator): branch_operator> on 2022-12-11 19:59:53.805292+00:00
[2022-12-11 20:00:31,360] {standard_task_runner.py:52} INFO - Started process 5429 to run task
[2022-12-11 20:00:31,372] {standard_task_runner.py:79} INFO - Running: ['***', 'tasks', 'run', 'first_dag', 'branch_operator', 'manual__2022-12-11T19:59:53.805292+00:00', '--job-id', '1332', '--raw', '--subdir', 'DAGS_FOLDER/first-dag.py', '--cfg-path', '/tmp/tmpqgb37au_', '--error-file', '/tmp/tmp14jb1qei']
[2022-12-11 20:00:31,376] {standard_task_runner.py:80} INFO - Job 1332: Subtask branch_operator
[2022-12-11 20:00:31,481] {task_command.py:369} INFO - Running <TaskInstance: first_dag.branch_operator manual__2022-12-11T19:59:53.805292+00:00 [running]> on host 7e39590a7807
[2022-12-11 20:00:31,590] {taskinstance.py:1571} INFO - Exporting the following env vars:
AIRFLOW_CTX_DAG_OWNER=***
AIRFLOW_CTX_DAG_ID=first_dag
AIRFLOW_CTX_TASK_ID=branch_operator
AIRFLOW_CTX_EXECUTION_DATE=2022-12-11T19:59:53.805292+00:00
AIRFLOW_CTX_TRY_NUMBER=1
AIRFLOW_CTX_DAG_RUN_ID=manual__2022-12-11T19:59:53.805292+00:00
[2022-12-11 20:00:31,609] {python.py:173} INFO - Done. Returned value was: create_task_table
[2022-12-11 20:00:31,610] {skipmixin.py:140} INFO - Following branch create_task_table
[2022-12-11 20:00:31,613] {skipmixin.py:175} INFO - Skipping tasks ['bash_error']
[2022-12-11 20:00:31,678] {taskinstance.py:1400} INFO - Marking task as SUCCESS. dag_id=first_dag, task_id=branch_operator, execution_date=20221211T195953, start_date=20221211T200031, end_date=20221211T200031
[2022-12-11 20:00:31,702] {local_task_job.py:156} INFO - Task exited with return code 0
[2022-12-11 20:00:31,755] {local_task_job.py:273} INFO - 1 downstream tasks scheduled from follow-on schedule check
