[2022-12-11 20:23:31,099] {taskinstance.py:1159} INFO - Dependencies all met for <TaskInstance: first_dag.wait_for_file manual__2022-12-11T20:23:17.573147+00:00 [queued]>
[2022-12-11 20:23:31,154] {taskinstance.py:1159} INFO - Dependencies all met for <TaskInstance: first_dag.wait_for_file manual__2022-12-11T20:23:17.573147+00:00 [queued]>
[2022-12-11 20:23:31,158] {taskinstance.py:1356} INFO - 
--------------------------------------------------------------------------------
[2022-12-11 20:23:31,161] {taskinstance.py:1357} INFO - Starting attempt 1 of 3
[2022-12-11 20:23:31,162] {taskinstance.py:1358} INFO - 
--------------------------------------------------------------------------------
[2022-12-11 20:23:31,289] {taskinstance.py:1377} INFO - Executing <Task(PythonSensor): wait_for_file> on 2022-12-11 20:23:17.573147+00:00
[2022-12-11 20:23:31,314] {standard_task_runner.py:52} INFO - Started process 5840 to run task
[2022-12-11 20:23:31,337] {standard_task_runner.py:79} INFO - Running: ['***', 'tasks', 'run', 'first_dag', 'wait_for_file', 'manual__2022-12-11T20:23:17.573147+00:00', '--job-id', '1399', '--raw', '--subdir', 'DAGS_FOLDER/first-dag.py', '--cfg-path', '/tmp/tmpg80754x7', '--error-file', '/tmp/tmpvc1lf9i4']
[2022-12-11 20:23:31,342] {standard_task_runner.py:80} INFO - Job 1399: Subtask wait_for_file
[2022-12-11 20:23:31,921] {task_command.py:369} INFO - Running <TaskInstance: first_dag.wait_for_file manual__2022-12-11T20:23:17.573147+00:00 [running]> on host 7e39590a7807
[2022-12-11 20:23:46,974] {taskinstance.py:1571} INFO - Exporting the following env vars:
AIRFLOW_CTX_DAG_OWNER=***
AIRFLOW_CTX_DAG_ID=first_dag
AIRFLOW_CTX_TASK_ID=wait_for_file
AIRFLOW_CTX_EXECUTION_DATE=2022-12-11T20:23:17.573147+00:00
AIRFLOW_CTX_TRY_NUMBER=1
AIRFLOW_CTX_DAG_RUN_ID=manual__2022-12-11T20:23:17.573147+00:00
[2022-12-11 20:23:46,979] {python.py:66} INFO - Poking callable: <function _wait_for_file at 0x7f6cec7ab5f0>
[2022-12-11 20:23:47,275] {logging_mixin.py:115} INFO - _wait_for_file True
[2022-12-11 20:24:08,247] {python.py:66} INFO - Poking callable: <function _wait_for_file at 0x7f6cec7ab5f0>
[2022-12-11 20:24:08,952] {logging_mixin.py:115} INFO - _wait_for_file True
[2022-12-11 20:24:09,000] {base.py:301} INFO - Success criteria met. Exiting.
[2022-12-11 20:24:09,490] {taskinstance.py:1400} INFO - Marking task as SUCCESS. dag_id=first_dag, task_id=wait_for_file, execution_date=20221211T202317, start_date=20221211T202331, end_date=20221211T202409
[2022-12-11 20:24:09,965] {local_task_job.py:156} INFO - Task exited with return code 0
[2022-12-11 20:24:10,582] {local_task_job.py:273} INFO - 1 downstream tasks scheduled from follow-on schedule check
