[2022-12-11 14:33:50,384] {taskinstance.py:1159} INFO - Dependencies all met for <TaskInstance: first_dag.sum_column_task manual__2022-12-11T14:33:46.349207+00:00 [queued]>
[2022-12-11 14:33:50,397] {taskinstance.py:1159} INFO - Dependencies all met for <TaskInstance: first_dag.sum_column_task manual__2022-12-11T14:33:46.349207+00:00 [queued]>
[2022-12-11 14:33:50,398] {taskinstance.py:1356} INFO - 
--------------------------------------------------------------------------------
[2022-12-11 14:33:50,399] {taskinstance.py:1357} INFO - Starting attempt 1 of 1
[2022-12-11 14:33:50,400] {taskinstance.py:1358} INFO - 
--------------------------------------------------------------------------------
[2022-12-11 14:33:50,418] {taskinstance.py:1377} INFO - Executing <Task(PythonOperator): sum_column_task> on 2022-12-11 14:33:46.349207+00:00
[2022-12-11 14:33:50,423] {standard_task_runner.py:52} INFO - Started process 905 to run task
[2022-12-11 14:33:50,427] {standard_task_runner.py:79} INFO - Running: ['***', 'tasks', 'run', 'first_dag', 'sum_column_task', 'manual__2022-12-11T14:33:46.349207+00:00', '--job-id', '501', '--raw', '--subdir', 'DAGS_FOLDER/first-dag.py', '--cfg-path', '/tmp/tmpt3s4ixo6', '--error-file', '/tmp/tmpb_uwgv1c']
[2022-12-11 14:33:50,429] {standard_task_runner.py:80} INFO - Job 501: Subtask sum_column_task
[2022-12-11 14:33:50,509] {task_command.py:369} INFO - Running <TaskInstance: first_dag.sum_column_task manual__2022-12-11T14:33:46.349207+00:00 [running]> on host 7e39590a7807
[2022-12-11 14:33:50,604] {taskinstance.py:1571} INFO - Exporting the following env vars:
AIRFLOW_CTX_DAG_OWNER=***
AIRFLOW_CTX_DAG_ID=first_dag
AIRFLOW_CTX_TASK_ID=sum_column_task
AIRFLOW_CTX_EXECUTION_DATE=2022-12-11T14:33:46.349207+00:00
AIRFLOW_CTX_TRY_NUMBER=1
AIRFLOW_CTX_DAG_RUN_ID=manual__2022-12-11T14:33:46.349207+00:00
[2022-12-11 14:33:50,624] {python.py:173} INFO - Done. Returned value was: -474
[2022-12-11 14:33:50,662] {taskinstance.py:1400} INFO - Marking task as SUCCESS. dag_id=first_dag, task_id=sum_column_task, execution_date=20221211T143346, start_date=20221211T143350, end_date=20221211T143350
[2022-12-11 14:33:50,692] {local_task_job.py:156} INFO - Task exited with return code 0
[2022-12-11 14:33:50,735] {local_task_job.py:273} INFO - 0 downstream tasks scheduled from follow-on schedule check
