[2022-12-12 05:26:04,877] {taskinstance.py:1159} INFO - Dependencies all met for <TaskInstance: first_dag.insert_data manual__2022-12-12T05:25:34.742287+00:00 [queued]>
[2022-12-12 05:26:05,025] {taskinstance.py:1159} INFO - Dependencies all met for <TaskInstance: first_dag.insert_data manual__2022-12-12T05:25:34.742287+00:00 [queued]>
[2022-12-12 05:26:05,027] {taskinstance.py:1356} INFO - 
--------------------------------------------------------------------------------
[2022-12-12 05:26:05,029] {taskinstance.py:1357} INFO - Starting attempt 1 of 1
[2022-12-12 05:26:05,030] {taskinstance.py:1358} INFO - 
--------------------------------------------------------------------------------
[2022-12-12 05:26:05,235] {taskinstance.py:1377} INFO - Executing <Task(PythonOperator): insert_data> on 2022-12-12 05:25:34.742287+00:00
[2022-12-12 05:26:05,295] {standard_task_runner.py:52} INFO - Started process 7779 to run task
[2022-12-12 05:26:05,548] {standard_task_runner.py:79} INFO - Running: ['***', 'tasks', 'run', 'first_dag', 'insert_data', 'manual__2022-12-12T05:25:34.742287+00:00', '--job-id', '1643', '--raw', '--subdir', 'DAGS_FOLDER/first-dag.py', '--cfg-path', '/tmp/tmpzpfm1zyu', '--error-file', '/tmp/tmpaq1v09s0']
[2022-12-12 05:26:05,620] {standard_task_runner.py:80} INFO - Job 1643: Subtask insert_data
[2022-12-12 05:26:06,508] {task_command.py:369} INFO - Running <TaskInstance: first_dag.insert_data manual__2022-12-12T05:25:34.742287+00:00 [running]> on host 7e39590a7807
[2022-12-12 05:26:09,303] {taskinstance.py:1571} INFO - Exporting the following env vars:
AIRFLOW_CTX_DAG_OWNER=***
AIRFLOW_CTX_DAG_ID=first_dag
AIRFLOW_CTX_TASK_ID=insert_data
AIRFLOW_CTX_EXECUTION_DATE=2022-12-12T05:25:34.742287+00:00
AIRFLOW_CTX_TRY_NUMBER=1
AIRFLOW_CTX_DAG_RUN_ID=manual__2022-12-12T05:25:34.742287+00:00
[2022-12-12 05:26:09,433] {base.py:68} INFO - Using connection ID 'db' for task execution.
[2022-12-12 05:26:09,496] {logging_mixin.py:115} INFO - insert into task(value_1, value_2) VALUES (2,1
);insert into task(value_1, value_2) VALUES (2,1
);insert into task(value_1, value_2) VALUES (10,5
);
[2022-12-12 05:26:09,521] {logging_mixin.py:115} INFO - PostgreSQL connection is closed
[2022-12-12 05:26:09,536] {taskinstance.py:1889} ERROR - Task failed with exception
Traceback (most recent call last):
  File "/home/airflow/.local/lib/python3.7/site-packages/airflow/operators/python.py", line 171, in execute
    return_value = self.execute_callable()
  File "/home/airflow/.local/lib/python3.7/site-packages/airflow/operators/python.py", line 189, in execute_callable
    return self.python_callable(*self.op_args, **self.op_kwargs)
  File "/opt/airflow/dags/first-dag.py", line 41, in insert_data_to_db
    cursor.execute(sql)
psycopg2.errors.UndefinedTable: relation "task" does not exist
LINE 1: insert into task(value_1, value_2) VALUES (2,1
                    ^

[2022-12-12 05:26:09,663] {taskinstance.py:1400} INFO - Marking task as FAILED. dag_id=first_dag, task_id=insert_data, execution_date=20221212T052534, start_date=20221212T052604, end_date=20221212T052609
[2022-12-12 05:26:09,835] {standard_task_runner.py:97} ERROR - Failed to execute job 1643 for task insert_data (relation "task" does not exist
LINE 1: insert into task(value_1, value_2) VALUES (2,1
                    ^
; 7779)
[2022-12-12 05:26:09,903] {local_task_job.py:156} INFO - Task exited with return code 1
[2022-12-12 05:26:10,698] {local_task_job.py:273} INFO - 0 downstream tasks scheduled from follow-on schedule check
