[2022-12-04 16:41:22,585] {taskinstance.py:1159} INFO - Dependencies all met for <TaskInstance: first_dag.world scheduled__2021-01-01T22:10:00+00:00 [queued]>
[2022-12-04 16:41:22,626] {taskinstance.py:1159} INFO - Dependencies all met for <TaskInstance: first_dag.world scheduled__2021-01-01T22:10:00+00:00 [queued]>
[2022-12-04 16:41:22,627] {taskinstance.py:1356} INFO - 
--------------------------------------------------------------------------------
[2022-12-04 16:41:22,628] {taskinstance.py:1357} INFO - Starting attempt 1 of 1
[2022-12-04 16:41:22,629] {taskinstance.py:1358} INFO - 
--------------------------------------------------------------------------------
[2022-12-04 16:41:22,666] {taskinstance.py:1377} INFO - Executing <Task(PythonOperator): world> on 2021-01-01 22:10:00+00:00
[2022-12-04 16:41:22,671] {standard_task_runner.py:52} INFO - Started process 756 to run task
[2022-12-04 16:41:22,701] {standard_task_runner.py:79} INFO - Running: ['***', 'tasks', 'run', 'first_dag', 'world', 'scheduled__2021-01-01T22:10:00+00:00', '--job-id', '103', '--raw', '--subdir', 'DAGS_FOLDER/first-dag.py', '--cfg-path', '/tmp/tmp0_y6g9w6', '--error-file', '/tmp/tmpibeh1m4a']
[2022-12-04 16:41:22,704] {standard_task_runner.py:80} INFO - Job 103: Subtask world
[2022-12-04 16:41:22,909] {task_command.py:369} INFO - Running <TaskInstance: first_dag.world scheduled__2021-01-01T22:10:00+00:00 [running]> on host fb90b48d1471
[2022-12-04 16:41:23,115] {taskinstance.py:1571} INFO - Exporting the following env vars:
AIRFLOW_CTX_DAG_OWNER=***
AIRFLOW_CTX_DAG_ID=first_dag
AIRFLOW_CTX_TASK_ID=world
AIRFLOW_CTX_EXECUTION_DATE=2021-01-01T22:10:00+00:00
AIRFLOW_CTX_TRY_NUMBER=1
AIRFLOW_CTX_DAG_RUN_ID=scheduled__2021-01-01T22:10:00+00:00
[2022-12-04 16:41:23,117] {logging_mixin.py:115} INFO - Airflow
[2022-12-04 16:41:23,118] {python.py:173} INFO - Done. Returned value was: None
[2022-12-04 16:41:23,147] {taskinstance.py:1400} INFO - Marking task as SUCCESS. dag_id=first_dag, task_id=world, execution_date=20210101T221000, start_date=20221204T164122, end_date=20221204T164123
[2022-12-04 16:41:23,226] {local_task_job.py:156} INFO - Task exited with return code 0
[2022-12-04 16:41:23,317] {local_task_job.py:273} INFO - 0 downstream tasks scheduled from follow-on schedule check
