[2022-12-11 14:38:25,391] {taskinstance.py:1159} INFO - Dependencies all met for <TaskInstance: first_dag.write_diff_task manual__2022-12-11T14:38:20.076199+00:00 [queued]>
[2022-12-11 14:38:25,411] {taskinstance.py:1159} INFO - Dependencies all met for <TaskInstance: first_dag.write_diff_task manual__2022-12-11T14:38:20.076199+00:00 [queued]>
[2022-12-11 14:38:25,415] {taskinstance.py:1356} INFO - 
--------------------------------------------------------------------------------
[2022-12-11 14:38:25,416] {taskinstance.py:1357} INFO - Starting attempt 1 of 1
[2022-12-11 14:38:25,417] {taskinstance.py:1358} INFO - 
--------------------------------------------------------------------------------
[2022-12-11 14:38:25,438] {taskinstance.py:1377} INFO - Executing <Task(PythonOperator): write_diff_task> on 2022-12-11 14:38:20.076199+00:00
[2022-12-11 14:38:25,443] {standard_task_runner.py:52} INFO - Started process 1120 to run task
[2022-12-11 14:38:25,452] {standard_task_runner.py:79} INFO - Running: ['***', 'tasks', 'run', 'first_dag', 'write_diff_task', 'manual__2022-12-11T14:38:20.076199+00:00', '--job-id', '556', '--raw', '--subdir', 'DAGS_FOLDER/first-dag.py', '--cfg-path', '/tmp/tmpnmaoy76m', '--error-file', '/tmp/tmpbcptw_ez']
[2022-12-11 14:38:25,454] {standard_task_runner.py:80} INFO - Job 556: Subtask write_diff_task
[2022-12-11 14:38:25,544] {task_command.py:369} INFO - Running <TaskInstance: first_dag.write_diff_task manual__2022-12-11T14:38:20.076199+00:00 [running]> on host 7e39590a7807
[2022-12-11 14:38:25,646] {taskinstance.py:1571} INFO - Exporting the following env vars:
AIRFLOW_CTX_DAG_OWNER=***
AIRFLOW_CTX_DAG_ID=first_dag
AIRFLOW_CTX_TASK_ID=write_diff_task
AIRFLOW_CTX_EXECUTION_DATE=2022-12-11T14:38:20.076199+00:00
AIRFLOW_CTX_TRY_NUMBER=1
AIRFLOW_CTX_DAG_RUN_ID=manual__2022-12-11T14:38:20.076199+00:00
[2022-12-11 14:38:25,684] {logging_mixin.py:115} INFO - res 0
[2022-12-11 14:38:25,686] {python.py:173} INFO - Done. Returned value was: None
[2022-12-11 14:38:25,704] {taskinstance.py:1400} INFO - Marking task as SUCCESS. dag_id=first_dag, task_id=write_diff_task, execution_date=20221211T143820, start_date=20221211T143825, end_date=20221211T143825
[2022-12-11 14:38:25,747] {local_task_job.py:156} INFO - Task exited with return code 0
[2022-12-11 14:38:25,801] {local_task_job.py:273} INFO - 0 downstream tasks scheduled from follow-on schedule check
