[2022-12-11 17:09:00,803] {taskinstance.py:1159} INFO - Dependencies all met for <TaskInstance: first_dag.hello_task manual__2022-12-11T17:08:58.815487+00:00 [queued]>
[2022-12-11 17:09:00,835] {taskinstance.py:1159} INFO - Dependencies all met for <TaskInstance: first_dag.hello_task manual__2022-12-11T17:08:58.815487+00:00 [queued]>
[2022-12-11 17:09:00,837] {taskinstance.py:1356} INFO - 
--------------------------------------------------------------------------------
[2022-12-11 17:09:00,839] {taskinstance.py:1357} INFO - Starting attempt 1 of 1
[2022-12-11 17:09:00,843] {taskinstance.py:1358} INFO - 
--------------------------------------------------------------------------------
[2022-12-11 17:09:00,879] {taskinstance.py:1377} INFO - Executing <Task(BashOperator): hello_task> on 2022-12-11 17:08:58.815487+00:00
[2022-12-11 17:09:00,887] {standard_task_runner.py:52} INFO - Started process 3685 to run task
[2022-12-11 17:09:00,908] {standard_task_runner.py:79} INFO - Running: ['***', 'tasks', 'run', 'first_dag', 'hello_task', 'manual__2022-12-11T17:08:58.815487+00:00', '--job-id', '1073', '--raw', '--subdir', 'DAGS_FOLDER/first-dag.py', '--cfg-path', '/tmp/tmpg1jv0_p5', '--error-file', '/tmp/tmpi8de0dsl']
[2022-12-11 17:09:00,914] {standard_task_runner.py:80} INFO - Job 1073: Subtask hello_task
[2022-12-11 17:09:01,082] {task_command.py:369} INFO - Running <TaskInstance: first_dag.hello_task manual__2022-12-11T17:08:58.815487+00:00 [running]> on host 7e39590a7807
[2022-12-11 17:09:01,621] {taskinstance.py:1571} INFO - Exporting the following env vars:
AIRFLOW_CTX_DAG_OWNER=***
AIRFLOW_CTX_DAG_ID=first_dag
AIRFLOW_CTX_TASK_ID=hello_task
AIRFLOW_CTX_EXECUTION_DATE=2022-12-11T17:08:58.815487+00:00
AIRFLOW_CTX_TRY_NUMBER=1
AIRFLOW_CTX_DAG_RUN_ID=manual__2022-12-11T17:08:58.815487+00:00
[2022-12-11 17:09:01,626] {subprocess.py:62} INFO - Tmp dir root location: 
 /tmp
[2022-12-11 17:09:01,631] {subprocess.py:74} INFO - Running command: ['bash', '-c', 'echo hello']
[2022-12-11 17:09:01,716] {subprocess.py:85} INFO - Output:
[2022-12-11 17:09:01,735] {subprocess.py:92} INFO - hello
[2022-12-11 17:09:01,738] {subprocess.py:96} INFO - Command exited with return code 0
[2022-12-11 17:09:01,957] {taskinstance.py:1400} INFO - Marking task as SUCCESS. dag_id=first_dag, task_id=hello_task, execution_date=20221211T170858, start_date=20221211T170900, end_date=20221211T170901
[2022-12-11 17:09:02,132] {local_task_job.py:156} INFO - Task exited with return code 0
[2022-12-11 17:09:02,326] {local_task_job.py:273} INFO - 0 downstream tasks scheduled from follow-on schedule check
