[2022-12-11 14:28:01,136] {taskinstance.py:1159} INFO - Dependencies all met for <TaskInstance: first_dag.write_diff_task scheduled__2022-12-11T14:27:00+00:00 [queued]>
[2022-12-11 14:28:01,167] {taskinstance.py:1159} INFO - Dependencies all met for <TaskInstance: first_dag.write_diff_task scheduled__2022-12-11T14:27:00+00:00 [queued]>
[2022-12-11 14:28:01,168] {taskinstance.py:1356} INFO - 
--------------------------------------------------------------------------------
[2022-12-11 14:28:01,169] {taskinstance.py:1357} INFO - Starting attempt 1 of 1
[2022-12-11 14:28:01,171] {taskinstance.py:1358} INFO - 
--------------------------------------------------------------------------------
[2022-12-11 14:28:01,193] {taskinstance.py:1377} INFO - Executing <Task(PythonOperator): write_diff_task> on 2022-12-11 14:27:00+00:00
[2022-12-11 14:28:01,198] {standard_task_runner.py:52} INFO - Started process 738 to run task
[2022-12-11 14:28:01,210] {standard_task_runner.py:79} INFO - Running: ['***', 'tasks', 'run', 'first_dag', 'write_diff_task', 'scheduled__2022-12-11T14:27:00+00:00', '--job-id', '458', '--raw', '--subdir', 'DAGS_FOLDER/first-dag.py', '--cfg-path', '/tmp/tmp1cam4j0n', '--error-file', '/tmp/tmpo7h9qw8i']
[2022-12-11 14:28:01,213] {standard_task_runner.py:80} INFO - Job 458: Subtask write_diff_task
[2022-12-11 14:28:01,308] {task_command.py:369} INFO - Running <TaskInstance: first_dag.write_diff_task scheduled__2022-12-11T14:27:00+00:00 [running]> on host 7e39590a7807
[2022-12-11 14:28:01,440] {taskinstance.py:1571} INFO - Exporting the following env vars:
AIRFLOW_CTX_DAG_OWNER=***
AIRFLOW_CTX_DAG_ID=first_dag
AIRFLOW_CTX_TASK_ID=write_diff_task
AIRFLOW_CTX_EXECUTION_DATE=2022-12-11T14:27:00+00:00
AIRFLOW_CTX_TRY_NUMBER=1
AIRFLOW_CTX_DAG_RUN_ID=scheduled__2022-12-11T14:27:00+00:00
[2022-12-11 14:28:01,476] {python.py:173} INFO - Done. Returned value was: None
[2022-12-11 14:28:01,497] {taskinstance.py:1400} INFO - Marking task as SUCCESS. dag_id=first_dag, task_id=write_diff_task, execution_date=20221211T142700, start_date=20221211T142801, end_date=20221211T142801
[2022-12-11 14:28:01,541] {local_task_job.py:156} INFO - Task exited with return code 0
[2022-12-11 14:28:01,601] {local_task_job.py:273} INFO - 0 downstream tasks scheduled from follow-on schedule check
