[2022-12-11 17:21:43,611] {taskinstance.py:1159} INFO - Dependencies all met for <TaskInstance: first_dag.write_diff_task scheduled__2022-12-11T17:20:00+00:00 [queued]>
[2022-12-11 17:21:43,647] {taskinstance.py:1159} INFO - Dependencies all met for <TaskInstance: first_dag.write_diff_task scheduled__2022-12-11T17:20:00+00:00 [queued]>
[2022-12-11 17:21:43,650] {taskinstance.py:1356} INFO - 
--------------------------------------------------------------------------------
[2022-12-11 17:21:43,654] {taskinstance.py:1357} INFO - Starting attempt 1 of 1
[2022-12-11 17:21:43,659] {taskinstance.py:1358} INFO - 
--------------------------------------------------------------------------------
[2022-12-11 17:21:43,718] {taskinstance.py:1377} INFO - Executing <Task(PythonOperator): write_diff_task> on 2022-12-11 17:20:00+00:00
[2022-12-11 17:21:43,742] {standard_task_runner.py:52} INFO - Started process 3818 to run task
[2022-12-11 17:21:43,770] {standard_task_runner.py:79} INFO - Running: ['***', 'tasks', 'run', 'first_dag', 'write_diff_task', 'scheduled__2022-12-11T17:20:00+00:00', '--job-id', '1102', '--raw', '--subdir', 'DAGS_FOLDER/first-dag.py', '--cfg-path', '/tmp/tmpeji6yvsw', '--error-file', '/tmp/tmpkzmr0h8b']
[2022-12-11 17:21:43,777] {standard_task_runner.py:80} INFO - Job 1102: Subtask write_diff_task
[2022-12-11 17:21:43,963] {task_command.py:369} INFO - Running <TaskInstance: first_dag.write_diff_task scheduled__2022-12-11T17:20:00+00:00 [running]> on host 7e39590a7807
[2022-12-11 17:21:44,202] {taskinstance.py:1571} INFO - Exporting the following env vars:
AIRFLOW_CTX_DAG_OWNER=***
AIRFLOW_CTX_DAG_ID=first_dag
AIRFLOW_CTX_TASK_ID=write_diff_task
AIRFLOW_CTX_EXECUTION_DATE=2022-12-11T17:20:00+00:00
AIRFLOW_CTX_TRY_NUMBER=1
AIRFLOW_CTX_DAG_RUN_ID=scheduled__2022-12-11T17:20:00+00:00
[2022-12-11 17:26:29,357] {python.py:173} INFO - Done. Returned value was: None
[2022-12-11 17:26:40,685] {taskinstance.py:1400} INFO - Marking task as SUCCESS. dag_id=first_dag, task_id=write_diff_task, execution_date=20221211T172000, start_date=20221211T172143, end_date=20221211T172640
[2022-12-11 17:26:46,711] {local_task_job.py:156} INFO - Task exited with return code 0
[2022-12-11 17:26:55,714] {local_task_job.py:273} INFO - 1 downstream tasks scheduled from follow-on schedule check
