[2022-12-11 20:24:00,571] {taskinstance.py:1159} INFO - Dependencies all met for <TaskInstance: first_dag.branch_operator manual__2022-12-11T20:23:22.398912+00:00 [queued]>
[2022-12-11 20:24:00,631] {taskinstance.py:1159} INFO - Dependencies all met for <TaskInstance: first_dag.branch_operator manual__2022-12-11T20:23:22.398912+00:00 [queued]>
[2022-12-11 20:24:00,635] {taskinstance.py:1356} INFO - 
--------------------------------------------------------------------------------
[2022-12-11 20:24:00,637] {taskinstance.py:1357} INFO - Starting attempt 1 of 1
[2022-12-11 20:24:00,638] {taskinstance.py:1358} INFO - 
--------------------------------------------------------------------------------
[2022-12-11 20:24:00,699] {taskinstance.py:1377} INFO - Executing <Task(BranchPythonOperator): branch_operator> on 2022-12-11 20:23:22.398912+00:00
[2022-12-11 20:24:00,721] {standard_task_runner.py:52} INFO - Started process 5874 to run task
[2022-12-11 20:24:00,831] {standard_task_runner.py:79} INFO - Running: ['***', 'tasks', 'run', 'first_dag', 'branch_operator', 'manual__2022-12-11T20:23:22.398912+00:00', '--job-id', '1414', '--raw', '--subdir', 'DAGS_FOLDER/first-dag.py', '--cfg-path', '/tmp/tmpncleb36r', '--error-file', '/tmp/tmpicuk3yxa']
[2022-12-11 20:24:00,862] {standard_task_runner.py:80} INFO - Job 1414: Subtask branch_operator
[2022-12-11 20:24:09,374] {task_command.py:369} INFO - Running <TaskInstance: first_dag.branch_operator manual__2022-12-11T20:23:22.398912+00:00 [running]> on host 7e39590a7807
[2022-12-11 20:24:10,417] {taskinstance.py:1571} INFO - Exporting the following env vars:
AIRFLOW_CTX_DAG_OWNER=***
AIRFLOW_CTX_DAG_ID=first_dag
AIRFLOW_CTX_TASK_ID=branch_operator
AIRFLOW_CTX_EXECUTION_DATE=2022-12-11T20:23:22.398912+00:00
AIRFLOW_CTX_TRY_NUMBER=1
AIRFLOW_CTX_DAG_RUN_ID=manual__2022-12-11T20:23:22.398912+00:00
[2022-12-11 20:24:10,502] {python.py:173} INFO - Done. Returned value was: create_task_table
[2022-12-11 20:24:10,505] {skipmixin.py:140} INFO - Following branch create_task_table
[2022-12-11 20:24:10,507] {skipmixin.py:175} INFO - Skipping tasks ['bash_error']
[2022-12-11 20:24:10,873] {taskinstance.py:1400} INFO - Marking task as SUCCESS. dag_id=first_dag, task_id=branch_operator, execution_date=20221211T202322, start_date=20221211T202400, end_date=20221211T202410
[2022-12-11 20:24:11,022] {local_task_job.py:156} INFO - Task exited with return code 0
[2022-12-11 20:24:11,226] {local_task_job.py:273} INFO - 0 downstream tasks scheduled from follow-on schedule check
