[2022-12-11 14:33:00,967] {taskinstance.py:1159} INFO - Dependencies all met for <TaskInstance: first_dag.hello_task scheduled__2022-12-11T14:32:00+00:00 [queued]>
[2022-12-11 14:33:00,994] {taskinstance.py:1159} INFO - Dependencies all met for <TaskInstance: first_dag.hello_task scheduled__2022-12-11T14:32:00+00:00 [queued]>
[2022-12-11 14:33:00,997] {taskinstance.py:1356} INFO - 
--------------------------------------------------------------------------------
[2022-12-11 14:33:01,001] {taskinstance.py:1357} INFO - Starting attempt 1 of 1
[2022-12-11 14:33:01,002] {taskinstance.py:1358} INFO - 
--------------------------------------------------------------------------------
[2022-12-11 14:33:01,065] {taskinstance.py:1377} INFO - Executing <Task(BashOperator): hello_task> on 2022-12-11 14:32:00+00:00
[2022-12-11 14:33:01,075] {standard_task_runner.py:52} INFO - Started process 877 to run task
[2022-12-11 14:33:01,098] {standard_task_runner.py:79} INFO - Running: ['***', 'tasks', 'run', 'first_dag', 'hello_task', 'scheduled__2022-12-11T14:32:00+00:00', '--job-id', '493', '--raw', '--subdir', 'DAGS_FOLDER/first-dag.py', '--cfg-path', '/tmp/tmptd1llruk', '--error-file', '/tmp/tmpjoffo4_2']
[2022-12-11 14:33:01,106] {standard_task_runner.py:80} INFO - Job 493: Subtask hello_task
[2022-12-11 14:33:01,262] {task_command.py:369} INFO - Running <TaskInstance: first_dag.hello_task scheduled__2022-12-11T14:32:00+00:00 [running]> on host 7e39590a7807
[2022-12-11 14:33:01,398] {taskinstance.py:1571} INFO - Exporting the following env vars:
AIRFLOW_CTX_DAG_OWNER=***
AIRFLOW_CTX_DAG_ID=first_dag
AIRFLOW_CTX_TASK_ID=hello_task
AIRFLOW_CTX_EXECUTION_DATE=2022-12-11T14:32:00+00:00
AIRFLOW_CTX_TRY_NUMBER=1
AIRFLOW_CTX_DAG_RUN_ID=scheduled__2022-12-11T14:32:00+00:00
[2022-12-11 14:33:01,404] {subprocess.py:62} INFO - Tmp dir root location: 
 /tmp
[2022-12-11 14:33:01,407] {subprocess.py:74} INFO - Running command: ['bash', '-c', 'echo hello']
[2022-12-11 14:33:01,434] {subprocess.py:85} INFO - Output:
[2022-12-11 14:33:01,443] {subprocess.py:92} INFO - hello
[2022-12-11 14:33:01,444] {subprocess.py:96} INFO - Command exited with return code 0
[2022-12-11 14:33:01,511] {taskinstance.py:1400} INFO - Marking task as SUCCESS. dag_id=first_dag, task_id=hello_task, execution_date=20221211T143200, start_date=20221211T143300, end_date=20221211T143301
[2022-12-11 14:33:01,548] {local_task_job.py:156} INFO - Task exited with return code 0
[2022-12-11 14:33:01,615] {local_task_job.py:273} INFO - 1 downstream tasks scheduled from follow-on schedule check
