[2022-12-04 18:34:06,612] {taskinstance.py:1159} INFO - Dependencies all met for <TaskInstance: first_dag.hello_task manual__2022-12-04T18:34:05.760195+00:00 [queued]>
[2022-12-04 18:34:06,627] {taskinstance.py:1159} INFO - Dependencies all met for <TaskInstance: first_dag.hello_task manual__2022-12-04T18:34:05.760195+00:00 [queued]>
[2022-12-04 18:34:06,628] {taskinstance.py:1356} INFO - 
--------------------------------------------------------------------------------
[2022-12-04 18:34:06,629] {taskinstance.py:1357} INFO - Starting attempt 1 of 1
[2022-12-04 18:34:06,630] {taskinstance.py:1358} INFO - 
--------------------------------------------------------------------------------
[2022-12-04 18:34:06,649] {taskinstance.py:1377} INFO - Executing <Task(BashOperator): hello_task> on 2022-12-04 18:34:05.760195+00:00
[2022-12-04 18:34:06,660] {standard_task_runner.py:52} INFO - Started process 1959 to run task
[2022-12-04 18:34:06,664] {standard_task_runner.py:79} INFO - Running: ['***', 'tasks', 'run', 'first_dag', 'hello_task', 'manual__2022-12-04T18:34:05.760195+00:00', '--job-id', '213', '--raw', '--subdir', 'DAGS_FOLDER/first-dag.py', '--cfg-path', '/tmp/tmpqiqhazg1', '--error-file', '/tmp/tmpxodxm_qd']
[2022-12-04 18:34:06,666] {standard_task_runner.py:80} INFO - Job 213: Subtask hello_task
[2022-12-04 18:34:06,751] {task_command.py:369} INFO - Running <TaskInstance: first_dag.hello_task manual__2022-12-04T18:34:05.760195+00:00 [running]> on host fb90b48d1471
[2022-12-04 18:34:06,855] {taskinstance.py:1571} INFO - Exporting the following env vars:
AIRFLOW_CTX_DAG_OWNER=***
AIRFLOW_CTX_DAG_ID=first_dag
AIRFLOW_CTX_TASK_ID=hello_task
AIRFLOW_CTX_EXECUTION_DATE=2022-12-04T18:34:05.760195+00:00
AIRFLOW_CTX_TRY_NUMBER=1
AIRFLOW_CTX_DAG_RUN_ID=manual__2022-12-04T18:34:05.760195+00:00
[2022-12-04 18:34:06,857] {subprocess.py:62} INFO - Tmp dir root location: 
 /tmp
[2022-12-04 18:34:06,859] {subprocess.py:74} INFO - Running command: ['bash', '-c', 'echo hello']
[2022-12-04 18:34:06,872] {subprocess.py:85} INFO - Output:
[2022-12-04 18:34:06,874] {subprocess.py:92} INFO - hello
[2022-12-04 18:34:06,877] {subprocess.py:96} INFO - Command exited with return code 0
[2022-12-04 18:34:06,916] {taskinstance.py:1400} INFO - Marking task as SUCCESS. dag_id=first_dag, task_id=hello_task, execution_date=20221204T183405, start_date=20221204T183406, end_date=20221204T183406
[2022-12-04 18:34:06,966] {local_task_job.py:156} INFO - Task exited with return code 0
[2022-12-04 18:34:07,038] {local_task_job.py:273} INFO - 1 downstream tasks scheduled from follow-on schedule check
