[2022-12-04 19:36:28,356] {taskinstance.py:1159} INFO - Dependencies all met for <TaskInstance: first_dag.hello_task manual__2022-12-04T19:36:27.696045+00:00 [queued]>
[2022-12-04 19:36:28,374] {taskinstance.py:1159} INFO - Dependencies all met for <TaskInstance: first_dag.hello_task manual__2022-12-04T19:36:27.696045+00:00 [queued]>
[2022-12-04 19:36:28,375] {taskinstance.py:1356} INFO - 
--------------------------------------------------------------------------------
[2022-12-04 19:36:28,376] {taskinstance.py:1357} INFO - Starting attempt 1 of 1
[2022-12-04 19:36:28,377] {taskinstance.py:1358} INFO - 
--------------------------------------------------------------------------------
[2022-12-04 19:36:28,397] {taskinstance.py:1377} INFO - Executing <Task(BashOperator): hello_task> on 2022-12-04 19:36:27.696045+00:00
[2022-12-04 19:36:28,407] {standard_task_runner.py:52} INFO - Started process 589 to run task
[2022-12-04 19:36:28,421] {standard_task_runner.py:79} INFO - Running: ['***', 'tasks', 'run', 'first_dag', 'hello_task', 'manual__2022-12-04T19:36:27.696045+00:00', '--job-id', '291', '--raw', '--subdir', 'DAGS_FOLDER/first-dag.py', '--cfg-path', '/tmp/tmpiz92c3mh', '--error-file', '/tmp/tmpkxyzv8hn']
[2022-12-04 19:36:28,425] {standard_task_runner.py:80} INFO - Job 291: Subtask hello_task
[2022-12-04 19:36:28,514] {task_command.py:369} INFO - Running <TaskInstance: first_dag.hello_task manual__2022-12-04T19:36:27.696045+00:00 [running]> on host 4393b4454aa8
[2022-12-04 19:36:28,643] {taskinstance.py:1571} INFO - Exporting the following env vars:
AIRFLOW_CTX_DAG_OWNER=***
AIRFLOW_CTX_DAG_ID=first_dag
AIRFLOW_CTX_TASK_ID=hello_task
AIRFLOW_CTX_EXECUTION_DATE=2022-12-04T19:36:27.696045+00:00
AIRFLOW_CTX_TRY_NUMBER=1
AIRFLOW_CTX_DAG_RUN_ID=manual__2022-12-04T19:36:27.696045+00:00
[2022-12-04 19:36:28,645] {subprocess.py:62} INFO - Tmp dir root location: 
 /tmp
[2022-12-04 19:36:28,647] {subprocess.py:74} INFO - Running command: ['bash', '-c', 'echo hello']
[2022-12-04 19:36:28,672] {subprocess.py:85} INFO - Output:
[2022-12-04 19:36:28,674] {subprocess.py:92} INFO - hello
[2022-12-04 19:36:28,676] {subprocess.py:96} INFO - Command exited with return code 0
[2022-12-04 19:36:28,738] {taskinstance.py:1400} INFO - Marking task as SUCCESS. dag_id=first_dag, task_id=hello_task, execution_date=20221204T193627, start_date=20221204T193628, end_date=20221204T193628
[2022-12-04 19:36:28,798] {local_task_job.py:156} INFO - Task exited with return code 0
[2022-12-04 19:36:28,877] {local_task_job.py:273} INFO - 1 downstream tasks scheduled from follow-on schedule check
