[2022-12-11 19:44:54,301] {taskinstance.py:1159} INFO - Dependencies all met for <TaskInstance: first_dag.hello_task2 manual__2022-12-11T19:44:29.307471+00:00 [queued]>
[2022-12-11 19:44:54,330] {taskinstance.py:1159} INFO - Dependencies all met for <TaskInstance: first_dag.hello_task2 manual__2022-12-11T19:44:29.307471+00:00 [queued]>
[2022-12-11 19:44:54,331] {taskinstance.py:1356} INFO - 
--------------------------------------------------------------------------------
[2022-12-11 19:44:54,332] {taskinstance.py:1357} INFO - Starting attempt 1 of 1
[2022-12-11 19:44:54,333] {taskinstance.py:1358} INFO - 
--------------------------------------------------------------------------------
[2022-12-11 19:44:54,361] {taskinstance.py:1377} INFO - Executing <Task(BashOperator): hello_task2> on 2022-12-11 19:44:29.307471+00:00
[2022-12-11 19:44:54,366] {standard_task_runner.py:52} INFO - Started process 5160 to run task
[2022-12-11 19:44:54,378] {standard_task_runner.py:79} INFO - Running: ['***', 'tasks', 'run', 'first_dag', 'hello_task2', 'manual__2022-12-11T19:44:29.307471+00:00', '--job-id', '1290', '--raw', '--subdir', 'DAGS_FOLDER/first-dag.py', '--cfg-path', '/tmp/tmpe3u23f98', '--error-file', '/tmp/tmp07hwmq0j']
[2022-12-11 19:44:54,388] {standard_task_runner.py:80} INFO - Job 1290: Subtask hello_task2
[2022-12-11 19:44:54,616] {task_command.py:369} INFO - Running <TaskInstance: first_dag.hello_task2 manual__2022-12-11T19:44:29.307471+00:00 [running]> on host 7e39590a7807
[2022-12-11 19:44:54,915] {taskinstance.py:1571} INFO - Exporting the following env vars:
AIRFLOW_CTX_DAG_OWNER=***
AIRFLOW_CTX_DAG_ID=first_dag
AIRFLOW_CTX_TASK_ID=hello_task2
AIRFLOW_CTX_EXECUTION_DATE=2022-12-11T19:44:29.307471+00:00
AIRFLOW_CTX_TRY_NUMBER=1
AIRFLOW_CTX_DAG_RUN_ID=manual__2022-12-11T19:44:29.307471+00:00
[2022-12-11 19:44:54,922] {subprocess.py:62} INFO - Tmp dir root location: 
 /tmp
[2022-12-11 19:44:54,925] {subprocess.py:74} INFO - Running command: ['bash', '-c', 'echo hello']
[2022-12-11 19:44:54,977] {subprocess.py:85} INFO - Output:
[2022-12-11 19:44:55,019] {subprocess.py:92} INFO - hello
[2022-12-11 19:44:55,022] {subprocess.py:96} INFO - Command exited with return code 0
[2022-12-11 19:44:55,100] {taskinstance.py:1400} INFO - Marking task as SUCCESS. dag_id=first_dag, task_id=hello_task2, execution_date=20221211T194429, start_date=20221211T194454, end_date=20221211T194455
[2022-12-11 19:44:55,198] {local_task_job.py:156} INFO - Task exited with return code 0
[2022-12-11 19:44:55,257] {local_task_job.py:273} INFO - 1 downstream tasks scheduled from follow-on schedule check
