[2022-12-11 17:43:26,769] {taskinstance.py:1159} INFO - Dependencies all met for <TaskInstance: first_dag.sum_column_task scheduled__2022-12-11T17:42:00+00:00 [queued]>
[2022-12-11 17:43:26,808] {taskinstance.py:1159} INFO - Dependencies all met for <TaskInstance: first_dag.sum_column_task scheduled__2022-12-11T17:42:00+00:00 [queued]>
[2022-12-11 17:43:26,808] {taskinstance.py:1356} INFO - 
--------------------------------------------------------------------------------
[2022-12-11 17:43:26,810] {taskinstance.py:1357} INFO - Starting attempt 1 of 1
[2022-12-11 17:43:26,810] {taskinstance.py:1358} INFO - 
--------------------------------------------------------------------------------
[2022-12-11 17:43:26,844] {taskinstance.py:1377} INFO - Executing <Task(PythonOperator): sum_column_task> on 2022-12-11 17:42:00+00:00
[2022-12-11 17:43:26,849] {standard_task_runner.py:52} INFO - Started process 3910 to run task
[2022-12-11 17:43:26,878] {standard_task_runner.py:79} INFO - Running: ['***', 'tasks', 'run', 'first_dag', 'sum_column_task', 'scheduled__2022-12-11T17:42:00+00:00', '--job-id', '1131', '--raw', '--subdir', 'DAGS_FOLDER/first-dag.py', '--cfg-path', '/tmp/tmptk_pocxl', '--error-file', '/tmp/tmpl78ceo_p']
[2022-12-11 17:43:26,893] {standard_task_runner.py:80} INFO - Job 1131: Subtask sum_column_task
[2022-12-11 17:43:27,485] {task_command.py:369} INFO - Running <TaskInstance: first_dag.sum_column_task scheduled__2022-12-11T17:42:00+00:00 [running]> on host 7e39590a7807
[2022-12-11 17:43:30,413] {taskinstance.py:1571} INFO - Exporting the following env vars:
AIRFLOW_CTX_DAG_OWNER=***
AIRFLOW_CTX_DAG_ID=first_dag
AIRFLOW_CTX_TASK_ID=sum_column_task
AIRFLOW_CTX_EXECUTION_DATE=2022-12-11T17:42:00+00:00
AIRFLOW_CTX_TRY_NUMBER=1
AIRFLOW_CTX_DAG_RUN_ID=scheduled__2022-12-11T17:42:00+00:00
[2022-12-11 17:43:30,451] {logging_mixin.py:115} INFO - Different sum column is -15
[2022-12-11 17:43:30,452] {python.py:173} INFO - Done. Returned value was: -15
[2022-12-11 17:43:30,663] {taskinstance.py:1400} INFO - Marking task as SUCCESS. dag_id=first_dag, task_id=sum_column_task, execution_date=20221211T174200, start_date=20221211T174326, end_date=20221211T174330
[2022-12-11 17:43:30,797] {local_task_job.py:156} INFO - Task exited with return code 0
[2022-12-11 17:43:30,972] {local_task_job.py:273} INFO - 1 downstream tasks scheduled from follow-on schedule check
