[2022-12-04 18:32:47,730] {taskinstance.py:1159} INFO - Dependencies all met for <TaskInstance: first_dag.generate_two_int_task manual__2022-12-04T18:32:43.759777+00:00 [queued]>
[2022-12-04 18:32:47,746] {taskinstance.py:1159} INFO - Dependencies all met for <TaskInstance: first_dag.generate_two_int_task manual__2022-12-04T18:32:43.759777+00:00 [queued]>
[2022-12-04 18:32:47,747] {taskinstance.py:1356} INFO - 
--------------------------------------------------------------------------------
[2022-12-04 18:32:47,747] {taskinstance.py:1357} INFO - Starting attempt 1 of 1
[2022-12-04 18:32:47,748] {taskinstance.py:1358} INFO - 
--------------------------------------------------------------------------------
[2022-12-04 18:32:47,769] {taskinstance.py:1377} INFO - Executing <Task(PythonOperator): generate_two_int_task> on 2022-12-04 18:32:43.759777+00:00
[2022-12-04 18:32:47,775] {standard_task_runner.py:52} INFO - Started process 1925 to run task
[2022-12-04 18:32:47,788] {standard_task_runner.py:79} INFO - Running: ['***', 'tasks', 'run', 'first_dag', 'generate_two_int_task', 'manual__2022-12-04T18:32:43.759777+00:00', '--job-id', '209', '--raw', '--subdir', 'DAGS_FOLDER/first-dag.py', '--cfg-path', '/tmp/tmp650h194g', '--error-file', '/tmp/tmpzxlhjc7q']
[2022-12-04 18:32:47,790] {standard_task_runner.py:80} INFO - Job 209: Subtask generate_two_int_task
[2022-12-04 18:32:47,881] {task_command.py:369} INFO - Running <TaskInstance: first_dag.generate_two_int_task manual__2022-12-04T18:32:43.759777+00:00 [running]> on host fb90b48d1471
[2022-12-04 18:32:48,012] {taskinstance.py:1571} INFO - Exporting the following env vars:
AIRFLOW_CTX_DAG_OWNER=***
AIRFLOW_CTX_DAG_ID=first_dag
AIRFLOW_CTX_TASK_ID=generate_two_int_task
AIRFLOW_CTX_EXECUTION_DATE=2022-12-04T18:32:43.759777+00:00
AIRFLOW_CTX_TRY_NUMBER=1
AIRFLOW_CTX_DAG_RUN_ID=manual__2022-12-04T18:32:43.759777+00:00
[2022-12-04 18:32:48,075] {python.py:173} INFO - Done. Returned value was: None
[2022-12-04 18:32:48,103] {taskinstance.py:1400} INFO - Marking task as SUCCESS. dag_id=first_dag, task_id=generate_two_int_task, execution_date=20221204T183243, start_date=20221204T183247, end_date=20221204T183248
[2022-12-04 18:32:48,159] {local_task_job.py:156} INFO - Task exited with return code 0
[2022-12-04 18:32:48,233] {local_task_job.py:273} INFO - 0 downstream tasks scheduled from follow-on schedule check
