[2022-12-11 14:32:00,543] {taskinstance.py:1159} INFO - Dependencies all met for <TaskInstance: first_dag.write_diff_task scheduled__2022-12-11T14:31:00+00:00 [queued]>
[2022-12-11 14:32:00,561] {taskinstance.py:1159} INFO - Dependencies all met for <TaskInstance: first_dag.write_diff_task scheduled__2022-12-11T14:31:00+00:00 [queued]>
[2022-12-11 14:32:00,563] {taskinstance.py:1356} INFO - 
--------------------------------------------------------------------------------
[2022-12-11 14:32:00,564] {taskinstance.py:1357} INFO - Starting attempt 1 of 1
[2022-12-11 14:32:00,566] {taskinstance.py:1358} INFO - 
--------------------------------------------------------------------------------
[2022-12-11 14:32:00,594] {taskinstance.py:1377} INFO - Executing <Task(PythonOperator): write_diff_task> on 2022-12-11 14:31:00+00:00
[2022-12-11 14:32:00,604] {standard_task_runner.py:52} INFO - Started process 830 to run task
[2022-12-11 14:32:00,623] {standard_task_runner.py:79} INFO - Running: ['***', 'tasks', 'run', 'first_dag', 'write_diff_task', 'scheduled__2022-12-11T14:31:00+00:00', '--job-id', '477', '--raw', '--subdir', 'DAGS_FOLDER/first-dag.py', '--cfg-path', '/tmp/tmpch3tls0p', '--error-file', '/tmp/tmpvcwvx88v']
[2022-12-11 14:32:00,626] {standard_task_runner.py:80} INFO - Job 477: Subtask write_diff_task
[2022-12-11 14:32:00,727] {task_command.py:369} INFO - Running <TaskInstance: first_dag.write_diff_task scheduled__2022-12-11T14:31:00+00:00 [running]> on host 7e39590a7807
[2022-12-11 14:32:00,899] {taskinstance.py:1571} INFO - Exporting the following env vars:
AIRFLOW_CTX_DAG_OWNER=***
AIRFLOW_CTX_DAG_ID=first_dag
AIRFLOW_CTX_TASK_ID=write_diff_task
AIRFLOW_CTX_EXECUTION_DATE=2022-12-11T14:31:00+00:00
AIRFLOW_CTX_TRY_NUMBER=1
AIRFLOW_CTX_DAG_RUN_ID=scheduled__2022-12-11T14:31:00+00:00
[2022-12-11 14:32:00,936] {python.py:173} INFO - Done. Returned value was: None
[2022-12-11 14:32:00,964] {taskinstance.py:1400} INFO - Marking task as SUCCESS. dag_id=first_dag, task_id=write_diff_task, execution_date=20221211T143100, start_date=20221211T143200, end_date=20221211T143200
[2022-12-11 14:32:01,033] {local_task_job.py:156} INFO - Task exited with return code 0
[2022-12-11 14:32:01,109] {local_task_job.py:273} INFO - 0 downstream tasks scheduled from follow-on schedule check
[2022-12-11 14:32:47,370] {taskinstance.py:1159} INFO - Dependencies all met for <TaskInstance: first_dag.write_diff_task scheduled__2022-12-11T14:31:00+00:00 [queued]>
[2022-12-11 14:32:47,385] {taskinstance.py:1159} INFO - Dependencies all met for <TaskInstance: first_dag.write_diff_task scheduled__2022-12-11T14:31:00+00:00 [queued]>
[2022-12-11 14:32:47,386] {taskinstance.py:1356} INFO - 
--------------------------------------------------------------------------------
[2022-12-11 14:32:47,387] {taskinstance.py:1357} INFO - Starting attempt 1 of 1
[2022-12-11 14:32:47,388] {taskinstance.py:1358} INFO - 
--------------------------------------------------------------------------------
[2022-12-11 14:32:47,410] {taskinstance.py:1377} INFO - Executing <Task(PythonOperator): write_diff_task> on 2022-12-11 14:31:00+00:00
[2022-12-11 14:32:47,417] {standard_task_runner.py:52} INFO - Started process 862 to run task
[2022-12-11 14:32:47,425] {standard_task_runner.py:79} INFO - Running: ['***', 'tasks', 'run', 'first_dag', 'write_diff_task', 'scheduled__2022-12-11T14:31:00+00:00', '--job-id', '488', '--raw', '--subdir', 'DAGS_FOLDER/first-dag.py', '--cfg-path', '/tmp/tmpgdcam42b', '--error-file', '/tmp/tmpqgckuriu']
[2022-12-11 14:32:47,428] {standard_task_runner.py:80} INFO - Job 488: Subtask write_diff_task
[2022-12-11 14:32:47,530] {task_command.py:369} INFO - Running <TaskInstance: first_dag.write_diff_task scheduled__2022-12-11T14:31:00+00:00 [running]> on host 7e39590a7807
[2022-12-11 14:32:47,657] {taskinstance.py:1571} INFO - Exporting the following env vars:
AIRFLOW_CTX_DAG_OWNER=***
AIRFLOW_CTX_DAG_ID=first_dag
AIRFLOW_CTX_TASK_ID=write_diff_task
AIRFLOW_CTX_EXECUTION_DATE=2022-12-11T14:31:00+00:00
AIRFLOW_CTX_TRY_NUMBER=1
AIRFLOW_CTX_DAG_RUN_ID=scheduled__2022-12-11T14:31:00+00:00
[2022-12-11 14:32:47,710] {python.py:173} INFO - Done. Returned value was: None
[2022-12-11 14:32:47,744] {taskinstance.py:1400} INFO - Marking task as SUCCESS. dag_id=first_dag, task_id=write_diff_task, execution_date=20221211T143100, start_date=20221211T143247, end_date=20221211T143247
[2022-12-11 14:32:47,801] {local_task_job.py:156} INFO - Task exited with return code 0
[2022-12-11 14:32:47,892] {local_task_job.py:273} INFO - 0 downstream tasks scheduled from follow-on schedule check
