[2022-12-11 14:18:00,891] {taskinstance.py:1159} INFO - Dependencies all met for <TaskInstance: first_dag.hello_task scheduled__2022-12-11T14:17:00+00:00 [queued]>
[2022-12-11 14:18:00,914] {taskinstance.py:1159} INFO - Dependencies all met for <TaskInstance: first_dag.hello_task scheduled__2022-12-11T14:17:00+00:00 [queued]>
[2022-12-11 14:18:00,915] {taskinstance.py:1356} INFO - 
--------------------------------------------------------------------------------
[2022-12-11 14:18:00,916] {taskinstance.py:1357} INFO - Starting attempt 1 of 1
[2022-12-11 14:18:00,917] {taskinstance.py:1358} INFO - 
--------------------------------------------------------------------------------
[2022-12-11 14:18:00,951] {taskinstance.py:1377} INFO - Executing <Task(BashOperator): hello_task> on 2022-12-11 14:17:00+00:00
[2022-12-11 14:18:00,961] {standard_task_runner.py:52} INFO - Started process 529 to run task
[2022-12-11 14:18:00,978] {standard_task_runner.py:79} INFO - Running: ['***', 'tasks', 'run', 'first_dag', 'hello_task', 'scheduled__2022-12-11T14:17:00+00:00', '--job-id', '408', '--raw', '--subdir', 'DAGS_FOLDER/first-dag.py', '--cfg-path', '/tmp/tmp8lv2mj_0', '--error-file', '/tmp/tmpf8rq7dhv']
[2022-12-11 14:18:00,981] {standard_task_runner.py:80} INFO - Job 408: Subtask hello_task
[2022-12-11 14:18:01,144] {task_command.py:369} INFO - Running <TaskInstance: first_dag.hello_task scheduled__2022-12-11T14:17:00+00:00 [running]> on host 7e39590a7807
[2022-12-11 14:18:01,356] {taskinstance.py:1571} INFO - Exporting the following env vars:
AIRFLOW_CTX_DAG_OWNER=***
AIRFLOW_CTX_DAG_ID=first_dag
AIRFLOW_CTX_TASK_ID=hello_task
AIRFLOW_CTX_EXECUTION_DATE=2022-12-11T14:17:00+00:00
AIRFLOW_CTX_TRY_NUMBER=1
AIRFLOW_CTX_DAG_RUN_ID=scheduled__2022-12-11T14:17:00+00:00
[2022-12-11 14:18:01,370] {subprocess.py:62} INFO - Tmp dir root location: 
 /tmp
[2022-12-11 14:18:01,379] {subprocess.py:74} INFO - Running command: ['bash', '-c', 'echo hello']
[2022-12-11 14:18:01,424] {subprocess.py:85} INFO - Output:
[2022-12-11 14:18:01,430] {subprocess.py:92} INFO - hello
[2022-12-11 14:18:01,434] {subprocess.py:96} INFO - Command exited with return code 0
[2022-12-11 14:18:01,561] {taskinstance.py:1400} INFO - Marking task as SUCCESS. dag_id=first_dag, task_id=hello_task, execution_date=20221211T141700, start_date=20221211T141800, end_date=20221211T141801
[2022-12-11 14:18:01,641] {local_task_job.py:156} INFO - Task exited with return code 0
[2022-12-11 14:18:01,722] {local_task_job.py:273} INFO - 1 downstream tasks scheduled from follow-on schedule check
