[2022-12-11 16:59:15,319] {taskinstance.py:1159} INFO - Dependencies all met for <TaskInstance: first_dag.world manual__2022-12-11T16:59:11.435193+00:00 [queued]>
[2022-12-11 16:59:15,333] {taskinstance.py:1159} INFO - Dependencies all met for <TaskInstance: first_dag.world manual__2022-12-11T16:59:11.435193+00:00 [queued]>
[2022-12-11 16:59:15,334] {taskinstance.py:1356} INFO - 
--------------------------------------------------------------------------------
[2022-12-11 16:59:15,335] {taskinstance.py:1357} INFO - Starting attempt 1 of 1
[2022-12-11 16:59:15,336] {taskinstance.py:1358} INFO - 
--------------------------------------------------------------------------------
[2022-12-11 16:59:15,352] {taskinstance.py:1377} INFO - Executing <Task(PythonOperator): world> on 2022-12-11 16:59:11.435193+00:00
[2022-12-11 16:59:15,357] {standard_task_runner.py:52} INFO - Started process 3519 to run task
[2022-12-11 16:59:15,373] {standard_task_runner.py:79} INFO - Running: ['***', 'tasks', 'run', 'first_dag', 'world', 'manual__2022-12-11T16:59:11.435193+00:00', '--job-id', '1047', '--raw', '--subdir', 'DAGS_FOLDER/first-dag.py', '--cfg-path', '/tmp/tmpy7_zt8z4', '--error-file', '/tmp/tmph4wiz5ko']
[2022-12-11 16:59:15,375] {standard_task_runner.py:80} INFO - Job 1047: Subtask world
[2022-12-11 16:59:15,528] {task_command.py:369} INFO - Running <TaskInstance: first_dag.world manual__2022-12-11T16:59:11.435193+00:00 [running]> on host 7e39590a7807
[2022-12-11 16:59:15,803] {taskinstance.py:1571} INFO - Exporting the following env vars:
AIRFLOW_CTX_DAG_OWNER=***
AIRFLOW_CTX_DAG_ID=first_dag
AIRFLOW_CTX_TASK_ID=world
AIRFLOW_CTX_EXECUTION_DATE=2022-12-11T16:59:11.435193+00:00
AIRFLOW_CTX_TRY_NUMBER=1
AIRFLOW_CTX_DAG_RUN_ID=manual__2022-12-11T16:59:11.435193+00:00
[2022-12-11 16:59:15,812] {logging_mixin.py:115} INFO - Airflow
[2022-12-11 16:59:15,817] {python.py:173} INFO - Done. Returned value was: None
[2022-12-11 16:59:15,936] {taskinstance.py:1400} INFO - Marking task as SUCCESS. dag_id=first_dag, task_id=world, execution_date=20221211T165911, start_date=20221211T165915, end_date=20221211T165915
[2022-12-11 16:59:16,000] {local_task_job.py:156} INFO - Task exited with return code 0
[2022-12-11 16:59:16,094] {local_task_job.py:273} INFO - 1 downstream tasks scheduled from follow-on schedule check
