[2022-12-11 17:43:04,264] {taskinstance.py:1159} INFO - Dependencies all met for <TaskInstance: first_dag.wait_for_file scheduled__2022-12-11T17:27:00+00:00 [queued]>
[2022-12-11 17:43:04,319] {taskinstance.py:1159} INFO - Dependencies all met for <TaskInstance: first_dag.wait_for_file scheduled__2022-12-11T17:27:00+00:00 [queued]>
[2022-12-11 17:43:04,322] {taskinstance.py:1356} INFO - 
--------------------------------------------------------------------------------
[2022-12-11 17:43:04,323] {taskinstance.py:1357} INFO - Starting attempt 1 of 1
[2022-12-11 17:43:04,325] {taskinstance.py:1358} INFO - 
--------------------------------------------------------------------------------
[2022-12-11 17:43:04,616] {taskinstance.py:1377} INFO - Executing <Task(PythonSensor): wait_for_file> on 2022-12-11 17:27:00+00:00
[2022-12-11 17:43:04,689] {standard_task_runner.py:52} INFO - Started process 3891 to run task
[2022-12-11 17:43:04,839] {standard_task_runner.py:79} INFO - Running: ['***', 'tasks', 'run', 'first_dag', 'wait_for_file', 'scheduled__2022-12-11T17:27:00+00:00', '--job-id', '1122', '--raw', '--subdir', 'DAGS_FOLDER/first-dag.py', '--cfg-path', '/tmp/tmpoo4kc8kd', '--error-file', '/tmp/tmp3hawiqed']
[2022-12-11 17:43:04,865] {standard_task_runner.py:80} INFO - Job 1122: Subtask wait_for_file
[2022-12-11 17:43:05,087] {task_command.py:369} INFO - Running <TaskInstance: first_dag.wait_for_file scheduled__2022-12-11T17:27:00+00:00 [running]> on host 7e39590a7807
[2022-12-11 17:43:06,481] {taskinstance.py:1571} INFO - Exporting the following env vars:
AIRFLOW_CTX_DAG_OWNER=***
AIRFLOW_CTX_DAG_ID=first_dag
AIRFLOW_CTX_TASK_ID=wait_for_file
AIRFLOW_CTX_EXECUTION_DATE=2022-12-11T17:27:00+00:00
AIRFLOW_CTX_TRY_NUMBER=1
AIRFLOW_CTX_DAG_RUN_ID=scheduled__2022-12-11T17:27:00+00:00
[2022-12-11 17:43:06,488] {python.py:66} INFO - Poking callable: <function _wait_for_file at 0x7f6cec9c0cb0>
[2022-12-11 17:43:06,627] {logging_mixin.py:115} INFO - _wait_for_file True
[2022-12-11 17:43:06,628] {logging_mixin.py:115} INFO - total attempt 0
[2022-12-11 17:44:06,672] {python.py:66} INFO - Poking callable: <function _wait_for_file at 0x7f6cec9c0cb0>
[2022-12-11 17:44:10,501] {logging_mixin.py:115} INFO - _wait_for_file True
[2022-12-11 17:44:10,516] {logging_mixin.py:115} INFO - total attempt 0
[2022-12-11 17:45:10,546] {python.py:66} INFO - Poking callable: <function _wait_for_file at 0x7f6cec9c0cb0>
[2022-12-11 17:45:11,621] {logging_mixin.py:115} INFO - _wait_for_file True
[2022-12-11 17:45:11,628] {logging_mixin.py:115} INFO - total attempt 0
[2022-12-11 17:50:54,707] {python.py:66} INFO - Poking callable: <function _wait_for_file at 0x7f6cec9c0cb0>
[2022-12-11 17:51:03,981] {logging_mixin.py:115} INFO - _wait_for_file True
[2022-12-11 17:51:03,984] {logging_mixin.py:115} INFO - total attempt 0
[2022-12-11 17:51:47,145] {local_task_job.py:221} WARNING - State of this instance has been externally set to failed. Terminating instance.
[2022-12-11 17:51:47,314] {process_utils.py:129} INFO - Sending Signals.SIGTERM to group 3891. PIDs of all processes in the group: [3891]
[2022-12-11 17:51:47,412] {process_utils.py:80} INFO - Sending the signal Signals.SIGTERM to group 3891
[2022-12-11 17:51:47,415] {taskinstance.py:1541} ERROR - Received SIGTERM. Terminating subprocesses.
[2022-12-11 17:51:48,675] {process_utils.py:75} INFO - Process psutil.Process(pid=3891, status='terminated', exitcode=0, started='17:43:04') (3891) terminated with exit code 0
