[2022-12-11 14:48:46,723] {taskinstance.py:1159} INFO - Dependencies all met for <TaskInstance: first_dag.write_diff_task manual__2022-12-11T14:48:39.887818+00:00 [queued]>
[2022-12-11 14:48:46,742] {taskinstance.py:1159} INFO - Dependencies all met for <TaskInstance: first_dag.write_diff_task manual__2022-12-11T14:48:39.887818+00:00 [queued]>
[2022-12-11 14:48:46,744] {taskinstance.py:1356} INFO - 
--------------------------------------------------------------------------------
[2022-12-11 14:48:46,745] {taskinstance.py:1357} INFO - Starting attempt 1 of 1
[2022-12-11 14:48:46,747] {taskinstance.py:1358} INFO - 
--------------------------------------------------------------------------------
[2022-12-11 14:48:46,766] {taskinstance.py:1377} INFO - Executing <Task(PythonOperator): write_diff_task> on 2022-12-11 14:48:39.887818+00:00
[2022-12-11 14:48:46,771] {standard_task_runner.py:52} INFO - Started process 1433 to run task
[2022-12-11 14:48:46,782] {standard_task_runner.py:79} INFO - Running: ['***', 'tasks', 'run', 'first_dag', 'write_diff_task', 'manual__2022-12-11T14:48:39.887818+00:00', '--job-id', '626', '--raw', '--subdir', 'DAGS_FOLDER/first-dag.py', '--cfg-path', '/tmp/tmpk2hol4xl', '--error-file', '/tmp/tmpqlcv9yjd']
[2022-12-11 14:48:46,784] {standard_task_runner.py:80} INFO - Job 626: Subtask write_diff_task
[2022-12-11 14:48:46,889] {task_command.py:369} INFO - Running <TaskInstance: first_dag.write_diff_task manual__2022-12-11T14:48:39.887818+00:00 [running]> on host 7e39590a7807
[2022-12-11 14:48:47,016] {taskinstance.py:1571} INFO - Exporting the following env vars:
AIRFLOW_CTX_DAG_OWNER=***
AIRFLOW_CTX_DAG_ID=first_dag
AIRFLOW_CTX_TASK_ID=write_diff_task
AIRFLOW_CTX_EXECUTION_DATE=2022-12-11T14:48:39.887818+00:00
AIRFLOW_CTX_TRY_NUMBER=1
AIRFLOW_CTX_DAG_RUN_ID=manual__2022-12-11T14:48:39.887818+00:00
[2022-12-11 14:48:47,053] {logging_mixin.py:115} INFO - res 0
[2022-12-11 14:48:47,055] {python.py:173} INFO - Done. Returned value was: None
[2022-12-11 14:48:47,077] {taskinstance.py:1400} INFO - Marking task as SUCCESS. dag_id=first_dag, task_id=write_diff_task, execution_date=20221211T144839, start_date=20221211T144846, end_date=20221211T144847
[2022-12-11 14:48:47,112] {local_task_job.py:156} INFO - Task exited with return code 0
[2022-12-11 14:48:47,171] {local_task_job.py:273} INFO - 0 downstream tasks scheduled from follow-on schedule check
