[2022-12-11 18:17:39,002] {taskinstance.py:1159} INFO - Dependencies all met for <TaskInstance: first_dag.sum_column_task manual__2022-12-11T18:16:59.772710+00:00 [queued]>
[2022-12-11 18:17:39,149] {taskinstance.py:1159} INFO - Dependencies all met for <TaskInstance: first_dag.sum_column_task manual__2022-12-11T18:16:59.772710+00:00 [queued]>
[2022-12-11 18:17:39,157] {taskinstance.py:1356} INFO - 
--------------------------------------------------------------------------------
[2022-12-11 18:17:39,167] {taskinstance.py:1357} INFO - Starting attempt 1 of 1
[2022-12-11 18:17:39,169] {taskinstance.py:1358} INFO - 
--------------------------------------------------------------------------------
[2022-12-11 18:17:39,383] {taskinstance.py:1377} INFO - Executing <Task(PythonOperator): sum_column_task> on 2022-12-11 18:16:59.772710+00:00
[2022-12-11 18:17:39,428] {standard_task_runner.py:52} INFO - Started process 4306 to run task
[2022-12-11 18:17:39,478] {standard_task_runner.py:79} INFO - Running: ['***', 'tasks', 'run', 'first_dag', 'sum_column_task', 'manual__2022-12-11T18:16:59.772710+00:00', '--job-id', '1180', '--raw', '--subdir', 'DAGS_FOLDER/first-dag.py', '--cfg-path', '/tmp/tmppktf7bdt', '--error-file', '/tmp/tmpp112vqch']
[2022-12-11 18:17:39,514] {standard_task_runner.py:80} INFO - Job 1180: Subtask sum_column_task
[2022-12-11 18:17:40,103] {task_command.py:369} INFO - Running <TaskInstance: first_dag.sum_column_task manual__2022-12-11T18:16:59.772710+00:00 [running]> on host 7e39590a7807
[2022-12-11 18:17:40,463] {taskinstance.py:1571} INFO - Exporting the following env vars:
AIRFLOW_CTX_DAG_OWNER=***
AIRFLOW_CTX_DAG_ID=first_dag
AIRFLOW_CTX_TASK_ID=sum_column_task
AIRFLOW_CTX_EXECUTION_DATE=2022-12-11T18:16:59.772710+00:00
AIRFLOW_CTX_TRY_NUMBER=1
AIRFLOW_CTX_DAG_RUN_ID=manual__2022-12-11T18:16:59.772710+00:00
[2022-12-11 18:17:40,511] {logging_mixin.py:115} INFO - Different sum column is 3
[2022-12-11 18:17:40,513] {python.py:173} INFO - Done. Returned value was: 3
[2022-12-11 18:17:40,666] {taskinstance.py:1400} INFO - Marking task as SUCCESS. dag_id=first_dag, task_id=sum_column_task, execution_date=20221211T181659, start_date=20221211T181739, end_date=20221211T181740
[2022-12-11 18:17:40,748] {local_task_job.py:156} INFO - Task exited with return code 0
[2022-12-11 18:17:40,876] {local_task_job.py:273} INFO - 1 downstream tasks scheduled from follow-on schedule check
