[2022-12-12 04:56:35,864] {taskinstance.py:1159} INFO - Dependencies all met for <TaskInstance: first_dag.world scheduled__2022-12-11T22:40:00+00:00 [queued]>
[2022-12-12 04:56:36,196] {taskinstance.py:1159} INFO - Dependencies all met for <TaskInstance: first_dag.world scheduled__2022-12-11T22:40:00+00:00 [queued]>
[2022-12-12 04:56:36,199] {taskinstance.py:1356} INFO - 
--------------------------------------------------------------------------------
[2022-12-12 04:56:36,201] {taskinstance.py:1357} INFO - Starting attempt 1 of 1
[2022-12-12 04:56:36,207] {taskinstance.py:1358} INFO - 
--------------------------------------------------------------------------------
[2022-12-12 04:56:36,341] {taskinstance.py:1377} INFO - Executing <Task(PythonOperator): world> on 2022-12-11 22:40:00+00:00
[2022-12-12 04:56:36,477] {standard_task_runner.py:52} INFO - Started process 7312 to run task
[2022-12-12 04:56:36,657] {standard_task_runner.py:79} INFO - Running: ['***', 'tasks', 'run', 'first_dag', 'world', 'scheduled__2022-12-11T22:40:00+00:00', '--job-id', '1556', '--raw', '--subdir', 'DAGS_FOLDER/first-dag.py', '--cfg-path', '/tmp/tmpy9b6qq34', '--error-file', '/tmp/tmp3f485g6q']
[2022-12-12 04:56:36,698] {standard_task_runner.py:80} INFO - Job 1556: Subtask world
[2022-12-12 04:56:37,638] {task_command.py:369} INFO - Running <TaskInstance: first_dag.world scheduled__2022-12-11T22:40:00+00:00 [running]> on host 7e39590a7807
[2022-12-12 04:56:38,999] {taskinstance.py:1571} INFO - Exporting the following env vars:
AIRFLOW_CTX_DAG_OWNER=***
AIRFLOW_CTX_DAG_ID=first_dag
AIRFLOW_CTX_TASK_ID=world
AIRFLOW_CTX_EXECUTION_DATE=2022-12-11T22:40:00+00:00
AIRFLOW_CTX_TRY_NUMBER=1
AIRFLOW_CTX_DAG_RUN_ID=scheduled__2022-12-11T22:40:00+00:00
[2022-12-12 04:56:39,013] {logging_mixin.py:115} INFO - Airflow
[2022-12-12 04:56:39,018] {python.py:173} INFO - Done. Returned value was: None
[2022-12-12 04:56:39,071] {taskinstance.py:1400} INFO - Marking task as SUCCESS. dag_id=first_dag, task_id=world, execution_date=20221211T224000, start_date=20221212T045635, end_date=20221212T045639
[2022-12-12 04:56:39,150] {local_task_job.py:156} INFO - Task exited with return code 0
[2022-12-12 04:56:39,338] {local_task_job.py:273} INFO - 1 downstream tasks scheduled from follow-on schedule check
