[2022-12-12 05:14:00,594] {taskinstance.py:1159} INFO - Dependencies all met for <TaskInstance: first_dag.branch_operator manual__2022-12-12T05:13:37.283978+00:00 [queued]>
[2022-12-12 05:14:00,640] {taskinstance.py:1159} INFO - Dependencies all met for <TaskInstance: first_dag.branch_operator manual__2022-12-12T05:13:37.283978+00:00 [queued]>
[2022-12-12 05:14:00,641] {taskinstance.py:1356} INFO - 
--------------------------------------------------------------------------------
[2022-12-12 05:14:00,642] {taskinstance.py:1357} INFO - Starting attempt 1 of 1
[2022-12-12 05:14:00,643] {taskinstance.py:1358} INFO - 
--------------------------------------------------------------------------------
[2022-12-12 05:14:00,713] {taskinstance.py:1377} INFO - Executing <Task(BranchPythonOperator): branch_operator> on 2022-12-12 05:13:37.283978+00:00
[2022-12-12 05:14:00,736] {standard_task_runner.py:52} INFO - Started process 7562 to run task
[2022-12-12 05:14:00,737] {standard_task_runner.py:79} INFO - Running: ['***', 'tasks', 'run', 'first_dag', 'branch_operator', 'manual__2022-12-12T05:13:37.283978+00:00', '--job-id', '1599', '--raw', '--subdir', 'DAGS_FOLDER/first-dag.py', '--cfg-path', '/tmp/tmpr9phds46', '--error-file', '/tmp/tmpp_hc8_bz']
[2022-12-12 05:14:00,752] {standard_task_runner.py:80} INFO - Job 1599: Subtask branch_operator
[2022-12-12 05:14:00,993] {task_command.py:369} INFO - Running <TaskInstance: first_dag.branch_operator manual__2022-12-12T05:13:37.283978+00:00 [running]> on host 7e39590a7807
[2022-12-12 05:14:01,445] {taskinstance.py:1571} INFO - Exporting the following env vars:
AIRFLOW_CTX_DAG_OWNER=***
AIRFLOW_CTX_DAG_ID=first_dag
AIRFLOW_CTX_TASK_ID=branch_operator
AIRFLOW_CTX_EXECUTION_DATE=2022-12-12T05:13:37.283978+00:00
AIRFLOW_CTX_TRY_NUMBER=1
AIRFLOW_CTX_DAG_RUN_ID=manual__2022-12-12T05:13:37.283978+00:00
[2022-12-12 05:14:01,493] {python.py:173} INFO - Done. Returned value was: create_task_table
[2022-12-12 05:14:01,497] {skipmixin.py:140} INFO - Following branch create_task_table
[2022-12-12 05:14:01,498] {skipmixin.py:175} INFO - Skipping tasks ['bash_error']
[2022-12-12 05:14:01,677] {taskinstance.py:1400} INFO - Marking task as SUCCESS. dag_id=first_dag, task_id=branch_operator, execution_date=20221212T051337, start_date=20221212T051400, end_date=20221212T051401
[2022-12-12 05:14:01,736] {local_task_job.py:156} INFO - Task exited with return code 0
[2022-12-12 05:14:01,811] {local_task_job.py:273} INFO - 1 downstream tasks scheduled from follow-on schedule check
