[2022-12-11 20:59:53,815] {taskinstance.py:1159} INFO - Dependencies all met for <TaskInstance: first_dag.generate_two_int_task scheduled__2022-12-11T20:58:00+00:00 [queued]>
[2022-12-11 20:59:53,829] {taskinstance.py:1159} INFO - Dependencies all met for <TaskInstance: first_dag.generate_two_int_task scheduled__2022-12-11T20:58:00+00:00 [queued]>
[2022-12-11 20:59:53,830] {taskinstance.py:1356} INFO - 
--------------------------------------------------------------------------------
[2022-12-11 20:59:53,831] {taskinstance.py:1357} INFO - Starting attempt 1 of 1
[2022-12-11 20:59:53,832] {taskinstance.py:1358} INFO - 
--------------------------------------------------------------------------------
[2022-12-11 20:59:53,854] {taskinstance.py:1377} INFO - Executing <Task(PythonOperator): generate_two_int_task> on 2022-12-11 20:58:00+00:00
[2022-12-11 20:59:53,860] {standard_task_runner.py:52} INFO - Started process 6432 to run task
[2022-12-11 20:59:53,873] {standard_task_runner.py:79} INFO - Running: ['***', 'tasks', 'run', 'first_dag', 'generate_two_int_task', 'scheduled__2022-12-11T20:58:00+00:00', '--job-id', '1519', '--raw', '--subdir', 'DAGS_FOLDER/first-dag.py', '--cfg-path', '/tmp/tmpff3nke1n', '--error-file', '/tmp/tmpbczm8f3v']
[2022-12-11 20:59:53,876] {standard_task_runner.py:80} INFO - Job 1519: Subtask generate_two_int_task
[2022-12-11 20:59:53,967] {task_command.py:369} INFO - Running <TaskInstance: first_dag.generate_two_int_task scheduled__2022-12-11T20:58:00+00:00 [running]> on host 7e39590a7807
[2022-12-11 20:59:54,186] {taskinstance.py:1571} INFO - Exporting the following env vars:
AIRFLOW_CTX_DAG_OWNER=***
AIRFLOW_CTX_DAG_ID=first_dag
AIRFLOW_CTX_TASK_ID=generate_two_int_task
AIRFLOW_CTX_EXECUTION_DATE=2022-12-11T20:58:00+00:00
AIRFLOW_CTX_TRY_NUMBER=1
AIRFLOW_CTX_DAG_RUN_ID=scheduled__2022-12-11T20:58:00+00:00
[2022-12-11 20:59:54,213] {python.py:173} INFO - Done. Returned value was: None
[2022-12-11 20:59:54,235] {taskinstance.py:1400} INFO - Marking task as SUCCESS. dag_id=first_dag, task_id=generate_two_int_task, execution_date=20221211T205800, start_date=20221211T205953, end_date=20221211T205954
[2022-12-11 20:59:54,295] {local_task_job.py:156} INFO - Task exited with return code 0
[2022-12-11 20:59:54,387] {local_task_job.py:273} INFO - 1 downstream tasks scheduled from follow-on schedule check
