[2022-12-11 14:26:02,695] {taskinstance.py:1159} INFO - Dependencies all met for <TaskInstance: first_dag.world scheduled__2022-12-11T14:25:00+00:00 [queued]>
[2022-12-11 14:26:02,709] {taskinstance.py:1159} INFO - Dependencies all met for <TaskInstance: first_dag.world scheduled__2022-12-11T14:25:00+00:00 [queued]>
[2022-12-11 14:26:02,711] {taskinstance.py:1356} INFO - 
--------------------------------------------------------------------------------
[2022-12-11 14:26:02,712] {taskinstance.py:1357} INFO - Starting attempt 1 of 1
[2022-12-11 14:26:02,713] {taskinstance.py:1358} INFO - 
--------------------------------------------------------------------------------
[2022-12-11 14:26:02,739] {taskinstance.py:1377} INFO - Executing <Task(PythonOperator): world> on 2022-12-11 14:25:00+00:00
[2022-12-11 14:26:02,744] {standard_task_runner.py:52} INFO - Started process 699 to run task
[2022-12-11 14:26:02,753] {standard_task_runner.py:79} INFO - Running: ['***', 'tasks', 'run', 'first_dag', 'world', 'scheduled__2022-12-11T14:25:00+00:00', '--job-id', '449', '--raw', '--subdir', 'DAGS_FOLDER/first-dag.py', '--cfg-path', '/tmp/tmpjxpbruir', '--error-file', '/tmp/tmp6ifuh2n7']
[2022-12-11 14:26:02,756] {standard_task_runner.py:80} INFO - Job 449: Subtask world
[2022-12-11 14:26:02,846] {task_command.py:369} INFO - Running <TaskInstance: first_dag.world scheduled__2022-12-11T14:25:00+00:00 [running]> on host 7e39590a7807
[2022-12-11 14:26:02,947] {taskinstance.py:1571} INFO - Exporting the following env vars:
AIRFLOW_CTX_DAG_OWNER=***
AIRFLOW_CTX_DAG_ID=first_dag
AIRFLOW_CTX_TASK_ID=world
AIRFLOW_CTX_EXECUTION_DATE=2022-12-11T14:25:00+00:00
AIRFLOW_CTX_TRY_NUMBER=1
AIRFLOW_CTX_DAG_RUN_ID=scheduled__2022-12-11T14:25:00+00:00
[2022-12-11 14:26:02,950] {logging_mixin.py:115} INFO - Airflow
[2022-12-11 14:26:02,952] {python.py:173} INFO - Done. Returned value was: None
[2022-12-11 14:26:02,975] {taskinstance.py:1400} INFO - Marking task as SUCCESS. dag_id=first_dag, task_id=world, execution_date=20221211T142500, start_date=20221211T142602, end_date=20221211T142602
[2022-12-11 14:26:03,003] {local_task_job.py:156} INFO - Task exited with return code 0
[2022-12-11 14:26:03,066] {local_task_job.py:273} INFO - 1 downstream tasks scheduled from follow-on schedule check
