[2022-12-11 14:50:48,536] {taskinstance.py:1159} INFO - Dependencies all met for <TaskInstance: first_dag.generate_two_int_task manual__2022-12-11T14:50:45.312702+00:00 [queued]>
[2022-12-11 14:50:48,550] {taskinstance.py:1159} INFO - Dependencies all met for <TaskInstance: first_dag.generate_two_int_task manual__2022-12-11T14:50:45.312702+00:00 [queued]>
[2022-12-11 14:50:48,551] {taskinstance.py:1356} INFO - 
--------------------------------------------------------------------------------
[2022-12-11 14:50:48,552] {taskinstance.py:1357} INFO - Starting attempt 1 of 1
[2022-12-11 14:50:48,554] {taskinstance.py:1358} INFO - 
--------------------------------------------------------------------------------
[2022-12-11 14:50:48,572] {taskinstance.py:1377} INFO - Executing <Task(PythonOperator): generate_two_int_task> on 2022-12-11 14:50:45.312702+00:00
[2022-12-11 14:50:48,578] {standard_task_runner.py:52} INFO - Started process 1509 to run task
[2022-12-11 14:50:48,587] {standard_task_runner.py:79} INFO - Running: ['***', 'tasks', 'run', 'first_dag', 'generate_two_int_task', 'manual__2022-12-11T14:50:45.312702+00:00', '--job-id', '639', '--raw', '--subdir', 'DAGS_FOLDER/first-dag.py', '--cfg-path', '/tmp/tmpphmbev01', '--error-file', '/tmp/tmpif8ls_2p']
[2022-12-11 14:50:48,592] {standard_task_runner.py:80} INFO - Job 639: Subtask generate_two_int_task
[2022-12-11 14:50:48,683] {task_command.py:369} INFO - Running <TaskInstance: first_dag.generate_two_int_task manual__2022-12-11T14:50:45.312702+00:00 [running]> on host 7e39590a7807
[2022-12-11 14:50:48,789] {taskinstance.py:1571} INFO - Exporting the following env vars:
AIRFLOW_CTX_DAG_OWNER=***
AIRFLOW_CTX_DAG_ID=first_dag
AIRFLOW_CTX_TASK_ID=generate_two_int_task
AIRFLOW_CTX_EXECUTION_DATE=2022-12-11T14:50:45.312702+00:00
AIRFLOW_CTX_TRY_NUMBER=1
AIRFLOW_CTX_DAG_RUN_ID=manual__2022-12-11T14:50:45.312702+00:00
[2022-12-11 14:50:48,809] {python.py:173} INFO - Done. Returned value was: None
[2022-12-11 14:50:48,830] {taskinstance.py:1400} INFO - Marking task as SUCCESS. dag_id=first_dag, task_id=generate_two_int_task, execution_date=20221211T145045, start_date=20221211T145048, end_date=20221211T145048
[2022-12-11 14:50:48,880] {local_task_job.py:156} INFO - Task exited with return code 0
[2022-12-11 14:50:48,950] {local_task_job.py:273} INFO - 1 downstream tasks scheduled from follow-on schedule check
