[2022-12-11 14:36:00,909] {taskinstance.py:1159} INFO - Dependencies all met for <TaskInstance: first_dag.hello_task scheduled__2022-12-11T14:35:00+00:00 [queued]>
[2022-12-11 14:36:00,931] {taskinstance.py:1159} INFO - Dependencies all met for <TaskInstance: first_dag.hello_task scheduled__2022-12-11T14:35:00+00:00 [queued]>
[2022-12-11 14:36:00,932] {taskinstance.py:1356} INFO - 
--------------------------------------------------------------------------------
[2022-12-11 14:36:00,932] {taskinstance.py:1357} INFO - Starting attempt 1 of 1
[2022-12-11 14:36:00,933] {taskinstance.py:1358} INFO - 
--------------------------------------------------------------------------------
[2022-12-11 14:36:00,954] {taskinstance.py:1377} INFO - Executing <Task(BashOperator): hello_task> on 2022-12-11 14:35:00+00:00
[2022-12-11 14:36:00,960] {standard_task_runner.py:52} INFO - Started process 967 to run task
[2022-12-11 14:36:00,971] {standard_task_runner.py:79} INFO - Running: ['***', 'tasks', 'run', 'first_dag', 'hello_task', 'scheduled__2022-12-11T14:35:00+00:00', '--job-id', '517', '--raw', '--subdir', 'DAGS_FOLDER/first-dag.py', '--cfg-path', '/tmp/tmphkr7tavt', '--error-file', '/tmp/tmpsfpo37jf']
[2022-12-11 14:36:00,974] {standard_task_runner.py:80} INFO - Job 517: Subtask hello_task
[2022-12-11 14:36:01,086] {task_command.py:369} INFO - Running <TaskInstance: first_dag.hello_task scheduled__2022-12-11T14:35:00+00:00 [running]> on host 7e39590a7807
[2022-12-11 14:36:01,216] {taskinstance.py:1571} INFO - Exporting the following env vars:
AIRFLOW_CTX_DAG_OWNER=***
AIRFLOW_CTX_DAG_ID=first_dag
AIRFLOW_CTX_TASK_ID=hello_task
AIRFLOW_CTX_EXECUTION_DATE=2022-12-11T14:35:00+00:00
AIRFLOW_CTX_TRY_NUMBER=1
AIRFLOW_CTX_DAG_RUN_ID=scheduled__2022-12-11T14:35:00+00:00
[2022-12-11 14:36:01,218] {subprocess.py:62} INFO - Tmp dir root location: 
 /tmp
[2022-12-11 14:36:01,220] {subprocess.py:74} INFO - Running command: ['bash', '-c', 'echo hello']
[2022-12-11 14:36:01,234] {subprocess.py:85} INFO - Output:
[2022-12-11 14:36:01,237] {subprocess.py:92} INFO - hello
[2022-12-11 14:36:01,238] {subprocess.py:96} INFO - Command exited with return code 0
[2022-12-11 14:36:01,282] {taskinstance.py:1400} INFO - Marking task as SUCCESS. dag_id=first_dag, task_id=hello_task, execution_date=20221211T143500, start_date=20221211T143600, end_date=20221211T143601
[2022-12-11 14:36:01,345] {local_task_job.py:156} INFO - Task exited with return code 0
[2022-12-11 14:36:01,405] {local_task_job.py:273} INFO - 1 downstream tasks scheduled from follow-on schedule check
