[2022-12-11 21:21:56,640] {taskinstance.py:1159} INFO - Dependencies all met for <TaskInstance: first_dag.sum_column_task scheduled__2022-12-11T21:17:00+00:00 [queued]>
[2022-12-11 21:21:56,682] {taskinstance.py:1159} INFO - Dependencies all met for <TaskInstance: first_dag.sum_column_task scheduled__2022-12-11T21:17:00+00:00 [queued]>
[2022-12-11 21:21:56,684] {taskinstance.py:1356} INFO - 
--------------------------------------------------------------------------------
[2022-12-11 21:21:56,685] {taskinstance.py:1357} INFO - Starting attempt 1 of 1
[2022-12-11 21:21:56,686] {taskinstance.py:1358} INFO - 
--------------------------------------------------------------------------------
[2022-12-11 21:21:56,729] {taskinstance.py:1377} INFO - Executing <Task(PythonOperator): sum_column_task> on 2022-12-11 21:17:00+00:00
[2022-12-11 21:21:56,743] {standard_task_runner.py:52} INFO - Started process 6623 to run task
[2022-12-11 21:21:56,765] {standard_task_runner.py:79} INFO - Running: ['***', 'tasks', 'run', 'first_dag', 'sum_column_task', 'scheduled__2022-12-11T21:17:00+00:00', '--job-id', '1545', '--raw', '--subdir', 'DAGS_FOLDER/first-dag.py', '--cfg-path', '/tmp/tmprjnz81re', '--error-file', '/tmp/tmpdeo65fji']
[2022-12-11 21:21:56,773] {standard_task_runner.py:80} INFO - Job 1545: Subtask sum_column_task
[2022-12-11 21:21:57,023] {task_command.py:369} INFO - Running <TaskInstance: first_dag.sum_column_task scheduled__2022-12-11T21:17:00+00:00 [running]> on host 7e39590a7807
[2022-12-11 21:21:57,371] {taskinstance.py:1571} INFO - Exporting the following env vars:
AIRFLOW_CTX_DAG_OWNER=***
AIRFLOW_CTX_DAG_ID=first_dag
AIRFLOW_CTX_TASK_ID=sum_column_task
AIRFLOW_CTX_EXECUTION_DATE=2022-12-11T21:17:00+00:00
AIRFLOW_CTX_TRY_NUMBER=1
AIRFLOW_CTX_DAG_RUN_ID=scheduled__2022-12-11T21:17:00+00:00
[2022-12-11 21:21:57,430] {logging_mixin.py:115} INFO - Different sum column is 0
[2022-12-11 21:21:57,431] {python.py:173} INFO - Done. Returned value was: 0
[2022-12-11 21:21:57,582] {taskinstance.py:1400} INFO - Marking task as SUCCESS. dag_id=first_dag, task_id=sum_column_task, execution_date=20221211T211700, start_date=20221211T212156, end_date=20221211T212157
[2022-12-11 21:21:57,676] {local_task_job.py:156} INFO - Task exited with return code 0
[2022-12-11 21:21:57,862] {local_task_job.py:273} INFO - 1 downstream tasks scheduled from follow-on schedule check
