[2022-12-11 20:00:11,925] {taskinstance.py:1159} INFO - Dependencies all met for <TaskInstance: first_dag.wait_for_file manual__2022-12-11T19:59:55.921958+00:00 [queued]>
[2022-12-11 20:00:11,952] {taskinstance.py:1159} INFO - Dependencies all met for <TaskInstance: first_dag.wait_for_file manual__2022-12-11T19:59:55.921958+00:00 [queued]>
[2022-12-11 20:00:11,953] {taskinstance.py:1356} INFO - 
--------------------------------------------------------------------------------
[2022-12-11 20:00:11,954] {taskinstance.py:1357} INFO - Starting attempt 1 of 3
[2022-12-11 20:00:11,955] {taskinstance.py:1358} INFO - 
--------------------------------------------------------------------------------
[2022-12-11 20:00:12,000] {taskinstance.py:1377} INFO - Executing <Task(PythonSensor): wait_for_file> on 2022-12-11 19:59:55.921958+00:00
[2022-12-11 20:00:12,004] {standard_task_runner.py:52} INFO - Started process 5407 to run task
[2022-12-11 20:00:12,015] {standard_task_runner.py:79} INFO - Running: ['***', 'tasks', 'run', 'first_dag', 'wait_for_file', 'manual__2022-12-11T19:59:55.921958+00:00', '--job-id', '1320', '--raw', '--subdir', 'DAGS_FOLDER/first-dag.py', '--cfg-path', '/tmp/tmp26z6gjm1', '--error-file', '/tmp/tmpbi47lv2x']
[2022-12-11 20:00:12,018] {standard_task_runner.py:80} INFO - Job 1320: Subtask wait_for_file
[2022-12-11 20:00:12,161] {task_command.py:369} INFO - Running <TaskInstance: first_dag.wait_for_file manual__2022-12-11T19:59:55.921958+00:00 [running]> on host 7e39590a7807
[2022-12-11 20:00:12,349] {taskinstance.py:1571} INFO - Exporting the following env vars:
AIRFLOW_CTX_DAG_OWNER=***
AIRFLOW_CTX_DAG_ID=first_dag
AIRFLOW_CTX_TASK_ID=wait_for_file
AIRFLOW_CTX_EXECUTION_DATE=2022-12-11T19:59:55.921958+00:00
AIRFLOW_CTX_TRY_NUMBER=1
AIRFLOW_CTX_DAG_RUN_ID=manual__2022-12-11T19:59:55.921958+00:00
[2022-12-11 20:00:12,352] {python.py:66} INFO - Poking callable: <function _wait_for_file at 0x7f6cec7ab440>
[2022-12-11 20:00:12,384] {logging_mixin.py:115} INFO - _wait_for_file True
[2022-12-11 20:00:32,375] {python.py:66} INFO - Poking callable: <function _wait_for_file at 0x7f6cec7ab440>
[2022-12-11 20:00:32,404] {logging_mixin.py:115} INFO - _wait_for_file True
[2022-12-11 20:00:32,406] {base.py:301} INFO - Success criteria met. Exiting.
[2022-12-11 20:00:32,442] {taskinstance.py:1400} INFO - Marking task as SUCCESS. dag_id=first_dag, task_id=wait_for_file, execution_date=20221211T195955, start_date=20221211T200011, end_date=20221211T200032
[2022-12-11 20:00:32,495] {local_task_job.py:156} INFO - Task exited with return code 0
[2022-12-11 20:00:32,600] {local_task_job.py:273} INFO - 1 downstream tasks scheduled from follow-on schedule check
