[2022-12-11 20:37:56,978] {taskinstance.py:1159} INFO - Dependencies all met for <TaskInstance: first_dag.hello_task manual__2022-12-11T20:37:51.252016+00:00 [queued]>
[2022-12-11 20:37:56,994] {taskinstance.py:1159} INFO - Dependencies all met for <TaskInstance: first_dag.hello_task manual__2022-12-11T20:37:51.252016+00:00 [queued]>
[2022-12-11 20:37:56,995] {taskinstance.py:1356} INFO - 
--------------------------------------------------------------------------------
[2022-12-11 20:37:56,996] {taskinstance.py:1357} INFO - Starting attempt 1 of 1
[2022-12-11 20:37:56,998] {taskinstance.py:1358} INFO - 
--------------------------------------------------------------------------------
[2022-12-11 20:37:57,032] {taskinstance.py:1377} INFO - Executing <Task(BashOperator): hello_task> on 2022-12-11 20:37:51.252016+00:00
[2022-12-11 20:37:57,098] {standard_task_runner.py:52} INFO - Started process 6157 to run task
[2022-12-11 20:37:57,295] {standard_task_runner.py:79} INFO - Running: ['***', 'tasks', 'run', 'first_dag', 'hello_task', 'manual__2022-12-11T20:37:51.252016+00:00', '--job-id', '1476', '--raw', '--subdir', 'DAGS_FOLDER/first-dag.py', '--cfg-path', '/tmp/tmpf3uc6csy', '--error-file', '/tmp/tmp67wfev8y']
[2022-12-11 20:37:57,354] {standard_task_runner.py:80} INFO - Job 1476: Subtask hello_task
[2022-12-11 20:38:00,569] {task_command.py:369} INFO - Running <TaskInstance: first_dag.hello_task manual__2022-12-11T20:37:51.252016+00:00 [running]> on host 7e39590a7807
[2022-12-11 20:38:01,204] {taskinstance.py:1571} INFO - Exporting the following env vars:
AIRFLOW_CTX_DAG_OWNER=***
AIRFLOW_CTX_DAG_ID=first_dag
AIRFLOW_CTX_TASK_ID=hello_task
AIRFLOW_CTX_EXECUTION_DATE=2022-12-11T20:37:51.252016+00:00
AIRFLOW_CTX_TRY_NUMBER=1
AIRFLOW_CTX_DAG_RUN_ID=manual__2022-12-11T20:37:51.252016+00:00
[2022-12-11 20:38:01,208] {subprocess.py:62} INFO - Tmp dir root location: 
 /tmp
[2022-12-11 20:38:01,221] {subprocess.py:74} INFO - Running command: ['bash', '-c', 'echo hello']
[2022-12-11 20:38:01,326] {subprocess.py:85} INFO - Output:
[2022-12-11 20:38:01,414] {subprocess.py:92} INFO - hello
[2022-12-11 20:38:01,420] {subprocess.py:96} INFO - Command exited with return code 0
[2022-12-11 20:38:01,673] {taskinstance.py:1400} INFO - Marking task as SUCCESS. dag_id=first_dag, task_id=hello_task, execution_date=20221211T203751, start_date=20221211T203756, end_date=20221211T203801
[2022-12-11 20:38:01,771] {local_task_job.py:156} INFO - Task exited with return code 0
[2022-12-11 20:38:02,172] {local_task_job.py:273} INFO - 1 downstream tasks scheduled from follow-on schedule check
