[2022-12-11 15:28:02,925] {taskinstance.py:1159} INFO - Dependencies all met for <TaskInstance: first_dag.hello_task manual__2022-12-11T15:28:01.898882+00:00 [queued]>
[2022-12-11 15:28:02,965] {taskinstance.py:1159} INFO - Dependencies all met for <TaskInstance: first_dag.hello_task manual__2022-12-11T15:28:01.898882+00:00 [queued]>
[2022-12-11 15:28:02,967] {taskinstance.py:1356} INFO - 
--------------------------------------------------------------------------------
[2022-12-11 15:28:02,972] {taskinstance.py:1357} INFO - Starting attempt 1 of 1
[2022-12-11 15:28:02,975] {taskinstance.py:1358} INFO - 
--------------------------------------------------------------------------------
[2022-12-11 15:28:03,039] {taskinstance.py:1377} INFO - Executing <Task(BashOperator): hello_task> on 2022-12-11 15:28:01.898882+00:00
[2022-12-11 15:28:03,049] {standard_task_runner.py:52} INFO - Started process 2682 to run task
[2022-12-11 15:28:03,065] {standard_task_runner.py:79} INFO - Running: ['***', 'tasks', 'run', 'first_dag', 'hello_task', 'manual__2022-12-11T15:28:01.898882+00:00', '--job-id', '929', '--raw', '--subdir', 'DAGS_FOLDER/first-dag.py', '--cfg-path', '/tmp/tmpgbptvw6c', '--error-file', '/tmp/tmpf5f9zv_f']
[2022-12-11 15:28:03,073] {standard_task_runner.py:80} INFO - Job 929: Subtask hello_task
[2022-12-11 15:28:03,205] {task_command.py:369} INFO - Running <TaskInstance: first_dag.hello_task manual__2022-12-11T15:28:01.898882+00:00 [running]> on host 7e39590a7807
[2022-12-11 15:28:03,367] {taskinstance.py:1571} INFO - Exporting the following env vars:
AIRFLOW_CTX_DAG_OWNER=***
AIRFLOW_CTX_DAG_ID=first_dag
AIRFLOW_CTX_TASK_ID=hello_task
AIRFLOW_CTX_EXECUTION_DATE=2022-12-11T15:28:01.898882+00:00
AIRFLOW_CTX_TRY_NUMBER=1
AIRFLOW_CTX_DAG_RUN_ID=manual__2022-12-11T15:28:01.898882+00:00
[2022-12-11 15:28:03,373] {subprocess.py:62} INFO - Tmp dir root location: 
 /tmp
[2022-12-11 15:28:03,377] {subprocess.py:74} INFO - Running command: ['bash', '-c', 'echo hello']
[2022-12-11 15:28:03,396] {subprocess.py:85} INFO - Output:
[2022-12-11 15:28:03,409] {subprocess.py:92} INFO - hello
[2022-12-11 15:28:03,414] {subprocess.py:96} INFO - Command exited with return code 0
[2022-12-11 15:28:03,475] {taskinstance.py:1400} INFO - Marking task as SUCCESS. dag_id=first_dag, task_id=hello_task, execution_date=20221211T152801, start_date=20221211T152802, end_date=20221211T152803
[2022-12-11 15:28:03,527] {local_task_job.py:156} INFO - Task exited with return code 0
[2022-12-11 15:28:03,601] {local_task_job.py:273} INFO - 1 downstream tasks scheduled from follow-on schedule check
