[2022-12-11 20:29:29,187] {taskinstance.py:1159} INFO - Dependencies all met for <TaskInstance: first_dag.generate_two_int_task manual__2022-12-11T20:29:06.364170+00:00 [queued]>
[2022-12-11 20:29:29,393] {taskinstance.py:1159} INFO - Dependencies all met for <TaskInstance: first_dag.generate_two_int_task manual__2022-12-11T20:29:06.364170+00:00 [queued]>
[2022-12-11 20:29:29,397] {taskinstance.py:1356} INFO - 
--------------------------------------------------------------------------------
[2022-12-11 20:29:29,417] {taskinstance.py:1357} INFO - Starting attempt 1 of 1
[2022-12-11 20:29:29,425] {taskinstance.py:1358} INFO - 
--------------------------------------------------------------------------------
[2022-12-11 20:29:29,574] {taskinstance.py:1377} INFO - Executing <Task(PythonOperator): generate_two_int_task> on 2022-12-11 20:29:06.364170+00:00
[2022-12-11 20:29:29,600] {standard_task_runner.py:52} INFO - Started process 6003 to run task
[2022-12-11 20:29:29,670] {standard_task_runner.py:79} INFO - Running: ['***', 'tasks', 'run', 'first_dag', 'generate_two_int_task', 'manual__2022-12-11T20:29:06.364170+00:00', '--job-id', '1444', '--raw', '--subdir', 'DAGS_FOLDER/first-dag.py', '--cfg-path', '/tmp/tmpdso2y2h6', '--error-file', '/tmp/tmp4ofeui3o']
[2022-12-11 20:29:29,688] {standard_task_runner.py:80} INFO - Job 1444: Subtask generate_two_int_task
[2022-12-11 20:29:29,894] {task_command.py:369} INFO - Running <TaskInstance: first_dag.generate_two_int_task manual__2022-12-11T20:29:06.364170+00:00 [running]> on host 7e39590a7807
[2022-12-11 20:29:30,122] {taskinstance.py:1571} INFO - Exporting the following env vars:
AIRFLOW_CTX_DAG_OWNER=***
AIRFLOW_CTX_DAG_ID=first_dag
AIRFLOW_CTX_TASK_ID=generate_two_int_task
AIRFLOW_CTX_EXECUTION_DATE=2022-12-11T20:29:06.364170+00:00
AIRFLOW_CTX_TRY_NUMBER=1
AIRFLOW_CTX_DAG_RUN_ID=manual__2022-12-11T20:29:06.364170+00:00
[2022-12-11 20:29:30,147] {python.py:173} INFO - Done. Returned value was: None
[2022-12-11 20:29:30,185] {taskinstance.py:1400} INFO - Marking task as SUCCESS. dag_id=first_dag, task_id=generate_two_int_task, execution_date=20221211T202906, start_date=20221211T202929, end_date=20221211T202930
[2022-12-11 20:29:30,234] {local_task_job.py:156} INFO - Task exited with return code 0
[2022-12-11 20:29:30,364] {local_task_job.py:273} INFO - 1 downstream tasks scheduled from follow-on schedule check
