[2022-12-11 20:23:18,590] {taskinstance.py:1159} INFO - Dependencies all met for <TaskInstance: first_dag.hello_task manual__2022-12-11T20:23:17.573147+00:00 [queued]>
[2022-12-11 20:23:18,610] {taskinstance.py:1159} INFO - Dependencies all met for <TaskInstance: first_dag.hello_task manual__2022-12-11T20:23:17.573147+00:00 [queued]>
[2022-12-11 20:23:18,611] {taskinstance.py:1356} INFO - 
--------------------------------------------------------------------------------
[2022-12-11 20:23:18,612] {taskinstance.py:1357} INFO - Starting attempt 1 of 1
[2022-12-11 20:23:18,614] {taskinstance.py:1358} INFO - 
--------------------------------------------------------------------------------
[2022-12-11 20:23:18,638] {taskinstance.py:1377} INFO - Executing <Task(BashOperator): hello_task> on 2022-12-11 20:23:17.573147+00:00
[2022-12-11 20:23:18,654] {standard_task_runner.py:52} INFO - Started process 5795 to run task
[2022-12-11 20:23:18,672] {standard_task_runner.py:79} INFO - Running: ['***', 'tasks', 'run', 'first_dag', 'hello_task', 'manual__2022-12-11T20:23:17.573147+00:00', '--job-id', '1382', '--raw', '--subdir', 'DAGS_FOLDER/first-dag.py', '--cfg-path', '/tmp/tmpsuvpykw6', '--error-file', '/tmp/tmpqr_ngv57']
[2022-12-11 20:23:18,675] {standard_task_runner.py:80} INFO - Job 1382: Subtask hello_task
[2022-12-11 20:23:18,840] {task_command.py:369} INFO - Running <TaskInstance: first_dag.hello_task manual__2022-12-11T20:23:17.573147+00:00 [running]> on host 7e39590a7807
[2022-12-11 20:23:19,021] {taskinstance.py:1571} INFO - Exporting the following env vars:
AIRFLOW_CTX_DAG_OWNER=***
AIRFLOW_CTX_DAG_ID=first_dag
AIRFLOW_CTX_TASK_ID=hello_task
AIRFLOW_CTX_EXECUTION_DATE=2022-12-11T20:23:17.573147+00:00
AIRFLOW_CTX_TRY_NUMBER=1
AIRFLOW_CTX_DAG_RUN_ID=manual__2022-12-11T20:23:17.573147+00:00
[2022-12-11 20:23:19,027] {subprocess.py:62} INFO - Tmp dir root location: 
 /tmp
[2022-12-11 20:23:19,031] {subprocess.py:74} INFO - Running command: ['bash', '-c', 'echo hello']
[2022-12-11 20:23:19,053] {subprocess.py:85} INFO - Output:
[2022-12-11 20:23:19,075] {subprocess.py:92} INFO - hello
[2022-12-11 20:23:19,078] {subprocess.py:96} INFO - Command exited with return code 0
[2022-12-11 20:23:19,138] {taskinstance.py:1400} INFO - Marking task as SUCCESS. dag_id=first_dag, task_id=hello_task, execution_date=20221211T202317, start_date=20221211T202318, end_date=20221211T202319
[2022-12-11 20:23:19,215] {local_task_job.py:156} INFO - Task exited with return code 0
[2022-12-11 20:23:19,362] {local_task_job.py:273} INFO - 0 downstream tasks scheduled from follow-on schedule check
