[2022-12-11 14:42:59,003] {taskinstance.py:1159} INFO - Dependencies all met for <TaskInstance: first_dag.sum_column_task manual__2022-12-11T14:42:53.012916+00:00 [queued]>
[2022-12-11 14:42:59,044] {taskinstance.py:1159} INFO - Dependencies all met for <TaskInstance: first_dag.sum_column_task manual__2022-12-11T14:42:53.012916+00:00 [queued]>
[2022-12-11 14:42:59,046] {taskinstance.py:1356} INFO - 
--------------------------------------------------------------------------------
[2022-12-11 14:42:59,048] {taskinstance.py:1357} INFO - Starting attempt 1 of 1
[2022-12-11 14:42:59,050] {taskinstance.py:1358} INFO - 
--------------------------------------------------------------------------------
[2022-12-11 14:42:59,080] {taskinstance.py:1377} INFO - Executing <Task(PythonOperator): sum_column_task> on 2022-12-11 14:42:53.012916+00:00
[2022-12-11 14:42:59,087] {standard_task_runner.py:52} INFO - Started process 1282 to run task
[2022-12-11 14:42:59,100] {standard_task_runner.py:79} INFO - Running: ['***', 'tasks', 'run', 'first_dag', 'sum_column_task', 'manual__2022-12-11T14:42:53.012916+00:00', '--job-id', '596', '--raw', '--subdir', 'DAGS_FOLDER/first-dag.py', '--cfg-path', '/tmp/tmpn2bm7a8u', '--error-file', '/tmp/tmp21xuwd2d']
[2022-12-11 14:42:59,102] {standard_task_runner.py:80} INFO - Job 596: Subtask sum_column_task
[2022-12-11 14:42:59,198] {task_command.py:369} INFO - Running <TaskInstance: first_dag.sum_column_task manual__2022-12-11T14:42:53.012916+00:00 [running]> on host 7e39590a7807
[2022-12-11 14:42:59,352] {taskinstance.py:1571} INFO - Exporting the following env vars:
AIRFLOW_CTX_DAG_OWNER=***
AIRFLOW_CTX_DAG_ID=first_dag
AIRFLOW_CTX_TASK_ID=sum_column_task
AIRFLOW_CTX_EXECUTION_DATE=2022-12-11T14:42:53.012916+00:00
AIRFLOW_CTX_TRY_NUMBER=1
AIRFLOW_CTX_DAG_RUN_ID=manual__2022-12-11T14:42:53.012916+00:00
[2022-12-11 14:42:59,396] {python.py:173} INFO - Done. Returned value was: None
[2022-12-11 14:42:59,442] {taskinstance.py:1400} INFO - Marking task as SUCCESS. dag_id=first_dag, task_id=sum_column_task, execution_date=20221211T144253, start_date=20221211T144259, end_date=20221211T144259
[2022-12-11 14:42:59,483] {local_task_job.py:156} INFO - Task exited with return code 0
[2022-12-11 14:42:59,564] {local_task_job.py:273} INFO - 1 downstream tasks scheduled from follow-on schedule check
