[2022-12-11 14:40:10,015] {taskinstance.py:1159} INFO - Dependencies all met for <TaskInstance: first_dag.generate_two_int_task manual__2022-12-11T14:40:06.974507+00:00 [queued]>
[2022-12-11 14:40:10,045] {taskinstance.py:1159} INFO - Dependencies all met for <TaskInstance: first_dag.generate_two_int_task manual__2022-12-11T14:40:06.974507+00:00 [queued]>
[2022-12-11 14:40:10,047] {taskinstance.py:1356} INFO - 
--------------------------------------------------------------------------------
[2022-12-11 14:40:10,050] {taskinstance.py:1357} INFO - Starting attempt 1 of 1
[2022-12-11 14:40:10,051] {taskinstance.py:1358} INFO - 
--------------------------------------------------------------------------------
[2022-12-11 14:40:10,092] {taskinstance.py:1377} INFO - Executing <Task(PythonOperator): generate_two_int_task> on 2022-12-11 14:40:06.974507+00:00
[2022-12-11 14:40:10,098] {standard_task_runner.py:52} INFO - Started process 1189 to run task
[2022-12-11 14:40:10,105] {standard_task_runner.py:79} INFO - Running: ['***', 'tasks', 'run', 'first_dag', 'generate_two_int_task', 'manual__2022-12-11T14:40:06.974507+00:00', '--job-id', '574', '--raw', '--subdir', 'DAGS_FOLDER/first-dag.py', '--cfg-path', '/tmp/tmpw8k2t8ow', '--error-file', '/tmp/tmp1a_vm0ro']
[2022-12-11 14:40:10,108] {standard_task_runner.py:80} INFO - Job 574: Subtask generate_two_int_task
[2022-12-11 14:40:10,197] {task_command.py:369} INFO - Running <TaskInstance: first_dag.generate_two_int_task manual__2022-12-11T14:40:06.974507+00:00 [running]> on host 7e39590a7807
[2022-12-11 14:40:10,299] {taskinstance.py:1571} INFO - Exporting the following env vars:
AIRFLOW_CTX_DAG_OWNER=***
AIRFLOW_CTX_DAG_ID=first_dag
AIRFLOW_CTX_TASK_ID=generate_two_int_task
AIRFLOW_CTX_EXECUTION_DATE=2022-12-11T14:40:06.974507+00:00
AIRFLOW_CTX_TRY_NUMBER=1
AIRFLOW_CTX_DAG_RUN_ID=manual__2022-12-11T14:40:06.974507+00:00
[2022-12-11 14:40:10,317] {python.py:173} INFO - Done. Returned value was: None
[2022-12-11 14:40:10,337] {taskinstance.py:1400} INFO - Marking task as SUCCESS. dag_id=first_dag, task_id=generate_two_int_task, execution_date=20221211T144006, start_date=20221211T144010, end_date=20221211T144010
[2022-12-11 14:40:10,401] {local_task_job.py:156} INFO - Task exited with return code 0
[2022-12-11 14:40:10,465] {local_task_job.py:273} INFO - 1 downstream tasks scheduled from follow-on schedule check
