[2022-12-11 19:44:19,345] {taskinstance.py:1159} INFO - Dependencies all met for <TaskInstance: first_dag.wait_for_file manual__2022-12-11T19:44:11.012625+00:00 [queued]>
[2022-12-11 19:44:19,448] {taskinstance.py:1159} INFO - Dependencies all met for <TaskInstance: first_dag.wait_for_file manual__2022-12-11T19:44:11.012625+00:00 [queued]>
[2022-12-11 19:44:19,450] {taskinstance.py:1356} INFO - 
--------------------------------------------------------------------------------
[2022-12-11 19:44:19,452] {taskinstance.py:1357} INFO - Starting attempt 1 of 3
[2022-12-11 19:44:19,454] {taskinstance.py:1358} INFO - 
--------------------------------------------------------------------------------
[2022-12-11 19:44:19,550] {taskinstance.py:1377} INFO - Executing <Task(PythonSensor): wait_for_file> on 2022-12-11 19:44:11.012625+00:00
[2022-12-11 19:44:19,556] {standard_task_runner.py:52} INFO - Started process 5093 to run task
[2022-12-11 19:44:19,580] {standard_task_runner.py:79} INFO - Running: ['***', 'tasks', 'run', 'first_dag', 'wait_for_file', 'manual__2022-12-11T19:44:11.012625+00:00', '--job-id', '1262', '--raw', '--subdir', 'DAGS_FOLDER/first-dag.py', '--cfg-path', '/tmp/tmpkk2srmka', '--error-file', '/tmp/tmptxxmfosb']
[2022-12-11 19:44:19,590] {standard_task_runner.py:80} INFO - Job 1262: Subtask wait_for_file
[2022-12-11 19:44:19,746] {task_command.py:369} INFO - Running <TaskInstance: first_dag.wait_for_file manual__2022-12-11T19:44:11.012625+00:00 [running]> on host 7e39590a7807
[2022-12-11 19:44:19,917] {taskinstance.py:1571} INFO - Exporting the following env vars:
AIRFLOW_CTX_DAG_OWNER=***
AIRFLOW_CTX_DAG_ID=first_dag
AIRFLOW_CTX_TASK_ID=wait_for_file
AIRFLOW_CTX_EXECUTION_DATE=2022-12-11T19:44:11.012625+00:00
AIRFLOW_CTX_TRY_NUMBER=1
AIRFLOW_CTX_DAG_RUN_ID=manual__2022-12-11T19:44:11.012625+00:00
[2022-12-11 19:44:19,919] {python.py:66} INFO - Poking callable: <function _wait_for_file at 0x7f6cec7ac200>
[2022-12-11 19:44:19,952] {logging_mixin.py:115} INFO - _wait_for_file True
[2022-12-11 19:44:19,953] {logging_mixin.py:115} INFO - total attempt 0
[2022-12-11 19:44:40,232] {python.py:66} INFO - Poking callable: <function _wait_for_file at 0x7f6cec7ac200>
[2022-12-11 19:44:40,259] {logging_mixin.py:115} INFO - _wait_for_file True
[2022-12-11 19:44:40,261] {logging_mixin.py:115} INFO - total attempt 0
[2022-12-11 19:44:59,964] {python.py:66} INFO - Poking callable: <function _wait_for_file at 0x7f6cec7ac200>
[2022-12-11 19:45:00,026] {logging_mixin.py:115} INFO - _wait_for_file True
[2022-12-11 19:45:00,029] {logging_mixin.py:115} INFO - total attempt 0
[2022-12-11 19:45:00,034] {base.py:301} INFO - Success criteria met. Exiting.
[2022-12-11 19:45:00,183] {taskinstance.py:1400} INFO - Marking task as SUCCESS. dag_id=first_dag, task_id=wait_for_file, execution_date=20221211T194411, start_date=20221211T194419, end_date=20221211T194500
[2022-12-11 19:45:00,315] {local_task_job.py:156} INFO - Task exited with return code 0
[2022-12-11 19:45:00,452] {local_task_job.py:273} INFO - 1 downstream tasks scheduled from follow-on schedule check
