[2022-12-04 16:42:20,084] {taskinstance.py:1159} INFO - Dependencies all met for <TaskInstance: first_dag.world scheduled__2022-01-28T00:00:00+00:00 [queued]>
[2022-12-04 16:42:20,192] {taskinstance.py:1159} INFO - Dependencies all met for <TaskInstance: first_dag.world scheduled__2022-01-28T00:00:00+00:00 [queued]>
[2022-12-04 16:42:20,205] {taskinstance.py:1356} INFO - 
--------------------------------------------------------------------------------
[2022-12-04 16:42:20,206] {taskinstance.py:1357} INFO - Starting attempt 1 of 1
[2022-12-04 16:42:20,209] {taskinstance.py:1358} INFO - 
--------------------------------------------------------------------------------
[2022-12-04 16:42:20,342] {taskinstance.py:1377} INFO - Executing <Task(PythonOperator): world> on 2022-01-28 00:00:00+00:00
[2022-12-04 16:42:20,363] {standard_task_runner.py:52} INFO - Started process 924 to run task
[2022-12-04 16:42:20,387] {standard_task_runner.py:79} INFO - Running: ['***', 'tasks', 'run', 'first_dag', 'world', 'scheduled__2022-01-28T00:00:00+00:00', '--job-id', '167', '--raw', '--subdir', 'DAGS_FOLDER/first-dag.py', '--cfg-path', '/tmp/tmpzwdtrdw_', '--error-file', '/tmp/tmp1j3ov4m4']
[2022-12-04 16:42:20,389] {standard_task_runner.py:80} INFO - Job 167: Subtask world
[2022-12-04 16:42:20,724] {task_command.py:369} INFO - Running <TaskInstance: first_dag.world scheduled__2022-01-28T00:00:00+00:00 [running]> on host fb90b48d1471
[2022-12-04 16:42:21,287] {taskinstance.py:1571} INFO - Exporting the following env vars:
AIRFLOW_CTX_DAG_OWNER=***
AIRFLOW_CTX_DAG_ID=first_dag
AIRFLOW_CTX_TASK_ID=world
AIRFLOW_CTX_EXECUTION_DATE=2022-01-28T00:00:00+00:00
AIRFLOW_CTX_TRY_NUMBER=1
AIRFLOW_CTX_DAG_RUN_ID=scheduled__2022-01-28T00:00:00+00:00
[2022-12-04 16:42:21,291] {logging_mixin.py:115} INFO - Airflow
[2022-12-04 16:42:21,291] {python.py:173} INFO - Done. Returned value was: None
[2022-12-04 16:42:21,376] {taskinstance.py:1400} INFO - Marking task as SUCCESS. dag_id=first_dag, task_id=world, execution_date=20220128T000000, start_date=20221204T164220, end_date=20221204T164221
[2022-12-04 16:42:21,497] {local_task_job.py:156} INFO - Task exited with return code 0
[2022-12-04 16:42:21,794] {local_task_job.py:273} INFO - 0 downstream tasks scheduled from follow-on schedule check
