[2022-12-10 17:09:14,889] {taskinstance.py:1159} INFO - Dependencies all met for <TaskInstance: first_dag.hello_task scheduled__2022-12-04T00:00:00+00:00 [queued]>
[2022-12-10 17:09:14,926] {taskinstance.py:1159} INFO - Dependencies all met for <TaskInstance: first_dag.hello_task scheduled__2022-12-04T00:00:00+00:00 [queued]>
[2022-12-10 17:09:14,927] {taskinstance.py:1356} INFO - 
--------------------------------------------------------------------------------
[2022-12-10 17:09:14,929] {taskinstance.py:1357} INFO - Starting attempt 1 of 1
[2022-12-10 17:09:14,931] {taskinstance.py:1358} INFO - 
--------------------------------------------------------------------------------
[2022-12-10 17:09:14,958] {taskinstance.py:1377} INFO - Executing <Task(BashOperator): hello_task> on 2022-12-04 00:00:00+00:00
[2022-12-10 17:09:14,971] {standard_task_runner.py:52} INFO - Started process 184 to run task
[2022-12-10 17:09:14,985] {standard_task_runner.py:79} INFO - Running: ['***', 'tasks', 'run', 'first_dag', 'hello_task', 'scheduled__2022-12-04T00:00:00+00:00', '--job-id', '305', '--raw', '--subdir', 'DAGS_FOLDER/first-dag.py', '--cfg-path', '/tmp/tmpo1fypwom', '--error-file', '/tmp/tmpg47wmph0']
[2022-12-10 17:09:14,988] {standard_task_runner.py:80} INFO - Job 305: Subtask hello_task
[2022-12-10 17:09:15,274] {task_command.py:369} INFO - Running <TaskInstance: first_dag.hello_task scheduled__2022-12-04T00:00:00+00:00 [running]> on host 4393b4454aa8
[2022-12-10 17:09:15,880] {taskinstance.py:1571} INFO - Exporting the following env vars:
AIRFLOW_CTX_DAG_OWNER=***
AIRFLOW_CTX_DAG_ID=first_dag
AIRFLOW_CTX_TASK_ID=hello_task
AIRFLOW_CTX_EXECUTION_DATE=2022-12-04T00:00:00+00:00
AIRFLOW_CTX_TRY_NUMBER=1
AIRFLOW_CTX_DAG_RUN_ID=scheduled__2022-12-04T00:00:00+00:00
[2022-12-10 17:09:15,894] {subprocess.py:62} INFO - Tmp dir root location: 
 /tmp
[2022-12-10 17:09:15,898] {subprocess.py:74} INFO - Running command: ['bash', '-c', 'echo hello']
[2022-12-10 17:09:16,090] {subprocess.py:85} INFO - Output:
[2022-12-10 17:09:16,144] {subprocess.py:92} INFO - hello
[2022-12-10 17:09:16,148] {subprocess.py:96} INFO - Command exited with return code 0
[2022-12-10 17:09:16,275] {taskinstance.py:1400} INFO - Marking task as SUCCESS. dag_id=first_dag, task_id=hello_task, execution_date=20221204T000000, start_date=20221210T170914, end_date=20221210T170916
[2022-12-10 17:09:16,434] {local_task_job.py:156} INFO - Task exited with return code 0
[2022-12-10 17:09:16,927] {local_task_job.py:273} INFO - 1 downstream tasks scheduled from follow-on schedule check
