[2022-12-04 18:35:18,867] {taskinstance.py:1159} INFO - Dependencies all met for <TaskInstance: first_dag.generate_two_int_task manual__2022-12-04T18:35:14.765407+00:00 [queued]>
[2022-12-04 18:35:18,881] {taskinstance.py:1159} INFO - Dependencies all met for <TaskInstance: first_dag.generate_two_int_task manual__2022-12-04T18:35:14.765407+00:00 [queued]>
[2022-12-04 18:35:18,883] {taskinstance.py:1356} INFO - 
--------------------------------------------------------------------------------
[2022-12-04 18:35:18,884] {taskinstance.py:1357} INFO - Starting attempt 1 of 1
[2022-12-04 18:35:18,885] {taskinstance.py:1358} INFO - 
--------------------------------------------------------------------------------
[2022-12-04 18:35:18,904] {taskinstance.py:1377} INFO - Executing <Task(PythonOperator): generate_two_int_task> on 2022-12-04 18:35:14.765407+00:00
[2022-12-04 18:35:18,909] {standard_task_runner.py:52} INFO - Started process 2019 to run task
[2022-12-04 18:35:18,913] {standard_task_runner.py:79} INFO - Running: ['***', 'tasks', 'run', 'first_dag', 'generate_two_int_task', 'manual__2022-12-04T18:35:14.765407+00:00', '--job-id', '224', '--raw', '--subdir', 'DAGS_FOLDER/first-dag.py', '--cfg-path', '/tmp/tmpln9cihw6', '--error-file', '/tmp/tmpvh94su_g']
[2022-12-04 18:35:18,915] {standard_task_runner.py:80} INFO - Job 224: Subtask generate_two_int_task
[2022-12-04 18:35:18,991] {task_command.py:369} INFO - Running <TaskInstance: first_dag.generate_two_int_task manual__2022-12-04T18:35:14.765407+00:00 [running]> on host fb90b48d1471
[2022-12-04 18:35:19,087] {taskinstance.py:1571} INFO - Exporting the following env vars:
AIRFLOW_CTX_DAG_OWNER=***
AIRFLOW_CTX_DAG_ID=first_dag
AIRFLOW_CTX_TASK_ID=generate_two_int_task
AIRFLOW_CTX_EXECUTION_DATE=2022-12-04T18:35:14.765407+00:00
AIRFLOW_CTX_TRY_NUMBER=1
AIRFLOW_CTX_DAG_RUN_ID=manual__2022-12-04T18:35:14.765407+00:00
[2022-12-04 18:35:19,108] {python.py:173} INFO - Done. Returned value was: None
[2022-12-04 18:35:19,128] {taskinstance.py:1400} INFO - Marking task as SUCCESS. dag_id=first_dag, task_id=generate_two_int_task, execution_date=20221204T183514, start_date=20221204T183518, end_date=20221204T183519
[2022-12-04 18:35:19,177] {local_task_job.py:156} INFO - Task exited with return code 0
[2022-12-04 18:35:19,229] {local_task_job.py:273} INFO - 0 downstream tasks scheduled from follow-on schedule check
